14:50:26,791 INFO SeBS-84b8: Created experiment output at /home/anou/msc-thesis/task-based-experiment/experiment-results/nodejs/non-instrumented/501.graph-pagerank
14:50:27,141 INFO OpenWhisk.Resources-a47c: Using user-provided configuration of storage for OpenWhisk.
14:50:27,141 INFO OpenWhisk-a7dc: Using existing resource name: 8504288e.
14:50:27,143 INFO Benchmark-9c0f: Using cached benchmark 501.graph-pagerank at /home/anou/msc-thesis/task-based-experiment/cache/501.graph-pagerank/openwhisk/nodejs/12/501.graph-pagerank.zip
14:50:27,143 INFO OpenWhisk-a7dc: Using cached function 501.graph-pagerank-nodejs-12 in /home/anou/msc-thesis/task-based-experiment/cache/501.graph-pagerank/openwhisk/nodejs/12/501.graph-pagerank.zip
14:50:27,159 INFO OpenWhisk-a7dc: Cached function 501.graph-pagerank-nodejs-12 is up to date.
14:50:27,161 INFO Experiment.PerfCost-eae5: Begin experiment on memory size 512
14:50:27,161 INFO OpenWhisk-a7dc: Update an existing OpenWhisk action 501.graph-pagerank-nodejs-12.
14:50:27,358 INFO Experiment.PerfCost-eae5: Begin warm experiments
14:50:34,843 INFO Experiment.PerfCost-eae5: Processed 0 warm-up samples, ignoring these results.
14:50:44,964 INFO Experiment.PerfCost-eae5: Processed 10 samples out of 10000, 0 errors
14:50:55,73 INFO Experiment.PerfCost-eae5: Processed 20 samples out of 10000, 0 errors
14:51:05,175 INFO Experiment.PerfCost-eae5: Processed 30 samples out of 10000, 0 errors
14:51:15,275 INFO Experiment.PerfCost-eae5: Processed 40 samples out of 10000, 0 errors
14:51:25,382 INFO Experiment.PerfCost-eae5: Processed 50 samples out of 10000, 0 errors
14:51:35,477 INFO Experiment.PerfCost-eae5: Processed 60 samples out of 10000, 0 errors
14:51:45,584 INFO Experiment.PerfCost-eae5: Processed 70 samples out of 10000, 0 errors
14:51:55,692 INFO Experiment.PerfCost-eae5: Processed 80 samples out of 10000, 0 errors
14:52:05,785 INFO Experiment.PerfCost-eae5: Processed 90 samples out of 10000, 0 errors
14:52:15,894 INFO Experiment.PerfCost-eae5: Processed 100 samples out of 10000, 0 errors
14:52:26,3 INFO Experiment.PerfCost-eae5: Processed 110 samples out of 10000, 0 errors
14:52:36,103 INFO Experiment.PerfCost-eae5: Processed 120 samples out of 10000, 0 errors
14:52:46,203 INFO Experiment.PerfCost-eae5: Processed 130 samples out of 10000, 0 errors
14:52:56,313 INFO Experiment.PerfCost-eae5: Processed 140 samples out of 10000, 0 errors
14:53:06,415 INFO Experiment.PerfCost-eae5: Processed 150 samples out of 10000, 0 errors
14:53:16,519 INFO Experiment.PerfCost-eae5: Processed 160 samples out of 10000, 0 errors
14:53:26,623 INFO Experiment.PerfCost-eae5: Processed 170 samples out of 10000, 0 errors
14:53:36,729 INFO Experiment.PerfCost-eae5: Processed 180 samples out of 10000, 0 errors
14:53:46,845 INFO Experiment.PerfCost-eae5: Processed 190 samples out of 10000, 0 errors
14:53:56,944 INFO Experiment.PerfCost-eae5: Processed 200 samples out of 10000, 0 errors
14:54:07,48 INFO Experiment.PerfCost-eae5: Processed 210 samples out of 10000, 0 errors
14:54:17,152 INFO Experiment.PerfCost-eae5: Processed 220 samples out of 10000, 0 errors
14:54:27,256 INFO Experiment.PerfCost-eae5: Processed 230 samples out of 10000, 0 errors
14:54:37,358 INFO Experiment.PerfCost-eae5: Processed 240 samples out of 10000, 0 errors
14:54:47,461 INFO Experiment.PerfCost-eae5: Processed 250 samples out of 10000, 0 errors
14:54:57,566 INFO Experiment.PerfCost-eae5: Processed 260 samples out of 10000, 0 errors
14:55:07,664 INFO Experiment.PerfCost-eae5: Processed 270 samples out of 10000, 0 errors
14:55:17,761 INFO Experiment.PerfCost-eae5: Processed 280 samples out of 10000, 0 errors
14:55:27,856 INFO Experiment.PerfCost-eae5: Processed 290 samples out of 10000, 0 errors
14:55:37,992 INFO Experiment.PerfCost-eae5: Processed 300 samples out of 10000, 0 errors
14:55:48,90 INFO Experiment.PerfCost-eae5: Processed 310 samples out of 10000, 0 errors
14:55:58,187 INFO Experiment.PerfCost-eae5: Processed 320 samples out of 10000, 0 errors
14:56:08,297 INFO Experiment.PerfCost-eae5: Processed 330 samples out of 10000, 0 errors
14:56:18,388 INFO Experiment.PerfCost-eae5: Processed 340 samples out of 10000, 0 errors
14:56:28,486 INFO Experiment.PerfCost-eae5: Processed 350 samples out of 10000, 0 errors
14:56:38,585 INFO Experiment.PerfCost-eae5: Processed 360 samples out of 10000, 0 errors
14:56:48,686 INFO Experiment.PerfCost-eae5: Processed 370 samples out of 10000, 0 errors
14:56:58,785 INFO Experiment.PerfCost-eae5: Processed 380 samples out of 10000, 0 errors
14:57:08,891 INFO Experiment.PerfCost-eae5: Processed 390 samples out of 10000, 0 errors
14:57:19,4 INFO Experiment.PerfCost-eae5: Processed 400 samples out of 10000, 0 errors
14:57:29,133 INFO Experiment.PerfCost-eae5: Processed 410 samples out of 10000, 0 errors
14:57:39,265 INFO Experiment.PerfCost-eae5: Processed 420 samples out of 10000, 0 errors
14:57:49,365 INFO Experiment.PerfCost-eae5: Processed 430 samples out of 10000, 0 errors
14:57:59,472 INFO Experiment.PerfCost-eae5: Processed 440 samples out of 10000, 0 errors
14:58:09,574 INFO Experiment.PerfCost-eae5: Processed 450 samples out of 10000, 0 errors
14:58:19,672 INFO Experiment.PerfCost-eae5: Processed 460 samples out of 10000, 0 errors
14:58:29,770 INFO Experiment.PerfCost-eae5: Processed 470 samples out of 10000, 0 errors
14:58:39,872 INFO Experiment.PerfCost-eae5: Processed 480 samples out of 10000, 0 errors
14:58:49,968 INFO Experiment.PerfCost-eae5: Processed 490 samples out of 10000, 0 errors
14:59:00,75 INFO Experiment.PerfCost-eae5: Processed 500 samples out of 10000, 0 errors
14:59:10,170 INFO Experiment.PerfCost-eae5: Processed 510 samples out of 10000, 0 errors
14:59:20,277 INFO Experiment.PerfCost-eae5: Processed 520 samples out of 10000, 0 errors
14:59:30,366 INFO Experiment.PerfCost-eae5: Processed 530 samples out of 10000, 0 errors
14:59:40,469 INFO Experiment.PerfCost-eae5: Processed 540 samples out of 10000, 0 errors
14:59:50,580 INFO Experiment.PerfCost-eae5: Processed 550 samples out of 10000, 0 errors
15:00:00,687 INFO Experiment.PerfCost-eae5: Processed 560 samples out of 10000, 0 errors
15:00:10,803 INFO Experiment.PerfCost-eae5: Processed 570 samples out of 10000, 0 errors
15:00:20,907 INFO Experiment.PerfCost-eae5: Processed 580 samples out of 10000, 0 errors
15:00:31,11 INFO Experiment.PerfCost-eae5: Processed 590 samples out of 10000, 0 errors
15:00:41,147 INFO Experiment.PerfCost-eae5: Processed 600 samples out of 10000, 0 errors
15:00:51,254 INFO Experiment.PerfCost-eae5: Processed 610 samples out of 10000, 0 errors
15:01:01,349 INFO Experiment.PerfCost-eae5: Processed 620 samples out of 10000, 0 errors
15:01:11,450 INFO Experiment.PerfCost-eae5: Processed 630 samples out of 10000, 0 errors
15:01:21,556 INFO Experiment.PerfCost-eae5: Processed 640 samples out of 10000, 0 errors
15:01:31,652 INFO Experiment.PerfCost-eae5: Processed 650 samples out of 10000, 0 errors
15:01:41,752 INFO Experiment.PerfCost-eae5: Processed 660 samples out of 10000, 0 errors
15:01:51,841 INFO Experiment.PerfCost-eae5: Processed 670 samples out of 10000, 0 errors
15:02:01,947 INFO Experiment.PerfCost-eae5: Processed 680 samples out of 10000, 0 errors
15:02:12,86 INFO Experiment.PerfCost-eae5: Processed 690 samples out of 10000, 0 errors
15:02:22,187 INFO Experiment.PerfCost-eae5: Processed 700 samples out of 10000, 0 errors
15:02:32,297 INFO Experiment.PerfCost-eae5: Processed 710 samples out of 10000, 0 errors
15:02:42,390 INFO Experiment.PerfCost-eae5: Processed 720 samples out of 10000, 0 errors
15:02:52,486 INFO Experiment.PerfCost-eae5: Processed 730 samples out of 10000, 0 errors
15:03:02,584 INFO Experiment.PerfCost-eae5: Processed 740 samples out of 10000, 0 errors
15:03:12,682 INFO Experiment.PerfCost-eae5: Processed 750 samples out of 10000, 0 errors
15:03:22,780 INFO Experiment.PerfCost-eae5: Processed 760 samples out of 10000, 0 errors
15:03:32,873 INFO Experiment.PerfCost-eae5: Processed 770 samples out of 10000, 0 errors
15:03:42,966 INFO Experiment.PerfCost-eae5: Processed 780 samples out of 10000, 0 errors
15:03:53,98 INFO Experiment.PerfCost-eae5: Processed 790 samples out of 10000, 0 errors
15:04:03,200 INFO Experiment.PerfCost-eae5: Processed 800 samples out of 10000, 0 errors
15:04:13,290 INFO Experiment.PerfCost-eae5: Processed 810 samples out of 10000, 0 errors
15:04:23,382 INFO Experiment.PerfCost-eae5: Processed 820 samples out of 10000, 0 errors
15:04:33,486 INFO Experiment.PerfCost-eae5: Processed 830 samples out of 10000, 0 errors
15:04:43,593 INFO Experiment.PerfCost-eae5: Processed 840 samples out of 10000, 0 errors
15:04:53,678 INFO Experiment.PerfCost-eae5: Processed 850 samples out of 10000, 0 errors
15:05:03,801 INFO Experiment.PerfCost-eae5: Processed 860 samples out of 10000, 0 errors
15:05:13,901 INFO Experiment.PerfCost-eae5: Processed 870 samples out of 10000, 0 errors
15:05:23,987 INFO Experiment.PerfCost-eae5: Processed 880 samples out of 10000, 0 errors
15:05:34,78 INFO Experiment.PerfCost-eae5: Processed 890 samples out of 10000, 0 errors
15:05:44,213 INFO Experiment.PerfCost-eae5: Processed 900 samples out of 10000, 0 errors
15:05:54,340 INFO Experiment.PerfCost-eae5: Processed 910 samples out of 10000, 0 errors
15:06:04,421 INFO Experiment.PerfCost-eae5: Processed 920 samples out of 10000, 0 errors
15:06:14,519 INFO Experiment.PerfCost-eae5: Processed 930 samples out of 10000, 0 errors
15:06:24,620 INFO Experiment.PerfCost-eae5: Processed 940 samples out of 10000, 0 errors
15:06:34,710 INFO Experiment.PerfCost-eae5: Processed 950 samples out of 10000, 0 errors
15:06:44,801 INFO Experiment.PerfCost-eae5: Processed 960 samples out of 10000, 0 errors
15:06:54,899 INFO Experiment.PerfCost-eae5: Processed 970 samples out of 10000, 0 errors
15:07:04,986 INFO Experiment.PerfCost-eae5: Processed 980 samples out of 10000, 0 errors
15:07:15,79 INFO Experiment.PerfCost-eae5: Processed 990 samples out of 10000, 0 errors
15:07:25,183 INFO Experiment.PerfCost-eae5: Processed 1000 samples out of 10000, 0 errors
15:07:35,280 INFO Experiment.PerfCost-eae5: Processed 1010 samples out of 10000, 0 errors
15:07:45,377 INFO Experiment.PerfCost-eae5: Processed 1020 samples out of 10000, 0 errors
15:07:55,473 INFO Experiment.PerfCost-eae5: Processed 1030 samples out of 10000, 0 errors
15:08:05,566 INFO Experiment.PerfCost-eae5: Processed 1040 samples out of 10000, 0 errors
15:08:15,662 INFO Experiment.PerfCost-eae5: Processed 1050 samples out of 10000, 0 errors
15:08:25,761 INFO Experiment.PerfCost-eae5: Processed 1060 samples out of 10000, 0 errors
15:08:35,856 INFO Experiment.PerfCost-eae5: Processed 1070 samples out of 10000, 0 errors
15:08:45,953 INFO Experiment.PerfCost-eae5: Processed 1080 samples out of 10000, 0 errors
15:08:56,49 INFO Experiment.PerfCost-eae5: Processed 1090 samples out of 10000, 0 errors
15:09:06,135 INFO Experiment.PerfCost-eae5: Processed 1100 samples out of 10000, 0 errors
15:09:16,234 INFO Experiment.PerfCost-eae5: Processed 1110 samples out of 10000, 0 errors
15:09:26,326 INFO Experiment.PerfCost-eae5: Processed 1120 samples out of 10000, 0 errors
15:09:36,421 INFO Experiment.PerfCost-eae5: Processed 1130 samples out of 10000, 0 errors
15:09:46,510 INFO Experiment.PerfCost-eae5: Processed 1140 samples out of 10000, 0 errors
15:09:56,605 INFO Experiment.PerfCost-eae5: Processed 1150 samples out of 10000, 0 errors
15:10:06,704 INFO Experiment.PerfCost-eae5: Processed 1160 samples out of 10000, 0 errors
15:10:16,800 INFO Experiment.PerfCost-eae5: Processed 1170 samples out of 10000, 0 errors
15:10:26,891 INFO Experiment.PerfCost-eae5: Processed 1180 samples out of 10000, 0 errors
15:10:36,989 INFO Experiment.PerfCost-eae5: Processed 1190 samples out of 10000, 0 errors
15:10:47,130 INFO Experiment.PerfCost-eae5: Processed 1200 samples out of 10000, 0 errors
15:10:57,222 INFO Experiment.PerfCost-eae5: Processed 1210 samples out of 10000, 0 errors
15:11:07,329 INFO Experiment.PerfCost-eae5: Processed 1220 samples out of 10000, 0 errors
15:11:17,427 INFO Experiment.PerfCost-eae5: Processed 1230 samples out of 10000, 0 errors
15:11:27,519 INFO Experiment.PerfCost-eae5: Processed 1240 samples out of 10000, 0 errors
15:11:37,621 INFO Experiment.PerfCost-eae5: Processed 1250 samples out of 10000, 0 errors
15:11:47,716 INFO Experiment.PerfCost-eae5: Processed 1260 samples out of 10000, 0 errors
15:11:57,810 INFO Experiment.PerfCost-eae5: Processed 1270 samples out of 10000, 0 errors
15:12:07,902 INFO Experiment.PerfCost-eae5: Processed 1280 samples out of 10000, 0 errors
15:12:17,993 INFO Experiment.PerfCost-eae5: Processed 1290 samples out of 10000, 0 errors
15:12:28,83 INFO Experiment.PerfCost-eae5: Processed 1300 samples out of 10000, 0 errors
15:12:38,186 INFO Experiment.PerfCost-eae5: Processed 1310 samples out of 10000, 0 errors
15:12:48,285 INFO Experiment.PerfCost-eae5: Processed 1320 samples out of 10000, 0 errors
15:12:58,380 INFO Experiment.PerfCost-eae5: Processed 1330 samples out of 10000, 0 errors
15:13:08,471 INFO Experiment.PerfCost-eae5: Processed 1340 samples out of 10000, 0 errors
15:13:18,570 INFO Experiment.PerfCost-eae5: Processed 1350 samples out of 10000, 0 errors
15:13:28,667 INFO Experiment.PerfCost-eae5: Processed 1360 samples out of 10000, 0 errors
15:13:38,759 INFO Experiment.PerfCost-eae5: Processed 1370 samples out of 10000, 0 errors
15:13:48,857 INFO Experiment.PerfCost-eae5: Processed 1380 samples out of 10000, 0 errors
15:13:58,948 INFO Experiment.PerfCost-eae5: Processed 1390 samples out of 10000, 0 errors
15:14:09,76 INFO Experiment.PerfCost-eae5: Processed 1400 samples out of 10000, 0 errors
15:14:19,179 INFO Experiment.PerfCost-eae5: Processed 1410 samples out of 10000, 0 errors
15:14:29,277 INFO Experiment.PerfCost-eae5: Processed 1420 samples out of 10000, 0 errors
15:14:39,366 INFO Experiment.PerfCost-eae5: Processed 1430 samples out of 10000, 0 errors
15:14:49,465 INFO Experiment.PerfCost-eae5: Processed 1440 samples out of 10000, 0 errors
15:14:59,557 INFO Experiment.PerfCost-eae5: Processed 1450 samples out of 10000, 0 errors
15:15:09,649 INFO Experiment.PerfCost-eae5: Processed 1460 samples out of 10000, 0 errors
15:15:19,729 INFO Experiment.PerfCost-eae5: Processed 1470 samples out of 10000, 0 errors
15:15:29,859 INFO Experiment.PerfCost-eae5: Processed 1480 samples out of 10000, 0 errors
15:15:39,986 INFO Experiment.PerfCost-eae5: Processed 1490 samples out of 10000, 0 errors
15:15:50,159 INFO Experiment.PerfCost-eae5: Processed 1500 samples out of 10000, 0 errors
15:16:00,290 INFO Experiment.PerfCost-eae5: Processed 1510 samples out of 10000, 0 errors
15:16:10,416 INFO Experiment.PerfCost-eae5: Processed 1520 samples out of 10000, 0 errors
15:16:20,542 INFO Experiment.PerfCost-eae5: Processed 1530 samples out of 10000, 0 errors
15:16:30,661 INFO Experiment.PerfCost-eae5: Processed 1540 samples out of 10000, 0 errors
15:16:40,779 INFO Experiment.PerfCost-eae5: Processed 1550 samples out of 10000, 0 errors
15:16:50,914 INFO Experiment.PerfCost-eae5: Processed 1560 samples out of 10000, 0 errors
15:17:01,27 INFO Experiment.PerfCost-eae5: Processed 1570 samples out of 10000, 0 errors
15:17:11,158 INFO Experiment.PerfCost-eae5: Processed 1580 samples out of 10000, 0 errors
15:17:21,272 INFO Experiment.PerfCost-eae5: Processed 1590 samples out of 10000, 0 errors
15:17:31,406 INFO Experiment.PerfCost-eae5: Processed 1600 samples out of 10000, 0 errors
15:17:41,512 INFO Experiment.PerfCost-eae5: Processed 1610 samples out of 10000, 0 errors
15:17:51,656 INFO Experiment.PerfCost-eae5: Processed 1620 samples out of 10000, 0 errors
15:18:01,784 INFO Experiment.PerfCost-eae5: Processed 1630 samples out of 10000, 0 errors
15:18:11,923 INFO Experiment.PerfCost-eae5: Processed 1640 samples out of 10000, 0 errors
15:18:22,65 INFO Experiment.PerfCost-eae5: Processed 1650 samples out of 10000, 0 errors
15:18:32,184 INFO Experiment.PerfCost-eae5: Processed 1660 samples out of 10000, 0 errors
15:18:42,308 INFO Experiment.PerfCost-eae5: Processed 1670 samples out of 10000, 0 errors
15:18:52,426 INFO Experiment.PerfCost-eae5: Processed 1680 samples out of 10000, 0 errors
15:19:02,571 INFO Experiment.PerfCost-eae5: Processed 1690 samples out of 10000, 0 errors
15:19:12,720 INFO Experiment.PerfCost-eae5: Processed 1700 samples out of 10000, 0 errors
15:19:22,864 INFO Experiment.PerfCost-eae5: Processed 1710 samples out of 10000, 0 errors
15:19:32,984 INFO Experiment.PerfCost-eae5: Processed 1720 samples out of 10000, 0 errors
15:19:43,120 INFO Experiment.PerfCost-eae5: Processed 1730 samples out of 10000, 0 errors
15:19:53,263 INFO Experiment.PerfCost-eae5: Processed 1740 samples out of 10000, 0 errors
15:20:03,386 INFO Experiment.PerfCost-eae5: Processed 1750 samples out of 10000, 0 errors
15:20:13,499 INFO Experiment.PerfCost-eae5: Processed 1760 samples out of 10000, 0 errors
15:20:23,628 INFO Experiment.PerfCost-eae5: Processed 1770 samples out of 10000, 0 errors
15:20:33,753 INFO Experiment.PerfCost-eae5: Processed 1780 samples out of 10000, 0 errors
15:20:43,845 INFO Experiment.PerfCost-eae5: Processed 1790 samples out of 10000, 0 errors
15:20:54,19 INFO Experiment.PerfCost-eae5: Processed 1800 samples out of 10000, 0 errors
15:21:04,122 INFO Experiment.PerfCost-eae5: Processed 1810 samples out of 10000, 0 errors
15:21:14,246 INFO Experiment.PerfCost-eae5: Processed 1820 samples out of 10000, 0 errors
15:21:24,370 INFO Experiment.PerfCost-eae5: Processed 1830 samples out of 10000, 0 errors
15:21:34,493 INFO Experiment.PerfCost-eae5: Processed 1840 samples out of 10000, 0 errors
15:21:44,609 INFO Experiment.PerfCost-eae5: Processed 1850 samples out of 10000, 0 errors
15:21:54,748 INFO Experiment.PerfCost-eae5: Processed 1860 samples out of 10000, 0 errors
15:22:04,845 INFO Experiment.PerfCost-eae5: Processed 1870 samples out of 10000, 0 errors
15:22:14,970 INFO Experiment.PerfCost-eae5: Processed 1880 samples out of 10000, 0 errors
15:22:25,105 INFO Experiment.PerfCost-eae5: Processed 1890 samples out of 10000, 0 errors
15:22:35,219 INFO Experiment.PerfCost-eae5: Processed 1900 samples out of 10000, 0 errors
15:22:45,328 INFO Experiment.PerfCost-eae5: Processed 1910 samples out of 10000, 0 errors
15:22:55,433 INFO Experiment.PerfCost-eae5: Processed 1920 samples out of 10000, 0 errors
15:23:05,555 INFO Experiment.PerfCost-eae5: Processed 1930 samples out of 10000, 0 errors
15:23:15,690 INFO Experiment.PerfCost-eae5: Processed 1940 samples out of 10000, 0 errors
15:23:25,856 INFO Experiment.PerfCost-eae5: Processed 1950 samples out of 10000, 0 errors
15:23:35,996 INFO Experiment.PerfCost-eae5: Processed 1960 samples out of 10000, 0 errors
15:23:46,108 INFO Experiment.PerfCost-eae5: Processed 1970 samples out of 10000, 0 errors
15:23:56,224 INFO Experiment.PerfCost-eae5: Processed 1980 samples out of 10000, 0 errors
15:24:06,362 INFO Experiment.PerfCost-eae5: Processed 1990 samples out of 10000, 0 errors
15:24:16,490 INFO Experiment.PerfCost-eae5: Processed 2000 samples out of 10000, 0 errors
15:24:26,627 INFO Experiment.PerfCost-eae5: Processed 2010 samples out of 10000, 0 errors
15:24:36,752 INFO Experiment.PerfCost-eae5: Processed 2020 samples out of 10000, 0 errors
15:24:46,874 INFO Experiment.PerfCost-eae5: Processed 2030 samples out of 10000, 0 errors
15:24:57,7 INFO Experiment.PerfCost-eae5: Processed 2040 samples out of 10000, 0 errors
15:25:07,144 INFO Experiment.PerfCost-eae5: Processed 2050 samples out of 10000, 0 errors
15:25:17,287 INFO Experiment.PerfCost-eae5: Processed 2060 samples out of 10000, 0 errors
15:25:27,517 INFO Experiment.PerfCost-eae5: Processed 2070 samples out of 10000, 0 errors
15:25:37,611 INFO Experiment.PerfCost-eae5: Processed 2080 samples out of 10000, 0 errors
15:25:47,748 INFO Experiment.PerfCost-eae5: Processed 2090 samples out of 10000, 0 errors
15:25:57,886 INFO Experiment.PerfCost-eae5: Processed 2100 samples out of 10000, 0 errors
15:26:07,999 INFO Experiment.PerfCost-eae5: Processed 2110 samples out of 10000, 0 errors
15:26:18,141 INFO Experiment.PerfCost-eae5: Processed 2120 samples out of 10000, 0 errors
15:26:28,258 INFO Experiment.PerfCost-eae5: Processed 2130 samples out of 10000, 0 errors
15:26:38,384 INFO Experiment.PerfCost-eae5: Processed 2140 samples out of 10000, 0 errors
15:26:48,526 INFO Experiment.PerfCost-eae5: Processed 2150 samples out of 10000, 0 errors
15:26:58,642 INFO Experiment.PerfCost-eae5: Processed 2160 samples out of 10000, 0 errors
15:27:08,819 INFO Experiment.PerfCost-eae5: Processed 2170 samples out of 10000, 0 errors
15:27:18,931 INFO Experiment.PerfCost-eae5: Processed 2180 samples out of 10000, 0 errors
15:27:29,53 INFO Experiment.PerfCost-eae5: Processed 2190 samples out of 10000, 0 errors
15:27:39,206 INFO Experiment.PerfCost-eae5: Processed 2200 samples out of 10000, 0 errors
15:27:49,332 INFO Experiment.PerfCost-eae5: Processed 2210 samples out of 10000, 0 errors
15:27:59,445 INFO Experiment.PerfCost-eae5: Processed 2220 samples out of 10000, 0 errors
15:28:09,574 INFO Experiment.PerfCost-eae5: Processed 2230 samples out of 10000, 0 errors
15:28:19,664 INFO Experiment.PerfCost-eae5: Processed 2240 samples out of 10000, 0 errors
15:28:29,806 INFO Experiment.PerfCost-eae5: Processed 2250 samples out of 10000, 0 errors
15:28:39,927 INFO Experiment.PerfCost-eae5: Processed 2260 samples out of 10000, 0 errors
15:28:50,65 INFO Experiment.PerfCost-eae5: Processed 2270 samples out of 10000, 0 errors
15:29:00,195 INFO Experiment.PerfCost-eae5: Processed 2280 samples out of 10000, 0 errors
15:29:10,331 INFO Experiment.PerfCost-eae5: Processed 2290 samples out of 10000, 0 errors
15:29:20,465 INFO Experiment.PerfCost-eae5: Processed 2300 samples out of 10000, 0 errors
15:29:30,575 INFO Experiment.PerfCost-eae5: Processed 2310 samples out of 10000, 0 errors
15:29:40,699 INFO Experiment.PerfCost-eae5: Processed 2320 samples out of 10000, 0 errors
15:29:50,807 INFO Experiment.PerfCost-eae5: Processed 2330 samples out of 10000, 0 errors
15:30:00,915 INFO Experiment.PerfCost-eae5: Processed 2340 samples out of 10000, 0 errors
15:30:11,31 INFO Experiment.PerfCost-eae5: Processed 2350 samples out of 10000, 0 errors
15:30:21,194 INFO Experiment.PerfCost-eae5: Processed 2360 samples out of 10000, 0 errors
15:30:31,327 INFO Experiment.PerfCost-eae5: Processed 2370 samples out of 10000, 0 errors
15:30:41,456 INFO Experiment.PerfCost-eae5: Processed 2380 samples out of 10000, 0 errors
15:30:51,590 INFO Experiment.PerfCost-eae5: Processed 2390 samples out of 10000, 0 errors
15:31:01,757 INFO Experiment.PerfCost-eae5: Processed 2400 samples out of 10000, 0 errors
15:31:11,879 INFO Experiment.PerfCost-eae5: Processed 2410 samples out of 10000, 0 errors
15:31:22,11 INFO Experiment.PerfCost-eae5: Processed 2420 samples out of 10000, 0 errors
15:31:32,130 INFO Experiment.PerfCost-eae5: Processed 2430 samples out of 10000, 0 errors
15:31:42,271 INFO Experiment.PerfCost-eae5: Processed 2440 samples out of 10000, 0 errors
15:31:52,404 INFO Experiment.PerfCost-eae5: Processed 2450 samples out of 10000, 0 errors
15:32:02,519 INFO Experiment.PerfCost-eae5: Processed 2460 samples out of 10000, 0 errors
15:32:12,662 INFO Experiment.PerfCost-eae5: Processed 2470 samples out of 10000, 0 errors
15:32:22,792 INFO Experiment.PerfCost-eae5: Processed 2480 samples out of 10000, 0 errors
15:32:32,916 INFO Experiment.PerfCost-eae5: Processed 2490 samples out of 10000, 0 errors
15:32:43,40 INFO Experiment.PerfCost-eae5: Processed 2500 samples out of 10000, 0 errors
15:32:53,223 INFO Experiment.PerfCost-eae5: Processed 2510 samples out of 10000, 0 errors
15:33:03,321 INFO Experiment.PerfCost-eae5: Processed 2520 samples out of 10000, 0 errors
15:33:13,435 INFO Experiment.PerfCost-eae5: Processed 2530 samples out of 10000, 0 errors
15:33:23,562 INFO Experiment.PerfCost-eae5: Processed 2540 samples out of 10000, 0 errors
15:33:33,688 INFO Experiment.PerfCost-eae5: Processed 2550 samples out of 10000, 0 errors
15:33:43,804 INFO Experiment.PerfCost-eae5: Processed 2560 samples out of 10000, 0 errors
15:33:53,936 INFO Experiment.PerfCost-eae5: Processed 2570 samples out of 10000, 0 errors
15:34:04,74 INFO Experiment.PerfCost-eae5: Processed 2580 samples out of 10000, 0 errors
15:34:14,218 INFO Experiment.PerfCost-eae5: Processed 2590 samples out of 10000, 0 errors
15:34:24,316 INFO Experiment.PerfCost-eae5: Processed 2600 samples out of 10000, 0 errors
15:34:34,448 INFO Experiment.PerfCost-eae5: Processed 2610 samples out of 10000, 0 errors
15:34:44,575 INFO Experiment.PerfCost-eae5: Processed 2620 samples out of 10000, 0 errors
15:34:54,718 INFO Experiment.PerfCost-eae5: Processed 2630 samples out of 10000, 0 errors
15:35:04,851 INFO Experiment.PerfCost-eae5: Processed 2640 samples out of 10000, 0 errors
15:35:14,989 INFO Experiment.PerfCost-eae5: Processed 2650 samples out of 10000, 0 errors
15:35:25,109 INFO Experiment.PerfCost-eae5: Processed 2660 samples out of 10000, 0 errors
15:35:35,226 INFO Experiment.PerfCost-eae5: Processed 2670 samples out of 10000, 0 errors
15:35:45,364 INFO Experiment.PerfCost-eae5: Processed 2680 samples out of 10000, 0 errors
15:35:55,495 INFO Experiment.PerfCost-eae5: Processed 2690 samples out of 10000, 0 errors
15:36:05,648 INFO Experiment.PerfCost-eae5: Processed 2700 samples out of 10000, 0 errors
15:36:15,779 INFO Experiment.PerfCost-eae5: Processed 2710 samples out of 10000, 0 errors
15:36:25,907 INFO Experiment.PerfCost-eae5: Processed 2720 samples out of 10000, 0 errors
15:36:36,43 INFO Experiment.PerfCost-eae5: Processed 2730 samples out of 10000, 0 errors
15:36:46,172 INFO Experiment.PerfCost-eae5: Processed 2740 samples out of 10000, 0 errors
15:36:56,307 INFO Experiment.PerfCost-eae5: Processed 2750 samples out of 10000, 0 errors
15:37:06,424 INFO Experiment.PerfCost-eae5: Processed 2760 samples out of 10000, 0 errors
15:37:16,576 INFO Experiment.PerfCost-eae5: Processed 2770 samples out of 10000, 0 errors
15:37:26,709 INFO Experiment.PerfCost-eae5: Processed 2780 samples out of 10000, 0 errors
15:37:36,819 INFO Experiment.PerfCost-eae5: Processed 2790 samples out of 10000, 0 errors
15:37:46,965 INFO Experiment.PerfCost-eae5: Processed 2800 samples out of 10000, 0 errors
15:37:57,83 INFO Experiment.PerfCost-eae5: Processed 2810 samples out of 10000, 0 errors
15:38:07,217 INFO Experiment.PerfCost-eae5: Processed 2820 samples out of 10000, 0 errors
15:38:17,373 INFO Experiment.PerfCost-eae5: Processed 2830 samples out of 10000, 0 errors
15:38:27,498 INFO Experiment.PerfCost-eae5: Processed 2840 samples out of 10000, 0 errors
15:38:37,635 INFO Experiment.PerfCost-eae5: Processed 2850 samples out of 10000, 0 errors
15:38:47,774 INFO Experiment.PerfCost-eae5: Processed 2860 samples out of 10000, 0 errors
15:38:57,887 INFO Experiment.PerfCost-eae5: Processed 2870 samples out of 10000, 0 errors
15:39:08,45 INFO Experiment.PerfCost-eae5: Processed 2880 samples out of 10000, 0 errors
15:39:18,170 INFO Experiment.PerfCost-eae5: Processed 2890 samples out of 10000, 0 errors
15:39:28,289 INFO Experiment.PerfCost-eae5: Processed 2900 samples out of 10000, 0 errors
15:39:38,401 INFO Experiment.PerfCost-eae5: Processed 2910 samples out of 10000, 0 errors
15:39:48,529 INFO Experiment.PerfCost-eae5: Processed 2920 samples out of 10000, 0 errors
15:39:58,671 INFO Experiment.PerfCost-eae5: Processed 2930 samples out of 10000, 0 errors
15:40:08,804 INFO Experiment.PerfCost-eae5: Processed 2940 samples out of 10000, 0 errors
15:40:18,935 INFO Experiment.PerfCost-eae5: Processed 2950 samples out of 10000, 0 errors
15:40:29,79 INFO Experiment.PerfCost-eae5: Processed 2960 samples out of 10000, 0 errors
15:40:39,212 INFO Experiment.PerfCost-eae5: Processed 2970 samples out of 10000, 0 errors
15:40:49,350 INFO Experiment.PerfCost-eae5: Processed 2980 samples out of 10000, 0 errors
15:40:59,474 INFO Experiment.PerfCost-eae5: Processed 2990 samples out of 10000, 0 errors
15:41:09,622 INFO Experiment.PerfCost-eae5: Processed 3000 samples out of 10000, 0 errors
15:41:19,761 INFO Experiment.PerfCost-eae5: Processed 3010 samples out of 10000, 0 errors
15:41:29,892 INFO Experiment.PerfCost-eae5: Processed 3020 samples out of 10000, 0 errors
15:41:40,13 INFO Experiment.PerfCost-eae5: Processed 3030 samples out of 10000, 0 errors
15:41:50,132 INFO Experiment.PerfCost-eae5: Processed 3040 samples out of 10000, 0 errors
15:42:00,273 INFO Experiment.PerfCost-eae5: Processed 3050 samples out of 10000, 0 errors
15:42:10,392 INFO Experiment.PerfCost-eae5: Processed 3060 samples out of 10000, 0 errors
15:42:20,502 INFO Experiment.PerfCost-eae5: Processed 3070 samples out of 10000, 0 errors
15:42:30,639 INFO Experiment.PerfCost-eae5: Processed 3080 samples out of 10000, 0 errors
15:42:40,755 INFO Experiment.PerfCost-eae5: Processed 3090 samples out of 10000, 0 errors
15:42:50,875 INFO Experiment.PerfCost-eae5: Processed 3100 samples out of 10000, 0 errors
15:43:01,30 INFO Experiment.PerfCost-eae5: Processed 3110 samples out of 10000, 0 errors
15:43:11,160 INFO Experiment.PerfCost-eae5: Processed 3120 samples out of 10000, 0 errors
15:43:21,297 INFO Experiment.PerfCost-eae5: Processed 3130 samples out of 10000, 0 errors
15:43:31,421 INFO Experiment.PerfCost-eae5: Processed 3140 samples out of 10000, 0 errors
15:43:41,525 INFO Experiment.PerfCost-eae5: Processed 3150 samples out of 10000, 0 errors
15:43:51,641 INFO Experiment.PerfCost-eae5: Processed 3160 samples out of 10000, 0 errors
15:44:01,786 INFO Experiment.PerfCost-eae5: Processed 3170 samples out of 10000, 0 errors
15:44:11,903 INFO Experiment.PerfCost-eae5: Processed 3180 samples out of 10000, 0 errors
15:44:22,45 INFO Experiment.PerfCost-eae5: Processed 3190 samples out of 10000, 0 errors
15:44:32,170 INFO Experiment.PerfCost-eae5: Processed 3200 samples out of 10000, 0 errors
15:44:42,296 INFO Experiment.PerfCost-eae5: Processed 3210 samples out of 10000, 0 errors
15:44:52,421 INFO Experiment.PerfCost-eae5: Processed 3220 samples out of 10000, 0 errors
15:45:02,553 INFO Experiment.PerfCost-eae5: Processed 3230 samples out of 10000, 0 errors
15:45:12,711 INFO Experiment.PerfCost-eae5: Processed 3240 samples out of 10000, 0 errors
15:45:22,809 INFO Experiment.PerfCost-eae5: Processed 3250 samples out of 10000, 0 errors
15:45:32,933 INFO Experiment.PerfCost-eae5: Processed 3260 samples out of 10000, 0 errors
15:45:43,63 INFO Experiment.PerfCost-eae5: Processed 3270 samples out of 10000, 0 errors
15:45:53,191 INFO Experiment.PerfCost-eae5: Processed 3280 samples out of 10000, 0 errors
15:46:03,301 INFO Experiment.PerfCost-eae5: Processed 3290 samples out of 10000, 0 errors
15:46:13,453 INFO Experiment.PerfCost-eae5: Processed 3300 samples out of 10000, 0 errors
15:46:23,587 INFO Experiment.PerfCost-eae5: Processed 3310 samples out of 10000, 0 errors
15:46:33,720 INFO Experiment.PerfCost-eae5: Processed 3320 samples out of 10000, 0 errors
15:46:43,824 INFO Experiment.PerfCost-eae5: Processed 3330 samples out of 10000, 0 errors
15:46:53,970 INFO Experiment.PerfCost-eae5: Processed 3340 samples out of 10000, 0 errors
15:47:04,77 INFO Experiment.PerfCost-eae5: Processed 3350 samples out of 10000, 0 errors
15:47:14,200 INFO Experiment.PerfCost-eae5: Processed 3360 samples out of 10000, 0 errors
15:47:24,320 INFO Experiment.PerfCost-eae5: Processed 3370 samples out of 10000, 0 errors
15:47:34,445 INFO Experiment.PerfCost-eae5: Processed 3380 samples out of 10000, 0 errors
15:47:44,570 INFO Experiment.PerfCost-eae5: Processed 3390 samples out of 10000, 0 errors
15:47:54,683 INFO Experiment.PerfCost-eae5: Processed 3400 samples out of 10000, 0 errors
15:48:04,832 INFO Experiment.PerfCost-eae5: Processed 3410 samples out of 10000, 0 errors
15:48:14,960 INFO Experiment.PerfCost-eae5: Processed 3420 samples out of 10000, 0 errors
15:48:25,94 INFO Experiment.PerfCost-eae5: Processed 3430 samples out of 10000, 0 errors
15:48:35,193 INFO Experiment.PerfCost-eae5: Processed 3440 samples out of 10000, 0 errors
15:48:45,322 INFO Experiment.PerfCost-eae5: Processed 3450 samples out of 10000, 0 errors
15:48:55,453 INFO Experiment.PerfCost-eae5: Processed 3460 samples out of 10000, 0 errors
15:49:05,579 INFO Experiment.PerfCost-eae5: Processed 3470 samples out of 10000, 0 errors
15:49:15,716 INFO Experiment.PerfCost-eae5: Processed 3480 samples out of 10000, 0 errors
15:49:25,847 INFO Experiment.PerfCost-eae5: Processed 3490 samples out of 10000, 0 errors
15:49:35,971 INFO Experiment.PerfCost-eae5: Processed 3500 samples out of 10000, 0 errors
15:49:46,82 INFO Experiment.PerfCost-eae5: Processed 3510 samples out of 10000, 0 errors
15:49:56,219 INFO Experiment.PerfCost-eae5: Processed 3520 samples out of 10000, 0 errors
15:50:06,356 INFO Experiment.PerfCost-eae5: Processed 3530 samples out of 10000, 0 errors
15:50:16,494 INFO Experiment.PerfCost-eae5: Processed 3540 samples out of 10000, 0 errors
15:50:26,608 INFO Experiment.PerfCost-eae5: Processed 3550 samples out of 10000, 0 errors
15:50:36,750 INFO Experiment.PerfCost-eae5: Processed 3560 samples out of 10000, 0 errors
15:50:46,887 INFO Experiment.PerfCost-eae5: Processed 3570 samples out of 10000, 0 errors
15:50:57,11 INFO Experiment.PerfCost-eae5: Processed 3580 samples out of 10000, 0 errors
15:51:07,161 INFO Experiment.PerfCost-eae5: Processed 3590 samples out of 10000, 0 errors
15:51:17,314 INFO Experiment.PerfCost-eae5: Processed 3600 samples out of 10000, 0 errors
15:51:27,410 INFO Experiment.PerfCost-eae5: Processed 3610 samples out of 10000, 0 errors
15:51:37,516 INFO Experiment.PerfCost-eae5: Processed 3620 samples out of 10000, 0 errors
15:51:47,638 INFO Experiment.PerfCost-eae5: Processed 3630 samples out of 10000, 0 errors
15:51:57,762 INFO Experiment.PerfCost-eae5: Processed 3640 samples out of 10000, 0 errors
15:52:07,892 INFO Experiment.PerfCost-eae5: Processed 3650 samples out of 10000, 0 errors
15:52:18,8 INFO Experiment.PerfCost-eae5: Processed 3660 samples out of 10000, 0 errors
15:52:28,148 INFO Experiment.PerfCost-eae5: Processed 3670 samples out of 10000, 0 errors
15:52:38,293 INFO Experiment.PerfCost-eae5: Processed 3680 samples out of 10000, 0 errors
15:52:48,403 INFO Experiment.PerfCost-eae5: Processed 3690 samples out of 10000, 0 errors
15:52:58,529 INFO Experiment.PerfCost-eae5: Processed 3700 samples out of 10000, 0 errors
15:53:08,683 INFO Experiment.PerfCost-eae5: Processed 3710 samples out of 10000, 0 errors
15:53:18,828 INFO Experiment.PerfCost-eae5: Processed 3720 samples out of 10000, 0 errors
15:53:28,937 INFO Experiment.PerfCost-eae5: Processed 3730 samples out of 10000, 0 errors
15:53:39,108 INFO Experiment.PerfCost-eae5: Processed 3740 samples out of 10000, 0 errors
15:53:49,238 INFO Experiment.PerfCost-eae5: Processed 3750 samples out of 10000, 0 errors
15:53:59,321 INFO Experiment.PerfCost-eae5: Processed 3760 samples out of 10000, 0 errors
15:54:09,461 INFO Experiment.PerfCost-eae5: Processed 3770 samples out of 10000, 0 errors
15:54:19,586 INFO Experiment.PerfCost-eae5: Processed 3780 samples out of 10000, 0 errors
15:54:29,721 INFO Experiment.PerfCost-eae5: Processed 3790 samples out of 10000, 0 errors
15:54:39,860 INFO Experiment.PerfCost-eae5: Processed 3800 samples out of 10000, 0 errors
15:54:50,12 INFO Experiment.PerfCost-eae5: Processed 3810 samples out of 10000, 0 errors
15:55:00,133 INFO Experiment.PerfCost-eae5: Processed 3820 samples out of 10000, 0 errors
15:55:10,274 INFO Experiment.PerfCost-eae5: Processed 3830 samples out of 10000, 0 errors
15:55:20,403 INFO Experiment.PerfCost-eae5: Processed 3840 samples out of 10000, 0 errors
15:55:30,533 INFO Experiment.PerfCost-eae5: Processed 3850 samples out of 10000, 0 errors
15:55:40,664 INFO Experiment.PerfCost-eae5: Processed 3860 samples out of 10000, 0 errors
15:55:50,801 INFO Experiment.PerfCost-eae5: Processed 3870 samples out of 10000, 0 errors
15:56:00,926 INFO Experiment.PerfCost-eae5: Processed 3880 samples out of 10000, 0 errors
15:56:11,48 INFO Experiment.PerfCost-eae5: Processed 3890 samples out of 10000, 0 errors
15:56:21,222 INFO Experiment.PerfCost-eae5: Processed 3900 samples out of 10000, 0 errors
15:56:31,314 INFO Experiment.PerfCost-eae5: Processed 3910 samples out of 10000, 0 errors
15:56:41,427 INFO Experiment.PerfCost-eae5: Processed 3920 samples out of 10000, 0 errors
15:56:51,564 INFO Experiment.PerfCost-eae5: Processed 3930 samples out of 10000, 0 errors
15:57:01,682 INFO Experiment.PerfCost-eae5: Processed 3940 samples out of 10000, 0 errors
15:57:11,804 INFO Experiment.PerfCost-eae5: Processed 3950 samples out of 10000, 0 errors
15:57:21,932 INFO Experiment.PerfCost-eae5: Processed 3960 samples out of 10000, 0 errors
15:57:32,71 INFO Experiment.PerfCost-eae5: Processed 3970 samples out of 10000, 0 errors
15:57:42,184 INFO Experiment.PerfCost-eae5: Processed 3980 samples out of 10000, 0 errors
15:57:52,326 INFO Experiment.PerfCost-eae5: Processed 3990 samples out of 10000, 0 errors
15:58:02,432 INFO Experiment.PerfCost-eae5: Processed 4000 samples out of 10000, 0 errors
15:58:12,587 INFO Experiment.PerfCost-eae5: Processed 4010 samples out of 10000, 0 errors
15:58:22,684 INFO Experiment.PerfCost-eae5: Processed 4020 samples out of 10000, 0 errors
15:58:32,793 INFO Experiment.PerfCost-eae5: Processed 4030 samples out of 10000, 0 errors
15:58:42,926 INFO Experiment.PerfCost-eae5: Processed 4040 samples out of 10000, 0 errors
15:58:53,54 INFO Experiment.PerfCost-eae5: Processed 4050 samples out of 10000, 0 errors
15:59:03,183 INFO Experiment.PerfCost-eae5: Processed 4060 samples out of 10000, 0 errors
15:59:13,320 INFO Experiment.PerfCost-eae5: Processed 4070 samples out of 10000, 0 errors
15:59:23,446 INFO Experiment.PerfCost-eae5: Processed 4080 samples out of 10000, 0 errors
15:59:33,576 INFO Experiment.PerfCost-eae5: Processed 4090 samples out of 10000, 0 errors
15:59:43,696 INFO Experiment.PerfCost-eae5: Processed 4100 samples out of 10000, 0 errors
15:59:53,873 INFO Experiment.PerfCost-eae5: Processed 4110 samples out of 10000, 0 errors
16:00:03,995 INFO Experiment.PerfCost-eae5: Processed 4120 samples out of 10000, 0 errors
16:00:14,103 INFO Experiment.PerfCost-eae5: Processed 4130 samples out of 10000, 0 errors
16:00:24,220 INFO Experiment.PerfCost-eae5: Processed 4140 samples out of 10000, 0 errors
16:00:34,345 INFO Experiment.PerfCost-eae5: Processed 4150 samples out of 10000, 0 errors
16:00:44,495 INFO Experiment.PerfCost-eae5: Processed 4160 samples out of 10000, 0 errors
16:00:54,606 INFO Experiment.PerfCost-eae5: Processed 4170 samples out of 10000, 0 errors
16:01:04,715 INFO Experiment.PerfCost-eae5: Processed 4180 samples out of 10000, 0 errors
16:01:14,855 INFO Experiment.PerfCost-eae5: Processed 4190 samples out of 10000, 0 errors
16:01:25,59 INFO Experiment.PerfCost-eae5: Processed 4200 samples out of 10000, 0 errors
16:01:35,144 INFO Experiment.PerfCost-eae5: Processed 4210 samples out of 10000, 0 errors
16:01:45,245 INFO Experiment.PerfCost-eae5: Processed 4220 samples out of 10000, 0 errors
16:01:55,353 INFO Experiment.PerfCost-eae5: Processed 4230 samples out of 10000, 0 errors
16:02:05,468 INFO Experiment.PerfCost-eae5: Processed 4240 samples out of 10000, 0 errors
16:02:15,620 INFO Experiment.PerfCost-eae5: Processed 4250 samples out of 10000, 0 errors
16:02:25,776 INFO Experiment.PerfCost-eae5: Processed 4260 samples out of 10000, 0 errors
16:02:35,909 INFO Experiment.PerfCost-eae5: Processed 4270 samples out of 10000, 0 errors
16:02:46,18 INFO Experiment.PerfCost-eae5: Processed 4280 samples out of 10000, 0 errors
16:02:56,131 INFO Experiment.PerfCost-eae5: Processed 4290 samples out of 10000, 0 errors
16:03:06,235 INFO Experiment.PerfCost-eae5: Processed 4300 samples out of 10000, 0 errors
16:03:16,382 INFO Experiment.PerfCost-eae5: Processed 4310 samples out of 10000, 0 errors
16:03:26,483 INFO Experiment.PerfCost-eae5: Processed 4320 samples out of 10000, 0 errors
16:03:36,623 INFO Experiment.PerfCost-eae5: Processed 4330 samples out of 10000, 0 errors
16:03:46,735 INFO Experiment.PerfCost-eae5: Processed 4340 samples out of 10000, 0 errors
16:03:56,849 INFO Experiment.PerfCost-eae5: Processed 4350 samples out of 10000, 0 errors
16:04:06,981 INFO Experiment.PerfCost-eae5: Processed 4360 samples out of 10000, 0 errors
16:04:17,121 INFO Experiment.PerfCost-eae5: Processed 4370 samples out of 10000, 0 errors
16:04:27,275 INFO Experiment.PerfCost-eae5: Processed 4380 samples out of 10000, 0 errors
16:04:37,377 INFO Experiment.PerfCost-eae5: Processed 4390 samples out of 10000, 0 errors
16:04:47,513 INFO Experiment.PerfCost-eae5: Processed 4400 samples out of 10000, 0 errors
16:04:57,661 INFO Experiment.PerfCost-eae5: Processed 4410 samples out of 10000, 0 errors
16:05:07,774 INFO Experiment.PerfCost-eae5: Processed 4420 samples out of 10000, 0 errors
16:05:17,924 INFO Experiment.PerfCost-eae5: Processed 4430 samples out of 10000, 0 errors
16:05:28,42 INFO Experiment.PerfCost-eae5: Processed 4440 samples out of 10000, 0 errors
16:05:38,175 INFO Experiment.PerfCost-eae5: Processed 4450 samples out of 10000, 0 errors
16:05:48,289 INFO Experiment.PerfCost-eae5: Processed 4460 samples out of 10000, 0 errors
16:05:58,400 INFO Experiment.PerfCost-eae5: Processed 4470 samples out of 10000, 0 errors
16:06:08,561 INFO Experiment.PerfCost-eae5: Processed 4480 samples out of 10000, 0 errors
16:06:18,673 INFO Experiment.PerfCost-eae5: Processed 4490 samples out of 10000, 0 errors
16:06:28,863 INFO Experiment.PerfCost-eae5: Processed 4500 samples out of 10000, 0 errors
16:06:38,971 INFO Experiment.PerfCost-eae5: Processed 4510 samples out of 10000, 0 errors
16:06:49,68 INFO Experiment.PerfCost-eae5: Processed 4520 samples out of 10000, 0 errors
16:06:59,199 INFO Experiment.PerfCost-eae5: Processed 4530 samples out of 10000, 0 errors
16:07:09,340 INFO Experiment.PerfCost-eae5: Processed 4540 samples out of 10000, 0 errors
16:07:19,472 INFO Experiment.PerfCost-eae5: Processed 4550 samples out of 10000, 0 errors
16:07:29,599 INFO Experiment.PerfCost-eae5: Processed 4560 samples out of 10000, 0 errors
16:07:39,734 INFO Experiment.PerfCost-eae5: Processed 4570 samples out of 10000, 0 errors
16:07:49,856 INFO Experiment.PerfCost-eae5: Processed 4580 samples out of 10000, 0 errors
16:07:59,993 INFO Experiment.PerfCost-eae5: Processed 4590 samples out of 10000, 0 errors
16:08:10,119 INFO Experiment.PerfCost-eae5: Processed 4600 samples out of 10000, 0 errors
16:08:20,268 INFO Experiment.PerfCost-eae5: Processed 4610 samples out of 10000, 0 errors
16:08:30,392 INFO Experiment.PerfCost-eae5: Processed 4620 samples out of 10000, 0 errors
16:08:40,537 INFO Experiment.PerfCost-eae5: Processed 4630 samples out of 10000, 0 errors
16:08:50,648 INFO Experiment.PerfCost-eae5: Processed 4640 samples out of 10000, 0 errors
16:09:00,785 INFO Experiment.PerfCost-eae5: Processed 4650 samples out of 10000, 0 errors
16:09:10,904 INFO Experiment.PerfCost-eae5: Processed 4660 samples out of 10000, 0 errors
16:09:21,16 INFO Experiment.PerfCost-eae5: Processed 4670 samples out of 10000, 0 errors
16:09:31,159 INFO Experiment.PerfCost-eae5: Processed 4680 samples out of 10000, 0 errors
16:09:41,269 INFO Experiment.PerfCost-eae5: Processed 4690 samples out of 10000, 0 errors
16:09:51,393 INFO Experiment.PerfCost-eae5: Processed 4700 samples out of 10000, 0 errors
16:10:01,512 INFO Experiment.PerfCost-eae5: Processed 4710 samples out of 10000, 0 errors
16:10:11,654 INFO Experiment.PerfCost-eae5: Processed 4720 samples out of 10000, 0 errors
16:10:21,815 INFO Experiment.PerfCost-eae5: Processed 4730 samples out of 10000, 0 errors
16:10:31,922 INFO Experiment.PerfCost-eae5: Processed 4740 samples out of 10000, 0 errors
16:10:42,79 INFO Experiment.PerfCost-eae5: Processed 4750 samples out of 10000, 0 errors
16:10:52,196 INFO Experiment.PerfCost-eae5: Processed 4760 samples out of 10000, 0 errors
16:11:02,319 INFO Experiment.PerfCost-eae5: Processed 4770 samples out of 10000, 0 errors
16:11:12,462 INFO Experiment.PerfCost-eae5: Processed 4780 samples out of 10000, 0 errors
16:11:22,588 INFO Experiment.PerfCost-eae5: Processed 4790 samples out of 10000, 0 errors
16:11:32,741 INFO Experiment.PerfCost-eae5: Processed 4800 samples out of 10000, 0 errors
16:11:42,886 INFO Experiment.PerfCost-eae5: Processed 4810 samples out of 10000, 0 errors
16:11:53,31 INFO Experiment.PerfCost-eae5: Processed 4820 samples out of 10000, 0 errors
16:12:03,171 INFO Experiment.PerfCost-eae5: Processed 4830 samples out of 10000, 0 errors
16:12:13,310 INFO Experiment.PerfCost-eae5: Processed 4840 samples out of 10000, 0 errors
16:12:23,423 INFO Experiment.PerfCost-eae5: Processed 4850 samples out of 10000, 0 errors
16:12:33,536 INFO Experiment.PerfCost-eae5: Processed 4860 samples out of 10000, 0 errors
16:12:43,694 INFO Experiment.PerfCost-eae5: Processed 4870 samples out of 10000, 0 errors
16:12:53,799 INFO Experiment.PerfCost-eae5: Processed 4880 samples out of 10000, 0 errors
16:13:03,910 INFO Experiment.PerfCost-eae5: Processed 4890 samples out of 10000, 0 errors
16:13:14,32 INFO Experiment.PerfCost-eae5: Processed 4900 samples out of 10000, 0 errors
16:13:24,177 INFO Experiment.PerfCost-eae5: Processed 4910 samples out of 10000, 0 errors
16:13:34,304 INFO Experiment.PerfCost-eae5: Processed 4920 samples out of 10000, 0 errors
16:13:44,436 INFO Experiment.PerfCost-eae5: Processed 4930 samples out of 10000, 0 errors
16:13:54,564 INFO Experiment.PerfCost-eae5: Processed 4940 samples out of 10000, 0 errors
16:14:04,697 INFO Experiment.PerfCost-eae5: Processed 4950 samples out of 10000, 0 errors
16:14:14,818 INFO Experiment.PerfCost-eae5: Processed 4960 samples out of 10000, 0 errors
16:14:24,930 INFO Experiment.PerfCost-eae5: Processed 4970 samples out of 10000, 0 errors
16:14:35,52 INFO Experiment.PerfCost-eae5: Processed 4980 samples out of 10000, 0 errors
16:14:45,184 INFO Experiment.PerfCost-eae5: Processed 4990 samples out of 10000, 0 errors
16:14:55,311 INFO Experiment.PerfCost-eae5: Processed 5000 samples out of 10000, 0 errors
16:15:05,441 INFO Experiment.PerfCost-eae5: Processed 5010 samples out of 10000, 0 errors
16:15:15,582 INFO Experiment.PerfCost-eae5: Processed 5020 samples out of 10000, 0 errors
16:15:25,710 INFO Experiment.PerfCost-eae5: Processed 5030 samples out of 10000, 0 errors
16:15:35,815 INFO Experiment.PerfCost-eae5: Processed 5040 samples out of 10000, 0 errors
16:15:45,959 INFO Experiment.PerfCost-eae5: Processed 5050 samples out of 10000, 0 errors
16:15:56,83 INFO Experiment.PerfCost-eae5: Processed 5060 samples out of 10000, 0 errors
16:16:06,205 INFO Experiment.PerfCost-eae5: Processed 5070 samples out of 10000, 0 errors
16:16:16,419 INFO Experiment.PerfCost-eae5: Processed 5080 samples out of 10000, 0 errors
16:16:26,519 INFO Experiment.PerfCost-eae5: Processed 5090 samples out of 10000, 0 errors
16:16:36,683 INFO Experiment.PerfCost-eae5: Processed 5100 samples out of 10000, 0 errors
16:16:46,784 INFO Experiment.PerfCost-eae5: Processed 5110 samples out of 10000, 0 errors
16:16:56,915 INFO Experiment.PerfCost-eae5: Processed 5120 samples out of 10000, 0 errors
16:17:07,48 INFO Experiment.PerfCost-eae5: Processed 5130 samples out of 10000, 0 errors
16:17:17,188 INFO Experiment.PerfCost-eae5: Processed 5140 samples out of 10000, 0 errors
16:17:27,304 INFO Experiment.PerfCost-eae5: Processed 5150 samples out of 10000, 0 errors
16:17:37,462 INFO Experiment.PerfCost-eae5: Processed 5160 samples out of 10000, 0 errors
16:17:47,600 INFO Experiment.PerfCost-eae5: Processed 5170 samples out of 10000, 0 errors
16:17:57,721 INFO Experiment.PerfCost-eae5: Processed 5180 samples out of 10000, 0 errors
16:18:07,865 INFO Experiment.PerfCost-eae5: Processed 5190 samples out of 10000, 0 errors
16:18:18,4 INFO Experiment.PerfCost-eae5: Processed 5200 samples out of 10000, 0 errors
16:18:28,175 INFO Experiment.PerfCost-eae5: Processed 5210 samples out of 10000, 0 errors
16:18:38,265 INFO Experiment.PerfCost-eae5: Processed 5220 samples out of 10000, 0 errors
16:18:48,376 INFO Experiment.PerfCost-eae5: Processed 5230 samples out of 10000, 0 errors
16:18:58,512 INFO Experiment.PerfCost-eae5: Processed 5240 samples out of 10000, 0 errors
16:19:08,625 INFO Experiment.PerfCost-eae5: Processed 5250 samples out of 10000, 0 errors
16:19:18,763 INFO Experiment.PerfCost-eae5: Processed 5260 samples out of 10000, 0 errors
16:19:28,933 INFO Experiment.PerfCost-eae5: Processed 5270 samples out of 10000, 0 errors
16:19:39,29 INFO Experiment.PerfCost-eae5: Processed 5280 samples out of 10000, 0 errors
16:19:49,144 INFO Experiment.PerfCost-eae5: Processed 5290 samples out of 10000, 0 errors
16:19:59,283 INFO Experiment.PerfCost-eae5: Processed 5300 samples out of 10000, 0 errors
16:20:09,432 INFO Experiment.PerfCost-eae5: Processed 5310 samples out of 10000, 0 errors
16:20:19,579 INFO Experiment.PerfCost-eae5: Processed 5320 samples out of 10000, 0 errors
16:20:29,718 INFO Experiment.PerfCost-eae5: Processed 5330 samples out of 10000, 0 errors
16:20:39,816 INFO Experiment.PerfCost-eae5: Processed 5340 samples out of 10000, 0 errors
16:20:49,926 INFO Experiment.PerfCost-eae5: Processed 5350 samples out of 10000, 0 errors
16:21:00,61 INFO Experiment.PerfCost-eae5: Processed 5360 samples out of 10000, 0 errors
16:21:10,182 INFO Experiment.PerfCost-eae5: Processed 5370 samples out of 10000, 0 errors
16:21:20,338 INFO Experiment.PerfCost-eae5: Processed 5380 samples out of 10000, 0 errors
16:21:30,466 INFO Experiment.PerfCost-eae5: Processed 5390 samples out of 10000, 0 errors
16:21:40,651 INFO Experiment.PerfCost-eae5: Processed 5400 samples out of 10000, 0 errors
16:21:50,742 INFO Experiment.PerfCost-eae5: Processed 5410 samples out of 10000, 0 errors
16:22:00,878 INFO Experiment.PerfCost-eae5: Processed 5420 samples out of 10000, 0 errors
16:22:10,991 INFO Experiment.PerfCost-eae5: Processed 5430 samples out of 10000, 0 errors
16:22:21,140 INFO Experiment.PerfCost-eae5: Processed 5440 samples out of 10000, 0 errors
16:22:31,283 INFO Experiment.PerfCost-eae5: Processed 5450 samples out of 10000, 0 errors
16:22:41,411 INFO Experiment.PerfCost-eae5: Processed 5460 samples out of 10000, 0 errors
16:22:51,536 INFO Experiment.PerfCost-eae5: Processed 5470 samples out of 10000, 0 errors
16:23:01,675 INFO Experiment.PerfCost-eae5: Processed 5480 samples out of 10000, 0 errors
16:23:11,797 INFO Experiment.PerfCost-eae5: Processed 5490 samples out of 10000, 0 errors
16:23:21,951 INFO Experiment.PerfCost-eae5: Processed 5500 samples out of 10000, 0 errors
16:23:32,78 INFO Experiment.PerfCost-eae5: Processed 5510 samples out of 10000, 0 errors
16:23:42,199 INFO Experiment.PerfCost-eae5: Processed 5520 samples out of 10000, 0 errors
16:23:52,328 INFO Experiment.PerfCost-eae5: Processed 5530 samples out of 10000, 0 errors
16:24:02,453 INFO Experiment.PerfCost-eae5: Processed 5540 samples out of 10000, 0 errors
16:24:12,600 INFO Experiment.PerfCost-eae5: Processed 5550 samples out of 10000, 0 errors
16:24:22,719 INFO Experiment.PerfCost-eae5: Processed 5560 samples out of 10000, 0 errors
16:24:32,832 INFO Experiment.PerfCost-eae5: Processed 5570 samples out of 10000, 0 errors
16:24:42,974 INFO Experiment.PerfCost-eae5: Processed 5580 samples out of 10000, 0 errors
16:24:53,116 INFO Experiment.PerfCost-eae5: Processed 5590 samples out of 10000, 0 errors
16:25:03,258 INFO Experiment.PerfCost-eae5: Processed 5600 samples out of 10000, 0 errors
16:25:13,362 INFO Experiment.PerfCost-eae5: Processed 5610 samples out of 10000, 0 errors
16:25:23,480 INFO Experiment.PerfCost-eae5: Processed 5620 samples out of 10000, 0 errors
16:25:33,612 INFO Experiment.PerfCost-eae5: Processed 5630 samples out of 10000, 0 errors
16:25:43,741 INFO Experiment.PerfCost-eae5: Processed 5640 samples out of 10000, 0 errors
16:25:53,846 INFO Experiment.PerfCost-eae5: Processed 5650 samples out of 10000, 0 errors
16:26:03,995 INFO Experiment.PerfCost-eae5: Processed 5660 samples out of 10000, 0 errors
16:26:14,126 INFO Experiment.PerfCost-eae5: Processed 5670 samples out of 10000, 0 errors
16:26:24,241 INFO Experiment.PerfCost-eae5: Processed 5680 samples out of 10000, 0 errors
16:26:34,403 INFO Experiment.PerfCost-eae5: Processed 5690 samples out of 10000, 0 errors
16:26:44,560 INFO Experiment.PerfCost-eae5: Processed 5700 samples out of 10000, 0 errors
16:26:54,658 INFO Experiment.PerfCost-eae5: Processed 5710 samples out of 10000, 0 errors
16:27:04,801 INFO Experiment.PerfCost-eae5: Processed 5720 samples out of 10000, 0 errors
16:27:14,917 INFO Experiment.PerfCost-eae5: Processed 5730 samples out of 10000, 0 errors
16:27:25,41 INFO Experiment.PerfCost-eae5: Processed 5740 samples out of 10000, 0 errors
16:27:35,187 INFO Experiment.PerfCost-eae5: Processed 5750 samples out of 10000, 0 errors
16:27:45,312 INFO Experiment.PerfCost-eae5: Processed 5760 samples out of 10000, 0 errors
16:27:55,427 INFO Experiment.PerfCost-eae5: Processed 5770 samples out of 10000, 0 errors
16:28:05,593 INFO Experiment.PerfCost-eae5: Processed 5780 samples out of 10000, 0 errors
16:28:15,706 INFO Experiment.PerfCost-eae5: Processed 5790 samples out of 10000, 0 errors
16:28:25,822 INFO Experiment.PerfCost-eae5: Processed 5800 samples out of 10000, 0 errors
16:28:35,958 INFO Experiment.PerfCost-eae5: Processed 5810 samples out of 10000, 0 errors
16:28:46,112 INFO Experiment.PerfCost-eae5: Processed 5820 samples out of 10000, 0 errors
16:28:56,205 INFO Experiment.PerfCost-eae5: Processed 5830 samples out of 10000, 0 errors
16:29:06,346 INFO Experiment.PerfCost-eae5: Processed 5840 samples out of 10000, 0 errors
16:29:16,491 INFO Experiment.PerfCost-eae5: Processed 5850 samples out of 10000, 0 errors
16:29:26,636 INFO Experiment.PerfCost-eae5: Processed 5860 samples out of 10000, 0 errors
16:29:36,757 INFO Experiment.PerfCost-eae5: Processed 5870 samples out of 10000, 0 errors
16:29:46,863 INFO Experiment.PerfCost-eae5: Processed 5880 samples out of 10000, 0 errors
16:29:57,12 INFO Experiment.PerfCost-eae5: Processed 5890 samples out of 10000, 0 errors
16:30:07,154 INFO Experiment.PerfCost-eae5: Processed 5900 samples out of 10000, 0 errors
16:30:17,264 INFO Experiment.PerfCost-eae5: Processed 5910 samples out of 10000, 0 errors
16:30:27,402 INFO Experiment.PerfCost-eae5: Processed 5920 samples out of 10000, 0 errors
16:30:37,638 INFO Experiment.PerfCost-eae5: Processed 5930 samples out of 10000, 0 errors
16:30:47,753 INFO Experiment.PerfCost-eae5: Processed 5940 samples out of 10000, 0 errors
16:30:57,855 INFO Experiment.PerfCost-eae5: Processed 5950 samples out of 10000, 0 errors
16:31:07,971 INFO Experiment.PerfCost-eae5: Processed 5960 samples out of 10000, 0 errors
16:31:18,68 INFO Experiment.PerfCost-eae5: Processed 5970 samples out of 10000, 0 errors
16:31:28,201 INFO Experiment.PerfCost-eae5: Processed 5980 samples out of 10000, 0 errors
16:31:38,343 INFO Experiment.PerfCost-eae5: Processed 5990 samples out of 10000, 0 errors
16:31:48,519 INFO Experiment.PerfCost-eae5: Processed 6000 samples out of 10000, 0 errors
16:31:58,610 INFO Experiment.PerfCost-eae5: Processed 6010 samples out of 10000, 0 errors
16:32:08,746 INFO Experiment.PerfCost-eae5: Processed 6020 samples out of 10000, 0 errors
16:32:18,875 INFO Experiment.PerfCost-eae5: Processed 6030 samples out of 10000, 0 errors
16:32:29,8 INFO Experiment.PerfCost-eae5: Processed 6040 samples out of 10000, 0 errors
16:32:39,168 INFO Experiment.PerfCost-eae5: Processed 6050 samples out of 10000, 0 errors
16:32:49,286 INFO Experiment.PerfCost-eae5: Processed 6060 samples out of 10000, 0 errors
16:32:59,417 INFO Experiment.PerfCost-eae5: Processed 6070 samples out of 10000, 0 errors
16:33:09,540 INFO Experiment.PerfCost-eae5: Processed 6080 samples out of 10000, 0 errors
16:33:19,684 INFO Experiment.PerfCost-eae5: Processed 6090 samples out of 10000, 0 errors
16:33:29,803 INFO Experiment.PerfCost-eae5: Processed 6100 samples out of 10000, 0 errors
16:33:39,949 INFO Experiment.PerfCost-eae5: Processed 6110 samples out of 10000, 0 errors
16:33:50,36 INFO Experiment.PerfCost-eae5: Processed 6120 samples out of 10000, 0 errors
16:34:00,170 INFO Experiment.PerfCost-eae5: Processed 6130 samples out of 10000, 0 errors
16:34:10,337 INFO Experiment.PerfCost-eae5: Processed 6140 samples out of 10000, 0 errors
16:34:20,449 INFO Experiment.PerfCost-eae5: Processed 6150 samples out of 10000, 0 errors
16:34:30,581 INFO Experiment.PerfCost-eae5: Processed 6160 samples out of 10000, 0 errors
16:34:40,737 INFO Experiment.PerfCost-eae5: Processed 6170 samples out of 10000, 0 errors
16:34:50,873 INFO Experiment.PerfCost-eae5: Processed 6180 samples out of 10000, 0 errors
16:35:00,993 INFO Experiment.PerfCost-eae5: Processed 6190 samples out of 10000, 0 errors
16:35:11,105 INFO Experiment.PerfCost-eae5: Processed 6200 samples out of 10000, 0 errors
16:35:21,256 INFO Experiment.PerfCost-eae5: Processed 6210 samples out of 10000, 0 errors
16:35:31,360 INFO Experiment.PerfCost-eae5: Processed 6220 samples out of 10000, 0 errors
16:35:41,506 INFO Experiment.PerfCost-eae5: Processed 6230 samples out of 10000, 0 errors
16:35:51,641 INFO Experiment.PerfCost-eae5: Processed 6240 samples out of 10000, 0 errors
16:36:01,775 INFO Experiment.PerfCost-eae5: Processed 6250 samples out of 10000, 0 errors
16:36:11,910 INFO Experiment.PerfCost-eae5: Processed 6260 samples out of 10000, 0 errors
16:36:22,33 INFO Experiment.PerfCost-eae5: Processed 6270 samples out of 10000, 0 errors
16:36:32,192 INFO Experiment.PerfCost-eae5: Processed 6280 samples out of 10000, 0 errors
16:36:42,333 INFO Experiment.PerfCost-eae5: Processed 6290 samples out of 10000, 0 errors
16:36:52,479 INFO Experiment.PerfCost-eae5: Processed 6300 samples out of 10000, 0 errors
16:37:02,576 INFO Experiment.PerfCost-eae5: Processed 6310 samples out of 10000, 0 errors
16:37:12,726 INFO Experiment.PerfCost-eae5: Processed 6320 samples out of 10000, 0 errors
16:37:22,851 INFO Experiment.PerfCost-eae5: Processed 6330 samples out of 10000, 0 errors
16:37:32,975 INFO Experiment.PerfCost-eae5: Processed 6340 samples out of 10000, 0 errors
16:37:43,105 INFO Experiment.PerfCost-eae5: Processed 6350 samples out of 10000, 0 errors
16:37:53,235 INFO Experiment.PerfCost-eae5: Processed 6360 samples out of 10000, 0 errors
16:38:03,358 INFO Experiment.PerfCost-eae5: Processed 6370 samples out of 10000, 0 errors
16:38:13,482 INFO Experiment.PerfCost-eae5: Processed 6380 samples out of 10000, 0 errors
16:38:23,616 INFO Experiment.PerfCost-eae5: Processed 6390 samples out of 10000, 0 errors
16:38:33,736 INFO Experiment.PerfCost-eae5: Processed 6400 samples out of 10000, 0 errors
16:38:43,838 INFO Experiment.PerfCost-eae5: Processed 6410 samples out of 10000, 0 errors
16:38:53,980 INFO Experiment.PerfCost-eae5: Processed 6420 samples out of 10000, 0 errors
16:39:04,84 INFO Experiment.PerfCost-eae5: Processed 6430 samples out of 10000, 0 errors
16:39:14,222 INFO Experiment.PerfCost-eae5: Processed 6440 samples out of 10000, 0 errors
16:39:24,319 INFO Experiment.PerfCost-eae5: Processed 6450 samples out of 10000, 0 errors
16:39:34,460 INFO Experiment.PerfCost-eae5: Processed 6460 samples out of 10000, 0 errors
16:39:44,614 INFO Experiment.PerfCost-eae5: Processed 6470 samples out of 10000, 0 errors
16:39:54,719 INFO Experiment.PerfCost-eae5: Processed 6480 samples out of 10000, 0 errors
16:40:04,854 INFO Experiment.PerfCost-eae5: Processed 6490 samples out of 10000, 0 errors
16:40:14,988 INFO Experiment.PerfCost-eae5: Processed 6500 samples out of 10000, 0 errors
16:40:25,80 INFO Experiment.PerfCost-eae5: Processed 6510 samples out of 10000, 0 errors
16:40:35,222 INFO Experiment.PerfCost-eae5: Processed 6520 samples out of 10000, 0 errors
16:40:45,356 INFO Experiment.PerfCost-eae5: Processed 6530 samples out of 10000, 0 errors
16:40:55,501 INFO Experiment.PerfCost-eae5: Processed 6540 samples out of 10000, 0 errors
16:41:05,672 INFO Experiment.PerfCost-eae5: Processed 6550 samples out of 10000, 0 errors
16:41:15,778 INFO Experiment.PerfCost-eae5: Processed 6560 samples out of 10000, 0 errors
16:41:25,888 INFO Experiment.PerfCost-eae5: Processed 6570 samples out of 10000, 0 errors
16:41:36,15 INFO Experiment.PerfCost-eae5: Processed 6580 samples out of 10000, 0 errors
16:41:46,172 INFO Experiment.PerfCost-eae5: Processed 6590 samples out of 10000, 0 errors
16:41:56,376 INFO Experiment.PerfCost-eae5: Processed 6600 samples out of 10000, 0 errors
16:42:06,478 INFO Experiment.PerfCost-eae5: Processed 6610 samples out of 10000, 0 errors
16:42:16,571 INFO Experiment.PerfCost-eae5: Processed 6620 samples out of 10000, 0 errors
16:42:26,686 INFO Experiment.PerfCost-eae5: Processed 6630 samples out of 10000, 0 errors
16:42:36,831 INFO Experiment.PerfCost-eae5: Processed 6640 samples out of 10000, 0 errors
16:42:46,935 INFO Experiment.PerfCost-eae5: Processed 6650 samples out of 10000, 0 errors
16:42:57,85 INFO Experiment.PerfCost-eae5: Processed 6660 samples out of 10000, 0 errors
16:43:07,212 INFO Experiment.PerfCost-eae5: Processed 6670 samples out of 10000, 0 errors
16:43:17,337 INFO Experiment.PerfCost-eae5: Processed 6680 samples out of 10000, 0 errors
16:43:27,483 INFO Experiment.PerfCost-eae5: Processed 6690 samples out of 10000, 0 errors
16:43:37,611 INFO Experiment.PerfCost-eae5: Processed 6700 samples out of 10000, 0 errors
16:43:47,735 INFO Experiment.PerfCost-eae5: Processed 6710 samples out of 10000, 0 errors
16:43:57,866 INFO Experiment.PerfCost-eae5: Processed 6720 samples out of 10000, 0 errors
16:44:07,985 INFO Experiment.PerfCost-eae5: Processed 6730 samples out of 10000, 0 errors
16:44:18,121 INFO Experiment.PerfCost-eae5: Processed 6740 samples out of 10000, 0 errors
16:44:28,285 INFO Experiment.PerfCost-eae5: Processed 6750 samples out of 10000, 0 errors
16:44:38,417 INFO Experiment.PerfCost-eae5: Processed 6760 samples out of 10000, 0 errors
16:44:48,540 INFO Experiment.PerfCost-eae5: Processed 6770 samples out of 10000, 0 errors
16:44:58,667 INFO Experiment.PerfCost-eae5: Processed 6780 samples out of 10000, 0 errors
16:45:08,805 INFO Experiment.PerfCost-eae5: Processed 6790 samples out of 10000, 0 errors
16:45:18,924 INFO Experiment.PerfCost-eae5: Processed 6800 samples out of 10000, 0 errors
16:45:29,55 INFO Experiment.PerfCost-eae5: Processed 6810 samples out of 10000, 0 errors
16:45:39,191 INFO Experiment.PerfCost-eae5: Processed 6820 samples out of 10000, 0 errors
16:45:49,317 INFO Experiment.PerfCost-eae5: Processed 6830 samples out of 10000, 0 errors
16:45:59,457 INFO Experiment.PerfCost-eae5: Processed 6840 samples out of 10000, 0 errors
16:46:09,617 INFO Experiment.PerfCost-eae5: Processed 6850 samples out of 10000, 0 errors
16:46:19,736 INFO Experiment.PerfCost-eae5: Processed 6860 samples out of 10000, 0 errors
16:46:29,891 INFO Experiment.PerfCost-eae5: Processed 6870 samples out of 10000, 0 errors
16:46:40,30 INFO Experiment.PerfCost-eae5: Processed 6880 samples out of 10000, 0 errors
16:46:50,175 INFO Experiment.PerfCost-eae5: Processed 6890 samples out of 10000, 0 errors
16:47:00,362 INFO Experiment.PerfCost-eae5: Processed 6900 samples out of 10000, 0 errors
16:47:10,464 INFO Experiment.PerfCost-eae5: Processed 6910 samples out of 10000, 0 errors
16:47:20,576 INFO Experiment.PerfCost-eae5: Processed 6920 samples out of 10000, 0 errors
16:47:30,705 INFO Experiment.PerfCost-eae5: Processed 6930 samples out of 10000, 0 errors
16:47:40,828 INFO Experiment.PerfCost-eae5: Processed 6940 samples out of 10000, 0 errors
16:47:50,956 INFO Experiment.PerfCost-eae5: Processed 6950 samples out of 10000, 0 errors
16:48:01,108 INFO Experiment.PerfCost-eae5: Processed 6960 samples out of 10000, 0 errors
16:48:11,244 INFO Experiment.PerfCost-eae5: Processed 6970 samples out of 10000, 0 errors
16:48:21,378 INFO Experiment.PerfCost-eae5: Processed 6980 samples out of 10000, 0 errors
16:48:31,491 INFO Experiment.PerfCost-eae5: Processed 6990 samples out of 10000, 0 errors
16:48:41,615 INFO Experiment.PerfCost-eae5: Processed 7000 samples out of 10000, 0 errors
16:48:51,762 INFO Experiment.PerfCost-eae5: Processed 7010 samples out of 10000, 0 errors
16:49:01,890 INFO Experiment.PerfCost-eae5: Processed 7020 samples out of 10000, 0 errors
16:49:12,29 INFO Experiment.PerfCost-eae5: Processed 7030 samples out of 10000, 0 errors
16:49:22,167 INFO Experiment.PerfCost-eae5: Processed 7040 samples out of 10000, 0 errors
16:49:32,282 INFO Experiment.PerfCost-eae5: Processed 7050 samples out of 10000, 0 errors
16:49:42,409 INFO Experiment.PerfCost-eae5: Processed 7060 samples out of 10000, 0 errors
16:49:52,526 INFO Experiment.PerfCost-eae5: Processed 7070 samples out of 10000, 0 errors
16:50:02,679 INFO Experiment.PerfCost-eae5: Processed 7080 samples out of 10000, 0 errors
16:50:12,787 INFO Experiment.PerfCost-eae5: Processed 7090 samples out of 10000, 0 errors
16:50:22,931 INFO Experiment.PerfCost-eae5: Processed 7100 samples out of 10000, 0 errors
16:50:33,97 INFO Experiment.PerfCost-eae5: Processed 7110 samples out of 10000, 0 errors
16:50:43,249 INFO Experiment.PerfCost-eae5: Processed 7120 samples out of 10000, 0 errors
16:50:53,368 INFO Experiment.PerfCost-eae5: Processed 7130 samples out of 10000, 0 errors
16:51:03,496 INFO Experiment.PerfCost-eae5: Processed 7140 samples out of 10000, 0 errors
16:51:13,623 INFO Experiment.PerfCost-eae5: Processed 7150 samples out of 10000, 0 errors
16:51:23,756 INFO Experiment.PerfCost-eae5: Processed 7160 samples out of 10000, 0 errors
16:51:33,862 INFO Experiment.PerfCost-eae5: Processed 7170 samples out of 10000, 0 errors
16:51:43,975 INFO Experiment.PerfCost-eae5: Processed 7180 samples out of 10000, 0 errors
16:51:54,99 INFO Experiment.PerfCost-eae5: Processed 7190 samples out of 10000, 0 errors
16:52:04,284 INFO Experiment.PerfCost-eae5: Processed 7200 samples out of 10000, 0 errors
16:52:14,397 INFO Experiment.PerfCost-eae5: Processed 7210 samples out of 10000, 0 errors
16:52:24,538 INFO Experiment.PerfCost-eae5: Processed 7220 samples out of 10000, 0 errors
16:52:34,657 INFO Experiment.PerfCost-eae5: Processed 7230 samples out of 10000, 0 errors
16:52:44,796 INFO Experiment.PerfCost-eae5: Processed 7240 samples out of 10000, 0 errors
16:52:54,929 INFO Experiment.PerfCost-eae5: Processed 7250 samples out of 10000, 0 errors
16:53:05,36 INFO Experiment.PerfCost-eae5: Processed 7260 samples out of 10000, 0 errors
16:53:15,172 INFO Experiment.PerfCost-eae5: Processed 7270 samples out of 10000, 0 errors
16:53:25,303 INFO Experiment.PerfCost-eae5: Processed 7280 samples out of 10000, 0 errors
16:53:35,415 INFO Experiment.PerfCost-eae5: Processed 7290 samples out of 10000, 0 errors
16:53:45,559 INFO Experiment.PerfCost-eae5: Processed 7300 samples out of 10000, 0 errors
16:53:55,688 INFO Experiment.PerfCost-eae5: Processed 7310 samples out of 10000, 0 errors
16:54:05,805 INFO Experiment.PerfCost-eae5: Processed 7320 samples out of 10000, 0 errors
16:54:15,936 INFO Experiment.PerfCost-eae5: Processed 7330 samples out of 10000, 0 errors
16:54:26,80 INFO Experiment.PerfCost-eae5: Processed 7340 samples out of 10000, 0 errors
16:54:36,212 INFO Experiment.PerfCost-eae5: Processed 7350 samples out of 10000, 0 errors
16:54:46,343 INFO Experiment.PerfCost-eae5: Processed 7360 samples out of 10000, 0 errors
16:54:56,486 INFO Experiment.PerfCost-eae5: Processed 7370 samples out of 10000, 0 errors
16:55:06,610 INFO Experiment.PerfCost-eae5: Processed 7380 samples out of 10000, 0 errors
16:55:16,736 INFO Experiment.PerfCost-eae5: Processed 7390 samples out of 10000, 0 errors
16:55:26,885 INFO Experiment.PerfCost-eae5: Processed 7400 samples out of 10000, 0 errors
16:55:36,992 INFO Experiment.PerfCost-eae5: Processed 7410 samples out of 10000, 0 errors
16:55:47,139 INFO Experiment.PerfCost-eae5: Processed 7420 samples out of 10000, 0 errors
16:55:57,287 INFO Experiment.PerfCost-eae5: Processed 7430 samples out of 10000, 0 errors
16:56:07,394 INFO Experiment.PerfCost-eae5: Processed 7440 samples out of 10000, 0 errors
16:56:17,527 INFO Experiment.PerfCost-eae5: Processed 7450 samples out of 10000, 0 errors
16:56:27,646 INFO Experiment.PerfCost-eae5: Processed 7460 samples out of 10000, 0 errors
16:56:37,806 INFO Experiment.PerfCost-eae5: Processed 7470 samples out of 10000, 0 errors
16:56:47,923 INFO Experiment.PerfCost-eae5: Processed 7480 samples out of 10000, 0 errors
16:56:58,59 INFO Experiment.PerfCost-eae5: Processed 7490 samples out of 10000, 0 errors
16:57:08,267 INFO Experiment.PerfCost-eae5: Processed 7500 samples out of 10000, 0 errors
16:57:18,379 INFO Experiment.PerfCost-eae5: Processed 7510 samples out of 10000, 0 errors
16:57:28,485 INFO Experiment.PerfCost-eae5: Processed 7520 samples out of 10000, 0 errors
16:57:38,635 INFO Experiment.PerfCost-eae5: Processed 7530 samples out of 10000, 0 errors
16:57:48,753 INFO Experiment.PerfCost-eae5: Processed 7540 samples out of 10000, 0 errors
16:57:58,888 INFO Experiment.PerfCost-eae5: Processed 7550 samples out of 10000, 0 errors
16:58:09,39 INFO Experiment.PerfCost-eae5: Processed 7560 samples out of 10000, 0 errors
16:58:19,199 INFO Experiment.PerfCost-eae5: Processed 7570 samples out of 10000, 0 errors
16:58:29,311 INFO Experiment.PerfCost-eae5: Processed 7580 samples out of 10000, 0 errors
16:58:39,446 INFO Experiment.PerfCost-eae5: Processed 7590 samples out of 10000, 0 errors
16:58:49,604 INFO Experiment.PerfCost-eae5: Processed 7600 samples out of 10000, 0 errors
16:58:59,751 INFO Experiment.PerfCost-eae5: Processed 7610 samples out of 10000, 0 errors
16:59:09,858 INFO Experiment.PerfCost-eae5: Processed 7620 samples out of 10000, 0 errors
16:59:19,969 INFO Experiment.PerfCost-eae5: Processed 7630 samples out of 10000, 0 errors
16:59:30,138 INFO Experiment.PerfCost-eae5: Processed 7640 samples out of 10000, 0 errors
16:59:40,330 INFO Experiment.PerfCost-eae5: Processed 7650 samples out of 10000, 0 errors
16:59:50,425 INFO Experiment.PerfCost-eae5: Processed 7660 samples out of 10000, 0 errors
17:00:00,526 INFO Experiment.PerfCost-eae5: Processed 7670 samples out of 10000, 0 errors
17:00:10,676 INFO Experiment.PerfCost-eae5: Processed 7680 samples out of 10000, 0 errors
17:00:20,806 INFO Experiment.PerfCost-eae5: Processed 7690 samples out of 10000, 0 errors
17:00:30,949 INFO Experiment.PerfCost-eae5: Processed 7700 samples out of 10000, 0 errors
17:00:41,84 INFO Experiment.PerfCost-eae5: Processed 7710 samples out of 10000, 0 errors
17:00:51,181 INFO Experiment.PerfCost-eae5: Processed 7720 samples out of 10000, 0 errors
17:01:01,315 INFO Experiment.PerfCost-eae5: Processed 7730 samples out of 10000, 0 errors
17:01:11,410 INFO Experiment.PerfCost-eae5: Processed 7740 samples out of 10000, 0 errors
17:01:21,555 INFO Experiment.PerfCost-eae5: Processed 7750 samples out of 10000, 0 errors
17:01:31,679 INFO Experiment.PerfCost-eae5: Processed 7760 samples out of 10000, 0 errors
17:01:41,853 INFO Experiment.PerfCost-eae5: Processed 7770 samples out of 10000, 0 errors
17:01:51,953 INFO Experiment.PerfCost-eae5: Processed 7780 samples out of 10000, 0 errors
17:02:02,88 INFO Experiment.PerfCost-eae5: Processed 7790 samples out of 10000, 0 errors
17:02:12,243 INFO Experiment.PerfCost-eae5: Processed 7800 samples out of 10000, 0 errors
17:02:22,350 INFO Experiment.PerfCost-eae5: Processed 7810 samples out of 10000, 0 errors
17:02:32,460 INFO Experiment.PerfCost-eae5: Processed 7820 samples out of 10000, 0 errors
17:02:42,600 INFO Experiment.PerfCost-eae5: Processed 7830 samples out of 10000, 0 errors
17:02:52,730 INFO Experiment.PerfCost-eae5: Processed 7840 samples out of 10000, 0 errors
17:03:02,836 INFO Experiment.PerfCost-eae5: Processed 7850 samples out of 10000, 0 errors
17:03:12,963 INFO Experiment.PerfCost-eae5: Processed 7860 samples out of 10000, 0 errors
17:03:23,94 INFO Experiment.PerfCost-eae5: Processed 7870 samples out of 10000, 0 errors
17:03:33,252 INFO Experiment.PerfCost-eae5: Processed 7880 samples out of 10000, 0 errors
17:03:43,409 INFO Experiment.PerfCost-eae5: Processed 7890 samples out of 10000, 0 errors
17:03:53,503 INFO Experiment.PerfCost-eae5: Processed 7900 samples out of 10000, 0 errors
17:04:03,675 INFO Experiment.PerfCost-eae5: Processed 7910 samples out of 10000, 0 errors
17:04:13,785 INFO Experiment.PerfCost-eae5: Processed 7920 samples out of 10000, 0 errors
17:04:23,880 INFO Experiment.PerfCost-eae5: Processed 7930 samples out of 10000, 0 errors
17:04:34,6 INFO Experiment.PerfCost-eae5: Processed 7940 samples out of 10000, 0 errors
17:04:44,126 INFO Experiment.PerfCost-eae5: Processed 7950 samples out of 10000, 0 errors
17:04:54,266 INFO Experiment.PerfCost-eae5: Processed 7960 samples out of 10000, 0 errors
17:05:04,401 INFO Experiment.PerfCost-eae5: Processed 7970 samples out of 10000, 0 errors
17:05:14,522 INFO Experiment.PerfCost-eae5: Processed 7980 samples out of 10000, 0 errors
17:05:24,658 INFO Experiment.PerfCost-eae5: Processed 7990 samples out of 10000, 0 errors
17:05:34,819 INFO Experiment.PerfCost-eae5: Processed 8000 samples out of 10000, 0 errors
17:05:44,959 INFO Experiment.PerfCost-eae5: Processed 8010 samples out of 10000, 0 errors
17:05:55,112 INFO Experiment.PerfCost-eae5: Processed 8020 samples out of 10000, 0 errors
17:06:05,244 INFO Experiment.PerfCost-eae5: Processed 8030 samples out of 10000, 0 errors
17:06:15,400 INFO Experiment.PerfCost-eae5: Processed 8040 samples out of 10000, 0 errors
17:06:25,557 INFO Experiment.PerfCost-eae5: Processed 8050 samples out of 10000, 0 errors
17:06:35,683 INFO Experiment.PerfCost-eae5: Processed 8060 samples out of 10000, 0 errors
17:06:45,805 INFO Experiment.PerfCost-eae5: Processed 8070 samples out of 10000, 0 errors
17:06:55,973 INFO Experiment.PerfCost-eae5: Processed 8080 samples out of 10000, 0 errors
17:07:06,115 INFO Experiment.PerfCost-eae5: Processed 8090 samples out of 10000, 0 errors
17:07:16,277 INFO Experiment.PerfCost-eae5: Processed 8100 samples out of 10000, 0 errors
17:07:26,375 INFO Experiment.PerfCost-eae5: Processed 8110 samples out of 10000, 0 errors
17:07:36,490 INFO Experiment.PerfCost-eae5: Processed 8120 samples out of 10000, 0 errors
17:07:46,607 INFO Experiment.PerfCost-eae5: Processed 8130 samples out of 10000, 0 errors
17:07:56,739 INFO Experiment.PerfCost-eae5: Processed 8140 samples out of 10000, 0 errors
17:08:06,880 INFO Experiment.PerfCost-eae5: Processed 8150 samples out of 10000, 0 errors
17:08:17,7 INFO Experiment.PerfCost-eae5: Processed 8160 samples out of 10000, 0 errors
17:08:27,150 INFO Experiment.PerfCost-eae5: Processed 8170 samples out of 10000, 0 errors
17:08:37,281 INFO Experiment.PerfCost-eae5: Processed 8180 samples out of 10000, 0 errors
17:08:47,424 INFO Experiment.PerfCost-eae5: Processed 8190 samples out of 10000, 0 errors
17:08:57,551 INFO Experiment.PerfCost-eae5: Processed 8200 samples out of 10000, 0 errors
17:09:07,696 INFO Experiment.PerfCost-eae5: Processed 8210 samples out of 10000, 0 errors
17:09:17,812 INFO Experiment.PerfCost-eae5: Processed 8220 samples out of 10000, 0 errors
17:09:27,948 INFO Experiment.PerfCost-eae5: Processed 8230 samples out of 10000, 0 errors
17:09:38,105 INFO Experiment.PerfCost-eae5: Processed 8240 samples out of 10000, 0 errors
17:09:48,254 INFO Experiment.PerfCost-eae5: Processed 8250 samples out of 10000, 0 errors
17:09:58,386 INFO Experiment.PerfCost-eae5: Processed 8260 samples out of 10000, 0 errors
17:10:08,474 INFO Experiment.PerfCost-eae5: Processed 8270 samples out of 10000, 0 errors
17:10:18,597 INFO Experiment.PerfCost-eae5: Processed 8280 samples out of 10000, 0 errors
17:10:28,749 INFO Experiment.PerfCost-eae5: Processed 8290 samples out of 10000, 0 errors
17:10:38,857 INFO Experiment.PerfCost-eae5: Processed 8300 samples out of 10000, 0 errors
17:10:48,996 INFO Experiment.PerfCost-eae5: Processed 8310 samples out of 10000, 0 errors
17:10:59,125 INFO Experiment.PerfCost-eae5: Processed 8320 samples out of 10000, 0 errors
17:11:09,252 INFO Experiment.PerfCost-eae5: Processed 8330 samples out of 10000, 0 errors
17:11:19,401 INFO Experiment.PerfCost-eae5: Processed 8340 samples out of 10000, 0 errors
17:11:29,553 INFO Experiment.PerfCost-eae5: Processed 8350 samples out of 10000, 0 errors
17:11:39,680 INFO Experiment.PerfCost-eae5: Processed 8360 samples out of 10000, 0 errors
17:11:49,798 INFO Experiment.PerfCost-eae5: Processed 8370 samples out of 10000, 0 errors
17:11:59,917 INFO Experiment.PerfCost-eae5: Processed 8380 samples out of 10000, 0 errors
17:12:10,73 INFO Experiment.PerfCost-eae5: Processed 8390 samples out of 10000, 0 errors
17:12:20,248 INFO Experiment.PerfCost-eae5: Processed 8400 samples out of 10000, 0 errors
17:12:30,354 INFO Experiment.PerfCost-eae5: Processed 8410 samples out of 10000, 0 errors
17:12:40,460 INFO Experiment.PerfCost-eae5: Processed 8420 samples out of 10000, 0 errors
17:12:50,579 INFO Experiment.PerfCost-eae5: Processed 8430 samples out of 10000, 0 errors
17:13:00,722 INFO Experiment.PerfCost-eae5: Processed 8440 samples out of 10000, 0 errors
17:13:10,848 INFO Experiment.PerfCost-eae5: Processed 8450 samples out of 10000, 0 errors
17:13:20,965 INFO Experiment.PerfCost-eae5: Processed 8460 samples out of 10000, 0 errors
17:13:31,97 INFO Experiment.PerfCost-eae5: Processed 8470 samples out of 10000, 0 errors
17:13:41,233 INFO Experiment.PerfCost-eae5: Processed 8480 samples out of 10000, 0 errors
17:13:51,353 INFO Experiment.PerfCost-eae5: Processed 8490 samples out of 10000, 0 errors
17:14:01,549 INFO Experiment.PerfCost-eae5: Processed 8500 samples out of 10000, 0 errors
17:14:11,665 INFO Experiment.PerfCost-eae5: Processed 8510 samples out of 10000, 0 errors
17:14:21,783 INFO Experiment.PerfCost-eae5: Processed 8520 samples out of 10000, 0 errors
17:14:31,900 INFO Experiment.PerfCost-eae5: Processed 8530 samples out of 10000, 0 errors
17:14:42,32 INFO Experiment.PerfCost-eae5: Processed 8540 samples out of 10000, 0 errors
17:14:52,197 INFO Experiment.PerfCost-eae5: Processed 8550 samples out of 10000, 0 errors
17:15:02,334 INFO Experiment.PerfCost-eae5: Processed 8560 samples out of 10000, 0 errors
17:15:12,446 INFO Experiment.PerfCost-eae5: Processed 8570 samples out of 10000, 0 errors
17:15:22,606 INFO Experiment.PerfCost-eae5: Processed 8580 samples out of 10000, 0 errors
17:15:32,734 INFO Experiment.PerfCost-eae5: Processed 8590 samples out of 10000, 0 errors
17:15:42,883 INFO Experiment.PerfCost-eae5: Processed 8600 samples out of 10000, 0 errors
17:15:53,21 INFO Experiment.PerfCost-eae5: Processed 8610 samples out of 10000, 0 errors
17:16:03,173 INFO Experiment.PerfCost-eae5: Processed 8620 samples out of 10000, 0 errors
17:16:13,278 INFO Experiment.PerfCost-eae5: Processed 8630 samples out of 10000, 0 errors
17:16:23,387 INFO Experiment.PerfCost-eae5: Processed 8640 samples out of 10000, 0 errors
17:16:33,504 INFO Experiment.PerfCost-eae5: Processed 8650 samples out of 10000, 0 errors
17:16:43,614 INFO Experiment.PerfCost-eae5: Processed 8660 samples out of 10000, 0 errors
17:16:53,708 INFO Experiment.PerfCost-eae5: Processed 8670 samples out of 10000, 0 errors
17:17:03,829 INFO Experiment.PerfCost-eae5: Processed 8680 samples out of 10000, 0 errors
17:17:13,972 INFO Experiment.PerfCost-eae5: Processed 8690 samples out of 10000, 0 errors
17:17:24,142 INFO Experiment.PerfCost-eae5: Processed 8700 samples out of 10000, 0 errors
17:17:34,243 INFO Experiment.PerfCost-eae5: Processed 8710 samples out of 10000, 0 errors
17:17:44,381 INFO Experiment.PerfCost-eae5: Processed 8720 samples out of 10000, 0 errors
17:17:54,488 INFO Experiment.PerfCost-eae5: Processed 8730 samples out of 10000, 0 errors
17:18:04,627 INFO Experiment.PerfCost-eae5: Processed 8740 samples out of 10000, 0 errors
17:18:14,774 INFO Experiment.PerfCost-eae5: Processed 8750 samples out of 10000, 0 errors
17:18:24,881 INFO Experiment.PerfCost-eae5: Processed 8760 samples out of 10000, 0 errors
17:18:35,0 INFO Experiment.PerfCost-eae5: Processed 8770 samples out of 10000, 0 errors
17:18:45,122 INFO Experiment.PerfCost-eae5: Processed 8780 samples out of 10000, 0 errors
17:18:55,258 INFO Experiment.PerfCost-eae5: Processed 8790 samples out of 10000, 0 errors
17:19:05,414 INFO Experiment.PerfCost-eae5: Processed 8800 samples out of 10000, 0 errors
17:19:15,541 INFO Experiment.PerfCost-eae5: Processed 8810 samples out of 10000, 0 errors
17:19:25,688 INFO Experiment.PerfCost-eae5: Processed 8820 samples out of 10000, 0 errors
17:19:35,810 INFO Experiment.PerfCost-eae5: Processed 8830 samples out of 10000, 0 errors
17:19:45,910 INFO Experiment.PerfCost-eae5: Processed 8840 samples out of 10000, 0 errors
17:19:56,68 INFO Experiment.PerfCost-eae5: Processed 8850 samples out of 10000, 0 errors
17:20:06,203 INFO Experiment.PerfCost-eae5: Processed 8860 samples out of 10000, 0 errors
17:20:16,324 INFO Experiment.PerfCost-eae5: Processed 8870 samples out of 10000, 0 errors
17:20:26,442 INFO Experiment.PerfCost-eae5: Processed 8880 samples out of 10000, 0 errors
17:20:36,582 INFO Experiment.PerfCost-eae5: Processed 8890 samples out of 10000, 0 errors
17:20:46,717 INFO Experiment.PerfCost-eae5: Processed 8900 samples out of 10000, 0 errors
17:20:56,829 INFO Experiment.PerfCost-eae5: Processed 8910 samples out of 10000, 0 errors
17:21:06,958 INFO Experiment.PerfCost-eae5: Processed 8920 samples out of 10000, 0 errors
17:21:17,97 INFO Experiment.PerfCost-eae5: Processed 8930 samples out of 10000, 0 errors
17:21:27,209 INFO Experiment.PerfCost-eae5: Processed 8940 samples out of 10000, 0 errors
17:21:37,322 INFO Experiment.PerfCost-eae5: Processed 8950 samples out of 10000, 0 errors
17:21:47,452 INFO Experiment.PerfCost-eae5: Processed 8960 samples out of 10000, 0 errors
17:21:57,592 INFO Experiment.PerfCost-eae5: Processed 8970 samples out of 10000, 0 errors
17:22:07,732 INFO Experiment.PerfCost-eae5: Processed 8980 samples out of 10000, 0 errors
17:22:17,871 INFO Experiment.PerfCost-eae5: Processed 8990 samples out of 10000, 0 errors
17:22:28,76 INFO Experiment.PerfCost-eae5: Processed 9000 samples out of 10000, 0 errors
17:22:38,194 INFO Experiment.PerfCost-eae5: Processed 9010 samples out of 10000, 0 errors
17:22:48,304 INFO Experiment.PerfCost-eae5: Processed 9020 samples out of 10000, 0 errors
17:22:58,413 INFO Experiment.PerfCost-eae5: Processed 9030 samples out of 10000, 0 errors
17:23:08,523 INFO Experiment.PerfCost-eae5: Processed 9040 samples out of 10000, 0 errors
17:23:18,669 INFO Experiment.PerfCost-eae5: Processed 9050 samples out of 10000, 0 errors
17:23:28,773 INFO Experiment.PerfCost-eae5: Processed 9060 samples out of 10000, 0 errors
17:23:38,898 INFO Experiment.PerfCost-eae5: Processed 9070 samples out of 10000, 0 errors
17:23:49,29 INFO Experiment.PerfCost-eae5: Processed 9080 samples out of 10000, 0 errors
17:23:59,162 INFO Experiment.PerfCost-eae5: Processed 9090 samples out of 10000, 0 errors
17:24:09,307 INFO Experiment.PerfCost-eae5: Processed 9100 samples out of 10000, 0 errors
17:24:19,457 INFO Experiment.PerfCost-eae5: Processed 9110 samples out of 10000, 0 errors
17:24:29,595 INFO Experiment.PerfCost-eae5: Processed 9120 samples out of 10000, 0 errors
17:24:39,720 INFO Experiment.PerfCost-eae5: Processed 9130 samples out of 10000, 0 errors
17:24:49,835 INFO Experiment.PerfCost-eae5: Processed 9140 samples out of 10000, 0 errors
17:24:59,977 INFO Experiment.PerfCost-eae5: Processed 9150 samples out of 10000, 0 errors
17:25:10,98 INFO Experiment.PerfCost-eae5: Processed 9160 samples out of 10000, 0 errors
17:25:20,216 INFO Experiment.PerfCost-eae5: Processed 9170 samples out of 10000, 0 errors
17:25:30,342 INFO Experiment.PerfCost-eae5: Processed 9180 samples out of 10000, 0 errors
17:25:40,482 INFO Experiment.PerfCost-eae5: Processed 9190 samples out of 10000, 0 errors
17:25:50,619 INFO Experiment.PerfCost-eae5: Processed 9200 samples out of 10000, 0 errors
17:26:00,748 INFO Experiment.PerfCost-eae5: Processed 9210 samples out of 10000, 0 errors
17:26:10,878 INFO Experiment.PerfCost-eae5: Processed 9220 samples out of 10000, 0 errors
17:26:21,6 INFO Experiment.PerfCost-eae5: Processed 9230 samples out of 10000, 0 errors
17:26:31,144 INFO Experiment.PerfCost-eae5: Processed 9240 samples out of 10000, 0 errors
17:26:41,255 INFO Experiment.PerfCost-eae5: Processed 9250 samples out of 10000, 0 errors
17:26:51,362 INFO Experiment.PerfCost-eae5: Processed 9260 samples out of 10000, 0 errors
17:27:01,508 INFO Experiment.PerfCost-eae5: Processed 9270 samples out of 10000, 0 errors
17:27:11,649 INFO Experiment.PerfCost-eae5: Processed 9280 samples out of 10000, 0 errors
17:27:21,770 INFO Experiment.PerfCost-eae5: Processed 9290 samples out of 10000, 0 errors
17:27:31,944 INFO Experiment.PerfCost-eae5: Processed 9300 samples out of 10000, 0 errors
17:27:42,63 INFO Experiment.PerfCost-eae5: Processed 9310 samples out of 10000, 0 errors
17:27:52,177 INFO Experiment.PerfCost-eae5: Processed 9320 samples out of 10000, 0 errors
17:28:02,294 INFO Experiment.PerfCost-eae5: Processed 9330 samples out of 10000, 0 errors
17:28:12,451 INFO Experiment.PerfCost-eae5: Processed 9340 samples out of 10000, 0 errors
17:28:22,606 INFO Experiment.PerfCost-eae5: Processed 9350 samples out of 10000, 0 errors
17:28:32,746 INFO Experiment.PerfCost-eae5: Processed 9360 samples out of 10000, 0 errors
17:28:42,857 INFO Experiment.PerfCost-eae5: Processed 9370 samples out of 10000, 0 errors
17:28:53,10 INFO Experiment.PerfCost-eae5: Processed 9380 samples out of 10000, 0 errors
17:29:03,162 INFO Experiment.PerfCost-eae5: Processed 9390 samples out of 10000, 0 errors
17:29:13,280 INFO Experiment.PerfCost-eae5: Processed 9400 samples out of 10000, 0 errors
17:29:23,421 INFO Experiment.PerfCost-eae5: Processed 9410 samples out of 10000, 0 errors
17:29:33,526 INFO Experiment.PerfCost-eae5: Processed 9420 samples out of 10000, 0 errors
17:29:43,633 INFO Experiment.PerfCost-eae5: Processed 9430 samples out of 10000, 0 errors
17:29:53,799 INFO Experiment.PerfCost-eae5: Processed 9440 samples out of 10000, 0 errors
17:30:03,907 INFO Experiment.PerfCost-eae5: Processed 9450 samples out of 10000, 0 errors
17:30:14,15 INFO Experiment.PerfCost-eae5: Processed 9460 samples out of 10000, 0 errors
17:30:24,150 INFO Experiment.PerfCost-eae5: Processed 9470 samples out of 10000, 0 errors
17:30:34,267 INFO Experiment.PerfCost-eae5: Processed 9480 samples out of 10000, 0 errors
17:30:44,401 INFO Experiment.PerfCost-eae5: Processed 9490 samples out of 10000, 0 errors
17:30:54,557 INFO Experiment.PerfCost-eae5: Processed 9500 samples out of 10000, 0 errors
17:31:04,675 INFO Experiment.PerfCost-eae5: Processed 9510 samples out of 10000, 0 errors
17:31:14,799 INFO Experiment.PerfCost-eae5: Processed 9520 samples out of 10000, 0 errors
17:31:24,951 INFO Experiment.PerfCost-eae5: Processed 9530 samples out of 10000, 0 errors
17:31:35,96 INFO Experiment.PerfCost-eae5: Processed 9540 samples out of 10000, 0 errors
17:31:45,222 INFO Experiment.PerfCost-eae5: Processed 9550 samples out of 10000, 0 errors
17:31:55,342 INFO Experiment.PerfCost-eae5: Processed 9560 samples out of 10000, 0 errors
17:32:05,478 INFO Experiment.PerfCost-eae5: Processed 9570 samples out of 10000, 0 errors
17:32:15,606 INFO Experiment.PerfCost-eae5: Processed 9580 samples out of 10000, 0 errors
17:32:25,742 INFO Experiment.PerfCost-eae5: Processed 9590 samples out of 10000, 0 errors
17:32:35,929 INFO Experiment.PerfCost-eae5: Processed 9600 samples out of 10000, 0 errors
17:32:46,34 INFO Experiment.PerfCost-eae5: Processed 9610 samples out of 10000, 0 errors
17:32:56,135 INFO Experiment.PerfCost-eae5: Processed 9620 samples out of 10000, 0 errors
17:33:06,267 INFO Experiment.PerfCost-eae5: Processed 9630 samples out of 10000, 0 errors
17:33:16,418 INFO Experiment.PerfCost-eae5: Processed 9640 samples out of 10000, 0 errors
17:33:26,575 INFO Experiment.PerfCost-eae5: Processed 9650 samples out of 10000, 0 errors
17:33:36,697 INFO Experiment.PerfCost-eae5: Processed 9660 samples out of 10000, 0 errors
17:33:46,810 INFO Experiment.PerfCost-eae5: Processed 9670 samples out of 10000, 0 errors
17:33:56,936 INFO Experiment.PerfCost-eae5: Processed 9680 samples out of 10000, 0 errors
17:34:07,54 INFO Experiment.PerfCost-eae5: Processed 9690 samples out of 10000, 0 errors
17:34:17,198 INFO Experiment.PerfCost-eae5: Processed 9700 samples out of 10000, 0 errors
17:34:27,349 INFO Experiment.PerfCost-eae5: Processed 9710 samples out of 10000, 0 errors
17:34:37,471 INFO Experiment.PerfCost-eae5: Processed 9720 samples out of 10000, 0 errors
17:34:47,569 INFO Experiment.PerfCost-eae5: Processed 9730 samples out of 10000, 0 errors
17:34:57,719 INFO Experiment.PerfCost-eae5: Processed 9740 samples out of 10000, 0 errors
17:35:07,883 INFO Experiment.PerfCost-eae5: Processed 9750 samples out of 10000, 0 errors
17:35:17,989 INFO Experiment.PerfCost-eae5: Processed 9760 samples out of 10000, 0 errors
17:35:28,99 INFO Experiment.PerfCost-eae5: Processed 9770 samples out of 10000, 0 errors
17:35:38,248 INFO Experiment.PerfCost-eae5: Processed 9780 samples out of 10000, 0 errors
17:35:48,350 INFO Experiment.PerfCost-eae5: Processed 9790 samples out of 10000, 0 errors
17:35:58,478 INFO Experiment.PerfCost-eae5: Processed 9800 samples out of 10000, 0 errors
17:36:08,620 INFO Experiment.PerfCost-eae5: Processed 9810 samples out of 10000, 0 errors
17:36:18,727 INFO Experiment.PerfCost-eae5: Processed 9820 samples out of 10000, 0 errors
17:36:28,875 INFO Experiment.PerfCost-eae5: Processed 9830 samples out of 10000, 0 errors
17:36:39,16 INFO Experiment.PerfCost-eae5: Processed 9840 samples out of 10000, 0 errors
17:36:49,158 INFO Experiment.PerfCost-eae5: Processed 9850 samples out of 10000, 0 errors
17:36:59,258 INFO Experiment.PerfCost-eae5: Processed 9860 samples out of 10000, 0 errors
17:37:09,412 INFO Experiment.PerfCost-eae5: Processed 9870 samples out of 10000, 0 errors
17:37:19,527 INFO Experiment.PerfCost-eae5: Processed 9880 samples out of 10000, 0 errors
17:37:29,652 INFO Experiment.PerfCost-eae5: Processed 9890 samples out of 10000, 0 errors
17:37:39,801 INFO Experiment.PerfCost-eae5: Processed 9900 samples out of 10000, 0 errors
17:37:49,908 INFO Experiment.PerfCost-eae5: Processed 9910 samples out of 10000, 0 errors
17:38:00,20 INFO Experiment.PerfCost-eae5: Processed 9920 samples out of 10000, 0 errors
17:38:10,160 INFO Experiment.PerfCost-eae5: Processed 9930 samples out of 10000, 0 errors
17:38:20,296 INFO Experiment.PerfCost-eae5: Processed 9940 samples out of 10000, 0 errors
17:38:30,448 INFO Experiment.PerfCost-eae5: Processed 9950 samples out of 10000, 0 errors
17:38:40,540 INFO Experiment.PerfCost-eae5: Processed 9960 samples out of 10000, 0 errors
17:38:50,692 INFO Experiment.PerfCost-eae5: Processed 9970 samples out of 10000, 0 errors
17:39:00,806 INFO Experiment.PerfCost-eae5: Processed 9980 samples out of 10000, 0 errors
17:39:10,930 INFO Experiment.PerfCost-eae5: Processed 9990 samples out of 10000, 0 errors
17:39:21,74 INFO Experiment.PerfCost-eae5: Processed 10000 samples out of 10000, 0 errors
17:39:26,88 INFO Experiment.PerfCost-eae5: Mean 88.0404537 [ms], median 87.1525 [ms], std 26.946252257808624, CV 30.60667128048731
17:39:26,94 INFO Experiment.PerfCost-eae5: Parametric CI (Student's t-distribution) 0.95 from 87.51222651072406 to 88.56868088927594, within 0.5999823570604093% of mean
17:39:26,97 INFO Experiment.PerfCost-eae5: Non-parametric CI 0.95 from 86.524 to 87.819, within 0.7429505751412763% of median
17:39:26,99 INFO Experiment.PerfCost-eae5: Parametric CI (Student's t-distribution) 0.99 from 87.34619700483672 to 88.73471039516328, within 0.7885655582023376% of mean
17:39:26,103 INFO Experiment.PerfCost-eae5: Non-parametric CI 0.99 from 86.283 to 88.059, within 1.0189036459080325% of median
