12:22:50,735 INFO SeBS-06a7: Created experiment output at /home/anou/msc-thesis/task-based-experiment/experiment-results/python/non-instrumented/501.graph-pagerank
12:22:51,100 INFO OpenWhisk.Resources-0e1a: Using user-provided configuration of storage for OpenWhisk.
12:22:51,100 INFO OpenWhisk-63c3: Using existing resource name: 8504288e.
12:22:51,102 INFO Benchmark-4749: Building benchmark 501.graph-pagerank. Reason: no cached code package.
12:22:51,103 INFO Benchmark-4749: There is no Docker build image for openwhisk run in python, thus skipping the Docker-based installation of dependencies.
12:22:51,104 INFO OpenWhisk-63c3: Build the benchmark base image andersnou/msc-thesis:function.openwhisk.501.graph-pagerank.python-3.7.
12:22:51,602 INFO OpenWhisk-63c3: Push the benchmark base image andersnou/msc-thesis:function.openwhisk.501.graph-pagerank.python-3.7 to registry: Docker Hub.
12:22:53,81 INFO OpenWhisk-63c3: Created /home/anou/msc-thesis/task-based-experiment/experiment-results/python/non-instrumented/501.graph-pagerank/501.graph-pagerank_code/python/3.7/501.graph-pagerank.zip archive
12:22:53,81 INFO OpenWhisk-63c3: Zip archive size 0.000734 MB
12:22:53,82 INFO Benchmark-4749: Created code package (source hash: db36ee4d180eb66ddde7f92db0d144e9), for run on openwhisk with python:3.7
12:22:53,84 INFO OpenWhisk-63c3: Creating new function! Reason: function 501.graph-pagerank-python-3.7 not found in cache.
12:22:53,84 INFO OpenWhisk-63c3: Creating function as an action in OpenWhisk.
12:22:53,250 INFO OpenWhisk-63c3: Creating new OpenWhisk action 501.graph-pagerank-python-3.7
12:22:53,548 INFO Experiment.PerfCost-4939: Begin experiment on memory size 512
12:22:53,548 INFO OpenWhisk-63c3: Update an existing OpenWhisk action 501.graph-pagerank-python-3.7.
12:22:53,766 INFO Experiment.PerfCost-4939: Begin warm experiments
12:23:05,640 INFO Experiment.PerfCost-4939: Processed 0 warm-up samples, ignoring these results.
12:23:15,738 INFO Experiment.PerfCost-4939: Processed 10 samples out of 10000, 0 errors
12:23:25,826 INFO Experiment.PerfCost-4939: Processed 20 samples out of 10000, 0 errors
12:23:35,926 INFO Experiment.PerfCost-4939: Processed 30 samples out of 10000, 0 errors
12:23:46,16 INFO Experiment.PerfCost-4939: Processed 40 samples out of 10000, 0 errors
12:23:56,114 INFO Experiment.PerfCost-4939: Processed 50 samples out of 10000, 0 errors
12:24:06,204 INFO Experiment.PerfCost-4939: Processed 60 samples out of 10000, 0 errors
12:24:16,291 INFO Experiment.PerfCost-4939: Processed 70 samples out of 10000, 0 errors
12:24:26,382 INFO Experiment.PerfCost-4939: Processed 80 samples out of 10000, 0 errors
12:24:36,478 INFO Experiment.PerfCost-4939: Processed 90 samples out of 10000, 0 errors
12:24:46,563 INFO Experiment.PerfCost-4939: Processed 100 samples out of 10000, 0 errors
12:24:56,651 INFO Experiment.PerfCost-4939: Processed 110 samples out of 10000, 0 errors
12:25:06,737 INFO Experiment.PerfCost-4939: Processed 120 samples out of 10000, 0 errors
12:25:16,830 INFO Experiment.PerfCost-4939: Processed 130 samples out of 10000, 0 errors
12:25:26,942 INFO Experiment.PerfCost-4939: Processed 140 samples out of 10000, 0 errors
12:25:37,43 INFO Experiment.PerfCost-4939: Processed 150 samples out of 10000, 0 errors
12:25:47,142 INFO Experiment.PerfCost-4939: Processed 160 samples out of 10000, 0 errors
12:25:57,240 INFO Experiment.PerfCost-4939: Processed 170 samples out of 10000, 0 errors
12:26:07,332 INFO Experiment.PerfCost-4939: Processed 180 samples out of 10000, 0 errors
12:26:17,423 INFO Experiment.PerfCost-4939: Processed 190 samples out of 10000, 0 errors
12:26:27,515 INFO Experiment.PerfCost-4939: Processed 200 samples out of 10000, 0 errors
12:26:37,595 INFO Experiment.PerfCost-4939: Processed 210 samples out of 10000, 0 errors
12:26:47,685 INFO Experiment.PerfCost-4939: Processed 220 samples out of 10000, 0 errors
12:26:57,764 INFO Experiment.PerfCost-4939: Processed 230 samples out of 10000, 0 errors
12:27:07,856 INFO Experiment.PerfCost-4939: Processed 240 samples out of 10000, 0 errors
12:27:17,948 INFO Experiment.PerfCost-4939: Processed 250 samples out of 10000, 0 errors
12:27:28,47 INFO Experiment.PerfCost-4939: Processed 260 samples out of 10000, 0 errors
12:27:38,148 INFO Experiment.PerfCost-4939: Processed 270 samples out of 10000, 0 errors
12:27:48,233 INFO Experiment.PerfCost-4939: Processed 280 samples out of 10000, 0 errors
12:27:58,322 INFO Experiment.PerfCost-4939: Processed 290 samples out of 10000, 0 errors
12:28:08,473 INFO Experiment.PerfCost-4939: Processed 300 samples out of 10000, 0 errors
12:28:18,565 INFO Experiment.PerfCost-4939: Processed 310 samples out of 10000, 0 errors
12:28:28,658 INFO Experiment.PerfCost-4939: Processed 320 samples out of 10000, 0 errors
12:28:38,755 INFO Experiment.PerfCost-4939: Processed 330 samples out of 10000, 0 errors
12:28:48,859 INFO Experiment.PerfCost-4939: Processed 340 samples out of 10000, 0 errors
12:28:58,953 INFO Experiment.PerfCost-4939: Processed 350 samples out of 10000, 0 errors
12:29:09,43 INFO Experiment.PerfCost-4939: Processed 360 samples out of 10000, 0 errors
12:29:19,134 INFO Experiment.PerfCost-4939: Processed 370 samples out of 10000, 0 errors
12:29:29,229 INFO Experiment.PerfCost-4939: Processed 380 samples out of 10000, 0 errors
12:29:39,313 INFO Experiment.PerfCost-4939: Processed 390 samples out of 10000, 0 errors
12:29:49,413 INFO Experiment.PerfCost-4939: Processed 400 samples out of 10000, 0 errors
12:29:59,516 INFO Experiment.PerfCost-4939: Processed 410 samples out of 10000, 0 errors
12:30:09,622 INFO Experiment.PerfCost-4939: Processed 420 samples out of 10000, 0 errors
12:30:19,705 INFO Experiment.PerfCost-4939: Processed 430 samples out of 10000, 0 errors
12:30:29,799 INFO Experiment.PerfCost-4939: Processed 440 samples out of 10000, 0 errors
12:30:39,889 INFO Experiment.PerfCost-4939: Processed 450 samples out of 10000, 0 errors
12:30:49,987 INFO Experiment.PerfCost-4939: Processed 460 samples out of 10000, 0 errors
12:31:00,82 INFO Experiment.PerfCost-4939: Processed 470 samples out of 10000, 0 errors
12:31:10,174 INFO Experiment.PerfCost-4939: Processed 480 samples out of 10000, 0 errors
12:31:20,269 INFO Experiment.PerfCost-4939: Processed 490 samples out of 10000, 0 errors
12:31:30,355 INFO Experiment.PerfCost-4939: Processed 500 samples out of 10000, 0 errors
12:31:40,459 INFO Experiment.PerfCost-4939: Processed 510 samples out of 10000, 0 errors
12:31:50,557 INFO Experiment.PerfCost-4939: Processed 520 samples out of 10000, 0 errors
12:32:00,650 INFO Experiment.PerfCost-4939: Processed 530 samples out of 10000, 0 errors
12:32:10,731 INFO Experiment.PerfCost-4939: Processed 540 samples out of 10000, 0 errors
12:32:20,814 INFO Experiment.PerfCost-4939: Processed 550 samples out of 10000, 0 errors
12:32:30,908 INFO Experiment.PerfCost-4939: Processed 560 samples out of 10000, 0 errors
12:32:41,3 INFO Experiment.PerfCost-4939: Processed 570 samples out of 10000, 0 errors
12:32:51,90 INFO Experiment.PerfCost-4939: Processed 580 samples out of 10000, 0 errors
12:33:01,185 INFO Experiment.PerfCost-4939: Processed 590 samples out of 10000, 0 errors
12:33:11,322 INFO Experiment.PerfCost-4939: Processed 600 samples out of 10000, 0 errors
12:33:21,416 INFO Experiment.PerfCost-4939: Processed 610 samples out of 10000, 0 errors
12:33:31,511 INFO Experiment.PerfCost-4939: Processed 620 samples out of 10000, 0 errors
12:33:41,607 INFO Experiment.PerfCost-4939: Processed 630 samples out of 10000, 0 errors
12:33:51,720 INFO Experiment.PerfCost-4939: Processed 640 samples out of 10000, 0 errors
12:34:01,836 INFO Experiment.PerfCost-4939: Processed 650 samples out of 10000, 0 errors
12:34:11,934 INFO Experiment.PerfCost-4939: Processed 660 samples out of 10000, 0 errors
12:34:22,28 INFO Experiment.PerfCost-4939: Processed 670 samples out of 10000, 0 errors
12:34:32,121 INFO Experiment.PerfCost-4939: Processed 680 samples out of 10000, 0 errors
12:34:42,221 INFO Experiment.PerfCost-4939: Processed 690 samples out of 10000, 0 errors
12:34:52,321 INFO Experiment.PerfCost-4939: Processed 700 samples out of 10000, 0 errors
12:35:02,408 INFO Experiment.PerfCost-4939: Processed 710 samples out of 10000, 0 errors
12:35:12,508 INFO Experiment.PerfCost-4939: Processed 720 samples out of 10000, 0 errors
12:35:22,605 INFO Experiment.PerfCost-4939: Processed 730 samples out of 10000, 0 errors
12:35:32,699 INFO Experiment.PerfCost-4939: Processed 740 samples out of 10000, 0 errors
12:35:42,787 INFO Experiment.PerfCost-4939: Processed 750 samples out of 10000, 0 errors
12:35:52,883 INFO Experiment.PerfCost-4939: Processed 760 samples out of 10000, 0 errors
12:36:02,990 INFO Experiment.PerfCost-4939: Processed 770 samples out of 10000, 0 errors
12:36:13,85 INFO Experiment.PerfCost-4939: Processed 780 samples out of 10000, 0 errors
12:36:23,195 INFO Experiment.PerfCost-4939: Processed 790 samples out of 10000, 0 errors
12:36:33,292 INFO Experiment.PerfCost-4939: Processed 800 samples out of 10000, 0 errors
12:36:43,386 INFO Experiment.PerfCost-4939: Processed 810 samples out of 10000, 0 errors
12:36:53,490 INFO Experiment.PerfCost-4939: Processed 820 samples out of 10000, 0 errors
12:37:03,594 INFO Experiment.PerfCost-4939: Processed 830 samples out of 10000, 0 errors
12:37:13,684 INFO Experiment.PerfCost-4939: Processed 840 samples out of 10000, 0 errors
12:37:23,795 INFO Experiment.PerfCost-4939: Processed 850 samples out of 10000, 0 errors
12:37:33,897 INFO Experiment.PerfCost-4939: Processed 860 samples out of 10000, 0 errors
12:37:44,0 INFO Experiment.PerfCost-4939: Processed 870 samples out of 10000, 0 errors
12:37:54,94 INFO Experiment.PerfCost-4939: Processed 880 samples out of 10000, 0 errors
12:38:04,184 INFO Experiment.PerfCost-4939: Processed 890 samples out of 10000, 0 errors
12:38:14,322 INFO Experiment.PerfCost-4939: Processed 900 samples out of 10000, 0 errors
12:38:24,410 INFO Experiment.PerfCost-4939: Processed 910 samples out of 10000, 0 errors
12:38:34,500 INFO Experiment.PerfCost-4939: Processed 920 samples out of 10000, 0 errors
12:38:44,603 INFO Experiment.PerfCost-4939: Processed 930 samples out of 10000, 0 errors
12:38:54,703 INFO Experiment.PerfCost-4939: Processed 940 samples out of 10000, 0 errors
12:39:04,805 INFO Experiment.PerfCost-4939: Processed 950 samples out of 10000, 0 errors
12:39:14,907 INFO Experiment.PerfCost-4939: Processed 960 samples out of 10000, 0 errors
12:39:25,4 INFO Experiment.PerfCost-4939: Processed 970 samples out of 10000, 0 errors
12:39:35,97 INFO Experiment.PerfCost-4939: Processed 980 samples out of 10000, 0 errors
12:39:45,196 INFO Experiment.PerfCost-4939: Processed 990 samples out of 10000, 0 errors
12:39:55,286 INFO Experiment.PerfCost-4939: Processed 1000 samples out of 10000, 0 errors
12:40:05,378 INFO Experiment.PerfCost-4939: Processed 1010 samples out of 10000, 0 errors
12:40:15,519 INFO Experiment.PerfCost-4939: Processed 1020 samples out of 10000, 0 errors
12:40:25,613 INFO Experiment.PerfCost-4939: Processed 1030 samples out of 10000, 0 errors
12:40:35,715 INFO Experiment.PerfCost-4939: Processed 1040 samples out of 10000, 0 errors
12:40:45,811 INFO Experiment.PerfCost-4939: Processed 1050 samples out of 10000, 0 errors
12:40:55,907 INFO Experiment.PerfCost-4939: Processed 1060 samples out of 10000, 0 errors
12:41:06,0 INFO Experiment.PerfCost-4939: Processed 1070 samples out of 10000, 0 errors
12:41:16,95 INFO Experiment.PerfCost-4939: Processed 1080 samples out of 10000, 0 errors
12:41:26,194 INFO Experiment.PerfCost-4939: Processed 1090 samples out of 10000, 0 errors
12:41:36,288 INFO Experiment.PerfCost-4939: Processed 1100 samples out of 10000, 0 errors
12:41:46,390 INFO Experiment.PerfCost-4939: Processed 1110 samples out of 10000, 0 errors
12:41:56,487 INFO Experiment.PerfCost-4939: Processed 1120 samples out of 10000, 0 errors
12:42:06,598 INFO Experiment.PerfCost-4939: Processed 1130 samples out of 10000, 0 errors
12:42:16,685 INFO Experiment.PerfCost-4939: Processed 1140 samples out of 10000, 0 errors
12:42:26,788 INFO Experiment.PerfCost-4939: Processed 1150 samples out of 10000, 0 errors
12:42:36,873 INFO Experiment.PerfCost-4939: Processed 1160 samples out of 10000, 0 errors
12:42:46,970 INFO Experiment.PerfCost-4939: Processed 1170 samples out of 10000, 0 errors
12:42:57,73 INFO Experiment.PerfCost-4939: Processed 1180 samples out of 10000, 0 errors
12:43:07,172 INFO Experiment.PerfCost-4939: Processed 1190 samples out of 10000, 0 errors
12:43:17,321 INFO Experiment.PerfCost-4939: Processed 1200 samples out of 10000, 0 errors
12:43:27,419 INFO Experiment.PerfCost-4939: Processed 1210 samples out of 10000, 0 errors
12:43:37,512 INFO Experiment.PerfCost-4939: Processed 1220 samples out of 10000, 0 errors
12:43:47,613 INFO Experiment.PerfCost-4939: Processed 1230 samples out of 10000, 0 errors
12:43:57,711 INFO Experiment.PerfCost-4939: Processed 1240 samples out of 10000, 0 errors
12:44:07,818 INFO Experiment.PerfCost-4939: Processed 1250 samples out of 10000, 0 errors
12:44:17,906 INFO Experiment.PerfCost-4939: Processed 1260 samples out of 10000, 0 errors
12:44:27,992 INFO Experiment.PerfCost-4939: Processed 1270 samples out of 10000, 0 errors
12:44:38,98 INFO Experiment.PerfCost-4939: Processed 1280 samples out of 10000, 0 errors
12:44:48,193 INFO Experiment.PerfCost-4939: Processed 1290 samples out of 10000, 0 errors
12:44:58,299 INFO Experiment.PerfCost-4939: Processed 1300 samples out of 10000, 0 errors
12:45:08,394 INFO Experiment.PerfCost-4939: Processed 1310 samples out of 10000, 0 errors
12:45:18,505 INFO Experiment.PerfCost-4939: Processed 1320 samples out of 10000, 0 errors
12:45:28,595 INFO Experiment.PerfCost-4939: Processed 1330 samples out of 10000, 0 errors
12:45:38,687 INFO Experiment.PerfCost-4939: Processed 1340 samples out of 10000, 0 errors
12:45:48,797 INFO Experiment.PerfCost-4939: Processed 1350 samples out of 10000, 0 errors
12:45:58,902 INFO Experiment.PerfCost-4939: Processed 1360 samples out of 10000, 0 errors
12:46:09,6 INFO Experiment.PerfCost-4939: Processed 1370 samples out of 10000, 0 errors
12:46:19,117 INFO Experiment.PerfCost-4939: Processed 1380 samples out of 10000, 0 errors
12:46:29,219 INFO Experiment.PerfCost-4939: Processed 1390 samples out of 10000, 0 errors
12:46:39,316 INFO Experiment.PerfCost-4939: Processed 1400 samples out of 10000, 0 errors
12:46:49,409 INFO Experiment.PerfCost-4939: Processed 1410 samples out of 10000, 0 errors
12:46:59,498 INFO Experiment.PerfCost-4939: Processed 1420 samples out of 10000, 0 errors
12:47:09,596 INFO Experiment.PerfCost-4939: Processed 1430 samples out of 10000, 0 errors
12:47:19,687 INFO Experiment.PerfCost-4939: Processed 1440 samples out of 10000, 0 errors
12:47:29,773 INFO Experiment.PerfCost-4939: Processed 1450 samples out of 10000, 0 errors
12:47:39,882 INFO Experiment.PerfCost-4939: Processed 1460 samples out of 10000, 0 errors
12:47:49,985 INFO Experiment.PerfCost-4939: Processed 1470 samples out of 10000, 0 errors
12:48:00,80 INFO Experiment.PerfCost-4939: Processed 1480 samples out of 10000, 0 errors
12:48:10,179 INFO Experiment.PerfCost-4939: Processed 1490 samples out of 10000, 0 errors
12:48:20,341 INFO Experiment.PerfCost-4939: Processed 1500 samples out of 10000, 0 errors
12:48:30,447 INFO Experiment.PerfCost-4939: Processed 1510 samples out of 10000, 0 errors
12:48:40,542 INFO Experiment.PerfCost-4939: Processed 1520 samples out of 10000, 0 errors
12:48:50,627 INFO Experiment.PerfCost-4939: Processed 1530 samples out of 10000, 0 errors
12:49:00,739 INFO Experiment.PerfCost-4939: Processed 1540 samples out of 10000, 0 errors
12:49:10,831 INFO Experiment.PerfCost-4939: Processed 1550 samples out of 10000, 0 errors
12:49:20,934 INFO Experiment.PerfCost-4939: Processed 1560 samples out of 10000, 0 errors
12:49:31,35 INFO Experiment.PerfCost-4939: Processed 1570 samples out of 10000, 0 errors
12:49:41,153 INFO Experiment.PerfCost-4939: Processed 1580 samples out of 10000, 0 errors
12:49:51,256 INFO Experiment.PerfCost-4939: Processed 1590 samples out of 10000, 0 errors
12:50:01,368 INFO Experiment.PerfCost-4939: Processed 1600 samples out of 10000, 0 errors
12:50:11,463 INFO Experiment.PerfCost-4939: Processed 1610 samples out of 10000, 0 errors
12:50:21,561 INFO Experiment.PerfCost-4939: Processed 1620 samples out of 10000, 0 errors
12:50:31,658 INFO Experiment.PerfCost-4939: Processed 1630 samples out of 10000, 0 errors
12:50:41,766 INFO Experiment.PerfCost-4939: Processed 1640 samples out of 10000, 0 errors
12:50:51,872 INFO Experiment.PerfCost-4939: Processed 1650 samples out of 10000, 0 errors
12:51:01,971 INFO Experiment.PerfCost-4939: Processed 1660 samples out of 10000, 0 errors
12:51:12,74 INFO Experiment.PerfCost-4939: Processed 1670 samples out of 10000, 0 errors
12:51:22,159 INFO Experiment.PerfCost-4939: Processed 1680 samples out of 10000, 0 errors
12:51:32,269 INFO Experiment.PerfCost-4939: Processed 1690 samples out of 10000, 0 errors
12:51:42,364 INFO Experiment.PerfCost-4939: Processed 1700 samples out of 10000, 0 errors
12:51:52,477 INFO Experiment.PerfCost-4939: Processed 1710 samples out of 10000, 0 errors
12:52:02,575 INFO Experiment.PerfCost-4939: Processed 1720 samples out of 10000, 0 errors
12:52:12,682 INFO Experiment.PerfCost-4939: Processed 1730 samples out of 10000, 0 errors
12:52:22,784 INFO Experiment.PerfCost-4939: Processed 1740 samples out of 10000, 0 errors
12:52:32,888 INFO Experiment.PerfCost-4939: Processed 1750 samples out of 10000, 0 errors
12:52:43,5 INFO Experiment.PerfCost-4939: Processed 1760 samples out of 10000, 0 errors
12:52:53,110 INFO Experiment.PerfCost-4939: Processed 1770 samples out of 10000, 0 errors
12:53:03,210 INFO Experiment.PerfCost-4939: Processed 1780 samples out of 10000, 0 errors
12:53:13,301 INFO Experiment.PerfCost-4939: Processed 1790 samples out of 10000, 0 errors
12:53:23,441 INFO Experiment.PerfCost-4939: Processed 1800 samples out of 10000, 0 errors
12:53:33,539 INFO Experiment.PerfCost-4939: Processed 1810 samples out of 10000, 0 errors
12:53:43,634 INFO Experiment.PerfCost-4939: Processed 1820 samples out of 10000, 0 errors
12:53:53,782 INFO Experiment.PerfCost-4939: Processed 1830 samples out of 10000, 0 errors
12:54:03,883 INFO Experiment.PerfCost-4939: Processed 1840 samples out of 10000, 0 errors
12:54:13,989 INFO Experiment.PerfCost-4939: Processed 1850 samples out of 10000, 0 errors
12:54:24,80 INFO Experiment.PerfCost-4939: Processed 1860 samples out of 10000, 0 errors
12:54:34,175 INFO Experiment.PerfCost-4939: Processed 1870 samples out of 10000, 0 errors
12:54:44,284 INFO Experiment.PerfCost-4939: Processed 1880 samples out of 10000, 0 errors
12:54:54,370 INFO Experiment.PerfCost-4939: Processed 1890 samples out of 10000, 0 errors
12:55:04,461 INFO Experiment.PerfCost-4939: Processed 1900 samples out of 10000, 0 errors
12:55:14,555 INFO Experiment.PerfCost-4939: Processed 1910 samples out of 10000, 0 errors
12:55:24,662 INFO Experiment.PerfCost-4939: Processed 1920 samples out of 10000, 0 errors
12:55:34,755 INFO Experiment.PerfCost-4939: Processed 1930 samples out of 10000, 0 errors
12:55:44,861 INFO Experiment.PerfCost-4939: Processed 1940 samples out of 10000, 0 errors
12:55:54,965 INFO Experiment.PerfCost-4939: Processed 1950 samples out of 10000, 0 errors
12:56:05,73 INFO Experiment.PerfCost-4939: Processed 1960 samples out of 10000, 0 errors
12:56:15,176 INFO Experiment.PerfCost-4939: Processed 1970 samples out of 10000, 0 errors
12:56:25,286 INFO Experiment.PerfCost-4939: Processed 1980 samples out of 10000, 0 errors
12:56:35,397 INFO Experiment.PerfCost-4939: Processed 1990 samples out of 10000, 0 errors
12:56:45,494 INFO Experiment.PerfCost-4939: Processed 2000 samples out of 10000, 0 errors
12:56:55,631 INFO Experiment.PerfCost-4939: Processed 2010 samples out of 10000, 0 errors
12:57:05,725 INFO Experiment.PerfCost-4939: Processed 2020 samples out of 10000, 0 errors
12:57:15,822 INFO Experiment.PerfCost-4939: Processed 2030 samples out of 10000, 0 errors
12:57:25,930 INFO Experiment.PerfCost-4939: Processed 2040 samples out of 10000, 0 errors
12:57:36,33 INFO Experiment.PerfCost-4939: Processed 2050 samples out of 10000, 0 errors
12:57:46,137 INFO Experiment.PerfCost-4939: Processed 2060 samples out of 10000, 0 errors
12:57:56,245 INFO Experiment.PerfCost-4939: Processed 2070 samples out of 10000, 0 errors
12:58:06,346 INFO Experiment.PerfCost-4939: Processed 2080 samples out of 10000, 0 errors
12:58:16,450 INFO Experiment.PerfCost-4939: Processed 2090 samples out of 10000, 0 errors
12:58:26,616 INFO Experiment.PerfCost-4939: Processed 2100 samples out of 10000, 0 errors
12:58:36,724 INFO Experiment.PerfCost-4939: Processed 2110 samples out of 10000, 0 errors
12:58:46,830 INFO Experiment.PerfCost-4939: Processed 2120 samples out of 10000, 0 errors
12:58:56,937 INFO Experiment.PerfCost-4939: Processed 2130 samples out of 10000, 0 errors
12:59:07,47 INFO Experiment.PerfCost-4939: Processed 2140 samples out of 10000, 0 errors
12:59:17,156 INFO Experiment.PerfCost-4939: Processed 2150 samples out of 10000, 0 errors
12:59:27,262 INFO Experiment.PerfCost-4939: Processed 2160 samples out of 10000, 0 errors
12:59:37,359 INFO Experiment.PerfCost-4939: Processed 2170 samples out of 10000, 0 errors
12:59:47,460 INFO Experiment.PerfCost-4939: Processed 2180 samples out of 10000, 0 errors
12:59:57,563 INFO Experiment.PerfCost-4939: Processed 2190 samples out of 10000, 0 errors
13:00:07,668 INFO Experiment.PerfCost-4939: Processed 2200 samples out of 10000, 0 errors
13:00:17,775 INFO Experiment.PerfCost-4939: Processed 2210 samples out of 10000, 0 errors
13:00:27,873 INFO Experiment.PerfCost-4939: Processed 2220 samples out of 10000, 0 errors
13:00:37,971 INFO Experiment.PerfCost-4939: Processed 2230 samples out of 10000, 0 errors
13:00:48,79 INFO Experiment.PerfCost-4939: Processed 2240 samples out of 10000, 0 errors
13:00:58,174 INFO Experiment.PerfCost-4939: Processed 2250 samples out of 10000, 0 errors
13:01:08,273 INFO Experiment.PerfCost-4939: Processed 2260 samples out of 10000, 0 errors
13:01:18,373 INFO Experiment.PerfCost-4939: Processed 2270 samples out of 10000, 0 errors
13:01:28,495 INFO Experiment.PerfCost-4939: Processed 2280 samples out of 10000, 0 errors
13:01:38,612 INFO Experiment.PerfCost-4939: Processed 2290 samples out of 10000, 0 errors
13:01:48,710 INFO Experiment.PerfCost-4939: Processed 2300 samples out of 10000, 0 errors
13:01:58,829 INFO Experiment.PerfCost-4939: Processed 2310 samples out of 10000, 0 errors
13:02:08,937 INFO Experiment.PerfCost-4939: Processed 2320 samples out of 10000, 0 errors
13:02:19,30 INFO Experiment.PerfCost-4939: Processed 2330 samples out of 10000, 0 errors
13:02:29,144 INFO Experiment.PerfCost-4939: Processed 2340 samples out of 10000, 0 errors
13:02:39,254 INFO Experiment.PerfCost-4939: Processed 2350 samples out of 10000, 0 errors
13:02:49,350 INFO Experiment.PerfCost-4939: Processed 2360 samples out of 10000, 0 errors
13:02:59,455 INFO Experiment.PerfCost-4939: Processed 2370 samples out of 10000, 0 errors
13:03:09,557 INFO Experiment.PerfCost-4939: Processed 2380 samples out of 10000, 0 errors
13:03:19,660 INFO Experiment.PerfCost-4939: Processed 2390 samples out of 10000, 0 errors
13:03:29,812 INFO Experiment.PerfCost-4939: Processed 2400 samples out of 10000, 0 errors
13:03:39,913 INFO Experiment.PerfCost-4939: Processed 2410 samples out of 10000, 0 errors
13:03:50,17 INFO Experiment.PerfCost-4939: Processed 2420 samples out of 10000, 0 errors
13:04:00,136 INFO Experiment.PerfCost-4939: Processed 2430 samples out of 10000, 0 errors
13:04:10,247 INFO Experiment.PerfCost-4939: Processed 2440 samples out of 10000, 0 errors
13:04:20,344 INFO Experiment.PerfCost-4939: Processed 2450 samples out of 10000, 0 errors
13:04:30,446 INFO Experiment.PerfCost-4939: Processed 2460 samples out of 10000, 0 errors
13:04:40,567 INFO Experiment.PerfCost-4939: Processed 2470 samples out of 10000, 0 errors
13:04:50,671 INFO Experiment.PerfCost-4939: Processed 2480 samples out of 10000, 0 errors
13:05:00,784 INFO Experiment.PerfCost-4939: Processed 2490 samples out of 10000, 0 errors
13:05:10,895 INFO Experiment.PerfCost-4939: Processed 2500 samples out of 10000, 0 errors
13:05:21,11 INFO Experiment.PerfCost-4939: Processed 2510 samples out of 10000, 0 errors
13:05:31,124 INFO Experiment.PerfCost-4939: Processed 2520 samples out of 10000, 0 errors
13:05:41,221 INFO Experiment.PerfCost-4939: Processed 2530 samples out of 10000, 0 errors
13:05:51,327 INFO Experiment.PerfCost-4939: Processed 2540 samples out of 10000, 0 errors
13:06:01,465 INFO Experiment.PerfCost-4939: Processed 2550 samples out of 10000, 0 errors
13:06:11,567 INFO Experiment.PerfCost-4939: Processed 2560 samples out of 10000, 0 errors
13:06:21,677 INFO Experiment.PerfCost-4939: Processed 2570 samples out of 10000, 0 errors
13:06:31,782 INFO Experiment.PerfCost-4939: Processed 2580 samples out of 10000, 0 errors
13:06:41,886 INFO Experiment.PerfCost-4939: Processed 2590 samples out of 10000, 0 errors
13:06:51,985 INFO Experiment.PerfCost-4939: Processed 2600 samples out of 10000, 0 errors
13:07:02,101 INFO Experiment.PerfCost-4939: Processed 2610 samples out of 10000, 0 errors
13:07:12,230 INFO Experiment.PerfCost-4939: Processed 2620 samples out of 10000, 0 errors
13:07:22,341 INFO Experiment.PerfCost-4939: Processed 2630 samples out of 10000, 0 errors
13:07:32,445 INFO Experiment.PerfCost-4939: Processed 2640 samples out of 10000, 0 errors
13:07:42,538 INFO Experiment.PerfCost-4939: Processed 2650 samples out of 10000, 0 errors
13:07:52,673 INFO Experiment.PerfCost-4939: Processed 2660 samples out of 10000, 0 errors
13:08:02,802 INFO Experiment.PerfCost-4939: Processed 2670 samples out of 10000, 0 errors
13:08:12,970 INFO Experiment.PerfCost-4939: Processed 2680 samples out of 10000, 0 errors
13:08:23,114 INFO Experiment.PerfCost-4939: Processed 2690 samples out of 10000, 0 errors
13:08:33,283 INFO Experiment.PerfCost-4939: Processed 2700 samples out of 10000, 0 errors
13:08:43,394 INFO Experiment.PerfCost-4939: Processed 2710 samples out of 10000, 0 errors
13:08:53,533 INFO Experiment.PerfCost-4939: Processed 2720 samples out of 10000, 0 errors
13:09:03,663 INFO Experiment.PerfCost-4939: Processed 2730 samples out of 10000, 0 errors
13:09:13,796 INFO Experiment.PerfCost-4939: Processed 2740 samples out of 10000, 0 errors
13:09:23,906 INFO Experiment.PerfCost-4939: Processed 2750 samples out of 10000, 0 errors
13:09:34,24 INFO Experiment.PerfCost-4939: Processed 2760 samples out of 10000, 0 errors
13:09:44,172 INFO Experiment.PerfCost-4939: Processed 2770 samples out of 10000, 0 errors
13:09:54,317 INFO Experiment.PerfCost-4939: Processed 2780 samples out of 10000, 0 errors
13:10:04,452 INFO Experiment.PerfCost-4939: Processed 2790 samples out of 10000, 0 errors
13:10:14,585 INFO Experiment.PerfCost-4939: Processed 2800 samples out of 10000, 0 errors
13:10:24,728 INFO Experiment.PerfCost-4939: Processed 2810 samples out of 10000, 0 errors
13:10:34,844 INFO Experiment.PerfCost-4939: Processed 2820 samples out of 10000, 0 errors
13:10:44,983 INFO Experiment.PerfCost-4939: Processed 2830 samples out of 10000, 0 errors
13:10:55,97 INFO Experiment.PerfCost-4939: Processed 2840 samples out of 10000, 0 errors
13:11:05,222 INFO Experiment.PerfCost-4939: Processed 2850 samples out of 10000, 0 errors
13:11:15,344 INFO Experiment.PerfCost-4939: Processed 2860 samples out of 10000, 0 errors
13:11:25,490 INFO Experiment.PerfCost-4939: Processed 2870 samples out of 10000, 0 errors
13:11:35,651 INFO Experiment.PerfCost-4939: Processed 2880 samples out of 10000, 0 errors
13:11:45,785 INFO Experiment.PerfCost-4939: Processed 2890 samples out of 10000, 0 errors
13:11:55,942 INFO Experiment.PerfCost-4939: Processed 2900 samples out of 10000, 0 errors
13:12:06,123 INFO Experiment.PerfCost-4939: Processed 2910 samples out of 10000, 0 errors
13:12:16,255 INFO Experiment.PerfCost-4939: Processed 2920 samples out of 10000, 0 errors
13:12:26,402 INFO Experiment.PerfCost-4939: Processed 2930 samples out of 10000, 0 errors
13:12:36,515 INFO Experiment.PerfCost-4939: Processed 2940 samples out of 10000, 0 errors
13:12:46,671 INFO Experiment.PerfCost-4939: Processed 2950 samples out of 10000, 0 errors
13:12:56,814 INFO Experiment.PerfCost-4939: Processed 2960 samples out of 10000, 0 errors
13:13:06,939 INFO Experiment.PerfCost-4939: Processed 2970 samples out of 10000, 0 errors
13:13:17,62 INFO Experiment.PerfCost-4939: Processed 2980 samples out of 10000, 0 errors
13:13:27,181 INFO Experiment.PerfCost-4939: Processed 2990 samples out of 10000, 0 errors
13:13:37,401 INFO Experiment.PerfCost-4939: Processed 3000 samples out of 10000, 0 errors
13:13:47,515 INFO Experiment.PerfCost-4939: Processed 3010 samples out of 10000, 0 errors
13:13:57,622 INFO Experiment.PerfCost-4939: Processed 3020 samples out of 10000, 0 errors
13:14:07,759 INFO Experiment.PerfCost-4939: Processed 3030 samples out of 10000, 0 errors
13:14:17,878 INFO Experiment.PerfCost-4939: Processed 3040 samples out of 10000, 0 errors
13:14:28,5 INFO Experiment.PerfCost-4939: Processed 3050 samples out of 10000, 0 errors
13:14:38,130 INFO Experiment.PerfCost-4939: Processed 3060 samples out of 10000, 0 errors
13:14:48,281 INFO Experiment.PerfCost-4939: Processed 3070 samples out of 10000, 0 errors
13:14:58,446 INFO Experiment.PerfCost-4939: Processed 3080 samples out of 10000, 0 errors
13:15:08,561 INFO Experiment.PerfCost-4939: Processed 3090 samples out of 10000, 0 errors
13:15:18,675 INFO Experiment.PerfCost-4939: Processed 3100 samples out of 10000, 0 errors
13:15:28,803 INFO Experiment.PerfCost-4939: Processed 3110 samples out of 10000, 0 errors
13:15:38,937 INFO Experiment.PerfCost-4939: Processed 3120 samples out of 10000, 0 errors
13:15:49,81 INFO Experiment.PerfCost-4939: Processed 3130 samples out of 10000, 0 errors
13:15:59,208 INFO Experiment.PerfCost-4939: Processed 3140 samples out of 10000, 0 errors
13:16:09,335 INFO Experiment.PerfCost-4939: Processed 3150 samples out of 10000, 0 errors
13:16:19,468 INFO Experiment.PerfCost-4939: Processed 3160 samples out of 10000, 0 errors
13:16:29,600 INFO Experiment.PerfCost-4939: Processed 3170 samples out of 10000, 0 errors
13:16:39,732 INFO Experiment.PerfCost-4939: Processed 3180 samples out of 10000, 0 errors
13:16:49,854 INFO Experiment.PerfCost-4939: Processed 3190 samples out of 10000, 0 errors
13:17:00,15 INFO Experiment.PerfCost-4939: Processed 3200 samples out of 10000, 0 errors
13:17:10,137 INFO Experiment.PerfCost-4939: Processed 3210 samples out of 10000, 0 errors
13:17:20,263 INFO Experiment.PerfCost-4939: Processed 3220 samples out of 10000, 0 errors
13:17:30,388 INFO Experiment.PerfCost-4939: Processed 3230 samples out of 10000, 0 errors
13:17:40,504 INFO Experiment.PerfCost-4939: Processed 3240 samples out of 10000, 0 errors
13:17:50,626 INFO Experiment.PerfCost-4939: Processed 3250 samples out of 10000, 0 errors
13:18:00,762 INFO Experiment.PerfCost-4939: Processed 3260 samples out of 10000, 0 errors
13:18:10,881 INFO Experiment.PerfCost-4939: Processed 3270 samples out of 10000, 0 errors
13:18:21,17 INFO Experiment.PerfCost-4939: Processed 3280 samples out of 10000, 0 errors
13:18:31,175 INFO Experiment.PerfCost-4939: Processed 3290 samples out of 10000, 0 errors
13:18:41,397 INFO Experiment.PerfCost-4939: Processed 3300 samples out of 10000, 0 errors
13:18:51,494 INFO Experiment.PerfCost-4939: Processed 3310 samples out of 10000, 0 errors
13:19:01,616 INFO Experiment.PerfCost-4939: Processed 3320 samples out of 10000, 0 errors
13:19:11,741 INFO Experiment.PerfCost-4939: Processed 3330 samples out of 10000, 0 errors
13:19:21,855 INFO Experiment.PerfCost-4939: Processed 3340 samples out of 10000, 0 errors
13:19:32,12 INFO Experiment.PerfCost-4939: Processed 3350 samples out of 10000, 0 errors
13:19:42,232 INFO Experiment.PerfCost-4939: Processed 3360 samples out of 10000, 0 errors
13:19:52,342 INFO Experiment.PerfCost-4939: Processed 3370 samples out of 10000, 0 errors
13:20:02,442 INFO Experiment.PerfCost-4939: Processed 3380 samples out of 10000, 0 errors
13:20:12,540 INFO Experiment.PerfCost-4939: Processed 3390 samples out of 10000, 0 errors
13:20:22,698 INFO Experiment.PerfCost-4939: Processed 3400 samples out of 10000, 0 errors
13:20:32,829 INFO Experiment.PerfCost-4939: Processed 3410 samples out of 10000, 0 errors
13:20:42,926 INFO Experiment.PerfCost-4939: Processed 3420 samples out of 10000, 0 errors
13:20:53,53 INFO Experiment.PerfCost-4939: Processed 3430 samples out of 10000, 0 errors
13:21:03,167 INFO Experiment.PerfCost-4939: Processed 3440 samples out of 10000, 0 errors
13:21:13,289 INFO Experiment.PerfCost-4939: Processed 3450 samples out of 10000, 0 errors
13:21:23,453 INFO Experiment.PerfCost-4939: Processed 3460 samples out of 10000, 0 errors
13:21:33,599 INFO Experiment.PerfCost-4939: Processed 3470 samples out of 10000, 0 errors
13:21:43,774 INFO Experiment.PerfCost-4939: Processed 3480 samples out of 10000, 0 errors
13:21:53,878 INFO Experiment.PerfCost-4939: Processed 3490 samples out of 10000, 0 errors
13:22:03,979 INFO Experiment.PerfCost-4939: Processed 3500 samples out of 10000, 0 errors
13:22:14,107 INFO Experiment.PerfCost-4939: Processed 3510 samples out of 10000, 0 errors
13:22:24,246 INFO Experiment.PerfCost-4939: Processed 3520 samples out of 10000, 0 errors
13:22:34,394 INFO Experiment.PerfCost-4939: Processed 3530 samples out of 10000, 0 errors
13:22:44,522 INFO Experiment.PerfCost-4939: Processed 3540 samples out of 10000, 0 errors
13:22:54,668 INFO Experiment.PerfCost-4939: Processed 3550 samples out of 10000, 0 errors
13:23:04,790 INFO Experiment.PerfCost-4939: Processed 3560 samples out of 10000, 0 errors
13:23:14,938 INFO Experiment.PerfCost-4939: Processed 3570 samples out of 10000, 0 errors
13:23:25,115 INFO Experiment.PerfCost-4939: Processed 3580 samples out of 10000, 0 errors
13:23:35,207 INFO Experiment.PerfCost-4939: Processed 3590 samples out of 10000, 0 errors
13:23:45,386 INFO Experiment.PerfCost-4939: Processed 3600 samples out of 10000, 0 errors
13:23:55,484 INFO Experiment.PerfCost-4939: Processed 3610 samples out of 10000, 0 errors
13:24:05,626 INFO Experiment.PerfCost-4939: Processed 3620 samples out of 10000, 0 errors
13:24:15,741 INFO Experiment.PerfCost-4939: Processed 3630 samples out of 10000, 0 errors
13:24:25,875 INFO Experiment.PerfCost-4939: Processed 3640 samples out of 10000, 0 errors
13:24:36,10 INFO Experiment.PerfCost-4939: Processed 3650 samples out of 10000, 0 errors
13:24:46,146 INFO Experiment.PerfCost-4939: Processed 3660 samples out of 10000, 0 errors
13:24:56,321 INFO Experiment.PerfCost-4939: Processed 3670 samples out of 10000, 0 errors
13:25:06,435 INFO Experiment.PerfCost-4939: Processed 3680 samples out of 10000, 0 errors
13:25:16,566 INFO Experiment.PerfCost-4939: Processed 3690 samples out of 10000, 0 errors
13:25:26,714 INFO Experiment.PerfCost-4939: Processed 3700 samples out of 10000, 0 errors
13:25:36,864 INFO Experiment.PerfCost-4939: Processed 3710 samples out of 10000, 0 errors
13:25:47,19 INFO Experiment.PerfCost-4939: Processed 3720 samples out of 10000, 0 errors
13:25:57,191 INFO Experiment.PerfCost-4939: Processed 3730 samples out of 10000, 0 errors
13:26:07,300 INFO Experiment.PerfCost-4939: Processed 3740 samples out of 10000, 0 errors
13:26:17,412 INFO Experiment.PerfCost-4939: Processed 3750 samples out of 10000, 0 errors
13:26:27,555 INFO Experiment.PerfCost-4939: Processed 3760 samples out of 10000, 0 errors
13:26:37,670 INFO Experiment.PerfCost-4939: Processed 3770 samples out of 10000, 0 errors
13:26:47,828 INFO Experiment.PerfCost-4939: Processed 3780 samples out of 10000, 0 errors
13:26:57,946 INFO Experiment.PerfCost-4939: Processed 3790 samples out of 10000, 0 errors
13:27:08,95 INFO Experiment.PerfCost-4939: Processed 3800 samples out of 10000, 0 errors
13:27:18,230 INFO Experiment.PerfCost-4939: Processed 3810 samples out of 10000, 0 errors
13:27:28,382 INFO Experiment.PerfCost-4939: Processed 3820 samples out of 10000, 0 errors
13:27:38,530 INFO Experiment.PerfCost-4939: Processed 3830 samples out of 10000, 0 errors
13:27:48,700 INFO Experiment.PerfCost-4939: Processed 3840 samples out of 10000, 0 errors
13:27:58,831 INFO Experiment.PerfCost-4939: Processed 3850 samples out of 10000, 0 errors
13:28:08,959 INFO Experiment.PerfCost-4939: Processed 3860 samples out of 10000, 0 errors
13:28:19,83 INFO Experiment.PerfCost-4939: Processed 3870 samples out of 10000, 0 errors
13:28:29,219 INFO Experiment.PerfCost-4939: Processed 3880 samples out of 10000, 0 errors
13:28:39,359 INFO Experiment.PerfCost-4939: Processed 3890 samples out of 10000, 0 errors
13:28:49,527 INFO Experiment.PerfCost-4939: Processed 3900 samples out of 10000, 0 errors
13:28:59,637 INFO Experiment.PerfCost-4939: Processed 3910 samples out of 10000, 0 errors
13:29:09,739 INFO Experiment.PerfCost-4939: Processed 3920 samples out of 10000, 0 errors
13:29:19,852 INFO Experiment.PerfCost-4939: Processed 3930 samples out of 10000, 0 errors
13:29:29,980 INFO Experiment.PerfCost-4939: Processed 3940 samples out of 10000, 0 errors
13:29:40,131 INFO Experiment.PerfCost-4939: Processed 3950 samples out of 10000, 0 errors
13:29:50,280 INFO Experiment.PerfCost-4939: Processed 3960 samples out of 10000, 0 errors
13:30:00,420 INFO Experiment.PerfCost-4939: Processed 3970 samples out of 10000, 0 errors
13:30:10,563 INFO Experiment.PerfCost-4939: Processed 3980 samples out of 10000, 0 errors
13:30:20,698 INFO Experiment.PerfCost-4939: Processed 3990 samples out of 10000, 0 errors
13:30:30,863 INFO Experiment.PerfCost-4939: Processed 4000 samples out of 10000, 0 errors
13:30:40,959 INFO Experiment.PerfCost-4939: Processed 4010 samples out of 10000, 0 errors
13:30:51,106 INFO Experiment.PerfCost-4939: Processed 4020 samples out of 10000, 0 errors
13:31:01,205 INFO Experiment.PerfCost-4939: Processed 4030 samples out of 10000, 0 errors
13:31:11,342 INFO Experiment.PerfCost-4939: Processed 4040 samples out of 10000, 0 errors
13:31:21,458 INFO Experiment.PerfCost-4939: Processed 4050 samples out of 10000, 0 errors
13:31:31,596 INFO Experiment.PerfCost-4939: Processed 4060 samples out of 10000, 0 errors
13:31:41,718 INFO Experiment.PerfCost-4939: Processed 4070 samples out of 10000, 0 errors
13:31:51,879 INFO Experiment.PerfCost-4939: Processed 4080 samples out of 10000, 0 errors
13:32:02,7 INFO Experiment.PerfCost-4939: Processed 4090 samples out of 10000, 0 errors
13:32:12,126 INFO Experiment.PerfCost-4939: Processed 4100 samples out of 10000, 0 errors
13:32:22,277 INFO Experiment.PerfCost-4939: Processed 4110 samples out of 10000, 0 errors
13:32:32,417 INFO Experiment.PerfCost-4939: Processed 4120 samples out of 10000, 0 errors
13:32:42,512 INFO Experiment.PerfCost-4939: Processed 4130 samples out of 10000, 0 errors
13:32:52,672 INFO Experiment.PerfCost-4939: Processed 4140 samples out of 10000, 0 errors
13:33:02,771 INFO Experiment.PerfCost-4939: Processed 4150 samples out of 10000, 0 errors
13:33:12,892 INFO Experiment.PerfCost-4939: Processed 4160 samples out of 10000, 0 errors
13:33:23,33 INFO Experiment.PerfCost-4939: Processed 4170 samples out of 10000, 0 errors
13:33:33,152 INFO Experiment.PerfCost-4939: Processed 4180 samples out of 10000, 0 errors
13:33:43,309 INFO Experiment.PerfCost-4939: Processed 4190 samples out of 10000, 0 errors
13:33:53,511 INFO Experiment.PerfCost-4939: Processed 4200 samples out of 10000, 0 errors
13:34:03,618 INFO Experiment.PerfCost-4939: Processed 4210 samples out of 10000, 0 errors
13:34:13,750 INFO Experiment.PerfCost-4939: Processed 4220 samples out of 10000, 0 errors
13:34:23,838 INFO Experiment.PerfCost-4939: Processed 4230 samples out of 10000, 0 errors
13:34:33,985 INFO Experiment.PerfCost-4939: Processed 4240 samples out of 10000, 0 errors
13:34:44,101 INFO Experiment.PerfCost-4939: Processed 4250 samples out of 10000, 0 errors
13:34:54,201 INFO Experiment.PerfCost-4939: Processed 4260 samples out of 10000, 0 errors
13:35:04,347 INFO Experiment.PerfCost-4939: Processed 4270 samples out of 10000, 0 errors
13:35:14,493 INFO Experiment.PerfCost-4939: Processed 4280 samples out of 10000, 0 errors
13:35:24,644 INFO Experiment.PerfCost-4939: Processed 4290 samples out of 10000, 0 errors
13:35:34,747 INFO Experiment.PerfCost-4939: Processed 4300 samples out of 10000, 0 errors
13:35:44,903 INFO Experiment.PerfCost-4939: Processed 4310 samples out of 10000, 0 errors
13:35:55,44 INFO Experiment.PerfCost-4939: Processed 4320 samples out of 10000, 0 errors
13:36:05,215 INFO Experiment.PerfCost-4939: Processed 4330 samples out of 10000, 0 errors
13:36:15,362 INFO Experiment.PerfCost-4939: Processed 4340 samples out of 10000, 0 errors
13:36:25,487 INFO Experiment.PerfCost-4939: Processed 4350 samples out of 10000, 0 errors
13:36:35,633 INFO Experiment.PerfCost-4939: Processed 4360 samples out of 10000, 0 errors
13:36:45,800 INFO Experiment.PerfCost-4939: Processed 4370 samples out of 10000, 0 errors
13:36:55,891 INFO Experiment.PerfCost-4939: Processed 4380 samples out of 10000, 0 errors
13:37:06,39 INFO Experiment.PerfCost-4939: Processed 4390 samples out of 10000, 0 errors
13:37:16,169 INFO Experiment.PerfCost-4939: Processed 4400 samples out of 10000, 0 errors
13:37:26,306 INFO Experiment.PerfCost-4939: Processed 4410 samples out of 10000, 0 errors
13:37:36,440 INFO Experiment.PerfCost-4939: Processed 4420 samples out of 10000, 0 errors
13:37:46,556 INFO Experiment.PerfCost-4939: Processed 4430 samples out of 10000, 0 errors
13:37:56,691 INFO Experiment.PerfCost-4939: Processed 4440 samples out of 10000, 0 errors
13:38:06,838 INFO Experiment.PerfCost-4939: Processed 4450 samples out of 10000, 0 errors
13:38:16,965 INFO Experiment.PerfCost-4939: Processed 4460 samples out of 10000, 0 errors
13:38:27,110 INFO Experiment.PerfCost-4939: Processed 4470 samples out of 10000, 0 errors
13:38:37,270 INFO Experiment.PerfCost-4939: Processed 4480 samples out of 10000, 0 errors
13:38:47,393 INFO Experiment.PerfCost-4939: Processed 4490 samples out of 10000, 0 errors
13:38:57,573 INFO Experiment.PerfCost-4939: Processed 4500 samples out of 10000, 0 errors
13:39:07,700 INFO Experiment.PerfCost-4939: Processed 4510 samples out of 10000, 0 errors
13:39:17,816 INFO Experiment.PerfCost-4939: Processed 4520 samples out of 10000, 0 errors
13:39:27,980 INFO Experiment.PerfCost-4939: Processed 4530 samples out of 10000, 0 errors
13:39:38,58 INFO Experiment.PerfCost-4939: Processed 4540 samples out of 10000, 0 errors
13:39:48,185 INFO Experiment.PerfCost-4939: Processed 4550 samples out of 10000, 0 errors
13:39:58,324 INFO Experiment.PerfCost-4939: Processed 4560 samples out of 10000, 0 errors
13:40:08,432 INFO Experiment.PerfCost-4939: Processed 4570 samples out of 10000, 0 errors
13:40:18,558 INFO Experiment.PerfCost-4939: Processed 4580 samples out of 10000, 0 errors
13:40:28,688 INFO Experiment.PerfCost-4939: Processed 4590 samples out of 10000, 0 errors
13:40:38,827 INFO Experiment.PerfCost-4939: Processed 4600 samples out of 10000, 0 errors
13:40:48,954 INFO Experiment.PerfCost-4939: Processed 4610 samples out of 10000, 0 errors
13:40:59,113 INFO Experiment.PerfCost-4939: Processed 4620 samples out of 10000, 0 errors
13:41:09,248 INFO Experiment.PerfCost-4939: Processed 4630 samples out of 10000, 0 errors
13:41:19,350 INFO Experiment.PerfCost-4939: Processed 4640 samples out of 10000, 0 errors
13:41:29,476 INFO Experiment.PerfCost-4939: Processed 4650 samples out of 10000, 0 errors
13:41:39,601 INFO Experiment.PerfCost-4939: Processed 4660 samples out of 10000, 0 errors
13:41:49,752 INFO Experiment.PerfCost-4939: Processed 4670 samples out of 10000, 0 errors
13:41:59,881 INFO Experiment.PerfCost-4939: Processed 4680 samples out of 10000, 0 errors
13:42:10,50 INFO Experiment.PerfCost-4939: Processed 4690 samples out of 10000, 0 errors
13:42:20,196 INFO Experiment.PerfCost-4939: Processed 4700 samples out of 10000, 0 errors
13:42:30,305 INFO Experiment.PerfCost-4939: Processed 4710 samples out of 10000, 0 errors
13:42:40,434 INFO Experiment.PerfCost-4939: Processed 4720 samples out of 10000, 0 errors
13:42:50,576 INFO Experiment.PerfCost-4939: Processed 4730 samples out of 10000, 0 errors
13:43:00,716 INFO Experiment.PerfCost-4939: Processed 4740 samples out of 10000, 0 errors
13:43:10,861 INFO Experiment.PerfCost-4939: Processed 4750 samples out of 10000, 0 errors
13:43:20,992 INFO Experiment.PerfCost-4939: Processed 4760 samples out of 10000, 0 errors
13:43:31,167 INFO Experiment.PerfCost-4939: Processed 4770 samples out of 10000, 0 errors
13:43:41,275 INFO Experiment.PerfCost-4939: Processed 4780 samples out of 10000, 0 errors
13:43:51,418 INFO Experiment.PerfCost-4939: Processed 4790 samples out of 10000, 0 errors
13:44:01,637 INFO Experiment.PerfCost-4939: Processed 4800 samples out of 10000, 0 errors
13:44:11,759 INFO Experiment.PerfCost-4939: Processed 4810 samples out of 10000, 0 errors
13:44:21,875 INFO Experiment.PerfCost-4939: Processed 4820 samples out of 10000, 0 errors
13:44:31,979 INFO Experiment.PerfCost-4939: Processed 4830 samples out of 10000, 0 errors
13:44:42,112 INFO Experiment.PerfCost-4939: Processed 4840 samples out of 10000, 0 errors
13:44:52,241 INFO Experiment.PerfCost-4939: Processed 4850 samples out of 10000, 0 errors
13:45:02,363 INFO Experiment.PerfCost-4939: Processed 4860 samples out of 10000, 0 errors
13:45:12,488 INFO Experiment.PerfCost-4939: Processed 4870 samples out of 10000, 0 errors
13:45:22,658 INFO Experiment.PerfCost-4939: Processed 4880 samples out of 10000, 0 errors
13:45:32,794 INFO Experiment.PerfCost-4939: Processed 4890 samples out of 10000, 0 errors
13:45:42,917 INFO Experiment.PerfCost-4939: Processed 4900 samples out of 10000, 0 errors
13:45:53,64 INFO Experiment.PerfCost-4939: Processed 4910 samples out of 10000, 0 errors
13:46:03,204 INFO Experiment.PerfCost-4939: Processed 4920 samples out of 10000, 0 errors
13:46:13,337 INFO Experiment.PerfCost-4939: Processed 4930 samples out of 10000, 0 errors
13:46:23,457 INFO Experiment.PerfCost-4939: Processed 4940 samples out of 10000, 0 errors
13:46:33,591 INFO Experiment.PerfCost-4939: Processed 4950 samples out of 10000, 0 errors
13:46:43,750 INFO Experiment.PerfCost-4939: Processed 4960 samples out of 10000, 0 errors
13:46:53,855 INFO Experiment.PerfCost-4939: Processed 4970 samples out of 10000, 0 errors
13:47:03,965 INFO Experiment.PerfCost-4939: Processed 4980 samples out of 10000, 0 errors
13:47:14,121 INFO Experiment.PerfCost-4939: Processed 4990 samples out of 10000, 0 errors
13:47:24,253 INFO Experiment.PerfCost-4939: Processed 5000 samples out of 10000, 0 errors
13:47:34,416 INFO Experiment.PerfCost-4939: Processed 5010 samples out of 10000, 0 errors
13:47:44,546 INFO Experiment.PerfCost-4939: Processed 5020 samples out of 10000, 0 errors
13:47:54,653 INFO Experiment.PerfCost-4939: Processed 5030 samples out of 10000, 0 errors
13:48:04,781 INFO Experiment.PerfCost-4939: Processed 5040 samples out of 10000, 0 errors
13:48:14,953 INFO Experiment.PerfCost-4939: Processed 5050 samples out of 10000, 0 errors
13:48:25,53 INFO Experiment.PerfCost-4939: Processed 5060 samples out of 10000, 0 errors
13:48:35,203 INFO Experiment.PerfCost-4939: Processed 5070 samples out of 10000, 0 errors
13:48:45,366 INFO Experiment.PerfCost-4939: Processed 5080 samples out of 10000, 0 errors
13:48:55,486 INFO Experiment.PerfCost-4939: Processed 5090 samples out of 10000, 0 errors
13:49:05,667 INFO Experiment.PerfCost-4939: Processed 5100 samples out of 10000, 0 errors
13:49:15,784 INFO Experiment.PerfCost-4939: Processed 5110 samples out of 10000, 0 errors
13:49:25,927 INFO Experiment.PerfCost-4939: Processed 5120 samples out of 10000, 0 errors
13:49:36,73 INFO Experiment.PerfCost-4939: Processed 5130 samples out of 10000, 0 errors
13:49:46,203 INFO Experiment.PerfCost-4939: Processed 5140 samples out of 10000, 0 errors
13:49:56,324 INFO Experiment.PerfCost-4939: Processed 5150 samples out of 10000, 0 errors
13:50:06,450 INFO Experiment.PerfCost-4939: Processed 5160 samples out of 10000, 0 errors
13:50:16,594 INFO Experiment.PerfCost-4939: Processed 5170 samples out of 10000, 0 errors
13:50:26,735 INFO Experiment.PerfCost-4939: Processed 5180 samples out of 10000, 0 errors
13:50:36,871 INFO Experiment.PerfCost-4939: Processed 5190 samples out of 10000, 0 errors
13:50:46,986 INFO Experiment.PerfCost-4939: Processed 5200 samples out of 10000, 0 errors
13:50:57,149 INFO Experiment.PerfCost-4939: Processed 5210 samples out of 10000, 0 errors
13:51:07,301 INFO Experiment.PerfCost-4939: Processed 5220 samples out of 10000, 0 errors
13:51:17,424 INFO Experiment.PerfCost-4939: Processed 5230 samples out of 10000, 0 errors
13:51:27,552 INFO Experiment.PerfCost-4939: Processed 5240 samples out of 10000, 0 errors
13:51:37,658 INFO Experiment.PerfCost-4939: Processed 5250 samples out of 10000, 0 errors
13:51:47,820 INFO Experiment.PerfCost-4939: Processed 5260 samples out of 10000, 0 errors
13:51:57,967 INFO Experiment.PerfCost-4939: Processed 5270 samples out of 10000, 0 errors
13:52:08,93 INFO Experiment.PerfCost-4939: Processed 5280 samples out of 10000, 0 errors
13:52:18,194 INFO Experiment.PerfCost-4939: Processed 5290 samples out of 10000, 0 errors
13:52:28,315 INFO Experiment.PerfCost-4939: Processed 5300 samples out of 10000, 0 errors
13:52:38,447 INFO Experiment.PerfCost-4939: Processed 5310 samples out of 10000, 0 errors
13:52:48,616 INFO Experiment.PerfCost-4939: Processed 5320 samples out of 10000, 0 errors
13:52:58,752 INFO Experiment.PerfCost-4939: Processed 5330 samples out of 10000, 0 errors
13:53:08,884 INFO Experiment.PerfCost-4939: Processed 5340 samples out of 10000, 0 errors
13:53:19,41 INFO Experiment.PerfCost-4939: Processed 5350 samples out of 10000, 0 errors
13:53:29,190 INFO Experiment.PerfCost-4939: Processed 5360 samples out of 10000, 0 errors
13:53:39,316 INFO Experiment.PerfCost-4939: Processed 5370 samples out of 10000, 0 errors
13:53:49,425 INFO Experiment.PerfCost-4939: Processed 5380 samples out of 10000, 0 errors
13:53:59,574 INFO Experiment.PerfCost-4939: Processed 5390 samples out of 10000, 0 errors
13:54:09,751 INFO Experiment.PerfCost-4939: Processed 5400 samples out of 10000, 0 errors
13:54:19,857 INFO Experiment.PerfCost-4939: Processed 5410 samples out of 10000, 0 errors
13:54:29,961 INFO Experiment.PerfCost-4939: Processed 5420 samples out of 10000, 0 errors
13:54:40,68 INFO Experiment.PerfCost-4939: Processed 5430 samples out of 10000, 0 errors
13:54:50,205 INFO Experiment.PerfCost-4939: Processed 5440 samples out of 10000, 0 errors
13:55:00,317 INFO Experiment.PerfCost-4939: Processed 5450 samples out of 10000, 0 errors
13:55:10,455 INFO Experiment.PerfCost-4939: Processed 5460 samples out of 10000, 0 errors
13:55:20,598 INFO Experiment.PerfCost-4939: Processed 5470 samples out of 10000, 0 errors
13:55:30,715 INFO Experiment.PerfCost-4939: Processed 5480 samples out of 10000, 0 errors
13:55:40,872 INFO Experiment.PerfCost-4939: Processed 5490 samples out of 10000, 0 errors
13:55:51,8 INFO Experiment.PerfCost-4939: Processed 5500 samples out of 10000, 0 errors
13:56:01,141 INFO Experiment.PerfCost-4939: Processed 5510 samples out of 10000, 0 errors
13:56:11,299 INFO Experiment.PerfCost-4939: Processed 5520 samples out of 10000, 0 errors
13:56:21,425 INFO Experiment.PerfCost-4939: Processed 5530 samples out of 10000, 0 errors
13:56:31,567 INFO Experiment.PerfCost-4939: Processed 5540 samples out of 10000, 0 errors
13:56:41,729 INFO Experiment.PerfCost-4939: Processed 5550 samples out of 10000, 0 errors
13:56:51,877 INFO Experiment.PerfCost-4939: Processed 5560 samples out of 10000, 0 errors
13:57:02,5 INFO Experiment.PerfCost-4939: Processed 5570 samples out of 10000, 0 errors
13:57:12,172 INFO Experiment.PerfCost-4939: Processed 5580 samples out of 10000, 0 errors
13:57:22,302 INFO Experiment.PerfCost-4939: Processed 5590 samples out of 10000, 0 errors
13:57:32,397 INFO Experiment.PerfCost-4939: Processed 5600 samples out of 10000, 0 errors
13:57:42,514 INFO Experiment.PerfCost-4939: Processed 5610 samples out of 10000, 0 errors
13:57:52,637 INFO Experiment.PerfCost-4939: Processed 5620 samples out of 10000, 0 errors
13:58:02,790 INFO Experiment.PerfCost-4939: Processed 5630 samples out of 10000, 0 errors
13:58:12,918 INFO Experiment.PerfCost-4939: Processed 5640 samples out of 10000, 0 errors
13:58:23,63 INFO Experiment.PerfCost-4939: Processed 5650 samples out of 10000, 0 errors
13:58:33,200 INFO Experiment.PerfCost-4939: Processed 5660 samples out of 10000, 0 errors
13:58:43,351 INFO Experiment.PerfCost-4939: Processed 5670 samples out of 10000, 0 errors
13:58:53,454 INFO Experiment.PerfCost-4939: Processed 5680 samples out of 10000, 0 errors
13:59:03,626 INFO Experiment.PerfCost-4939: Processed 5690 samples out of 10000, 0 errors
13:59:13,823 INFO Experiment.PerfCost-4939: Processed 5700 samples out of 10000, 0 errors
13:59:23,951 INFO Experiment.PerfCost-4939: Processed 5710 samples out of 10000, 0 errors
13:59:34,61 INFO Experiment.PerfCost-4939: Processed 5720 samples out of 10000, 0 errors
13:59:44,189 INFO Experiment.PerfCost-4939: Processed 5730 samples out of 10000, 0 errors
13:59:54,315 INFO Experiment.PerfCost-4939: Processed 5740 samples out of 10000, 0 errors
14:00:04,423 INFO Experiment.PerfCost-4939: Processed 5750 samples out of 10000, 0 errors
14:00:14,560 INFO Experiment.PerfCost-4939: Processed 5760 samples out of 10000, 0 errors
14:00:24,701 INFO Experiment.PerfCost-4939: Processed 5770 samples out of 10000, 0 errors
14:00:34,816 INFO Experiment.PerfCost-4939: Processed 5780 samples out of 10000, 0 errors
14:00:44,955 INFO Experiment.PerfCost-4939: Processed 5790 samples out of 10000, 0 errors
14:00:55,71 INFO Experiment.PerfCost-4939: Processed 5800 samples out of 10000, 0 errors
14:01:05,198 INFO Experiment.PerfCost-4939: Processed 5810 samples out of 10000, 0 errors
14:01:15,332 INFO Experiment.PerfCost-4939: Processed 5820 samples out of 10000, 0 errors
14:01:25,488 INFO Experiment.PerfCost-4939: Processed 5830 samples out of 10000, 0 errors
14:01:35,661 INFO Experiment.PerfCost-4939: Processed 5840 samples out of 10000, 0 errors
14:01:45,787 INFO Experiment.PerfCost-4939: Processed 5850 samples out of 10000, 0 errors
14:01:55,920 INFO Experiment.PerfCost-4939: Processed 5860 samples out of 10000, 0 errors
14:02:06,67 INFO Experiment.PerfCost-4939: Processed 5870 samples out of 10000, 0 errors
14:02:16,193 INFO Experiment.PerfCost-4939: Processed 5880 samples out of 10000, 0 errors
14:02:26,446 INFO Experiment.PerfCost-4939: Processed 5890 samples out of 10000, 0 errors
14:02:36,561 INFO Experiment.PerfCost-4939: Processed 5900 samples out of 10000, 0 errors
14:02:46,676 INFO Experiment.PerfCost-4939: Processed 5910 samples out of 10000, 0 errors
14:02:56,785 INFO Experiment.PerfCost-4939: Processed 5920 samples out of 10000, 0 errors
14:03:06,895 INFO Experiment.PerfCost-4939: Processed 5930 samples out of 10000, 0 errors
14:03:17,37 INFO Experiment.PerfCost-4939: Processed 5940 samples out of 10000, 0 errors
14:03:27,213 INFO Experiment.PerfCost-4939: Processed 5950 samples out of 10000, 0 errors
14:03:37,318 INFO Experiment.PerfCost-4939: Processed 5960 samples out of 10000, 0 errors
14:03:47,455 INFO Experiment.PerfCost-4939: Processed 5970 samples out of 10000, 0 errors
14:03:57,606 INFO Experiment.PerfCost-4939: Processed 5980 samples out of 10000, 0 errors
14:04:07,732 INFO Experiment.PerfCost-4939: Processed 5990 samples out of 10000, 0 errors
14:04:17,922 INFO Experiment.PerfCost-4939: Processed 6000 samples out of 10000, 0 errors
14:04:28,42 INFO Experiment.PerfCost-4939: Processed 6010 samples out of 10000, 0 errors
14:04:38,168 INFO Experiment.PerfCost-4939: Processed 6020 samples out of 10000, 0 errors
14:04:48,285 INFO Experiment.PerfCost-4939: Processed 6030 samples out of 10000, 0 errors
14:04:58,386 INFO Experiment.PerfCost-4939: Processed 6040 samples out of 10000, 0 errors
14:05:08,534 INFO Experiment.PerfCost-4939: Processed 6050 samples out of 10000, 0 errors
14:05:18,656 INFO Experiment.PerfCost-4939: Processed 6060 samples out of 10000, 0 errors
14:05:28,798 INFO Experiment.PerfCost-4939: Processed 6070 samples out of 10000, 0 errors
14:05:38,925 INFO Experiment.PerfCost-4939: Processed 6080 samples out of 10000, 0 errors
14:05:49,43 INFO Experiment.PerfCost-4939: Processed 6090 samples out of 10000, 0 errors
14:05:59,199 INFO Experiment.PerfCost-4939: Processed 6100 samples out of 10000, 0 errors
14:06:09,348 INFO Experiment.PerfCost-4939: Processed 6110 samples out of 10000, 0 errors
14:06:19,462 INFO Experiment.PerfCost-4939: Processed 6120 samples out of 10000, 0 errors
14:06:29,629 INFO Experiment.PerfCost-4939: Processed 6130 samples out of 10000, 0 errors
14:06:39,768 INFO Experiment.PerfCost-4939: Processed 6140 samples out of 10000, 0 errors
14:06:49,939 INFO Experiment.PerfCost-4939: Processed 6150 samples out of 10000, 0 errors
14:07:00,43 INFO Experiment.PerfCost-4939: Processed 6160 samples out of 10000, 0 errors
14:07:10,228 INFO Experiment.PerfCost-4939: Processed 6170 samples out of 10000, 0 errors
14:07:20,352 INFO Experiment.PerfCost-4939: Processed 6180 samples out of 10000, 0 errors
14:07:30,489 INFO Experiment.PerfCost-4939: Processed 6190 samples out of 10000, 0 errors
14:07:40,611 INFO Experiment.PerfCost-4939: Processed 6200 samples out of 10000, 0 errors
14:07:50,745 INFO Experiment.PerfCost-4939: Processed 6210 samples out of 10000, 0 errors
14:08:00,884 INFO Experiment.PerfCost-4939: Processed 6220 samples out of 10000, 0 errors
14:08:11,24 INFO Experiment.PerfCost-4939: Processed 6230 samples out of 10000, 0 errors
14:08:21,149 INFO Experiment.PerfCost-4939: Processed 6240 samples out of 10000, 0 errors
14:08:31,300 INFO Experiment.PerfCost-4939: Processed 6250 samples out of 10000, 0 errors
14:08:41,397 INFO Experiment.PerfCost-4939: Processed 6260 samples out of 10000, 0 errors
14:08:51,525 INFO Experiment.PerfCost-4939: Processed 6270 samples out of 10000, 0 errors
14:09:01,681 INFO Experiment.PerfCost-4939: Processed 6280 samples out of 10000, 0 errors
14:09:11,803 INFO Experiment.PerfCost-4939: Processed 6290 samples out of 10000, 0 errors
14:09:22,74 INFO Experiment.PerfCost-4939: Processed 6300 samples out of 10000, 0 errors
14:09:32,198 INFO Experiment.PerfCost-4939: Processed 6310 samples out of 10000, 0 errors
14:09:42,322 INFO Experiment.PerfCost-4939: Processed 6320 samples out of 10000, 0 errors
14:09:52,438 INFO Experiment.PerfCost-4939: Processed 6330 samples out of 10000, 0 errors
14:10:02,540 INFO Experiment.PerfCost-4939: Processed 6340 samples out of 10000, 0 errors
14:10:12,677 INFO Experiment.PerfCost-4939: Processed 6350 samples out of 10000, 0 errors
14:10:22,800 INFO Experiment.PerfCost-4939: Processed 6360 samples out of 10000, 0 errors
14:10:32,946 INFO Experiment.PerfCost-4939: Processed 6370 samples out of 10000, 0 errors
14:10:43,112 INFO Experiment.PerfCost-4939: Processed 6380 samples out of 10000, 0 errors
14:10:53,242 INFO Experiment.PerfCost-4939: Processed 6390 samples out of 10000, 0 errors
14:11:03,351 INFO Experiment.PerfCost-4939: Processed 6400 samples out of 10000, 0 errors
14:11:13,483 INFO Experiment.PerfCost-4939: Processed 6410 samples out of 10000, 0 errors
14:11:23,629 INFO Experiment.PerfCost-4939: Processed 6420 samples out of 10000, 0 errors
14:11:33,735 INFO Experiment.PerfCost-4939: Processed 6430 samples out of 10000, 0 errors
14:11:43,850 INFO Experiment.PerfCost-4939: Processed 6440 samples out of 10000, 0 errors
14:11:53,984 INFO Experiment.PerfCost-4939: Processed 6450 samples out of 10000, 0 errors
14:12:04,133 INFO Experiment.PerfCost-4939: Processed 6460 samples out of 10000, 0 errors
14:12:14,251 INFO Experiment.PerfCost-4939: Processed 6470 samples out of 10000, 0 errors
14:12:24,379 INFO Experiment.PerfCost-4939: Processed 6480 samples out of 10000, 0 errors
14:12:34,514 INFO Experiment.PerfCost-4939: Processed 6490 samples out of 10000, 0 errors
14:12:44,658 INFO Experiment.PerfCost-4939: Processed 6500 samples out of 10000, 0 errors
14:12:54,789 INFO Experiment.PerfCost-4939: Processed 6510 samples out of 10000, 0 errors
14:13:04,944 INFO Experiment.PerfCost-4939: Processed 6520 samples out of 10000, 0 errors
14:13:15,58 INFO Experiment.PerfCost-4939: Processed 6530 samples out of 10000, 0 errors
14:13:25,207 INFO Experiment.PerfCost-4939: Processed 6540 samples out of 10000, 0 errors
14:13:35,349 INFO Experiment.PerfCost-4939: Processed 6550 samples out of 10000, 0 errors
14:13:45,465 INFO Experiment.PerfCost-4939: Processed 6560 samples out of 10000, 0 errors
14:13:55,605 INFO Experiment.PerfCost-4939: Processed 6570 samples out of 10000, 0 errors
14:14:05,723 INFO Experiment.PerfCost-4939: Processed 6580 samples out of 10000, 0 errors
14:14:15,847 INFO Experiment.PerfCost-4939: Processed 6590 samples out of 10000, 0 errors
14:14:26,43 INFO Experiment.PerfCost-4939: Processed 6600 samples out of 10000, 0 errors
14:14:36,181 INFO Experiment.PerfCost-4939: Processed 6610 samples out of 10000, 0 errors
14:14:46,290 INFO Experiment.PerfCost-4939: Processed 6620 samples out of 10000, 0 errors
14:14:56,411 INFO Experiment.PerfCost-4939: Processed 6630 samples out of 10000, 0 errors
14:15:06,531 INFO Experiment.PerfCost-4939: Processed 6640 samples out of 10000, 0 errors
14:15:16,705 INFO Experiment.PerfCost-4939: Processed 6650 samples out of 10000, 0 errors
14:15:26,803 INFO Experiment.PerfCost-4939: Processed 6660 samples out of 10000, 0 errors
14:15:36,923 INFO Experiment.PerfCost-4939: Processed 6670 samples out of 10000, 0 errors
14:15:47,66 INFO Experiment.PerfCost-4939: Processed 6680 samples out of 10000, 0 errors
14:15:57,195 INFO Experiment.PerfCost-4939: Processed 6690 samples out of 10000, 0 errors
14:16:07,338 INFO Experiment.PerfCost-4939: Processed 6700 samples out of 10000, 0 errors
14:16:17,477 INFO Experiment.PerfCost-4939: Processed 6710 samples out of 10000, 0 errors
14:16:27,582 INFO Experiment.PerfCost-4939: Processed 6720 samples out of 10000, 0 errors
14:16:37,708 INFO Experiment.PerfCost-4939: Processed 6730 samples out of 10000, 0 errors
14:16:47,846 INFO Experiment.PerfCost-4939: Processed 6740 samples out of 10000, 0 errors
14:16:57,965 INFO Experiment.PerfCost-4939: Processed 6750 samples out of 10000, 0 errors
14:17:08,120 INFO Experiment.PerfCost-4939: Processed 6760 samples out of 10000, 0 errors
14:17:18,236 INFO Experiment.PerfCost-4939: Processed 6770 samples out of 10000, 0 errors
14:17:28,403 INFO Experiment.PerfCost-4939: Processed 6780 samples out of 10000, 0 errors
14:17:38,558 INFO Experiment.PerfCost-4939: Processed 6790 samples out of 10000, 0 errors
14:17:48,687 INFO Experiment.PerfCost-4939: Processed 6800 samples out of 10000, 0 errors
14:17:58,816 INFO Experiment.PerfCost-4939: Processed 6810 samples out of 10000, 0 errors
14:18:08,939 INFO Experiment.PerfCost-4939: Processed 6820 samples out of 10000, 0 errors
14:18:19,82 INFO Experiment.PerfCost-4939: Processed 6830 samples out of 10000, 0 errors
14:18:29,230 INFO Experiment.PerfCost-4939: Processed 6840 samples out of 10000, 0 errors
14:18:39,331 INFO Experiment.PerfCost-4939: Processed 6850 samples out of 10000, 0 errors
14:18:49,457 INFO Experiment.PerfCost-4939: Processed 6860 samples out of 10000, 0 errors
14:18:59,606 INFO Experiment.PerfCost-4939: Processed 6870 samples out of 10000, 0 errors
14:19:09,735 INFO Experiment.PerfCost-4939: Processed 6880 samples out of 10000, 0 errors
14:19:19,895 INFO Experiment.PerfCost-4939: Processed 6890 samples out of 10000, 0 errors
14:19:30,68 INFO Experiment.PerfCost-4939: Processed 6900 samples out of 10000, 0 errors
14:19:40,197 INFO Experiment.PerfCost-4939: Processed 6910 samples out of 10000, 0 errors
14:19:50,299 INFO Experiment.PerfCost-4939: Processed 6920 samples out of 10000, 0 errors
14:20:00,422 INFO Experiment.PerfCost-4939: Processed 6930 samples out of 10000, 0 errors
14:20:10,582 INFO Experiment.PerfCost-4939: Processed 6940 samples out of 10000, 0 errors
14:20:20,701 INFO Experiment.PerfCost-4939: Processed 6950 samples out of 10000, 0 errors
14:20:30,831 INFO Experiment.PerfCost-4939: Processed 6960 samples out of 10000, 0 errors
14:20:40,972 INFO Experiment.PerfCost-4939: Processed 6970 samples out of 10000, 0 errors
14:20:51,86 INFO Experiment.PerfCost-4939: Processed 6980 samples out of 10000, 0 errors
14:21:01,239 INFO Experiment.PerfCost-4939: Processed 6990 samples out of 10000, 0 errors
14:21:11,384 INFO Experiment.PerfCost-4939: Processed 7000 samples out of 10000, 0 errors
14:21:21,541 INFO Experiment.PerfCost-4939: Processed 7010 samples out of 10000, 0 errors
14:21:31,662 INFO Experiment.PerfCost-4939: Processed 7020 samples out of 10000, 0 errors
14:21:41,773 INFO Experiment.PerfCost-4939: Processed 7030 samples out of 10000, 0 errors
14:21:51,932 INFO Experiment.PerfCost-4939: Processed 7040 samples out of 10000, 0 errors
14:22:02,60 INFO Experiment.PerfCost-4939: Processed 7050 samples out of 10000, 0 errors
14:22:12,191 INFO Experiment.PerfCost-4939: Processed 7060 samples out of 10000, 0 errors
14:22:22,334 INFO Experiment.PerfCost-4939: Processed 7070 samples out of 10000, 0 errors
14:22:32,469 INFO Experiment.PerfCost-4939: Processed 7080 samples out of 10000, 0 errors
14:22:42,609 INFO Experiment.PerfCost-4939: Processed 7090 samples out of 10000, 0 errors
14:22:52,746 INFO Experiment.PerfCost-4939: Processed 7100 samples out of 10000, 0 errors
14:23:02,908 INFO Experiment.PerfCost-4939: Processed 7110 samples out of 10000, 0 errors
14:23:13,34 INFO Experiment.PerfCost-4939: Processed 7120 samples out of 10000, 0 errors
14:23:23,181 INFO Experiment.PerfCost-4939: Processed 7130 samples out of 10000, 0 errors
14:23:33,306 INFO Experiment.PerfCost-4939: Processed 7140 samples out of 10000, 0 errors
14:23:43,441 INFO Experiment.PerfCost-4939: Processed 7150 samples out of 10000, 0 errors
14:23:53,590 INFO Experiment.PerfCost-4939: Processed 7160 samples out of 10000, 0 errors
14:24:03,767 INFO Experiment.PerfCost-4939: Processed 7170 samples out of 10000, 0 errors
14:24:13,903 INFO Experiment.PerfCost-4939: Processed 7180 samples out of 10000, 0 errors
14:24:24,23 INFO Experiment.PerfCost-4939: Processed 7190 samples out of 10000, 0 errors
14:24:34,206 INFO Experiment.PerfCost-4939: Processed 7200 samples out of 10000, 0 errors
14:24:44,323 INFO Experiment.PerfCost-4939: Processed 7210 samples out of 10000, 0 errors
14:24:54,443 INFO Experiment.PerfCost-4939: Processed 7220 samples out of 10000, 0 errors
14:25:04,577 INFO Experiment.PerfCost-4939: Processed 7230 samples out of 10000, 0 errors
14:25:14,718 INFO Experiment.PerfCost-4939: Processed 7240 samples out of 10000, 0 errors
14:25:24,835 INFO Experiment.PerfCost-4939: Processed 7250 samples out of 10000, 0 errors
14:25:34,967 INFO Experiment.PerfCost-4939: Processed 7260 samples out of 10000, 0 errors
14:25:45,93 INFO Experiment.PerfCost-4939: Processed 7270 samples out of 10000, 0 errors
14:25:55,243 INFO Experiment.PerfCost-4939: Processed 7280 samples out of 10000, 0 errors
14:26:05,362 INFO Experiment.PerfCost-4939: Processed 7290 samples out of 10000, 0 errors
14:26:15,502 INFO Experiment.PerfCost-4939: Processed 7300 samples out of 10000, 0 errors
14:26:25,648 INFO Experiment.PerfCost-4939: Processed 7310 samples out of 10000, 0 errors
14:26:35,780 INFO Experiment.PerfCost-4939: Processed 7320 samples out of 10000, 0 errors
14:26:45,918 INFO Experiment.PerfCost-4939: Processed 7330 samples out of 10000, 0 errors
14:26:56,66 INFO Experiment.PerfCost-4939: Processed 7340 samples out of 10000, 0 errors
14:27:06,184 INFO Experiment.PerfCost-4939: Processed 7350 samples out of 10000, 0 errors
14:27:16,301 INFO Experiment.PerfCost-4939: Processed 7360 samples out of 10000, 0 errors
14:27:26,426 INFO Experiment.PerfCost-4939: Processed 7370 samples out of 10000, 0 errors
14:27:36,592 INFO Experiment.PerfCost-4939: Processed 7380 samples out of 10000, 0 errors
14:27:46,789 INFO Experiment.PerfCost-4939: Processed 7390 samples out of 10000, 0 errors
14:27:56,913 INFO Experiment.PerfCost-4939: Processed 7400 samples out of 10000, 0 errors
14:28:07,74 INFO Experiment.PerfCost-4939: Processed 7410 samples out of 10000, 0 errors
14:28:17,199 INFO Experiment.PerfCost-4939: Processed 7420 samples out of 10000, 0 errors
14:28:27,317 INFO Experiment.PerfCost-4939: Processed 7430 samples out of 10000, 0 errors
14:28:37,445 INFO Experiment.PerfCost-4939: Processed 7440 samples out of 10000, 0 errors
14:28:47,581 INFO Experiment.PerfCost-4939: Processed 7450 samples out of 10000, 0 errors
14:28:57,722 INFO Experiment.PerfCost-4939: Processed 7460 samples out of 10000, 0 errors
14:29:07,845 INFO Experiment.PerfCost-4939: Processed 7470 samples out of 10000, 0 errors
14:29:17,996 INFO Experiment.PerfCost-4939: Processed 7480 samples out of 10000, 0 errors
14:29:28,126 INFO Experiment.PerfCost-4939: Processed 7490 samples out of 10000, 0 errors
14:29:38,313 INFO Experiment.PerfCost-4939: Processed 7500 samples out of 10000, 0 errors
14:29:48,420 INFO Experiment.PerfCost-4939: Processed 7510 samples out of 10000, 0 errors
14:29:58,525 INFO Experiment.PerfCost-4939: Processed 7520 samples out of 10000, 0 errors
14:30:08,655 INFO Experiment.PerfCost-4939: Processed 7530 samples out of 10000, 0 errors
14:30:18,772 INFO Experiment.PerfCost-4939: Processed 7540 samples out of 10000, 0 errors
14:30:28,948 INFO Experiment.PerfCost-4939: Processed 7550 samples out of 10000, 0 errors
14:30:39,73 INFO Experiment.PerfCost-4939: Processed 7560 samples out of 10000, 0 errors
14:30:49,206 INFO Experiment.PerfCost-4939: Processed 7570 samples out of 10000, 0 errors
14:30:59,356 INFO Experiment.PerfCost-4939: Processed 7580 samples out of 10000, 0 errors
14:31:09,495 INFO Experiment.PerfCost-4939: Processed 7590 samples out of 10000, 0 errors
14:31:19,623 INFO Experiment.PerfCost-4939: Processed 7600 samples out of 10000, 0 errors
14:31:29,712 INFO Experiment.PerfCost-4939: Processed 7610 samples out of 10000, 0 errors
14:31:39,868 INFO Experiment.PerfCost-4939: Processed 7620 samples out of 10000, 0 errors
14:31:50,12 INFO Experiment.PerfCost-4939: Processed 7630 samples out of 10000, 0 errors
14:32:00,155 INFO Experiment.PerfCost-4939: Processed 7640 samples out of 10000, 0 errors
14:32:10,310 INFO Experiment.PerfCost-4939: Processed 7650 samples out of 10000, 0 errors
14:32:20,453 INFO Experiment.PerfCost-4939: Processed 7660 samples out of 10000, 0 errors
14:32:30,570 INFO Experiment.PerfCost-4939: Processed 7670 samples out of 10000, 0 errors
14:32:40,706 INFO Experiment.PerfCost-4939: Processed 7680 samples out of 10000, 0 errors
14:32:50,860 INFO Experiment.PerfCost-4939: Processed 7690 samples out of 10000, 0 errors
14:33:00,973 INFO Experiment.PerfCost-4939: Processed 7700 samples out of 10000, 0 errors
14:33:11,121 INFO Experiment.PerfCost-4939: Processed 7710 samples out of 10000, 0 errors
14:33:21,235 INFO Experiment.PerfCost-4939: Processed 7720 samples out of 10000, 0 errors
14:33:31,342 INFO Experiment.PerfCost-4939: Processed 7730 samples out of 10000, 0 errors
14:33:41,487 INFO Experiment.PerfCost-4939: Processed 7740 samples out of 10000, 0 errors
14:33:51,643 INFO Experiment.PerfCost-4939: Processed 7750 samples out of 10000, 0 errors
14:34:01,749 INFO Experiment.PerfCost-4939: Processed 7760 samples out of 10000, 0 errors
14:34:11,883 INFO Experiment.PerfCost-4939: Processed 7770 samples out of 10000, 0 errors
14:34:22,14 INFO Experiment.PerfCost-4939: Processed 7780 samples out of 10000, 0 errors
14:34:32,165 INFO Experiment.PerfCost-4939: Processed 7790 samples out of 10000, 0 errors
14:34:42,312 INFO Experiment.PerfCost-4939: Processed 7800 samples out of 10000, 0 errors
14:34:52,455 INFO Experiment.PerfCost-4939: Processed 7810 samples out of 10000, 0 errors
14:35:02,593 INFO Experiment.PerfCost-4939: Processed 7820 samples out of 10000, 0 errors
14:35:12,710 INFO Experiment.PerfCost-4939: Processed 7830 samples out of 10000, 0 errors
14:35:22,849 INFO Experiment.PerfCost-4939: Processed 7840 samples out of 10000, 0 errors
14:35:32,956 INFO Experiment.PerfCost-4939: Processed 7850 samples out of 10000, 0 errors
14:35:43,108 INFO Experiment.PerfCost-4939: Processed 7860 samples out of 10000, 0 errors
14:35:53,277 INFO Experiment.PerfCost-4939: Processed 7870 samples out of 10000, 0 errors
14:36:03,385 INFO Experiment.PerfCost-4939: Processed 7880 samples out of 10000, 0 errors
14:36:13,538 INFO Experiment.PerfCost-4939: Processed 7890 samples out of 10000, 0 errors
14:36:23,676 INFO Experiment.PerfCost-4939: Processed 7900 samples out of 10000, 0 errors
14:36:33,786 INFO Experiment.PerfCost-4939: Processed 7910 samples out of 10000, 0 errors
14:36:43,873 INFO Experiment.PerfCost-4939: Processed 7920 samples out of 10000, 0 errors
14:36:54,42 INFO Experiment.PerfCost-4939: Processed 7930 samples out of 10000, 0 errors
14:37:04,178 INFO Experiment.PerfCost-4939: Processed 7940 samples out of 10000, 0 errors
14:37:14,285 INFO Experiment.PerfCost-4939: Processed 7950 samples out of 10000, 0 errors
14:37:24,427 INFO Experiment.PerfCost-4939: Processed 7960 samples out of 10000, 0 errors
14:37:34,542 INFO Experiment.PerfCost-4939: Processed 7970 samples out of 10000, 0 errors
14:37:44,657 INFO Experiment.PerfCost-4939: Processed 7980 samples out of 10000, 0 errors
14:37:54,809 INFO Experiment.PerfCost-4939: Processed 7990 samples out of 10000, 0 errors
14:38:04,934 INFO Experiment.PerfCost-4939: Processed 8000 samples out of 10000, 0 errors
14:38:15,73 INFO Experiment.PerfCost-4939: Processed 8010 samples out of 10000, 0 errors
14:38:25,207 INFO Experiment.PerfCost-4939: Processed 8020 samples out of 10000, 0 errors
14:38:35,323 INFO Experiment.PerfCost-4939: Processed 8030 samples out of 10000, 0 errors
14:38:45,460 INFO Experiment.PerfCost-4939: Processed 8040 samples out of 10000, 0 errors
14:38:55,612 INFO Experiment.PerfCost-4939: Processed 8050 samples out of 10000, 0 errors
14:39:05,722 INFO Experiment.PerfCost-4939: Processed 8060 samples out of 10000, 0 errors
14:39:15,894 INFO Experiment.PerfCost-4939: Processed 8070 samples out of 10000, 0 errors
14:39:26,17 INFO Experiment.PerfCost-4939: Processed 8080 samples out of 10000, 0 errors
14:39:36,145 INFO Experiment.PerfCost-4939: Processed 8090 samples out of 10000, 0 errors
14:39:46,314 INFO Experiment.PerfCost-4939: Processed 8100 samples out of 10000, 0 errors
14:39:56,446 INFO Experiment.PerfCost-4939: Processed 8110 samples out of 10000, 0 errors
14:40:06,572 INFO Experiment.PerfCost-4939: Processed 8120 samples out of 10000, 0 errors
14:40:16,727 INFO Experiment.PerfCost-4939: Processed 8130 samples out of 10000, 0 errors
14:40:26,853 INFO Experiment.PerfCost-4939: Processed 8140 samples out of 10000, 0 errors
14:40:36,993 INFO Experiment.PerfCost-4939: Processed 8150 samples out of 10000, 0 errors
14:40:47,139 INFO Experiment.PerfCost-4939: Processed 8160 samples out of 10000, 0 errors
14:40:57,267 INFO Experiment.PerfCost-4939: Processed 8170 samples out of 10000, 0 errors
14:41:07,392 INFO Experiment.PerfCost-4939: Processed 8180 samples out of 10000, 0 errors
14:41:17,545 INFO Experiment.PerfCost-4939: Processed 8190 samples out of 10000, 0 errors
14:41:27,669 INFO Experiment.PerfCost-4939: Processed 8200 samples out of 10000, 0 errors
14:41:37,815 INFO Experiment.PerfCost-4939: Processed 8210 samples out of 10000, 0 errors
14:41:47,939 INFO Experiment.PerfCost-4939: Processed 8220 samples out of 10000, 0 errors
14:41:58,75 INFO Experiment.PerfCost-4939: Processed 8230 samples out of 10000, 0 errors
14:42:08,204 INFO Experiment.PerfCost-4939: Processed 8240 samples out of 10000, 0 errors
14:42:18,324 INFO Experiment.PerfCost-4939: Processed 8250 samples out of 10000, 0 errors
14:42:28,446 INFO Experiment.PerfCost-4939: Processed 8260 samples out of 10000, 0 errors
14:42:38,562 INFO Experiment.PerfCost-4939: Processed 8270 samples out of 10000, 0 errors
14:42:48,690 INFO Experiment.PerfCost-4939: Processed 8280 samples out of 10000, 0 errors
14:42:58,814 INFO Experiment.PerfCost-4939: Processed 8290 samples out of 10000, 0 errors
14:43:08,925 INFO Experiment.PerfCost-4939: Processed 8300 samples out of 10000, 0 errors
14:43:19,68 INFO Experiment.PerfCost-4939: Processed 8310 samples out of 10000, 0 errors
14:43:29,235 INFO Experiment.PerfCost-4939: Processed 8320 samples out of 10000, 0 errors
14:43:39,359 INFO Experiment.PerfCost-4939: Processed 8330 samples out of 10000, 0 errors
14:43:49,498 INFO Experiment.PerfCost-4939: Processed 8340 samples out of 10000, 0 errors
14:43:59,660 INFO Experiment.PerfCost-4939: Processed 8350 samples out of 10000, 0 errors
14:44:09,798 INFO Experiment.PerfCost-4939: Processed 8360 samples out of 10000, 0 errors
14:44:19,954 INFO Experiment.PerfCost-4939: Processed 8370 samples out of 10000, 0 errors
14:44:30,80 INFO Experiment.PerfCost-4939: Processed 8380 samples out of 10000, 0 errors
14:44:40,207 INFO Experiment.PerfCost-4939: Processed 8390 samples out of 10000, 0 errors
14:44:50,350 INFO Experiment.PerfCost-4939: Processed 8400 samples out of 10000, 0 errors
14:45:00,470 INFO Experiment.PerfCost-4939: Processed 8410 samples out of 10000, 0 errors
14:45:10,583 INFO Experiment.PerfCost-4939: Processed 8420 samples out of 10000, 0 errors
14:45:20,723 INFO Experiment.PerfCost-4939: Processed 8430 samples out of 10000, 0 errors
14:45:30,845 INFO Experiment.PerfCost-4939: Processed 8440 samples out of 10000, 0 errors
14:45:40,978 INFO Experiment.PerfCost-4939: Processed 8450 samples out of 10000, 0 errors
14:45:51,98 INFO Experiment.PerfCost-4939: Processed 8460 samples out of 10000, 0 errors
14:46:01,210 INFO Experiment.PerfCost-4939: Processed 8470 samples out of 10000, 0 errors
14:46:11,346 INFO Experiment.PerfCost-4939: Processed 8480 samples out of 10000, 0 errors
14:46:21,473 INFO Experiment.PerfCost-4939: Processed 8490 samples out of 10000, 0 errors
14:46:31,636 INFO Experiment.PerfCost-4939: Processed 8500 samples out of 10000, 0 errors
14:46:41,757 INFO Experiment.PerfCost-4939: Processed 8510 samples out of 10000, 0 errors
14:46:51,870 INFO Experiment.PerfCost-4939: Processed 8520 samples out of 10000, 0 errors
14:47:02,25 INFO Experiment.PerfCost-4939: Processed 8530 samples out of 10000, 0 errors
14:47:12,161 INFO Experiment.PerfCost-4939: Processed 8540 samples out of 10000, 0 errors
14:47:22,272 INFO Experiment.PerfCost-4939: Processed 8550 samples out of 10000, 0 errors
14:47:32,421 INFO Experiment.PerfCost-4939: Processed 8560 samples out of 10000, 0 errors
14:47:42,553 INFO Experiment.PerfCost-4939: Processed 8570 samples out of 10000, 0 errors
14:47:52,709 INFO Experiment.PerfCost-4939: Processed 8580 samples out of 10000, 0 errors
14:48:02,818 INFO Experiment.PerfCost-4939: Processed 8590 samples out of 10000, 0 errors
14:48:12,956 INFO Experiment.PerfCost-4939: Processed 8600 samples out of 10000, 0 errors
14:48:23,142 INFO Experiment.PerfCost-4939: Processed 8610 samples out of 10000, 0 errors
14:48:33,262 INFO Experiment.PerfCost-4939: Processed 8620 samples out of 10000, 0 errors
14:48:43,376 INFO Experiment.PerfCost-4939: Processed 8630 samples out of 10000, 0 errors
14:48:53,507 INFO Experiment.PerfCost-4939: Processed 8640 samples out of 10000, 0 errors
14:49:03,621 INFO Experiment.PerfCost-4939: Processed 8650 samples out of 10000, 0 errors
14:49:13,758 INFO Experiment.PerfCost-4939: Processed 8660 samples out of 10000, 0 errors
14:49:23,890 INFO Experiment.PerfCost-4939: Processed 8670 samples out of 10000, 0 errors
14:49:34,11 INFO Experiment.PerfCost-4939: Processed 8680 samples out of 10000, 0 errors
14:49:44,149 INFO Experiment.PerfCost-4939: Processed 8690 samples out of 10000, 0 errors
14:49:54,362 INFO Experiment.PerfCost-4939: Processed 8700 samples out of 10000, 0 errors
14:50:04,497 INFO Experiment.PerfCost-4939: Processed 8710 samples out of 10000, 0 errors
14:50:14,635 INFO Experiment.PerfCost-4939: Processed 8720 samples out of 10000, 0 errors
14:50:24,774 INFO Experiment.PerfCost-4939: Processed 8730 samples out of 10000, 0 errors
14:50:34,902 INFO Experiment.PerfCost-4939: Processed 8740 samples out of 10000, 0 errors
14:50:45,34 INFO Experiment.PerfCost-4939: Processed 8750 samples out of 10000, 0 errors
14:50:55,177 INFO Experiment.PerfCost-4939: Processed 8760 samples out of 10000, 0 errors
14:51:05,329 INFO Experiment.PerfCost-4939: Processed 8770 samples out of 10000, 0 errors
14:51:15,449 INFO Experiment.PerfCost-4939: Processed 8780 samples out of 10000, 0 errors
14:51:25,543 INFO Experiment.PerfCost-4939: Processed 8790 samples out of 10000, 0 errors
14:51:35,711 INFO Experiment.PerfCost-4939: Processed 8800 samples out of 10000, 0 errors
14:51:45,831 INFO Experiment.PerfCost-4939: Processed 8810 samples out of 10000, 0 errors
14:51:55,964 INFO Experiment.PerfCost-4939: Processed 8820 samples out of 10000, 0 errors
14:52:06,97 INFO Experiment.PerfCost-4939: Processed 8830 samples out of 10000, 0 errors
14:52:16,233 INFO Experiment.PerfCost-4939: Processed 8840 samples out of 10000, 0 errors
14:52:26,358 INFO Experiment.PerfCost-4939: Processed 8850 samples out of 10000, 0 errors
14:52:36,516 INFO Experiment.PerfCost-4939: Processed 8860 samples out of 10000, 0 errors
14:52:46,652 INFO Experiment.PerfCost-4939: Processed 8870 samples out of 10000, 0 errors
14:52:56,793 INFO Experiment.PerfCost-4939: Processed 8880 samples out of 10000, 0 errors
14:53:06,907 INFO Experiment.PerfCost-4939: Processed 8890 samples out of 10000, 0 errors
14:53:17,49 INFO Experiment.PerfCost-4939: Processed 8900 samples out of 10000, 0 errors
14:53:27,209 INFO Experiment.PerfCost-4939: Processed 8910 samples out of 10000, 0 errors
14:53:37,328 INFO Experiment.PerfCost-4939: Processed 8920 samples out of 10000, 0 errors
14:53:47,463 INFO Experiment.PerfCost-4939: Processed 8930 samples out of 10000, 0 errors
14:53:57,598 INFO Experiment.PerfCost-4939: Processed 8940 samples out of 10000, 0 errors
14:54:07,754 INFO Experiment.PerfCost-4939: Processed 8950 samples out of 10000, 0 errors
14:54:17,877 INFO Experiment.PerfCost-4939: Processed 8960 samples out of 10000, 0 errors
14:54:27,987 INFO Experiment.PerfCost-4939: Processed 8970 samples out of 10000, 0 errors
14:54:38,153 INFO Experiment.PerfCost-4939: Processed 8980 samples out of 10000, 0 errors
14:54:48,270 INFO Experiment.PerfCost-4939: Processed 8990 samples out of 10000, 0 errors
14:54:58,476 INFO Experiment.PerfCost-4939: Processed 9000 samples out of 10000, 0 errors
14:55:08,604 INFO Experiment.PerfCost-4939: Processed 9010 samples out of 10000, 0 errors
14:55:18,741 INFO Experiment.PerfCost-4939: Processed 9020 samples out of 10000, 0 errors
14:55:28,869 INFO Experiment.PerfCost-4939: Processed 9030 samples out of 10000, 0 errors
14:55:38,994 INFO Experiment.PerfCost-4939: Processed 9040 samples out of 10000, 0 errors
14:55:49,103 INFO Experiment.PerfCost-4939: Processed 9050 samples out of 10000, 0 errors
14:55:59,274 INFO Experiment.PerfCost-4939: Processed 9060 samples out of 10000, 0 errors
14:56:09,419 INFO Experiment.PerfCost-4939: Processed 9070 samples out of 10000, 0 errors
14:56:19,572 INFO Experiment.PerfCost-4939: Processed 9080 samples out of 10000, 0 errors
14:56:29,703 INFO Experiment.PerfCost-4939: Processed 9090 samples out of 10000, 0 errors
14:56:39,826 INFO Experiment.PerfCost-4939: Processed 9100 samples out of 10000, 0 errors
14:56:49,987 INFO Experiment.PerfCost-4939: Processed 9110 samples out of 10000, 0 errors
14:57:00,145 INFO Experiment.PerfCost-4939: Processed 9120 samples out of 10000, 0 errors
14:57:10,259 INFO Experiment.PerfCost-4939: Processed 9130 samples out of 10000, 0 errors
14:57:20,383 INFO Experiment.PerfCost-4939: Processed 9140 samples out of 10000, 0 errors
14:57:30,500 INFO Experiment.PerfCost-4939: Processed 9150 samples out of 10000, 0 errors
14:57:40,637 INFO Experiment.PerfCost-4939: Processed 9160 samples out of 10000, 0 errors
14:57:50,771 INFO Experiment.PerfCost-4939: Processed 9170 samples out of 10000, 0 errors
14:58:00,909 INFO Experiment.PerfCost-4939: Processed 9180 samples out of 10000, 0 errors
14:58:11,19 INFO Experiment.PerfCost-4939: Processed 9190 samples out of 10000, 0 errors
14:58:21,184 INFO Experiment.PerfCost-4939: Processed 9200 samples out of 10000, 0 errors
14:58:31,311 INFO Experiment.PerfCost-4939: Processed 9210 samples out of 10000, 0 errors
14:58:41,439 INFO Experiment.PerfCost-4939: Processed 9220 samples out of 10000, 0 errors
14:58:51,551 INFO Experiment.PerfCost-4939: Processed 9230 samples out of 10000, 0 errors
14:59:01,671 INFO Experiment.PerfCost-4939: Processed 9240 samples out of 10000, 0 errors
14:59:11,820 INFO Experiment.PerfCost-4939: Processed 9250 samples out of 10000, 0 errors
14:59:21,970 INFO Experiment.PerfCost-4939: Processed 9260 samples out of 10000, 0 errors
14:59:32,115 INFO Experiment.PerfCost-4939: Processed 9270 samples out of 10000, 0 errors
14:59:42,254 INFO Experiment.PerfCost-4939: Processed 9280 samples out of 10000, 0 errors
14:59:52,364 INFO Experiment.PerfCost-4939: Processed 9290 samples out of 10000, 0 errors
15:00:02,543 INFO Experiment.PerfCost-4939: Processed 9300 samples out of 10000, 0 errors
15:00:12,681 INFO Experiment.PerfCost-4939: Processed 9310 samples out of 10000, 0 errors
15:00:22,833 INFO Experiment.PerfCost-4939: Processed 9320 samples out of 10000, 0 errors
15:00:32,971 INFO Experiment.PerfCost-4939: Processed 9330 samples out of 10000, 0 errors
15:00:43,123 INFO Experiment.PerfCost-4939: Processed 9340 samples out of 10000, 0 errors
15:00:53,260 INFO Experiment.PerfCost-4939: Processed 9350 samples out of 10000, 0 errors
15:01:03,415 INFO Experiment.PerfCost-4939: Processed 9360 samples out of 10000, 0 errors
15:01:13,545 INFO Experiment.PerfCost-4939: Processed 9370 samples out of 10000, 0 errors
15:01:23,674 INFO Experiment.PerfCost-4939: Processed 9380 samples out of 10000, 0 errors
15:01:33,809 INFO Experiment.PerfCost-4939: Processed 9390 samples out of 10000, 0 errors
15:01:43,954 INFO Experiment.PerfCost-4939: Processed 9400 samples out of 10000, 0 errors
15:01:54,102 INFO Experiment.PerfCost-4939: Processed 9410 samples out of 10000, 0 errors
15:02:04,233 INFO Experiment.PerfCost-4939: Processed 9420 samples out of 10000, 0 errors
15:02:14,380 INFO Experiment.PerfCost-4939: Processed 9430 samples out of 10000, 0 errors
15:02:24,542 INFO Experiment.PerfCost-4939: Processed 9440 samples out of 10000, 0 errors
15:02:34,681 INFO Experiment.PerfCost-4939: Processed 9450 samples out of 10000, 0 errors
15:02:44,807 INFO Experiment.PerfCost-4939: Processed 9460 samples out of 10000, 0 errors
15:02:54,949 INFO Experiment.PerfCost-4939: Processed 9470 samples out of 10000, 0 errors
15:03:05,92 INFO Experiment.PerfCost-4939: Processed 9480 samples out of 10000, 0 errors
15:03:15,224 INFO Experiment.PerfCost-4939: Processed 9490 samples out of 10000, 0 errors
15:03:25,372 INFO Experiment.PerfCost-4939: Processed 9500 samples out of 10000, 0 errors
15:03:35,516 INFO Experiment.PerfCost-4939: Processed 9510 samples out of 10000, 0 errors
15:03:45,661 INFO Experiment.PerfCost-4939: Processed 9520 samples out of 10000, 0 errors
15:03:55,812 INFO Experiment.PerfCost-4939: Processed 9530 samples out of 10000, 0 errors
15:04:05,966 INFO Experiment.PerfCost-4939: Processed 9540 samples out of 10000, 0 errors
15:04:16,105 INFO Experiment.PerfCost-4939: Processed 9550 samples out of 10000, 0 errors
15:04:26,248 INFO Experiment.PerfCost-4939: Processed 9560 samples out of 10000, 0 errors
15:04:36,394 INFO Experiment.PerfCost-4939: Processed 9570 samples out of 10000, 0 errors
15:04:46,535 INFO Experiment.PerfCost-4939: Processed 9580 samples out of 10000, 0 errors
15:04:56,673 INFO Experiment.PerfCost-4939: Processed 9590 samples out of 10000, 0 errors
15:05:06,865 INFO Experiment.PerfCost-4939: Processed 9600 samples out of 10000, 0 errors
15:05:17,1 INFO Experiment.PerfCost-4939: Processed 9610 samples out of 10000, 0 errors
15:05:27,136 INFO Experiment.PerfCost-4939: Processed 9620 samples out of 10000, 0 errors
15:05:37,270 INFO Experiment.PerfCost-4939: Processed 9630 samples out of 10000, 0 errors
15:05:47,411 INFO Experiment.PerfCost-4939: Processed 9640 samples out of 10000, 0 errors
15:05:57,551 INFO Experiment.PerfCost-4939: Processed 9650 samples out of 10000, 0 errors
15:06:07,693 INFO Experiment.PerfCost-4939: Processed 9660 samples out of 10000, 0 errors
15:06:17,846 INFO Experiment.PerfCost-4939: Processed 9670 samples out of 10000, 0 errors
15:06:27,985 INFO Experiment.PerfCost-4939: Processed 9680 samples out of 10000, 0 errors
15:06:38,121 INFO Experiment.PerfCost-4939: Processed 9690 samples out of 10000, 0 errors
15:06:48,265 INFO Experiment.PerfCost-4939: Processed 9700 samples out of 10000, 0 errors
15:06:58,419 INFO Experiment.PerfCost-4939: Processed 9710 samples out of 10000, 0 errors
15:07:08,566 INFO Experiment.PerfCost-4939: Processed 9720 samples out of 10000, 0 errors
15:07:18,714 INFO Experiment.PerfCost-4939: Processed 9730 samples out of 10000, 0 errors
15:07:28,856 INFO Experiment.PerfCost-4939: Processed 9740 samples out of 10000, 0 errors
15:07:39,8 INFO Experiment.PerfCost-4939: Processed 9750 samples out of 10000, 0 errors
15:07:49,157 INFO Experiment.PerfCost-4939: Processed 9760 samples out of 10000, 0 errors
15:07:59,310 INFO Experiment.PerfCost-4939: Processed 9770 samples out of 10000, 0 errors
15:08:09,453 INFO Experiment.PerfCost-4939: Processed 9780 samples out of 10000, 0 errors
15:08:19,584 INFO Experiment.PerfCost-4939: Processed 9790 samples out of 10000, 0 errors
15:08:29,726 INFO Experiment.PerfCost-4939: Processed 9800 samples out of 10000, 0 errors
15:08:39,866 INFO Experiment.PerfCost-4939: Processed 9810 samples out of 10000, 0 errors
15:08:50,8 INFO Experiment.PerfCost-4939: Processed 9820 samples out of 10000, 0 errors
15:09:00,156 INFO Experiment.PerfCost-4939: Processed 9830 samples out of 10000, 0 errors
15:09:10,293 INFO Experiment.PerfCost-4939: Processed 9840 samples out of 10000, 0 errors
15:09:20,435 INFO Experiment.PerfCost-4939: Processed 9850 samples out of 10000, 0 errors
15:09:30,584 INFO Experiment.PerfCost-4939: Processed 9860 samples out of 10000, 0 errors
15:09:40,725 INFO Experiment.PerfCost-4939: Processed 9870 samples out of 10000, 0 errors
15:09:50,875 INFO Experiment.PerfCost-4939: Processed 9880 samples out of 10000, 0 errors
15:10:01,20 INFO Experiment.PerfCost-4939: Processed 9890 samples out of 10000, 0 errors
15:10:11,213 INFO Experiment.PerfCost-4939: Processed 9900 samples out of 10000, 0 errors
15:10:21,351 INFO Experiment.PerfCost-4939: Processed 9910 samples out of 10000, 0 errors
15:10:31,488 INFO Experiment.PerfCost-4939: Processed 9920 samples out of 10000, 0 errors
15:10:41,622 INFO Experiment.PerfCost-4939: Processed 9930 samples out of 10000, 0 errors
15:10:51,761 INFO Experiment.PerfCost-4939: Processed 9940 samples out of 10000, 0 errors
15:11:01,908 INFO Experiment.PerfCost-4939: Processed 9950 samples out of 10000, 0 errors
15:11:12,53 INFO Experiment.PerfCost-4939: Processed 9960 samples out of 10000, 0 errors
15:11:22,187 INFO Experiment.PerfCost-4939: Processed 9970 samples out of 10000, 0 errors
15:11:32,335 INFO Experiment.PerfCost-4939: Processed 9980 samples out of 10000, 0 errors
15:11:42,486 INFO Experiment.PerfCost-4939: Processed 9990 samples out of 10000, 0 errors
15:11:52,619 INFO Experiment.PerfCost-4939: Processed 10000 samples out of 10000, 0 errors
15:11:57,633 INFO Experiment.PerfCost-4939: Mean 83.08876860000001 [ms], median 80.8685 [ms], std 30.334778270085543, CV 36.50887933617245
15:11:57,638 INFO Experiment.PerfCost-4939: Parametric CI (Student's t-distribution) 0.95 from 82.49411615966768 to 83.68342104033233, within 0.7156832991412574% of mean
15:11:57,642 INFO Experiment.PerfCost-4939: Non-parametric CI 0.95 from 80.089 to 81.623, within 0.9484533532834206% of median
15:11:57,644 INFO Experiment.PerfCost-4939: Parametric CI (Student's t-distribution) 0.99 from 82.30720822905093 to 83.87032897094909, within 0.9406329930241378% of mean
15:11:57,647 INFO Experiment.PerfCost-4939: Non-parametric CI 0.99 from 79.807 to 81.841, within 1.2575972102858295% of median
