05:25:10,549 INFO SeBS-a2bf: Created experiment output at /home/anou/msc-thesis/task-based-experiment/experiment-results/python/non-instrumented/221.video-processing
05:25:10,864 INFO OpenWhisk.Resources-c92d: Using user-provided configuration of storage for OpenWhisk.
05:25:10,865 INFO OpenWhisk-63e0: Using existing resource name: fd5e1ae0.
05:25:10,971 INFO Benchmark-baab: Using cached benchmark 221.video-processing at /home/anou/msc-thesis/task-based-experiment/cache/221.video-processing/openwhisk/python/3.7/221.video-processing.zip
05:25:10,971 INFO OpenWhisk-63e0: Using cached function 221.video-processing-python-3.7 in /home/anou/msc-thesis/task-based-experiment/cache/221.video-processing/openwhisk/python/3.7/221.video-processing.zip
05:25:10,989 INFO OpenWhisk-63e0: Cached function 221.video-processing-python-3.7 is up to date.
05:25:11,125 INFO Experiment.PerfCost-17b8: Begin experiment on memory size 512
05:25:11,125 INFO OpenWhisk-63e0: Update an existing OpenWhisk action 221.video-processing-python-3.7.
05:25:11,360 INFO Experiment.PerfCost-17b8: Begin warm experiments
05:25:21,57 INFO Experiment.PerfCost-17b8: Processed 0 warm-up samples, ignoring these results.
05:25:33,391 INFO Experiment.PerfCost-17b8: Processed 10 samples out of 10000, 0 errors
05:25:45,766 INFO Experiment.PerfCost-17b8: Processed 20 samples out of 10000, 0 errors
05:25:58,136 INFO Experiment.PerfCost-17b8: Processed 30 samples out of 10000, 0 errors
05:26:10,496 INFO Experiment.PerfCost-17b8: Processed 40 samples out of 10000, 0 errors
05:26:22,708 INFO Experiment.PerfCost-17b8: Processed 50 samples out of 10000, 0 errors
05:26:35,44 INFO Experiment.PerfCost-17b8: Processed 60 samples out of 10000, 0 errors
05:26:47,290 INFO Experiment.PerfCost-17b8: Processed 70 samples out of 10000, 0 errors
05:26:59,683 INFO Experiment.PerfCost-17b8: Processed 80 samples out of 10000, 0 errors
05:27:11,959 INFO Experiment.PerfCost-17b8: Processed 90 samples out of 10000, 0 errors
05:27:24,79 INFO Experiment.PerfCost-17b8: Processed 100 samples out of 10000, 0 errors
05:27:36,260 INFO Experiment.PerfCost-17b8: Processed 110 samples out of 10000, 0 errors
05:27:48,417 INFO Experiment.PerfCost-17b8: Processed 120 samples out of 10000, 0 errors
05:28:00,617 INFO Experiment.PerfCost-17b8: Processed 130 samples out of 10000, 0 errors
05:28:12,918 INFO Experiment.PerfCost-17b8: Processed 140 samples out of 10000, 0 errors
05:28:25,231 INFO Experiment.PerfCost-17b8: Processed 150 samples out of 10000, 0 errors
05:28:37,534 INFO Experiment.PerfCost-17b8: Processed 160 samples out of 10000, 0 errors
05:28:49,753 INFO Experiment.PerfCost-17b8: Processed 170 samples out of 10000, 0 errors
05:29:01,941 INFO Experiment.PerfCost-17b8: Processed 180 samples out of 10000, 0 errors
05:29:14,103 INFO Experiment.PerfCost-17b8: Processed 190 samples out of 10000, 0 errors
05:29:26,224 INFO Experiment.PerfCost-17b8: Processed 200 samples out of 10000, 0 errors
05:29:38,469 INFO Experiment.PerfCost-17b8: Processed 210 samples out of 10000, 0 errors
05:29:50,811 INFO Experiment.PerfCost-17b8: Processed 220 samples out of 10000, 0 errors
05:30:03,65 INFO Experiment.PerfCost-17b8: Processed 230 samples out of 10000, 0 errors
05:30:15,233 INFO Experiment.PerfCost-17b8: Processed 240 samples out of 10000, 0 errors
05:30:27,419 INFO Experiment.PerfCost-17b8: Processed 250 samples out of 10000, 0 errors
05:30:39,707 INFO Experiment.PerfCost-17b8: Processed 260 samples out of 10000, 0 errors
05:30:51,913 INFO Experiment.PerfCost-17b8: Processed 270 samples out of 10000, 0 errors
05:31:04,122 INFO Experiment.PerfCost-17b8: Processed 280 samples out of 10000, 0 errors
05:31:16,402 INFO Experiment.PerfCost-17b8: Processed 290 samples out of 10000, 0 errors
05:31:28,580 INFO Experiment.PerfCost-17b8: Processed 300 samples out of 10000, 0 errors
05:31:40,975 INFO Experiment.PerfCost-17b8: Processed 310 samples out of 10000, 0 errors
05:31:53,246 INFO Experiment.PerfCost-17b8: Processed 320 samples out of 10000, 0 errors
05:32:05,496 INFO Experiment.PerfCost-17b8: Processed 330 samples out of 10000, 0 errors
05:32:17,630 INFO Experiment.PerfCost-17b8: Processed 340 samples out of 10000, 0 errors
05:32:29,882 INFO Experiment.PerfCost-17b8: Processed 350 samples out of 10000, 0 errors
05:32:42,146 INFO Experiment.PerfCost-17b8: Processed 360 samples out of 10000, 0 errors
05:32:54,397 INFO Experiment.PerfCost-17b8: Processed 370 samples out of 10000, 0 errors
05:33:06,639 INFO Experiment.PerfCost-17b8: Processed 380 samples out of 10000, 0 errors
05:33:18,888 INFO Experiment.PerfCost-17b8: Processed 390 samples out of 10000, 0 errors
05:33:31,100 INFO Experiment.PerfCost-17b8: Processed 400 samples out of 10000, 0 errors
05:33:43,407 INFO Experiment.PerfCost-17b8: Processed 410 samples out of 10000, 0 errors
05:33:55,687 INFO Experiment.PerfCost-17b8: Processed 420 samples out of 10000, 0 errors
05:34:07,888 INFO Experiment.PerfCost-17b8: Processed 430 samples out of 10000, 0 errors
05:34:20,160 INFO Experiment.PerfCost-17b8: Processed 440 samples out of 10000, 0 errors
05:34:32,426 INFO Experiment.PerfCost-17b8: Processed 450 samples out of 10000, 0 errors
05:34:44,636 INFO Experiment.PerfCost-17b8: Processed 460 samples out of 10000, 0 errors
05:34:56,881 INFO Experiment.PerfCost-17b8: Processed 470 samples out of 10000, 0 errors
05:35:09,96 INFO Experiment.PerfCost-17b8: Processed 480 samples out of 10000, 0 errors
05:35:21,333 INFO Experiment.PerfCost-17b8: Processed 490 samples out of 10000, 0 errors
05:35:33,631 INFO Experiment.PerfCost-17b8: Processed 500 samples out of 10000, 0 errors
05:35:46,21 INFO Experiment.PerfCost-17b8: Processed 510 samples out of 10000, 0 errors
05:35:58,171 INFO Experiment.PerfCost-17b8: Processed 520 samples out of 10000, 0 errors
05:36:10,321 INFO Experiment.PerfCost-17b8: Processed 530 samples out of 10000, 0 errors
05:36:22,484 INFO Experiment.PerfCost-17b8: Processed 540 samples out of 10000, 0 errors
05:36:34,733 INFO Experiment.PerfCost-17b8: Processed 550 samples out of 10000, 0 errors
05:36:47,17 INFO Experiment.PerfCost-17b8: Processed 560 samples out of 10000, 0 errors
05:36:59,143 INFO Experiment.PerfCost-17b8: Processed 570 samples out of 10000, 0 errors
05:37:11,521 INFO Experiment.PerfCost-17b8: Processed 580 samples out of 10000, 0 errors
05:37:23,759 INFO Experiment.PerfCost-17b8: Processed 590 samples out of 10000, 0 errors
05:37:36,75 INFO Experiment.PerfCost-17b8: Processed 600 samples out of 10000, 0 errors
05:37:48,286 INFO Experiment.PerfCost-17b8: Processed 610 samples out of 10000, 0 errors
05:38:00,581 INFO Experiment.PerfCost-17b8: Processed 620 samples out of 10000, 0 errors
05:38:12,747 INFO Experiment.PerfCost-17b8: Processed 630 samples out of 10000, 0 errors
05:38:25,22 INFO Experiment.PerfCost-17b8: Processed 640 samples out of 10000, 0 errors
05:38:37,397 INFO Experiment.PerfCost-17b8: Processed 650 samples out of 10000, 0 errors
05:38:49,535 INFO Experiment.PerfCost-17b8: Processed 660 samples out of 10000, 0 errors
05:39:01,794 INFO Experiment.PerfCost-17b8: Processed 670 samples out of 10000, 0 errors
05:39:14,70 INFO Experiment.PerfCost-17b8: Processed 680 samples out of 10000, 0 errors
05:39:26,272 INFO Experiment.PerfCost-17b8: Processed 690 samples out of 10000, 0 errors
05:39:38,551 INFO Experiment.PerfCost-17b8: Processed 700 samples out of 10000, 0 errors
05:39:50,770 INFO Experiment.PerfCost-17b8: Processed 710 samples out of 10000, 0 errors
05:40:03,111 INFO Experiment.PerfCost-17b8: Processed 720 samples out of 10000, 0 errors
05:40:15,415 INFO Experiment.PerfCost-17b8: Processed 730 samples out of 10000, 0 errors
05:40:27,710 INFO Experiment.PerfCost-17b8: Processed 740 samples out of 10000, 0 errors
05:40:40,25 INFO Experiment.PerfCost-17b8: Processed 750 samples out of 10000, 0 errors
05:40:52,237 INFO Experiment.PerfCost-17b8: Processed 760 samples out of 10000, 0 errors
05:41:04,534 INFO Experiment.PerfCost-17b8: Processed 770 samples out of 10000, 0 errors
05:41:16,854 INFO Experiment.PerfCost-17b8: Processed 780 samples out of 10000, 0 errors
05:41:29,37 INFO Experiment.PerfCost-17b8: Processed 790 samples out of 10000, 0 errors
05:41:41,240 INFO Experiment.PerfCost-17b8: Processed 800 samples out of 10000, 0 errors
05:41:53,611 INFO Experiment.PerfCost-17b8: Processed 810 samples out of 10000, 0 errors
05:42:05,942 INFO Experiment.PerfCost-17b8: Processed 820 samples out of 10000, 0 errors
05:42:18,189 INFO Experiment.PerfCost-17b8: Processed 830 samples out of 10000, 0 errors
05:42:30,457 INFO Experiment.PerfCost-17b8: Processed 840 samples out of 10000, 0 errors
05:42:42,788 INFO Experiment.PerfCost-17b8: Processed 850 samples out of 10000, 0 errors
05:42:54,948 INFO Experiment.PerfCost-17b8: Processed 860 samples out of 10000, 0 errors
05:43:07,121 INFO Experiment.PerfCost-17b8: Processed 870 samples out of 10000, 0 errors
05:43:19,305 INFO Experiment.PerfCost-17b8: Processed 880 samples out of 10000, 0 errors
05:43:31,655 INFO Experiment.PerfCost-17b8: Processed 890 samples out of 10000, 0 errors
05:43:43,835 INFO Experiment.PerfCost-17b8: Processed 900 samples out of 10000, 0 errors
05:43:56,112 INFO Experiment.PerfCost-17b8: Processed 910 samples out of 10000, 0 errors
05:44:08,385 INFO Experiment.PerfCost-17b8: Processed 920 samples out of 10000, 0 errors
05:44:20,629 INFO Experiment.PerfCost-17b8: Processed 930 samples out of 10000, 0 errors
05:44:32,875 INFO Experiment.PerfCost-17b8: Processed 940 samples out of 10000, 0 errors
05:44:45,184 INFO Experiment.PerfCost-17b8: Processed 950 samples out of 10000, 0 errors
05:44:57,392 INFO Experiment.PerfCost-17b8: Processed 960 samples out of 10000, 0 errors
05:45:09,676 INFO Experiment.PerfCost-17b8: Processed 970 samples out of 10000, 0 errors
05:45:21,983 INFO Experiment.PerfCost-17b8: Processed 980 samples out of 10000, 0 errors
05:45:34,272 INFO Experiment.PerfCost-17b8: Processed 990 samples out of 10000, 0 errors
05:45:46,558 INFO Experiment.PerfCost-17b8: Processed 1000 samples out of 10000, 0 errors
05:45:58,860 INFO Experiment.PerfCost-17b8: Processed 1010 samples out of 10000, 0 errors
05:46:11,56 INFO Experiment.PerfCost-17b8: Processed 1020 samples out of 10000, 0 errors
05:46:23,218 INFO Experiment.PerfCost-17b8: Processed 1030 samples out of 10000, 0 errors
05:46:35,325 INFO Experiment.PerfCost-17b8: Processed 1040 samples out of 10000, 0 errors
05:46:47,589 INFO Experiment.PerfCost-17b8: Processed 1050 samples out of 10000, 0 errors
05:46:59,805 INFO Experiment.PerfCost-17b8: Processed 1060 samples out of 10000, 0 errors
05:47:12,90 INFO Experiment.PerfCost-17b8: Processed 1070 samples out of 10000, 0 errors
05:47:24,267 INFO Experiment.PerfCost-17b8: Processed 1080 samples out of 10000, 0 errors
05:47:36,546 INFO Experiment.PerfCost-17b8: Processed 1090 samples out of 10000, 0 errors
05:47:48,773 INFO Experiment.PerfCost-17b8: Processed 1100 samples out of 10000, 0 errors
05:48:00,944 INFO Experiment.PerfCost-17b8: Processed 1110 samples out of 10000, 0 errors
05:48:13,264 INFO Experiment.PerfCost-17b8: Processed 1120 samples out of 10000, 0 errors
05:48:25,549 INFO Experiment.PerfCost-17b8: Processed 1130 samples out of 10000, 0 errors
05:48:37,730 INFO Experiment.PerfCost-17b8: Processed 1140 samples out of 10000, 0 errors
05:48:50,64 INFO Experiment.PerfCost-17b8: Processed 1150 samples out of 10000, 0 errors
05:49:02,341 INFO Experiment.PerfCost-17b8: Processed 1160 samples out of 10000, 0 errors
05:49:14,474 INFO Experiment.PerfCost-17b8: Processed 1170 samples out of 10000, 0 errors
05:49:26,798 INFO Experiment.PerfCost-17b8: Processed 1180 samples out of 10000, 0 errors
05:49:38,990 INFO Experiment.PerfCost-17b8: Processed 1190 samples out of 10000, 0 errors
05:49:51,247 INFO Experiment.PerfCost-17b8: Processed 1200 samples out of 10000, 0 errors
05:50:03,485 INFO Experiment.PerfCost-17b8: Processed 1210 samples out of 10000, 0 errors
05:50:15,842 INFO Experiment.PerfCost-17b8: Processed 1220 samples out of 10000, 0 errors
05:50:28,42 INFO Experiment.PerfCost-17b8: Processed 1230 samples out of 10000, 0 errors
05:50:40,190 INFO Experiment.PerfCost-17b8: Processed 1240 samples out of 10000, 0 errors
05:50:52,352 INFO Experiment.PerfCost-17b8: Processed 1250 samples out of 10000, 0 errors
05:51:04,627 INFO Experiment.PerfCost-17b8: Processed 1260 samples out of 10000, 0 errors
05:51:16,855 INFO Experiment.PerfCost-17b8: Processed 1270 samples out of 10000, 0 errors
05:51:29,191 INFO Experiment.PerfCost-17b8: Processed 1280 samples out of 10000, 0 errors
05:51:41,541 INFO Experiment.PerfCost-17b8: Processed 1290 samples out of 10000, 0 errors
05:51:53,826 INFO Experiment.PerfCost-17b8: Processed 1300 samples out of 10000, 0 errors
05:52:06,113 INFO Experiment.PerfCost-17b8: Processed 1310 samples out of 10000, 0 errors
05:52:18,330 INFO Experiment.PerfCost-17b8: Processed 1320 samples out of 10000, 0 errors
05:52:30,538 INFO Experiment.PerfCost-17b8: Processed 1330 samples out of 10000, 0 errors
05:52:42,860 INFO Experiment.PerfCost-17b8: Processed 1340 samples out of 10000, 0 errors
05:52:55,164 INFO Experiment.PerfCost-17b8: Processed 1350 samples out of 10000, 0 errors
05:53:07,330 INFO Experiment.PerfCost-17b8: Processed 1360 samples out of 10000, 0 errors
05:53:19,592 INFO Experiment.PerfCost-17b8: Processed 1370 samples out of 10000, 0 errors
05:53:31,723 INFO Experiment.PerfCost-17b8: Processed 1380 samples out of 10000, 0 errors
05:53:43,949 INFO Experiment.PerfCost-17b8: Processed 1390 samples out of 10000, 0 errors
05:53:56,226 INFO Experiment.PerfCost-17b8: Processed 1400 samples out of 10000, 0 errors
05:54:08,445 INFO Experiment.PerfCost-17b8: Processed 1410 samples out of 10000, 0 errors
05:54:20,850 INFO Experiment.PerfCost-17b8: Processed 1420 samples out of 10000, 0 errors
05:54:33,115 INFO Experiment.PerfCost-17b8: Processed 1430 samples out of 10000, 0 errors
05:54:45,335 INFO Experiment.PerfCost-17b8: Processed 1440 samples out of 10000, 0 errors
05:54:57,628 INFO Experiment.PerfCost-17b8: Processed 1450 samples out of 10000, 0 errors
05:55:09,884 INFO Experiment.PerfCost-17b8: Processed 1460 samples out of 10000, 0 errors
05:55:22,95 INFO Experiment.PerfCost-17b8: Processed 1470 samples out of 10000, 0 errors
05:55:34,423 INFO Experiment.PerfCost-17b8: Processed 1480 samples out of 10000, 0 errors
05:55:46,708 INFO Experiment.PerfCost-17b8: Processed 1490 samples out of 10000, 0 errors
05:55:58,952 INFO Experiment.PerfCost-17b8: Processed 1500 samples out of 10000, 0 errors
05:56:11,191 INFO Experiment.PerfCost-17b8: Processed 1510 samples out of 10000, 0 errors
05:56:23,413 INFO Experiment.PerfCost-17b8: Processed 1520 samples out of 10000, 0 errors
05:56:35,681 INFO Experiment.PerfCost-17b8: Processed 1530 samples out of 10000, 0 errors
05:56:47,913 INFO Experiment.PerfCost-17b8: Processed 1540 samples out of 10000, 0 errors
05:57:00,198 INFO Experiment.PerfCost-17b8: Processed 1550 samples out of 10000, 0 errors
05:57:12,453 INFO Experiment.PerfCost-17b8: Processed 1560 samples out of 10000, 0 errors
05:57:24,691 INFO Experiment.PerfCost-17b8: Processed 1570 samples out of 10000, 0 errors
05:57:37,11 INFO Experiment.PerfCost-17b8: Processed 1580 samples out of 10000, 0 errors
05:57:49,283 INFO Experiment.PerfCost-17b8: Processed 1590 samples out of 10000, 0 errors
05:58:01,435 INFO Experiment.PerfCost-17b8: Processed 1600 samples out of 10000, 0 errors
05:58:13,771 INFO Experiment.PerfCost-17b8: Processed 1610 samples out of 10000, 0 errors
05:58:26,51 INFO Experiment.PerfCost-17b8: Processed 1620 samples out of 10000, 0 errors
05:58:38,343 INFO Experiment.PerfCost-17b8: Processed 1630 samples out of 10000, 0 errors
05:58:50,449 INFO Experiment.PerfCost-17b8: Processed 1640 samples out of 10000, 0 errors
05:59:02,761 INFO Experiment.PerfCost-17b8: Processed 1650 samples out of 10000, 0 errors
05:59:15,51 INFO Experiment.PerfCost-17b8: Processed 1660 samples out of 10000, 0 errors
05:59:27,369 INFO Experiment.PerfCost-17b8: Processed 1670 samples out of 10000, 0 errors
05:59:39,707 INFO Experiment.PerfCost-17b8: Processed 1680 samples out of 10000, 0 errors
05:59:51,934 INFO Experiment.PerfCost-17b8: Processed 1690 samples out of 10000, 0 errors
06:00:04,289 INFO Experiment.PerfCost-17b8: Processed 1700 samples out of 10000, 0 errors
06:00:16,591 INFO Experiment.PerfCost-17b8: Processed 1710 samples out of 10000, 0 errors
06:00:28,706 INFO Experiment.PerfCost-17b8: Processed 1720 samples out of 10000, 0 errors
06:00:41,76 INFO Experiment.PerfCost-17b8: Processed 1730 samples out of 10000, 0 errors
06:00:53,284 INFO Experiment.PerfCost-17b8: Processed 1740 samples out of 10000, 0 errors
06:01:05,588 INFO Experiment.PerfCost-17b8: Processed 1750 samples out of 10000, 0 errors
06:01:17,909 INFO Experiment.PerfCost-17b8: Processed 1760 samples out of 10000, 0 errors
06:01:30,116 INFO Experiment.PerfCost-17b8: Processed 1770 samples out of 10000, 0 errors
06:01:42,353 INFO Experiment.PerfCost-17b8: Processed 1780 samples out of 10000, 0 errors
06:01:54,562 INFO Experiment.PerfCost-17b8: Processed 1790 samples out of 10000, 0 errors
06:02:06,752 INFO Experiment.PerfCost-17b8: Processed 1800 samples out of 10000, 0 errors
06:02:18,846 INFO Experiment.PerfCost-17b8: Processed 1810 samples out of 10000, 0 errors
06:02:31,106 INFO Experiment.PerfCost-17b8: Processed 1820 samples out of 10000, 0 errors
06:02:43,268 INFO Experiment.PerfCost-17b8: Processed 1830 samples out of 10000, 0 errors
06:02:55,509 INFO Experiment.PerfCost-17b8: Processed 1840 samples out of 10000, 0 errors
06:03:07,779 INFO Experiment.PerfCost-17b8: Processed 1850 samples out of 10000, 0 errors
06:03:20,124 INFO Experiment.PerfCost-17b8: Processed 1860 samples out of 10000, 0 errors
06:03:32,377 INFO Experiment.PerfCost-17b8: Processed 1870 samples out of 10000, 0 errors
06:03:44,658 INFO Experiment.PerfCost-17b8: Processed 1880 samples out of 10000, 0 errors
06:03:56,839 INFO Experiment.PerfCost-17b8: Processed 1890 samples out of 10000, 0 errors
06:04:09,22 INFO Experiment.PerfCost-17b8: Processed 1900 samples out of 10000, 0 errors
06:04:21,306 INFO Experiment.PerfCost-17b8: Processed 1910 samples out of 10000, 0 errors
06:04:33,532 INFO Experiment.PerfCost-17b8: Processed 1920 samples out of 10000, 0 errors
06:04:45,820 INFO Experiment.PerfCost-17b8: Processed 1930 samples out of 10000, 0 errors
06:04:58,195 INFO Experiment.PerfCost-17b8: Processed 1940 samples out of 10000, 0 errors
06:05:10,398 INFO Experiment.PerfCost-17b8: Processed 1950 samples out of 10000, 0 errors
06:05:22,662 INFO Experiment.PerfCost-17b8: Processed 1960 samples out of 10000, 0 errors
06:05:34,849 INFO Experiment.PerfCost-17b8: Processed 1970 samples out of 10000, 0 errors
06:05:47,118 INFO Experiment.PerfCost-17b8: Processed 1980 samples out of 10000, 0 errors
06:05:59,360 INFO Experiment.PerfCost-17b8: Processed 1990 samples out of 10000, 0 errors
06:06:11,527 INFO Experiment.PerfCost-17b8: Processed 2000 samples out of 10000, 0 errors
06:06:23,744 INFO Experiment.PerfCost-17b8: Processed 2010 samples out of 10000, 0 errors
06:06:35,865 INFO Experiment.PerfCost-17b8: Processed 2020 samples out of 10000, 0 errors
06:06:48,82 INFO Experiment.PerfCost-17b8: Processed 2030 samples out of 10000, 0 errors
06:07:00,353 INFO Experiment.PerfCost-17b8: Processed 2040 samples out of 10000, 0 errors
06:07:12,555 INFO Experiment.PerfCost-17b8: Processed 2050 samples out of 10000, 0 errors
06:07:24,832 INFO Experiment.PerfCost-17b8: Processed 2060 samples out of 10000, 0 errors
06:07:37,77 INFO Experiment.PerfCost-17b8: Processed 2070 samples out of 10000, 0 errors
06:07:49,244 INFO Experiment.PerfCost-17b8: Processed 2080 samples out of 10000, 0 errors
06:08:01,537 INFO Experiment.PerfCost-17b8: Processed 2090 samples out of 10000, 0 errors
06:08:13,657 INFO Experiment.PerfCost-17b8: Processed 2100 samples out of 10000, 0 errors
06:08:25,881 INFO Experiment.PerfCost-17b8: Processed 2110 samples out of 10000, 0 errors
06:08:38,98 INFO Experiment.PerfCost-17b8: Processed 2120 samples out of 10000, 0 errors
06:08:50,309 INFO Experiment.PerfCost-17b8: Processed 2130 samples out of 10000, 0 errors
06:09:02,495 INFO Experiment.PerfCost-17b8: Processed 2140 samples out of 10000, 0 errors
06:09:14,746 INFO Experiment.PerfCost-17b8: Processed 2150 samples out of 10000, 0 errors
06:09:27,28 INFO Experiment.PerfCost-17b8: Processed 2160 samples out of 10000, 0 errors
06:09:39,350 INFO Experiment.PerfCost-17b8: Processed 2170 samples out of 10000, 0 errors
06:09:51,533 INFO Experiment.PerfCost-17b8: Processed 2180 samples out of 10000, 0 errors
06:10:03,773 INFO Experiment.PerfCost-17b8: Processed 2190 samples out of 10000, 0 errors
06:10:16,72 INFO Experiment.PerfCost-17b8: Processed 2200 samples out of 10000, 0 errors
06:10:28,345 INFO Experiment.PerfCost-17b8: Processed 2210 samples out of 10000, 0 errors
06:10:40,510 INFO Experiment.PerfCost-17b8: Processed 2220 samples out of 10000, 0 errors
06:10:52,804 INFO Experiment.PerfCost-17b8: Processed 2230 samples out of 10000, 0 errors
06:11:04,958 INFO Experiment.PerfCost-17b8: Processed 2240 samples out of 10000, 0 errors
06:11:17,143 INFO Experiment.PerfCost-17b8: Processed 2250 samples out of 10000, 0 errors
06:11:29,350 INFO Experiment.PerfCost-17b8: Processed 2260 samples out of 10000, 0 errors
06:11:41,592 INFO Experiment.PerfCost-17b8: Processed 2270 samples out of 10000, 0 errors
06:11:53,809 INFO Experiment.PerfCost-17b8: Processed 2280 samples out of 10000, 0 errors
06:12:06,90 INFO Experiment.PerfCost-17b8: Processed 2290 samples out of 10000, 0 errors
06:12:18,402 INFO Experiment.PerfCost-17b8: Processed 2300 samples out of 10000, 0 errors
06:12:30,772 INFO Experiment.PerfCost-17b8: Processed 2310 samples out of 10000, 0 errors
06:12:42,909 INFO Experiment.PerfCost-17b8: Processed 2320 samples out of 10000, 0 errors
06:12:55,283 INFO Experiment.PerfCost-17b8: Processed 2330 samples out of 10000, 0 errors
06:13:07,375 INFO Experiment.PerfCost-17b8: Processed 2340 samples out of 10000, 0 errors
06:13:19,592 INFO Experiment.PerfCost-17b8: Processed 2350 samples out of 10000, 0 errors
06:13:31,859 INFO Experiment.PerfCost-17b8: Processed 2360 samples out of 10000, 0 errors
06:13:43,998 INFO Experiment.PerfCost-17b8: Processed 2370 samples out of 10000, 0 errors
06:13:56,264 INFO Experiment.PerfCost-17b8: Processed 2380 samples out of 10000, 0 errors
06:14:08,583 INFO Experiment.PerfCost-17b8: Processed 2390 samples out of 10000, 0 errors
06:14:20,866 INFO Experiment.PerfCost-17b8: Processed 2400 samples out of 10000, 0 errors
06:14:33,137 INFO Experiment.PerfCost-17b8: Processed 2410 samples out of 10000, 0 errors
06:14:45,360 INFO Experiment.PerfCost-17b8: Processed 2420 samples out of 10000, 0 errors
06:14:57,585 INFO Experiment.PerfCost-17b8: Processed 2430 samples out of 10000, 0 errors
06:15:09,802 INFO Experiment.PerfCost-17b8: Processed 2440 samples out of 10000, 0 errors
06:15:21,985 INFO Experiment.PerfCost-17b8: Processed 2450 samples out of 10000, 0 errors
06:15:34,109 INFO Experiment.PerfCost-17b8: Processed 2460 samples out of 10000, 0 errors
06:15:46,443 INFO Experiment.PerfCost-17b8: Processed 2470 samples out of 10000, 0 errors
06:15:58,802 INFO Experiment.PerfCost-17b8: Processed 2480 samples out of 10000, 0 errors
06:16:11,85 INFO Experiment.PerfCost-17b8: Processed 2490 samples out of 10000, 0 errors
06:16:23,321 INFO Experiment.PerfCost-17b8: Processed 2500 samples out of 10000, 0 errors
06:16:35,599 INFO Experiment.PerfCost-17b8: Processed 2510 samples out of 10000, 0 errors
06:16:47,877 INFO Experiment.PerfCost-17b8: Processed 2520 samples out of 10000, 0 errors
06:17:00,143 INFO Experiment.PerfCost-17b8: Processed 2530 samples out of 10000, 0 errors
06:17:12,369 INFO Experiment.PerfCost-17b8: Processed 2540 samples out of 10000, 0 errors
06:17:24,495 INFO Experiment.PerfCost-17b8: Processed 2550 samples out of 10000, 0 errors
06:17:36,754 INFO Experiment.PerfCost-17b8: Processed 2560 samples out of 10000, 0 errors
06:17:49,38 INFO Experiment.PerfCost-17b8: Processed 2570 samples out of 10000, 0 errors
06:18:01,291 INFO Experiment.PerfCost-17b8: Processed 2580 samples out of 10000, 0 errors
06:18:13,389 INFO Experiment.PerfCost-17b8: Processed 2590 samples out of 10000, 0 errors
06:18:25,645 INFO Experiment.PerfCost-17b8: Processed 2600 samples out of 10000, 0 errors
06:18:37,926 INFO Experiment.PerfCost-17b8: Processed 2610 samples out of 10000, 0 errors
06:18:50,160 INFO Experiment.PerfCost-17b8: Processed 2620 samples out of 10000, 0 errors
06:19:02,311 INFO Experiment.PerfCost-17b8: Processed 2630 samples out of 10000, 0 errors
06:19:14,564 INFO Experiment.PerfCost-17b8: Processed 2640 samples out of 10000, 0 errors
06:19:26,874 INFO Experiment.PerfCost-17b8: Processed 2650 samples out of 10000, 0 errors
06:19:39,173 INFO Experiment.PerfCost-17b8: Processed 2660 samples out of 10000, 0 errors
06:19:51,378 INFO Experiment.PerfCost-17b8: Processed 2670 samples out of 10000, 0 errors
06:20:03,706 INFO Experiment.PerfCost-17b8: Processed 2680 samples out of 10000, 0 errors
06:20:15,934 INFO Experiment.PerfCost-17b8: Processed 2690 samples out of 10000, 0 errors
06:20:28,46 INFO Experiment.PerfCost-17b8: Processed 2700 samples out of 10000, 0 errors
06:20:40,250 INFO Experiment.PerfCost-17b8: Processed 2710 samples out of 10000, 0 errors
06:20:52,544 INFO Experiment.PerfCost-17b8: Processed 2720 samples out of 10000, 0 errors
06:21:04,879 INFO Experiment.PerfCost-17b8: Processed 2730 samples out of 10000, 0 errors
06:21:17,195 INFO Experiment.PerfCost-17b8: Processed 2740 samples out of 10000, 0 errors
06:21:29,463 INFO Experiment.PerfCost-17b8: Processed 2750 samples out of 10000, 0 errors
06:21:41,724 INFO Experiment.PerfCost-17b8: Processed 2760 samples out of 10000, 0 errors
06:21:53,911 INFO Experiment.PerfCost-17b8: Processed 2770 samples out of 10000, 0 errors
06:22:06,184 INFO Experiment.PerfCost-17b8: Processed 2780 samples out of 10000, 0 errors
06:22:18,434 INFO Experiment.PerfCost-17b8: Processed 2790 samples out of 10000, 0 errors
06:22:30,633 INFO Experiment.PerfCost-17b8: Processed 2800 samples out of 10000, 0 errors
06:22:42,867 INFO Experiment.PerfCost-17b8: Processed 2810 samples out of 10000, 0 errors
06:22:55,115 INFO Experiment.PerfCost-17b8: Processed 2820 samples out of 10000, 0 errors
06:23:07,351 INFO Experiment.PerfCost-17b8: Processed 2830 samples out of 10000, 0 errors
06:23:19,607 INFO Experiment.PerfCost-17b8: Processed 2840 samples out of 10000, 0 errors
06:23:31,971 INFO Experiment.PerfCost-17b8: Processed 2850 samples out of 10000, 0 errors
06:23:44,335 INFO Experiment.PerfCost-17b8: Processed 2860 samples out of 10000, 0 errors
06:23:56,650 INFO Experiment.PerfCost-17b8: Processed 2870 samples out of 10000, 0 errors
06:24:08,926 INFO Experiment.PerfCost-17b8: Processed 2880 samples out of 10000, 0 errors
06:24:21,165 INFO Experiment.PerfCost-17b8: Processed 2890 samples out of 10000, 0 errors
06:24:33,412 INFO Experiment.PerfCost-17b8: Processed 2900 samples out of 10000, 0 errors
06:24:45,507 INFO Experiment.PerfCost-17b8: Processed 2910 samples out of 10000, 0 errors
06:24:57,795 INFO Experiment.PerfCost-17b8: Processed 2920 samples out of 10000, 0 errors
06:25:09,977 INFO Experiment.PerfCost-17b8: Processed 2930 samples out of 10000, 0 errors
06:25:22,200 INFO Experiment.PerfCost-17b8: Processed 2940 samples out of 10000, 0 errors
06:25:34,387 INFO Experiment.PerfCost-17b8: Processed 2950 samples out of 10000, 0 errors
06:25:46,737 INFO Experiment.PerfCost-17b8: Processed 2960 samples out of 10000, 0 errors
06:25:58,975 INFO Experiment.PerfCost-17b8: Processed 2970 samples out of 10000, 0 errors
06:26:11,125 INFO Experiment.PerfCost-17b8: Processed 2980 samples out of 10000, 0 errors
06:26:23,248 INFO Experiment.PerfCost-17b8: Processed 2990 samples out of 10000, 0 errors
06:26:35,605 INFO Experiment.PerfCost-17b8: Processed 3000 samples out of 10000, 0 errors
06:26:47,876 INFO Experiment.PerfCost-17b8: Processed 3010 samples out of 10000, 0 errors
06:27:00,154 INFO Experiment.PerfCost-17b8: Processed 3020 samples out of 10000, 0 errors
06:27:12,478 INFO Experiment.PerfCost-17b8: Processed 3030 samples out of 10000, 0 errors
06:27:24,731 INFO Experiment.PerfCost-17b8: Processed 3040 samples out of 10000, 0 errors
06:27:37,91 INFO Experiment.PerfCost-17b8: Processed 3050 samples out of 10000, 0 errors
06:27:49,302 INFO Experiment.PerfCost-17b8: Processed 3060 samples out of 10000, 0 errors
06:28:01,471 INFO Experiment.PerfCost-17b8: Processed 3070 samples out of 10000, 0 errors
06:28:13,770 INFO Experiment.PerfCost-17b8: Processed 3080 samples out of 10000, 0 errors
06:28:26,60 INFO Experiment.PerfCost-17b8: Processed 3090 samples out of 10000, 0 errors
06:28:38,415 INFO Experiment.PerfCost-17b8: Processed 3100 samples out of 10000, 0 errors
06:28:50,625 INFO Experiment.PerfCost-17b8: Processed 3110 samples out of 10000, 0 errors
06:29:02,906 INFO Experiment.PerfCost-17b8: Processed 3120 samples out of 10000, 0 errors
06:29:15,186 INFO Experiment.PerfCost-17b8: Processed 3130 samples out of 10000, 0 errors
06:29:27,451 INFO Experiment.PerfCost-17b8: Processed 3140 samples out of 10000, 0 errors
06:29:39,681 INFO Experiment.PerfCost-17b8: Processed 3150 samples out of 10000, 0 errors
06:29:51,981 INFO Experiment.PerfCost-17b8: Processed 3160 samples out of 10000, 0 errors
06:30:04,333 INFO Experiment.PerfCost-17b8: Processed 3170 samples out of 10000, 0 errors
06:30:16,488 INFO Experiment.PerfCost-17b8: Processed 3180 samples out of 10000, 0 errors
06:30:28,740 INFO Experiment.PerfCost-17b8: Processed 3190 samples out of 10000, 0 errors
06:30:41,38 INFO Experiment.PerfCost-17b8: Processed 3200 samples out of 10000, 0 errors
06:30:53,308 INFO Experiment.PerfCost-17b8: Processed 3210 samples out of 10000, 0 errors
06:31:05,506 INFO Experiment.PerfCost-17b8: Processed 3220 samples out of 10000, 0 errors
06:31:17,800 INFO Experiment.PerfCost-17b8: Processed 3230 samples out of 10000, 0 errors
06:31:30,70 INFO Experiment.PerfCost-17b8: Processed 3240 samples out of 10000, 0 errors
06:31:42,322 INFO Experiment.PerfCost-17b8: Processed 3250 samples out of 10000, 0 errors
06:31:54,622 INFO Experiment.PerfCost-17b8: Processed 3260 samples out of 10000, 0 errors
06:32:06,796 INFO Experiment.PerfCost-17b8: Processed 3270 samples out of 10000, 0 errors
06:32:19,99 INFO Experiment.PerfCost-17b8: Processed 3280 samples out of 10000, 0 errors
06:32:31,432 INFO Experiment.PerfCost-17b8: Processed 3290 samples out of 10000, 0 errors
06:32:43,651 INFO Experiment.PerfCost-17b8: Processed 3300 samples out of 10000, 0 errors
06:32:55,879 INFO Experiment.PerfCost-17b8: Processed 3310 samples out of 10000, 0 errors
06:33:08,120 INFO Experiment.PerfCost-17b8: Processed 3320 samples out of 10000, 0 errors
06:33:20,342 INFO Experiment.PerfCost-17b8: Processed 3330 samples out of 10000, 0 errors
06:33:32,461 INFO Experiment.PerfCost-17b8: Processed 3340 samples out of 10000, 0 errors
06:33:44,766 INFO Experiment.PerfCost-17b8: Processed 3350 samples out of 10000, 0 errors
06:33:56,916 INFO Experiment.PerfCost-17b8: Processed 3360 samples out of 10000, 0 errors
06:34:09,227 INFO Experiment.PerfCost-17b8: Processed 3370 samples out of 10000, 0 errors
06:34:21,586 INFO Experiment.PerfCost-17b8: Processed 3380 samples out of 10000, 0 errors
06:34:33,837 INFO Experiment.PerfCost-17b8: Processed 3390 samples out of 10000, 0 errors
06:34:46,77 INFO Experiment.PerfCost-17b8: Processed 3400 samples out of 10000, 0 errors
06:34:58,403 INFO Experiment.PerfCost-17b8: Processed 3410 samples out of 10000, 0 errors
06:35:10,541 INFO Experiment.PerfCost-17b8: Processed 3420 samples out of 10000, 0 errors
06:35:22,836 INFO Experiment.PerfCost-17b8: Processed 3430 samples out of 10000, 0 errors
06:35:35,23 INFO Experiment.PerfCost-17b8: Processed 3440 samples out of 10000, 0 errors
06:35:47,282 INFO Experiment.PerfCost-17b8: Processed 3450 samples out of 10000, 0 errors
06:35:59,592 INFO Experiment.PerfCost-17b8: Processed 3460 samples out of 10000, 0 errors
06:36:11,780 INFO Experiment.PerfCost-17b8: Processed 3470 samples out of 10000, 0 errors
06:36:24,9 INFO Experiment.PerfCost-17b8: Processed 3480 samples out of 10000, 0 errors
06:36:36,233 INFO Experiment.PerfCost-17b8: Processed 3490 samples out of 10000, 0 errors
06:36:48,546 INFO Experiment.PerfCost-17b8: Processed 3500 samples out of 10000, 0 errors
06:37:00,906 INFO Experiment.PerfCost-17b8: Processed 3510 samples out of 10000, 0 errors
06:37:13,103 INFO Experiment.PerfCost-17b8: Processed 3520 samples out of 10000, 0 errors
06:37:25,345 INFO Experiment.PerfCost-17b8: Processed 3530 samples out of 10000, 0 errors
06:37:37,613 INFO Experiment.PerfCost-17b8: Processed 3540 samples out of 10000, 0 errors
06:37:49,860 INFO Experiment.PerfCost-17b8: Processed 3550 samples out of 10000, 0 errors
06:38:02,127 INFO Experiment.PerfCost-17b8: Processed 3560 samples out of 10000, 0 errors
06:38:14,460 INFO Experiment.PerfCost-17b8: Processed 3570 samples out of 10000, 0 errors
06:38:26,707 INFO Experiment.PerfCost-17b8: Processed 3580 samples out of 10000, 0 errors
06:38:38,973 INFO Experiment.PerfCost-17b8: Processed 3590 samples out of 10000, 0 errors
06:38:51,234 INFO Experiment.PerfCost-17b8: Processed 3600 samples out of 10000, 0 errors
06:39:03,456 INFO Experiment.PerfCost-17b8: Processed 3610 samples out of 10000, 0 errors
06:39:15,658 INFO Experiment.PerfCost-17b8: Processed 3620 samples out of 10000, 0 errors
06:39:27,949 INFO Experiment.PerfCost-17b8: Processed 3630 samples out of 10000, 0 errors
06:39:40,109 INFO Experiment.PerfCost-17b8: Processed 3640 samples out of 10000, 0 errors
06:39:52,355 INFO Experiment.PerfCost-17b8: Processed 3650 samples out of 10000, 0 errors
06:40:04,556 INFO Experiment.PerfCost-17b8: Processed 3660 samples out of 10000, 0 errors
06:40:16,827 INFO Experiment.PerfCost-17b8: Processed 3670 samples out of 10000, 0 errors
06:40:29,52 INFO Experiment.PerfCost-17b8: Processed 3680 samples out of 10000, 0 errors
06:40:41,289 INFO Experiment.PerfCost-17b8: Processed 3690 samples out of 10000, 0 errors
06:40:53,613 INFO Experiment.PerfCost-17b8: Processed 3700 samples out of 10000, 0 errors
06:41:05,871 INFO Experiment.PerfCost-17b8: Processed 3710 samples out of 10000, 0 errors
06:41:18,117 INFO Experiment.PerfCost-17b8: Processed 3720 samples out of 10000, 0 errors
06:41:30,377 INFO Experiment.PerfCost-17b8: Processed 3730 samples out of 10000, 0 errors
06:41:42,564 INFO Experiment.PerfCost-17b8: Processed 3740 samples out of 10000, 0 errors
06:41:54,775 INFO Experiment.PerfCost-17b8: Processed 3750 samples out of 10000, 0 errors
06:42:07,23 INFO Experiment.PerfCost-17b8: Processed 3760 samples out of 10000, 0 errors
06:42:19,305 INFO Experiment.PerfCost-17b8: Processed 3770 samples out of 10000, 0 errors
06:42:31,584 INFO Experiment.PerfCost-17b8: Processed 3780 samples out of 10000, 0 errors
06:42:43,811 INFO Experiment.PerfCost-17b8: Processed 3790 samples out of 10000, 0 errors
06:42:55,990 INFO Experiment.PerfCost-17b8: Processed 3800 samples out of 10000, 0 errors
06:43:08,297 INFO Experiment.PerfCost-17b8: Processed 3810 samples out of 10000, 0 errors
06:43:20,588 INFO Experiment.PerfCost-17b8: Processed 3820 samples out of 10000, 0 errors
06:43:32,871 INFO Experiment.PerfCost-17b8: Processed 3830 samples out of 10000, 0 errors
06:43:45,122 INFO Experiment.PerfCost-17b8: Processed 3840 samples out of 10000, 0 errors
06:43:57,373 INFO Experiment.PerfCost-17b8: Processed 3850 samples out of 10000, 0 errors
06:44:09,610 INFO Experiment.PerfCost-17b8: Processed 3860 samples out of 10000, 0 errors
06:44:21,845 INFO Experiment.PerfCost-17b8: Processed 3870 samples out of 10000, 0 errors
06:44:34,43 INFO Experiment.PerfCost-17b8: Processed 3880 samples out of 10000, 0 errors
06:44:46,307 INFO Experiment.PerfCost-17b8: Processed 3890 samples out of 10000, 0 errors
06:44:58,650 INFO Experiment.PerfCost-17b8: Processed 3900 samples out of 10000, 0 errors
06:45:10,922 INFO Experiment.PerfCost-17b8: Processed 3910 samples out of 10000, 0 errors
06:45:23,231 INFO Experiment.PerfCost-17b8: Processed 3920 samples out of 10000, 0 errors
06:45:35,432 INFO Experiment.PerfCost-17b8: Processed 3930 samples out of 10000, 0 errors
06:45:47,647 INFO Experiment.PerfCost-17b8: Processed 3940 samples out of 10000, 0 errors
06:45:59,986 INFO Experiment.PerfCost-17b8: Processed 3950 samples out of 10000, 0 errors
06:46:12,157 INFO Experiment.PerfCost-17b8: Processed 3960 samples out of 10000, 0 errors
06:46:24,431 INFO Experiment.PerfCost-17b8: Processed 3970 samples out of 10000, 0 errors
06:46:36,645 INFO Experiment.PerfCost-17b8: Processed 3980 samples out of 10000, 0 errors
06:46:48,984 INFO Experiment.PerfCost-17b8: Processed 3990 samples out of 10000, 0 errors
06:47:01,306 INFO Experiment.PerfCost-17b8: Processed 4000 samples out of 10000, 0 errors
06:47:13,478 INFO Experiment.PerfCost-17b8: Processed 4010 samples out of 10000, 0 errors
06:47:25,672 INFO Experiment.PerfCost-17b8: Processed 4020 samples out of 10000, 0 errors
06:47:38,23 INFO Experiment.PerfCost-17b8: Processed 4030 samples out of 10000, 0 errors
06:47:50,323 INFO Experiment.PerfCost-17b8: Processed 4040 samples out of 10000, 0 errors
06:48:02,599 INFO Experiment.PerfCost-17b8: Processed 4050 samples out of 10000, 0 errors
06:48:14,864 INFO Experiment.PerfCost-17b8: Processed 4060 samples out of 10000, 0 errors
06:48:27,114 INFO Experiment.PerfCost-17b8: Processed 4070 samples out of 10000, 0 errors
06:48:39,319 INFO Experiment.PerfCost-17b8: Processed 4080 samples out of 10000, 0 errors
06:48:51,573 INFO Experiment.PerfCost-17b8: Processed 4090 samples out of 10000, 0 errors
06:49:03,804 INFO Experiment.PerfCost-17b8: Processed 4100 samples out of 10000, 0 errors
06:49:16,84 INFO Experiment.PerfCost-17b8: Processed 4110 samples out of 10000, 0 errors
06:49:28,338 INFO Experiment.PerfCost-17b8: Processed 4120 samples out of 10000, 0 errors
06:49:40,454 INFO Experiment.PerfCost-17b8: Processed 4130 samples out of 10000, 0 errors
06:49:52,683 INFO Experiment.PerfCost-17b8: Processed 4140 samples out of 10000, 0 errors
06:50:04,825 INFO Experiment.PerfCost-17b8: Processed 4150 samples out of 10000, 0 errors
06:50:17,91 INFO Experiment.PerfCost-17b8: Processed 4160 samples out of 10000, 0 errors
06:50:29,322 INFO Experiment.PerfCost-17b8: Processed 4170 samples out of 10000, 0 errors
06:50:41,544 INFO Experiment.PerfCost-17b8: Processed 4180 samples out of 10000, 0 errors
06:50:53,692 INFO Experiment.PerfCost-17b8: Processed 4190 samples out of 10000, 0 errors
06:51:05,982 INFO Experiment.PerfCost-17b8: Processed 4200 samples out of 10000, 0 errors
06:51:18,380 INFO Experiment.PerfCost-17b8: Processed 4210 samples out of 10000, 0 errors
06:51:30,660 INFO Experiment.PerfCost-17b8: Processed 4220 samples out of 10000, 0 errors
06:51:42,898 INFO Experiment.PerfCost-17b8: Processed 4230 samples out of 10000, 0 errors
06:51:55,206 INFO Experiment.PerfCost-17b8: Processed 4240 samples out of 10000, 0 errors
06:52:07,423 INFO Experiment.PerfCost-17b8: Processed 4250 samples out of 10000, 0 errors
06:52:19,555 INFO Experiment.PerfCost-17b8: Processed 4260 samples out of 10000, 0 errors
06:52:31,871 INFO Experiment.PerfCost-17b8: Processed 4270 samples out of 10000, 0 errors
06:52:44,44 INFO Experiment.PerfCost-17b8: Processed 4280 samples out of 10000, 0 errors
06:52:56,306 INFO Experiment.PerfCost-17b8: Processed 4290 samples out of 10000, 0 errors
06:53:08,516 INFO Experiment.PerfCost-17b8: Processed 4300 samples out of 10000, 0 errors
06:53:20,901 INFO Experiment.PerfCost-17b8: Processed 4310 samples out of 10000, 0 errors
06:53:33,219 INFO Experiment.PerfCost-17b8: Processed 4320 samples out of 10000, 0 errors
06:53:45,425 INFO Experiment.PerfCost-17b8: Processed 4330 samples out of 10000, 0 errors
06:53:57,829 INFO Experiment.PerfCost-17b8: Processed 4340 samples out of 10000, 0 errors
06:54:10,58 INFO Experiment.PerfCost-17b8: Processed 4350 samples out of 10000, 0 errors
06:54:22,393 INFO Experiment.PerfCost-17b8: Processed 4360 samples out of 10000, 0 errors
06:54:34,713 INFO Experiment.PerfCost-17b8: Processed 4370 samples out of 10000, 0 errors
06:54:46,989 INFO Experiment.PerfCost-17b8: Processed 4380 samples out of 10000, 0 errors
06:54:59,378 INFO Experiment.PerfCost-17b8: Processed 4390 samples out of 10000, 0 errors
06:55:11,734 INFO Experiment.PerfCost-17b8: Processed 4400 samples out of 10000, 0 errors
06:55:24,21 INFO Experiment.PerfCost-17b8: Processed 4410 samples out of 10000, 0 errors
06:55:36,212 INFO Experiment.PerfCost-17b8: Processed 4420 samples out of 10000, 0 errors
06:55:48,457 INFO Experiment.PerfCost-17b8: Processed 4430 samples out of 10000, 0 errors
06:56:00,750 INFO Experiment.PerfCost-17b8: Processed 4440 samples out of 10000, 0 errors
06:56:12,945 INFO Experiment.PerfCost-17b8: Processed 4450 samples out of 10000, 0 errors
06:56:25,103 INFO Experiment.PerfCost-17b8: Processed 4460 samples out of 10000, 0 errors
06:56:37,418 INFO Experiment.PerfCost-17b8: Processed 4470 samples out of 10000, 0 errors
06:56:49,613 INFO Experiment.PerfCost-17b8: Processed 4480 samples out of 10000, 0 errors
06:57:01,797 INFO Experiment.PerfCost-17b8: Processed 4490 samples out of 10000, 0 errors
06:57:13,997 INFO Experiment.PerfCost-17b8: Processed 4500 samples out of 10000, 0 errors
06:57:26,245 INFO Experiment.PerfCost-17b8: Processed 4510 samples out of 10000, 0 errors
06:57:38,441 INFO Experiment.PerfCost-17b8: Processed 4520 samples out of 10000, 0 errors
06:57:50,733 INFO Experiment.PerfCost-17b8: Processed 4530 samples out of 10000, 0 errors
06:58:02,934 INFO Experiment.PerfCost-17b8: Processed 4540 samples out of 10000, 0 errors
06:58:15,207 INFO Experiment.PerfCost-17b8: Processed 4550 samples out of 10000, 0 errors
06:58:27,449 INFO Experiment.PerfCost-17b8: Processed 4560 samples out of 10000, 0 errors
06:58:39,787 INFO Experiment.PerfCost-17b8: Processed 4570 samples out of 10000, 0 errors
06:58:52,89 INFO Experiment.PerfCost-17b8: Processed 4580 samples out of 10000, 0 errors
06:59:04,335 INFO Experiment.PerfCost-17b8: Processed 4590 samples out of 10000, 0 errors
06:59:16,522 INFO Experiment.PerfCost-17b8: Processed 4600 samples out of 10000, 0 errors
06:59:28,808 INFO Experiment.PerfCost-17b8: Processed 4610 samples out of 10000, 0 errors
06:59:41,23 INFO Experiment.PerfCost-17b8: Processed 4620 samples out of 10000, 0 errors
06:59:53,169 INFO Experiment.PerfCost-17b8: Processed 4630 samples out of 10000, 0 errors
07:00:05,295 INFO Experiment.PerfCost-17b8: Processed 4640 samples out of 10000, 0 errors
07:00:17,653 INFO Experiment.PerfCost-17b8: Processed 4650 samples out of 10000, 0 errors
07:00:29,831 INFO Experiment.PerfCost-17b8: Processed 4660 samples out of 10000, 0 errors
07:00:42,127 INFO Experiment.PerfCost-17b8: Processed 4670 samples out of 10000, 0 errors
07:00:54,332 INFO Experiment.PerfCost-17b8: Processed 4680 samples out of 10000, 0 errors
07:01:06,643 INFO Experiment.PerfCost-17b8: Processed 4690 samples out of 10000, 0 errors
07:01:18,884 INFO Experiment.PerfCost-17b8: Processed 4700 samples out of 10000, 0 errors
07:01:31,159 INFO Experiment.PerfCost-17b8: Processed 4710 samples out of 10000, 0 errors
07:01:43,363 INFO Experiment.PerfCost-17b8: Processed 4720 samples out of 10000, 0 errors
07:01:55,656 INFO Experiment.PerfCost-17b8: Processed 4730 samples out of 10000, 0 errors
07:02:07,853 INFO Experiment.PerfCost-17b8: Processed 4740 samples out of 10000, 0 errors
07:02:20,75 INFO Experiment.PerfCost-17b8: Processed 4750 samples out of 10000, 0 errors
07:02:32,260 INFO Experiment.PerfCost-17b8: Processed 4760 samples out of 10000, 0 errors
07:02:44,533 INFO Experiment.PerfCost-17b8: Processed 4770 samples out of 10000, 0 errors
07:02:56,792 INFO Experiment.PerfCost-17b8: Processed 4780 samples out of 10000, 0 errors
07:03:08,876 INFO Experiment.PerfCost-17b8: Processed 4790 samples out of 10000, 0 errors
07:03:21,186 INFO Experiment.PerfCost-17b8: Processed 4800 samples out of 10000, 0 errors
07:03:33,473 INFO Experiment.PerfCost-17b8: Processed 4810 samples out of 10000, 0 errors
07:03:45,631 INFO Experiment.PerfCost-17b8: Processed 4820 samples out of 10000, 0 errors
07:03:57,813 INFO Experiment.PerfCost-17b8: Processed 4830 samples out of 10000, 0 errors
07:04:10,2 INFO Experiment.PerfCost-17b8: Processed 4840 samples out of 10000, 0 errors
07:04:22,249 INFO Experiment.PerfCost-17b8: Processed 4850 samples out of 10000, 0 errors
07:04:34,479 INFO Experiment.PerfCost-17b8: Processed 4860 samples out of 10000, 0 errors
07:04:46,825 INFO Experiment.PerfCost-17b8: Processed 4870 samples out of 10000, 0 errors
07:04:59,163 INFO Experiment.PerfCost-17b8: Processed 4880 samples out of 10000, 0 errors
07:05:11,482 INFO Experiment.PerfCost-17b8: Processed 4890 samples out of 10000, 0 errors
07:05:23,727 INFO Experiment.PerfCost-17b8: Processed 4900 samples out of 10000, 0 errors
07:05:36,78 INFO Experiment.PerfCost-17b8: Processed 4910 samples out of 10000, 0 errors
07:05:48,251 INFO Experiment.PerfCost-17b8: Processed 4920 samples out of 10000, 0 errors
07:06:00,494 INFO Experiment.PerfCost-17b8: Processed 4930 samples out of 10000, 0 errors
07:06:12,780 INFO Experiment.PerfCost-17b8: Processed 4940 samples out of 10000, 0 errors
07:06:25,15 INFO Experiment.PerfCost-17b8: Processed 4950 samples out of 10000, 0 errors
07:06:37,267 INFO Experiment.PerfCost-17b8: Processed 4960 samples out of 10000, 0 errors
07:06:49,415 INFO Experiment.PerfCost-17b8: Processed 4970 samples out of 10000, 0 errors
07:07:01,642 INFO Experiment.PerfCost-17b8: Processed 4980 samples out of 10000, 0 errors
07:07:13,813 INFO Experiment.PerfCost-17b8: Processed 4990 samples out of 10000, 0 errors
07:07:26,117 INFO Experiment.PerfCost-17b8: Processed 5000 samples out of 10000, 0 errors
07:07:38,346 INFO Experiment.PerfCost-17b8: Processed 5010 samples out of 10000, 0 errors
07:07:50,410 INFO Experiment.PerfCost-17b8: Processed 5020 samples out of 10000, 0 errors
07:08:02,674 INFO Experiment.PerfCost-17b8: Processed 5030 samples out of 10000, 0 errors
07:08:14,983 INFO Experiment.PerfCost-17b8: Processed 5040 samples out of 10000, 0 errors
07:08:27,282 INFO Experiment.PerfCost-17b8: Processed 5050 samples out of 10000, 0 errors
07:08:39,529 INFO Experiment.PerfCost-17b8: Processed 5060 samples out of 10000, 0 errors
07:08:51,650 INFO Experiment.PerfCost-17b8: Processed 5070 samples out of 10000, 0 errors
07:09:03,844 INFO Experiment.PerfCost-17b8: Processed 5080 samples out of 10000, 0 errors
07:09:16,199 INFO Experiment.PerfCost-17b8: Processed 5090 samples out of 10000, 0 errors
07:09:28,593 INFO Experiment.PerfCost-17b8: Processed 5100 samples out of 10000, 0 errors
07:09:40,879 INFO Experiment.PerfCost-17b8: Processed 5110 samples out of 10000, 0 errors
07:09:53,153 INFO Experiment.PerfCost-17b8: Processed 5120 samples out of 10000, 0 errors
07:10:05,439 INFO Experiment.PerfCost-17b8: Processed 5130 samples out of 10000, 0 errors
07:10:17,722 INFO Experiment.PerfCost-17b8: Processed 5140 samples out of 10000, 0 errors
07:10:29,916 INFO Experiment.PerfCost-17b8: Processed 5150 samples out of 10000, 0 errors
07:10:42,129 INFO Experiment.PerfCost-17b8: Processed 5160 samples out of 10000, 0 errors
07:10:54,400 INFO Experiment.PerfCost-17b8: Processed 5170 samples out of 10000, 0 errors
07:11:06,749 INFO Experiment.PerfCost-17b8: Processed 5180 samples out of 10000, 0 errors
07:11:19,33 INFO Experiment.PerfCost-17b8: Processed 5190 samples out of 10000, 0 errors
07:11:31,320 INFO Experiment.PerfCost-17b8: Processed 5200 samples out of 10000, 0 errors
07:11:43,555 INFO Experiment.PerfCost-17b8: Processed 5210 samples out of 10000, 0 errors
07:11:55,705 INFO Experiment.PerfCost-17b8: Processed 5220 samples out of 10000, 0 errors
07:12:07,998 INFO Experiment.PerfCost-17b8: Processed 5230 samples out of 10000, 0 errors
07:12:20,236 INFO Experiment.PerfCost-17b8: Processed 5240 samples out of 10000, 0 errors
07:12:32,486 INFO Experiment.PerfCost-17b8: Processed 5250 samples out of 10000, 0 errors
07:12:44,728 INFO Experiment.PerfCost-17b8: Processed 5260 samples out of 10000, 0 errors
07:12:56,924 INFO Experiment.PerfCost-17b8: Processed 5270 samples out of 10000, 0 errors
07:13:09,162 INFO Experiment.PerfCost-17b8: Processed 5280 samples out of 10000, 0 errors
07:13:21,462 INFO Experiment.PerfCost-17b8: Processed 5290 samples out of 10000, 0 errors
07:13:33,664 INFO Experiment.PerfCost-17b8: Processed 5300 samples out of 10000, 0 errors
07:13:45,803 INFO Experiment.PerfCost-17b8: Processed 5310 samples out of 10000, 0 errors
07:13:58,36 INFO Experiment.PerfCost-17b8: Processed 5320 samples out of 10000, 0 errors
07:14:10,350 INFO Experiment.PerfCost-17b8: Processed 5330 samples out of 10000, 0 errors
07:14:22,533 INFO Experiment.PerfCost-17b8: Processed 5340 samples out of 10000, 0 errors
07:14:34,743 INFO Experiment.PerfCost-17b8: Processed 5350 samples out of 10000, 0 errors
07:14:47,22 INFO Experiment.PerfCost-17b8: Processed 5360 samples out of 10000, 0 errors
07:14:59,218 INFO Experiment.PerfCost-17b8: Processed 5370 samples out of 10000, 0 errors
07:15:11,504 INFO Experiment.PerfCost-17b8: Processed 5380 samples out of 10000, 0 errors
07:15:23,850 INFO Experiment.PerfCost-17b8: Processed 5390 samples out of 10000, 0 errors
07:15:36,175 INFO Experiment.PerfCost-17b8: Processed 5400 samples out of 10000, 0 errors
07:15:48,403 INFO Experiment.PerfCost-17b8: Processed 5410 samples out of 10000, 0 errors
07:16:00,649 INFO Experiment.PerfCost-17b8: Processed 5420 samples out of 10000, 0 errors
07:16:12,923 INFO Experiment.PerfCost-17b8: Processed 5430 samples out of 10000, 0 errors
07:16:25,166 INFO Experiment.PerfCost-17b8: Processed 5440 samples out of 10000, 0 errors
07:16:37,362 INFO Experiment.PerfCost-17b8: Processed 5450 samples out of 10000, 0 errors
07:16:49,534 INFO Experiment.PerfCost-17b8: Processed 5460 samples out of 10000, 0 errors
07:17:01,809 INFO Experiment.PerfCost-17b8: Processed 5470 samples out of 10000, 0 errors
07:17:14,99 INFO Experiment.PerfCost-17b8: Processed 5480 samples out of 10000, 0 errors
07:17:26,278 INFO Experiment.PerfCost-17b8: Processed 5490 samples out of 10000, 0 errors
07:17:38,574 INFO Experiment.PerfCost-17b8: Processed 5500 samples out of 10000, 0 errors
07:17:50,853 INFO Experiment.PerfCost-17b8: Processed 5510 samples out of 10000, 0 errors
07:18:03,35 INFO Experiment.PerfCost-17b8: Processed 5520 samples out of 10000, 0 errors
07:18:15,379 INFO Experiment.PerfCost-17b8: Processed 5530 samples out of 10000, 0 errors
07:18:27,609 INFO Experiment.PerfCost-17b8: Processed 5540 samples out of 10000, 0 errors
07:18:39,681 INFO Experiment.PerfCost-17b8: Processed 5550 samples out of 10000, 0 errors
07:18:52,32 INFO Experiment.PerfCost-17b8: Processed 5560 samples out of 10000, 0 errors
07:19:04,276 INFO Experiment.PerfCost-17b8: Processed 5570 samples out of 10000, 0 errors
07:19:16,574 INFO Experiment.PerfCost-17b8: Processed 5580 samples out of 10000, 0 errors
07:19:28,931 INFO Experiment.PerfCost-17b8: Processed 5590 samples out of 10000, 0 errors
07:19:41,243 INFO Experiment.PerfCost-17b8: Processed 5600 samples out of 10000, 0 errors
07:19:53,554 INFO Experiment.PerfCost-17b8: Processed 5610 samples out of 10000, 0 errors
07:20:05,723 INFO Experiment.PerfCost-17b8: Processed 5620 samples out of 10000, 0 errors
07:20:18,75 INFO Experiment.PerfCost-17b8: Processed 5630 samples out of 10000, 0 errors
07:20:30,260 INFO Experiment.PerfCost-17b8: Processed 5640 samples out of 10000, 0 errors
07:20:42,540 INFO Experiment.PerfCost-17b8: Processed 5650 samples out of 10000, 0 errors
07:20:54,797 INFO Experiment.PerfCost-17b8: Processed 5660 samples out of 10000, 0 errors
07:21:07,45 INFO Experiment.PerfCost-17b8: Processed 5670 samples out of 10000, 0 errors
07:21:19,294 INFO Experiment.PerfCost-17b8: Processed 5680 samples out of 10000, 0 errors
07:21:31,530 INFO Experiment.PerfCost-17b8: Processed 5690 samples out of 10000, 0 errors
07:21:43,661 INFO Experiment.PerfCost-17b8: Processed 5700 samples out of 10000, 0 errors
07:21:55,868 INFO Experiment.PerfCost-17b8: Processed 5710 samples out of 10000, 0 errors
07:22:08,150 INFO Experiment.PerfCost-17b8: Processed 5720 samples out of 10000, 0 errors
07:22:20,475 INFO Experiment.PerfCost-17b8: Processed 5730 samples out of 10000, 0 errors
07:22:32,697 INFO Experiment.PerfCost-17b8: Processed 5740 samples out of 10000, 0 errors
07:22:44,881 INFO Experiment.PerfCost-17b8: Processed 5750 samples out of 10000, 0 errors
07:22:57,105 INFO Experiment.PerfCost-17b8: Processed 5760 samples out of 10000, 0 errors
07:23:09,374 INFO Experiment.PerfCost-17b8: Processed 5770 samples out of 10000, 0 errors
07:23:21,588 INFO Experiment.PerfCost-17b8: Processed 5780 samples out of 10000, 0 errors
07:23:33,873 INFO Experiment.PerfCost-17b8: Processed 5790 samples out of 10000, 0 errors
07:23:46,128 INFO Experiment.PerfCost-17b8: Processed 5800 samples out of 10000, 0 errors
07:23:58,425 INFO Experiment.PerfCost-17b8: Processed 5810 samples out of 10000, 0 errors
07:24:10,562 INFO Experiment.PerfCost-17b8: Processed 5820 samples out of 10000, 0 errors
07:24:22,796 INFO Experiment.PerfCost-17b8: Processed 5830 samples out of 10000, 0 errors
07:24:35,41 INFO Experiment.PerfCost-17b8: Processed 5840 samples out of 10000, 0 errors
07:24:47,353 INFO Experiment.PerfCost-17b8: Processed 5850 samples out of 10000, 0 errors
07:24:59,533 INFO Experiment.PerfCost-17b8: Processed 5860 samples out of 10000, 0 errors
07:25:11,766 INFO Experiment.PerfCost-17b8: Processed 5870 samples out of 10000, 0 errors
07:25:24,90 INFO Experiment.PerfCost-17b8: Processed 5880 samples out of 10000, 0 errors
07:25:36,412 INFO Experiment.PerfCost-17b8: Processed 5890 samples out of 10000, 0 errors
07:25:48,617 INFO Experiment.PerfCost-17b8: Processed 5900 samples out of 10000, 0 errors
07:26:00,892 INFO Experiment.PerfCost-17b8: Processed 5910 samples out of 10000, 0 errors
07:26:13,120 INFO Experiment.PerfCost-17b8: Processed 5920 samples out of 10000, 0 errors
07:26:25,369 INFO Experiment.PerfCost-17b8: Processed 5930 samples out of 10000, 0 errors
07:26:37,736 INFO Experiment.PerfCost-17b8: Processed 5940 samples out of 10000, 0 errors
07:26:50,53 INFO Experiment.PerfCost-17b8: Processed 5950 samples out of 10000, 0 errors
07:27:02,315 INFO Experiment.PerfCost-17b8: Processed 5960 samples out of 10000, 0 errors
07:27:14,529 INFO Experiment.PerfCost-17b8: Processed 5970 samples out of 10000, 0 errors
07:27:26,737 INFO Experiment.PerfCost-17b8: Processed 5980 samples out of 10000, 0 errors
07:27:38,971 INFO Experiment.PerfCost-17b8: Processed 5990 samples out of 10000, 0 errors
07:27:51,146 INFO Experiment.PerfCost-17b8: Processed 6000 samples out of 10000, 0 errors
07:28:03,446 INFO Experiment.PerfCost-17b8: Processed 6010 samples out of 10000, 0 errors
07:28:15,718 INFO Experiment.PerfCost-17b8: Processed 6020 samples out of 10000, 0 errors
07:28:27,996 INFO Experiment.PerfCost-17b8: Processed 6030 samples out of 10000, 0 errors
07:28:40,295 INFO Experiment.PerfCost-17b8: Processed 6040 samples out of 10000, 0 errors
07:28:52,402 INFO Experiment.PerfCost-17b8: Processed 6050 samples out of 10000, 0 errors
07:29:04,592 INFO Experiment.PerfCost-17b8: Processed 6060 samples out of 10000, 0 errors
07:29:16,746 INFO Experiment.PerfCost-17b8: Processed 6070 samples out of 10000, 0 errors
07:29:29,24 INFO Experiment.PerfCost-17b8: Processed 6080 samples out of 10000, 0 errors
07:29:41,331 INFO Experiment.PerfCost-17b8: Processed 6090 samples out of 10000, 0 errors
07:29:53,480 INFO Experiment.PerfCost-17b8: Processed 6100 samples out of 10000, 0 errors
07:30:05,774 INFO Experiment.PerfCost-17b8: Processed 6110 samples out of 10000, 0 errors
07:30:18,7 INFO Experiment.PerfCost-17b8: Processed 6120 samples out of 10000, 0 errors
07:30:30,277 INFO Experiment.PerfCost-17b8: Processed 6130 samples out of 10000, 0 errors
07:30:42,428 INFO Experiment.PerfCost-17b8: Processed 6140 samples out of 10000, 0 errors
07:30:54,636 INFO Experiment.PerfCost-17b8: Processed 6150 samples out of 10000, 0 errors
07:31:06,907 INFO Experiment.PerfCost-17b8: Processed 6160 samples out of 10000, 0 errors
07:31:19,263 INFO Experiment.PerfCost-17b8: Processed 6170 samples out of 10000, 0 errors
07:31:31,591 INFO Experiment.PerfCost-17b8: Processed 6180 samples out of 10000, 0 errors
07:31:43,744 INFO Experiment.PerfCost-17b8: Processed 6190 samples out of 10000, 0 errors
07:31:56,99 INFO Experiment.PerfCost-17b8: Processed 6200 samples out of 10000, 0 errors
07:32:08,436 INFO Experiment.PerfCost-17b8: Processed 6210 samples out of 10000, 0 errors
07:32:20,666 INFO Experiment.PerfCost-17b8: Processed 6220 samples out of 10000, 0 errors
07:32:33,20 INFO Experiment.PerfCost-17b8: Processed 6230 samples out of 10000, 0 errors
07:32:45,395 INFO Experiment.PerfCost-17b8: Processed 6240 samples out of 10000, 0 errors
07:32:57,716 INFO Experiment.PerfCost-17b8: Processed 6250 samples out of 10000, 0 errors
07:33:10,43 INFO Experiment.PerfCost-17b8: Processed 6260 samples out of 10000, 0 errors
07:33:22,278 INFO Experiment.PerfCost-17b8: Processed 6270 samples out of 10000, 0 errors
07:33:34,496 INFO Experiment.PerfCost-17b8: Processed 6280 samples out of 10000, 0 errors
07:33:46,743 INFO Experiment.PerfCost-17b8: Processed 6290 samples out of 10000, 0 errors
07:33:59,41 INFO Experiment.PerfCost-17b8: Processed 6300 samples out of 10000, 0 errors
07:34:11,249 INFO Experiment.PerfCost-17b8: Processed 6310 samples out of 10000, 0 errors
07:34:23,547 INFO Experiment.PerfCost-17b8: Processed 6320 samples out of 10000, 0 errors
07:34:35,801 INFO Experiment.PerfCost-17b8: Processed 6330 samples out of 10000, 0 errors
07:34:48,71 INFO Experiment.PerfCost-17b8: Processed 6340 samples out of 10000, 0 errors
07:35:00,325 INFO Experiment.PerfCost-17b8: Processed 6350 samples out of 10000, 0 errors
07:35:12,470 INFO Experiment.PerfCost-17b8: Processed 6360 samples out of 10000, 0 errors
07:35:24,709 INFO Experiment.PerfCost-17b8: Processed 6370 samples out of 10000, 0 errors
07:35:37,69 INFO Experiment.PerfCost-17b8: Processed 6380 samples out of 10000, 0 errors
07:35:49,351 INFO Experiment.PerfCost-17b8: Processed 6390 samples out of 10000, 0 errors
07:36:01,602 INFO Experiment.PerfCost-17b8: Processed 6400 samples out of 10000, 0 errors
07:36:13,881 INFO Experiment.PerfCost-17b8: Processed 6410 samples out of 10000, 0 errors
07:36:26,92 INFO Experiment.PerfCost-17b8: Processed 6420 samples out of 10000, 0 errors
07:36:38,346 INFO Experiment.PerfCost-17b8: Processed 6430 samples out of 10000, 0 errors
07:36:50,464 INFO Experiment.PerfCost-17b8: Processed 6440 samples out of 10000, 0 errors
07:37:02,596 INFO Experiment.PerfCost-17b8: Processed 6450 samples out of 10000, 0 errors
07:37:14,727 INFO Experiment.PerfCost-17b8: Processed 6460 samples out of 10000, 0 errors
07:37:26,988 INFO Experiment.PerfCost-17b8: Processed 6470 samples out of 10000, 0 errors
07:37:39,294 INFO Experiment.PerfCost-17b8: Processed 6480 samples out of 10000, 0 errors
07:37:51,628 INFO Experiment.PerfCost-17b8: Processed 6490 samples out of 10000, 0 errors
07:38:03,860 INFO Experiment.PerfCost-17b8: Processed 6500 samples out of 10000, 0 errors
07:38:16,157 INFO Experiment.PerfCost-17b8: Processed 6510 samples out of 10000, 0 errors
07:38:28,368 INFO Experiment.PerfCost-17b8: Processed 6520 samples out of 10000, 0 errors
07:38:40,585 INFO Experiment.PerfCost-17b8: Processed 6530 samples out of 10000, 0 errors
07:38:52,768 INFO Experiment.PerfCost-17b8: Processed 6540 samples out of 10000, 0 errors
07:39:05,54 INFO Experiment.PerfCost-17b8: Processed 6550 samples out of 10000, 0 errors
07:39:17,322 INFO Experiment.PerfCost-17b8: Processed 6560 samples out of 10000, 0 errors
07:39:29,601 INFO Experiment.PerfCost-17b8: Processed 6570 samples out of 10000, 0 errors
07:39:41,917 INFO Experiment.PerfCost-17b8: Processed 6580 samples out of 10000, 0 errors
07:39:54,107 INFO Experiment.PerfCost-17b8: Processed 6590 samples out of 10000, 0 errors
07:40:06,308 INFO Experiment.PerfCost-17b8: Processed 6600 samples out of 10000, 0 errors
07:40:18,560 INFO Experiment.PerfCost-17b8: Processed 6610 samples out of 10000, 0 errors
07:40:30,680 INFO Experiment.PerfCost-17b8: Processed 6620 samples out of 10000, 0 errors
07:40:42,908 INFO Experiment.PerfCost-17b8: Processed 6630 samples out of 10000, 0 errors
07:40:55,180 INFO Experiment.PerfCost-17b8: Processed 6640 samples out of 10000, 0 errors
07:41:07,429 INFO Experiment.PerfCost-17b8: Processed 6650 samples out of 10000, 0 errors
07:41:19,755 INFO Experiment.PerfCost-17b8: Processed 6660 samples out of 10000, 0 errors
07:41:31,923 INFO Experiment.PerfCost-17b8: Processed 6670 samples out of 10000, 0 errors
07:41:44,237 INFO Experiment.PerfCost-17b8: Processed 6680 samples out of 10000, 0 errors
07:41:56,581 INFO Experiment.PerfCost-17b8: Processed 6690 samples out of 10000, 0 errors
07:42:08,819 INFO Experiment.PerfCost-17b8: Processed 6700 samples out of 10000, 0 errors
07:42:21,56 INFO Experiment.PerfCost-17b8: Processed 6710 samples out of 10000, 0 errors
07:42:33,184 INFO Experiment.PerfCost-17b8: Processed 6720 samples out of 10000, 0 errors
07:42:45,567 INFO Experiment.PerfCost-17b8: Processed 6730 samples out of 10000, 0 errors
07:42:57,718 INFO Experiment.PerfCost-17b8: Processed 6740 samples out of 10000, 0 errors
07:43:09,925 INFO Experiment.PerfCost-17b8: Processed 6750 samples out of 10000, 0 errors
07:43:22,141 INFO Experiment.PerfCost-17b8: Processed 6760 samples out of 10000, 0 errors
07:43:34,505 INFO Experiment.PerfCost-17b8: Processed 6770 samples out of 10000, 0 errors
07:43:46,721 INFO Experiment.PerfCost-17b8: Processed 6780 samples out of 10000, 0 errors
07:43:58,965 INFO Experiment.PerfCost-17b8: Processed 6790 samples out of 10000, 0 errors
07:44:11,118 INFO Experiment.PerfCost-17b8: Processed 6800 samples out of 10000, 0 errors
07:44:23,306 INFO Experiment.PerfCost-17b8: Processed 6810 samples out of 10000, 0 errors
07:44:35,577 INFO Experiment.PerfCost-17b8: Processed 6820 samples out of 10000, 0 errors
07:44:47,795 INFO Experiment.PerfCost-17b8: Processed 6830 samples out of 10000, 0 errors
07:45:00,77 INFO Experiment.PerfCost-17b8: Processed 6840 samples out of 10000, 0 errors
07:45:12,259 INFO Experiment.PerfCost-17b8: Processed 6850 samples out of 10000, 0 errors
07:45:24,555 INFO Experiment.PerfCost-17b8: Processed 6860 samples out of 10000, 0 errors
07:45:36,908 INFO Experiment.PerfCost-17b8: Processed 6870 samples out of 10000, 0 errors
07:45:49,39 INFO Experiment.PerfCost-17b8: Processed 6880 samples out of 10000, 0 errors
07:46:01,364 INFO Experiment.PerfCost-17b8: Processed 6890 samples out of 10000, 0 errors
07:46:13,690 INFO Experiment.PerfCost-17b8: Processed 6900 samples out of 10000, 0 errors
07:46:25,959 INFO Experiment.PerfCost-17b8: Processed 6910 samples out of 10000, 0 errors
07:46:38,248 INFO Experiment.PerfCost-17b8: Processed 6920 samples out of 10000, 0 errors
07:46:50,425 INFO Experiment.PerfCost-17b8: Processed 6930 samples out of 10000, 0 errors
07:47:02,717 INFO Experiment.PerfCost-17b8: Processed 6940 samples out of 10000, 0 errors
07:47:14,967 INFO Experiment.PerfCost-17b8: Processed 6950 samples out of 10000, 0 errors
07:47:27,254 INFO Experiment.PerfCost-17b8: Processed 6960 samples out of 10000, 0 errors
07:47:39,554 INFO Experiment.PerfCost-17b8: Processed 6970 samples out of 10000, 0 errors
07:47:51,778 INFO Experiment.PerfCost-17b8: Processed 6980 samples out of 10000, 0 errors
07:48:04,20 INFO Experiment.PerfCost-17b8: Processed 6990 samples out of 10000, 0 errors
07:48:16,446 INFO Experiment.PerfCost-17b8: Processed 7000 samples out of 10000, 0 errors
07:48:28,729 INFO Experiment.PerfCost-17b8: Processed 7010 samples out of 10000, 0 errors
07:48:40,951 INFO Experiment.PerfCost-17b8: Processed 7020 samples out of 10000, 0 errors
07:48:53,232 INFO Experiment.PerfCost-17b8: Processed 7030 samples out of 10000, 0 errors
07:49:05,431 INFO Experiment.PerfCost-17b8: Processed 7040 samples out of 10000, 0 errors
07:49:17,695 INFO Experiment.PerfCost-17b8: Processed 7050 samples out of 10000, 0 errors
07:49:29,988 INFO Experiment.PerfCost-17b8: Processed 7060 samples out of 10000, 0 errors
07:49:42,323 INFO Experiment.PerfCost-17b8: Processed 7070 samples out of 10000, 0 errors
07:49:54,700 INFO Experiment.PerfCost-17b8: Processed 7080 samples out of 10000, 0 errors
07:50:06,864 INFO Experiment.PerfCost-17b8: Processed 7090 samples out of 10000, 0 errors
07:50:19,77 INFO Experiment.PerfCost-17b8: Processed 7100 samples out of 10000, 0 errors
07:50:31,337 INFO Experiment.PerfCost-17b8: Processed 7110 samples out of 10000, 0 errors
07:50:43,546 INFO Experiment.PerfCost-17b8: Processed 7120 samples out of 10000, 0 errors
07:50:55,831 INFO Experiment.PerfCost-17b8: Processed 7130 samples out of 10000, 0 errors
07:51:08,114 INFO Experiment.PerfCost-17b8: Processed 7140 samples out of 10000, 0 errors
07:51:20,431 INFO Experiment.PerfCost-17b8: Processed 7150 samples out of 10000, 0 errors
07:51:32,691 INFO Experiment.PerfCost-17b8: Processed 7160 samples out of 10000, 0 errors
07:51:45,19 INFO Experiment.PerfCost-17b8: Processed 7170 samples out of 10000, 0 errors
07:51:57,321 INFO Experiment.PerfCost-17b8: Processed 7180 samples out of 10000, 0 errors
07:52:09,520 INFO Experiment.PerfCost-17b8: Processed 7190 samples out of 10000, 0 errors
07:52:21,798 INFO Experiment.PerfCost-17b8: Processed 7200 samples out of 10000, 0 errors
07:52:34,50 INFO Experiment.PerfCost-17b8: Processed 7210 samples out of 10000, 0 errors
07:52:46,420 INFO Experiment.PerfCost-17b8: Processed 7220 samples out of 10000, 0 errors
07:52:58,668 INFO Experiment.PerfCost-17b8: Processed 7230 samples out of 10000, 0 errors
07:53:10,892 INFO Experiment.PerfCost-17b8: Processed 7240 samples out of 10000, 0 errors
07:53:23,150 INFO Experiment.PerfCost-17b8: Processed 7250 samples out of 10000, 0 errors
07:53:35,419 INFO Experiment.PerfCost-17b8: Processed 7260 samples out of 10000, 0 errors
07:53:47,610 INFO Experiment.PerfCost-17b8: Processed 7270 samples out of 10000, 0 errors
07:53:59,916 INFO Experiment.PerfCost-17b8: Processed 7280 samples out of 10000, 0 errors
07:54:12,128 INFO Experiment.PerfCost-17b8: Processed 7290 samples out of 10000, 0 errors
07:54:24,362 INFO Experiment.PerfCost-17b8: Processed 7300 samples out of 10000, 0 errors
07:54:36,559 INFO Experiment.PerfCost-17b8: Processed 7310 samples out of 10000, 0 errors
07:54:48,752 INFO Experiment.PerfCost-17b8: Processed 7320 samples out of 10000, 0 errors
07:55:01,86 INFO Experiment.PerfCost-17b8: Processed 7330 samples out of 10000, 0 errors
07:55:13,399 INFO Experiment.PerfCost-17b8: Processed 7340 samples out of 10000, 0 errors
07:55:25,647 INFO Experiment.PerfCost-17b8: Processed 7350 samples out of 10000, 0 errors
07:55:37,866 INFO Experiment.PerfCost-17b8: Processed 7360 samples out of 10000, 0 errors
07:55:50,93 INFO Experiment.PerfCost-17b8: Processed 7370 samples out of 10000, 0 errors
07:56:02,263 INFO Experiment.PerfCost-17b8: Processed 7380 samples out of 10000, 0 errors
07:56:14,385 INFO Experiment.PerfCost-17b8: Processed 7390 samples out of 10000, 0 errors
07:56:26,621 INFO Experiment.PerfCost-17b8: Processed 7400 samples out of 10000, 0 errors
07:56:38,896 INFO Experiment.PerfCost-17b8: Processed 7410 samples out of 10000, 0 errors
07:56:51,224 INFO Experiment.PerfCost-17b8: Processed 7420 samples out of 10000, 0 errors
07:57:03,468 INFO Experiment.PerfCost-17b8: Processed 7430 samples out of 10000, 0 errors
07:57:15,696 INFO Experiment.PerfCost-17b8: Processed 7440 samples out of 10000, 0 errors
07:57:27,910 INFO Experiment.PerfCost-17b8: Processed 7450 samples out of 10000, 0 errors
07:57:40,180 INFO Experiment.PerfCost-17b8: Processed 7460 samples out of 10000, 0 errors
07:57:52,465 INFO Experiment.PerfCost-17b8: Processed 7470 samples out of 10000, 0 errors
07:58:04,762 INFO Experiment.PerfCost-17b8: Processed 7480 samples out of 10000, 0 errors
07:58:17,70 INFO Experiment.PerfCost-17b8: Processed 7490 samples out of 10000, 0 errors
07:58:29,365 INFO Experiment.PerfCost-17b8: Processed 7500 samples out of 10000, 0 errors
07:58:41,598 INFO Experiment.PerfCost-17b8: Processed 7510 samples out of 10000, 0 errors
07:58:53,904 INFO Experiment.PerfCost-17b8: Processed 7520 samples out of 10000, 0 errors
07:59:06,256 INFO Experiment.PerfCost-17b8: Processed 7530 samples out of 10000, 0 errors
07:59:18,439 INFO Experiment.PerfCost-17b8: Processed 7540 samples out of 10000, 0 errors
07:59:30,594 INFO Experiment.PerfCost-17b8: Processed 7550 samples out of 10000, 0 errors
07:59:42,919 INFO Experiment.PerfCost-17b8: Processed 7560 samples out of 10000, 0 errors
07:59:55,145 INFO Experiment.PerfCost-17b8: Processed 7570 samples out of 10000, 0 errors
08:00:07,403 INFO Experiment.PerfCost-17b8: Processed 7580 samples out of 10000, 0 errors
08:00:19,692 INFO Experiment.PerfCost-17b8: Processed 7590 samples out of 10000, 0 errors
08:00:31,890 INFO Experiment.PerfCost-17b8: Processed 7600 samples out of 10000, 0 errors
08:00:44,93 INFO Experiment.PerfCost-17b8: Processed 7610 samples out of 10000, 0 errors
08:00:56,380 INFO Experiment.PerfCost-17b8: Processed 7620 samples out of 10000, 0 errors
08:01:08,615 INFO Experiment.PerfCost-17b8: Processed 7630 samples out of 10000, 0 errors
08:01:20,876 INFO Experiment.PerfCost-17b8: Processed 7640 samples out of 10000, 0 errors
08:01:33,151 INFO Experiment.PerfCost-17b8: Processed 7650 samples out of 10000, 0 errors
08:01:45,327 INFO Experiment.PerfCost-17b8: Processed 7660 samples out of 10000, 0 errors
08:01:57,651 INFO Experiment.PerfCost-17b8: Processed 7670 samples out of 10000, 0 errors
08:02:09,902 INFO Experiment.PerfCost-17b8: Processed 7680 samples out of 10000, 0 errors
08:02:22,196 INFO Experiment.PerfCost-17b8: Processed 7690 samples out of 10000, 0 errors
08:02:34,432 INFO Experiment.PerfCost-17b8: Processed 7700 samples out of 10000, 0 errors
08:02:46,870 INFO Experiment.PerfCost-17b8: Processed 7710 samples out of 10000, 0 errors
08:02:59,294 INFO Experiment.PerfCost-17b8: Processed 7720 samples out of 10000, 0 errors
08:03:11,523 INFO Experiment.PerfCost-17b8: Processed 7730 samples out of 10000, 0 errors
08:03:23,769 INFO Experiment.PerfCost-17b8: Processed 7740 samples out of 10000, 0 errors
08:03:36,104 INFO Experiment.PerfCost-17b8: Processed 7750 samples out of 10000, 0 errors
08:03:48,430 INFO Experiment.PerfCost-17b8: Processed 7760 samples out of 10000, 0 errors
08:04:00,733 INFO Experiment.PerfCost-17b8: Processed 7770 samples out of 10000, 0 errors
08:04:13,92 INFO Experiment.PerfCost-17b8: Processed 7780 samples out of 10000, 0 errors
08:04:25,326 INFO Experiment.PerfCost-17b8: Processed 7790 samples out of 10000, 0 errors
08:04:37,554 INFO Experiment.PerfCost-17b8: Processed 7800 samples out of 10000, 0 errors
08:04:49,844 INFO Experiment.PerfCost-17b8: Processed 7810 samples out of 10000, 0 errors
08:05:02,185 INFO Experiment.PerfCost-17b8: Processed 7820 samples out of 10000, 0 errors
08:05:14,463 INFO Experiment.PerfCost-17b8: Processed 7830 samples out of 10000, 0 errors
08:05:26,784 INFO Experiment.PerfCost-17b8: Processed 7840 samples out of 10000, 0 errors
08:05:39,40 INFO Experiment.PerfCost-17b8: Processed 7850 samples out of 10000, 0 errors
08:05:51,376 INFO Experiment.PerfCost-17b8: Processed 7860 samples out of 10000, 0 errors
08:06:03,717 INFO Experiment.PerfCost-17b8: Processed 7870 samples out of 10000, 0 errors
08:06:16,59 INFO Experiment.PerfCost-17b8: Processed 7880 samples out of 10000, 0 errors
08:06:28,299 INFO Experiment.PerfCost-17b8: Processed 7890 samples out of 10000, 0 errors
08:06:40,568 INFO Experiment.PerfCost-17b8: Processed 7900 samples out of 10000, 0 errors
08:06:52,887 INFO Experiment.PerfCost-17b8: Processed 7910 samples out of 10000, 0 errors
08:07:05,114 INFO Experiment.PerfCost-17b8: Processed 7920 samples out of 10000, 0 errors
08:07:17,314 INFO Experiment.PerfCost-17b8: Processed 7930 samples out of 10000, 0 errors
08:07:29,628 INFO Experiment.PerfCost-17b8: Processed 7940 samples out of 10000, 0 errors
08:07:41,913 INFO Experiment.PerfCost-17b8: Processed 7950 samples out of 10000, 0 errors
08:07:54,256 INFO Experiment.PerfCost-17b8: Processed 7960 samples out of 10000, 0 errors
08:08:06,473 INFO Experiment.PerfCost-17b8: Processed 7970 samples out of 10000, 0 errors
08:08:18,818 INFO Experiment.PerfCost-17b8: Processed 7980 samples out of 10000, 0 errors
08:08:31,170 INFO Experiment.PerfCost-17b8: Processed 7990 samples out of 10000, 0 errors
08:08:43,447 INFO Experiment.PerfCost-17b8: Processed 8000 samples out of 10000, 0 errors
08:08:55,709 INFO Experiment.PerfCost-17b8: Processed 8010 samples out of 10000, 0 errors
08:09:07,959 INFO Experiment.PerfCost-17b8: Processed 8020 samples out of 10000, 0 errors
08:09:20,271 INFO Experiment.PerfCost-17b8: Processed 8030 samples out of 10000, 0 errors
08:09:32,604 INFO Experiment.PerfCost-17b8: Processed 8040 samples out of 10000, 0 errors
08:09:44,960 INFO Experiment.PerfCost-17b8: Processed 8050 samples out of 10000, 0 errors
08:09:57,202 INFO Experiment.PerfCost-17b8: Processed 8060 samples out of 10000, 0 errors
08:10:09,431 INFO Experiment.PerfCost-17b8: Processed 8070 samples out of 10000, 0 errors
08:10:21,671 INFO Experiment.PerfCost-17b8: Processed 8080 samples out of 10000, 0 errors
08:10:34,11 INFO Experiment.PerfCost-17b8: Processed 8090 samples out of 10000, 0 errors
08:10:46,399 INFO Experiment.PerfCost-17b8: Processed 8100 samples out of 10000, 0 errors
08:10:58,624 INFO Experiment.PerfCost-17b8: Processed 8110 samples out of 10000, 0 errors
08:11:10,915 INFO Experiment.PerfCost-17b8: Processed 8120 samples out of 10000, 0 errors
08:11:23,95 INFO Experiment.PerfCost-17b8: Processed 8130 samples out of 10000, 0 errors
08:11:35,392 INFO Experiment.PerfCost-17b8: Processed 8140 samples out of 10000, 0 errors
08:11:47,697 INFO Experiment.PerfCost-17b8: Processed 8150 samples out of 10000, 0 errors
08:12:00,13 INFO Experiment.PerfCost-17b8: Processed 8160 samples out of 10000, 0 errors
08:12:12,297 INFO Experiment.PerfCost-17b8: Processed 8170 samples out of 10000, 0 errors
08:12:24,485 INFO Experiment.PerfCost-17b8: Processed 8180 samples out of 10000, 0 errors
08:12:36,728 INFO Experiment.PerfCost-17b8: Processed 8190 samples out of 10000, 0 errors
08:12:48,996 INFO Experiment.PerfCost-17b8: Processed 8200 samples out of 10000, 0 errors
08:13:01,223 INFO Experiment.PerfCost-17b8: Processed 8210 samples out of 10000, 0 errors
08:13:13,540 INFO Experiment.PerfCost-17b8: Processed 8220 samples out of 10000, 0 errors
08:13:25,866 INFO Experiment.PerfCost-17b8: Processed 8230 samples out of 10000, 0 errors
08:13:38,105 INFO Experiment.PerfCost-17b8: Processed 8240 samples out of 10000, 0 errors
08:13:50,324 INFO Experiment.PerfCost-17b8: Processed 8250 samples out of 10000, 0 errors
08:14:02,605 INFO Experiment.PerfCost-17b8: Processed 8260 samples out of 10000, 0 errors
08:14:14,924 INFO Experiment.PerfCost-17b8: Processed 8270 samples out of 10000, 0 errors
08:14:27,111 INFO Experiment.PerfCost-17b8: Processed 8280 samples out of 10000, 0 errors
08:14:39,410 INFO Experiment.PerfCost-17b8: Processed 8290 samples out of 10000, 0 errors
08:14:51,668 INFO Experiment.PerfCost-17b8: Processed 8300 samples out of 10000, 0 errors
08:15:03,957 INFO Experiment.PerfCost-17b8: Processed 8310 samples out of 10000, 0 errors
08:15:16,153 INFO Experiment.PerfCost-17b8: Processed 8320 samples out of 10000, 0 errors
08:15:28,403 INFO Experiment.PerfCost-17b8: Processed 8330 samples out of 10000, 0 errors
08:15:40,629 INFO Experiment.PerfCost-17b8: Processed 8340 samples out of 10000, 0 errors
08:15:52,907 INFO Experiment.PerfCost-17b8: Processed 8350 samples out of 10000, 0 errors
08:16:05,94 INFO Experiment.PerfCost-17b8: Processed 8360 samples out of 10000, 0 errors
08:16:17,388 INFO Experiment.PerfCost-17b8: Processed 8370 samples out of 10000, 0 errors
08:16:29,650 INFO Experiment.PerfCost-17b8: Processed 8380 samples out of 10000, 0 errors
08:16:41,784 INFO Experiment.PerfCost-17b8: Processed 8390 samples out of 10000, 0 errors
08:16:53,967 INFO Experiment.PerfCost-17b8: Processed 8400 samples out of 10000, 0 errors
08:17:06,204 INFO Experiment.PerfCost-17b8: Processed 8410 samples out of 10000, 0 errors
08:17:18,448 INFO Experiment.PerfCost-17b8: Processed 8420 samples out of 10000, 0 errors
08:17:30,670 INFO Experiment.PerfCost-17b8: Processed 8430 samples out of 10000, 0 errors
08:17:42,811 INFO Experiment.PerfCost-17b8: Processed 8440 samples out of 10000, 0 errors
08:17:55,59 INFO Experiment.PerfCost-17b8: Processed 8450 samples out of 10000, 0 errors
08:18:07,351 INFO Experiment.PerfCost-17b8: Processed 8460 samples out of 10000, 0 errors
08:18:19,576 INFO Experiment.PerfCost-17b8: Processed 8470 samples out of 10000, 0 errors
08:18:31,857 INFO Experiment.PerfCost-17b8: Processed 8480 samples out of 10000, 0 errors
08:18:44,59 INFO Experiment.PerfCost-17b8: Processed 8490 samples out of 10000, 0 errors
08:18:56,305 INFO Experiment.PerfCost-17b8: Processed 8500 samples out of 10000, 0 errors
08:19:08,587 INFO Experiment.PerfCost-17b8: Processed 8510 samples out of 10000, 0 errors
08:19:20,862 INFO Experiment.PerfCost-17b8: Processed 8520 samples out of 10000, 0 errors
08:19:33,153 INFO Experiment.PerfCost-17b8: Processed 8530 samples out of 10000, 0 errors
08:19:45,464 INFO Experiment.PerfCost-17b8: Processed 8540 samples out of 10000, 0 errors
08:19:57,687 INFO Experiment.PerfCost-17b8: Processed 8550 samples out of 10000, 0 errors
08:20:09,951 INFO Experiment.PerfCost-17b8: Processed 8560 samples out of 10000, 0 errors
08:20:22,310 INFO Experiment.PerfCost-17b8: Processed 8570 samples out of 10000, 0 errors
08:20:34,693 INFO Experiment.PerfCost-17b8: Processed 8580 samples out of 10000, 0 errors
08:20:46,877 INFO Experiment.PerfCost-17b8: Processed 8590 samples out of 10000, 0 errors
08:20:59,164 INFO Experiment.PerfCost-17b8: Processed 8600 samples out of 10000, 0 errors
08:21:11,383 INFO Experiment.PerfCost-17b8: Processed 8610 samples out of 10000, 0 errors
08:21:23,721 INFO Experiment.PerfCost-17b8: Processed 8620 samples out of 10000, 0 errors
08:21:35,875 INFO Experiment.PerfCost-17b8: Processed 8630 samples out of 10000, 0 errors
08:21:48,117 INFO Experiment.PerfCost-17b8: Processed 8640 samples out of 10000, 0 errors
08:22:00,361 INFO Experiment.PerfCost-17b8: Processed 8650 samples out of 10000, 0 errors
08:22:12,681 INFO Experiment.PerfCost-17b8: Processed 8660 samples out of 10000, 0 errors
08:22:24,934 INFO Experiment.PerfCost-17b8: Processed 8670 samples out of 10000, 0 errors
08:22:37,224 INFO Experiment.PerfCost-17b8: Processed 8680 samples out of 10000, 0 errors
08:22:49,438 INFO Experiment.PerfCost-17b8: Processed 8690 samples out of 10000, 0 errors
08:23:01,697 INFO Experiment.PerfCost-17b8: Processed 8700 samples out of 10000, 0 errors
08:23:13,933 INFO Experiment.PerfCost-17b8: Processed 8710 samples out of 10000, 0 errors
08:23:26,145 INFO Experiment.PerfCost-17b8: Processed 8720 samples out of 10000, 0 errors
08:23:38,465 INFO Experiment.PerfCost-17b8: Processed 8730 samples out of 10000, 0 errors
08:23:50,767 INFO Experiment.PerfCost-17b8: Processed 8740 samples out of 10000, 0 errors
08:24:02,980 INFO Experiment.PerfCost-17b8: Processed 8750 samples out of 10000, 0 errors
08:24:15,344 INFO Experiment.PerfCost-17b8: Processed 8760 samples out of 10000, 0 errors
08:24:27,506 INFO Experiment.PerfCost-17b8: Processed 8770 samples out of 10000, 0 errors
08:24:39,801 INFO Experiment.PerfCost-17b8: Processed 8780 samples out of 10000, 0 errors
08:24:52,13 INFO Experiment.PerfCost-17b8: Processed 8790 samples out of 10000, 0 errors
08:25:04,192 INFO Experiment.PerfCost-17b8: Processed 8800 samples out of 10000, 0 errors
08:25:16,502 INFO Experiment.PerfCost-17b8: Processed 8810 samples out of 10000, 0 errors
08:25:28,759 INFO Experiment.PerfCost-17b8: Processed 8820 samples out of 10000, 0 errors
08:25:41,69 INFO Experiment.PerfCost-17b8: Processed 8830 samples out of 10000, 0 errors
08:25:53,346 INFO Experiment.PerfCost-17b8: Processed 8840 samples out of 10000, 0 errors
08:26:05,636 INFO Experiment.PerfCost-17b8: Processed 8850 samples out of 10000, 0 errors
08:26:17,879 INFO Experiment.PerfCost-17b8: Processed 8860 samples out of 10000, 0 errors
08:26:30,52 INFO Experiment.PerfCost-17b8: Processed 8870 samples out of 10000, 0 errors
08:26:42,281 INFO Experiment.PerfCost-17b8: Processed 8880 samples out of 10000, 0 errors
08:26:54,535 INFO Experiment.PerfCost-17b8: Processed 8890 samples out of 10000, 0 errors
08:27:06,824 INFO Experiment.PerfCost-17b8: Processed 8900 samples out of 10000, 0 errors
08:27:19,53 INFO Experiment.PerfCost-17b8: Processed 8910 samples out of 10000, 0 errors
08:27:31,321 INFO Experiment.PerfCost-17b8: Processed 8920 samples out of 10000, 0 errors
08:27:43,582 INFO Experiment.PerfCost-17b8: Processed 8930 samples out of 10000, 0 errors
08:27:55,868 INFO Experiment.PerfCost-17b8: Processed 8940 samples out of 10000, 0 errors
08:28:08,87 INFO Experiment.PerfCost-17b8: Processed 8950 samples out of 10000, 0 errors
08:28:20,410 INFO Experiment.PerfCost-17b8: Processed 8960 samples out of 10000, 0 errors
08:28:32,746 INFO Experiment.PerfCost-17b8: Processed 8970 samples out of 10000, 0 errors
08:28:45,45 INFO Experiment.PerfCost-17b8: Processed 8980 samples out of 10000, 0 errors
08:28:57,205 INFO Experiment.PerfCost-17b8: Processed 8990 samples out of 10000, 0 errors
08:29:09,348 INFO Experiment.PerfCost-17b8: Processed 9000 samples out of 10000, 0 errors
08:29:21,623 INFO Experiment.PerfCost-17b8: Processed 9010 samples out of 10000, 0 errors
08:29:33,892 INFO Experiment.PerfCost-17b8: Processed 9020 samples out of 10000, 0 errors
08:29:46,173 INFO Experiment.PerfCost-17b8: Processed 9030 samples out of 10000, 0 errors
08:29:58,390 INFO Experiment.PerfCost-17b8: Processed 9040 samples out of 10000, 0 errors
08:30:10,749 INFO Experiment.PerfCost-17b8: Processed 9050 samples out of 10000, 0 errors
08:30:23,12 INFO Experiment.PerfCost-17b8: Processed 9060 samples out of 10000, 0 errors
08:30:35,176 INFO Experiment.PerfCost-17b8: Processed 9070 samples out of 10000, 0 errors
08:30:47,488 INFO Experiment.PerfCost-17b8: Processed 9080 samples out of 10000, 0 errors
08:30:59,619 INFO Experiment.PerfCost-17b8: Processed 9090 samples out of 10000, 0 errors
08:31:11,826 INFO Experiment.PerfCost-17b8: Processed 9100 samples out of 10000, 0 errors
08:31:24,12 INFO Experiment.PerfCost-17b8: Processed 9110 samples out of 10000, 0 errors
08:31:36,249 INFO Experiment.PerfCost-17b8: Processed 9120 samples out of 10000, 0 errors
08:31:48,446 INFO Experiment.PerfCost-17b8: Processed 9130 samples out of 10000, 0 errors
08:32:00,643 INFO Experiment.PerfCost-17b8: Processed 9140 samples out of 10000, 0 errors
08:32:12,877 INFO Experiment.PerfCost-17b8: Processed 9150 samples out of 10000, 0 errors
08:32:25,257 INFO Experiment.PerfCost-17b8: Processed 9160 samples out of 10000, 0 errors
08:32:37,470 INFO Experiment.PerfCost-17b8: Processed 9170 samples out of 10000, 0 errors
08:32:49,807 INFO Experiment.PerfCost-17b8: Processed 9180 samples out of 10000, 0 errors
08:33:02,41 INFO Experiment.PerfCost-17b8: Processed 9190 samples out of 10000, 0 errors
08:33:14,359 INFO Experiment.PerfCost-17b8: Processed 9200 samples out of 10000, 0 errors
08:33:26,616 INFO Experiment.PerfCost-17b8: Processed 9210 samples out of 10000, 0 errors
08:33:38,881 INFO Experiment.PerfCost-17b8: Processed 9220 samples out of 10000, 0 errors
08:33:51,131 INFO Experiment.PerfCost-17b8: Processed 9230 samples out of 10000, 0 errors
08:34:03,355 INFO Experiment.PerfCost-17b8: Processed 9240 samples out of 10000, 0 errors
08:34:15,683 INFO Experiment.PerfCost-17b8: Processed 9250 samples out of 10000, 0 errors
08:34:27,909 INFO Experiment.PerfCost-17b8: Processed 9260 samples out of 10000, 0 errors
08:34:40,184 INFO Experiment.PerfCost-17b8: Processed 9270 samples out of 10000, 0 errors
08:34:52,390 INFO Experiment.PerfCost-17b8: Processed 9280 samples out of 10000, 0 errors
08:35:04,738 INFO Experiment.PerfCost-17b8: Processed 9290 samples out of 10000, 0 errors
08:35:16,949 INFO Experiment.PerfCost-17b8: Processed 9300 samples out of 10000, 0 errors
08:35:29,16 INFO Experiment.PerfCost-17b8: Processed 9310 samples out of 10000, 0 errors
08:35:41,324 INFO Experiment.PerfCost-17b8: Processed 9320 samples out of 10000, 0 errors
08:35:53,604 INFO Experiment.PerfCost-17b8: Processed 9330 samples out of 10000, 0 errors
08:36:05,829 INFO Experiment.PerfCost-17b8: Processed 9340 samples out of 10000, 0 errors
08:36:18,155 INFO Experiment.PerfCost-17b8: Processed 9350 samples out of 10000, 0 errors
08:36:30,472 INFO Experiment.PerfCost-17b8: Processed 9360 samples out of 10000, 0 errors
08:36:42,770 INFO Experiment.PerfCost-17b8: Processed 9370 samples out of 10000, 0 errors
08:36:55,51 INFO Experiment.PerfCost-17b8: Processed 9380 samples out of 10000, 0 errors
08:37:07,424 INFO Experiment.PerfCost-17b8: Processed 9390 samples out of 10000, 0 errors
08:37:19,663 INFO Experiment.PerfCost-17b8: Processed 9400 samples out of 10000, 0 errors
08:37:31,881 INFO Experiment.PerfCost-17b8: Processed 9410 samples out of 10000, 0 errors
08:37:44,247 INFO Experiment.PerfCost-17b8: Processed 9420 samples out of 10000, 0 errors
08:37:56,500 INFO Experiment.PerfCost-17b8: Processed 9430 samples out of 10000, 0 errors
08:38:08,821 INFO Experiment.PerfCost-17b8: Processed 9440 samples out of 10000, 0 errors
08:38:20,994 INFO Experiment.PerfCost-17b8: Processed 9450 samples out of 10000, 0 errors
08:38:33,201 INFO Experiment.PerfCost-17b8: Processed 9460 samples out of 10000, 0 errors
08:38:45,444 INFO Experiment.PerfCost-17b8: Processed 9470 samples out of 10000, 0 errors
08:38:57,638 INFO Experiment.PerfCost-17b8: Processed 9480 samples out of 10000, 0 errors
08:39:09,942 INFO Experiment.PerfCost-17b8: Processed 9490 samples out of 10000, 0 errors
08:39:22,217 INFO Experiment.PerfCost-17b8: Processed 9500 samples out of 10000, 0 errors
08:39:34,492 INFO Experiment.PerfCost-17b8: Processed 9510 samples out of 10000, 0 errors
08:39:46,698 INFO Experiment.PerfCost-17b8: Processed 9520 samples out of 10000, 0 errors
08:39:59,13 INFO Experiment.PerfCost-17b8: Processed 9530 samples out of 10000, 0 errors
08:40:11,122 INFO Experiment.PerfCost-17b8: Processed 9540 samples out of 10000, 0 errors
08:40:23,388 INFO Experiment.PerfCost-17b8: Processed 9550 samples out of 10000, 0 errors
08:40:35,725 INFO Experiment.PerfCost-17b8: Processed 9560 samples out of 10000, 0 errors
08:40:48,18 INFO Experiment.PerfCost-17b8: Processed 9570 samples out of 10000, 0 errors
08:41:00,174 INFO Experiment.PerfCost-17b8: Processed 9580 samples out of 10000, 0 errors
08:41:12,442 INFO Experiment.PerfCost-17b8: Processed 9590 samples out of 10000, 0 errors
08:41:24,725 INFO Experiment.PerfCost-17b8: Processed 9600 samples out of 10000, 0 errors
08:41:36,916 INFO Experiment.PerfCost-17b8: Processed 9610 samples out of 10000, 0 errors
08:41:49,104 INFO Experiment.PerfCost-17b8: Processed 9620 samples out of 10000, 0 errors
08:42:01,423 INFO Experiment.PerfCost-17b8: Processed 9630 samples out of 10000, 0 errors
08:42:13,616 INFO Experiment.PerfCost-17b8: Processed 9640 samples out of 10000, 0 errors
08:42:25,910 INFO Experiment.PerfCost-17b8: Processed 9650 samples out of 10000, 0 errors
08:42:38,179 INFO Experiment.PerfCost-17b8: Processed 9660 samples out of 10000, 0 errors
08:42:50,400 INFO Experiment.PerfCost-17b8: Processed 9670 samples out of 10000, 0 errors
08:43:02,706 INFO Experiment.PerfCost-17b8: Processed 9680 samples out of 10000, 0 errors
08:43:14,986 INFO Experiment.PerfCost-17b8: Processed 9690 samples out of 10000, 0 errors
08:43:27,253 INFO Experiment.PerfCost-17b8: Processed 9700 samples out of 10000, 0 errors
08:43:39,550 INFO Experiment.PerfCost-17b8: Processed 9710 samples out of 10000, 0 errors
08:43:51,737 INFO Experiment.PerfCost-17b8: Processed 9720 samples out of 10000, 0 errors
08:44:04,85 INFO Experiment.PerfCost-17b8: Processed 9730 samples out of 10000, 0 errors
08:44:16,364 INFO Experiment.PerfCost-17b8: Processed 9740 samples out of 10000, 0 errors
08:44:28,596 INFO Experiment.PerfCost-17b8: Processed 9750 samples out of 10000, 0 errors
08:44:40,747 INFO Experiment.PerfCost-17b8: Processed 9760 samples out of 10000, 0 errors
08:44:53,0 INFO Experiment.PerfCost-17b8: Processed 9770 samples out of 10000, 0 errors
08:45:05,381 INFO Experiment.PerfCost-17b8: Processed 9780 samples out of 10000, 0 errors
08:45:17,634 INFO Experiment.PerfCost-17b8: Processed 9790 samples out of 10000, 0 errors
08:45:29,973 INFO Experiment.PerfCost-17b8: Processed 9800 samples out of 10000, 0 errors
08:45:42,350 INFO Experiment.PerfCost-17b8: Processed 9810 samples out of 10000, 0 errors
08:45:54,631 INFO Experiment.PerfCost-17b8: Processed 9820 samples out of 10000, 0 errors
08:46:06,904 INFO Experiment.PerfCost-17b8: Processed 9830 samples out of 10000, 0 errors
08:46:19,238 INFO Experiment.PerfCost-17b8: Processed 9840 samples out of 10000, 0 errors
08:46:31,477 INFO Experiment.PerfCost-17b8: Processed 9850 samples out of 10000, 0 errors
08:46:43,789 INFO Experiment.PerfCost-17b8: Processed 9860 samples out of 10000, 0 errors
08:46:56,79 INFO Experiment.PerfCost-17b8: Processed 9870 samples out of 10000, 0 errors
08:47:08,416 INFO Experiment.PerfCost-17b8: Processed 9880 samples out of 10000, 0 errors
08:47:20,736 INFO Experiment.PerfCost-17b8: Processed 9890 samples out of 10000, 0 errors
08:47:33,73 INFO Experiment.PerfCost-17b8: Processed 9900 samples out of 10000, 0 errors
08:47:45,304 INFO Experiment.PerfCost-17b8: Processed 9910 samples out of 10000, 0 errors
08:47:57,525 INFO Experiment.PerfCost-17b8: Processed 9920 samples out of 10000, 0 errors
08:48:09,828 INFO Experiment.PerfCost-17b8: Processed 9930 samples out of 10000, 0 errors
08:48:22,116 INFO Experiment.PerfCost-17b8: Processed 9940 samples out of 10000, 0 errors
08:48:34,228 INFO Experiment.PerfCost-17b8: Processed 9950 samples out of 10000, 0 errors
08:48:46,554 INFO Experiment.PerfCost-17b8: Processed 9960 samples out of 10000, 0 errors
08:48:58,827 INFO Experiment.PerfCost-17b8: Processed 9970 samples out of 10000, 0 errors
08:49:11,115 INFO Experiment.PerfCost-17b8: Processed 9980 samples out of 10000, 0 errors
08:49:23,360 INFO Experiment.PerfCost-17b8: Processed 9990 samples out of 10000, 0 errors
08:49:35,569 INFO Experiment.PerfCost-17b8: Processed 10000 samples out of 10000, 0 errors
08:49:40,583 INFO Experiment.PerfCost-17b8: Mean 1414.2664639 [ms], median 1554.853 [ms], std 522.1092197883974, CV 36.917316016150316
08:49:40,589 INFO Experiment.PerfCost-17b8: Parametric CI (Student's t-distribution) 0.95 from 1404.0315606182658 to 1424.5013671817342, within 0.7236898804423532% of mean
08:49:40,592 INFO Experiment.PerfCost-17b8: Non-parametric CI 0.95 from 1546.763 to 1563.447, within 0.5365137411703862% of median
08:49:40,595 INFO Experiment.PerfCost-17b8: Parametric CI (Student's t-distribution) 0.99 from 1400.8145813162344 to 1427.7183464837656, within 0.9511561595451058% of mean
08:49:40,598 INFO Experiment.PerfCost-17b8: Non-parametric CI 0.99 from 1543.789 to 1564.975, within 0.6812862695058607% of median
