02:32:40,313 INFO SeBS-0f00: Created experiment output at /home/anou/msc-thesis/task-based-experiment/experiment-results/python/non-instrumented/210.thumbnailer
02:32:40,655 INFO OpenWhisk.Resources-ecdb: Using user-provided configuration of storage for OpenWhisk.
02:32:40,656 INFO OpenWhisk-3f93: Using existing resource name: fd5e1ae0.
02:32:40,765 INFO Benchmark-a07d: Using cached benchmark 210.thumbnailer at /home/anou/msc-thesis/task-based-experiment/cache/210.thumbnailer/openwhisk/python/3.7/210.thumbnailer.zip
02:32:40,766 INFO OpenWhisk-3f93: Using cached function 210.thumbnailer-python-3.7 in /home/anou/msc-thesis/task-based-experiment/cache/210.thumbnailer/openwhisk/python/3.7/210.thumbnailer.zip
02:32:40,786 INFO OpenWhisk-3f93: Cached function 210.thumbnailer-python-3.7 is up to date.
02:32:41,412 INFO Experiment.PerfCost-9875: Begin experiment on memory size 256
02:32:41,412 INFO OpenWhisk-3f93: Update an existing OpenWhisk action 210.thumbnailer-python-3.7.
02:32:41,660 INFO Experiment.PerfCost-9875: Begin warm experiments
02:32:49,654 INFO Experiment.PerfCost-9875: Processed 0 warm-up samples, ignoring these results.
02:32:59,961 INFO Experiment.PerfCost-9875: Processed 10 samples out of 10000, 0 errors
02:33:10,285 INFO Experiment.PerfCost-9875: Processed 20 samples out of 10000, 0 errors
02:33:20,609 INFO Experiment.PerfCost-9875: Processed 30 samples out of 10000, 0 errors
02:33:30,924 INFO Experiment.PerfCost-9875: Processed 40 samples out of 10000, 0 errors
02:33:41,236 INFO Experiment.PerfCost-9875: Processed 50 samples out of 10000, 0 errors
02:33:51,539 INFO Experiment.PerfCost-9875: Processed 60 samples out of 10000, 0 errors
02:34:01,848 INFO Experiment.PerfCost-9875: Processed 70 samples out of 10000, 0 errors
02:34:12,176 INFO Experiment.PerfCost-9875: Processed 80 samples out of 10000, 0 errors
02:34:22,548 INFO Experiment.PerfCost-9875: Processed 90 samples out of 10000, 0 errors
02:34:32,870 INFO Experiment.PerfCost-9875: Processed 100 samples out of 10000, 0 errors
02:34:43,177 INFO Experiment.PerfCost-9875: Processed 110 samples out of 10000, 0 errors
02:34:53,480 INFO Experiment.PerfCost-9875: Processed 120 samples out of 10000, 0 errors
02:35:03,785 INFO Experiment.PerfCost-9875: Processed 130 samples out of 10000, 0 errors
02:35:14,101 INFO Experiment.PerfCost-9875: Processed 140 samples out of 10000, 0 errors
02:35:24,428 INFO Experiment.PerfCost-9875: Processed 150 samples out of 10000, 0 errors
02:35:34,739 INFO Experiment.PerfCost-9875: Processed 160 samples out of 10000, 0 errors
02:35:45,43 INFO Experiment.PerfCost-9875: Processed 170 samples out of 10000, 0 errors
02:35:55,406 INFO Experiment.PerfCost-9875: Processed 180 samples out of 10000, 0 errors
02:36:05,712 INFO Experiment.PerfCost-9875: Processed 190 samples out of 10000, 0 errors
02:36:16,11 INFO Experiment.PerfCost-9875: Processed 200 samples out of 10000, 0 errors
02:36:26,324 INFO Experiment.PerfCost-9875: Processed 210 samples out of 10000, 0 errors
02:36:36,646 INFO Experiment.PerfCost-9875: Processed 220 samples out of 10000, 0 errors
02:36:46,952 INFO Experiment.PerfCost-9875: Processed 230 samples out of 10000, 0 errors
02:36:57,265 INFO Experiment.PerfCost-9875: Processed 240 samples out of 10000, 0 errors
02:37:07,578 INFO Experiment.PerfCost-9875: Processed 250 samples out of 10000, 0 errors
02:37:17,886 INFO Experiment.PerfCost-9875: Processed 260 samples out of 10000, 0 errors
02:37:28,188 INFO Experiment.PerfCost-9875: Processed 270 samples out of 10000, 0 errors
02:37:38,527 INFO Experiment.PerfCost-9875: Processed 280 samples out of 10000, 0 errors
02:37:48,851 INFO Experiment.PerfCost-9875: Processed 290 samples out of 10000, 0 errors
02:37:59,165 INFO Experiment.PerfCost-9875: Processed 300 samples out of 10000, 0 errors
02:38:09,498 INFO Experiment.PerfCost-9875: Processed 310 samples out of 10000, 0 errors
02:38:19,798 INFO Experiment.PerfCost-9875: Processed 320 samples out of 10000, 0 errors
02:38:30,114 INFO Experiment.PerfCost-9875: Processed 330 samples out of 10000, 0 errors
02:38:40,434 INFO Experiment.PerfCost-9875: Processed 340 samples out of 10000, 0 errors
02:38:50,741 INFO Experiment.PerfCost-9875: Processed 350 samples out of 10000, 0 errors
02:39:01,55 INFO Experiment.PerfCost-9875: Processed 360 samples out of 10000, 0 errors
02:39:11,380 INFO Experiment.PerfCost-9875: Processed 370 samples out of 10000, 0 errors
02:39:21,702 INFO Experiment.PerfCost-9875: Processed 380 samples out of 10000, 0 errors
02:39:32,20 INFO Experiment.PerfCost-9875: Processed 390 samples out of 10000, 0 errors
02:39:42,348 INFO Experiment.PerfCost-9875: Processed 400 samples out of 10000, 0 errors
02:39:52,647 INFO Experiment.PerfCost-9875: Processed 410 samples out of 10000, 0 errors
02:40:02,948 INFO Experiment.PerfCost-9875: Processed 420 samples out of 10000, 0 errors
02:40:13,241 INFO Experiment.PerfCost-9875: Processed 430 samples out of 10000, 0 errors
02:40:23,561 INFO Experiment.PerfCost-9875: Processed 440 samples out of 10000, 0 errors
02:40:33,889 INFO Experiment.PerfCost-9875: Processed 450 samples out of 10000, 0 errors
02:40:44,198 INFO Experiment.PerfCost-9875: Processed 460 samples out of 10000, 0 errors
02:40:54,522 INFO Experiment.PerfCost-9875: Processed 470 samples out of 10000, 0 errors
02:41:04,912 INFO Experiment.PerfCost-9875: Processed 480 samples out of 10000, 0 errors
02:41:15,245 INFO Experiment.PerfCost-9875: Processed 490 samples out of 10000, 0 errors
02:41:25,562 INFO Experiment.PerfCost-9875: Processed 500 samples out of 10000, 0 errors
02:41:35,874 INFO Experiment.PerfCost-9875: Processed 510 samples out of 10000, 0 errors
02:41:46,184 INFO Experiment.PerfCost-9875: Processed 520 samples out of 10000, 0 errors
02:41:56,508 INFO Experiment.PerfCost-9875: Processed 530 samples out of 10000, 0 errors
02:42:06,823 INFO Experiment.PerfCost-9875: Processed 540 samples out of 10000, 0 errors
02:42:17,146 INFO Experiment.PerfCost-9875: Processed 550 samples out of 10000, 0 errors
02:42:27,458 INFO Experiment.PerfCost-9875: Processed 560 samples out of 10000, 0 errors
02:42:37,766 INFO Experiment.PerfCost-9875: Processed 570 samples out of 10000, 0 errors
02:42:48,62 INFO Experiment.PerfCost-9875: Processed 580 samples out of 10000, 0 errors
02:42:58,395 INFO Experiment.PerfCost-9875: Processed 590 samples out of 10000, 0 errors
02:43:08,714 INFO Experiment.PerfCost-9875: Processed 600 samples out of 10000, 0 errors
02:43:19,27 INFO Experiment.PerfCost-9875: Processed 610 samples out of 10000, 0 errors
02:43:29,328 INFO Experiment.PerfCost-9875: Processed 620 samples out of 10000, 0 errors
02:43:39,645 INFO Experiment.PerfCost-9875: Processed 630 samples out of 10000, 0 errors
02:43:49,959 INFO Experiment.PerfCost-9875: Processed 640 samples out of 10000, 0 errors
02:44:00,274 INFO Experiment.PerfCost-9875: Processed 650 samples out of 10000, 0 errors
02:44:10,590 INFO Experiment.PerfCost-9875: Processed 660 samples out of 10000, 0 errors
02:44:20,887 INFO Experiment.PerfCost-9875: Processed 670 samples out of 10000, 0 errors
02:44:31,217 INFO Experiment.PerfCost-9875: Processed 680 samples out of 10000, 0 errors
02:44:41,538 INFO Experiment.PerfCost-9875: Processed 690 samples out of 10000, 0 errors
02:44:51,861 INFO Experiment.PerfCost-9875: Processed 700 samples out of 10000, 0 errors
02:45:02,174 INFO Experiment.PerfCost-9875: Processed 710 samples out of 10000, 0 errors
02:45:12,498 INFO Experiment.PerfCost-9875: Processed 720 samples out of 10000, 0 errors
02:45:22,801 INFO Experiment.PerfCost-9875: Processed 730 samples out of 10000, 0 errors
02:45:33,120 INFO Experiment.PerfCost-9875: Processed 740 samples out of 10000, 0 errors
02:45:43,438 INFO Experiment.PerfCost-9875: Processed 750 samples out of 10000, 0 errors
02:45:53,757 INFO Experiment.PerfCost-9875: Processed 760 samples out of 10000, 0 errors
02:46:04,74 INFO Experiment.PerfCost-9875: Processed 770 samples out of 10000, 0 errors
02:46:14,405 INFO Experiment.PerfCost-9875: Processed 780 samples out of 10000, 0 errors
02:46:24,715 INFO Experiment.PerfCost-9875: Processed 790 samples out of 10000, 0 errors
02:46:35,21 INFO Experiment.PerfCost-9875: Processed 800 samples out of 10000, 0 errors
02:46:45,353 INFO Experiment.PerfCost-9875: Processed 810 samples out of 10000, 0 errors
02:46:55,657 INFO Experiment.PerfCost-9875: Processed 820 samples out of 10000, 0 errors
02:47:05,973 INFO Experiment.PerfCost-9875: Processed 830 samples out of 10000, 0 errors
02:47:16,293 INFO Experiment.PerfCost-9875: Processed 840 samples out of 10000, 0 errors
02:47:26,618 INFO Experiment.PerfCost-9875: Processed 850 samples out of 10000, 0 errors
02:47:36,937 INFO Experiment.PerfCost-9875: Processed 860 samples out of 10000, 0 errors
02:47:47,244 INFO Experiment.PerfCost-9875: Processed 870 samples out of 10000, 0 errors
02:47:57,577 INFO Experiment.PerfCost-9875: Processed 880 samples out of 10000, 0 errors
02:48:07,889 INFO Experiment.PerfCost-9875: Processed 890 samples out of 10000, 0 errors
02:48:18,202 INFO Experiment.PerfCost-9875: Processed 900 samples out of 10000, 0 errors
02:48:28,518 INFO Experiment.PerfCost-9875: Processed 910 samples out of 10000, 0 errors
02:48:38,841 INFO Experiment.PerfCost-9875: Processed 920 samples out of 10000, 0 errors
02:48:49,164 INFO Experiment.PerfCost-9875: Processed 930 samples out of 10000, 0 errors
02:48:59,489 INFO Experiment.PerfCost-9875: Processed 940 samples out of 10000, 0 errors
02:49:09,795 INFO Experiment.PerfCost-9875: Processed 950 samples out of 10000, 0 errors
02:49:20,108 INFO Experiment.PerfCost-9875: Processed 960 samples out of 10000, 0 errors
02:49:30,425 INFO Experiment.PerfCost-9875: Processed 970 samples out of 10000, 0 errors
02:49:40,738 INFO Experiment.PerfCost-9875: Processed 980 samples out of 10000, 0 errors
02:49:51,50 INFO Experiment.PerfCost-9875: Processed 990 samples out of 10000, 0 errors
02:50:01,363 INFO Experiment.PerfCost-9875: Processed 1000 samples out of 10000, 0 errors
02:50:11,673 INFO Experiment.PerfCost-9875: Processed 1010 samples out of 10000, 0 errors
02:50:21,981 INFO Experiment.PerfCost-9875: Processed 1020 samples out of 10000, 0 errors
02:50:32,325 INFO Experiment.PerfCost-9875: Processed 1030 samples out of 10000, 0 errors
02:50:42,628 INFO Experiment.PerfCost-9875: Processed 1040 samples out of 10000, 0 errors
02:50:52,946 INFO Experiment.PerfCost-9875: Processed 1050 samples out of 10000, 0 errors
02:51:03,263 INFO Experiment.PerfCost-9875: Processed 1060 samples out of 10000, 0 errors
02:51:13,605 INFO Experiment.PerfCost-9875: Processed 1070 samples out of 10000, 0 errors
02:51:23,949 INFO Experiment.PerfCost-9875: Processed 1080 samples out of 10000, 0 errors
02:51:34,271 INFO Experiment.PerfCost-9875: Processed 1090 samples out of 10000, 0 errors
02:51:44,613 INFO Experiment.PerfCost-9875: Processed 1100 samples out of 10000, 0 errors
02:51:54,941 INFO Experiment.PerfCost-9875: Processed 1110 samples out of 10000, 0 errors
02:52:05,256 INFO Experiment.PerfCost-9875: Processed 1120 samples out of 10000, 0 errors
02:52:15,584 INFO Experiment.PerfCost-9875: Processed 1130 samples out of 10000, 0 errors
02:52:25,896 INFO Experiment.PerfCost-9875: Processed 1140 samples out of 10000, 0 errors
02:52:36,213 INFO Experiment.PerfCost-9875: Processed 1150 samples out of 10000, 0 errors
02:52:46,535 INFO Experiment.PerfCost-9875: Processed 1160 samples out of 10000, 0 errors
02:52:56,860 INFO Experiment.PerfCost-9875: Processed 1170 samples out of 10000, 0 errors
02:53:07,174 INFO Experiment.PerfCost-9875: Processed 1180 samples out of 10000, 0 errors
02:53:17,485 INFO Experiment.PerfCost-9875: Processed 1190 samples out of 10000, 0 errors
02:53:27,800 INFO Experiment.PerfCost-9875: Processed 1200 samples out of 10000, 0 errors
02:53:38,110 INFO Experiment.PerfCost-9875: Processed 1210 samples out of 10000, 0 errors
02:53:48,440 INFO Experiment.PerfCost-9875: Processed 1220 samples out of 10000, 0 errors
02:53:58,760 INFO Experiment.PerfCost-9875: Processed 1230 samples out of 10000, 0 errors
02:54:09,86 INFO Experiment.PerfCost-9875: Processed 1240 samples out of 10000, 0 errors
02:54:19,407 INFO Experiment.PerfCost-9875: Processed 1250 samples out of 10000, 0 errors
02:54:29,722 INFO Experiment.PerfCost-9875: Processed 1260 samples out of 10000, 0 errors
02:54:40,48 INFO Experiment.PerfCost-9875: Processed 1270 samples out of 10000, 0 errors
02:54:50,359 INFO Experiment.PerfCost-9875: Processed 1280 samples out of 10000, 0 errors
02:55:00,686 INFO Experiment.PerfCost-9875: Processed 1290 samples out of 10000, 0 errors
02:55:11,25 INFO Experiment.PerfCost-9875: Processed 1300 samples out of 10000, 0 errors
02:55:21,335 INFO Experiment.PerfCost-9875: Processed 1310 samples out of 10000, 0 errors
02:55:31,649 INFO Experiment.PerfCost-9875: Processed 1320 samples out of 10000, 0 errors
02:55:41,978 INFO Experiment.PerfCost-9875: Processed 1330 samples out of 10000, 0 errors
02:55:52,300 INFO Experiment.PerfCost-9875: Processed 1340 samples out of 10000, 0 errors
02:56:02,617 INFO Experiment.PerfCost-9875: Processed 1350 samples out of 10000, 0 errors
02:56:12,923 INFO Experiment.PerfCost-9875: Processed 1360 samples out of 10000, 0 errors
02:56:23,236 INFO Experiment.PerfCost-9875: Processed 1370 samples out of 10000, 0 errors
02:56:33,607 INFO Experiment.PerfCost-9875: Processed 1380 samples out of 10000, 0 errors
02:56:43,925 INFO Experiment.PerfCost-9875: Processed 1390 samples out of 10000, 0 errors
02:56:54,234 INFO Experiment.PerfCost-9875: Processed 1400 samples out of 10000, 0 errors
02:57:04,559 INFO Experiment.PerfCost-9875: Processed 1410 samples out of 10000, 0 errors
02:57:14,879 INFO Experiment.PerfCost-9875: Processed 1420 samples out of 10000, 0 errors
02:57:25,224 INFO Experiment.PerfCost-9875: Processed 1430 samples out of 10000, 0 errors
02:57:35,530 INFO Experiment.PerfCost-9875: Processed 1440 samples out of 10000, 0 errors
02:57:45,855 INFO Experiment.PerfCost-9875: Processed 1450 samples out of 10000, 0 errors
02:57:56,159 INFO Experiment.PerfCost-9875: Processed 1460 samples out of 10000, 0 errors
02:58:06,487 INFO Experiment.PerfCost-9875: Processed 1470 samples out of 10000, 0 errors
02:58:16,826 INFO Experiment.PerfCost-9875: Processed 1480 samples out of 10000, 0 errors
02:58:27,156 INFO Experiment.PerfCost-9875: Processed 1490 samples out of 10000, 0 errors
02:58:37,474 INFO Experiment.PerfCost-9875: Processed 1500 samples out of 10000, 0 errors
02:58:47,801 INFO Experiment.PerfCost-9875: Processed 1510 samples out of 10000, 0 errors
02:58:58,122 INFO Experiment.PerfCost-9875: Processed 1520 samples out of 10000, 0 errors
02:59:08,436 INFO Experiment.PerfCost-9875: Processed 1530 samples out of 10000, 0 errors
02:59:18,753 INFO Experiment.PerfCost-9875: Processed 1540 samples out of 10000, 0 errors
02:59:29,71 INFO Experiment.PerfCost-9875: Processed 1550 samples out of 10000, 0 errors
02:59:39,397 INFO Experiment.PerfCost-9875: Processed 1560 samples out of 10000, 0 errors
02:59:49,703 INFO Experiment.PerfCost-9875: Processed 1570 samples out of 10000, 0 errors
03:00:00,20 INFO Experiment.PerfCost-9875: Processed 1580 samples out of 10000, 0 errors
03:00:10,352 INFO Experiment.PerfCost-9875: Processed 1590 samples out of 10000, 0 errors
03:00:20,681 INFO Experiment.PerfCost-9875: Processed 1600 samples out of 10000, 0 errors
03:00:30,985 INFO Experiment.PerfCost-9875: Processed 1610 samples out of 10000, 0 errors
03:00:41,304 INFO Experiment.PerfCost-9875: Processed 1620 samples out of 10000, 0 errors
03:00:51,618 INFO Experiment.PerfCost-9875: Processed 1630 samples out of 10000, 0 errors
03:01:01,941 INFO Experiment.PerfCost-9875: Processed 1640 samples out of 10000, 0 errors
03:01:12,321 INFO Experiment.PerfCost-9875: Processed 1650 samples out of 10000, 0 errors
03:01:22,674 INFO Experiment.PerfCost-9875: Processed 1660 samples out of 10000, 0 errors
03:01:32,998 INFO Experiment.PerfCost-9875: Processed 1670 samples out of 10000, 0 errors
03:01:43,372 INFO Experiment.PerfCost-9875: Processed 1680 samples out of 10000, 0 errors
03:01:53,695 INFO Experiment.PerfCost-9875: Processed 1690 samples out of 10000, 0 errors
03:02:04,5 INFO Experiment.PerfCost-9875: Processed 1700 samples out of 10000, 0 errors
03:02:14,325 INFO Experiment.PerfCost-9875: Processed 1710 samples out of 10000, 0 errors
03:02:24,636 INFO Experiment.PerfCost-9875: Processed 1720 samples out of 10000, 0 errors
03:02:34,952 INFO Experiment.PerfCost-9875: Processed 1730 samples out of 10000, 0 errors
03:02:45,254 INFO Experiment.PerfCost-9875: Processed 1740 samples out of 10000, 0 errors
03:02:55,572 INFO Experiment.PerfCost-9875: Processed 1750 samples out of 10000, 0 errors
03:03:05,885 INFO Experiment.PerfCost-9875: Processed 1760 samples out of 10000, 0 errors
03:03:16,202 INFO Experiment.PerfCost-9875: Processed 1770 samples out of 10000, 0 errors
03:03:26,517 INFO Experiment.PerfCost-9875: Processed 1780 samples out of 10000, 0 errors
03:03:36,842 INFO Experiment.PerfCost-9875: Processed 1790 samples out of 10000, 0 errors
03:03:47,157 INFO Experiment.PerfCost-9875: Processed 1800 samples out of 10000, 0 errors
03:03:57,483 INFO Experiment.PerfCost-9875: Processed 1810 samples out of 10000, 0 errors
03:04:07,811 INFO Experiment.PerfCost-9875: Processed 1820 samples out of 10000, 0 errors
03:04:18,138 INFO Experiment.PerfCost-9875: Processed 1830 samples out of 10000, 0 errors
03:04:28,449 INFO Experiment.PerfCost-9875: Processed 1840 samples out of 10000, 0 errors
03:04:38,781 INFO Experiment.PerfCost-9875: Processed 1850 samples out of 10000, 0 errors
03:04:49,96 INFO Experiment.PerfCost-9875: Processed 1860 samples out of 10000, 0 errors
03:04:59,400 INFO Experiment.PerfCost-9875: Processed 1870 samples out of 10000, 0 errors
03:05:09,708 INFO Experiment.PerfCost-9875: Processed 1880 samples out of 10000, 0 errors
03:05:20,31 INFO Experiment.PerfCost-9875: Processed 1890 samples out of 10000, 0 errors
03:05:30,372 INFO Experiment.PerfCost-9875: Processed 1900 samples out of 10000, 0 errors
03:05:40,698 INFO Experiment.PerfCost-9875: Processed 1910 samples out of 10000, 0 errors
03:05:51,20 INFO Experiment.PerfCost-9875: Processed 1920 samples out of 10000, 0 errors
03:06:01,335 INFO Experiment.PerfCost-9875: Processed 1930 samples out of 10000, 0 errors
03:06:11,647 INFO Experiment.PerfCost-9875: Processed 1940 samples out of 10000, 0 errors
03:06:21,982 INFO Experiment.PerfCost-9875: Processed 1950 samples out of 10000, 0 errors
03:06:32,305 INFO Experiment.PerfCost-9875: Processed 1960 samples out of 10000, 0 errors
03:06:42,616 INFO Experiment.PerfCost-9875: Processed 1970 samples out of 10000, 0 errors
03:06:52,980 INFO Experiment.PerfCost-9875: Processed 1980 samples out of 10000, 0 errors
03:07:03,287 INFO Experiment.PerfCost-9875: Processed 1990 samples out of 10000, 0 errors
03:07:13,617 INFO Experiment.PerfCost-9875: Processed 2000 samples out of 10000, 0 errors
03:07:23,918 INFO Experiment.PerfCost-9875: Processed 2010 samples out of 10000, 0 errors
03:07:34,232 INFO Experiment.PerfCost-9875: Processed 2020 samples out of 10000, 0 errors
03:07:44,538 INFO Experiment.PerfCost-9875: Processed 2030 samples out of 10000, 0 errors
03:07:54,867 INFO Experiment.PerfCost-9875: Processed 2040 samples out of 10000, 0 errors
03:08:05,201 INFO Experiment.PerfCost-9875: Processed 2050 samples out of 10000, 0 errors
03:08:15,519 INFO Experiment.PerfCost-9875: Processed 2060 samples out of 10000, 0 errors
03:08:25,829 INFO Experiment.PerfCost-9875: Processed 2070 samples out of 10000, 0 errors
03:08:36,145 INFO Experiment.PerfCost-9875: Processed 2080 samples out of 10000, 0 errors
03:08:46,471 INFO Experiment.PerfCost-9875: Processed 2090 samples out of 10000, 0 errors
03:08:56,782 INFO Experiment.PerfCost-9875: Processed 2100 samples out of 10000, 0 errors
03:09:07,110 INFO Experiment.PerfCost-9875: Processed 2110 samples out of 10000, 0 errors
03:09:17,427 INFO Experiment.PerfCost-9875: Processed 2120 samples out of 10000, 0 errors
03:09:27,755 INFO Experiment.PerfCost-9875: Processed 2130 samples out of 10000, 0 errors
03:09:38,92 INFO Experiment.PerfCost-9875: Processed 2140 samples out of 10000, 0 errors
03:09:48,427 INFO Experiment.PerfCost-9875: Processed 2150 samples out of 10000, 0 errors
03:09:58,735 INFO Experiment.PerfCost-9875: Processed 2160 samples out of 10000, 0 errors
03:10:09,58 INFO Experiment.PerfCost-9875: Processed 2170 samples out of 10000, 0 errors
03:10:19,388 INFO Experiment.PerfCost-9875: Processed 2180 samples out of 10000, 0 errors
03:10:29,721 INFO Experiment.PerfCost-9875: Processed 2190 samples out of 10000, 0 errors
03:10:40,52 INFO Experiment.PerfCost-9875: Processed 2200 samples out of 10000, 0 errors
03:10:50,390 INFO Experiment.PerfCost-9875: Processed 2210 samples out of 10000, 0 errors
03:11:00,716 INFO Experiment.PerfCost-9875: Processed 2220 samples out of 10000, 0 errors
03:11:11,28 INFO Experiment.PerfCost-9875: Processed 2230 samples out of 10000, 0 errors
03:11:21,353 INFO Experiment.PerfCost-9875: Processed 2240 samples out of 10000, 0 errors
03:11:31,677 INFO Experiment.PerfCost-9875: Processed 2250 samples out of 10000, 0 errors
03:11:41,999 INFO Experiment.PerfCost-9875: Processed 2260 samples out of 10000, 0 errors
03:11:52,333 INFO Experiment.PerfCost-9875: Processed 2270 samples out of 10000, 0 errors
03:12:02,691 INFO Experiment.PerfCost-9875: Processed 2280 samples out of 10000, 0 errors
03:12:13,15 INFO Experiment.PerfCost-9875: Processed 2290 samples out of 10000, 0 errors
03:12:23,337 INFO Experiment.PerfCost-9875: Processed 2300 samples out of 10000, 0 errors
03:12:33,660 INFO Experiment.PerfCost-9875: Processed 2310 samples out of 10000, 0 errors
03:12:43,977 INFO Experiment.PerfCost-9875: Processed 2320 samples out of 10000, 0 errors
03:12:54,294 INFO Experiment.PerfCost-9875: Processed 2330 samples out of 10000, 0 errors
03:13:04,611 INFO Experiment.PerfCost-9875: Processed 2340 samples out of 10000, 0 errors
03:13:14,950 INFO Experiment.PerfCost-9875: Processed 2350 samples out of 10000, 0 errors
03:13:25,281 INFO Experiment.PerfCost-9875: Processed 2360 samples out of 10000, 0 errors
03:13:35,613 INFO Experiment.PerfCost-9875: Processed 2370 samples out of 10000, 0 errors
03:13:45,932 INFO Experiment.PerfCost-9875: Processed 2380 samples out of 10000, 0 errors
03:13:56,247 INFO Experiment.PerfCost-9875: Processed 2390 samples out of 10000, 0 errors
03:14:06,577 INFO Experiment.PerfCost-9875: Processed 2400 samples out of 10000, 0 errors
03:14:16,898 INFO Experiment.PerfCost-9875: Processed 2410 samples out of 10000, 0 errors
03:14:27,227 INFO Experiment.PerfCost-9875: Processed 2420 samples out of 10000, 0 errors
03:14:37,562 INFO Experiment.PerfCost-9875: Processed 2430 samples out of 10000, 0 errors
03:14:47,868 INFO Experiment.PerfCost-9875: Processed 2440 samples out of 10000, 0 errors
03:14:58,194 INFO Experiment.PerfCost-9875: Processed 2450 samples out of 10000, 0 errors
03:15:08,533 INFO Experiment.PerfCost-9875: Processed 2460 samples out of 10000, 0 errors
03:15:18,855 INFO Experiment.PerfCost-9875: Processed 2470 samples out of 10000, 0 errors
03:15:29,200 INFO Experiment.PerfCost-9875: Processed 2480 samples out of 10000, 0 errors
03:15:39,526 INFO Experiment.PerfCost-9875: Processed 2490 samples out of 10000, 0 errors
03:15:49,841 INFO Experiment.PerfCost-9875: Processed 2500 samples out of 10000, 0 errors
03:16:00,157 INFO Experiment.PerfCost-9875: Processed 2510 samples out of 10000, 0 errors
03:16:10,485 INFO Experiment.PerfCost-9875: Processed 2520 samples out of 10000, 0 errors
03:16:20,813 INFO Experiment.PerfCost-9875: Processed 2530 samples out of 10000, 0 errors
03:16:31,125 INFO Experiment.PerfCost-9875: Processed 2540 samples out of 10000, 0 errors
03:16:41,451 INFO Experiment.PerfCost-9875: Processed 2550 samples out of 10000, 0 errors
03:16:51,762 INFO Experiment.PerfCost-9875: Processed 2560 samples out of 10000, 0 errors
03:17:02,71 INFO Experiment.PerfCost-9875: Processed 2570 samples out of 10000, 0 errors
03:17:12,461 INFO Experiment.PerfCost-9875: Processed 2580 samples out of 10000, 0 errors
03:17:22,778 INFO Experiment.PerfCost-9875: Processed 2590 samples out of 10000, 0 errors
03:17:33,103 INFO Experiment.PerfCost-9875: Processed 2600 samples out of 10000, 0 errors
03:17:43,434 INFO Experiment.PerfCost-9875: Processed 2610 samples out of 10000, 0 errors
03:17:53,760 INFO Experiment.PerfCost-9875: Processed 2620 samples out of 10000, 0 errors
03:18:04,77 INFO Experiment.PerfCost-9875: Processed 2630 samples out of 10000, 0 errors
03:18:14,402 INFO Experiment.PerfCost-9875: Processed 2640 samples out of 10000, 0 errors
03:18:24,718 INFO Experiment.PerfCost-9875: Processed 2650 samples out of 10000, 0 errors
03:18:35,33 INFO Experiment.PerfCost-9875: Processed 2660 samples out of 10000, 0 errors
03:18:45,364 INFO Experiment.PerfCost-9875: Processed 2670 samples out of 10000, 0 errors
03:18:55,685 INFO Experiment.PerfCost-9875: Processed 2680 samples out of 10000, 0 errors
03:19:06,13 INFO Experiment.PerfCost-9875: Processed 2690 samples out of 10000, 0 errors
03:19:16,352 INFO Experiment.PerfCost-9875: Processed 2700 samples out of 10000, 0 errors
03:19:26,694 INFO Experiment.PerfCost-9875: Processed 2710 samples out of 10000, 0 errors
03:19:36,999 INFO Experiment.PerfCost-9875: Processed 2720 samples out of 10000, 0 errors
03:19:47,340 INFO Experiment.PerfCost-9875: Processed 2730 samples out of 10000, 0 errors
03:19:57,655 INFO Experiment.PerfCost-9875: Processed 2740 samples out of 10000, 0 errors
03:20:07,967 INFO Experiment.PerfCost-9875: Processed 2750 samples out of 10000, 0 errors
03:20:18,292 INFO Experiment.PerfCost-9875: Processed 2760 samples out of 10000, 0 errors
03:20:28,616 INFO Experiment.PerfCost-9875: Processed 2770 samples out of 10000, 0 errors
03:20:38,936 INFO Experiment.PerfCost-9875: Processed 2780 samples out of 10000, 0 errors
03:20:49,258 INFO Experiment.PerfCost-9875: Processed 2790 samples out of 10000, 0 errors
03:20:59,593 INFO Experiment.PerfCost-9875: Processed 2800 samples out of 10000, 0 errors
03:21:09,898 INFO Experiment.PerfCost-9875: Processed 2810 samples out of 10000, 0 errors
03:21:20,213 INFO Experiment.PerfCost-9875: Processed 2820 samples out of 10000, 0 errors
03:21:30,532 INFO Experiment.PerfCost-9875: Processed 2830 samples out of 10000, 0 errors
03:21:40,847 INFO Experiment.PerfCost-9875: Processed 2840 samples out of 10000, 0 errors
03:21:51,170 INFO Experiment.PerfCost-9875: Processed 2850 samples out of 10000, 0 errors
03:22:01,508 INFO Experiment.PerfCost-9875: Processed 2860 samples out of 10000, 0 errors
03:22:11,825 INFO Experiment.PerfCost-9875: Processed 2870 samples out of 10000, 0 errors
03:22:22,185 INFO Experiment.PerfCost-9875: Processed 2880 samples out of 10000, 0 errors
03:22:32,505 INFO Experiment.PerfCost-9875: Processed 2890 samples out of 10000, 0 errors
03:22:42,835 INFO Experiment.PerfCost-9875: Processed 2900 samples out of 10000, 0 errors
03:22:53,160 INFO Experiment.PerfCost-9875: Processed 2910 samples out of 10000, 0 errors
03:23:03,479 INFO Experiment.PerfCost-9875: Processed 2920 samples out of 10000, 0 errors
03:23:13,799 INFO Experiment.PerfCost-9875: Processed 2930 samples out of 10000, 0 errors
03:23:24,133 INFO Experiment.PerfCost-9875: Processed 2940 samples out of 10000, 0 errors
03:23:34,469 INFO Experiment.PerfCost-9875: Processed 2950 samples out of 10000, 0 errors
03:23:44,778 INFO Experiment.PerfCost-9875: Processed 2960 samples out of 10000, 0 errors
03:23:55,94 INFO Experiment.PerfCost-9875: Processed 2970 samples out of 10000, 0 errors
03:24:05,421 INFO Experiment.PerfCost-9875: Processed 2980 samples out of 10000, 0 errors
03:24:15,737 INFO Experiment.PerfCost-9875: Processed 2990 samples out of 10000, 0 errors
03:24:26,68 INFO Experiment.PerfCost-9875: Processed 3000 samples out of 10000, 0 errors
03:24:36,453 INFO Experiment.PerfCost-9875: Processed 3010 samples out of 10000, 0 errors
03:24:46,771 INFO Experiment.PerfCost-9875: Processed 3020 samples out of 10000, 0 errors
03:24:57,102 INFO Experiment.PerfCost-9875: Processed 3030 samples out of 10000, 0 errors
03:25:07,414 INFO Experiment.PerfCost-9875: Processed 3040 samples out of 10000, 0 errors
03:25:17,732 INFO Experiment.PerfCost-9875: Processed 3050 samples out of 10000, 0 errors
03:25:28,45 INFO Experiment.PerfCost-9875: Processed 3060 samples out of 10000, 0 errors
03:25:38,368 INFO Experiment.PerfCost-9875: Processed 3070 samples out of 10000, 0 errors
03:25:48,689 INFO Experiment.PerfCost-9875: Processed 3080 samples out of 10000, 0 errors
03:25:59,32 INFO Experiment.PerfCost-9875: Processed 3090 samples out of 10000, 0 errors
03:26:09,348 INFO Experiment.PerfCost-9875: Processed 3100 samples out of 10000, 0 errors
03:26:19,657 INFO Experiment.PerfCost-9875: Processed 3110 samples out of 10000, 0 errors
03:26:29,979 INFO Experiment.PerfCost-9875: Processed 3120 samples out of 10000, 0 errors
03:26:40,292 INFO Experiment.PerfCost-9875: Processed 3130 samples out of 10000, 0 errors
03:26:50,612 INFO Experiment.PerfCost-9875: Processed 3140 samples out of 10000, 0 errors
03:27:00,927 INFO Experiment.PerfCost-9875: Processed 3150 samples out of 10000, 0 errors
03:27:11,251 INFO Experiment.PerfCost-9875: Processed 3160 samples out of 10000, 0 errors
03:27:21,566 INFO Experiment.PerfCost-9875: Processed 3170 samples out of 10000, 0 errors
03:27:31,928 INFO Experiment.PerfCost-9875: Processed 3180 samples out of 10000, 0 errors
03:27:42,260 INFO Experiment.PerfCost-9875: Processed 3190 samples out of 10000, 0 errors
03:27:52,608 INFO Experiment.PerfCost-9875: Processed 3200 samples out of 10000, 0 errors
03:28:02,925 INFO Experiment.PerfCost-9875: Processed 3210 samples out of 10000, 0 errors
03:28:13,246 INFO Experiment.PerfCost-9875: Processed 3220 samples out of 10000, 0 errors
03:28:23,575 INFO Experiment.PerfCost-9875: Processed 3230 samples out of 10000, 0 errors
03:28:33,900 INFO Experiment.PerfCost-9875: Processed 3240 samples out of 10000, 0 errors
03:28:44,204 INFO Experiment.PerfCost-9875: Processed 3250 samples out of 10000, 0 errors
03:28:54,550 INFO Experiment.PerfCost-9875: Processed 3260 samples out of 10000, 0 errors
03:29:04,881 INFO Experiment.PerfCost-9875: Processed 3270 samples out of 10000, 0 errors
03:29:15,197 INFO Experiment.PerfCost-9875: Processed 3280 samples out of 10000, 0 errors
03:29:25,521 INFO Experiment.PerfCost-9875: Processed 3290 samples out of 10000, 0 errors
03:29:35,837 INFO Experiment.PerfCost-9875: Processed 3300 samples out of 10000, 0 errors
03:29:46,165 INFO Experiment.PerfCost-9875: Processed 3310 samples out of 10000, 0 errors
03:29:56,501 INFO Experiment.PerfCost-9875: Processed 3320 samples out of 10000, 0 errors
03:30:06,814 INFO Experiment.PerfCost-9875: Processed 3330 samples out of 10000, 0 errors
03:30:17,136 INFO Experiment.PerfCost-9875: Processed 3340 samples out of 10000, 0 errors
03:30:27,461 INFO Experiment.PerfCost-9875: Processed 3350 samples out of 10000, 0 errors
03:30:37,774 INFO Experiment.PerfCost-9875: Processed 3360 samples out of 10000, 0 errors
03:30:48,101 INFO Experiment.PerfCost-9875: Processed 3370 samples out of 10000, 0 errors
03:30:58,418 INFO Experiment.PerfCost-9875: Processed 3380 samples out of 10000, 0 errors
03:31:08,746 INFO Experiment.PerfCost-9875: Processed 3390 samples out of 10000, 0 errors
03:31:19,66 INFO Experiment.PerfCost-9875: Processed 3400 samples out of 10000, 0 errors
03:31:29,412 INFO Experiment.PerfCost-9875: Processed 3410 samples out of 10000, 0 errors
03:31:39,748 INFO Experiment.PerfCost-9875: Processed 3420 samples out of 10000, 0 errors
03:31:50,79 INFO Experiment.PerfCost-9875: Processed 3430 samples out of 10000, 0 errors
03:32:00,397 INFO Experiment.PerfCost-9875: Processed 3440 samples out of 10000, 0 errors
03:32:10,715 INFO Experiment.PerfCost-9875: Processed 3450 samples out of 10000, 0 errors
03:32:21,30 INFO Experiment.PerfCost-9875: Processed 3460 samples out of 10000, 0 errors
03:32:31,366 INFO Experiment.PerfCost-9875: Processed 3470 samples out of 10000, 0 errors
03:32:41,760 INFO Experiment.PerfCost-9875: Processed 3480 samples out of 10000, 0 errors
03:32:52,91 INFO Experiment.PerfCost-9875: Processed 3490 samples out of 10000, 0 errors
03:33:02,417 INFO Experiment.PerfCost-9875: Processed 3500 samples out of 10000, 0 errors
03:33:12,760 INFO Experiment.PerfCost-9875: Processed 3510 samples out of 10000, 0 errors
03:33:23,96 INFO Experiment.PerfCost-9875: Processed 3520 samples out of 10000, 0 errors
03:33:33,431 INFO Experiment.PerfCost-9875: Processed 3530 samples out of 10000, 0 errors
03:33:43,745 INFO Experiment.PerfCost-9875: Processed 3540 samples out of 10000, 0 errors
03:33:54,83 INFO Experiment.PerfCost-9875: Processed 3550 samples out of 10000, 0 errors
03:34:04,420 INFO Experiment.PerfCost-9875: Processed 3560 samples out of 10000, 0 errors
03:34:14,754 INFO Experiment.PerfCost-9875: Processed 3570 samples out of 10000, 0 errors
03:34:25,82 INFO Experiment.PerfCost-9875: Processed 3580 samples out of 10000, 0 errors
03:34:35,390 INFO Experiment.PerfCost-9875: Processed 3590 samples out of 10000, 0 errors
03:34:45,716 INFO Experiment.PerfCost-9875: Processed 3600 samples out of 10000, 0 errors
03:34:56,34 INFO Experiment.PerfCost-9875: Processed 3610 samples out of 10000, 0 errors
03:35:06,367 INFO Experiment.PerfCost-9875: Processed 3620 samples out of 10000, 0 errors
03:35:16,691 INFO Experiment.PerfCost-9875: Processed 3630 samples out of 10000, 0 errors
03:35:27,12 INFO Experiment.PerfCost-9875: Processed 3640 samples out of 10000, 0 errors
03:35:37,341 INFO Experiment.PerfCost-9875: Processed 3650 samples out of 10000, 0 errors
03:35:47,661 INFO Experiment.PerfCost-9875: Processed 3660 samples out of 10000, 0 errors
03:35:57,981 INFO Experiment.PerfCost-9875: Processed 3670 samples out of 10000, 0 errors
03:36:08,304 INFO Experiment.PerfCost-9875: Processed 3680 samples out of 10000, 0 errors
03:36:18,633 INFO Experiment.PerfCost-9875: Processed 3690 samples out of 10000, 0 errors
03:36:28,968 INFO Experiment.PerfCost-9875: Processed 3700 samples out of 10000, 0 errors
03:36:39,301 INFO Experiment.PerfCost-9875: Processed 3710 samples out of 10000, 0 errors
03:36:49,625 INFO Experiment.PerfCost-9875: Processed 3720 samples out of 10000, 0 errors
03:36:59,948 INFO Experiment.PerfCost-9875: Processed 3730 samples out of 10000, 0 errors
03:37:10,261 INFO Experiment.PerfCost-9875: Processed 3740 samples out of 10000, 0 errors
03:37:20,591 INFO Experiment.PerfCost-9875: Processed 3750 samples out of 10000, 0 errors
03:37:30,917 INFO Experiment.PerfCost-9875: Processed 3760 samples out of 10000, 0 errors
03:37:41,255 INFO Experiment.PerfCost-9875: Processed 3770 samples out of 10000, 0 errors
03:37:51,624 INFO Experiment.PerfCost-9875: Processed 3780 samples out of 10000, 0 errors
03:38:01,953 INFO Experiment.PerfCost-9875: Processed 3790 samples out of 10000, 0 errors
03:38:12,276 INFO Experiment.PerfCost-9875: Processed 3800 samples out of 10000, 0 errors
03:38:22,625 INFO Experiment.PerfCost-9875: Processed 3810 samples out of 10000, 0 errors
03:38:32,937 INFO Experiment.PerfCost-9875: Processed 3820 samples out of 10000, 0 errors
03:38:43,249 INFO Experiment.PerfCost-9875: Processed 3830 samples out of 10000, 0 errors
03:38:53,567 INFO Experiment.PerfCost-9875: Processed 3840 samples out of 10000, 0 errors
03:39:03,903 INFO Experiment.PerfCost-9875: Processed 3850 samples out of 10000, 0 errors
03:39:14,294 INFO Experiment.PerfCost-9875: Processed 3860 samples out of 10000, 0 errors
03:39:24,652 INFO Experiment.PerfCost-9875: Processed 3870 samples out of 10000, 0 errors
03:39:34,970 INFO Experiment.PerfCost-9875: Processed 3880 samples out of 10000, 0 errors
03:39:45,299 INFO Experiment.PerfCost-9875: Processed 3890 samples out of 10000, 0 errors
03:39:55,630 INFO Experiment.PerfCost-9875: Processed 3900 samples out of 10000, 0 errors
03:40:05,959 INFO Experiment.PerfCost-9875: Processed 3910 samples out of 10000, 0 errors
03:40:16,291 INFO Experiment.PerfCost-9875: Processed 3920 samples out of 10000, 0 errors
03:40:26,600 INFO Experiment.PerfCost-9875: Processed 3930 samples out of 10000, 0 errors
03:40:36,936 INFO Experiment.PerfCost-9875: Processed 3940 samples out of 10000, 0 errors
03:40:47,259 INFO Experiment.PerfCost-9875: Processed 3950 samples out of 10000, 0 errors
03:40:57,590 INFO Experiment.PerfCost-9875: Processed 3960 samples out of 10000, 0 errors
03:41:07,911 INFO Experiment.PerfCost-9875: Processed 3970 samples out of 10000, 0 errors
03:41:18,269 INFO Experiment.PerfCost-9875: Processed 3980 samples out of 10000, 0 errors
03:41:28,591 INFO Experiment.PerfCost-9875: Processed 3990 samples out of 10000, 0 errors
03:41:38,920 INFO Experiment.PerfCost-9875: Processed 4000 samples out of 10000, 0 errors
03:41:49,235 INFO Experiment.PerfCost-9875: Processed 4010 samples out of 10000, 0 errors
03:41:59,561 INFO Experiment.PerfCost-9875: Processed 4020 samples out of 10000, 0 errors
03:42:09,882 INFO Experiment.PerfCost-9875: Processed 4030 samples out of 10000, 0 errors
03:42:20,204 INFO Experiment.PerfCost-9875: Processed 4040 samples out of 10000, 0 errors
03:42:30,528 INFO Experiment.PerfCost-9875: Processed 4050 samples out of 10000, 0 errors
03:42:40,853 INFO Experiment.PerfCost-9875: Processed 4060 samples out of 10000, 0 errors
03:42:51,183 INFO Experiment.PerfCost-9875: Processed 4070 samples out of 10000, 0 errors
03:43:01,568 INFO Experiment.PerfCost-9875: Processed 4080 samples out of 10000, 0 errors
03:43:11,897 INFO Experiment.PerfCost-9875: Processed 4090 samples out of 10000, 0 errors
03:43:22,220 INFO Experiment.PerfCost-9875: Processed 4100 samples out of 10000, 0 errors
03:43:32,553 INFO Experiment.PerfCost-9875: Processed 4110 samples out of 10000, 0 errors
03:43:42,880 INFO Experiment.PerfCost-9875: Processed 4120 samples out of 10000, 0 errors
03:43:53,221 INFO Experiment.PerfCost-9875: Processed 4130 samples out of 10000, 0 errors
03:44:03,553 INFO Experiment.PerfCost-9875: Processed 4140 samples out of 10000, 0 errors
03:44:13,866 INFO Experiment.PerfCost-9875: Processed 4150 samples out of 10000, 0 errors
03:44:24,197 INFO Experiment.PerfCost-9875: Processed 4160 samples out of 10000, 0 errors
03:44:34,540 INFO Experiment.PerfCost-9875: Processed 4170 samples out of 10000, 0 errors
03:44:44,872 INFO Experiment.PerfCost-9875: Processed 4180 samples out of 10000, 0 errors
03:44:55,198 INFO Experiment.PerfCost-9875: Processed 4190 samples out of 10000, 0 errors
03:45:05,521 INFO Experiment.PerfCost-9875: Processed 4200 samples out of 10000, 0 errors
03:45:15,844 INFO Experiment.PerfCost-9875: Processed 4210 samples out of 10000, 0 errors
03:45:26,214 INFO Experiment.PerfCost-9875: Processed 4220 samples out of 10000, 0 errors
03:45:36,537 INFO Experiment.PerfCost-9875: Processed 4230 samples out of 10000, 0 errors
03:45:46,867 INFO Experiment.PerfCost-9875: Processed 4240 samples out of 10000, 0 errors
03:45:57,190 INFO Experiment.PerfCost-9875: Processed 4250 samples out of 10000, 0 errors
03:46:07,522 INFO Experiment.PerfCost-9875: Processed 4260 samples out of 10000, 0 errors
03:46:17,846 INFO Experiment.PerfCost-9875: Processed 4270 samples out of 10000, 0 errors
03:46:28,192 INFO Experiment.PerfCost-9875: Processed 4280 samples out of 10000, 0 errors
03:46:38,525 INFO Experiment.PerfCost-9875: Processed 4290 samples out of 10000, 0 errors
03:46:48,848 INFO Experiment.PerfCost-9875: Processed 4300 samples out of 10000, 0 errors
03:46:59,162 INFO Experiment.PerfCost-9875: Processed 4310 samples out of 10000, 0 errors
03:47:09,502 INFO Experiment.PerfCost-9875: Processed 4320 samples out of 10000, 0 errors
03:47:19,832 INFO Experiment.PerfCost-9875: Processed 4330 samples out of 10000, 0 errors
03:47:30,159 INFO Experiment.PerfCost-9875: Processed 4340 samples out of 10000, 0 errors
03:47:40,482 INFO Experiment.PerfCost-9875: Processed 4350 samples out of 10000, 0 errors
03:47:50,801 INFO Experiment.PerfCost-9875: Processed 4360 samples out of 10000, 0 errors
03:48:01,135 INFO Experiment.PerfCost-9875: Processed 4370 samples out of 10000, 0 errors
03:48:11,512 INFO Experiment.PerfCost-9875: Processed 4380 samples out of 10000, 0 errors
03:48:21,835 INFO Experiment.PerfCost-9875: Processed 4390 samples out of 10000, 0 errors
03:48:32,164 INFO Experiment.PerfCost-9875: Processed 4400 samples out of 10000, 0 errors
03:48:42,495 INFO Experiment.PerfCost-9875: Processed 4410 samples out of 10000, 0 errors
03:48:52,820 INFO Experiment.PerfCost-9875: Processed 4420 samples out of 10000, 0 errors
03:49:03,141 INFO Experiment.PerfCost-9875: Processed 4430 samples out of 10000, 0 errors
03:49:13,455 INFO Experiment.PerfCost-9875: Processed 4440 samples out of 10000, 0 errors
03:49:23,780 INFO Experiment.PerfCost-9875: Processed 4450 samples out of 10000, 0 errors
03:49:34,104 INFO Experiment.PerfCost-9875: Processed 4460 samples out of 10000, 0 errors
03:49:44,432 INFO Experiment.PerfCost-9875: Processed 4470 samples out of 10000, 0 errors
03:49:54,745 INFO Experiment.PerfCost-9875: Processed 4480 samples out of 10000, 0 errors
03:50:05,66 INFO Experiment.PerfCost-9875: Processed 4490 samples out of 10000, 0 errors
03:50:15,391 INFO Experiment.PerfCost-9875: Processed 4500 samples out of 10000, 0 errors
03:50:25,722 INFO Experiment.PerfCost-9875: Processed 4510 samples out of 10000, 0 errors
03:50:36,40 INFO Experiment.PerfCost-9875: Processed 4520 samples out of 10000, 0 errors
03:50:46,377 INFO Experiment.PerfCost-9875: Processed 4530 samples out of 10000, 0 errors
03:50:56,709 INFO Experiment.PerfCost-9875: Processed 4540 samples out of 10000, 0 errors
03:51:07,41 INFO Experiment.PerfCost-9875: Processed 4550 samples out of 10000, 0 errors
03:51:17,362 INFO Experiment.PerfCost-9875: Processed 4560 samples out of 10000, 0 errors
03:51:27,696 INFO Experiment.PerfCost-9875: Processed 4570 samples out of 10000, 0 errors
03:51:38,24 INFO Experiment.PerfCost-9875: Processed 4580 samples out of 10000, 0 errors
03:51:48,349 INFO Experiment.PerfCost-9875: Processed 4590 samples out of 10000, 0 errors
03:51:58,687 INFO Experiment.PerfCost-9875: Processed 4600 samples out of 10000, 0 errors
03:52:09,21 INFO Experiment.PerfCost-9875: Processed 4610 samples out of 10000, 0 errors
03:52:19,356 INFO Experiment.PerfCost-9875: Processed 4620 samples out of 10000, 0 errors
03:52:29,675 INFO Experiment.PerfCost-9875: Processed 4630 samples out of 10000, 0 errors
03:52:40,9 INFO Experiment.PerfCost-9875: Processed 4640 samples out of 10000, 0 errors
03:52:50,357 INFO Experiment.PerfCost-9875: Processed 4650 samples out of 10000, 0 errors
03:53:00,670 INFO Experiment.PerfCost-9875: Processed 4660 samples out of 10000, 0 errors
03:53:10,997 INFO Experiment.PerfCost-9875: Processed 4670 samples out of 10000, 0 errors
03:53:21,357 INFO Experiment.PerfCost-9875: Processed 4680 samples out of 10000, 0 errors
03:53:31,670 INFO Experiment.PerfCost-9875: Processed 4690 samples out of 10000, 0 errors
03:53:41,998 INFO Experiment.PerfCost-9875: Processed 4700 samples out of 10000, 0 errors
03:53:52,331 INFO Experiment.PerfCost-9875: Processed 4710 samples out of 10000, 0 errors
03:54:02,658 INFO Experiment.PerfCost-9875: Processed 4720 samples out of 10000, 0 errors
03:54:12,981 INFO Experiment.PerfCost-9875: Processed 4730 samples out of 10000, 0 errors
03:54:23,324 INFO Experiment.PerfCost-9875: Processed 4740 samples out of 10000, 0 errors
03:54:33,658 INFO Experiment.PerfCost-9875: Processed 4750 samples out of 10000, 0 errors
03:54:43,979 INFO Experiment.PerfCost-9875: Processed 4760 samples out of 10000, 0 errors
03:54:54,306 INFO Experiment.PerfCost-9875: Processed 4770 samples out of 10000, 0 errors
03:55:04,627 INFO Experiment.PerfCost-9875: Processed 4780 samples out of 10000, 0 errors
03:55:14,975 INFO Experiment.PerfCost-9875: Processed 4790 samples out of 10000, 0 errors
03:55:25,305 INFO Experiment.PerfCost-9875: Processed 4800 samples out of 10000, 0 errors
03:55:35,622 INFO Experiment.PerfCost-9875: Processed 4810 samples out of 10000, 0 errors
03:55:45,978 INFO Experiment.PerfCost-9875: Processed 4820 samples out of 10000, 0 errors
03:55:56,300 INFO Experiment.PerfCost-9875: Processed 4830 samples out of 10000, 0 errors
03:56:06,615 INFO Experiment.PerfCost-9875: Processed 4840 samples out of 10000, 0 errors
03:56:16,935 INFO Experiment.PerfCost-9875: Processed 4850 samples out of 10000, 0 errors
03:56:27,295 INFO Experiment.PerfCost-9875: Processed 4860 samples out of 10000, 0 errors
03:56:37,620 INFO Experiment.PerfCost-9875: Processed 4870 samples out of 10000, 0 errors
03:56:47,948 INFO Experiment.PerfCost-9875: Processed 4880 samples out of 10000, 0 errors
03:56:58,282 INFO Experiment.PerfCost-9875: Processed 4890 samples out of 10000, 0 errors
03:57:08,621 INFO Experiment.PerfCost-9875: Processed 4900 samples out of 10000, 0 errors
03:57:18,963 INFO Experiment.PerfCost-9875: Processed 4910 samples out of 10000, 0 errors
03:57:29,286 INFO Experiment.PerfCost-9875: Processed 4920 samples out of 10000, 0 errors
03:57:39,613 INFO Experiment.PerfCost-9875: Processed 4930 samples out of 10000, 0 errors
03:57:49,951 INFO Experiment.PerfCost-9875: Processed 4940 samples out of 10000, 0 errors
03:58:00,275 INFO Experiment.PerfCost-9875: Processed 4950 samples out of 10000, 0 errors
03:58:10,613 INFO Experiment.PerfCost-9875: Processed 4960 samples out of 10000, 0 errors
03:58:20,941 INFO Experiment.PerfCost-9875: Processed 4970 samples out of 10000, 0 errors
03:58:31,294 INFO Experiment.PerfCost-9875: Processed 4980 samples out of 10000, 0 errors
03:58:41,631 INFO Experiment.PerfCost-9875: Processed 4990 samples out of 10000, 0 errors
03:58:51,971 INFO Experiment.PerfCost-9875: Processed 5000 samples out of 10000, 0 errors
03:59:02,296 INFO Experiment.PerfCost-9875: Processed 5010 samples out of 10000, 0 errors
03:59:12,619 INFO Experiment.PerfCost-9875: Processed 5020 samples out of 10000, 0 errors
03:59:22,944 INFO Experiment.PerfCost-9875: Processed 5030 samples out of 10000, 0 errors
03:59:33,264 INFO Experiment.PerfCost-9875: Processed 5040 samples out of 10000, 0 errors
03:59:43,597 INFO Experiment.PerfCost-9875: Processed 5050 samples out of 10000, 0 errors
03:59:53,922 INFO Experiment.PerfCost-9875: Processed 5060 samples out of 10000, 0 errors
04:00:04,258 INFO Experiment.PerfCost-9875: Processed 5070 samples out of 10000, 0 errors
04:00:14,584 INFO Experiment.PerfCost-9875: Processed 5080 samples out of 10000, 0 errors
04:00:24,937 INFO Experiment.PerfCost-9875: Processed 5090 samples out of 10000, 0 errors
04:00:35,267 INFO Experiment.PerfCost-9875: Processed 5100 samples out of 10000, 0 errors
04:00:45,622 INFO Experiment.PerfCost-9875: Processed 5110 samples out of 10000, 0 errors
04:00:55,950 INFO Experiment.PerfCost-9875: Processed 5120 samples out of 10000, 0 errors
04:01:06,281 INFO Experiment.PerfCost-9875: Processed 5130 samples out of 10000, 0 errors
04:01:16,620 INFO Experiment.PerfCost-9875: Processed 5140 samples out of 10000, 0 errors
04:01:26,937 INFO Experiment.PerfCost-9875: Processed 5150 samples out of 10000, 0 errors
04:01:37,267 INFO Experiment.PerfCost-9875: Processed 5160 samples out of 10000, 0 errors
04:01:47,599 INFO Experiment.PerfCost-9875: Processed 5170 samples out of 10000, 0 errors
04:01:57,933 INFO Experiment.PerfCost-9875: Processed 5180 samples out of 10000, 0 errors
04:02:08,254 INFO Experiment.PerfCost-9875: Processed 5190 samples out of 10000, 0 errors
04:02:18,577 INFO Experiment.PerfCost-9875: Processed 5200 samples out of 10000, 0 errors
04:02:28,912 INFO Experiment.PerfCost-9875: Processed 5210 samples out of 10000, 0 errors
04:02:39,237 INFO Experiment.PerfCost-9875: Processed 5220 samples out of 10000, 0 errors
04:02:49,583 INFO Experiment.PerfCost-9875: Processed 5230 samples out of 10000, 0 errors
04:02:59,908 INFO Experiment.PerfCost-9875: Processed 5240 samples out of 10000, 0 errors
04:03:10,248 INFO Experiment.PerfCost-9875: Processed 5250 samples out of 10000, 0 errors
04:03:20,564 INFO Experiment.PerfCost-9875: Processed 5260 samples out of 10000, 0 errors
04:03:30,908 INFO Experiment.PerfCost-9875: Processed 5270 samples out of 10000, 0 errors
04:03:41,290 INFO Experiment.PerfCost-9875: Processed 5280 samples out of 10000, 0 errors
04:03:51,630 INFO Experiment.PerfCost-9875: Processed 5290 samples out of 10000, 0 errors
04:04:01,963 INFO Experiment.PerfCost-9875: Processed 5300 samples out of 10000, 0 errors
04:04:12,306 INFO Experiment.PerfCost-9875: Processed 5310 samples out of 10000, 0 errors
04:04:22,645 INFO Experiment.PerfCost-9875: Processed 5320 samples out of 10000, 0 errors
04:04:32,996 INFO Experiment.PerfCost-9875: Processed 5330 samples out of 10000, 0 errors
04:04:43,323 INFO Experiment.PerfCost-9875: Processed 5340 samples out of 10000, 0 errors
04:04:53,653 INFO Experiment.PerfCost-9875: Processed 5350 samples out of 10000, 0 errors
04:05:03,980 INFO Experiment.PerfCost-9875: Processed 5360 samples out of 10000, 0 errors
04:05:14,321 INFO Experiment.PerfCost-9875: Processed 5370 samples out of 10000, 0 errors
04:05:24,637 INFO Experiment.PerfCost-9875: Processed 5380 samples out of 10000, 0 errors
04:05:34,956 INFO Experiment.PerfCost-9875: Processed 5390 samples out of 10000, 0 errors
04:05:45,279 INFO Experiment.PerfCost-9875: Processed 5400 samples out of 10000, 0 errors
04:05:55,605 INFO Experiment.PerfCost-9875: Processed 5410 samples out of 10000, 0 errors
04:06:05,923 INFO Experiment.PerfCost-9875: Processed 5420 samples out of 10000, 0 errors
04:06:16,267 INFO Experiment.PerfCost-9875: Processed 5430 samples out of 10000, 0 errors
04:06:26,580 INFO Experiment.PerfCost-9875: Processed 5440 samples out of 10000, 0 errors
04:06:36,905 INFO Experiment.PerfCost-9875: Processed 5450 samples out of 10000, 0 errors
04:06:47,237 INFO Experiment.PerfCost-9875: Processed 5460 samples out of 10000, 0 errors
04:06:57,590 INFO Experiment.PerfCost-9875: Processed 5470 samples out of 10000, 0 errors
04:07:07,917 INFO Experiment.PerfCost-9875: Processed 5480 samples out of 10000, 0 errors
04:07:18,246 INFO Experiment.PerfCost-9875: Processed 5490 samples out of 10000, 0 errors
04:07:28,570 INFO Experiment.PerfCost-9875: Processed 5500 samples out of 10000, 0 errors
04:07:38,893 INFO Experiment.PerfCost-9875: Processed 5510 samples out of 10000, 0 errors
04:07:49,220 INFO Experiment.PerfCost-9875: Processed 5520 samples out of 10000, 0 errors
04:07:59,563 INFO Experiment.PerfCost-9875: Processed 5530 samples out of 10000, 0 errors
04:08:09,900 INFO Experiment.PerfCost-9875: Processed 5540 samples out of 10000, 0 errors
04:08:20,225 INFO Experiment.PerfCost-9875: Processed 5550 samples out of 10000, 0 errors
04:08:30,571 INFO Experiment.PerfCost-9875: Processed 5560 samples out of 10000, 0 errors
04:08:40,888 INFO Experiment.PerfCost-9875: Processed 5570 samples out of 10000, 0 errors
04:08:51,278 INFO Experiment.PerfCost-9875: Processed 5580 samples out of 10000, 0 errors
04:09:01,625 INFO Experiment.PerfCost-9875: Processed 5590 samples out of 10000, 0 errors
04:09:11,953 INFO Experiment.PerfCost-9875: Processed 5600 samples out of 10000, 0 errors
04:09:22,282 INFO Experiment.PerfCost-9875: Processed 5610 samples out of 10000, 0 errors
04:09:32,622 INFO Experiment.PerfCost-9875: Processed 5620 samples out of 10000, 0 errors
04:09:42,943 INFO Experiment.PerfCost-9875: Processed 5630 samples out of 10000, 0 errors
04:09:53,308 INFO Experiment.PerfCost-9875: Processed 5640 samples out of 10000, 0 errors
04:10:03,646 INFO Experiment.PerfCost-9875: Processed 5650 samples out of 10000, 0 errors
04:10:13,979 INFO Experiment.PerfCost-9875: Processed 5660 samples out of 10000, 0 errors
04:10:24,311 INFO Experiment.PerfCost-9875: Processed 5670 samples out of 10000, 0 errors
04:10:34,643 INFO Experiment.PerfCost-9875: Processed 5680 samples out of 10000, 0 errors
04:10:44,965 INFO Experiment.PerfCost-9875: Processed 5690 samples out of 10000, 0 errors
04:10:55,299 INFO Experiment.PerfCost-9875: Processed 5700 samples out of 10000, 0 errors
04:11:05,630 INFO Experiment.PerfCost-9875: Processed 5710 samples out of 10000, 0 errors
04:11:15,961 INFO Experiment.PerfCost-9875: Processed 5720 samples out of 10000, 0 errors
04:11:26,297 INFO Experiment.PerfCost-9875: Processed 5730 samples out of 10000, 0 errors
04:11:36,616 INFO Experiment.PerfCost-9875: Processed 5740 samples out of 10000, 0 errors
04:11:46,940 INFO Experiment.PerfCost-9875: Processed 5750 samples out of 10000, 0 errors
04:11:57,265 INFO Experiment.PerfCost-9875: Processed 5760 samples out of 10000, 0 errors
04:12:07,606 INFO Experiment.PerfCost-9875: Processed 5770 samples out of 10000, 0 errors
04:12:17,938 INFO Experiment.PerfCost-9875: Processed 5780 samples out of 10000, 0 errors
04:12:28,274 INFO Experiment.PerfCost-9875: Processed 5790 samples out of 10000, 0 errors
04:12:38,609 INFO Experiment.PerfCost-9875: Processed 5800 samples out of 10000, 0 errors
04:12:48,948 INFO Experiment.PerfCost-9875: Processed 5810 samples out of 10000, 0 errors
04:12:59,290 INFO Experiment.PerfCost-9875: Processed 5820 samples out of 10000, 0 errors
04:13:09,633 INFO Experiment.PerfCost-9875: Processed 5830 samples out of 10000, 0 errors
04:13:19,989 INFO Experiment.PerfCost-9875: Processed 5840 samples out of 10000, 0 errors
04:13:30,323 INFO Experiment.PerfCost-9875: Processed 5850 samples out of 10000, 0 errors
04:13:40,654 INFO Experiment.PerfCost-9875: Processed 5860 samples out of 10000, 0 errors
04:13:50,989 INFO Experiment.PerfCost-9875: Processed 5870 samples out of 10000, 0 errors
04:14:01,357 INFO Experiment.PerfCost-9875: Processed 5880 samples out of 10000, 0 errors
04:14:11,697 INFO Experiment.PerfCost-9875: Processed 5890 samples out of 10000, 0 errors
04:14:22,34 INFO Experiment.PerfCost-9875: Processed 5900 samples out of 10000, 0 errors
04:14:32,369 INFO Experiment.PerfCost-9875: Processed 5910 samples out of 10000, 0 errors
04:14:42,697 INFO Experiment.PerfCost-9875: Processed 5920 samples out of 10000, 0 errors
04:14:53,40 INFO Experiment.PerfCost-9875: Processed 5930 samples out of 10000, 0 errors
04:15:03,396 INFO Experiment.PerfCost-9875: Processed 5940 samples out of 10000, 0 errors
04:15:13,734 INFO Experiment.PerfCost-9875: Processed 5950 samples out of 10000, 0 errors
04:15:24,84 INFO Experiment.PerfCost-9875: Processed 5960 samples out of 10000, 0 errors
04:15:34,418 INFO Experiment.PerfCost-9875: Processed 5970 samples out of 10000, 0 errors
04:15:44,773 INFO Experiment.PerfCost-9875: Processed 5980 samples out of 10000, 0 errors
04:15:55,103 INFO Experiment.PerfCost-9875: Processed 5990 samples out of 10000, 0 errors
04:16:05,439 INFO Experiment.PerfCost-9875: Processed 6000 samples out of 10000, 0 errors
04:16:15,785 INFO Experiment.PerfCost-9875: Processed 6010 samples out of 10000, 0 errors
04:16:26,116 INFO Experiment.PerfCost-9875: Processed 6020 samples out of 10000, 0 errors
04:16:36,453 INFO Experiment.PerfCost-9875: Processed 6030 samples out of 10000, 0 errors
04:16:46,771 INFO Experiment.PerfCost-9875: Processed 6040 samples out of 10000, 0 errors
04:16:57,106 INFO Experiment.PerfCost-9875: Processed 6050 samples out of 10000, 0 errors
04:17:07,452 INFO Experiment.PerfCost-9875: Processed 6060 samples out of 10000, 0 errors
04:17:17,783 INFO Experiment.PerfCost-9875: Processed 6070 samples out of 10000, 0 errors
04:17:28,114 INFO Experiment.PerfCost-9875: Processed 6080 samples out of 10000, 0 errors
04:17:38,446 INFO Experiment.PerfCost-9875: Processed 6090 samples out of 10000, 0 errors
04:17:48,815 INFO Experiment.PerfCost-9875: Processed 6100 samples out of 10000, 0 errors
04:17:59,155 INFO Experiment.PerfCost-9875: Processed 6110 samples out of 10000, 0 errors
04:18:09,494 INFO Experiment.PerfCost-9875: Processed 6120 samples out of 10000, 0 errors
04:18:19,837 INFO Experiment.PerfCost-9875: Processed 6130 samples out of 10000, 0 errors
04:18:30,166 INFO Experiment.PerfCost-9875: Processed 6140 samples out of 10000, 0 errors
04:18:40,516 INFO Experiment.PerfCost-9875: Processed 6150 samples out of 10000, 0 errors
04:18:50,891 INFO Experiment.PerfCost-9875: Processed 6160 samples out of 10000, 0 errors
04:19:01,221 INFO Experiment.PerfCost-9875: Processed 6170 samples out of 10000, 0 errors
04:19:11,575 INFO Experiment.PerfCost-9875: Processed 6180 samples out of 10000, 0 errors
04:19:21,913 INFO Experiment.PerfCost-9875: Processed 6190 samples out of 10000, 0 errors
04:19:32,258 INFO Experiment.PerfCost-9875: Processed 6200 samples out of 10000, 0 errors
04:19:42,605 INFO Experiment.PerfCost-9875: Processed 6210 samples out of 10000, 0 errors
04:19:52,949 INFO Experiment.PerfCost-9875: Processed 6220 samples out of 10000, 0 errors
04:20:03,269 INFO Experiment.PerfCost-9875: Processed 6230 samples out of 10000, 0 errors
04:20:13,616 INFO Experiment.PerfCost-9875: Processed 6240 samples out of 10000, 0 errors
04:20:23,945 INFO Experiment.PerfCost-9875: Processed 6250 samples out of 10000, 0 errors
04:20:34,278 INFO Experiment.PerfCost-9875: Processed 6260 samples out of 10000, 0 errors
04:20:44,600 INFO Experiment.PerfCost-9875: Processed 6270 samples out of 10000, 0 errors
04:20:54,936 INFO Experiment.PerfCost-9875: Processed 6280 samples out of 10000, 0 errors
04:21:05,292 INFO Experiment.PerfCost-9875: Processed 6290 samples out of 10000, 0 errors
04:21:15,618 INFO Experiment.PerfCost-9875: Processed 6300 samples out of 10000, 0 errors
04:21:25,953 INFO Experiment.PerfCost-9875: Processed 6310 samples out of 10000, 0 errors
04:21:36,306 INFO Experiment.PerfCost-9875: Processed 6320 samples out of 10000, 0 errors
04:21:46,640 INFO Experiment.PerfCost-9875: Processed 6330 samples out of 10000, 0 errors
04:21:56,961 INFO Experiment.PerfCost-9875: Processed 6340 samples out of 10000, 0 errors
04:22:07,291 INFO Experiment.PerfCost-9875: Processed 6350 samples out of 10000, 0 errors
04:22:17,618 INFO Experiment.PerfCost-9875: Processed 6360 samples out of 10000, 0 errors
04:22:27,980 INFO Experiment.PerfCost-9875: Processed 6370 samples out of 10000, 0 errors
04:22:38,316 INFO Experiment.PerfCost-9875: Processed 6380 samples out of 10000, 0 errors
04:22:48,642 INFO Experiment.PerfCost-9875: Processed 6390 samples out of 10000, 0 errors
04:22:58,986 INFO Experiment.PerfCost-9875: Processed 6400 samples out of 10000, 0 errors
04:23:09,335 INFO Experiment.PerfCost-9875: Processed 6410 samples out of 10000, 0 errors
04:23:19,686 INFO Experiment.PerfCost-9875: Processed 6420 samples out of 10000, 0 errors
04:23:30,19 INFO Experiment.PerfCost-9875: Processed 6430 samples out of 10000, 0 errors
04:23:40,341 INFO Experiment.PerfCost-9875: Processed 6440 samples out of 10000, 0 errors
04:23:50,672 INFO Experiment.PerfCost-9875: Processed 6450 samples out of 10000, 0 errors
04:24:01,18 INFO Experiment.PerfCost-9875: Processed 6460 samples out of 10000, 0 errors
04:24:11,371 INFO Experiment.PerfCost-9875: Processed 6470 samples out of 10000, 0 errors
04:24:21,729 INFO Experiment.PerfCost-9875: Processed 6480 samples out of 10000, 0 errors
04:24:32,72 INFO Experiment.PerfCost-9875: Processed 6490 samples out of 10000, 0 errors
04:24:42,398 INFO Experiment.PerfCost-9875: Processed 6500 samples out of 10000, 0 errors
04:24:52,726 INFO Experiment.PerfCost-9875: Processed 6510 samples out of 10000, 0 errors
04:25:03,49 INFO Experiment.PerfCost-9875: Processed 6520 samples out of 10000, 0 errors
04:25:13,388 INFO Experiment.PerfCost-9875: Processed 6530 samples out of 10000, 0 errors
04:25:23,732 INFO Experiment.PerfCost-9875: Processed 6540 samples out of 10000, 0 errors
04:25:34,81 INFO Experiment.PerfCost-9875: Processed 6550 samples out of 10000, 0 errors
04:25:44,410 INFO Experiment.PerfCost-9875: Processed 6560 samples out of 10000, 0 errors
04:25:54,753 INFO Experiment.PerfCost-9875: Processed 6570 samples out of 10000, 0 errors
04:26:05,91 INFO Experiment.PerfCost-9875: Processed 6580 samples out of 10000, 0 errors
04:26:15,427 INFO Experiment.PerfCost-9875: Processed 6590 samples out of 10000, 0 errors
04:26:25,763 INFO Experiment.PerfCost-9875: Processed 6600 samples out of 10000, 0 errors
04:26:36,101 INFO Experiment.PerfCost-9875: Processed 6610 samples out of 10000, 0 errors
04:26:46,444 INFO Experiment.PerfCost-9875: Processed 6620 samples out of 10000, 0 errors
04:26:56,778 INFO Experiment.PerfCost-9875: Processed 6630 samples out of 10000, 0 errors
04:27:07,107 INFO Experiment.PerfCost-9875: Processed 6640 samples out of 10000, 0 errors
04:27:17,444 INFO Experiment.PerfCost-9875: Processed 6650 samples out of 10000, 0 errors
04:27:27,770 INFO Experiment.PerfCost-9875: Processed 6660 samples out of 10000, 0 errors
04:27:38,97 INFO Experiment.PerfCost-9875: Processed 6670 samples out of 10000, 0 errors
04:27:48,437 INFO Experiment.PerfCost-9875: Processed 6680 samples out of 10000, 0 errors
04:27:58,761 INFO Experiment.PerfCost-9875: Processed 6690 samples out of 10000, 0 errors
04:28:09,77 INFO Experiment.PerfCost-9875: Processed 6700 samples out of 10000, 0 errors
04:28:19,414 INFO Experiment.PerfCost-9875: Processed 6710 samples out of 10000, 0 errors
04:28:29,755 INFO Experiment.PerfCost-9875: Processed 6720 samples out of 10000, 0 errors
04:28:40,90 INFO Experiment.PerfCost-9875: Processed 6730 samples out of 10000, 0 errors
04:28:50,436 INFO Experiment.PerfCost-9875: Processed 6740 samples out of 10000, 0 errors
04:29:00,771 INFO Experiment.PerfCost-9875: Processed 6750 samples out of 10000, 0 errors
04:29:11,126 INFO Experiment.PerfCost-9875: Processed 6760 samples out of 10000, 0 errors
04:29:21,494 INFO Experiment.PerfCost-9875: Processed 6770 samples out of 10000, 0 errors
04:29:31,846 INFO Experiment.PerfCost-9875: Processed 6780 samples out of 10000, 0 errors
04:29:42,189 INFO Experiment.PerfCost-9875: Processed 6790 samples out of 10000, 0 errors
04:29:52,529 INFO Experiment.PerfCost-9875: Processed 6800 samples out of 10000, 0 errors
04:30:02,880 INFO Experiment.PerfCost-9875: Processed 6810 samples out of 10000, 0 errors
04:30:13,208 INFO Experiment.PerfCost-9875: Processed 6820 samples out of 10000, 0 errors
04:30:23,540 INFO Experiment.PerfCost-9875: Processed 6830 samples out of 10000, 0 errors
04:30:33,880 INFO Experiment.PerfCost-9875: Processed 6840 samples out of 10000, 0 errors
04:30:44,208 INFO Experiment.PerfCost-9875: Processed 6850 samples out of 10000, 0 errors
04:30:54,549 INFO Experiment.PerfCost-9875: Processed 6860 samples out of 10000, 0 errors
04:31:04,884 INFO Experiment.PerfCost-9875: Processed 6870 samples out of 10000, 0 errors
04:31:15,222 INFO Experiment.PerfCost-9875: Processed 6880 samples out of 10000, 0 errors
04:31:25,577 INFO Experiment.PerfCost-9875: Processed 6890 samples out of 10000, 0 errors
04:31:35,897 INFO Experiment.PerfCost-9875: Processed 6900 samples out of 10000, 0 errors
04:31:46,238 INFO Experiment.PerfCost-9875: Processed 6910 samples out of 10000, 0 errors
04:31:56,575 INFO Experiment.PerfCost-9875: Processed 6920 samples out of 10000, 0 errors
04:32:06,931 INFO Experiment.PerfCost-9875: Processed 6930 samples out of 10000, 0 errors
04:32:17,261 INFO Experiment.PerfCost-9875: Processed 6940 samples out of 10000, 0 errors
04:32:27,582 INFO Experiment.PerfCost-9875: Processed 6950 samples out of 10000, 0 errors
04:32:37,932 INFO Experiment.PerfCost-9875: Processed 6960 samples out of 10000, 0 errors
04:32:48,255 INFO Experiment.PerfCost-9875: Processed 6970 samples out of 10000, 0 errors
04:32:58,589 INFO Experiment.PerfCost-9875: Processed 6980 samples out of 10000, 0 errors
04:33:08,910 INFO Experiment.PerfCost-9875: Processed 6990 samples out of 10000, 0 errors
04:33:19,265 INFO Experiment.PerfCost-9875: Processed 7000 samples out of 10000, 0 errors
04:33:29,597 INFO Experiment.PerfCost-9875: Processed 7010 samples out of 10000, 0 errors
04:33:39,931 INFO Experiment.PerfCost-9875: Processed 7020 samples out of 10000, 0 errors
04:33:50,270 INFO Experiment.PerfCost-9875: Processed 7030 samples out of 10000, 0 errors
04:34:00,577 INFO Experiment.PerfCost-9875: Processed 7040 samples out of 10000, 0 errors
04:34:10,908 INFO Experiment.PerfCost-9875: Processed 7050 samples out of 10000, 0 errors
04:34:21,233 INFO Experiment.PerfCost-9875: Processed 7060 samples out of 10000, 0 errors
04:34:31,588 INFO Experiment.PerfCost-9875: Processed 7070 samples out of 10000, 0 errors
04:34:41,936 INFO Experiment.PerfCost-9875: Processed 7080 samples out of 10000, 0 errors
04:34:52,264 INFO Experiment.PerfCost-9875: Processed 7090 samples out of 10000, 0 errors
04:35:02,594 INFO Experiment.PerfCost-9875: Processed 7100 samples out of 10000, 0 errors
04:35:12,928 INFO Experiment.PerfCost-9875: Processed 7110 samples out of 10000, 0 errors
04:35:23,258 INFO Experiment.PerfCost-9875: Processed 7120 samples out of 10000, 0 errors
04:35:33,580 INFO Experiment.PerfCost-9875: Processed 7130 samples out of 10000, 0 errors
04:35:43,913 INFO Experiment.PerfCost-9875: Processed 7140 samples out of 10000, 0 errors
04:35:54,277 INFO Experiment.PerfCost-9875: Processed 7150 samples out of 10000, 0 errors
04:36:04,611 INFO Experiment.PerfCost-9875: Processed 7160 samples out of 10000, 0 errors
04:36:14,966 INFO Experiment.PerfCost-9875: Processed 7170 samples out of 10000, 0 errors
04:36:25,309 INFO Experiment.PerfCost-9875: Processed 7180 samples out of 10000, 0 errors
04:36:35,651 INFO Experiment.PerfCost-9875: Processed 7190 samples out of 10000, 0 errors
04:36:45,984 INFO Experiment.PerfCost-9875: Processed 7200 samples out of 10000, 0 errors
04:36:56,315 INFO Experiment.PerfCost-9875: Processed 7210 samples out of 10000, 0 errors
04:37:06,644 INFO Experiment.PerfCost-9875: Processed 7220 samples out of 10000, 0 errors
04:37:16,976 INFO Experiment.PerfCost-9875: Processed 7230 samples out of 10000, 0 errors
04:37:27,332 INFO Experiment.PerfCost-9875: Processed 7240 samples out of 10000, 0 errors
04:37:37,660 INFO Experiment.PerfCost-9875: Processed 7250 samples out of 10000, 0 errors
04:37:48,14 INFO Experiment.PerfCost-9875: Processed 7260 samples out of 10000, 0 errors
04:37:58,357 INFO Experiment.PerfCost-9875: Processed 7270 samples out of 10000, 0 errors
04:38:08,687 INFO Experiment.PerfCost-9875: Processed 7280 samples out of 10000, 0 errors
04:38:19,10 INFO Experiment.PerfCost-9875: Processed 7290 samples out of 10000, 0 errors
04:38:29,350 INFO Experiment.PerfCost-9875: Processed 7300 samples out of 10000, 0 errors
04:38:39,674 INFO Experiment.PerfCost-9875: Processed 7310 samples out of 10000, 0 errors
04:38:49,996 INFO Experiment.PerfCost-9875: Processed 7320 samples out of 10000, 0 errors
04:39:00,331 INFO Experiment.PerfCost-9875: Processed 7330 samples out of 10000, 0 errors
04:39:10,711 INFO Experiment.PerfCost-9875: Processed 7340 samples out of 10000, 0 errors
04:39:21,39 INFO Experiment.PerfCost-9875: Processed 7350 samples out of 10000, 0 errors
04:39:31,377 INFO Experiment.PerfCost-9875: Processed 7360 samples out of 10000, 0 errors
04:39:41,743 INFO Experiment.PerfCost-9875: Processed 7370 samples out of 10000, 0 errors
04:39:52,89 INFO Experiment.PerfCost-9875: Processed 7380 samples out of 10000, 0 errors
04:40:02,413 INFO Experiment.PerfCost-9875: Processed 7390 samples out of 10000, 0 errors
04:40:12,739 INFO Experiment.PerfCost-9875: Processed 7400 samples out of 10000, 0 errors
04:40:23,64 INFO Experiment.PerfCost-9875: Processed 7410 samples out of 10000, 0 errors
04:40:33,399 INFO Experiment.PerfCost-9875: Processed 7420 samples out of 10000, 0 errors
04:40:43,727 INFO Experiment.PerfCost-9875: Processed 7430 samples out of 10000, 0 errors
04:40:54,57 INFO Experiment.PerfCost-9875: Processed 7440 samples out of 10000, 0 errors
04:41:04,396 INFO Experiment.PerfCost-9875: Processed 7450 samples out of 10000, 0 errors
04:41:14,734 INFO Experiment.PerfCost-9875: Processed 7460 samples out of 10000, 0 errors
04:41:25,82 INFO Experiment.PerfCost-9875: Processed 7470 samples out of 10000, 0 errors
04:41:35,427 INFO Experiment.PerfCost-9875: Processed 7480 samples out of 10000, 0 errors
04:41:45,764 INFO Experiment.PerfCost-9875: Processed 7490 samples out of 10000, 0 errors
04:41:56,115 INFO Experiment.PerfCost-9875: Processed 7500 samples out of 10000, 0 errors
04:42:06,461 INFO Experiment.PerfCost-9875: Processed 7510 samples out of 10000, 0 errors
04:42:16,799 INFO Experiment.PerfCost-9875: Processed 7520 samples out of 10000, 0 errors
04:42:27,129 INFO Experiment.PerfCost-9875: Processed 7530 samples out of 10000, 0 errors
04:42:37,483 INFO Experiment.PerfCost-9875: Processed 7540 samples out of 10000, 0 errors
04:42:47,807 INFO Experiment.PerfCost-9875: Processed 7550 samples out of 10000, 0 errors
04:42:58,132 INFO Experiment.PerfCost-9875: Processed 7560 samples out of 10000, 0 errors
04:43:08,464 INFO Experiment.PerfCost-9875: Processed 7570 samples out of 10000, 0 errors
04:43:18,798 INFO Experiment.PerfCost-9875: Processed 7580 samples out of 10000, 0 errors
04:43:29,139 INFO Experiment.PerfCost-9875: Processed 7590 samples out of 10000, 0 errors
04:43:39,482 INFO Experiment.PerfCost-9875: Processed 7600 samples out of 10000, 0 errors
04:43:49,814 INFO Experiment.PerfCost-9875: Processed 7610 samples out of 10000, 0 errors
04:44:00,150 INFO Experiment.PerfCost-9875: Processed 7620 samples out of 10000, 0 errors
04:44:10,485 INFO Experiment.PerfCost-9875: Processed 7630 samples out of 10000, 0 errors
04:44:20,841 INFO Experiment.PerfCost-9875: Processed 7640 samples out of 10000, 0 errors
04:44:31,174 INFO Experiment.PerfCost-9875: Processed 7650 samples out of 10000, 0 errors
04:44:41,509 INFO Experiment.PerfCost-9875: Processed 7660 samples out of 10000, 0 errors
04:44:51,846 INFO Experiment.PerfCost-9875: Processed 7670 samples out of 10000, 0 errors
04:45:02,209 INFO Experiment.PerfCost-9875: Processed 7680 samples out of 10000, 0 errors
04:45:12,568 INFO Experiment.PerfCost-9875: Processed 7690 samples out of 10000, 0 errors
04:45:22,895 INFO Experiment.PerfCost-9875: Processed 7700 samples out of 10000, 0 errors
04:45:33,224 INFO Experiment.PerfCost-9875: Processed 7710 samples out of 10000, 0 errors
04:45:43,551 INFO Experiment.PerfCost-9875: Processed 7720 samples out of 10000, 0 errors
04:45:53,871 INFO Experiment.PerfCost-9875: Processed 7730 samples out of 10000, 0 errors
04:46:04,210 INFO Experiment.PerfCost-9875: Processed 7740 samples out of 10000, 0 errors
04:46:14,551 INFO Experiment.PerfCost-9875: Processed 7750 samples out of 10000, 0 errors
04:46:24,897 INFO Experiment.PerfCost-9875: Processed 7760 samples out of 10000, 0 errors
04:46:35,233 INFO Experiment.PerfCost-9875: Processed 7770 samples out of 10000, 0 errors
04:46:45,578 INFO Experiment.PerfCost-9875: Processed 7780 samples out of 10000, 0 errors
04:46:55,905 INFO Experiment.PerfCost-9875: Processed 7790 samples out of 10000, 0 errors
04:47:06,245 INFO Experiment.PerfCost-9875: Processed 7800 samples out of 10000, 0 errors
04:47:16,580 INFO Experiment.PerfCost-9875: Processed 7810 samples out of 10000, 0 errors
04:47:26,915 INFO Experiment.PerfCost-9875: Processed 7820 samples out of 10000, 0 errors
04:47:37,251 INFO Experiment.PerfCost-9875: Processed 7830 samples out of 10000, 0 errors
04:47:47,584 INFO Experiment.PerfCost-9875: Processed 7840 samples out of 10000, 0 errors
04:47:57,928 INFO Experiment.PerfCost-9875: Processed 7850 samples out of 10000, 0 errors
04:48:08,267 INFO Experiment.PerfCost-9875: Processed 7860 samples out of 10000, 0 errors
04:48:18,592 INFO Experiment.PerfCost-9875: Processed 7870 samples out of 10000, 0 errors
04:48:28,947 INFO Experiment.PerfCost-9875: Processed 7880 samples out of 10000, 0 errors
04:48:39,266 INFO Experiment.PerfCost-9875: Processed 7890 samples out of 10000, 0 errors
04:48:49,612 INFO Experiment.PerfCost-9875: Processed 7900 samples out of 10000, 0 errors
04:48:59,955 INFO Experiment.PerfCost-9875: Processed 7910 samples out of 10000, 0 errors
04:49:10,293 INFO Experiment.PerfCost-9875: Processed 7920 samples out of 10000, 0 errors
04:49:20,638 INFO Experiment.PerfCost-9875: Processed 7930 samples out of 10000, 0 errors
04:49:30,976 INFO Experiment.PerfCost-9875: Processed 7940 samples out of 10000, 0 errors
04:49:41,306 INFO Experiment.PerfCost-9875: Processed 7950 samples out of 10000, 0 errors
04:49:51,666 INFO Experiment.PerfCost-9875: Processed 7960 samples out of 10000, 0 errors
04:50:02,49 INFO Experiment.PerfCost-9875: Processed 7970 samples out of 10000, 0 errors
04:50:12,431 INFO Experiment.PerfCost-9875: Processed 7980 samples out of 10000, 0 errors
04:50:22,773 INFO Experiment.PerfCost-9875: Processed 7990 samples out of 10000, 0 errors
04:50:33,103 INFO Experiment.PerfCost-9875: Processed 8000 samples out of 10000, 0 errors
04:50:43,445 INFO Experiment.PerfCost-9875: Processed 8010 samples out of 10000, 0 errors
04:50:53,763 INFO Experiment.PerfCost-9875: Processed 8020 samples out of 10000, 0 errors
04:51:04,88 INFO Experiment.PerfCost-9875: Processed 8030 samples out of 10000, 0 errors
04:51:14,427 INFO Experiment.PerfCost-9875: Processed 8040 samples out of 10000, 0 errors
04:51:24,775 INFO Experiment.PerfCost-9875: Processed 8050 samples out of 10000, 0 errors
04:51:35,98 INFO Experiment.PerfCost-9875: Processed 8060 samples out of 10000, 0 errors
04:51:45,447 INFO Experiment.PerfCost-9875: Processed 8070 samples out of 10000, 0 errors
04:51:55,764 INFO Experiment.PerfCost-9875: Processed 8080 samples out of 10000, 0 errors
04:52:06,92 INFO Experiment.PerfCost-9875: Processed 8090 samples out of 10000, 0 errors
04:52:16,440 INFO Experiment.PerfCost-9875: Processed 8100 samples out of 10000, 0 errors
04:52:26,820 INFO Experiment.PerfCost-9875: Processed 8110 samples out of 10000, 0 errors
04:52:37,158 INFO Experiment.PerfCost-9875: Processed 8120 samples out of 10000, 0 errors
04:52:47,490 INFO Experiment.PerfCost-9875: Processed 8130 samples out of 10000, 0 errors
04:52:57,844 INFO Experiment.PerfCost-9875: Processed 8140 samples out of 10000, 0 errors
04:53:08,190 INFO Experiment.PerfCost-9875: Processed 8150 samples out of 10000, 0 errors
04:53:18,515 INFO Experiment.PerfCost-9875: Processed 8160 samples out of 10000, 0 errors
04:53:28,860 INFO Experiment.PerfCost-9875: Processed 8170 samples out of 10000, 0 errors
04:53:39,198 INFO Experiment.PerfCost-9875: Processed 8180 samples out of 10000, 0 errors
04:53:49,526 INFO Experiment.PerfCost-9875: Processed 8190 samples out of 10000, 0 errors
04:53:59,873 INFO Experiment.PerfCost-9875: Processed 8200 samples out of 10000, 0 errors
04:54:10,206 INFO Experiment.PerfCost-9875: Processed 8210 samples out of 10000, 0 errors
04:54:20,562 INFO Experiment.PerfCost-9875: Processed 8220 samples out of 10000, 0 errors
04:54:30,916 INFO Experiment.PerfCost-9875: Processed 8230 samples out of 10000, 0 errors
04:54:41,271 INFO Experiment.PerfCost-9875: Processed 8240 samples out of 10000, 0 errors
04:54:51,658 INFO Experiment.PerfCost-9875: Processed 8250 samples out of 10000, 0 errors
04:55:02,11 INFO Experiment.PerfCost-9875: Processed 8260 samples out of 10000, 0 errors
04:55:12,352 INFO Experiment.PerfCost-9875: Processed 8270 samples out of 10000, 0 errors
04:55:22,718 INFO Experiment.PerfCost-9875: Processed 8280 samples out of 10000, 0 errors
04:55:33,54 INFO Experiment.PerfCost-9875: Processed 8290 samples out of 10000, 0 errors
04:55:43,396 INFO Experiment.PerfCost-9875: Processed 8300 samples out of 10000, 0 errors
04:55:53,738 INFO Experiment.PerfCost-9875: Processed 8310 samples out of 10000, 0 errors
04:56:04,118 INFO Experiment.PerfCost-9875: Processed 8320 samples out of 10000, 0 errors
04:56:14,468 INFO Experiment.PerfCost-9875: Processed 8330 samples out of 10000, 0 errors
04:56:24,834 INFO Experiment.PerfCost-9875: Processed 8340 samples out of 10000, 0 errors
04:56:35,172 INFO Experiment.PerfCost-9875: Processed 8350 samples out of 10000, 0 errors
04:56:45,514 INFO Experiment.PerfCost-9875: Processed 8360 samples out of 10000, 0 errors
04:56:55,851 INFO Experiment.PerfCost-9875: Processed 8370 samples out of 10000, 0 errors
04:57:06,187 INFO Experiment.PerfCost-9875: Processed 8380 samples out of 10000, 0 errors
04:57:16,522 INFO Experiment.PerfCost-9875: Processed 8390 samples out of 10000, 0 errors
04:57:26,834 INFO Experiment.PerfCost-9875: Processed 8400 samples out of 10000, 0 errors
04:57:37,181 INFO Experiment.PerfCost-9875: Processed 8410 samples out of 10000, 0 errors
04:57:47,534 INFO Experiment.PerfCost-9875: Processed 8420 samples out of 10000, 0 errors
04:57:57,878 INFO Experiment.PerfCost-9875: Processed 8430 samples out of 10000, 0 errors
04:58:08,223 INFO Experiment.PerfCost-9875: Processed 8440 samples out of 10000, 0 errors
04:58:18,562 INFO Experiment.PerfCost-9875: Processed 8450 samples out of 10000, 0 errors
04:58:28,906 INFO Experiment.PerfCost-9875: Processed 8460 samples out of 10000, 0 errors
04:58:39,242 INFO Experiment.PerfCost-9875: Processed 8470 samples out of 10000, 0 errors
04:58:49,579 INFO Experiment.PerfCost-9875: Processed 8480 samples out of 10000, 0 errors
04:58:59,914 INFO Experiment.PerfCost-9875: Processed 8490 samples out of 10000, 0 errors
04:59:10,257 INFO Experiment.PerfCost-9875: Processed 8500 samples out of 10000, 0 errors
04:59:20,614 INFO Experiment.PerfCost-9875: Processed 8510 samples out of 10000, 0 errors
04:59:30,941 INFO Experiment.PerfCost-9875: Processed 8520 samples out of 10000, 0 errors
04:59:41,294 INFO Experiment.PerfCost-9875: Processed 8530 samples out of 10000, 0 errors
04:59:51,640 INFO Experiment.PerfCost-9875: Processed 8540 samples out of 10000, 0 errors
05:00:01,972 INFO Experiment.PerfCost-9875: Processed 8550 samples out of 10000, 0 errors
05:00:12,317 INFO Experiment.PerfCost-9875: Processed 8560 samples out of 10000, 0 errors
05:00:22,661 INFO Experiment.PerfCost-9875: Processed 8570 samples out of 10000, 0 errors
05:00:33,19 INFO Experiment.PerfCost-9875: Processed 8580 samples out of 10000, 0 errors
05:00:43,366 INFO Experiment.PerfCost-9875: Processed 8590 samples out of 10000, 0 errors
05:00:53,714 INFO Experiment.PerfCost-9875: Processed 8600 samples out of 10000, 0 errors
05:01:04,66 INFO Experiment.PerfCost-9875: Processed 8610 samples out of 10000, 0 errors
05:01:14,405 INFO Experiment.PerfCost-9875: Processed 8620 samples out of 10000, 0 errors
05:01:24,740 INFO Experiment.PerfCost-9875: Processed 8630 samples out of 10000, 0 errors
05:01:35,78 INFO Experiment.PerfCost-9875: Processed 8640 samples out of 10000, 0 errors
05:01:45,434 INFO Experiment.PerfCost-9875: Processed 8650 samples out of 10000, 0 errors
05:01:55,758 INFO Experiment.PerfCost-9875: Processed 8660 samples out of 10000, 0 errors
05:02:06,92 INFO Experiment.PerfCost-9875: Processed 8670 samples out of 10000, 0 errors
05:02:16,436 INFO Experiment.PerfCost-9875: Processed 8680 samples out of 10000, 0 errors
05:02:26,791 INFO Experiment.PerfCost-9875: Processed 8690 samples out of 10000, 0 errors
05:02:37,131 INFO Experiment.PerfCost-9875: Processed 8700 samples out of 10000, 0 errors
05:02:47,468 INFO Experiment.PerfCost-9875: Processed 8710 samples out of 10000, 0 errors
05:02:57,796 INFO Experiment.PerfCost-9875: Processed 8720 samples out of 10000, 0 errors
05:03:08,131 INFO Experiment.PerfCost-9875: Processed 8730 samples out of 10000, 0 errors
05:03:18,474 INFO Experiment.PerfCost-9875: Processed 8740 samples out of 10000, 0 errors
05:03:28,818 INFO Experiment.PerfCost-9875: Processed 8750 samples out of 10000, 0 errors
05:03:39,133 INFO Experiment.PerfCost-9875: Processed 8760 samples out of 10000, 0 errors
05:03:49,464 INFO Experiment.PerfCost-9875: Processed 8770 samples out of 10000, 0 errors
05:03:59,807 INFO Experiment.PerfCost-9875: Processed 8780 samples out of 10000, 0 errors
05:04:10,158 INFO Experiment.PerfCost-9875: Processed 8790 samples out of 10000, 0 errors
05:04:20,500 INFO Experiment.PerfCost-9875: Processed 8800 samples out of 10000, 0 errors
05:04:30,848 INFO Experiment.PerfCost-9875: Processed 8810 samples out of 10000, 0 errors
05:04:41,197 INFO Experiment.PerfCost-9875: Processed 8820 samples out of 10000, 0 errors
05:04:51,527 INFO Experiment.PerfCost-9875: Processed 8830 samples out of 10000, 0 errors
05:05:01,879 INFO Experiment.PerfCost-9875: Processed 8840 samples out of 10000, 0 errors
05:05:12,231 INFO Experiment.PerfCost-9875: Processed 8850 samples out of 10000, 0 errors
05:05:22,582 INFO Experiment.PerfCost-9875: Processed 8860 samples out of 10000, 0 errors
05:05:32,912 INFO Experiment.PerfCost-9875: Processed 8870 samples out of 10000, 0 errors
05:05:43,277 INFO Experiment.PerfCost-9875: Processed 8880 samples out of 10000, 0 errors
05:05:53,620 INFO Experiment.PerfCost-9875: Processed 8890 samples out of 10000, 0 errors
05:06:03,972 INFO Experiment.PerfCost-9875: Processed 8900 samples out of 10000, 0 errors
05:06:14,315 INFO Experiment.PerfCost-9875: Processed 8910 samples out of 10000, 0 errors
05:06:24,655 INFO Experiment.PerfCost-9875: Processed 8920 samples out of 10000, 0 errors
05:06:34,996 INFO Experiment.PerfCost-9875: Processed 8930 samples out of 10000, 0 errors
05:06:45,359 INFO Experiment.PerfCost-9875: Processed 8940 samples out of 10000, 0 errors
05:06:55,712 INFO Experiment.PerfCost-9875: Processed 8950 samples out of 10000, 0 errors
05:07:06,40 INFO Experiment.PerfCost-9875: Processed 8960 samples out of 10000, 0 errors
05:07:16,372 INFO Experiment.PerfCost-9875: Processed 8970 samples out of 10000, 0 errors
05:07:26,720 INFO Experiment.PerfCost-9875: Processed 8980 samples out of 10000, 0 errors
05:07:37,49 INFO Experiment.PerfCost-9875: Processed 8990 samples out of 10000, 0 errors
05:07:47,400 INFO Experiment.PerfCost-9875: Processed 9000 samples out of 10000, 0 errors
05:07:57,744 INFO Experiment.PerfCost-9875: Processed 9010 samples out of 10000, 0 errors
05:08:08,77 INFO Experiment.PerfCost-9875: Processed 9020 samples out of 10000, 0 errors
05:08:18,414 INFO Experiment.PerfCost-9875: Processed 9030 samples out of 10000, 0 errors
05:08:28,768 INFO Experiment.PerfCost-9875: Processed 9040 samples out of 10000, 0 errors
05:08:39,97 INFO Experiment.PerfCost-9875: Processed 9050 samples out of 10000, 0 errors
05:08:49,446 INFO Experiment.PerfCost-9875: Processed 9060 samples out of 10000, 0 errors
05:08:59,779 INFO Experiment.PerfCost-9875: Processed 9070 samples out of 10000, 0 errors
05:09:10,117 INFO Experiment.PerfCost-9875: Processed 9080 samples out of 10000, 0 errors
05:09:20,452 INFO Experiment.PerfCost-9875: Processed 9090 samples out of 10000, 0 errors
05:09:30,828 INFO Experiment.PerfCost-9875: Processed 9100 samples out of 10000, 0 errors
05:09:41,171 INFO Experiment.PerfCost-9875: Processed 9110 samples out of 10000, 0 errors
05:09:51,500 INFO Experiment.PerfCost-9875: Processed 9120 samples out of 10000, 0 errors
05:10:01,852 INFO Experiment.PerfCost-9875: Processed 9130 samples out of 10000, 0 errors
05:10:12,194 INFO Experiment.PerfCost-9875: Processed 9140 samples out of 10000, 0 errors
05:10:22,538 INFO Experiment.PerfCost-9875: Processed 9150 samples out of 10000, 0 errors
05:10:32,883 INFO Experiment.PerfCost-9875: Processed 9160 samples out of 10000, 0 errors
05:10:43,227 INFO Experiment.PerfCost-9875: Processed 9170 samples out of 10000, 0 errors
05:10:53,591 INFO Experiment.PerfCost-9875: Processed 9180 samples out of 10000, 0 errors
05:11:03,931 INFO Experiment.PerfCost-9875: Processed 9190 samples out of 10000, 0 errors
05:11:14,275 INFO Experiment.PerfCost-9875: Processed 9200 samples out of 10000, 0 errors
05:11:24,607 INFO Experiment.PerfCost-9875: Processed 9210 samples out of 10000, 0 errors
05:11:34,972 INFO Experiment.PerfCost-9875: Processed 9220 samples out of 10000, 0 errors
05:11:45,314 INFO Experiment.PerfCost-9875: Processed 9230 samples out of 10000, 0 errors
05:11:55,662 INFO Experiment.PerfCost-9875: Processed 9240 samples out of 10000, 0 errors
05:12:06,21 INFO Experiment.PerfCost-9875: Processed 9250 samples out of 10000, 0 errors
05:12:16,350 INFO Experiment.PerfCost-9875: Processed 9260 samples out of 10000, 0 errors
05:12:26,692 INFO Experiment.PerfCost-9875: Processed 9270 samples out of 10000, 0 errors
05:12:37,52 INFO Experiment.PerfCost-9875: Processed 9280 samples out of 10000, 0 errors
05:12:47,427 INFO Experiment.PerfCost-9875: Processed 9290 samples out of 10000, 0 errors
05:12:57,787 INFO Experiment.PerfCost-9875: Processed 9300 samples out of 10000, 0 errors
05:13:08,152 INFO Experiment.PerfCost-9875: Processed 9310 samples out of 10000, 0 errors
05:13:18,484 INFO Experiment.PerfCost-9875: Processed 9320 samples out of 10000, 0 errors
05:13:28,813 INFO Experiment.PerfCost-9875: Processed 9330 samples out of 10000, 0 errors
05:13:39,179 INFO Experiment.PerfCost-9875: Processed 9340 samples out of 10000, 0 errors
05:13:49,523 INFO Experiment.PerfCost-9875: Processed 9350 samples out of 10000, 0 errors
05:13:59,872 INFO Experiment.PerfCost-9875: Processed 9360 samples out of 10000, 0 errors
05:14:10,223 INFO Experiment.PerfCost-9875: Processed 9370 samples out of 10000, 0 errors
05:14:20,578 INFO Experiment.PerfCost-9875: Processed 9380 samples out of 10000, 0 errors
05:14:30,904 INFO Experiment.PerfCost-9875: Processed 9390 samples out of 10000, 0 errors
05:14:41,228 INFO Experiment.PerfCost-9875: Processed 9400 samples out of 10000, 0 errors
05:14:51,559 INFO Experiment.PerfCost-9875: Processed 9410 samples out of 10000, 0 errors
05:15:01,934 INFO Experiment.PerfCost-9875: Processed 9420 samples out of 10000, 0 errors
05:15:12,283 INFO Experiment.PerfCost-9875: Processed 9430 samples out of 10000, 0 errors
05:15:22,655 INFO Experiment.PerfCost-9875: Processed 9440 samples out of 10000, 0 errors
05:15:32,984 INFO Experiment.PerfCost-9875: Processed 9450 samples out of 10000, 0 errors
05:15:43,335 INFO Experiment.PerfCost-9875: Processed 9460 samples out of 10000, 0 errors
05:15:53,704 INFO Experiment.PerfCost-9875: Processed 9470 samples out of 10000, 0 errors
05:16:04,69 INFO Experiment.PerfCost-9875: Processed 9480 samples out of 10000, 0 errors
05:16:14,420 INFO Experiment.PerfCost-9875: Processed 9490 samples out of 10000, 0 errors
05:16:24,758 INFO Experiment.PerfCost-9875: Processed 9500 samples out of 10000, 0 errors
05:16:35,102 INFO Experiment.PerfCost-9875: Processed 9510 samples out of 10000, 0 errors
05:16:45,463 INFO Experiment.PerfCost-9875: Processed 9520 samples out of 10000, 0 errors
05:16:55,808 INFO Experiment.PerfCost-9875: Processed 9530 samples out of 10000, 0 errors
05:17:06,153 INFO Experiment.PerfCost-9875: Processed 9540 samples out of 10000, 0 errors
05:17:16,498 INFO Experiment.PerfCost-9875: Processed 9550 samples out of 10000, 0 errors
05:17:26,832 INFO Experiment.PerfCost-9875: Processed 9560 samples out of 10000, 0 errors
05:17:37,181 INFO Experiment.PerfCost-9875: Processed 9570 samples out of 10000, 0 errors
05:17:47,532 INFO Experiment.PerfCost-9875: Processed 9580 samples out of 10000, 0 errors
05:17:57,869 INFO Experiment.PerfCost-9875: Processed 9590 samples out of 10000, 0 errors
05:18:08,200 INFO Experiment.PerfCost-9875: Processed 9600 samples out of 10000, 0 errors
05:18:18,542 INFO Experiment.PerfCost-9875: Processed 9610 samples out of 10000, 0 errors
05:18:28,885 INFO Experiment.PerfCost-9875: Processed 9620 samples out of 10000, 0 errors
05:18:39,217 INFO Experiment.PerfCost-9875: Processed 9630 samples out of 10000, 0 errors
05:18:49,540 INFO Experiment.PerfCost-9875: Processed 9640 samples out of 10000, 0 errors
05:18:59,883 INFO Experiment.PerfCost-9875: Processed 9650 samples out of 10000, 0 errors
05:19:10,230 INFO Experiment.PerfCost-9875: Processed 9660 samples out of 10000, 0 errors
05:19:20,576 INFO Experiment.PerfCost-9875: Processed 9670 samples out of 10000, 0 errors
05:19:30,917 INFO Experiment.PerfCost-9875: Processed 9680 samples out of 10000, 0 errors
05:19:41,261 INFO Experiment.PerfCost-9875: Processed 9690 samples out of 10000, 0 errors
05:19:51,631 INFO Experiment.PerfCost-9875: Processed 9700 samples out of 10000, 0 errors
05:20:01,995 INFO Experiment.PerfCost-9875: Processed 9710 samples out of 10000, 0 errors
05:20:12,332 INFO Experiment.PerfCost-9875: Processed 9720 samples out of 10000, 0 errors
05:20:22,714 INFO Experiment.PerfCost-9875: Processed 9730 samples out of 10000, 0 errors
05:20:33,89 INFO Experiment.PerfCost-9875: Processed 9740 samples out of 10000, 0 errors
05:20:43,427 INFO Experiment.PerfCost-9875: Processed 9750 samples out of 10000, 0 errors
05:20:53,810 INFO Experiment.PerfCost-9875: Processed 9760 samples out of 10000, 0 errors
05:21:04,154 INFO Experiment.PerfCost-9875: Processed 9770 samples out of 10000, 0 errors
05:21:14,478 INFO Experiment.PerfCost-9875: Processed 9780 samples out of 10000, 0 errors
05:21:24,838 INFO Experiment.PerfCost-9875: Processed 9790 samples out of 10000, 0 errors
05:21:35,187 INFO Experiment.PerfCost-9875: Processed 9800 samples out of 10000, 0 errors
05:21:45,547 INFO Experiment.PerfCost-9875: Processed 9810 samples out of 10000, 0 errors
05:21:55,880 INFO Experiment.PerfCost-9875: Processed 9820 samples out of 10000, 0 errors
05:22:06,241 INFO Experiment.PerfCost-9875: Processed 9830 samples out of 10000, 0 errors
05:22:16,583 INFO Experiment.PerfCost-9875: Processed 9840 samples out of 10000, 0 errors
05:22:26,930 INFO Experiment.PerfCost-9875: Processed 9850 samples out of 10000, 0 errors
05:22:37,294 INFO Experiment.PerfCost-9875: Processed 9860 samples out of 10000, 0 errors
05:22:47,625 INFO Experiment.PerfCost-9875: Processed 9870 samples out of 10000, 0 errors
05:22:57,974 INFO Experiment.PerfCost-9875: Processed 9880 samples out of 10000, 0 errors
05:23:08,327 INFO Experiment.PerfCost-9875: Processed 9890 samples out of 10000, 0 errors
05:23:18,666 INFO Experiment.PerfCost-9875: Processed 9900 samples out of 10000, 0 errors
05:23:29,22 INFO Experiment.PerfCost-9875: Processed 9910 samples out of 10000, 0 errors
05:23:39,361 INFO Experiment.PerfCost-9875: Processed 9920 samples out of 10000, 0 errors
05:23:49,710 INFO Experiment.PerfCost-9875: Processed 9930 samples out of 10000, 0 errors
05:24:00,56 INFO Experiment.PerfCost-9875: Processed 9940 samples out of 10000, 0 errors
05:24:10,387 INFO Experiment.PerfCost-9875: Processed 9950 samples out of 10000, 0 errors
05:24:20,739 INFO Experiment.PerfCost-9875: Processed 9960 samples out of 10000, 0 errors
05:24:31,100 INFO Experiment.PerfCost-9875: Processed 9970 samples out of 10000, 0 errors
05:24:41,436 INFO Experiment.PerfCost-9875: Processed 9980 samples out of 10000, 0 errors
05:24:51,779 INFO Experiment.PerfCost-9875: Processed 9990 samples out of 10000, 0 errors
05:25:02,170 INFO Experiment.PerfCost-9875: Processed 10000 samples out of 10000, 0 errors
05:25:07,184 INFO Experiment.PerfCost-9875: Mean 202.74275070000002 [ms], median 215.2095 [ms], std 74.07419093559747, CV 36.536049096623735
05:25:07,190 INFO Experiment.PerfCost-9875: Parametric CI (Student's t-distribution) 0.95 from 201.29067486765632 to 204.1948265323437, within 0.7162159077600475% of mean
05:25:07,193 INFO Experiment.PerfCost-9875: Non-parametric CI 0.95 from 214.25 to 215.895, within 0.38218573064851% of median
05:25:07,196 INFO Experiment.PerfCost-9875: Parametric CI (Student's t-distribution) 0.99 from 200.83426626573367 to 204.65123513426636, within 0.9413330082959861% of mean
05:25:07,199 INFO Experiment.PerfCost-9875: Non-parametric CI 0.99 from 213.964 to 216.124, within 0.5018365824928724% of median
