20:53:23,452 INFO SeBS-7d44: Created experiment output at /home/anou/msc-thesis/task-based-experiment/experiment-results/python/non-instrumented/110.dynamic-html
20:53:23,801 INFO OpenWhisk.Resources-5488: Using user-provided configuration of storage for OpenWhisk.
20:53:23,802 INFO OpenWhisk-fbf5: Using existing resource name: fd5e1ae0.
20:53:23,911 INFO Benchmark-664b: Using cached benchmark 110.dynamic-html at /home/anou/msc-thesis/task-based-experiment/cache/110.dynamic-html/openwhisk/python/3.7/110.dynamic-html.zip
20:53:23,912 INFO OpenWhisk-fbf5: Using cached function 110.dynamic-html-python-3.7 in /home/anou/msc-thesis/task-based-experiment/cache/110.dynamic-html/openwhisk/python/3.7/110.dynamic-html.zip
20:53:23,932 INFO OpenWhisk-fbf5: Cached function 110.dynamic-html-python-3.7 is up to date.
20:53:23,936 INFO Experiment.PerfCost-40b9: Begin experiment on memory size 128
20:53:23,936 INFO OpenWhisk-fbf5: Update an existing OpenWhisk action 110.dynamic-html-python-3.7.
20:53:24,118 INFO Experiment.PerfCost-40b9: Begin warm experiments
20:53:31,923 INFO Experiment.PerfCost-40b9: Processed 0 warm-up samples, ignoring these results.
20:53:42,15 INFO Experiment.PerfCost-40b9: Processed 10 samples out of 10000, 0 errors
20:53:52,108 INFO Experiment.PerfCost-40b9: Processed 20 samples out of 10000, 0 errors
20:54:02,192 INFO Experiment.PerfCost-40b9: Processed 30 samples out of 10000, 0 errors
20:54:12,288 INFO Experiment.PerfCost-40b9: Processed 40 samples out of 10000, 0 errors
20:54:22,374 INFO Experiment.PerfCost-40b9: Processed 50 samples out of 10000, 0 errors
20:54:32,471 INFO Experiment.PerfCost-40b9: Processed 60 samples out of 10000, 0 errors
20:54:42,577 INFO Experiment.PerfCost-40b9: Processed 70 samples out of 10000, 0 errors
20:54:52,669 INFO Experiment.PerfCost-40b9: Processed 80 samples out of 10000, 0 errors
20:55:02,754 INFO Experiment.PerfCost-40b9: Processed 90 samples out of 10000, 0 errors
20:55:12,841 INFO Experiment.PerfCost-40b9: Processed 100 samples out of 10000, 0 errors
20:55:22,975 INFO Experiment.PerfCost-40b9: Processed 110 samples out of 10000, 0 errors
20:55:33,76 INFO Experiment.PerfCost-40b9: Processed 120 samples out of 10000, 0 errors
20:55:43,174 INFO Experiment.PerfCost-40b9: Processed 130 samples out of 10000, 0 errors
20:55:53,266 INFO Experiment.PerfCost-40b9: Processed 140 samples out of 10000, 0 errors
20:56:03,363 INFO Experiment.PerfCost-40b9: Processed 150 samples out of 10000, 0 errors
20:56:13,448 INFO Experiment.PerfCost-40b9: Processed 160 samples out of 10000, 0 errors
20:56:23,539 INFO Experiment.PerfCost-40b9: Processed 170 samples out of 10000, 0 errors
20:56:33,642 INFO Experiment.PerfCost-40b9: Processed 180 samples out of 10000, 0 errors
20:56:43,734 INFO Experiment.PerfCost-40b9: Processed 190 samples out of 10000, 0 errors
20:56:53,826 INFO Experiment.PerfCost-40b9: Processed 200 samples out of 10000, 0 errors
20:57:03,919 INFO Experiment.PerfCost-40b9: Processed 210 samples out of 10000, 0 errors
20:57:14,12 INFO Experiment.PerfCost-40b9: Processed 220 samples out of 10000, 0 errors
20:57:24,106 INFO Experiment.PerfCost-40b9: Processed 230 samples out of 10000, 0 errors
20:57:34,193 INFO Experiment.PerfCost-40b9: Processed 240 samples out of 10000, 0 errors
20:57:44,290 INFO Experiment.PerfCost-40b9: Processed 250 samples out of 10000, 0 errors
20:57:54,377 INFO Experiment.PerfCost-40b9: Processed 260 samples out of 10000, 0 errors
20:58:04,465 INFO Experiment.PerfCost-40b9: Processed 270 samples out of 10000, 0 errors
20:58:14,557 INFO Experiment.PerfCost-40b9: Processed 280 samples out of 10000, 0 errors
20:58:24,669 INFO Experiment.PerfCost-40b9: Processed 290 samples out of 10000, 0 errors
20:58:34,776 INFO Experiment.PerfCost-40b9: Processed 300 samples out of 10000, 0 errors
20:58:44,866 INFO Experiment.PerfCost-40b9: Processed 310 samples out of 10000, 0 errors
20:58:54,954 INFO Experiment.PerfCost-40b9: Processed 320 samples out of 10000, 0 errors
20:59:05,51 INFO Experiment.PerfCost-40b9: Processed 330 samples out of 10000, 0 errors
20:59:15,141 INFO Experiment.PerfCost-40b9: Processed 340 samples out of 10000, 0 errors
20:59:25,249 INFO Experiment.PerfCost-40b9: Processed 350 samples out of 10000, 0 errors
20:59:35,343 INFO Experiment.PerfCost-40b9: Processed 360 samples out of 10000, 0 errors
20:59:45,461 INFO Experiment.PerfCost-40b9: Processed 370 samples out of 10000, 0 errors
20:59:55,556 INFO Experiment.PerfCost-40b9: Processed 380 samples out of 10000, 0 errors
21:00:05,668 INFO Experiment.PerfCost-40b9: Processed 390 samples out of 10000, 0 errors
21:00:15,765 INFO Experiment.PerfCost-40b9: Processed 400 samples out of 10000, 0 errors
21:00:25,881 INFO Experiment.PerfCost-40b9: Processed 410 samples out of 10000, 0 errors
21:00:35,987 INFO Experiment.PerfCost-40b9: Processed 420 samples out of 10000, 0 errors
21:00:46,86 INFO Experiment.PerfCost-40b9: Processed 430 samples out of 10000, 0 errors
21:00:56,172 INFO Experiment.PerfCost-40b9: Processed 440 samples out of 10000, 0 errors
21:01:06,269 INFO Experiment.PerfCost-40b9: Processed 450 samples out of 10000, 0 errors
21:01:16,359 INFO Experiment.PerfCost-40b9: Processed 460 samples out of 10000, 0 errors
21:01:26,459 INFO Experiment.PerfCost-40b9: Processed 470 samples out of 10000, 0 errors
21:01:36,549 INFO Experiment.PerfCost-40b9: Processed 480 samples out of 10000, 0 errors
21:01:46,655 INFO Experiment.PerfCost-40b9: Processed 490 samples out of 10000, 0 errors
21:01:56,749 INFO Experiment.PerfCost-40b9: Processed 500 samples out of 10000, 0 errors
21:02:06,847 INFO Experiment.PerfCost-40b9: Processed 510 samples out of 10000, 0 errors
21:02:16,948 INFO Experiment.PerfCost-40b9: Processed 520 samples out of 10000, 0 errors
21:02:27,40 INFO Experiment.PerfCost-40b9: Processed 530 samples out of 10000, 0 errors
21:02:37,142 INFO Experiment.PerfCost-40b9: Processed 540 samples out of 10000, 0 errors
21:02:47,241 INFO Experiment.PerfCost-40b9: Processed 550 samples out of 10000, 0 errors
21:02:57,329 INFO Experiment.PerfCost-40b9: Processed 560 samples out of 10000, 0 errors
21:03:07,420 INFO Experiment.PerfCost-40b9: Processed 570 samples out of 10000, 0 errors
21:03:17,507 INFO Experiment.PerfCost-40b9: Processed 580 samples out of 10000, 0 errors
21:03:27,603 INFO Experiment.PerfCost-40b9: Processed 590 samples out of 10000, 0 errors
21:03:37,700 INFO Experiment.PerfCost-40b9: Processed 600 samples out of 10000, 0 errors
21:03:47,815 INFO Experiment.PerfCost-40b9: Processed 610 samples out of 10000, 0 errors
21:03:57,914 INFO Experiment.PerfCost-40b9: Processed 620 samples out of 10000, 0 errors
21:04:07,999 INFO Experiment.PerfCost-40b9: Processed 630 samples out of 10000, 0 errors
21:04:18,130 INFO Experiment.PerfCost-40b9: Processed 640 samples out of 10000, 0 errors
21:04:28,223 INFO Experiment.PerfCost-40b9: Processed 650 samples out of 10000, 0 errors
21:04:38,313 INFO Experiment.PerfCost-40b9: Processed 660 samples out of 10000, 0 errors
21:04:48,405 INFO Experiment.PerfCost-40b9: Processed 670 samples out of 10000, 0 errors
21:04:58,508 INFO Experiment.PerfCost-40b9: Processed 680 samples out of 10000, 0 errors
21:05:08,604 INFO Experiment.PerfCost-40b9: Processed 690 samples out of 10000, 0 errors
21:05:18,703 INFO Experiment.PerfCost-40b9: Processed 700 samples out of 10000, 0 errors
21:05:28,828 INFO Experiment.PerfCost-40b9: Processed 710 samples out of 10000, 0 errors
21:05:38,924 INFO Experiment.PerfCost-40b9: Processed 720 samples out of 10000, 0 errors
21:05:49,25 INFO Experiment.PerfCost-40b9: Processed 730 samples out of 10000, 0 errors
21:05:59,116 INFO Experiment.PerfCost-40b9: Processed 740 samples out of 10000, 0 errors
21:06:09,216 INFO Experiment.PerfCost-40b9: Processed 750 samples out of 10000, 0 errors
21:06:19,313 INFO Experiment.PerfCost-40b9: Processed 760 samples out of 10000, 0 errors
21:06:29,413 INFO Experiment.PerfCost-40b9: Processed 770 samples out of 10000, 0 errors
21:06:39,517 INFO Experiment.PerfCost-40b9: Processed 780 samples out of 10000, 0 errors
21:06:49,613 INFO Experiment.PerfCost-40b9: Processed 790 samples out of 10000, 0 errors
21:06:59,709 INFO Experiment.PerfCost-40b9: Processed 800 samples out of 10000, 0 errors
21:07:09,803 INFO Experiment.PerfCost-40b9: Processed 810 samples out of 10000, 0 errors
21:07:19,886 INFO Experiment.PerfCost-40b9: Processed 820 samples out of 10000, 0 errors
21:07:29,979 INFO Experiment.PerfCost-40b9: Processed 830 samples out of 10000, 0 errors
21:07:40,81 INFO Experiment.PerfCost-40b9: Processed 840 samples out of 10000, 0 errors
21:07:50,180 INFO Experiment.PerfCost-40b9: Processed 850 samples out of 10000, 0 errors
21:08:00,274 INFO Experiment.PerfCost-40b9: Processed 860 samples out of 10000, 0 errors
21:08:10,363 INFO Experiment.PerfCost-40b9: Processed 870 samples out of 10000, 0 errors
21:08:20,465 INFO Experiment.PerfCost-40b9: Processed 880 samples out of 10000, 0 errors
21:08:30,566 INFO Experiment.PerfCost-40b9: Processed 890 samples out of 10000, 0 errors
21:08:40,657 INFO Experiment.PerfCost-40b9: Processed 900 samples out of 10000, 0 errors
21:08:50,768 INFO Experiment.PerfCost-40b9: Processed 910 samples out of 10000, 0 errors
21:09:00,869 INFO Experiment.PerfCost-40b9: Processed 920 samples out of 10000, 0 errors
21:09:10,960 INFO Experiment.PerfCost-40b9: Processed 930 samples out of 10000, 0 errors
21:09:21,56 INFO Experiment.PerfCost-40b9: Processed 940 samples out of 10000, 0 errors
21:09:31,163 INFO Experiment.PerfCost-40b9: Processed 950 samples out of 10000, 0 errors
21:09:41,274 INFO Experiment.PerfCost-40b9: Processed 960 samples out of 10000, 0 errors
21:09:51,365 INFO Experiment.PerfCost-40b9: Processed 970 samples out of 10000, 0 errors
21:10:01,456 INFO Experiment.PerfCost-40b9: Processed 980 samples out of 10000, 0 errors
21:10:11,554 INFO Experiment.PerfCost-40b9: Processed 990 samples out of 10000, 0 errors
21:10:21,652 INFO Experiment.PerfCost-40b9: Processed 1000 samples out of 10000, 0 errors
21:10:31,783 INFO Experiment.PerfCost-40b9: Processed 1010 samples out of 10000, 0 errors
21:10:41,894 INFO Experiment.PerfCost-40b9: Processed 1020 samples out of 10000, 0 errors
21:10:51,997 INFO Experiment.PerfCost-40b9: Processed 1030 samples out of 10000, 0 errors
21:11:02,95 INFO Experiment.PerfCost-40b9: Processed 1040 samples out of 10000, 0 errors
21:11:12,191 INFO Experiment.PerfCost-40b9: Processed 1050 samples out of 10000, 0 errors
21:11:22,304 INFO Experiment.PerfCost-40b9: Processed 1060 samples out of 10000, 0 errors
21:11:32,395 INFO Experiment.PerfCost-40b9: Processed 1070 samples out of 10000, 0 errors
21:11:42,502 INFO Experiment.PerfCost-40b9: Processed 1080 samples out of 10000, 0 errors
21:11:52,599 INFO Experiment.PerfCost-40b9: Processed 1090 samples out of 10000, 0 errors
21:12:02,704 INFO Experiment.PerfCost-40b9: Processed 1100 samples out of 10000, 0 errors
21:12:12,808 INFO Experiment.PerfCost-40b9: Processed 1110 samples out of 10000, 0 errors
21:12:22,917 INFO Experiment.PerfCost-40b9: Processed 1120 samples out of 10000, 0 errors
21:12:33,9 INFO Experiment.PerfCost-40b9: Processed 1130 samples out of 10000, 0 errors
21:12:43,112 INFO Experiment.PerfCost-40b9: Processed 1140 samples out of 10000, 0 errors
21:12:53,211 INFO Experiment.PerfCost-40b9: Processed 1150 samples out of 10000, 0 errors
21:13:03,309 INFO Experiment.PerfCost-40b9: Processed 1160 samples out of 10000, 0 errors
21:13:13,411 INFO Experiment.PerfCost-40b9: Processed 1170 samples out of 10000, 0 errors
21:13:23,522 INFO Experiment.PerfCost-40b9: Processed 1180 samples out of 10000, 0 errors
21:13:33,614 INFO Experiment.PerfCost-40b9: Processed 1190 samples out of 10000, 0 errors
21:13:43,711 INFO Experiment.PerfCost-40b9: Processed 1200 samples out of 10000, 0 errors
21:13:53,811 INFO Experiment.PerfCost-40b9: Processed 1210 samples out of 10000, 0 errors
21:14:03,912 INFO Experiment.PerfCost-40b9: Processed 1220 samples out of 10000, 0 errors
21:14:14,6 INFO Experiment.PerfCost-40b9: Processed 1230 samples out of 10000, 0 errors
21:14:24,106 INFO Experiment.PerfCost-40b9: Processed 1240 samples out of 10000, 0 errors
21:14:34,202 INFO Experiment.PerfCost-40b9: Processed 1250 samples out of 10000, 0 errors
21:14:44,337 INFO Experiment.PerfCost-40b9: Processed 1260 samples out of 10000, 0 errors
21:14:54,440 INFO Experiment.PerfCost-40b9: Processed 1270 samples out of 10000, 0 errors
21:15:04,534 INFO Experiment.PerfCost-40b9: Processed 1280 samples out of 10000, 0 errors
21:15:14,627 INFO Experiment.PerfCost-40b9: Processed 1290 samples out of 10000, 0 errors
21:15:24,726 INFO Experiment.PerfCost-40b9: Processed 1300 samples out of 10000, 0 errors
21:15:34,849 INFO Experiment.PerfCost-40b9: Processed 1310 samples out of 10000, 0 errors
21:15:44,963 INFO Experiment.PerfCost-40b9: Processed 1320 samples out of 10000, 0 errors
21:15:55,57 INFO Experiment.PerfCost-40b9: Processed 1330 samples out of 10000, 0 errors
21:16:05,160 INFO Experiment.PerfCost-40b9: Processed 1340 samples out of 10000, 0 errors
21:16:15,259 INFO Experiment.PerfCost-40b9: Processed 1350 samples out of 10000, 0 errors
21:16:25,363 INFO Experiment.PerfCost-40b9: Processed 1360 samples out of 10000, 0 errors
21:16:35,464 INFO Experiment.PerfCost-40b9: Processed 1370 samples out of 10000, 0 errors
21:16:45,560 INFO Experiment.PerfCost-40b9: Processed 1380 samples out of 10000, 0 errors
21:16:55,651 INFO Experiment.PerfCost-40b9: Processed 1390 samples out of 10000, 0 errors
21:17:05,758 INFO Experiment.PerfCost-40b9: Processed 1400 samples out of 10000, 0 errors
21:17:15,859 INFO Experiment.PerfCost-40b9: Processed 1410 samples out of 10000, 0 errors
21:17:25,947 INFO Experiment.PerfCost-40b9: Processed 1420 samples out of 10000, 0 errors
21:17:36,41 INFO Experiment.PerfCost-40b9: Processed 1430 samples out of 10000, 0 errors
21:17:46,142 INFO Experiment.PerfCost-40b9: Processed 1440 samples out of 10000, 0 errors
21:17:56,248 INFO Experiment.PerfCost-40b9: Processed 1450 samples out of 10000, 0 errors
21:18:06,349 INFO Experiment.PerfCost-40b9: Processed 1460 samples out of 10000, 0 errors
21:18:16,452 INFO Experiment.PerfCost-40b9: Processed 1470 samples out of 10000, 0 errors
21:18:26,538 INFO Experiment.PerfCost-40b9: Processed 1480 samples out of 10000, 0 errors
21:18:36,653 INFO Experiment.PerfCost-40b9: Processed 1490 samples out of 10000, 0 errors
21:18:46,751 INFO Experiment.PerfCost-40b9: Processed 1500 samples out of 10000, 0 errors
21:18:56,847 INFO Experiment.PerfCost-40b9: Processed 1510 samples out of 10000, 0 errors
21:19:06,962 INFO Experiment.PerfCost-40b9: Processed 1520 samples out of 10000, 0 errors
21:19:17,59 INFO Experiment.PerfCost-40b9: Processed 1530 samples out of 10000, 0 errors
21:19:27,163 INFO Experiment.PerfCost-40b9: Processed 1540 samples out of 10000, 0 errors
21:19:37,262 INFO Experiment.PerfCost-40b9: Processed 1550 samples out of 10000, 0 errors
21:19:47,360 INFO Experiment.PerfCost-40b9: Processed 1560 samples out of 10000, 0 errors
21:19:57,457 INFO Experiment.PerfCost-40b9: Processed 1570 samples out of 10000, 0 errors
21:20:07,560 INFO Experiment.PerfCost-40b9: Processed 1580 samples out of 10000, 0 errors
21:20:17,656 INFO Experiment.PerfCost-40b9: Processed 1590 samples out of 10000, 0 errors
21:20:27,750 INFO Experiment.PerfCost-40b9: Processed 1600 samples out of 10000, 0 errors
21:20:37,880 INFO Experiment.PerfCost-40b9: Processed 1610 samples out of 10000, 0 errors
21:20:47,975 INFO Experiment.PerfCost-40b9: Processed 1620 samples out of 10000, 0 errors
21:20:58,82 INFO Experiment.PerfCost-40b9: Processed 1630 samples out of 10000, 0 errors
21:21:08,173 INFO Experiment.PerfCost-40b9: Processed 1640 samples out of 10000, 0 errors
21:21:18,272 INFO Experiment.PerfCost-40b9: Processed 1650 samples out of 10000, 0 errors
21:21:28,358 INFO Experiment.PerfCost-40b9: Processed 1660 samples out of 10000, 0 errors
21:21:38,467 INFO Experiment.PerfCost-40b9: Processed 1670 samples out of 10000, 0 errors
21:21:48,566 INFO Experiment.PerfCost-40b9: Processed 1680 samples out of 10000, 0 errors
21:21:58,658 INFO Experiment.PerfCost-40b9: Processed 1690 samples out of 10000, 0 errors
21:22:08,750 INFO Experiment.PerfCost-40b9: Processed 1700 samples out of 10000, 0 errors
21:22:18,854 INFO Experiment.PerfCost-40b9: Processed 1710 samples out of 10000, 0 errors
21:22:28,951 INFO Experiment.PerfCost-40b9: Processed 1720 samples out of 10000, 0 errors
21:22:39,61 INFO Experiment.PerfCost-40b9: Processed 1730 samples out of 10000, 0 errors
21:22:49,169 INFO Experiment.PerfCost-40b9: Processed 1740 samples out of 10000, 0 errors
21:22:59,279 INFO Experiment.PerfCost-40b9: Processed 1750 samples out of 10000, 0 errors
21:23:09,383 INFO Experiment.PerfCost-40b9: Processed 1760 samples out of 10000, 0 errors
21:23:19,532 INFO Experiment.PerfCost-40b9: Processed 1770 samples out of 10000, 0 errors
21:23:29,637 INFO Experiment.PerfCost-40b9: Processed 1780 samples out of 10000, 0 errors
21:23:39,745 INFO Experiment.PerfCost-40b9: Processed 1790 samples out of 10000, 0 errors
21:23:49,842 INFO Experiment.PerfCost-40b9: Processed 1800 samples out of 10000, 0 errors
21:23:59,958 INFO Experiment.PerfCost-40b9: Processed 1810 samples out of 10000, 0 errors
21:24:10,69 INFO Experiment.PerfCost-40b9: Processed 1820 samples out of 10000, 0 errors
21:24:20,178 INFO Experiment.PerfCost-40b9: Processed 1830 samples out of 10000, 0 errors
21:24:30,289 INFO Experiment.PerfCost-40b9: Processed 1840 samples out of 10000, 0 errors
21:24:40,395 INFO Experiment.PerfCost-40b9: Processed 1850 samples out of 10000, 0 errors
21:24:50,491 INFO Experiment.PerfCost-40b9: Processed 1860 samples out of 10000, 0 errors
21:25:00,587 INFO Experiment.PerfCost-40b9: Processed 1870 samples out of 10000, 0 errors
21:25:10,683 INFO Experiment.PerfCost-40b9: Processed 1880 samples out of 10000, 0 errors
21:25:20,798 INFO Experiment.PerfCost-40b9: Processed 1890 samples out of 10000, 0 errors
21:25:30,895 INFO Experiment.PerfCost-40b9: Processed 1900 samples out of 10000, 0 errors
21:25:41,25 INFO Experiment.PerfCost-40b9: Processed 1910 samples out of 10000, 0 errors
21:25:51,157 INFO Experiment.PerfCost-40b9: Processed 1920 samples out of 10000, 0 errors
21:26:01,256 INFO Experiment.PerfCost-40b9: Processed 1930 samples out of 10000, 0 errors
21:26:11,351 INFO Experiment.PerfCost-40b9: Processed 1940 samples out of 10000, 0 errors
21:26:21,450 INFO Experiment.PerfCost-40b9: Processed 1950 samples out of 10000, 0 errors
21:26:31,559 INFO Experiment.PerfCost-40b9: Processed 1960 samples out of 10000, 0 errors
21:26:41,666 INFO Experiment.PerfCost-40b9: Processed 1970 samples out of 10000, 0 errors
21:26:51,762 INFO Experiment.PerfCost-40b9: Processed 1980 samples out of 10000, 0 errors
21:27:01,867 INFO Experiment.PerfCost-40b9: Processed 1990 samples out of 10000, 0 errors
21:27:11,976 INFO Experiment.PerfCost-40b9: Processed 2000 samples out of 10000, 0 errors
21:27:22,79 INFO Experiment.PerfCost-40b9: Processed 2010 samples out of 10000, 0 errors
21:27:32,215 INFO Experiment.PerfCost-40b9: Processed 2020 samples out of 10000, 0 errors
21:27:42,330 INFO Experiment.PerfCost-40b9: Processed 2030 samples out of 10000, 0 errors
21:27:52,431 INFO Experiment.PerfCost-40b9: Processed 2040 samples out of 10000, 0 errors
21:28:02,536 INFO Experiment.PerfCost-40b9: Processed 2050 samples out of 10000, 0 errors
21:28:12,633 INFO Experiment.PerfCost-40b9: Processed 2060 samples out of 10000, 0 errors
21:28:22,741 INFO Experiment.PerfCost-40b9: Processed 2070 samples out of 10000, 0 errors
21:28:32,833 INFO Experiment.PerfCost-40b9: Processed 2080 samples out of 10000, 0 errors
21:28:42,936 INFO Experiment.PerfCost-40b9: Processed 2090 samples out of 10000, 0 errors
21:28:53,34 INFO Experiment.PerfCost-40b9: Processed 2100 samples out of 10000, 0 errors
21:29:03,133 INFO Experiment.PerfCost-40b9: Processed 2110 samples out of 10000, 0 errors
21:29:13,238 INFO Experiment.PerfCost-40b9: Processed 2120 samples out of 10000, 0 errors
21:29:23,334 INFO Experiment.PerfCost-40b9: Processed 2130 samples out of 10000, 0 errors
21:29:33,429 INFO Experiment.PerfCost-40b9: Processed 2140 samples out of 10000, 0 errors
21:29:43,531 INFO Experiment.PerfCost-40b9: Processed 2150 samples out of 10000, 0 errors
21:29:53,627 INFO Experiment.PerfCost-40b9: Processed 2160 samples out of 10000, 0 errors
21:30:03,727 INFO Experiment.PerfCost-40b9: Processed 2170 samples out of 10000, 0 errors
21:30:13,827 INFO Experiment.PerfCost-40b9: Processed 2180 samples out of 10000, 0 errors
21:30:23,924 INFO Experiment.PerfCost-40b9: Processed 2190 samples out of 10000, 0 errors
21:30:34,20 INFO Experiment.PerfCost-40b9: Processed 2200 samples out of 10000, 0 errors
21:30:44,155 INFO Experiment.PerfCost-40b9: Processed 2210 samples out of 10000, 0 errors
21:30:54,322 INFO Experiment.PerfCost-40b9: Processed 2220 samples out of 10000, 0 errors
21:31:04,420 INFO Experiment.PerfCost-40b9: Processed 2230 samples out of 10000, 0 errors
21:31:14,519 INFO Experiment.PerfCost-40b9: Processed 2240 samples out of 10000, 0 errors
21:31:24,651 INFO Experiment.PerfCost-40b9: Processed 2250 samples out of 10000, 0 errors
21:31:34,752 INFO Experiment.PerfCost-40b9: Processed 2260 samples out of 10000, 0 errors
21:31:44,850 INFO Experiment.PerfCost-40b9: Processed 2270 samples out of 10000, 0 errors
21:31:54,958 INFO Experiment.PerfCost-40b9: Processed 2280 samples out of 10000, 0 errors
21:32:05,57 INFO Experiment.PerfCost-40b9: Processed 2290 samples out of 10000, 0 errors
21:32:15,158 INFO Experiment.PerfCost-40b9: Processed 2300 samples out of 10000, 0 errors
21:32:25,258 INFO Experiment.PerfCost-40b9: Processed 2310 samples out of 10000, 0 errors
21:32:35,356 INFO Experiment.PerfCost-40b9: Processed 2320 samples out of 10000, 0 errors
21:32:45,450 INFO Experiment.PerfCost-40b9: Processed 2330 samples out of 10000, 0 errors
21:32:55,567 INFO Experiment.PerfCost-40b9: Processed 2340 samples out of 10000, 0 errors
21:33:05,663 INFO Experiment.PerfCost-40b9: Processed 2350 samples out of 10000, 0 errors
21:33:15,762 INFO Experiment.PerfCost-40b9: Processed 2360 samples out of 10000, 0 errors
21:33:25,861 INFO Experiment.PerfCost-40b9: Processed 2370 samples out of 10000, 0 errors
21:33:35,971 INFO Experiment.PerfCost-40b9: Processed 2380 samples out of 10000, 0 errors
21:33:46,105 INFO Experiment.PerfCost-40b9: Processed 2390 samples out of 10000, 0 errors
21:33:56,207 INFO Experiment.PerfCost-40b9: Processed 2400 samples out of 10000, 0 errors
21:34:06,312 INFO Experiment.PerfCost-40b9: Processed 2410 samples out of 10000, 0 errors
21:34:16,413 INFO Experiment.PerfCost-40b9: Processed 2420 samples out of 10000, 0 errors
21:34:26,505 INFO Experiment.PerfCost-40b9: Processed 2430 samples out of 10000, 0 errors
21:34:36,596 INFO Experiment.PerfCost-40b9: Processed 2440 samples out of 10000, 0 errors
21:34:46,688 INFO Experiment.PerfCost-40b9: Processed 2450 samples out of 10000, 0 errors
21:34:56,791 INFO Experiment.PerfCost-40b9: Processed 2460 samples out of 10000, 0 errors
21:35:06,892 INFO Experiment.PerfCost-40b9: Processed 2470 samples out of 10000, 0 errors
21:35:16,991 INFO Experiment.PerfCost-40b9: Processed 2480 samples out of 10000, 0 errors
21:35:27,92 INFO Experiment.PerfCost-40b9: Processed 2490 samples out of 10000, 0 errors
21:35:37,206 INFO Experiment.PerfCost-40b9: Processed 2500 samples out of 10000, 0 errors
21:35:47,330 INFO Experiment.PerfCost-40b9: Processed 2510 samples out of 10000, 0 errors
21:35:57,425 INFO Experiment.PerfCost-40b9: Processed 2520 samples out of 10000, 0 errors
21:36:07,534 INFO Experiment.PerfCost-40b9: Processed 2530 samples out of 10000, 0 errors
21:36:17,632 INFO Experiment.PerfCost-40b9: Processed 2540 samples out of 10000, 0 errors
21:36:27,732 INFO Experiment.PerfCost-40b9: Processed 2550 samples out of 10000, 0 errors
21:36:37,828 INFO Experiment.PerfCost-40b9: Processed 2560 samples out of 10000, 0 errors
21:36:47,938 INFO Experiment.PerfCost-40b9: Processed 2570 samples out of 10000, 0 errors
21:36:58,34 INFO Experiment.PerfCost-40b9: Processed 2580 samples out of 10000, 0 errors
21:37:08,124 INFO Experiment.PerfCost-40b9: Processed 2590 samples out of 10000, 0 errors
21:37:18,239 INFO Experiment.PerfCost-40b9: Processed 2600 samples out of 10000, 0 errors
21:37:28,346 INFO Experiment.PerfCost-40b9: Processed 2610 samples out of 10000, 0 errors
21:37:38,439 INFO Experiment.PerfCost-40b9: Processed 2620 samples out of 10000, 0 errors
21:37:48,548 INFO Experiment.PerfCost-40b9: Processed 2630 samples out of 10000, 0 errors
21:37:58,676 INFO Experiment.PerfCost-40b9: Processed 2640 samples out of 10000, 0 errors
21:38:08,770 INFO Experiment.PerfCost-40b9: Processed 2650 samples out of 10000, 0 errors
21:38:18,877 INFO Experiment.PerfCost-40b9: Processed 2660 samples out of 10000, 0 errors
21:38:28,975 INFO Experiment.PerfCost-40b9: Processed 2670 samples out of 10000, 0 errors
21:38:39,79 INFO Experiment.PerfCost-40b9: Processed 2680 samples out of 10000, 0 errors
21:38:49,188 INFO Experiment.PerfCost-40b9: Processed 2690 samples out of 10000, 0 errors
21:38:59,292 INFO Experiment.PerfCost-40b9: Processed 2700 samples out of 10000, 0 errors
21:39:09,391 INFO Experiment.PerfCost-40b9: Processed 2710 samples out of 10000, 0 errors
21:39:19,493 INFO Experiment.PerfCost-40b9: Processed 2720 samples out of 10000, 0 errors
21:39:29,591 INFO Experiment.PerfCost-40b9: Processed 2730 samples out of 10000, 0 errors
21:39:39,698 INFO Experiment.PerfCost-40b9: Processed 2740 samples out of 10000, 0 errors
21:39:49,801 INFO Experiment.PerfCost-40b9: Processed 2750 samples out of 10000, 0 errors
21:39:59,920 INFO Experiment.PerfCost-40b9: Processed 2760 samples out of 10000, 0 errors
21:40:10,23 INFO Experiment.PerfCost-40b9: Processed 2770 samples out of 10000, 0 errors
21:40:20,119 INFO Experiment.PerfCost-40b9: Processed 2780 samples out of 10000, 0 errors
21:40:30,227 INFO Experiment.PerfCost-40b9: Processed 2790 samples out of 10000, 0 errors
21:40:40,334 INFO Experiment.PerfCost-40b9: Processed 2800 samples out of 10000, 0 errors
21:40:50,460 INFO Experiment.PerfCost-40b9: Processed 2810 samples out of 10000, 0 errors
21:41:00,561 INFO Experiment.PerfCost-40b9: Processed 2820 samples out of 10000, 0 errors
21:41:10,665 INFO Experiment.PerfCost-40b9: Processed 2830 samples out of 10000, 0 errors
21:41:20,775 INFO Experiment.PerfCost-40b9: Processed 2840 samples out of 10000, 0 errors
21:41:30,869 INFO Experiment.PerfCost-40b9: Processed 2850 samples out of 10000, 0 errors
21:41:40,964 INFO Experiment.PerfCost-40b9: Processed 2860 samples out of 10000, 0 errors
21:41:51,77 INFO Experiment.PerfCost-40b9: Processed 2870 samples out of 10000, 0 errors
21:42:01,192 INFO Experiment.PerfCost-40b9: Processed 2880 samples out of 10000, 0 errors
21:42:11,293 INFO Experiment.PerfCost-40b9: Processed 2890 samples out of 10000, 0 errors
21:42:21,393 INFO Experiment.PerfCost-40b9: Processed 2900 samples out of 10000, 0 errors
21:42:31,494 INFO Experiment.PerfCost-40b9: Processed 2910 samples out of 10000, 0 errors
21:42:41,607 INFO Experiment.PerfCost-40b9: Processed 2920 samples out of 10000, 0 errors
21:42:51,697 INFO Experiment.PerfCost-40b9: Processed 2930 samples out of 10000, 0 errors
21:43:01,802 INFO Experiment.PerfCost-40b9: Processed 2940 samples out of 10000, 0 errors
21:43:11,900 INFO Experiment.PerfCost-40b9: Processed 2950 samples out of 10000, 0 errors
21:43:22,1 INFO Experiment.PerfCost-40b9: Processed 2960 samples out of 10000, 0 errors
21:43:32,104 INFO Experiment.PerfCost-40b9: Processed 2970 samples out of 10000, 0 errors
21:43:42,211 INFO Experiment.PerfCost-40b9: Processed 2980 samples out of 10000, 0 errors
21:43:52,312 INFO Experiment.PerfCost-40b9: Processed 2990 samples out of 10000, 0 errors
21:44:02,419 INFO Experiment.PerfCost-40b9: Processed 3000 samples out of 10000, 0 errors
21:44:12,528 INFO Experiment.PerfCost-40b9: Processed 3010 samples out of 10000, 0 errors
21:44:22,631 INFO Experiment.PerfCost-40b9: Processed 3020 samples out of 10000, 0 errors
21:44:32,726 INFO Experiment.PerfCost-40b9: Processed 3030 samples out of 10000, 0 errors
21:44:42,835 INFO Experiment.PerfCost-40b9: Processed 3040 samples out of 10000, 0 errors
21:44:52,949 INFO Experiment.PerfCost-40b9: Processed 3050 samples out of 10000, 0 errors
21:45:03,49 INFO Experiment.PerfCost-40b9: Processed 3060 samples out of 10000, 0 errors
21:45:13,155 INFO Experiment.PerfCost-40b9: Processed 3070 samples out of 10000, 0 errors
21:45:23,263 INFO Experiment.PerfCost-40b9: Processed 3080 samples out of 10000, 0 errors
21:45:33,377 INFO Experiment.PerfCost-40b9: Processed 3090 samples out of 10000, 0 errors
21:45:43,488 INFO Experiment.PerfCost-40b9: Processed 3100 samples out of 10000, 0 errors
21:45:53,615 INFO Experiment.PerfCost-40b9: Processed 3110 samples out of 10000, 0 errors
21:46:03,728 INFO Experiment.PerfCost-40b9: Processed 3120 samples out of 10000, 0 errors
21:46:13,846 INFO Experiment.PerfCost-40b9: Processed 3130 samples out of 10000, 0 errors
21:46:23,955 INFO Experiment.PerfCost-40b9: Processed 3140 samples out of 10000, 0 errors
21:46:34,37 INFO Experiment.PerfCost-40b9: Processed 3150 samples out of 10000, 0 errors
21:46:44,134 INFO Experiment.PerfCost-40b9: Processed 3160 samples out of 10000, 0 errors
21:46:54,236 INFO Experiment.PerfCost-40b9: Processed 3170 samples out of 10000, 0 errors
21:47:04,343 INFO Experiment.PerfCost-40b9: Processed 3180 samples out of 10000, 0 errors
21:47:14,455 INFO Experiment.PerfCost-40b9: Processed 3190 samples out of 10000, 0 errors
21:47:24,579 INFO Experiment.PerfCost-40b9: Processed 3200 samples out of 10000, 0 errors
21:47:34,721 INFO Experiment.PerfCost-40b9: Processed 3210 samples out of 10000, 0 errors
21:47:44,823 INFO Experiment.PerfCost-40b9: Processed 3220 samples out of 10000, 0 errors
21:47:54,921 INFO Experiment.PerfCost-40b9: Processed 3230 samples out of 10000, 0 errors
21:48:05,38 INFO Experiment.PerfCost-40b9: Processed 3240 samples out of 10000, 0 errors
21:48:15,146 INFO Experiment.PerfCost-40b9: Processed 3250 samples out of 10000, 0 errors
21:48:25,260 INFO Experiment.PerfCost-40b9: Processed 3260 samples out of 10000, 0 errors
21:48:35,367 INFO Experiment.PerfCost-40b9: Processed 3270 samples out of 10000, 0 errors
21:48:45,471 INFO Experiment.PerfCost-40b9: Processed 3280 samples out of 10000, 0 errors
21:48:55,559 INFO Experiment.PerfCost-40b9: Processed 3290 samples out of 10000, 0 errors
21:49:05,674 INFO Experiment.PerfCost-40b9: Processed 3300 samples out of 10000, 0 errors
21:49:15,791 INFO Experiment.PerfCost-40b9: Processed 3310 samples out of 10000, 0 errors
21:49:25,884 INFO Experiment.PerfCost-40b9: Processed 3320 samples out of 10000, 0 errors
21:49:35,977 INFO Experiment.PerfCost-40b9: Processed 3330 samples out of 10000, 0 errors
21:49:46,88 INFO Experiment.PerfCost-40b9: Processed 3340 samples out of 10000, 0 errors
21:49:56,229 INFO Experiment.PerfCost-40b9: Processed 3350 samples out of 10000, 0 errors
21:50:06,356 INFO Experiment.PerfCost-40b9: Processed 3360 samples out of 10000, 0 errors
21:50:16,475 INFO Experiment.PerfCost-40b9: Processed 3370 samples out of 10000, 0 errors
21:50:26,646 INFO Experiment.PerfCost-40b9: Processed 3380 samples out of 10000, 0 errors
21:50:36,736 INFO Experiment.PerfCost-40b9: Processed 3390 samples out of 10000, 0 errors
21:50:46,861 INFO Experiment.PerfCost-40b9: Processed 3400 samples out of 10000, 0 errors
21:50:57,20 INFO Experiment.PerfCost-40b9: Processed 3410 samples out of 10000, 0 errors
21:51:07,172 INFO Experiment.PerfCost-40b9: Processed 3420 samples out of 10000, 0 errors
21:51:17,276 INFO Experiment.PerfCost-40b9: Processed 3430 samples out of 10000, 0 errors
21:51:27,385 INFO Experiment.PerfCost-40b9: Processed 3440 samples out of 10000, 0 errors
21:51:37,508 INFO Experiment.PerfCost-40b9: Processed 3450 samples out of 10000, 0 errors
21:51:47,645 INFO Experiment.PerfCost-40b9: Processed 3460 samples out of 10000, 0 errors
21:51:57,753 INFO Experiment.PerfCost-40b9: Processed 3470 samples out of 10000, 0 errors
21:52:07,886 INFO Experiment.PerfCost-40b9: Processed 3480 samples out of 10000, 0 errors
21:52:18,4 INFO Experiment.PerfCost-40b9: Processed 3490 samples out of 10000, 0 errors
21:52:28,150 INFO Experiment.PerfCost-40b9: Processed 3500 samples out of 10000, 0 errors
21:52:38,243 INFO Experiment.PerfCost-40b9: Processed 3510 samples out of 10000, 0 errors
21:52:48,366 INFO Experiment.PerfCost-40b9: Processed 3520 samples out of 10000, 0 errors
21:52:58,494 INFO Experiment.PerfCost-40b9: Processed 3530 samples out of 10000, 0 errors
21:53:08,625 INFO Experiment.PerfCost-40b9: Processed 3540 samples out of 10000, 0 errors
21:53:18,759 INFO Experiment.PerfCost-40b9: Processed 3550 samples out of 10000, 0 errors
21:53:28,876 INFO Experiment.PerfCost-40b9: Processed 3560 samples out of 10000, 0 errors
21:53:39,11 INFO Experiment.PerfCost-40b9: Processed 3570 samples out of 10000, 0 errors
21:53:49,148 INFO Experiment.PerfCost-40b9: Processed 3580 samples out of 10000, 0 errors
21:53:59,290 INFO Experiment.PerfCost-40b9: Processed 3590 samples out of 10000, 0 errors
21:54:09,415 INFO Experiment.PerfCost-40b9: Processed 3600 samples out of 10000, 0 errors
21:54:19,547 INFO Experiment.PerfCost-40b9: Processed 3610 samples out of 10000, 0 errors
21:54:29,683 INFO Experiment.PerfCost-40b9: Processed 3620 samples out of 10000, 0 errors
21:54:39,827 INFO Experiment.PerfCost-40b9: Processed 3630 samples out of 10000, 0 errors
21:54:49,922 INFO Experiment.PerfCost-40b9: Processed 3640 samples out of 10000, 0 errors
21:55:00,45 INFO Experiment.PerfCost-40b9: Processed 3650 samples out of 10000, 0 errors
21:55:10,183 INFO Experiment.PerfCost-40b9: Processed 3660 samples out of 10000, 0 errors
21:55:20,302 INFO Experiment.PerfCost-40b9: Processed 3670 samples out of 10000, 0 errors
21:55:30,429 INFO Experiment.PerfCost-40b9: Processed 3680 samples out of 10000, 0 errors
21:55:40,568 INFO Experiment.PerfCost-40b9: Processed 3690 samples out of 10000, 0 errors
21:55:50,706 INFO Experiment.PerfCost-40b9: Processed 3700 samples out of 10000, 0 errors
21:56:00,860 INFO Experiment.PerfCost-40b9: Processed 3710 samples out of 10000, 0 errors
21:56:10,982 INFO Experiment.PerfCost-40b9: Processed 3720 samples out of 10000, 0 errors
21:56:21,87 INFO Experiment.PerfCost-40b9: Processed 3730 samples out of 10000, 0 errors
21:56:31,213 INFO Experiment.PerfCost-40b9: Processed 3740 samples out of 10000, 0 errors
21:56:41,339 INFO Experiment.PerfCost-40b9: Processed 3750 samples out of 10000, 0 errors
21:56:51,470 INFO Experiment.PerfCost-40b9: Processed 3760 samples out of 10000, 0 errors
21:57:01,574 INFO Experiment.PerfCost-40b9: Processed 3770 samples out of 10000, 0 errors
21:57:11,703 INFO Experiment.PerfCost-40b9: Processed 3780 samples out of 10000, 0 errors
21:57:21,845 INFO Experiment.PerfCost-40b9: Processed 3790 samples out of 10000, 0 errors
21:57:31,999 INFO Experiment.PerfCost-40b9: Processed 3800 samples out of 10000, 0 errors
21:57:42,141 INFO Experiment.PerfCost-40b9: Processed 3810 samples out of 10000, 0 errors
21:57:52,274 INFO Experiment.PerfCost-40b9: Processed 3820 samples out of 10000, 0 errors
21:58:02,409 INFO Experiment.PerfCost-40b9: Processed 3830 samples out of 10000, 0 errors
21:58:12,559 INFO Experiment.PerfCost-40b9: Processed 3840 samples out of 10000, 0 errors
21:58:22,648 INFO Experiment.PerfCost-40b9: Processed 3850 samples out of 10000, 0 errors
21:58:32,778 INFO Experiment.PerfCost-40b9: Processed 3860 samples out of 10000, 0 errors
21:58:42,917 INFO Experiment.PerfCost-40b9: Processed 3870 samples out of 10000, 0 errors
21:58:53,44 INFO Experiment.PerfCost-40b9: Processed 3880 samples out of 10000, 0 errors
21:59:03,147 INFO Experiment.PerfCost-40b9: Processed 3890 samples out of 10000, 0 errors
21:59:13,285 INFO Experiment.PerfCost-40b9: Processed 3900 samples out of 10000, 0 errors
21:59:23,429 INFO Experiment.PerfCost-40b9: Processed 3910 samples out of 10000, 0 errors
21:59:33,555 INFO Experiment.PerfCost-40b9: Processed 3920 samples out of 10000, 0 errors
21:59:43,686 INFO Experiment.PerfCost-40b9: Processed 3930 samples out of 10000, 0 errors
21:59:53,783 INFO Experiment.PerfCost-40b9: Processed 3940 samples out of 10000, 0 errors
22:00:03,905 INFO Experiment.PerfCost-40b9: Processed 3950 samples out of 10000, 0 errors
22:00:14,13 INFO Experiment.PerfCost-40b9: Processed 3960 samples out of 10000, 0 errors
22:00:24,149 INFO Experiment.PerfCost-40b9: Processed 3970 samples out of 10000, 0 errors
22:00:34,290 INFO Experiment.PerfCost-40b9: Processed 3980 samples out of 10000, 0 errors
22:00:44,399 INFO Experiment.PerfCost-40b9: Processed 3990 samples out of 10000, 0 errors
22:00:54,523 INFO Experiment.PerfCost-40b9: Processed 4000 samples out of 10000, 0 errors
22:01:04,701 INFO Experiment.PerfCost-40b9: Processed 4010 samples out of 10000, 0 errors
22:01:14,829 INFO Experiment.PerfCost-40b9: Processed 4020 samples out of 10000, 0 errors
22:01:24,923 INFO Experiment.PerfCost-40b9: Processed 4030 samples out of 10000, 0 errors
22:01:35,25 INFO Experiment.PerfCost-40b9: Processed 4040 samples out of 10000, 0 errors
22:01:45,150 INFO Experiment.PerfCost-40b9: Processed 4050 samples out of 10000, 0 errors
22:01:55,267 INFO Experiment.PerfCost-40b9: Processed 4060 samples out of 10000, 0 errors
22:02:05,418 INFO Experiment.PerfCost-40b9: Processed 4070 samples out of 10000, 0 errors
22:02:15,577 INFO Experiment.PerfCost-40b9: Processed 4080 samples out of 10000, 0 errors
22:02:25,700 INFO Experiment.PerfCost-40b9: Processed 4090 samples out of 10000, 0 errors
22:02:35,829 INFO Experiment.PerfCost-40b9: Processed 4100 samples out of 10000, 0 errors
22:02:45,953 INFO Experiment.PerfCost-40b9: Processed 4110 samples out of 10000, 0 errors
22:02:56,85 INFO Experiment.PerfCost-40b9: Processed 4120 samples out of 10000, 0 errors
22:03:06,218 INFO Experiment.PerfCost-40b9: Processed 4130 samples out of 10000, 0 errors
22:03:16,363 INFO Experiment.PerfCost-40b9: Processed 4140 samples out of 10000, 0 errors
22:03:26,485 INFO Experiment.PerfCost-40b9: Processed 4150 samples out of 10000, 0 errors
22:03:36,593 INFO Experiment.PerfCost-40b9: Processed 4160 samples out of 10000, 0 errors
22:03:46,740 INFO Experiment.PerfCost-40b9: Processed 4170 samples out of 10000, 0 errors
22:03:56,853 INFO Experiment.PerfCost-40b9: Processed 4180 samples out of 10000, 0 errors
22:04:07,9 INFO Experiment.PerfCost-40b9: Processed 4190 samples out of 10000, 0 errors
22:04:17,154 INFO Experiment.PerfCost-40b9: Processed 4200 samples out of 10000, 0 errors
22:04:27,258 INFO Experiment.PerfCost-40b9: Processed 4210 samples out of 10000, 0 errors
22:04:37,376 INFO Experiment.PerfCost-40b9: Processed 4220 samples out of 10000, 0 errors
22:04:47,518 INFO Experiment.PerfCost-40b9: Processed 4230 samples out of 10000, 0 errors
22:04:57,642 INFO Experiment.PerfCost-40b9: Processed 4240 samples out of 10000, 0 errors
22:05:07,763 INFO Experiment.PerfCost-40b9: Processed 4250 samples out of 10000, 0 errors
22:05:17,905 INFO Experiment.PerfCost-40b9: Processed 4260 samples out of 10000, 0 errors
22:05:28,25 INFO Experiment.PerfCost-40b9: Processed 4270 samples out of 10000, 0 errors
22:05:38,131 INFO Experiment.PerfCost-40b9: Processed 4280 samples out of 10000, 0 errors
22:05:48,249 INFO Experiment.PerfCost-40b9: Processed 4290 samples out of 10000, 0 errors
22:05:58,382 INFO Experiment.PerfCost-40b9: Processed 4300 samples out of 10000, 0 errors
22:06:08,547 INFO Experiment.PerfCost-40b9: Processed 4310 samples out of 10000, 0 errors
22:06:18,693 INFO Experiment.PerfCost-40b9: Processed 4320 samples out of 10000, 0 errors
22:06:28,806 INFO Experiment.PerfCost-40b9: Processed 4330 samples out of 10000, 0 errors
22:06:38,932 INFO Experiment.PerfCost-40b9: Processed 4340 samples out of 10000, 0 errors
22:06:49,52 INFO Experiment.PerfCost-40b9: Processed 4350 samples out of 10000, 0 errors
22:06:59,170 INFO Experiment.PerfCost-40b9: Processed 4360 samples out of 10000, 0 errors
22:07:09,289 INFO Experiment.PerfCost-40b9: Processed 4370 samples out of 10000, 0 errors
22:07:19,416 INFO Experiment.PerfCost-40b9: Processed 4380 samples out of 10000, 0 errors
22:07:29,540 INFO Experiment.PerfCost-40b9: Processed 4390 samples out of 10000, 0 errors
22:07:39,669 INFO Experiment.PerfCost-40b9: Processed 4400 samples out of 10000, 0 errors
22:07:49,811 INFO Experiment.PerfCost-40b9: Processed 4410 samples out of 10000, 0 errors
22:07:59,950 INFO Experiment.PerfCost-40b9: Processed 4420 samples out of 10000, 0 errors
22:08:10,98 INFO Experiment.PerfCost-40b9: Processed 4430 samples out of 10000, 0 errors
22:08:20,263 INFO Experiment.PerfCost-40b9: Processed 4440 samples out of 10000, 0 errors
22:08:30,362 INFO Experiment.PerfCost-40b9: Processed 4450 samples out of 10000, 0 errors
22:08:40,486 INFO Experiment.PerfCost-40b9: Processed 4460 samples out of 10000, 0 errors
22:08:50,616 INFO Experiment.PerfCost-40b9: Processed 4470 samples out of 10000, 0 errors
22:09:00,739 INFO Experiment.PerfCost-40b9: Processed 4480 samples out of 10000, 0 errors
22:09:10,885 INFO Experiment.PerfCost-40b9: Processed 4490 samples out of 10000, 0 errors
22:09:21,31 INFO Experiment.PerfCost-40b9: Processed 4500 samples out of 10000, 0 errors
22:09:31,178 INFO Experiment.PerfCost-40b9: Processed 4510 samples out of 10000, 0 errors
22:09:41,280 INFO Experiment.PerfCost-40b9: Processed 4520 samples out of 10000, 0 errors
22:09:51,400 INFO Experiment.PerfCost-40b9: Processed 4530 samples out of 10000, 0 errors
22:10:01,512 INFO Experiment.PerfCost-40b9: Processed 4540 samples out of 10000, 0 errors
22:10:11,659 INFO Experiment.PerfCost-40b9: Processed 4550 samples out of 10000, 0 errors
22:10:21,765 INFO Experiment.PerfCost-40b9: Processed 4560 samples out of 10000, 0 errors
22:10:31,926 INFO Experiment.PerfCost-40b9: Processed 4570 samples out of 10000, 0 errors
22:10:42,55 INFO Experiment.PerfCost-40b9: Processed 4580 samples out of 10000, 0 errors
22:10:52,189 INFO Experiment.PerfCost-40b9: Processed 4590 samples out of 10000, 0 errors
22:11:02,290 INFO Experiment.PerfCost-40b9: Processed 4600 samples out of 10000, 0 errors
22:11:12,470 INFO Experiment.PerfCost-40b9: Processed 4610 samples out of 10000, 0 errors
22:11:22,580 INFO Experiment.PerfCost-40b9: Processed 4620 samples out of 10000, 0 errors
22:11:32,690 INFO Experiment.PerfCost-40b9: Processed 4630 samples out of 10000, 0 errors
22:11:42,797 INFO Experiment.PerfCost-40b9: Processed 4640 samples out of 10000, 0 errors
22:11:52,925 INFO Experiment.PerfCost-40b9: Processed 4650 samples out of 10000, 0 errors
22:12:03,50 INFO Experiment.PerfCost-40b9: Processed 4660 samples out of 10000, 0 errors
22:12:13,207 INFO Experiment.PerfCost-40b9: Processed 4670 samples out of 10000, 0 errors
22:12:23,312 INFO Experiment.PerfCost-40b9: Processed 4680 samples out of 10000, 0 errors
22:12:33,452 INFO Experiment.PerfCost-40b9: Processed 4690 samples out of 10000, 0 errors
22:12:43,572 INFO Experiment.PerfCost-40b9: Processed 4700 samples out of 10000, 0 errors
22:12:53,699 INFO Experiment.PerfCost-40b9: Processed 4710 samples out of 10000, 0 errors
22:13:03,837 INFO Experiment.PerfCost-40b9: Processed 4720 samples out of 10000, 0 errors
22:13:13,961 INFO Experiment.PerfCost-40b9: Processed 4730 samples out of 10000, 0 errors
22:13:24,121 INFO Experiment.PerfCost-40b9: Processed 4740 samples out of 10000, 0 errors
22:13:34,222 INFO Experiment.PerfCost-40b9: Processed 4750 samples out of 10000, 0 errors
22:13:44,394 INFO Experiment.PerfCost-40b9: Processed 4760 samples out of 10000, 0 errors
22:13:54,523 INFO Experiment.PerfCost-40b9: Processed 4770 samples out of 10000, 0 errors
22:14:04,660 INFO Experiment.PerfCost-40b9: Processed 4780 samples out of 10000, 0 errors
22:14:14,747 INFO Experiment.PerfCost-40b9: Processed 4790 samples out of 10000, 0 errors
22:14:24,884 INFO Experiment.PerfCost-40b9: Processed 4800 samples out of 10000, 0 errors
22:14:35,35 INFO Experiment.PerfCost-40b9: Processed 4810 samples out of 10000, 0 errors
22:14:45,146 INFO Experiment.PerfCost-40b9: Processed 4820 samples out of 10000, 0 errors
22:14:55,257 INFO Experiment.PerfCost-40b9: Processed 4830 samples out of 10000, 0 errors
22:15:05,409 INFO Experiment.PerfCost-40b9: Processed 4840 samples out of 10000, 0 errors
22:15:15,539 INFO Experiment.PerfCost-40b9: Processed 4850 samples out of 10000, 0 errors
22:15:25,679 INFO Experiment.PerfCost-40b9: Processed 4860 samples out of 10000, 0 errors
22:15:35,819 INFO Experiment.PerfCost-40b9: Processed 4870 samples out of 10000, 0 errors
22:15:45,943 INFO Experiment.PerfCost-40b9: Processed 4880 samples out of 10000, 0 errors
22:15:56,89 INFO Experiment.PerfCost-40b9: Processed 4890 samples out of 10000, 0 errors
22:16:06,194 INFO Experiment.PerfCost-40b9: Processed 4900 samples out of 10000, 0 errors
22:16:16,380 INFO Experiment.PerfCost-40b9: Processed 4910 samples out of 10000, 0 errors
22:16:26,495 INFO Experiment.PerfCost-40b9: Processed 4920 samples out of 10000, 0 errors
22:16:36,617 INFO Experiment.PerfCost-40b9: Processed 4930 samples out of 10000, 0 errors
22:16:46,749 INFO Experiment.PerfCost-40b9: Processed 4940 samples out of 10000, 0 errors
22:16:56,895 INFO Experiment.PerfCost-40b9: Processed 4950 samples out of 10000, 0 errors
22:17:07,42 INFO Experiment.PerfCost-40b9: Processed 4960 samples out of 10000, 0 errors
22:17:17,180 INFO Experiment.PerfCost-40b9: Processed 4970 samples out of 10000, 0 errors
22:17:27,315 INFO Experiment.PerfCost-40b9: Processed 4980 samples out of 10000, 0 errors
22:17:37,467 INFO Experiment.PerfCost-40b9: Processed 4990 samples out of 10000, 0 errors
22:17:47,605 INFO Experiment.PerfCost-40b9: Processed 5000 samples out of 10000, 0 errors
22:17:57,740 INFO Experiment.PerfCost-40b9: Processed 5010 samples out of 10000, 0 errors
22:18:07,887 INFO Experiment.PerfCost-40b9: Processed 5020 samples out of 10000, 0 errors
22:18:17,985 INFO Experiment.PerfCost-40b9: Processed 5030 samples out of 10000, 0 errors
22:18:28,119 INFO Experiment.PerfCost-40b9: Processed 5040 samples out of 10000, 0 errors
22:18:38,252 INFO Experiment.PerfCost-40b9: Processed 5050 samples out of 10000, 0 errors
22:18:48,360 INFO Experiment.PerfCost-40b9: Processed 5060 samples out of 10000, 0 errors
22:18:58,506 INFO Experiment.PerfCost-40b9: Processed 5070 samples out of 10000, 0 errors
22:19:08,652 INFO Experiment.PerfCost-40b9: Processed 5080 samples out of 10000, 0 errors
22:19:18,762 INFO Experiment.PerfCost-40b9: Processed 5090 samples out of 10000, 0 errors
22:19:28,881 INFO Experiment.PerfCost-40b9: Processed 5100 samples out of 10000, 0 errors
22:19:38,985 INFO Experiment.PerfCost-40b9: Processed 5110 samples out of 10000, 0 errors
22:19:49,114 INFO Experiment.PerfCost-40b9: Processed 5120 samples out of 10000, 0 errors
22:19:59,268 INFO Experiment.PerfCost-40b9: Processed 5130 samples out of 10000, 0 errors
22:20:09,413 INFO Experiment.PerfCost-40b9: Processed 5140 samples out of 10000, 0 errors
22:20:19,534 INFO Experiment.PerfCost-40b9: Processed 5150 samples out of 10000, 0 errors
22:20:29,661 INFO Experiment.PerfCost-40b9: Processed 5160 samples out of 10000, 0 errors
22:20:39,766 INFO Experiment.PerfCost-40b9: Processed 5170 samples out of 10000, 0 errors
22:20:49,894 INFO Experiment.PerfCost-40b9: Processed 5180 samples out of 10000, 0 errors
22:21:00,50 INFO Experiment.PerfCost-40b9: Processed 5190 samples out of 10000, 0 errors
22:21:10,176 INFO Experiment.PerfCost-40b9: Processed 5200 samples out of 10000, 0 errors
22:21:20,366 INFO Experiment.PerfCost-40b9: Processed 5210 samples out of 10000, 0 errors
22:21:30,495 INFO Experiment.PerfCost-40b9: Processed 5220 samples out of 10000, 0 errors
22:21:40,603 INFO Experiment.PerfCost-40b9: Processed 5230 samples out of 10000, 0 errors
22:21:50,758 INFO Experiment.PerfCost-40b9: Processed 5240 samples out of 10000, 0 errors
22:22:00,881 INFO Experiment.PerfCost-40b9: Processed 5250 samples out of 10000, 0 errors
22:22:11,28 INFO Experiment.PerfCost-40b9: Processed 5260 samples out of 10000, 0 errors
22:22:21,170 INFO Experiment.PerfCost-40b9: Processed 5270 samples out of 10000, 0 errors
22:22:31,283 INFO Experiment.PerfCost-40b9: Processed 5280 samples out of 10000, 0 errors
22:22:41,417 INFO Experiment.PerfCost-40b9: Processed 5290 samples out of 10000, 0 errors
22:22:51,535 INFO Experiment.PerfCost-40b9: Processed 5300 samples out of 10000, 0 errors
22:23:01,656 INFO Experiment.PerfCost-40b9: Processed 5310 samples out of 10000, 0 errors
22:23:11,798 INFO Experiment.PerfCost-40b9: Processed 5320 samples out of 10000, 0 errors
22:23:21,943 INFO Experiment.PerfCost-40b9: Processed 5330 samples out of 10000, 0 errors
22:23:32,103 INFO Experiment.PerfCost-40b9: Processed 5340 samples out of 10000, 0 errors
22:23:42,242 INFO Experiment.PerfCost-40b9: Processed 5350 samples out of 10000, 0 errors
22:23:52,386 INFO Experiment.PerfCost-40b9: Processed 5360 samples out of 10000, 0 errors
22:24:02,527 INFO Experiment.PerfCost-40b9: Processed 5370 samples out of 10000, 0 errors
22:24:12,641 INFO Experiment.PerfCost-40b9: Processed 5380 samples out of 10000, 0 errors
22:24:22,798 INFO Experiment.PerfCost-40b9: Processed 5390 samples out of 10000, 0 errors
22:24:32,924 INFO Experiment.PerfCost-40b9: Processed 5400 samples out of 10000, 0 errors
22:24:43,88 INFO Experiment.PerfCost-40b9: Processed 5410 samples out of 10000, 0 errors
22:24:53,198 INFO Experiment.PerfCost-40b9: Processed 5420 samples out of 10000, 0 errors
22:25:03,328 INFO Experiment.PerfCost-40b9: Processed 5430 samples out of 10000, 0 errors
22:25:13,446 INFO Experiment.PerfCost-40b9: Processed 5440 samples out of 10000, 0 errors
22:25:23,578 INFO Experiment.PerfCost-40b9: Processed 5450 samples out of 10000, 0 errors
22:25:33,758 INFO Experiment.PerfCost-40b9: Processed 5460 samples out of 10000, 0 errors
22:25:43,885 INFO Experiment.PerfCost-40b9: Processed 5470 samples out of 10000, 0 errors
22:25:54,57 INFO Experiment.PerfCost-40b9: Processed 5480 samples out of 10000, 0 errors
22:26:04,182 INFO Experiment.PerfCost-40b9: Processed 5490 samples out of 10000, 0 errors
22:26:14,309 INFO Experiment.PerfCost-40b9: Processed 5500 samples out of 10000, 0 errors
22:26:24,477 INFO Experiment.PerfCost-40b9: Processed 5510 samples out of 10000, 0 errors
22:26:34,601 INFO Experiment.PerfCost-40b9: Processed 5520 samples out of 10000, 0 errors
22:26:44,710 INFO Experiment.PerfCost-40b9: Processed 5530 samples out of 10000, 0 errors
22:26:54,805 INFO Experiment.PerfCost-40b9: Processed 5540 samples out of 10000, 0 errors
22:27:04,926 INFO Experiment.PerfCost-40b9: Processed 5550 samples out of 10000, 0 errors
22:27:15,68 INFO Experiment.PerfCost-40b9: Processed 5560 samples out of 10000, 0 errors
22:27:25,213 INFO Experiment.PerfCost-40b9: Processed 5570 samples out of 10000, 0 errors
22:27:35,334 INFO Experiment.PerfCost-40b9: Processed 5580 samples out of 10000, 0 errors
22:27:45,457 INFO Experiment.PerfCost-40b9: Processed 5590 samples out of 10000, 0 errors
22:27:55,599 INFO Experiment.PerfCost-40b9: Processed 5600 samples out of 10000, 0 errors
22:28:05,739 INFO Experiment.PerfCost-40b9: Processed 5610 samples out of 10000, 0 errors
22:28:15,873 INFO Experiment.PerfCost-40b9: Processed 5620 samples out of 10000, 0 errors
22:28:26,10 INFO Experiment.PerfCost-40b9: Processed 5630 samples out of 10000, 0 errors
22:28:36,131 INFO Experiment.PerfCost-40b9: Processed 5640 samples out of 10000, 0 errors
22:28:46,273 INFO Experiment.PerfCost-40b9: Processed 5650 samples out of 10000, 0 errors
22:28:56,395 INFO Experiment.PerfCost-40b9: Processed 5660 samples out of 10000, 0 errors
22:29:06,522 INFO Experiment.PerfCost-40b9: Processed 5670 samples out of 10000, 0 errors
22:29:16,665 INFO Experiment.PerfCost-40b9: Processed 5680 samples out of 10000, 0 errors
22:29:26,790 INFO Experiment.PerfCost-40b9: Processed 5690 samples out of 10000, 0 errors
22:29:36,952 INFO Experiment.PerfCost-40b9: Processed 5700 samples out of 10000, 0 errors
22:29:47,76 INFO Experiment.PerfCost-40b9: Processed 5710 samples out of 10000, 0 errors
22:29:57,218 INFO Experiment.PerfCost-40b9: Processed 5720 samples out of 10000, 0 errors
22:30:07,359 INFO Experiment.PerfCost-40b9: Processed 5730 samples out of 10000, 0 errors
22:30:17,471 INFO Experiment.PerfCost-40b9: Processed 5740 samples out of 10000, 0 errors
22:30:27,627 INFO Experiment.PerfCost-40b9: Processed 5750 samples out of 10000, 0 errors
22:30:37,744 INFO Experiment.PerfCost-40b9: Processed 5760 samples out of 10000, 0 errors
22:30:47,888 INFO Experiment.PerfCost-40b9: Processed 5770 samples out of 10000, 0 errors
22:30:58,10 INFO Experiment.PerfCost-40b9: Processed 5780 samples out of 10000, 0 errors
22:31:08,171 INFO Experiment.PerfCost-40b9: Processed 5790 samples out of 10000, 0 errors
22:31:18,295 INFO Experiment.PerfCost-40b9: Processed 5800 samples out of 10000, 0 errors
22:31:28,482 INFO Experiment.PerfCost-40b9: Processed 5810 samples out of 10000, 0 errors
22:31:38,626 INFO Experiment.PerfCost-40b9: Processed 5820 samples out of 10000, 0 errors
22:31:48,729 INFO Experiment.PerfCost-40b9: Processed 5830 samples out of 10000, 0 errors
22:31:58,844 INFO Experiment.PerfCost-40b9: Processed 5840 samples out of 10000, 0 errors
22:32:08,962 INFO Experiment.PerfCost-40b9: Processed 5850 samples out of 10000, 0 errors
22:32:19,74 INFO Experiment.PerfCost-40b9: Processed 5860 samples out of 10000, 0 errors
22:32:29,224 INFO Experiment.PerfCost-40b9: Processed 5870 samples out of 10000, 0 errors
22:32:39,442 INFO Experiment.PerfCost-40b9: Processed 5880 samples out of 10000, 0 errors
22:32:49,546 INFO Experiment.PerfCost-40b9: Processed 5890 samples out of 10000, 0 errors
22:32:59,636 INFO Experiment.PerfCost-40b9: Processed 5900 samples out of 10000, 0 errors
22:33:09,734 INFO Experiment.PerfCost-40b9: Processed 5910 samples out of 10000, 0 errors
22:33:19,860 INFO Experiment.PerfCost-40b9: Processed 5920 samples out of 10000, 0 errors
22:33:30,18 INFO Experiment.PerfCost-40b9: Processed 5930 samples out of 10000, 0 errors
22:33:40,155 INFO Experiment.PerfCost-40b9: Processed 5940 samples out of 10000, 0 errors
22:33:50,289 INFO Experiment.PerfCost-40b9: Processed 5950 samples out of 10000, 0 errors
22:34:00,432 INFO Experiment.PerfCost-40b9: Processed 5960 samples out of 10000, 0 errors
22:34:10,559 INFO Experiment.PerfCost-40b9: Processed 5970 samples out of 10000, 0 errors
22:34:20,690 INFO Experiment.PerfCost-40b9: Processed 5980 samples out of 10000, 0 errors
22:34:30,813 INFO Experiment.PerfCost-40b9: Processed 5990 samples out of 10000, 0 errors
22:34:40,946 INFO Experiment.PerfCost-40b9: Processed 6000 samples out of 10000, 0 errors
22:34:51,76 INFO Experiment.PerfCost-40b9: Processed 6010 samples out of 10000, 0 errors
22:35:01,225 INFO Experiment.PerfCost-40b9: Processed 6020 samples out of 10000, 0 errors
22:35:11,363 INFO Experiment.PerfCost-40b9: Processed 6030 samples out of 10000, 0 errors
22:35:21,494 INFO Experiment.PerfCost-40b9: Processed 6040 samples out of 10000, 0 errors
22:35:31,618 INFO Experiment.PerfCost-40b9: Processed 6050 samples out of 10000, 0 errors
22:35:41,759 INFO Experiment.PerfCost-40b9: Processed 6060 samples out of 10000, 0 errors
22:35:51,862 INFO Experiment.PerfCost-40b9: Processed 6070 samples out of 10000, 0 errors
22:36:01,984 INFO Experiment.PerfCost-40b9: Processed 6080 samples out of 10000, 0 errors
22:36:12,107 INFO Experiment.PerfCost-40b9: Processed 6090 samples out of 10000, 0 errors
22:36:22,245 INFO Experiment.PerfCost-40b9: Processed 6100 samples out of 10000, 0 errors
22:36:32,409 INFO Experiment.PerfCost-40b9: Processed 6110 samples out of 10000, 0 errors
22:36:42,530 INFO Experiment.PerfCost-40b9: Processed 6120 samples out of 10000, 0 errors
22:36:52,717 INFO Experiment.PerfCost-40b9: Processed 6130 samples out of 10000, 0 errors
22:37:02,825 INFO Experiment.PerfCost-40b9: Processed 6140 samples out of 10000, 0 errors
22:37:12,937 INFO Experiment.PerfCost-40b9: Processed 6150 samples out of 10000, 0 errors
22:37:23,61 INFO Experiment.PerfCost-40b9: Processed 6160 samples out of 10000, 0 errors
22:37:33,216 INFO Experiment.PerfCost-40b9: Processed 6170 samples out of 10000, 0 errors
22:37:43,372 INFO Experiment.PerfCost-40b9: Processed 6180 samples out of 10000, 0 errors
22:37:53,507 INFO Experiment.PerfCost-40b9: Processed 6190 samples out of 10000, 0 errors
22:38:03,630 INFO Experiment.PerfCost-40b9: Processed 6200 samples out of 10000, 0 errors
22:38:13,761 INFO Experiment.PerfCost-40b9: Processed 6210 samples out of 10000, 0 errors
22:38:23,893 INFO Experiment.PerfCost-40b9: Processed 6220 samples out of 10000, 0 errors
22:38:34,25 INFO Experiment.PerfCost-40b9: Processed 6230 samples out of 10000, 0 errors
22:38:44,163 INFO Experiment.PerfCost-40b9: Processed 6240 samples out of 10000, 0 errors
22:38:54,283 INFO Experiment.PerfCost-40b9: Processed 6250 samples out of 10000, 0 errors
22:39:04,419 INFO Experiment.PerfCost-40b9: Processed 6260 samples out of 10000, 0 errors
22:39:14,543 INFO Experiment.PerfCost-40b9: Processed 6270 samples out of 10000, 0 errors
22:39:24,676 INFO Experiment.PerfCost-40b9: Processed 6280 samples out of 10000, 0 errors
22:39:34,767 INFO Experiment.PerfCost-40b9: Processed 6290 samples out of 10000, 0 errors
22:39:44,891 INFO Experiment.PerfCost-40b9: Processed 6300 samples out of 10000, 0 errors
22:39:55,30 INFO Experiment.PerfCost-40b9: Processed 6310 samples out of 10000, 0 errors
22:40:05,165 INFO Experiment.PerfCost-40b9: Processed 6320 samples out of 10000, 0 errors
22:40:15,310 INFO Experiment.PerfCost-40b9: Processed 6330 samples out of 10000, 0 errors
22:40:25,403 INFO Experiment.PerfCost-40b9: Processed 6340 samples out of 10000, 0 errors
22:40:35,536 INFO Experiment.PerfCost-40b9: Processed 6350 samples out of 10000, 0 errors
22:40:45,663 INFO Experiment.PerfCost-40b9: Processed 6360 samples out of 10000, 0 errors
22:40:55,813 INFO Experiment.PerfCost-40b9: Processed 6370 samples out of 10000, 0 errors
22:41:05,948 INFO Experiment.PerfCost-40b9: Processed 6380 samples out of 10000, 0 errors
22:41:16,91 INFO Experiment.PerfCost-40b9: Processed 6390 samples out of 10000, 0 errors
22:41:26,294 INFO Experiment.PerfCost-40b9: Processed 6400 samples out of 10000, 0 errors
22:41:36,450 INFO Experiment.PerfCost-40b9: Processed 6410 samples out of 10000, 0 errors
22:41:46,581 INFO Experiment.PerfCost-40b9: Processed 6420 samples out of 10000, 0 errors
22:41:56,708 INFO Experiment.PerfCost-40b9: Processed 6430 samples out of 10000, 0 errors
22:42:06,832 INFO Experiment.PerfCost-40b9: Processed 6440 samples out of 10000, 0 errors
22:42:16,961 INFO Experiment.PerfCost-40b9: Processed 6450 samples out of 10000, 0 errors
22:42:27,76 INFO Experiment.PerfCost-40b9: Processed 6460 samples out of 10000, 0 errors
22:42:37,183 INFO Experiment.PerfCost-40b9: Processed 6470 samples out of 10000, 0 errors
22:42:47,285 INFO Experiment.PerfCost-40b9: Processed 6480 samples out of 10000, 0 errors
22:42:57,424 INFO Experiment.PerfCost-40b9: Processed 6490 samples out of 10000, 0 errors
22:43:07,597 INFO Experiment.PerfCost-40b9: Processed 6500 samples out of 10000, 0 errors
22:43:17,706 INFO Experiment.PerfCost-40b9: Processed 6510 samples out of 10000, 0 errors
22:43:27,812 INFO Experiment.PerfCost-40b9: Processed 6520 samples out of 10000, 0 errors
22:43:37,902 INFO Experiment.PerfCost-40b9: Processed 6530 samples out of 10000, 0 errors
22:43:48,46 INFO Experiment.PerfCost-40b9: Processed 6540 samples out of 10000, 0 errors
22:43:58,183 INFO Experiment.PerfCost-40b9: Processed 6550 samples out of 10000, 0 errors
22:44:08,317 INFO Experiment.PerfCost-40b9: Processed 6560 samples out of 10000, 0 errors
22:44:18,454 INFO Experiment.PerfCost-40b9: Processed 6570 samples out of 10000, 0 errors
22:44:28,608 INFO Experiment.PerfCost-40b9: Processed 6580 samples out of 10000, 0 errors
22:44:38,730 INFO Experiment.PerfCost-40b9: Processed 6590 samples out of 10000, 0 errors
22:44:48,883 INFO Experiment.PerfCost-40b9: Processed 6600 samples out of 10000, 0 errors
22:44:59,7 INFO Experiment.PerfCost-40b9: Processed 6610 samples out of 10000, 0 errors
22:45:09,138 INFO Experiment.PerfCost-40b9: Processed 6620 samples out of 10000, 0 errors
22:45:19,276 INFO Experiment.PerfCost-40b9: Processed 6630 samples out of 10000, 0 errors
22:45:29,416 INFO Experiment.PerfCost-40b9: Processed 6640 samples out of 10000, 0 errors
22:45:39,532 INFO Experiment.PerfCost-40b9: Processed 6650 samples out of 10000, 0 errors
22:45:49,662 INFO Experiment.PerfCost-40b9: Processed 6660 samples out of 10000, 0 errors
22:45:59,789 INFO Experiment.PerfCost-40b9: Processed 6670 samples out of 10000, 0 errors
22:46:09,934 INFO Experiment.PerfCost-40b9: Processed 6680 samples out of 10000, 0 errors
22:46:20,73 INFO Experiment.PerfCost-40b9: Processed 6690 samples out of 10000, 0 errors
22:46:30,175 INFO Experiment.PerfCost-40b9: Processed 6700 samples out of 10000, 0 errors
22:46:40,334 INFO Experiment.PerfCost-40b9: Processed 6710 samples out of 10000, 0 errors
22:46:50,441 INFO Experiment.PerfCost-40b9: Processed 6720 samples out of 10000, 0 errors
22:47:00,577 INFO Experiment.PerfCost-40b9: Processed 6730 samples out of 10000, 0 errors
22:47:10,714 INFO Experiment.PerfCost-40b9: Processed 6740 samples out of 10000, 0 errors
22:47:20,849 INFO Experiment.PerfCost-40b9: Processed 6750 samples out of 10000, 0 errors
22:47:31,5 INFO Experiment.PerfCost-40b9: Processed 6760 samples out of 10000, 0 errors
22:47:41,99 INFO Experiment.PerfCost-40b9: Processed 6770 samples out of 10000, 0 errors
22:47:51,235 INFO Experiment.PerfCost-40b9: Processed 6780 samples out of 10000, 0 errors
22:48:01,385 INFO Experiment.PerfCost-40b9: Processed 6790 samples out of 10000, 0 errors
22:48:11,513 INFO Experiment.PerfCost-40b9: Processed 6800 samples out of 10000, 0 errors
22:48:21,638 INFO Experiment.PerfCost-40b9: Processed 6810 samples out of 10000, 0 errors
22:48:31,744 INFO Experiment.PerfCost-40b9: Processed 6820 samples out of 10000, 0 errors
22:48:41,864 INFO Experiment.PerfCost-40b9: Processed 6830 samples out of 10000, 0 errors
22:48:52,32 INFO Experiment.PerfCost-40b9: Processed 6840 samples out of 10000, 0 errors
22:49:02,155 INFO Experiment.PerfCost-40b9: Processed 6850 samples out of 10000, 0 errors
22:49:12,278 INFO Experiment.PerfCost-40b9: Processed 6860 samples out of 10000, 0 errors
22:49:22,430 INFO Experiment.PerfCost-40b9: Processed 6870 samples out of 10000, 0 errors
22:49:32,552 INFO Experiment.PerfCost-40b9: Processed 6880 samples out of 10000, 0 errors
22:49:42,702 INFO Experiment.PerfCost-40b9: Processed 6890 samples out of 10000, 0 errors
22:49:52,811 INFO Experiment.PerfCost-40b9: Processed 6900 samples out of 10000, 0 errors
22:50:02,948 INFO Experiment.PerfCost-40b9: Processed 6910 samples out of 10000, 0 errors
22:50:13,96 INFO Experiment.PerfCost-40b9: Processed 6920 samples out of 10000, 0 errors
22:50:23,208 INFO Experiment.PerfCost-40b9: Processed 6930 samples out of 10000, 0 errors
22:50:33,352 INFO Experiment.PerfCost-40b9: Processed 6940 samples out of 10000, 0 errors
22:50:43,441 INFO Experiment.PerfCost-40b9: Processed 6950 samples out of 10000, 0 errors
22:50:53,604 INFO Experiment.PerfCost-40b9: Processed 6960 samples out of 10000, 0 errors
22:51:03,712 INFO Experiment.PerfCost-40b9: Processed 6970 samples out of 10000, 0 errors
22:51:13,837 INFO Experiment.PerfCost-40b9: Processed 6980 samples out of 10000, 0 errors
22:51:23,981 INFO Experiment.PerfCost-40b9: Processed 6990 samples out of 10000, 0 errors
22:51:34,136 INFO Experiment.PerfCost-40b9: Processed 7000 samples out of 10000, 0 errors
22:51:44,299 INFO Experiment.PerfCost-40b9: Processed 7010 samples out of 10000, 0 errors
22:51:54,419 INFO Experiment.PerfCost-40b9: Processed 7020 samples out of 10000, 0 errors
22:52:04,534 INFO Experiment.PerfCost-40b9: Processed 7030 samples out of 10000, 0 errors
22:52:14,673 INFO Experiment.PerfCost-40b9: Processed 7040 samples out of 10000, 0 errors
22:52:24,787 INFO Experiment.PerfCost-40b9: Processed 7050 samples out of 10000, 0 errors
22:52:34,911 INFO Experiment.PerfCost-40b9: Processed 7060 samples out of 10000, 0 errors
22:52:45,40 INFO Experiment.PerfCost-40b9: Processed 7070 samples out of 10000, 0 errors
22:52:55,194 INFO Experiment.PerfCost-40b9: Processed 7080 samples out of 10000, 0 errors
22:53:05,318 INFO Experiment.PerfCost-40b9: Processed 7090 samples out of 10000, 0 errors
22:53:15,459 INFO Experiment.PerfCost-40b9: Processed 7100 samples out of 10000, 0 errors
22:53:25,608 INFO Experiment.PerfCost-40b9: Processed 7110 samples out of 10000, 0 errors
22:53:35,774 INFO Experiment.PerfCost-40b9: Processed 7120 samples out of 10000, 0 errors
22:53:45,884 INFO Experiment.PerfCost-40b9: Processed 7130 samples out of 10000, 0 errors
22:53:56,24 INFO Experiment.PerfCost-40b9: Processed 7140 samples out of 10000, 0 errors
22:54:06,137 INFO Experiment.PerfCost-40b9: Processed 7150 samples out of 10000, 0 errors
22:54:16,276 INFO Experiment.PerfCost-40b9: Processed 7160 samples out of 10000, 0 errors
22:54:26,428 INFO Experiment.PerfCost-40b9: Processed 7170 samples out of 10000, 0 errors
22:54:36,567 INFO Experiment.PerfCost-40b9: Processed 7180 samples out of 10000, 0 errors
22:54:46,697 INFO Experiment.PerfCost-40b9: Processed 7190 samples out of 10000, 0 errors
22:54:56,851 INFO Experiment.PerfCost-40b9: Processed 7200 samples out of 10000, 0 errors
22:55:06,984 INFO Experiment.PerfCost-40b9: Processed 7210 samples out of 10000, 0 errors
22:55:17,127 INFO Experiment.PerfCost-40b9: Processed 7220 samples out of 10000, 0 errors
22:55:27,235 INFO Experiment.PerfCost-40b9: Processed 7230 samples out of 10000, 0 errors
22:55:37,377 INFO Experiment.PerfCost-40b9: Processed 7240 samples out of 10000, 0 errors
22:55:47,516 INFO Experiment.PerfCost-40b9: Processed 7250 samples out of 10000, 0 errors
22:55:57,656 INFO Experiment.PerfCost-40b9: Processed 7260 samples out of 10000, 0 errors
22:56:07,776 INFO Experiment.PerfCost-40b9: Processed 7270 samples out of 10000, 0 errors
22:56:17,915 INFO Experiment.PerfCost-40b9: Processed 7280 samples out of 10000, 0 errors
22:56:28,46 INFO Experiment.PerfCost-40b9: Processed 7290 samples out of 10000, 0 errors
22:56:38,184 INFO Experiment.PerfCost-40b9: Processed 7300 samples out of 10000, 0 errors
22:56:48,383 INFO Experiment.PerfCost-40b9: Processed 7310 samples out of 10000, 0 errors
22:56:58,529 INFO Experiment.PerfCost-40b9: Processed 7320 samples out of 10000, 0 errors
22:57:08,655 INFO Experiment.PerfCost-40b9: Processed 7330 samples out of 10000, 0 errors
22:57:18,778 INFO Experiment.PerfCost-40b9: Processed 7340 samples out of 10000, 0 errors
22:57:28,886 INFO Experiment.PerfCost-40b9: Processed 7350 samples out of 10000, 0 errors
22:57:38,996 INFO Experiment.PerfCost-40b9: Processed 7360 samples out of 10000, 0 errors
22:57:49,101 INFO Experiment.PerfCost-40b9: Processed 7370 samples out of 10000, 0 errors
22:57:59,228 INFO Experiment.PerfCost-40b9: Processed 7380 samples out of 10000, 0 errors
22:58:09,370 INFO Experiment.PerfCost-40b9: Processed 7390 samples out of 10000, 0 errors
22:58:19,479 INFO Experiment.PerfCost-40b9: Processed 7400 samples out of 10000, 0 errors
22:58:29,624 INFO Experiment.PerfCost-40b9: Processed 7410 samples out of 10000, 0 errors
22:58:39,725 INFO Experiment.PerfCost-40b9: Processed 7420 samples out of 10000, 0 errors
22:58:49,859 INFO Experiment.PerfCost-40b9: Processed 7430 samples out of 10000, 0 errors
22:59:00,11 INFO Experiment.PerfCost-40b9: Processed 7440 samples out of 10000, 0 errors
22:59:10,174 INFO Experiment.PerfCost-40b9: Processed 7450 samples out of 10000, 0 errors
22:59:20,286 INFO Experiment.PerfCost-40b9: Processed 7460 samples out of 10000, 0 errors
22:59:30,385 INFO Experiment.PerfCost-40b9: Processed 7470 samples out of 10000, 0 errors
22:59:40,539 INFO Experiment.PerfCost-40b9: Processed 7480 samples out of 10000, 0 errors
22:59:50,635 INFO Experiment.PerfCost-40b9: Processed 7490 samples out of 10000, 0 errors
23:00:00,767 INFO Experiment.PerfCost-40b9: Processed 7500 samples out of 10000, 0 errors
23:00:10,914 INFO Experiment.PerfCost-40b9: Processed 7510 samples out of 10000, 0 errors
23:00:21,50 INFO Experiment.PerfCost-40b9: Processed 7520 samples out of 10000, 0 errors
23:00:31,198 INFO Experiment.PerfCost-40b9: Processed 7530 samples out of 10000, 0 errors
23:00:41,306 INFO Experiment.PerfCost-40b9: Processed 7540 samples out of 10000, 0 errors
23:00:51,467 INFO Experiment.PerfCost-40b9: Processed 7550 samples out of 10000, 0 errors
23:01:01,583 INFO Experiment.PerfCost-40b9: Processed 7560 samples out of 10000, 0 errors
23:01:11,683 INFO Experiment.PerfCost-40b9: Processed 7570 samples out of 10000, 0 errors
23:01:21,806 INFO Experiment.PerfCost-40b9: Processed 7580 samples out of 10000, 0 errors
23:01:31,940 INFO Experiment.PerfCost-40b9: Processed 7590 samples out of 10000, 0 errors
23:01:42,48 INFO Experiment.PerfCost-40b9: Processed 7600 samples out of 10000, 0 errors
23:01:52,241 INFO Experiment.PerfCost-40b9: Processed 7610 samples out of 10000, 0 errors
23:02:02,340 INFO Experiment.PerfCost-40b9: Processed 7620 samples out of 10000, 0 errors
23:02:12,491 INFO Experiment.PerfCost-40b9: Processed 7630 samples out of 10000, 0 errors
23:02:22,597 INFO Experiment.PerfCost-40b9: Processed 7640 samples out of 10000, 0 errors
23:02:32,748 INFO Experiment.PerfCost-40b9: Processed 7650 samples out of 10000, 0 errors
23:02:42,881 INFO Experiment.PerfCost-40b9: Processed 7660 samples out of 10000, 0 errors
23:02:53,10 INFO Experiment.PerfCost-40b9: Processed 7670 samples out of 10000, 0 errors
23:03:03,137 INFO Experiment.PerfCost-40b9: Processed 7680 samples out of 10000, 0 errors
23:03:13,256 INFO Experiment.PerfCost-40b9: Processed 7690 samples out of 10000, 0 errors
23:03:23,405 INFO Experiment.PerfCost-40b9: Processed 7700 samples out of 10000, 0 errors
23:03:33,531 INFO Experiment.PerfCost-40b9: Processed 7710 samples out of 10000, 0 errors
23:03:43,664 INFO Experiment.PerfCost-40b9: Processed 7720 samples out of 10000, 0 errors
23:03:53,795 INFO Experiment.PerfCost-40b9: Processed 7730 samples out of 10000, 0 errors
23:04:03,967 INFO Experiment.PerfCost-40b9: Processed 7740 samples out of 10000, 0 errors
23:04:14,69 INFO Experiment.PerfCost-40b9: Processed 7750 samples out of 10000, 0 errors
23:04:24,173 INFO Experiment.PerfCost-40b9: Processed 7760 samples out of 10000, 0 errors
23:04:34,309 INFO Experiment.PerfCost-40b9: Processed 7770 samples out of 10000, 0 errors
23:04:44,437 INFO Experiment.PerfCost-40b9: Processed 7780 samples out of 10000, 0 errors
23:04:54,575 INFO Experiment.PerfCost-40b9: Processed 7790 samples out of 10000, 0 errors
23:05:04,687 INFO Experiment.PerfCost-40b9: Processed 7800 samples out of 10000, 0 errors
23:05:14,801 INFO Experiment.PerfCost-40b9: Processed 7810 samples out of 10000, 0 errors
23:05:24,900 INFO Experiment.PerfCost-40b9: Processed 7820 samples out of 10000, 0 errors
23:05:35,30 INFO Experiment.PerfCost-40b9: Processed 7830 samples out of 10000, 0 errors
23:05:45,183 INFO Experiment.PerfCost-40b9: Processed 7840 samples out of 10000, 0 errors
23:05:55,317 INFO Experiment.PerfCost-40b9: Processed 7850 samples out of 10000, 0 errors
23:06:05,456 INFO Experiment.PerfCost-40b9: Processed 7860 samples out of 10000, 0 errors
23:06:15,579 INFO Experiment.PerfCost-40b9: Processed 7870 samples out of 10000, 0 errors
23:06:25,716 INFO Experiment.PerfCost-40b9: Processed 7880 samples out of 10000, 0 errors
23:06:35,872 INFO Experiment.PerfCost-40b9: Processed 7890 samples out of 10000, 0 errors
23:06:45,997 INFO Experiment.PerfCost-40b9: Processed 7900 samples out of 10000, 0 errors
23:06:56,184 INFO Experiment.PerfCost-40b9: Processed 7910 samples out of 10000, 0 errors
23:07:06,294 INFO Experiment.PerfCost-40b9: Processed 7920 samples out of 10000, 0 errors
23:07:16,406 INFO Experiment.PerfCost-40b9: Processed 7930 samples out of 10000, 0 errors
23:07:26,532 INFO Experiment.PerfCost-40b9: Processed 7940 samples out of 10000, 0 errors
23:07:36,666 INFO Experiment.PerfCost-40b9: Processed 7950 samples out of 10000, 0 errors
23:07:46,784 INFO Experiment.PerfCost-40b9: Processed 7960 samples out of 10000, 0 errors
23:07:56,939 INFO Experiment.PerfCost-40b9: Processed 7970 samples out of 10000, 0 errors
23:08:07,44 INFO Experiment.PerfCost-40b9: Processed 7980 samples out of 10000, 0 errors
23:08:17,204 INFO Experiment.PerfCost-40b9: Processed 7990 samples out of 10000, 0 errors
23:08:27,346 INFO Experiment.PerfCost-40b9: Processed 8000 samples out of 10000, 0 errors
23:08:37,477 INFO Experiment.PerfCost-40b9: Processed 8010 samples out of 10000, 0 errors
23:08:47,637 INFO Experiment.PerfCost-40b9: Processed 8020 samples out of 10000, 0 errors
23:08:57,762 INFO Experiment.PerfCost-40b9: Processed 8030 samples out of 10000, 0 errors
23:09:07,919 INFO Experiment.PerfCost-40b9: Processed 8040 samples out of 10000, 0 errors
23:09:18,24 INFO Experiment.PerfCost-40b9: Processed 8050 samples out of 10000, 0 errors
23:09:28,172 INFO Experiment.PerfCost-40b9: Processed 8060 samples out of 10000, 0 errors
23:09:38,317 INFO Experiment.PerfCost-40b9: Processed 8070 samples out of 10000, 0 errors
23:09:48,435 INFO Experiment.PerfCost-40b9: Processed 8080 samples out of 10000, 0 errors
23:09:58,548 INFO Experiment.PerfCost-40b9: Processed 8090 samples out of 10000, 0 errors
23:10:08,683 INFO Experiment.PerfCost-40b9: Processed 8100 samples out of 10000, 0 errors
23:10:18,847 INFO Experiment.PerfCost-40b9: Processed 8110 samples out of 10000, 0 errors
23:10:28,944 INFO Experiment.PerfCost-40b9: Processed 8120 samples out of 10000, 0 errors
23:10:39,67 INFO Experiment.PerfCost-40b9: Processed 8130 samples out of 10000, 0 errors
23:10:49,195 INFO Experiment.PerfCost-40b9: Processed 8140 samples out of 10000, 0 errors
23:10:59,329 INFO Experiment.PerfCost-40b9: Processed 8150 samples out of 10000, 0 errors
23:11:09,464 INFO Experiment.PerfCost-40b9: Processed 8160 samples out of 10000, 0 errors
23:11:19,624 INFO Experiment.PerfCost-40b9: Processed 8170 samples out of 10000, 0 errors
23:11:29,745 INFO Experiment.PerfCost-40b9: Processed 8180 samples out of 10000, 0 errors
23:11:39,864 INFO Experiment.PerfCost-40b9: Processed 8190 samples out of 10000, 0 errors
23:11:49,995 INFO Experiment.PerfCost-40b9: Processed 8200 samples out of 10000, 0 errors
23:12:00,168 INFO Experiment.PerfCost-40b9: Processed 8210 samples out of 10000, 0 errors
23:12:10,312 INFO Experiment.PerfCost-40b9: Processed 8220 samples out of 10000, 0 errors
23:12:20,477 INFO Experiment.PerfCost-40b9: Processed 8230 samples out of 10000, 0 errors
23:12:30,605 INFO Experiment.PerfCost-40b9: Processed 8240 samples out of 10000, 0 errors
23:12:40,713 INFO Experiment.PerfCost-40b9: Processed 8250 samples out of 10000, 0 errors
23:12:50,830 INFO Experiment.PerfCost-40b9: Processed 8260 samples out of 10000, 0 errors
23:13:00,996 INFO Experiment.PerfCost-40b9: Processed 8270 samples out of 10000, 0 errors
23:13:11,129 INFO Experiment.PerfCost-40b9: Processed 8280 samples out of 10000, 0 errors
23:13:21,258 INFO Experiment.PerfCost-40b9: Processed 8290 samples out of 10000, 0 errors
23:13:31,393 INFO Experiment.PerfCost-40b9: Processed 8300 samples out of 10000, 0 errors
23:13:41,519 INFO Experiment.PerfCost-40b9: Processed 8310 samples out of 10000, 0 errors
23:13:51,661 INFO Experiment.PerfCost-40b9: Processed 8320 samples out of 10000, 0 errors
23:14:01,753 INFO Experiment.PerfCost-40b9: Processed 8330 samples out of 10000, 0 errors
23:14:11,876 INFO Experiment.PerfCost-40b9: Processed 8340 samples out of 10000, 0 errors
23:14:22,28 INFO Experiment.PerfCost-40b9: Processed 8350 samples out of 10000, 0 errors
23:14:32,147 INFO Experiment.PerfCost-40b9: Processed 8360 samples out of 10000, 0 errors
23:14:42,255 INFO Experiment.PerfCost-40b9: Processed 8370 samples out of 10000, 0 errors
23:14:52,413 INFO Experiment.PerfCost-40b9: Processed 8380 samples out of 10000, 0 errors
23:15:02,521 INFO Experiment.PerfCost-40b9: Processed 8390 samples out of 10000, 0 errors
23:15:12,653 INFO Experiment.PerfCost-40b9: Processed 8400 samples out of 10000, 0 errors
23:15:22,799 INFO Experiment.PerfCost-40b9: Processed 8410 samples out of 10000, 0 errors
23:15:32,940 INFO Experiment.PerfCost-40b9: Processed 8420 samples out of 10000, 0 errors
23:15:43,83 INFO Experiment.PerfCost-40b9: Processed 8430 samples out of 10000, 0 errors
23:15:53,200 INFO Experiment.PerfCost-40b9: Processed 8440 samples out of 10000, 0 errors
23:16:03,347 INFO Experiment.PerfCost-40b9: Processed 8450 samples out of 10000, 0 errors
23:16:13,515 INFO Experiment.PerfCost-40b9: Processed 8460 samples out of 10000, 0 errors
23:16:23,646 INFO Experiment.PerfCost-40b9: Processed 8470 samples out of 10000, 0 errors
23:16:33,788 INFO Experiment.PerfCost-40b9: Processed 8480 samples out of 10000, 0 errors
23:16:43,913 INFO Experiment.PerfCost-40b9: Processed 8490 samples out of 10000, 0 errors
23:16:54,73 INFO Experiment.PerfCost-40b9: Processed 8500 samples out of 10000, 0 errors
23:17:04,252 INFO Experiment.PerfCost-40b9: Processed 8510 samples out of 10000, 0 errors
23:17:14,421 INFO Experiment.PerfCost-40b9: Processed 8520 samples out of 10000, 0 errors
23:17:24,543 INFO Experiment.PerfCost-40b9: Processed 8530 samples out of 10000, 0 errors
23:17:34,697 INFO Experiment.PerfCost-40b9: Processed 8540 samples out of 10000, 0 errors
23:17:44,822 INFO Experiment.PerfCost-40b9: Processed 8550 samples out of 10000, 0 errors
23:17:54,945 INFO Experiment.PerfCost-40b9: Processed 8560 samples out of 10000, 0 errors
23:18:05,69 INFO Experiment.PerfCost-40b9: Processed 8570 samples out of 10000, 0 errors
23:18:15,200 INFO Experiment.PerfCost-40b9: Processed 8580 samples out of 10000, 0 errors
23:18:25,315 INFO Experiment.PerfCost-40b9: Processed 8590 samples out of 10000, 0 errors
23:18:35,438 INFO Experiment.PerfCost-40b9: Processed 8600 samples out of 10000, 0 errors
23:18:45,588 INFO Experiment.PerfCost-40b9: Processed 8610 samples out of 10000, 0 errors
23:18:55,707 INFO Experiment.PerfCost-40b9: Processed 8620 samples out of 10000, 0 errors
23:19:05,826 INFO Experiment.PerfCost-40b9: Processed 8630 samples out of 10000, 0 errors
23:19:15,952 INFO Experiment.PerfCost-40b9: Processed 8640 samples out of 10000, 0 errors
23:19:26,66 INFO Experiment.PerfCost-40b9: Processed 8650 samples out of 10000, 0 errors
23:19:36,178 INFO Experiment.PerfCost-40b9: Processed 8660 samples out of 10000, 0 errors
23:19:46,303 INFO Experiment.PerfCost-40b9: Processed 8670 samples out of 10000, 0 errors
23:19:56,445 INFO Experiment.PerfCost-40b9: Processed 8680 samples out of 10000, 0 errors
23:20:06,584 INFO Experiment.PerfCost-40b9: Processed 8690 samples out of 10000, 0 errors
23:20:16,712 INFO Experiment.PerfCost-40b9: Processed 8700 samples out of 10000, 0 errors
23:20:26,822 INFO Experiment.PerfCost-40b9: Processed 8710 samples out of 10000, 0 errors
23:20:36,953 INFO Experiment.PerfCost-40b9: Processed 8720 samples out of 10000, 0 errors
23:20:47,114 INFO Experiment.PerfCost-40b9: Processed 8730 samples out of 10000, 0 errors
23:20:57,255 INFO Experiment.PerfCost-40b9: Processed 8740 samples out of 10000, 0 errors
23:21:07,379 INFO Experiment.PerfCost-40b9: Processed 8750 samples out of 10000, 0 errors
23:21:17,504 INFO Experiment.PerfCost-40b9: Processed 8760 samples out of 10000, 0 errors
23:21:27,627 INFO Experiment.PerfCost-40b9: Processed 8770 samples out of 10000, 0 errors
23:21:37,741 INFO Experiment.PerfCost-40b9: Processed 8780 samples out of 10000, 0 errors
23:21:47,861 INFO Experiment.PerfCost-40b9: Processed 8790 samples out of 10000, 0 errors
23:21:57,986 INFO Experiment.PerfCost-40b9: Processed 8800 samples out of 10000, 0 errors
23:22:08,194 INFO Experiment.PerfCost-40b9: Processed 8810 samples out of 10000, 0 errors
23:22:18,344 INFO Experiment.PerfCost-40b9: Processed 8820 samples out of 10000, 0 errors
23:22:28,464 INFO Experiment.PerfCost-40b9: Processed 8830 samples out of 10000, 0 errors
23:22:38,578 INFO Experiment.PerfCost-40b9: Processed 8840 samples out of 10000, 0 errors
23:22:48,691 INFO Experiment.PerfCost-40b9: Processed 8850 samples out of 10000, 0 errors
23:22:58,807 INFO Experiment.PerfCost-40b9: Processed 8860 samples out of 10000, 0 errors
23:23:08,967 INFO Experiment.PerfCost-40b9: Processed 8870 samples out of 10000, 0 errors
23:23:19,96 INFO Experiment.PerfCost-40b9: Processed 8880 samples out of 10000, 0 errors
23:23:29,235 INFO Experiment.PerfCost-40b9: Processed 8890 samples out of 10000, 0 errors
23:23:39,367 INFO Experiment.PerfCost-40b9: Processed 8900 samples out of 10000, 0 errors
23:23:49,527 INFO Experiment.PerfCost-40b9: Processed 8910 samples out of 10000, 0 errors
23:23:59,625 INFO Experiment.PerfCost-40b9: Processed 8920 samples out of 10000, 0 errors
23:24:09,762 INFO Experiment.PerfCost-40b9: Processed 8930 samples out of 10000, 0 errors
23:24:19,876 INFO Experiment.PerfCost-40b9: Processed 8940 samples out of 10000, 0 errors
23:24:30,4 INFO Experiment.PerfCost-40b9: Processed 8950 samples out of 10000, 0 errors
23:24:40,133 INFO Experiment.PerfCost-40b9: Processed 8960 samples out of 10000, 0 errors
23:24:50,255 INFO Experiment.PerfCost-40b9: Processed 8970 samples out of 10000, 0 errors
23:25:00,395 INFO Experiment.PerfCost-40b9: Processed 8980 samples out of 10000, 0 errors
23:25:10,580 INFO Experiment.PerfCost-40b9: Processed 8990 samples out of 10000, 0 errors
23:25:20,684 INFO Experiment.PerfCost-40b9: Processed 9000 samples out of 10000, 0 errors
23:25:30,835 INFO Experiment.PerfCost-40b9: Processed 9010 samples out of 10000, 0 errors
23:25:40,945 INFO Experiment.PerfCost-40b9: Processed 9020 samples out of 10000, 0 errors
23:25:51,115 INFO Experiment.PerfCost-40b9: Processed 9030 samples out of 10000, 0 errors
23:26:01,254 INFO Experiment.PerfCost-40b9: Processed 9040 samples out of 10000, 0 errors
23:26:11,372 INFO Experiment.PerfCost-40b9: Processed 9050 samples out of 10000, 0 errors
23:26:21,527 INFO Experiment.PerfCost-40b9: Processed 9060 samples out of 10000, 0 errors
23:26:31,655 INFO Experiment.PerfCost-40b9: Processed 9070 samples out of 10000, 0 errors
23:26:41,780 INFO Experiment.PerfCost-40b9: Processed 9080 samples out of 10000, 0 errors
23:26:51,911 INFO Experiment.PerfCost-40b9: Processed 9090 samples out of 10000, 0 errors
23:27:02,70 INFO Experiment.PerfCost-40b9: Processed 9100 samples out of 10000, 0 errors
23:27:12,227 INFO Experiment.PerfCost-40b9: Processed 9110 samples out of 10000, 0 errors
23:27:22,366 INFO Experiment.PerfCost-40b9: Processed 9120 samples out of 10000, 0 errors
23:27:32,479 INFO Experiment.PerfCost-40b9: Processed 9130 samples out of 10000, 0 errors
23:27:42,608 INFO Experiment.PerfCost-40b9: Processed 9140 samples out of 10000, 0 errors
23:27:52,729 INFO Experiment.PerfCost-40b9: Processed 9150 samples out of 10000, 0 errors
23:28:02,860 INFO Experiment.PerfCost-40b9: Processed 9160 samples out of 10000, 0 errors
23:28:12,978 INFO Experiment.PerfCost-40b9: Processed 9170 samples out of 10000, 0 errors
23:28:23,117 INFO Experiment.PerfCost-40b9: Processed 9180 samples out of 10000, 0 errors
23:28:33,234 INFO Experiment.PerfCost-40b9: Processed 9190 samples out of 10000, 0 errors
23:28:43,363 INFO Experiment.PerfCost-40b9: Processed 9200 samples out of 10000, 0 errors
23:28:53,516 INFO Experiment.PerfCost-40b9: Processed 9210 samples out of 10000, 0 errors
23:29:03,661 INFO Experiment.PerfCost-40b9: Processed 9220 samples out of 10000, 0 errors
23:29:13,797 INFO Experiment.PerfCost-40b9: Processed 9230 samples out of 10000, 0 errors
23:29:23,945 INFO Experiment.PerfCost-40b9: Processed 9240 samples out of 10000, 0 errors
23:29:34,88 INFO Experiment.PerfCost-40b9: Processed 9250 samples out of 10000, 0 errors
23:29:44,204 INFO Experiment.PerfCost-40b9: Processed 9260 samples out of 10000, 0 errors
23:29:54,328 INFO Experiment.PerfCost-40b9: Processed 9270 samples out of 10000, 0 errors
23:30:04,436 INFO Experiment.PerfCost-40b9: Processed 9280 samples out of 10000, 0 errors
23:30:14,572 INFO Experiment.PerfCost-40b9: Processed 9290 samples out of 10000, 0 errors
23:30:24,748 INFO Experiment.PerfCost-40b9: Processed 9300 samples out of 10000, 0 errors
23:30:34,864 INFO Experiment.PerfCost-40b9: Processed 9310 samples out of 10000, 0 errors
23:30:44,984 INFO Experiment.PerfCost-40b9: Processed 9320 samples out of 10000, 0 errors
23:30:55,122 INFO Experiment.PerfCost-40b9: Processed 9330 samples out of 10000, 0 errors
23:31:05,252 INFO Experiment.PerfCost-40b9: Processed 9340 samples out of 10000, 0 errors
23:31:15,380 INFO Experiment.PerfCost-40b9: Processed 9350 samples out of 10000, 0 errors
23:31:25,529 INFO Experiment.PerfCost-40b9: Processed 9360 samples out of 10000, 0 errors
23:31:35,656 INFO Experiment.PerfCost-40b9: Processed 9370 samples out of 10000, 0 errors
23:31:45,782 INFO Experiment.PerfCost-40b9: Processed 9380 samples out of 10000, 0 errors
23:31:55,901 INFO Experiment.PerfCost-40b9: Processed 9390 samples out of 10000, 0 errors
23:32:06,32 INFO Experiment.PerfCost-40b9: Processed 9400 samples out of 10000, 0 errors
23:32:16,213 INFO Experiment.PerfCost-40b9: Processed 9410 samples out of 10000, 0 errors
23:32:26,361 INFO Experiment.PerfCost-40b9: Processed 9420 samples out of 10000, 0 errors
23:32:36,490 INFO Experiment.PerfCost-40b9: Processed 9430 samples out of 10000, 0 errors
23:32:46,624 INFO Experiment.PerfCost-40b9: Processed 9440 samples out of 10000, 0 errors
23:32:56,756 INFO Experiment.PerfCost-40b9: Processed 9450 samples out of 10000, 0 errors
23:33:06,883 INFO Experiment.PerfCost-40b9: Processed 9460 samples out of 10000, 0 errors
23:33:17,18 INFO Experiment.PerfCost-40b9: Processed 9470 samples out of 10000, 0 errors
23:33:27,146 INFO Experiment.PerfCost-40b9: Processed 9480 samples out of 10000, 0 errors
23:33:37,271 INFO Experiment.PerfCost-40b9: Processed 9490 samples out of 10000, 0 errors
23:33:47,409 INFO Experiment.PerfCost-40b9: Processed 9500 samples out of 10000, 0 errors
23:33:57,540 INFO Experiment.PerfCost-40b9: Processed 9510 samples out of 10000, 0 errors
23:34:07,660 INFO Experiment.PerfCost-40b9: Processed 9520 samples out of 10000, 0 errors
23:34:17,791 INFO Experiment.PerfCost-40b9: Processed 9530 samples out of 10000, 0 errors
23:34:27,905 INFO Experiment.PerfCost-40b9: Processed 9540 samples out of 10000, 0 errors
23:34:38,31 INFO Experiment.PerfCost-40b9: Processed 9550 samples out of 10000, 0 errors
23:34:48,162 INFO Experiment.PerfCost-40b9: Processed 9560 samples out of 10000, 0 errors
23:34:58,295 INFO Experiment.PerfCost-40b9: Processed 9570 samples out of 10000, 0 errors
23:35:08,429 INFO Experiment.PerfCost-40b9: Processed 9580 samples out of 10000, 0 errors
23:35:18,553 INFO Experiment.PerfCost-40b9: Processed 9590 samples out of 10000, 0 errors
23:35:28,681 INFO Experiment.PerfCost-40b9: Processed 9600 samples out of 10000, 0 errors
23:35:38,857 INFO Experiment.PerfCost-40b9: Processed 9610 samples out of 10000, 0 errors
23:35:48,985 INFO Experiment.PerfCost-40b9: Processed 9620 samples out of 10000, 0 errors
23:35:59,96 INFO Experiment.PerfCost-40b9: Processed 9630 samples out of 10000, 0 errors
23:36:09,212 INFO Experiment.PerfCost-40b9: Processed 9640 samples out of 10000, 0 errors
23:36:19,348 INFO Experiment.PerfCost-40b9: Processed 9650 samples out of 10000, 0 errors
23:36:29,477 INFO Experiment.PerfCost-40b9: Processed 9660 samples out of 10000, 0 errors
23:36:39,619 INFO Experiment.PerfCost-40b9: Processed 9670 samples out of 10000, 0 errors
23:36:49,729 INFO Experiment.PerfCost-40b9: Processed 9680 samples out of 10000, 0 errors
23:36:59,864 INFO Experiment.PerfCost-40b9: Processed 9690 samples out of 10000, 0 errors
23:37:10,5 INFO Experiment.PerfCost-40b9: Processed 9700 samples out of 10000, 0 errors
23:37:20,173 INFO Experiment.PerfCost-40b9: Processed 9710 samples out of 10000, 0 errors
23:37:30,305 INFO Experiment.PerfCost-40b9: Processed 9720 samples out of 10000, 0 errors
23:37:40,413 INFO Experiment.PerfCost-40b9: Processed 9730 samples out of 10000, 0 errors
23:37:50,566 INFO Experiment.PerfCost-40b9: Processed 9740 samples out of 10000, 0 errors
23:38:00,705 INFO Experiment.PerfCost-40b9: Processed 9750 samples out of 10000, 0 errors
23:38:10,814 INFO Experiment.PerfCost-40b9: Processed 9760 samples out of 10000, 0 errors
23:38:20,962 INFO Experiment.PerfCost-40b9: Processed 9770 samples out of 10000, 0 errors
23:38:31,116 INFO Experiment.PerfCost-40b9: Processed 9780 samples out of 10000, 0 errors
23:38:41,240 INFO Experiment.PerfCost-40b9: Processed 9790 samples out of 10000, 0 errors
23:38:51,370 INFO Experiment.PerfCost-40b9: Processed 9800 samples out of 10000, 0 errors
23:39:01,492 INFO Experiment.PerfCost-40b9: Processed 9810 samples out of 10000, 0 errors
23:39:11,636 INFO Experiment.PerfCost-40b9: Processed 9820 samples out of 10000, 0 errors
23:39:21,776 INFO Experiment.PerfCost-40b9: Processed 9830 samples out of 10000, 0 errors
23:39:31,892 INFO Experiment.PerfCost-40b9: Processed 9840 samples out of 10000, 0 errors
23:39:42,10 INFO Experiment.PerfCost-40b9: Processed 9850 samples out of 10000, 0 errors
23:39:52,175 INFO Experiment.PerfCost-40b9: Processed 9860 samples out of 10000, 0 errors
23:40:02,296 INFO Experiment.PerfCost-40b9: Processed 9870 samples out of 10000, 0 errors
23:40:12,417 INFO Experiment.PerfCost-40b9: Processed 9880 samples out of 10000, 0 errors
23:40:22,542 INFO Experiment.PerfCost-40b9: Processed 9890 samples out of 10000, 0 errors
23:40:32,663 INFO Experiment.PerfCost-40b9: Processed 9900 samples out of 10000, 0 errors
23:40:42,791 INFO Experiment.PerfCost-40b9: Processed 9910 samples out of 10000, 0 errors
23:40:52,938 INFO Experiment.PerfCost-40b9: Processed 9920 samples out of 10000, 0 errors
23:41:03,60 INFO Experiment.PerfCost-40b9: Processed 9930 samples out of 10000, 0 errors
23:41:13,202 INFO Experiment.PerfCost-40b9: Processed 9940 samples out of 10000, 0 errors
23:41:23,339 INFO Experiment.PerfCost-40b9: Processed 9950 samples out of 10000, 0 errors
23:41:33,495 INFO Experiment.PerfCost-40b9: Processed 9960 samples out of 10000, 0 errors
23:41:43,617 INFO Experiment.PerfCost-40b9: Processed 9970 samples out of 10000, 0 errors
23:41:53,743 INFO Experiment.PerfCost-40b9: Processed 9980 samples out of 10000, 0 errors
23:42:03,853 INFO Experiment.PerfCost-40b9: Processed 9990 samples out of 10000, 0 errors
23:42:13,973 INFO Experiment.PerfCost-40b9: Processed 10000 samples out of 10000, 0 errors
23:42:18,985 INFO Experiment.PerfCost-40b9: Mean 81.7332538 [ms], median 79.465 [ms], std 27.724086795622064, CV 33.920204453700656
23:42:18,990 INFO Experiment.PerfCost-40b9: Parametric CI (Student's t-distribution) 0.95 from 81.18977872587165 to 82.27672887412835, within 0.6649375240318064% of mean
23:42:18,994 INFO Experiment.PerfCost-40b9: Non-parametric CI 0.95 from 78.715 to 80.231, within 0.9538790662555786% of median
23:42:18,997 INFO Experiment.PerfCost-40b9: Parametric CI (Student's t-distribution) 0.99 from 81.01895658749726 to 82.44755101250274, within 0.8739370810449035% of mean
23:42:18,999 INFO Experiment.PerfCost-40b9: Non-parametric CI 0.99 from 78.516 to 80.455, within 1.2200339772226723% of median
