23:47:14,226 INFO SeBS-91bf: Created experiment output at /home/anou/msc-thesis/task-based-experiment/experiment-results/python/on/instrumented/660.graph-pagerank
23:47:14,557 INFO OpenWhisk.Resources-6a2f: Using user-provided configuration of storage for OpenWhisk.
23:47:14,557 INFO OpenWhisk-4879: Using existing resource name: 8504288e.
23:47:14,561 INFO Benchmark-d60f: Building benchmark 660.graph-pagerank. Reason: no cached code package.
23:47:14,562 INFO Benchmark-d60f: There is no Docker build image for openwhisk run in python, thus skipping the Docker-based installation of dependencies.
23:47:14,563 INFO OpenWhisk-4879: Build the benchmark base image andersnou/msc-thesis:function.openwhisk.660.graph-pagerank.python-3.7.
23:47:15,35 INFO OpenWhisk-4879: Push the benchmark base image andersnou/msc-thesis:function.openwhisk.660.graph-pagerank.python-3.7 to registry: Docker Hub.
23:47:16,367 INFO OpenWhisk-4879: Created /home/anou/msc-thesis/task-based-experiment/experiment-results/python/on/instrumented/660.graph-pagerank/660.graph-pagerank_code/python/3.7/660.graph-pagerank.zip archive
23:47:16,367 INFO OpenWhisk-4879: Zip archive size 0.000734 MB
23:47:16,370 INFO Benchmark-d60f: Created code package (source hash: 130eb9d3d389c01d5246259b60325b46), for run on openwhisk with python:3.7
23:47:16,373 INFO OpenWhisk-4879: Creating new function! Reason: function 660.graph-pagerank-python-3.7 not found in cache.
23:47:16,373 INFO OpenWhisk-4879: Creating function as an action in OpenWhisk.
23:47:16,543 INFO OpenWhisk-4879: Creating new OpenWhisk action 660.graph-pagerank-python-3.7
23:47:16,829 INFO Experiment.PerfCost-7e17: Begin experiment on memory size 512
23:47:16,830 INFO OpenWhisk-4879: Update an existing OpenWhisk action 660.graph-pagerank-python-3.7.
23:47:17,12 INFO Experiment.PerfCost-7e17: Begin warm experiments
23:47:52,579 INFO Experiment.PerfCost-7e17: Processed 0 warm-up samples, ignoring these results.
23:48:02,698 INFO Experiment.PerfCost-7e17: Processed 10 samples out of 10000, 0 errors
23:48:12,816 INFO Experiment.PerfCost-7e17: Processed 20 samples out of 10000, 0 errors
23:48:22,916 INFO Experiment.PerfCost-7e17: Processed 30 samples out of 10000, 0 errors
23:48:33,13 INFO Experiment.PerfCost-7e17: Processed 40 samples out of 10000, 0 errors
23:48:43,112 INFO Experiment.PerfCost-7e17: Processed 50 samples out of 10000, 0 errors
23:48:53,212 INFO Experiment.PerfCost-7e17: Processed 60 samples out of 10000, 0 errors
23:49:03,315 INFO Experiment.PerfCost-7e17: Processed 70 samples out of 10000, 0 errors
23:49:13,412 INFO Experiment.PerfCost-7e17: Processed 80 samples out of 10000, 0 errors
23:49:23,520 INFO Experiment.PerfCost-7e17: Processed 90 samples out of 10000, 0 errors
23:49:33,625 INFO Experiment.PerfCost-7e17: Processed 100 samples out of 10000, 0 errors
23:49:43,753 INFO Experiment.PerfCost-7e17: Processed 110 samples out of 10000, 0 errors
23:49:53,850 INFO Experiment.PerfCost-7e17: Processed 120 samples out of 10000, 0 errors
23:50:03,948 INFO Experiment.PerfCost-7e17: Processed 130 samples out of 10000, 0 errors
23:50:14,45 INFO Experiment.PerfCost-7e17: Processed 140 samples out of 10000, 0 errors
23:50:24,151 INFO Experiment.PerfCost-7e17: Processed 150 samples out of 10000, 0 errors
23:50:34,255 INFO Experiment.PerfCost-7e17: Processed 160 samples out of 10000, 0 errors
23:50:44,347 INFO Experiment.PerfCost-7e17: Processed 170 samples out of 10000, 0 errors
23:50:54,448 INFO Experiment.PerfCost-7e17: Processed 180 samples out of 10000, 0 errors
23:51:04,550 INFO Experiment.PerfCost-7e17: Processed 190 samples out of 10000, 0 errors
23:51:14,655 INFO Experiment.PerfCost-7e17: Processed 200 samples out of 10000, 0 errors
23:51:24,757 INFO Experiment.PerfCost-7e17: Processed 210 samples out of 10000, 0 errors
23:51:34,862 INFO Experiment.PerfCost-7e17: Processed 220 samples out of 10000, 0 errors
23:51:44,957 INFO Experiment.PerfCost-7e17: Processed 230 samples out of 10000, 0 errors
23:51:55,69 INFO Experiment.PerfCost-7e17: Processed 240 samples out of 10000, 0 errors
23:52:05,178 INFO Experiment.PerfCost-7e17: Processed 250 samples out of 10000, 0 errors
23:52:15,284 INFO Experiment.PerfCost-7e17: Processed 260 samples out of 10000, 0 errors
23:52:25,413 INFO Experiment.PerfCost-7e17: Processed 270 samples out of 10000, 0 errors
23:52:35,524 INFO Experiment.PerfCost-7e17: Processed 280 samples out of 10000, 0 errors
23:52:45,647 INFO Experiment.PerfCost-7e17: Processed 290 samples out of 10000, 0 errors
23:52:55,767 INFO Experiment.PerfCost-7e17: Processed 300 samples out of 10000, 0 errors
23:53:05,867 INFO Experiment.PerfCost-7e17: Processed 310 samples out of 10000, 0 errors
23:53:15,968 INFO Experiment.PerfCost-7e17: Processed 320 samples out of 10000, 0 errors
23:53:26,67 INFO Experiment.PerfCost-7e17: Processed 330 samples out of 10000, 0 errors
23:53:36,180 INFO Experiment.PerfCost-7e17: Processed 340 samples out of 10000, 0 errors
23:53:46,293 INFO Experiment.PerfCost-7e17: Processed 350 samples out of 10000, 0 errors
23:53:56,392 INFO Experiment.PerfCost-7e17: Processed 360 samples out of 10000, 0 errors
23:54:06,498 INFO Experiment.PerfCost-7e17: Processed 370 samples out of 10000, 0 errors
23:54:16,644 INFO Experiment.PerfCost-7e17: Processed 380 samples out of 10000, 0 errors
23:54:26,748 INFO Experiment.PerfCost-7e17: Processed 390 samples out of 10000, 0 errors
23:54:36,845 INFO Experiment.PerfCost-7e17: Processed 400 samples out of 10000, 0 errors
23:54:46,937 INFO Experiment.PerfCost-7e17: Processed 410 samples out of 10000, 0 errors
23:54:57,47 INFO Experiment.PerfCost-7e17: Processed 420 samples out of 10000, 0 errors
23:55:07,162 INFO Experiment.PerfCost-7e17: Processed 430 samples out of 10000, 0 errors
23:55:17,254 INFO Experiment.PerfCost-7e17: Processed 440 samples out of 10000, 0 errors
23:55:27,367 INFO Experiment.PerfCost-7e17: Processed 450 samples out of 10000, 0 errors
23:55:37,475 INFO Experiment.PerfCost-7e17: Processed 460 samples out of 10000, 0 errors
23:55:47,578 INFO Experiment.PerfCost-7e17: Processed 470 samples out of 10000, 0 errors
23:55:57,684 INFO Experiment.PerfCost-7e17: Processed 480 samples out of 10000, 0 errors
23:56:07,811 INFO Experiment.PerfCost-7e17: Processed 490 samples out of 10000, 0 errors
23:56:17,924 INFO Experiment.PerfCost-7e17: Processed 500 samples out of 10000, 0 errors
23:56:28,58 INFO Experiment.PerfCost-7e17: Processed 510 samples out of 10000, 0 errors
23:56:38,162 INFO Experiment.PerfCost-7e17: Processed 520 samples out of 10000, 0 errors
23:56:48,263 INFO Experiment.PerfCost-7e17: Processed 530 samples out of 10000, 0 errors
23:56:58,368 INFO Experiment.PerfCost-7e17: Processed 540 samples out of 10000, 0 errors
23:57:08,477 INFO Experiment.PerfCost-7e17: Processed 550 samples out of 10000, 0 errors
23:57:18,584 INFO Experiment.PerfCost-7e17: Processed 560 samples out of 10000, 0 errors
23:57:28,726 INFO Experiment.PerfCost-7e17: Processed 570 samples out of 10000, 0 errors
23:57:38,842 INFO Experiment.PerfCost-7e17: Processed 580 samples out of 10000, 0 errors
23:57:48,939 INFO Experiment.PerfCost-7e17: Processed 590 samples out of 10000, 0 errors
23:57:59,71 INFO Experiment.PerfCost-7e17: Processed 600 samples out of 10000, 0 errors
23:58:09,169 INFO Experiment.PerfCost-7e17: Processed 610 samples out of 10000, 0 errors
23:58:19,286 INFO Experiment.PerfCost-7e17: Processed 620 samples out of 10000, 0 errors
23:58:29,383 INFO Experiment.PerfCost-7e17: Processed 630 samples out of 10000, 0 errors
23:58:39,496 INFO Experiment.PerfCost-7e17: Processed 640 samples out of 10000, 0 errors
23:58:49,599 INFO Experiment.PerfCost-7e17: Processed 650 samples out of 10000, 0 errors
23:58:59,713 INFO Experiment.PerfCost-7e17: Processed 660 samples out of 10000, 0 errors
23:59:09,812 INFO Experiment.PerfCost-7e17: Processed 670 samples out of 10000, 0 errors
23:59:19,917 INFO Experiment.PerfCost-7e17: Processed 680 samples out of 10000, 0 errors
23:59:30,31 INFO Experiment.PerfCost-7e17: Processed 690 samples out of 10000, 0 errors
23:59:40,135 INFO Experiment.PerfCost-7e17: Processed 700 samples out of 10000, 0 errors
23:59:50,250 INFO Experiment.PerfCost-7e17: Processed 710 samples out of 10000, 0 errors
00:00:00,358 INFO Experiment.PerfCost-7e17: Processed 720 samples out of 10000, 0 errors
00:00:10,456 INFO Experiment.PerfCost-7e17: Processed 730 samples out of 10000, 0 errors
00:00:20,562 INFO Experiment.PerfCost-7e17: Processed 740 samples out of 10000, 0 errors
00:00:30,654 INFO Experiment.PerfCost-7e17: Processed 750 samples out of 10000, 0 errors
00:00:40,752 INFO Experiment.PerfCost-7e17: Processed 760 samples out of 10000, 0 errors
00:00:50,850 INFO Experiment.PerfCost-7e17: Processed 770 samples out of 10000, 0 errors
00:01:00,952 INFO Experiment.PerfCost-7e17: Processed 780 samples out of 10000, 0 errors
00:01:11,66 INFO Experiment.PerfCost-7e17: Processed 790 samples out of 10000, 0 errors
00:01:21,165 INFO Experiment.PerfCost-7e17: Processed 800 samples out of 10000, 0 errors
00:01:31,270 INFO Experiment.PerfCost-7e17: Processed 810 samples out of 10000, 0 errors
00:01:41,374 INFO Experiment.PerfCost-7e17: Processed 820 samples out of 10000, 0 errors
00:01:51,483 INFO Experiment.PerfCost-7e17: Processed 830 samples out of 10000, 0 errors
00:02:01,590 INFO Experiment.PerfCost-7e17: Processed 840 samples out of 10000, 0 errors
00:02:11,683 INFO Experiment.PerfCost-7e17: Processed 850 samples out of 10000, 0 errors
00:02:21,790 INFO Experiment.PerfCost-7e17: Processed 860 samples out of 10000, 0 errors
00:02:31,923 INFO Experiment.PerfCost-7e17: Processed 870 samples out of 10000, 0 errors
00:02:42,112 INFO Experiment.PerfCost-7e17: Processed 880 samples out of 10000, 0 errors
00:02:52,220 INFO Experiment.PerfCost-7e17: Processed 890 samples out of 10000, 0 errors
00:03:02,333 INFO Experiment.PerfCost-7e17: Processed 900 samples out of 10000, 0 errors
00:03:12,441 INFO Experiment.PerfCost-7e17: Processed 910 samples out of 10000, 0 errors
00:03:22,556 INFO Experiment.PerfCost-7e17: Processed 920 samples out of 10000, 0 errors
00:03:32,664 INFO Experiment.PerfCost-7e17: Processed 930 samples out of 10000, 0 errors
00:03:42,773 INFO Experiment.PerfCost-7e17: Processed 940 samples out of 10000, 0 errors
00:03:52,878 INFO Experiment.PerfCost-7e17: Processed 950 samples out of 10000, 0 errors
00:04:02,993 INFO Experiment.PerfCost-7e17: Processed 960 samples out of 10000, 0 errors
00:04:13,94 INFO Experiment.PerfCost-7e17: Processed 970 samples out of 10000, 0 errors
00:04:23,190 INFO Experiment.PerfCost-7e17: Processed 980 samples out of 10000, 0 errors
00:04:33,307 INFO Experiment.PerfCost-7e17: Processed 990 samples out of 10000, 0 errors
00:04:43,415 INFO Experiment.PerfCost-7e17: Processed 1000 samples out of 10000, 0 errors
00:04:53,530 INFO Experiment.PerfCost-7e17: Processed 1010 samples out of 10000, 0 errors
00:05:03,634 INFO Experiment.PerfCost-7e17: Processed 1020 samples out of 10000, 0 errors
00:05:13,757 INFO Experiment.PerfCost-7e17: Processed 1030 samples out of 10000, 0 errors
00:05:23,855 INFO Experiment.PerfCost-7e17: Processed 1040 samples out of 10000, 0 errors
00:05:33,964 INFO Experiment.PerfCost-7e17: Processed 1050 samples out of 10000, 0 errors
00:05:44,74 INFO Experiment.PerfCost-7e17: Processed 1060 samples out of 10000, 0 errors
00:05:54,171 INFO Experiment.PerfCost-7e17: Processed 1070 samples out of 10000, 0 errors
00:06:04,279 INFO Experiment.PerfCost-7e17: Processed 1080 samples out of 10000, 0 errors
00:06:14,387 INFO Experiment.PerfCost-7e17: Processed 1090 samples out of 10000, 0 errors
00:06:24,482 INFO Experiment.PerfCost-7e17: Processed 1100 samples out of 10000, 0 errors
00:06:34,584 INFO Experiment.PerfCost-7e17: Processed 1110 samples out of 10000, 0 errors
00:06:44,712 INFO Experiment.PerfCost-7e17: Processed 1120 samples out of 10000, 0 errors
00:06:54,830 INFO Experiment.PerfCost-7e17: Processed 1130 samples out of 10000, 0 errors
00:07:04,972 INFO Experiment.PerfCost-7e17: Processed 1140 samples out of 10000, 0 errors
00:07:15,97 INFO Experiment.PerfCost-7e17: Processed 1150 samples out of 10000, 0 errors
00:07:25,245 INFO Experiment.PerfCost-7e17: Processed 1160 samples out of 10000, 0 errors
00:07:35,368 INFO Experiment.PerfCost-7e17: Processed 1170 samples out of 10000, 0 errors
00:07:45,510 INFO Experiment.PerfCost-7e17: Processed 1180 samples out of 10000, 0 errors
00:07:55,620 INFO Experiment.PerfCost-7e17: Processed 1190 samples out of 10000, 0 errors
00:08:05,743 INFO Experiment.PerfCost-7e17: Processed 1200 samples out of 10000, 0 errors
00:08:15,853 INFO Experiment.PerfCost-7e17: Processed 1210 samples out of 10000, 0 errors
00:08:25,962 INFO Experiment.PerfCost-7e17: Processed 1220 samples out of 10000, 0 errors
00:08:36,82 INFO Experiment.PerfCost-7e17: Processed 1230 samples out of 10000, 0 errors
00:08:46,203 INFO Experiment.PerfCost-7e17: Processed 1240 samples out of 10000, 0 errors
00:08:56,328 INFO Experiment.PerfCost-7e17: Processed 1250 samples out of 10000, 0 errors
00:09:06,454 INFO Experiment.PerfCost-7e17: Processed 1260 samples out of 10000, 0 errors
00:09:16,565 INFO Experiment.PerfCost-7e17: Processed 1270 samples out of 10000, 0 errors
00:09:26,698 INFO Experiment.PerfCost-7e17: Processed 1280 samples out of 10000, 0 errors
00:09:36,848 INFO Experiment.PerfCost-7e17: Processed 1290 samples out of 10000, 0 errors
00:09:46,963 INFO Experiment.PerfCost-7e17: Processed 1300 samples out of 10000, 0 errors
00:09:57,115 INFO Experiment.PerfCost-7e17: Processed 1310 samples out of 10000, 0 errors
00:10:07,224 INFO Experiment.PerfCost-7e17: Processed 1320 samples out of 10000, 0 errors
00:10:17,354 INFO Experiment.PerfCost-7e17: Processed 1330 samples out of 10000, 0 errors
00:10:27,457 INFO Experiment.PerfCost-7e17: Processed 1340 samples out of 10000, 0 errors
00:10:37,593 INFO Experiment.PerfCost-7e17: Processed 1350 samples out of 10000, 0 errors
00:10:47,708 INFO Experiment.PerfCost-7e17: Processed 1360 samples out of 10000, 0 errors
00:10:57,845 INFO Experiment.PerfCost-7e17: Processed 1370 samples out of 10000, 0 errors
00:11:07,967 INFO Experiment.PerfCost-7e17: Processed 1380 samples out of 10000, 0 errors
00:11:18,85 INFO Experiment.PerfCost-7e17: Processed 1390 samples out of 10000, 0 errors
00:11:28,220 INFO Experiment.PerfCost-7e17: Processed 1400 samples out of 10000, 0 errors
00:11:38,346 INFO Experiment.PerfCost-7e17: Processed 1410 samples out of 10000, 0 errors
00:11:48,447 INFO Experiment.PerfCost-7e17: Processed 1420 samples out of 10000, 0 errors
00:11:58,612 INFO Experiment.PerfCost-7e17: Processed 1430 samples out of 10000, 0 errors
00:12:08,727 INFO Experiment.PerfCost-7e17: Processed 1440 samples out of 10000, 0 errors
00:12:18,844 INFO Experiment.PerfCost-7e17: Processed 1450 samples out of 10000, 0 errors
00:12:28,971 INFO Experiment.PerfCost-7e17: Processed 1460 samples out of 10000, 0 errors
00:12:39,128 INFO Experiment.PerfCost-7e17: Processed 1470 samples out of 10000, 0 errors
00:12:49,246 INFO Experiment.PerfCost-7e17: Processed 1480 samples out of 10000, 0 errors
00:12:59,355 INFO Experiment.PerfCost-7e17: Processed 1490 samples out of 10000, 0 errors
00:13:09,523 INFO Experiment.PerfCost-7e17: Processed 1500 samples out of 10000, 0 errors
00:13:19,618 INFO Experiment.PerfCost-7e17: Processed 1510 samples out of 10000, 0 errors
00:13:29,721 INFO Experiment.PerfCost-7e17: Processed 1520 samples out of 10000, 0 errors
00:13:39,852 INFO Experiment.PerfCost-7e17: Processed 1530 samples out of 10000, 0 errors
00:13:49,967 INFO Experiment.PerfCost-7e17: Processed 1540 samples out of 10000, 0 errors
00:14:00,113 INFO Experiment.PerfCost-7e17: Processed 1550 samples out of 10000, 0 errors
00:14:10,231 INFO Experiment.PerfCost-7e17: Processed 1560 samples out of 10000, 0 errors
00:14:20,331 INFO Experiment.PerfCost-7e17: Processed 1570 samples out of 10000, 0 errors
00:14:30,459 INFO Experiment.PerfCost-7e17: Processed 1580 samples out of 10000, 0 errors
00:14:40,607 INFO Experiment.PerfCost-7e17: Processed 1590 samples out of 10000, 0 errors
00:14:50,722 INFO Experiment.PerfCost-7e17: Processed 1600 samples out of 10000, 0 errors
00:15:00,845 INFO Experiment.PerfCost-7e17: Processed 1610 samples out of 10000, 0 errors
00:15:10,972 INFO Experiment.PerfCost-7e17: Processed 1620 samples out of 10000, 0 errors
00:15:21,91 INFO Experiment.PerfCost-7e17: Processed 1630 samples out of 10000, 0 errors
00:15:31,212 INFO Experiment.PerfCost-7e17: Processed 1640 samples out of 10000, 0 errors
00:15:41,324 INFO Experiment.PerfCost-7e17: Processed 1650 samples out of 10000, 0 errors
00:15:51,487 INFO Experiment.PerfCost-7e17: Processed 1660 samples out of 10000, 0 errors
00:16:01,601 INFO Experiment.PerfCost-7e17: Processed 1670 samples out of 10000, 0 errors
00:16:11,754 INFO Experiment.PerfCost-7e17: Processed 1680 samples out of 10000, 0 errors
00:16:21,860 INFO Experiment.PerfCost-7e17: Processed 1690 samples out of 10000, 0 errors
00:16:31,978 INFO Experiment.PerfCost-7e17: Processed 1700 samples out of 10000, 0 errors
00:16:42,112 INFO Experiment.PerfCost-7e17: Processed 1710 samples out of 10000, 0 errors
00:16:52,242 INFO Experiment.PerfCost-7e17: Processed 1720 samples out of 10000, 0 errors
00:17:02,358 INFO Experiment.PerfCost-7e17: Processed 1730 samples out of 10000, 0 errors
00:17:12,473 INFO Experiment.PerfCost-7e17: Processed 1740 samples out of 10000, 0 errors
00:17:22,612 INFO Experiment.PerfCost-7e17: Processed 1750 samples out of 10000, 0 errors
00:17:32,706 INFO Experiment.PerfCost-7e17: Processed 1760 samples out of 10000, 0 errors
00:17:42,862 INFO Experiment.PerfCost-7e17: Processed 1770 samples out of 10000, 0 errors
00:17:52,986 INFO Experiment.PerfCost-7e17: Processed 1780 samples out of 10000, 0 errors
00:18:03,82 INFO Experiment.PerfCost-7e17: Processed 1790 samples out of 10000, 0 errors
00:18:13,229 INFO Experiment.PerfCost-7e17: Processed 1800 samples out of 10000, 0 errors
00:18:23,320 INFO Experiment.PerfCost-7e17: Processed 1810 samples out of 10000, 0 errors
00:18:33,442 INFO Experiment.PerfCost-7e17: Processed 1820 samples out of 10000, 0 errors
00:18:43,552 INFO Experiment.PerfCost-7e17: Processed 1830 samples out of 10000, 0 errors
00:18:53,665 INFO Experiment.PerfCost-7e17: Processed 1840 samples out of 10000, 0 errors
00:19:03,778 INFO Experiment.PerfCost-7e17: Processed 1850 samples out of 10000, 0 errors
00:19:13,936 INFO Experiment.PerfCost-7e17: Processed 1860 samples out of 10000, 0 errors
00:19:24,50 INFO Experiment.PerfCost-7e17: Processed 1870 samples out of 10000, 0 errors
00:19:34,174 INFO Experiment.PerfCost-7e17: Processed 1880 samples out of 10000, 0 errors
00:19:44,282 INFO Experiment.PerfCost-7e17: Processed 1890 samples out of 10000, 0 errors
00:19:54,398 INFO Experiment.PerfCost-7e17: Processed 1900 samples out of 10000, 0 errors
00:20:04,537 INFO Experiment.PerfCost-7e17: Processed 1910 samples out of 10000, 0 errors
00:20:14,634 INFO Experiment.PerfCost-7e17: Processed 1920 samples out of 10000, 0 errors
00:20:24,756 INFO Experiment.PerfCost-7e17: Processed 1930 samples out of 10000, 0 errors
00:20:34,903 INFO Experiment.PerfCost-7e17: Processed 1940 samples out of 10000, 0 errors
00:20:45,55 INFO Experiment.PerfCost-7e17: Processed 1950 samples out of 10000, 0 errors
00:20:55,169 INFO Experiment.PerfCost-7e17: Processed 1960 samples out of 10000, 0 errors
00:21:05,265 INFO Experiment.PerfCost-7e17: Processed 1970 samples out of 10000, 0 errors
00:21:15,409 INFO Experiment.PerfCost-7e17: Processed 1980 samples out of 10000, 0 errors
00:21:25,523 INFO Experiment.PerfCost-7e17: Processed 1990 samples out of 10000, 0 errors
00:21:35,637 INFO Experiment.PerfCost-7e17: Processed 2000 samples out of 10000, 0 errors
00:21:45,782 INFO Experiment.PerfCost-7e17: Processed 2010 samples out of 10000, 0 errors
00:21:55,882 INFO Experiment.PerfCost-7e17: Processed 2020 samples out of 10000, 0 errors
00:22:06,28 INFO Experiment.PerfCost-7e17: Processed 2030 samples out of 10000, 0 errors
00:22:16,175 INFO Experiment.PerfCost-7e17: Processed 2040 samples out of 10000, 0 errors
00:22:26,277 INFO Experiment.PerfCost-7e17: Processed 2050 samples out of 10000, 0 errors
00:22:36,406 INFO Experiment.PerfCost-7e17: Processed 2060 samples out of 10000, 0 errors
00:22:46,553 INFO Experiment.PerfCost-7e17: Processed 2070 samples out of 10000, 0 errors
00:22:56,671 INFO Experiment.PerfCost-7e17: Processed 2080 samples out of 10000, 0 errors
00:23:06,784 INFO Experiment.PerfCost-7e17: Processed 2090 samples out of 10000, 0 errors
00:23:16,896 INFO Experiment.PerfCost-7e17: Processed 2100 samples out of 10000, 0 errors
00:23:27,0 INFO Experiment.PerfCost-7e17: Processed 2110 samples out of 10000, 0 errors
00:23:37,139 INFO Experiment.PerfCost-7e17: Processed 2120 samples out of 10000, 0 errors
00:23:47,252 INFO Experiment.PerfCost-7e17: Processed 2130 samples out of 10000, 0 errors
00:23:57,387 INFO Experiment.PerfCost-7e17: Processed 2140 samples out of 10000, 0 errors
00:24:07,484 INFO Experiment.PerfCost-7e17: Processed 2150 samples out of 10000, 0 errors
00:24:17,633 INFO Experiment.PerfCost-7e17: Processed 2160 samples out of 10000, 0 errors
00:24:27,735 INFO Experiment.PerfCost-7e17: Processed 2170 samples out of 10000, 0 errors
00:24:37,873 INFO Experiment.PerfCost-7e17: Processed 2180 samples out of 10000, 0 errors
00:24:47,991 INFO Experiment.PerfCost-7e17: Processed 2190 samples out of 10000, 0 errors
00:24:58,117 INFO Experiment.PerfCost-7e17: Processed 2200 samples out of 10000, 0 errors
00:25:08,245 INFO Experiment.PerfCost-7e17: Processed 2210 samples out of 10000, 0 errors
00:25:18,347 INFO Experiment.PerfCost-7e17: Processed 2220 samples out of 10000, 0 errors
00:25:28,471 INFO Experiment.PerfCost-7e17: Processed 2230 samples out of 10000, 0 errors
00:25:38,596 INFO Experiment.PerfCost-7e17: Processed 2240 samples out of 10000, 0 errors
00:25:48,702 INFO Experiment.PerfCost-7e17: Processed 2250 samples out of 10000, 0 errors
00:25:58,862 INFO Experiment.PerfCost-7e17: Processed 2260 samples out of 10000, 0 errors
00:26:08,954 INFO Experiment.PerfCost-7e17: Processed 2270 samples out of 10000, 0 errors
00:26:19,108 INFO Experiment.PerfCost-7e17: Processed 2280 samples out of 10000, 0 errors
00:26:29,224 INFO Experiment.PerfCost-7e17: Processed 2290 samples out of 10000, 0 errors
00:26:39,342 INFO Experiment.PerfCost-7e17: Processed 2300 samples out of 10000, 0 errors
00:26:49,468 INFO Experiment.PerfCost-7e17: Processed 2310 samples out of 10000, 0 errors
00:26:59,598 INFO Experiment.PerfCost-7e17: Processed 2320 samples out of 10000, 0 errors
00:27:09,731 INFO Experiment.PerfCost-7e17: Processed 2330 samples out of 10000, 0 errors
00:27:19,847 INFO Experiment.PerfCost-7e17: Processed 2340 samples out of 10000, 0 errors
00:27:30,37 INFO Experiment.PerfCost-7e17: Processed 2350 samples out of 10000, 0 errors
00:27:40,156 INFO Experiment.PerfCost-7e17: Processed 2360 samples out of 10000, 0 errors
00:27:50,288 INFO Experiment.PerfCost-7e17: Processed 2370 samples out of 10000, 0 errors
00:28:00,414 INFO Experiment.PerfCost-7e17: Processed 2380 samples out of 10000, 0 errors
00:28:10,510 INFO Experiment.PerfCost-7e17: Processed 2390 samples out of 10000, 0 errors
00:28:20,626 INFO Experiment.PerfCost-7e17: Processed 2400 samples out of 10000, 0 errors
00:28:30,733 INFO Experiment.PerfCost-7e17: Processed 2410 samples out of 10000, 0 errors
00:28:40,838 INFO Experiment.PerfCost-7e17: Processed 2420 samples out of 10000, 0 errors
00:28:50,972 INFO Experiment.PerfCost-7e17: Processed 2430 samples out of 10000, 0 errors
00:29:01,95 INFO Experiment.PerfCost-7e17: Processed 2440 samples out of 10000, 0 errors
00:29:11,196 INFO Experiment.PerfCost-7e17: Processed 2450 samples out of 10000, 0 errors
00:29:21,303 INFO Experiment.PerfCost-7e17: Processed 2460 samples out of 10000, 0 errors
00:29:31,442 INFO Experiment.PerfCost-7e17: Processed 2470 samples out of 10000, 0 errors
00:29:41,547 INFO Experiment.PerfCost-7e17: Processed 2480 samples out of 10000, 0 errors
00:29:51,666 INFO Experiment.PerfCost-7e17: Processed 2490 samples out of 10000, 0 errors
00:30:01,805 INFO Experiment.PerfCost-7e17: Processed 2500 samples out of 10000, 0 errors
00:30:11,909 INFO Experiment.PerfCost-7e17: Processed 2510 samples out of 10000, 0 errors
00:30:22,57 INFO Experiment.PerfCost-7e17: Processed 2520 samples out of 10000, 0 errors
00:30:32,158 INFO Experiment.PerfCost-7e17: Processed 2530 samples out of 10000, 0 errors
00:30:42,276 INFO Experiment.PerfCost-7e17: Processed 2540 samples out of 10000, 0 errors
00:30:52,404 INFO Experiment.PerfCost-7e17: Processed 2550 samples out of 10000, 0 errors
00:31:02,494 INFO Experiment.PerfCost-7e17: Processed 2560 samples out of 10000, 0 errors
00:31:12,651 INFO Experiment.PerfCost-7e17: Processed 2570 samples out of 10000, 0 errors
00:31:22,776 INFO Experiment.PerfCost-7e17: Processed 2580 samples out of 10000, 0 errors
00:31:32,904 INFO Experiment.PerfCost-7e17: Processed 2590 samples out of 10000, 0 errors
00:31:42,998 INFO Experiment.PerfCost-7e17: Processed 2600 samples out of 10000, 0 errors
00:31:53,136 INFO Experiment.PerfCost-7e17: Processed 2610 samples out of 10000, 0 errors
00:32:03,276 INFO Experiment.PerfCost-7e17: Processed 2620 samples out of 10000, 0 errors
00:32:13,423 INFO Experiment.PerfCost-7e17: Processed 2630 samples out of 10000, 0 errors
00:32:23,527 INFO Experiment.PerfCost-7e17: Processed 2640 samples out of 10000, 0 errors
00:32:33,678 INFO Experiment.PerfCost-7e17: Processed 2650 samples out of 10000, 0 errors
00:32:43,776 INFO Experiment.PerfCost-7e17: Processed 2660 samples out of 10000, 0 errors
00:32:53,910 INFO Experiment.PerfCost-7e17: Processed 2670 samples out of 10000, 0 errors
00:33:04,19 INFO Experiment.PerfCost-7e17: Processed 2680 samples out of 10000, 0 errors
00:33:14,143 INFO Experiment.PerfCost-7e17: Processed 2690 samples out of 10000, 0 errors
00:33:24,260 INFO Experiment.PerfCost-7e17: Processed 2700 samples out of 10000, 0 errors
00:33:34,386 INFO Experiment.PerfCost-7e17: Processed 2710 samples out of 10000, 0 errors
00:33:44,536 INFO Experiment.PerfCost-7e17: Processed 2720 samples out of 10000, 0 errors
00:33:54,654 INFO Experiment.PerfCost-7e17: Processed 2730 samples out of 10000, 0 errors
00:34:04,797 INFO Experiment.PerfCost-7e17: Processed 2740 samples out of 10000, 0 errors
00:34:14,911 INFO Experiment.PerfCost-7e17: Processed 2750 samples out of 10000, 0 errors
00:34:25,52 INFO Experiment.PerfCost-7e17: Processed 2760 samples out of 10000, 0 errors
00:34:35,167 INFO Experiment.PerfCost-7e17: Processed 2770 samples out of 10000, 0 errors
00:34:45,276 INFO Experiment.PerfCost-7e17: Processed 2780 samples out of 10000, 0 errors
00:34:55,419 INFO Experiment.PerfCost-7e17: Processed 2790 samples out of 10000, 0 errors
00:35:05,539 INFO Experiment.PerfCost-7e17: Processed 2800 samples out of 10000, 0 errors
00:35:15,690 INFO Experiment.PerfCost-7e17: Processed 2810 samples out of 10000, 0 errors
00:35:25,812 INFO Experiment.PerfCost-7e17: Processed 2820 samples out of 10000, 0 errors
00:35:35,936 INFO Experiment.PerfCost-7e17: Processed 2830 samples out of 10000, 0 errors
00:35:46,64 INFO Experiment.PerfCost-7e17: Processed 2840 samples out of 10000, 0 errors
00:35:56,177 INFO Experiment.PerfCost-7e17: Processed 2850 samples out of 10000, 0 errors
00:36:06,298 INFO Experiment.PerfCost-7e17: Processed 2860 samples out of 10000, 0 errors
00:36:16,419 INFO Experiment.PerfCost-7e17: Processed 2870 samples out of 10000, 0 errors
00:36:26,538 INFO Experiment.PerfCost-7e17: Processed 2880 samples out of 10000, 0 errors
00:36:36,658 INFO Experiment.PerfCost-7e17: Processed 2890 samples out of 10000, 0 errors
00:36:46,780 INFO Experiment.PerfCost-7e17: Processed 2900 samples out of 10000, 0 errors
00:36:56,935 INFO Experiment.PerfCost-7e17: Processed 2910 samples out of 10000, 0 errors
00:37:07,54 INFO Experiment.PerfCost-7e17: Processed 2920 samples out of 10000, 0 errors
00:37:17,185 INFO Experiment.PerfCost-7e17: Processed 2930 samples out of 10000, 0 errors
00:37:27,328 INFO Experiment.PerfCost-7e17: Processed 2940 samples out of 10000, 0 errors
00:37:37,448 INFO Experiment.PerfCost-7e17: Processed 2950 samples out of 10000, 0 errors
00:37:47,570 INFO Experiment.PerfCost-7e17: Processed 2960 samples out of 10000, 0 errors
00:37:57,733 INFO Experiment.PerfCost-7e17: Processed 2970 samples out of 10000, 0 errors
00:38:07,855 INFO Experiment.PerfCost-7e17: Processed 2980 samples out of 10000, 0 errors
00:38:17,960 INFO Experiment.PerfCost-7e17: Processed 2990 samples out of 10000, 0 errors
00:38:28,128 INFO Experiment.PerfCost-7e17: Processed 3000 samples out of 10000, 0 errors
00:38:38,234 INFO Experiment.PerfCost-7e17: Processed 3010 samples out of 10000, 0 errors
00:38:48,358 INFO Experiment.PerfCost-7e17: Processed 3020 samples out of 10000, 0 errors
00:38:58,468 INFO Experiment.PerfCost-7e17: Processed 3030 samples out of 10000, 0 errors
00:39:08,609 INFO Experiment.PerfCost-7e17: Processed 3040 samples out of 10000, 0 errors
00:39:18,704 INFO Experiment.PerfCost-7e17: Processed 3050 samples out of 10000, 0 errors
00:39:28,849 INFO Experiment.PerfCost-7e17: Processed 3060 samples out of 10000, 0 errors
00:39:39,0 INFO Experiment.PerfCost-7e17: Processed 3070 samples out of 10000, 0 errors
00:39:49,137 INFO Experiment.PerfCost-7e17: Processed 3080 samples out of 10000, 0 errors
00:39:59,249 INFO Experiment.PerfCost-7e17: Processed 3090 samples out of 10000, 0 errors
00:40:09,356 INFO Experiment.PerfCost-7e17: Processed 3100 samples out of 10000, 0 errors
00:40:19,505 INFO Experiment.PerfCost-7e17: Processed 3110 samples out of 10000, 0 errors
00:40:29,624 INFO Experiment.PerfCost-7e17: Processed 3120 samples out of 10000, 0 errors
00:40:39,757 INFO Experiment.PerfCost-7e17: Processed 3130 samples out of 10000, 0 errors
00:40:49,878 INFO Experiment.PerfCost-7e17: Processed 3140 samples out of 10000, 0 errors
00:41:00,16 INFO Experiment.PerfCost-7e17: Processed 3150 samples out of 10000, 0 errors
00:41:10,140 INFO Experiment.PerfCost-7e17: Processed 3160 samples out of 10000, 0 errors
00:41:20,255 INFO Experiment.PerfCost-7e17: Processed 3170 samples out of 10000, 0 errors
00:41:30,391 INFO Experiment.PerfCost-7e17: Processed 3180 samples out of 10000, 0 errors
00:41:40,518 INFO Experiment.PerfCost-7e17: Processed 3190 samples out of 10000, 0 errors
00:41:50,639 INFO Experiment.PerfCost-7e17: Processed 3200 samples out of 10000, 0 errors
00:42:00,763 INFO Experiment.PerfCost-7e17: Processed 3210 samples out of 10000, 0 errors
00:42:10,881 INFO Experiment.PerfCost-7e17: Processed 3220 samples out of 10000, 0 errors
00:42:21,19 INFO Experiment.PerfCost-7e17: Processed 3230 samples out of 10000, 0 errors
00:42:31,127 INFO Experiment.PerfCost-7e17: Processed 3240 samples out of 10000, 0 errors
00:42:41,263 INFO Experiment.PerfCost-7e17: Processed 3250 samples out of 10000, 0 errors
00:42:51,404 INFO Experiment.PerfCost-7e17: Processed 3260 samples out of 10000, 0 errors
00:43:01,547 INFO Experiment.PerfCost-7e17: Processed 3270 samples out of 10000, 0 errors
00:43:11,691 INFO Experiment.PerfCost-7e17: Processed 3280 samples out of 10000, 0 errors
00:43:21,816 INFO Experiment.PerfCost-7e17: Processed 3290 samples out of 10000, 0 errors
00:43:31,935 INFO Experiment.PerfCost-7e17: Processed 3300 samples out of 10000, 0 errors
00:43:42,45 INFO Experiment.PerfCost-7e17: Processed 3310 samples out of 10000, 0 errors
00:43:52,170 INFO Experiment.PerfCost-7e17: Processed 3320 samples out of 10000, 0 errors
00:44:02,297 INFO Experiment.PerfCost-7e17: Processed 3330 samples out of 10000, 0 errors
00:44:12,412 INFO Experiment.PerfCost-7e17: Processed 3340 samples out of 10000, 0 errors
00:44:22,525 INFO Experiment.PerfCost-7e17: Processed 3350 samples out of 10000, 0 errors
00:44:32,659 INFO Experiment.PerfCost-7e17: Processed 3360 samples out of 10000, 0 errors
00:44:42,781 INFO Experiment.PerfCost-7e17: Processed 3370 samples out of 10000, 0 errors
00:44:52,876 INFO Experiment.PerfCost-7e17: Processed 3380 samples out of 10000, 0 errors
00:45:02,995 INFO Experiment.PerfCost-7e17: Processed 3390 samples out of 10000, 0 errors
00:45:13,131 INFO Experiment.PerfCost-7e17: Processed 3400 samples out of 10000, 0 errors
00:45:23,257 INFO Experiment.PerfCost-7e17: Processed 3410 samples out of 10000, 0 errors
00:45:33,380 INFO Experiment.PerfCost-7e17: Processed 3420 samples out of 10000, 0 errors
00:45:43,501 INFO Experiment.PerfCost-7e17: Processed 3430 samples out of 10000, 0 errors
00:45:53,648 INFO Experiment.PerfCost-7e17: Processed 3440 samples out of 10000, 0 errors
00:46:03,751 INFO Experiment.PerfCost-7e17: Processed 3450 samples out of 10000, 0 errors
00:46:13,864 INFO Experiment.PerfCost-7e17: Processed 3460 samples out of 10000, 0 errors
00:46:24,1 INFO Experiment.PerfCost-7e17: Processed 3470 samples out of 10000, 0 errors
00:46:34,124 INFO Experiment.PerfCost-7e17: Processed 3480 samples out of 10000, 0 errors
00:46:44,226 INFO Experiment.PerfCost-7e17: Processed 3490 samples out of 10000, 0 errors
00:46:54,332 INFO Experiment.PerfCost-7e17: Processed 3500 samples out of 10000, 0 errors
00:47:04,464 INFO Experiment.PerfCost-7e17: Processed 3510 samples out of 10000, 0 errors
00:47:14,602 INFO Experiment.PerfCost-7e17: Processed 3520 samples out of 10000, 0 errors
00:47:24,711 INFO Experiment.PerfCost-7e17: Processed 3530 samples out of 10000, 0 errors
00:47:34,869 INFO Experiment.PerfCost-7e17: Processed 3540 samples out of 10000, 0 errors
00:47:45,3 INFO Experiment.PerfCost-7e17: Processed 3550 samples out of 10000, 0 errors
00:47:55,114 INFO Experiment.PerfCost-7e17: Processed 3560 samples out of 10000, 0 errors
00:48:05,265 INFO Experiment.PerfCost-7e17: Processed 3570 samples out of 10000, 0 errors
00:48:15,383 INFO Experiment.PerfCost-7e17: Processed 3580 samples out of 10000, 0 errors
00:48:25,511 INFO Experiment.PerfCost-7e17: Processed 3590 samples out of 10000, 0 errors
00:48:35,649 INFO Experiment.PerfCost-7e17: Processed 3600 samples out of 10000, 0 errors
00:48:45,783 INFO Experiment.PerfCost-7e17: Processed 3610 samples out of 10000, 0 errors
00:48:55,877 INFO Experiment.PerfCost-7e17: Processed 3620 samples out of 10000, 0 errors
00:49:06,43 INFO Experiment.PerfCost-7e17: Processed 3630 samples out of 10000, 0 errors
00:49:16,157 INFO Experiment.PerfCost-7e17: Processed 3640 samples out of 10000, 0 errors
00:49:26,277 INFO Experiment.PerfCost-7e17: Processed 3650 samples out of 10000, 0 errors
00:49:36,406 INFO Experiment.PerfCost-7e17: Processed 3660 samples out of 10000, 0 errors
00:49:46,546 INFO Experiment.PerfCost-7e17: Processed 3670 samples out of 10000, 0 errors
00:49:56,683 INFO Experiment.PerfCost-7e17: Processed 3680 samples out of 10000, 0 errors
00:50:06,795 INFO Experiment.PerfCost-7e17: Processed 3690 samples out of 10000, 0 errors
00:50:16,933 INFO Experiment.PerfCost-7e17: Processed 3700 samples out of 10000, 0 errors
00:50:27,45 INFO Experiment.PerfCost-7e17: Processed 3710 samples out of 10000, 0 errors
00:50:37,171 INFO Experiment.PerfCost-7e17: Processed 3720 samples out of 10000, 0 errors
00:50:47,301 INFO Experiment.PerfCost-7e17: Processed 3730 samples out of 10000, 0 errors
00:50:57,423 INFO Experiment.PerfCost-7e17: Processed 3740 samples out of 10000, 0 errors
00:51:07,562 INFO Experiment.PerfCost-7e17: Processed 3750 samples out of 10000, 0 errors
00:51:17,708 INFO Experiment.PerfCost-7e17: Processed 3760 samples out of 10000, 0 errors
00:51:27,828 INFO Experiment.PerfCost-7e17: Processed 3770 samples out of 10000, 0 errors
00:51:37,956 INFO Experiment.PerfCost-7e17: Processed 3780 samples out of 10000, 0 errors
00:51:48,87 INFO Experiment.PerfCost-7e17: Processed 3790 samples out of 10000, 0 errors
00:51:58,209 INFO Experiment.PerfCost-7e17: Processed 3800 samples out of 10000, 0 errors
00:52:08,323 INFO Experiment.PerfCost-7e17: Processed 3810 samples out of 10000, 0 errors
00:52:18,458 INFO Experiment.PerfCost-7e17: Processed 3820 samples out of 10000, 0 errors
00:52:28,577 INFO Experiment.PerfCost-7e17: Processed 3830 samples out of 10000, 0 errors
00:52:38,722 INFO Experiment.PerfCost-7e17: Processed 3840 samples out of 10000, 0 errors
00:52:48,843 INFO Experiment.PerfCost-7e17: Processed 3850 samples out of 10000, 0 errors
00:52:58,952 INFO Experiment.PerfCost-7e17: Processed 3860 samples out of 10000, 0 errors
00:53:09,112 INFO Experiment.PerfCost-7e17: Processed 3870 samples out of 10000, 0 errors
00:53:19,242 INFO Experiment.PerfCost-7e17: Processed 3880 samples out of 10000, 0 errors
00:53:29,357 INFO Experiment.PerfCost-7e17: Processed 3890 samples out of 10000, 0 errors
00:53:39,495 INFO Experiment.PerfCost-7e17: Processed 3900 samples out of 10000, 0 errors
00:53:49,608 INFO Experiment.PerfCost-7e17: Processed 3910 samples out of 10000, 0 errors
00:53:59,719 INFO Experiment.PerfCost-7e17: Processed 3920 samples out of 10000, 0 errors
00:54:09,863 INFO Experiment.PerfCost-7e17: Processed 3930 samples out of 10000, 0 errors
00:54:19,965 INFO Experiment.PerfCost-7e17: Processed 3940 samples out of 10000, 0 errors
00:54:30,73 INFO Experiment.PerfCost-7e17: Processed 3950 samples out of 10000, 0 errors
00:54:40,233 INFO Experiment.PerfCost-7e17: Processed 3960 samples out of 10000, 0 errors
00:54:50,342 INFO Experiment.PerfCost-7e17: Processed 3970 samples out of 10000, 0 errors
00:55:00,487 INFO Experiment.PerfCost-7e17: Processed 3980 samples out of 10000, 0 errors
00:55:10,609 INFO Experiment.PerfCost-7e17: Processed 3990 samples out of 10000, 0 errors
00:55:20,737 INFO Experiment.PerfCost-7e17: Processed 4000 samples out of 10000, 0 errors
00:55:30,857 INFO Experiment.PerfCost-7e17: Processed 4010 samples out of 10000, 0 errors
00:55:40,973 INFO Experiment.PerfCost-7e17: Processed 4020 samples out of 10000, 0 errors
00:55:51,78 INFO Experiment.PerfCost-7e17: Processed 4030 samples out of 10000, 0 errors
00:56:01,223 INFO Experiment.PerfCost-7e17: Processed 4040 samples out of 10000, 0 errors
00:56:11,330 INFO Experiment.PerfCost-7e17: Processed 4050 samples out of 10000, 0 errors
00:56:21,484 INFO Experiment.PerfCost-7e17: Processed 4060 samples out of 10000, 0 errors
00:56:31,603 INFO Experiment.PerfCost-7e17: Processed 4070 samples out of 10000, 0 errors
00:56:41,729 INFO Experiment.PerfCost-7e17: Processed 4080 samples out of 10000, 0 errors
00:56:51,840 INFO Experiment.PerfCost-7e17: Processed 4090 samples out of 10000, 0 errors
00:57:01,958 INFO Experiment.PerfCost-7e17: Processed 4100 samples out of 10000, 0 errors
00:57:12,115 INFO Experiment.PerfCost-7e17: Processed 4110 samples out of 10000, 0 errors
00:57:22,225 INFO Experiment.PerfCost-7e17: Processed 4120 samples out of 10000, 0 errors
00:57:32,348 INFO Experiment.PerfCost-7e17: Processed 4130 samples out of 10000, 0 errors
00:57:42,484 INFO Experiment.PerfCost-7e17: Processed 4140 samples out of 10000, 0 errors
00:57:52,595 INFO Experiment.PerfCost-7e17: Processed 4150 samples out of 10000, 0 errors
00:58:02,702 INFO Experiment.PerfCost-7e17: Processed 4160 samples out of 10000, 0 errors
00:58:12,886 INFO Experiment.PerfCost-7e17: Processed 4170 samples out of 10000, 0 errors
00:58:23,22 INFO Experiment.PerfCost-7e17: Processed 4180 samples out of 10000, 0 errors
00:58:33,150 INFO Experiment.PerfCost-7e17: Processed 4190 samples out of 10000, 0 errors
00:58:43,261 INFO Experiment.PerfCost-7e17: Processed 4200 samples out of 10000, 0 errors
00:58:53,396 INFO Experiment.PerfCost-7e17: Processed 4210 samples out of 10000, 0 errors
00:59:03,495 INFO Experiment.PerfCost-7e17: Processed 4220 samples out of 10000, 0 errors
00:59:13,642 INFO Experiment.PerfCost-7e17: Processed 4230 samples out of 10000, 0 errors
00:59:23,752 INFO Experiment.PerfCost-7e17: Processed 4240 samples out of 10000, 0 errors
00:59:33,864 INFO Experiment.PerfCost-7e17: Processed 4250 samples out of 10000, 0 errors
00:59:43,997 INFO Experiment.PerfCost-7e17: Processed 4260 samples out of 10000, 0 errors
00:59:54,133 INFO Experiment.PerfCost-7e17: Processed 4270 samples out of 10000, 0 errors
01:00:04,273 INFO Experiment.PerfCost-7e17: Processed 4280 samples out of 10000, 0 errors
01:00:14,392 INFO Experiment.PerfCost-7e17: Processed 4290 samples out of 10000, 0 errors
01:00:24,513 INFO Experiment.PerfCost-7e17: Processed 4300 samples out of 10000, 0 errors
01:00:34,658 INFO Experiment.PerfCost-7e17: Processed 4310 samples out of 10000, 0 errors
01:00:44,822 INFO Experiment.PerfCost-7e17: Processed 4320 samples out of 10000, 0 errors
01:00:54,958 INFO Experiment.PerfCost-7e17: Processed 4330 samples out of 10000, 0 errors
01:01:05,68 INFO Experiment.PerfCost-7e17: Processed 4340 samples out of 10000, 0 errors
01:01:15,213 INFO Experiment.PerfCost-7e17: Processed 4350 samples out of 10000, 0 errors
01:01:25,375 INFO Experiment.PerfCost-7e17: Processed 4360 samples out of 10000, 0 errors
01:01:35,484 INFO Experiment.PerfCost-7e17: Processed 4370 samples out of 10000, 0 errors
01:01:45,643 INFO Experiment.PerfCost-7e17: Processed 4380 samples out of 10000, 0 errors
01:01:55,778 INFO Experiment.PerfCost-7e17: Processed 4390 samples out of 10000, 0 errors
01:02:05,908 INFO Experiment.PerfCost-7e17: Processed 4400 samples out of 10000, 0 errors
01:02:16,13 INFO Experiment.PerfCost-7e17: Processed 4410 samples out of 10000, 0 errors
01:02:26,151 INFO Experiment.PerfCost-7e17: Processed 4420 samples out of 10000, 0 errors
01:02:36,275 INFO Experiment.PerfCost-7e17: Processed 4430 samples out of 10000, 0 errors
01:02:46,426 INFO Experiment.PerfCost-7e17: Processed 4440 samples out of 10000, 0 errors
01:02:56,538 INFO Experiment.PerfCost-7e17: Processed 4450 samples out of 10000, 0 errors
01:03:06,685 INFO Experiment.PerfCost-7e17: Processed 4460 samples out of 10000, 0 errors
01:03:16,849 INFO Experiment.PerfCost-7e17: Processed 4470 samples out of 10000, 0 errors
01:03:26,992 INFO Experiment.PerfCost-7e17: Processed 4480 samples out of 10000, 0 errors
01:03:37,114 INFO Experiment.PerfCost-7e17: Processed 4490 samples out of 10000, 0 errors
01:03:47,237 INFO Experiment.PerfCost-7e17: Processed 4500 samples out of 10000, 0 errors
01:03:57,382 INFO Experiment.PerfCost-7e17: Processed 4510 samples out of 10000, 0 errors
01:04:07,498 INFO Experiment.PerfCost-7e17: Processed 4520 samples out of 10000, 0 errors
01:04:17,628 INFO Experiment.PerfCost-7e17: Processed 4530 samples out of 10000, 0 errors
01:04:27,765 INFO Experiment.PerfCost-7e17: Processed 4540 samples out of 10000, 0 errors
01:04:37,887 INFO Experiment.PerfCost-7e17: Processed 4550 samples out of 10000, 0 errors
01:04:48,43 INFO Experiment.PerfCost-7e17: Processed 4560 samples out of 10000, 0 errors
01:04:58,220 INFO Experiment.PerfCost-7e17: Processed 4570 samples out of 10000, 0 errors
01:05:08,334 INFO Experiment.PerfCost-7e17: Processed 4580 samples out of 10000, 0 errors
01:05:18,464 INFO Experiment.PerfCost-7e17: Processed 4590 samples out of 10000, 0 errors
01:05:28,599 INFO Experiment.PerfCost-7e17: Processed 4600 samples out of 10000, 0 errors
01:05:38,728 INFO Experiment.PerfCost-7e17: Processed 4610 samples out of 10000, 0 errors
01:05:48,848 INFO Experiment.PerfCost-7e17: Processed 4620 samples out of 10000, 0 errors
01:05:58,977 INFO Experiment.PerfCost-7e17: Processed 4630 samples out of 10000, 0 errors
01:06:09,114 INFO Experiment.PerfCost-7e17: Processed 4640 samples out of 10000, 0 errors
01:06:19,251 INFO Experiment.PerfCost-7e17: Processed 4650 samples out of 10000, 0 errors
01:06:29,389 INFO Experiment.PerfCost-7e17: Processed 4660 samples out of 10000, 0 errors
01:06:39,508 INFO Experiment.PerfCost-7e17: Processed 4670 samples out of 10000, 0 errors
01:06:49,647 INFO Experiment.PerfCost-7e17: Processed 4680 samples out of 10000, 0 errors
01:06:59,769 INFO Experiment.PerfCost-7e17: Processed 4690 samples out of 10000, 0 errors
01:07:09,924 INFO Experiment.PerfCost-7e17: Processed 4700 samples out of 10000, 0 errors
01:07:20,61 INFO Experiment.PerfCost-7e17: Processed 4710 samples out of 10000, 0 errors
01:07:30,177 INFO Experiment.PerfCost-7e17: Processed 4720 samples out of 10000, 0 errors
01:07:40,325 INFO Experiment.PerfCost-7e17: Processed 4730 samples out of 10000, 0 errors
01:07:50,460 INFO Experiment.PerfCost-7e17: Processed 4740 samples out of 10000, 0 errors
01:08:00,599 INFO Experiment.PerfCost-7e17: Processed 4750 samples out of 10000, 0 errors
01:08:10,721 INFO Experiment.PerfCost-7e17: Processed 4760 samples out of 10000, 0 errors
01:08:20,858 INFO Experiment.PerfCost-7e17: Processed 4770 samples out of 10000, 0 errors
01:08:31,2 INFO Experiment.PerfCost-7e17: Processed 4780 samples out of 10000, 0 errors
01:08:41,117 INFO Experiment.PerfCost-7e17: Processed 4790 samples out of 10000, 0 errors
01:08:51,260 INFO Experiment.PerfCost-7e17: Processed 4800 samples out of 10000, 0 errors
01:09:01,393 INFO Experiment.PerfCost-7e17: Processed 4810 samples out of 10000, 0 errors
01:09:11,508 INFO Experiment.PerfCost-7e17: Processed 4820 samples out of 10000, 0 errors
01:09:21,616 INFO Experiment.PerfCost-7e17: Processed 4830 samples out of 10000, 0 errors
01:09:31,737 INFO Experiment.PerfCost-7e17: Processed 4840 samples out of 10000, 0 errors
01:09:41,889 INFO Experiment.PerfCost-7e17: Processed 4850 samples out of 10000, 0 errors
01:09:52,0 INFO Experiment.PerfCost-7e17: Processed 4860 samples out of 10000, 0 errors
01:10:02,131 INFO Experiment.PerfCost-7e17: Processed 4870 samples out of 10000, 0 errors
01:10:12,271 INFO Experiment.PerfCost-7e17: Processed 4880 samples out of 10000, 0 errors
01:10:22,399 INFO Experiment.PerfCost-7e17: Processed 4890 samples out of 10000, 0 errors
01:10:32,523 INFO Experiment.PerfCost-7e17: Processed 4900 samples out of 10000, 0 errors
01:10:42,702 INFO Experiment.PerfCost-7e17: Processed 4910 samples out of 10000, 0 errors
01:10:52,826 INFO Experiment.PerfCost-7e17: Processed 4920 samples out of 10000, 0 errors
01:11:02,948 INFO Experiment.PerfCost-7e17: Processed 4930 samples out of 10000, 0 errors
01:11:13,62 INFO Experiment.PerfCost-7e17: Processed 4940 samples out of 10000, 0 errors
01:11:23,192 INFO Experiment.PerfCost-7e17: Processed 4950 samples out of 10000, 0 errors
01:11:33,315 INFO Experiment.PerfCost-7e17: Processed 4960 samples out of 10000, 0 errors
01:11:43,437 INFO Experiment.PerfCost-7e17: Processed 4970 samples out of 10000, 0 errors
01:11:53,547 INFO Experiment.PerfCost-7e17: Processed 4980 samples out of 10000, 0 errors
01:12:03,690 INFO Experiment.PerfCost-7e17: Processed 4990 samples out of 10000, 0 errors
01:12:13,822 INFO Experiment.PerfCost-7e17: Processed 5000 samples out of 10000, 0 errors
01:12:23,959 INFO Experiment.PerfCost-7e17: Processed 5010 samples out of 10000, 0 errors
01:12:34,116 INFO Experiment.PerfCost-7e17: Processed 5020 samples out of 10000, 0 errors
01:12:44,256 INFO Experiment.PerfCost-7e17: Processed 5030 samples out of 10000, 0 errors
01:12:54,384 INFO Experiment.PerfCost-7e17: Processed 5040 samples out of 10000, 0 errors
01:13:04,493 INFO Experiment.PerfCost-7e17: Processed 5050 samples out of 10000, 0 errors
01:13:14,633 INFO Experiment.PerfCost-7e17: Processed 5060 samples out of 10000, 0 errors
01:13:24,784 INFO Experiment.PerfCost-7e17: Processed 5070 samples out of 10000, 0 errors
01:13:34,939 INFO Experiment.PerfCost-7e17: Processed 5080 samples out of 10000, 0 errors
01:13:45,68 INFO Experiment.PerfCost-7e17: Processed 5090 samples out of 10000, 0 errors
01:13:55,237 INFO Experiment.PerfCost-7e17: Processed 5100 samples out of 10000, 0 errors
01:14:05,362 INFO Experiment.PerfCost-7e17: Processed 5110 samples out of 10000, 0 errors
01:14:15,493 INFO Experiment.PerfCost-7e17: Processed 5120 samples out of 10000, 0 errors
01:14:25,616 INFO Experiment.PerfCost-7e17: Processed 5130 samples out of 10000, 0 errors
01:14:35,746 INFO Experiment.PerfCost-7e17: Processed 5140 samples out of 10000, 0 errors
01:14:45,920 INFO Experiment.PerfCost-7e17: Processed 5150 samples out of 10000, 0 errors
01:14:56,55 INFO Experiment.PerfCost-7e17: Processed 5160 samples out of 10000, 0 errors
01:15:06,200 INFO Experiment.PerfCost-7e17: Processed 5170 samples out of 10000, 0 errors
01:15:16,314 INFO Experiment.PerfCost-7e17: Processed 5180 samples out of 10000, 0 errors
01:15:26,439 INFO Experiment.PerfCost-7e17: Processed 5190 samples out of 10000, 0 errors
01:15:36,558 INFO Experiment.PerfCost-7e17: Processed 5200 samples out of 10000, 0 errors
01:15:46,688 INFO Experiment.PerfCost-7e17: Processed 5210 samples out of 10000, 0 errors
01:15:56,810 INFO Experiment.PerfCost-7e17: Processed 5220 samples out of 10000, 0 errors
01:16:06,949 INFO Experiment.PerfCost-7e17: Processed 5230 samples out of 10000, 0 errors
01:16:17,69 INFO Experiment.PerfCost-7e17: Processed 5240 samples out of 10000, 0 errors
01:16:27,205 INFO Experiment.PerfCost-7e17: Processed 5250 samples out of 10000, 0 errors
01:16:37,344 INFO Experiment.PerfCost-7e17: Processed 5260 samples out of 10000, 0 errors
01:16:47,512 INFO Experiment.PerfCost-7e17: Processed 5270 samples out of 10000, 0 errors
01:16:57,640 INFO Experiment.PerfCost-7e17: Processed 5280 samples out of 10000, 0 errors
01:17:07,781 INFO Experiment.PerfCost-7e17: Processed 5290 samples out of 10000, 0 errors
01:17:17,904 INFO Experiment.PerfCost-7e17: Processed 5300 samples out of 10000, 0 errors
01:17:28,41 INFO Experiment.PerfCost-7e17: Processed 5310 samples out of 10000, 0 errors
01:17:38,177 INFO Experiment.PerfCost-7e17: Processed 5320 samples out of 10000, 0 errors
01:17:48,307 INFO Experiment.PerfCost-7e17: Processed 5330 samples out of 10000, 0 errors
01:17:58,442 INFO Experiment.PerfCost-7e17: Processed 5340 samples out of 10000, 0 errors
01:18:08,569 INFO Experiment.PerfCost-7e17: Processed 5350 samples out of 10000, 0 errors
01:18:18,703 INFO Experiment.PerfCost-7e17: Processed 5360 samples out of 10000, 0 errors
01:18:28,854 INFO Experiment.PerfCost-7e17: Processed 5370 samples out of 10000, 0 errors
01:18:38,992 INFO Experiment.PerfCost-7e17: Processed 5380 samples out of 10000, 0 errors
01:18:49,138 INFO Experiment.PerfCost-7e17: Processed 5390 samples out of 10000, 0 errors
01:18:59,300 INFO Experiment.PerfCost-7e17: Processed 5400 samples out of 10000, 0 errors
01:19:09,434 INFO Experiment.PerfCost-7e17: Processed 5410 samples out of 10000, 0 errors
01:19:19,562 INFO Experiment.PerfCost-7e17: Processed 5420 samples out of 10000, 0 errors
01:19:29,703 INFO Experiment.PerfCost-7e17: Processed 5430 samples out of 10000, 0 errors
01:19:39,830 INFO Experiment.PerfCost-7e17: Processed 5440 samples out of 10000, 0 errors
01:19:49,969 INFO Experiment.PerfCost-7e17: Processed 5450 samples out of 10000, 0 errors
01:20:00,96 INFO Experiment.PerfCost-7e17: Processed 5460 samples out of 10000, 0 errors
01:20:10,239 INFO Experiment.PerfCost-7e17: Processed 5470 samples out of 10000, 0 errors
01:20:20,365 INFO Experiment.PerfCost-7e17: Processed 5480 samples out of 10000, 0 errors
01:20:30,543 INFO Experiment.PerfCost-7e17: Processed 5490 samples out of 10000, 0 errors
01:20:40,682 INFO Experiment.PerfCost-7e17: Processed 5500 samples out of 10000, 0 errors
01:20:50,809 INFO Experiment.PerfCost-7e17: Processed 5510 samples out of 10000, 0 errors
01:21:00,929 INFO Experiment.PerfCost-7e17: Processed 5520 samples out of 10000, 0 errors
01:21:11,65 INFO Experiment.PerfCost-7e17: Processed 5530 samples out of 10000, 0 errors
01:21:21,187 INFO Experiment.PerfCost-7e17: Processed 5540 samples out of 10000, 0 errors
01:21:31,334 INFO Experiment.PerfCost-7e17: Processed 5550 samples out of 10000, 0 errors
01:21:41,466 INFO Experiment.PerfCost-7e17: Processed 5560 samples out of 10000, 0 errors
01:21:51,591 INFO Experiment.PerfCost-7e17: Processed 5570 samples out of 10000, 0 errors
01:22:01,730 INFO Experiment.PerfCost-7e17: Processed 5580 samples out of 10000, 0 errors
01:22:11,865 INFO Experiment.PerfCost-7e17: Processed 5590 samples out of 10000, 0 errors
01:22:21,996 INFO Experiment.PerfCost-7e17: Processed 5600 samples out of 10000, 0 errors
01:22:32,134 INFO Experiment.PerfCost-7e17: Processed 5610 samples out of 10000, 0 errors
01:22:42,271 INFO Experiment.PerfCost-7e17: Processed 5620 samples out of 10000, 0 errors
01:22:52,401 INFO Experiment.PerfCost-7e17: Processed 5630 samples out of 10000, 0 errors
01:23:02,529 INFO Experiment.PerfCost-7e17: Processed 5640 samples out of 10000, 0 errors
01:23:12,674 INFO Experiment.PerfCost-7e17: Processed 5650 samples out of 10000, 0 errors
01:23:22,805 INFO Experiment.PerfCost-7e17: Processed 5660 samples out of 10000, 0 errors
01:23:32,966 INFO Experiment.PerfCost-7e17: Processed 5670 samples out of 10000, 0 errors
01:23:43,85 INFO Experiment.PerfCost-7e17: Processed 5680 samples out of 10000, 0 errors
01:23:53,215 INFO Experiment.PerfCost-7e17: Processed 5690 samples out of 10000, 0 errors
01:24:03,350 INFO Experiment.PerfCost-7e17: Processed 5700 samples out of 10000, 0 errors
01:24:13,480 INFO Experiment.PerfCost-7e17: Processed 5710 samples out of 10000, 0 errors
01:24:23,616 INFO Experiment.PerfCost-7e17: Processed 5720 samples out of 10000, 0 errors
01:24:33,783 INFO Experiment.PerfCost-7e17: Processed 5730 samples out of 10000, 0 errors
01:24:43,920 INFO Experiment.PerfCost-7e17: Processed 5740 samples out of 10000, 0 errors
01:24:54,47 INFO Experiment.PerfCost-7e17: Processed 5750 samples out of 10000, 0 errors
01:25:04,188 INFO Experiment.PerfCost-7e17: Processed 5760 samples out of 10000, 0 errors
01:25:14,320 INFO Experiment.PerfCost-7e17: Processed 5770 samples out of 10000, 0 errors
01:25:24,447 INFO Experiment.PerfCost-7e17: Processed 5780 samples out of 10000, 0 errors
01:25:34,572 INFO Experiment.PerfCost-7e17: Processed 5790 samples out of 10000, 0 errors
01:25:44,698 INFO Experiment.PerfCost-7e17: Processed 5800 samples out of 10000, 0 errors
01:25:54,838 INFO Experiment.PerfCost-7e17: Processed 5810 samples out of 10000, 0 errors
01:26:04,966 INFO Experiment.PerfCost-7e17: Processed 5820 samples out of 10000, 0 errors
01:26:15,103 INFO Experiment.PerfCost-7e17: Processed 5830 samples out of 10000, 0 errors
01:26:25,243 INFO Experiment.PerfCost-7e17: Processed 5840 samples out of 10000, 0 errors
01:26:35,384 INFO Experiment.PerfCost-7e17: Processed 5850 samples out of 10000, 0 errors
01:26:45,517 INFO Experiment.PerfCost-7e17: Processed 5860 samples out of 10000, 0 errors
01:26:55,646 INFO Experiment.PerfCost-7e17: Processed 5870 samples out of 10000, 0 errors
01:27:05,783 INFO Experiment.PerfCost-7e17: Processed 5880 samples out of 10000, 0 errors
01:27:16,39 INFO Experiment.PerfCost-7e17: Processed 5890 samples out of 10000, 0 errors
01:27:26,174 INFO Experiment.PerfCost-7e17: Processed 5900 samples out of 10000, 0 errors
01:27:36,305 INFO Experiment.PerfCost-7e17: Processed 5910 samples out of 10000, 0 errors
01:27:46,444 INFO Experiment.PerfCost-7e17: Processed 5920 samples out of 10000, 0 errors
01:27:56,575 INFO Experiment.PerfCost-7e17: Processed 5930 samples out of 10000, 0 errors
01:28:06,711 INFO Experiment.PerfCost-7e17: Processed 5940 samples out of 10000, 0 errors
01:28:16,857 INFO Experiment.PerfCost-7e17: Processed 5950 samples out of 10000, 0 errors
01:28:26,979 INFO Experiment.PerfCost-7e17: Processed 5960 samples out of 10000, 0 errors
01:28:37,130 INFO Experiment.PerfCost-7e17: Processed 5970 samples out of 10000, 0 errors
01:28:47,298 INFO Experiment.PerfCost-7e17: Processed 5980 samples out of 10000, 0 errors
01:28:57,435 INFO Experiment.PerfCost-7e17: Processed 5990 samples out of 10000, 0 errors
01:29:07,603 INFO Experiment.PerfCost-7e17: Processed 6000 samples out of 10000, 0 errors
01:29:17,737 INFO Experiment.PerfCost-7e17: Processed 6010 samples out of 10000, 0 errors
01:29:27,875 INFO Experiment.PerfCost-7e17: Processed 6020 samples out of 10000, 0 errors
01:29:37,999 INFO Experiment.PerfCost-7e17: Processed 6030 samples out of 10000, 0 errors
01:29:48,130 INFO Experiment.PerfCost-7e17: Processed 6040 samples out of 10000, 0 errors
01:29:58,260 INFO Experiment.PerfCost-7e17: Processed 6050 samples out of 10000, 0 errors
01:30:08,390 INFO Experiment.PerfCost-7e17: Processed 6060 samples out of 10000, 0 errors
01:30:18,522 INFO Experiment.PerfCost-7e17: Processed 6070 samples out of 10000, 0 errors
01:30:28,664 INFO Experiment.PerfCost-7e17: Processed 6080 samples out of 10000, 0 errors
01:30:38,809 INFO Experiment.PerfCost-7e17: Processed 6090 samples out of 10000, 0 errors
01:30:48,948 INFO Experiment.PerfCost-7e17: Processed 6100 samples out of 10000, 0 errors
01:30:59,82 INFO Experiment.PerfCost-7e17: Processed 6110 samples out of 10000, 0 errors
01:31:09,269 INFO Experiment.PerfCost-7e17: Processed 6120 samples out of 10000, 0 errors
01:31:19,412 INFO Experiment.PerfCost-7e17: Processed 6130 samples out of 10000, 0 errors
01:31:29,544 INFO Experiment.PerfCost-7e17: Processed 6140 samples out of 10000, 0 errors
01:31:39,680 INFO Experiment.PerfCost-7e17: Processed 6150 samples out of 10000, 0 errors
01:31:49,813 INFO Experiment.PerfCost-7e17: Processed 6160 samples out of 10000, 0 errors
01:31:59,950 INFO Experiment.PerfCost-7e17: Processed 6170 samples out of 10000, 0 errors
01:32:10,97 INFO Experiment.PerfCost-7e17: Processed 6180 samples out of 10000, 0 errors
01:32:20,235 INFO Experiment.PerfCost-7e17: Processed 6190 samples out of 10000, 0 errors
01:32:30,371 INFO Experiment.PerfCost-7e17: Processed 6200 samples out of 10000, 0 errors
01:32:40,506 INFO Experiment.PerfCost-7e17: Processed 6210 samples out of 10000, 0 errors
01:32:50,644 INFO Experiment.PerfCost-7e17: Processed 6220 samples out of 10000, 0 errors
01:33:00,783 INFO Experiment.PerfCost-7e17: Processed 6230 samples out of 10000, 0 errors
01:33:10,920 INFO Experiment.PerfCost-7e17: Processed 6240 samples out of 10000, 0 errors
01:33:21,43 INFO Experiment.PerfCost-7e17: Processed 6250 samples out of 10000, 0 errors
01:33:31,192 INFO Experiment.PerfCost-7e17: Processed 6260 samples out of 10000, 0 errors
01:33:41,357 INFO Experiment.PerfCost-7e17: Processed 6270 samples out of 10000, 0 errors
01:33:51,515 INFO Experiment.PerfCost-7e17: Processed 6280 samples out of 10000, 0 errors
01:34:01,658 INFO Experiment.PerfCost-7e17: Processed 6290 samples out of 10000, 0 errors
01:34:11,799 INFO Experiment.PerfCost-7e17: Processed 6300 samples out of 10000, 0 errors
01:34:21,933 INFO Experiment.PerfCost-7e17: Processed 6310 samples out of 10000, 0 errors
01:34:32,73 INFO Experiment.PerfCost-7e17: Processed 6320 samples out of 10000, 0 errors
01:34:42,217 INFO Experiment.PerfCost-7e17: Processed 6330 samples out of 10000, 0 errors
01:34:52,351 INFO Experiment.PerfCost-7e17: Processed 6340 samples out of 10000, 0 errors
01:35:02,477 INFO Experiment.PerfCost-7e17: Processed 6350 samples out of 10000, 0 errors
01:35:12,636 INFO Experiment.PerfCost-7e17: Processed 6360 samples out of 10000, 0 errors
01:35:22,778 INFO Experiment.PerfCost-7e17: Processed 6370 samples out of 10000, 0 errors
01:35:32,912 INFO Experiment.PerfCost-7e17: Processed 6380 samples out of 10000, 0 errors
01:35:43,41 INFO Experiment.PerfCost-7e17: Processed 6390 samples out of 10000, 0 errors
01:35:53,174 INFO Experiment.PerfCost-7e17: Processed 6400 samples out of 10000, 0 errors
01:36:03,311 INFO Experiment.PerfCost-7e17: Processed 6410 samples out of 10000, 0 errors
01:36:13,448 INFO Experiment.PerfCost-7e17: Processed 6420 samples out of 10000, 0 errors
01:36:23,574 INFO Experiment.PerfCost-7e17: Processed 6430 samples out of 10000, 0 errors
01:36:33,707 INFO Experiment.PerfCost-7e17: Processed 6440 samples out of 10000, 0 errors
01:36:43,849 INFO Experiment.PerfCost-7e17: Processed 6450 samples out of 10000, 0 errors
01:36:53,980 INFO Experiment.PerfCost-7e17: Processed 6460 samples out of 10000, 0 errors
01:37:04,110 INFO Experiment.PerfCost-7e17: Processed 6470 samples out of 10000, 0 errors
01:37:14,239 INFO Experiment.PerfCost-7e17: Processed 6480 samples out of 10000, 0 errors
01:37:24,381 INFO Experiment.PerfCost-7e17: Processed 6490 samples out of 10000, 0 errors
01:37:34,511 INFO Experiment.PerfCost-7e17: Processed 6500 samples out of 10000, 0 errors
01:37:44,637 INFO Experiment.PerfCost-7e17: Processed 6510 samples out of 10000, 0 errors
01:37:54,752 INFO Experiment.PerfCost-7e17: Processed 6520 samples out of 10000, 0 errors
01:38:04,875 INFO Experiment.PerfCost-7e17: Processed 6530 samples out of 10000, 0 errors
01:38:15,9 INFO Experiment.PerfCost-7e17: Processed 6540 samples out of 10000, 0 errors
01:38:25,138 INFO Experiment.PerfCost-7e17: Processed 6550 samples out of 10000, 0 errors
01:38:35,281 INFO Experiment.PerfCost-7e17: Processed 6560 samples out of 10000, 0 errors
01:38:45,439 INFO Experiment.PerfCost-7e17: Processed 6570 samples out of 10000, 0 errors
01:38:55,590 INFO Experiment.PerfCost-7e17: Processed 6580 samples out of 10000, 0 errors
01:39:05,722 INFO Experiment.PerfCost-7e17: Processed 6590 samples out of 10000, 0 errors
01:39:15,860 INFO Experiment.PerfCost-7e17: Processed 6600 samples out of 10000, 0 errors
01:39:25,999 INFO Experiment.PerfCost-7e17: Processed 6610 samples out of 10000, 0 errors
01:39:36,132 INFO Experiment.PerfCost-7e17: Processed 6620 samples out of 10000, 0 errors
01:39:46,259 INFO Experiment.PerfCost-7e17: Processed 6630 samples out of 10000, 0 errors
01:39:56,399 INFO Experiment.PerfCost-7e17: Processed 6640 samples out of 10000, 0 errors
01:40:06,539 INFO Experiment.PerfCost-7e17: Processed 6650 samples out of 10000, 0 errors
01:40:16,685 INFO Experiment.PerfCost-7e17: Processed 6660 samples out of 10000, 0 errors
01:40:26,812 INFO Experiment.PerfCost-7e17: Processed 6670 samples out of 10000, 0 errors
01:40:36,951 INFO Experiment.PerfCost-7e17: Processed 6680 samples out of 10000, 0 errors
01:40:47,74 INFO Experiment.PerfCost-7e17: Processed 6690 samples out of 10000, 0 errors
01:40:57,210 INFO Experiment.PerfCost-7e17: Processed 6700 samples out of 10000, 0 errors
01:41:07,341 INFO Experiment.PerfCost-7e17: Processed 6710 samples out of 10000, 0 errors
01:41:17,476 INFO Experiment.PerfCost-7e17: Processed 6720 samples out of 10000, 0 errors
01:41:27,641 INFO Experiment.PerfCost-7e17: Processed 6730 samples out of 10000, 0 errors
01:41:37,770 INFO Experiment.PerfCost-7e17: Processed 6740 samples out of 10000, 0 errors
01:41:47,904 INFO Experiment.PerfCost-7e17: Processed 6750 samples out of 10000, 0 errors
01:41:58,47 INFO Experiment.PerfCost-7e17: Processed 6760 samples out of 10000, 0 errors
01:42:08,179 INFO Experiment.PerfCost-7e17: Processed 6770 samples out of 10000, 0 errors
01:42:18,324 INFO Experiment.PerfCost-7e17: Processed 6780 samples out of 10000, 0 errors
01:42:28,456 INFO Experiment.PerfCost-7e17: Processed 6790 samples out of 10000, 0 errors
01:42:38,591 INFO Experiment.PerfCost-7e17: Processed 6800 samples out of 10000, 0 errors
01:42:48,729 INFO Experiment.PerfCost-7e17: Processed 6810 samples out of 10000, 0 errors
01:42:58,864 INFO Experiment.PerfCost-7e17: Processed 6820 samples out of 10000, 0 errors
01:43:08,984 INFO Experiment.PerfCost-7e17: Processed 6830 samples out of 10000, 0 errors
01:43:19,115 INFO Experiment.PerfCost-7e17: Processed 6840 samples out of 10000, 0 errors
01:43:29,259 INFO Experiment.PerfCost-7e17: Processed 6850 samples out of 10000, 0 errors
01:43:39,398 INFO Experiment.PerfCost-7e17: Processed 6860 samples out of 10000, 0 errors
01:43:49,556 INFO Experiment.PerfCost-7e17: Processed 6870 samples out of 10000, 0 errors
01:43:59,711 INFO Experiment.PerfCost-7e17: Processed 6880 samples out of 10000, 0 errors
01:44:09,839 INFO Experiment.PerfCost-7e17: Processed 6890 samples out of 10000, 0 errors
01:44:19,991 INFO Experiment.PerfCost-7e17: Processed 6900 samples out of 10000, 0 errors
01:44:30,136 INFO Experiment.PerfCost-7e17: Processed 6910 samples out of 10000, 0 errors
01:44:40,278 INFO Experiment.PerfCost-7e17: Processed 6920 samples out of 10000, 0 errors
01:44:50,413 INFO Experiment.PerfCost-7e17: Processed 6930 samples out of 10000, 0 errors
01:45:00,545 INFO Experiment.PerfCost-7e17: Processed 6940 samples out of 10000, 0 errors
01:45:10,690 INFO Experiment.PerfCost-7e17: Processed 6950 samples out of 10000, 0 errors
01:45:20,827 INFO Experiment.PerfCost-7e17: Processed 6960 samples out of 10000, 0 errors
01:45:30,970 INFO Experiment.PerfCost-7e17: Processed 6970 samples out of 10000, 0 errors
01:45:41,120 INFO Experiment.PerfCost-7e17: Processed 6980 samples out of 10000, 0 errors
01:45:51,257 INFO Experiment.PerfCost-7e17: Processed 6990 samples out of 10000, 0 errors
01:46:01,389 INFO Experiment.PerfCost-7e17: Processed 7000 samples out of 10000, 0 errors
01:46:11,507 INFO Experiment.PerfCost-7e17: Processed 7010 samples out of 10000, 0 errors
01:46:21,651 INFO Experiment.PerfCost-7e17: Processed 7020 samples out of 10000, 0 errors
01:46:31,799 INFO Experiment.PerfCost-7e17: Processed 7030 samples out of 10000, 0 errors
01:46:41,929 INFO Experiment.PerfCost-7e17: Processed 7040 samples out of 10000, 0 errors
01:46:52,64 INFO Experiment.PerfCost-7e17: Processed 7050 samples out of 10000, 0 errors
01:47:02,205 INFO Experiment.PerfCost-7e17: Processed 7060 samples out of 10000, 0 errors
01:47:12,336 INFO Experiment.PerfCost-7e17: Processed 7070 samples out of 10000, 0 errors
01:47:22,469 INFO Experiment.PerfCost-7e17: Processed 7080 samples out of 10000, 0 errors
01:47:32,608 INFO Experiment.PerfCost-7e17: Processed 7090 samples out of 10000, 0 errors
01:47:42,751 INFO Experiment.PerfCost-7e17: Processed 7100 samples out of 10000, 0 errors
01:47:52,897 INFO Experiment.PerfCost-7e17: Processed 7110 samples out of 10000, 0 errors
01:48:03,34 INFO Experiment.PerfCost-7e17: Processed 7120 samples out of 10000, 0 errors
01:48:13,172 INFO Experiment.PerfCost-7e17: Processed 7130 samples out of 10000, 0 errors
01:48:23,303 INFO Experiment.PerfCost-7e17: Processed 7140 samples out of 10000, 0 errors
01:48:33,443 INFO Experiment.PerfCost-7e17: Processed 7150 samples out of 10000, 0 errors
01:48:43,581 INFO Experiment.PerfCost-7e17: Processed 7160 samples out of 10000, 0 errors
01:48:53,758 INFO Experiment.PerfCost-7e17: Processed 7170 samples out of 10000, 0 errors
01:49:03,906 INFO Experiment.PerfCost-7e17: Processed 7180 samples out of 10000, 0 errors
01:49:14,49 INFO Experiment.PerfCost-7e17: Processed 7190 samples out of 10000, 0 errors
01:49:24,186 INFO Experiment.PerfCost-7e17: Processed 7200 samples out of 10000, 0 errors
01:49:34,324 INFO Experiment.PerfCost-7e17: Processed 7210 samples out of 10000, 0 errors
01:49:44,457 INFO Experiment.PerfCost-7e17: Processed 7220 samples out of 10000, 0 errors
01:49:54,585 INFO Experiment.PerfCost-7e17: Processed 7230 samples out of 10000, 0 errors
01:50:04,715 INFO Experiment.PerfCost-7e17: Processed 7240 samples out of 10000, 0 errors
01:50:14,864 INFO Experiment.PerfCost-7e17: Processed 7250 samples out of 10000, 0 errors
01:50:24,993 INFO Experiment.PerfCost-7e17: Processed 7260 samples out of 10000, 0 errors
01:50:35,133 INFO Experiment.PerfCost-7e17: Processed 7270 samples out of 10000, 0 errors
01:50:45,280 INFO Experiment.PerfCost-7e17: Processed 7280 samples out of 10000, 0 errors
01:50:55,415 INFO Experiment.PerfCost-7e17: Processed 7290 samples out of 10000, 0 errors
01:51:05,549 INFO Experiment.PerfCost-7e17: Processed 7300 samples out of 10000, 0 errors
01:51:15,697 INFO Experiment.PerfCost-7e17: Processed 7310 samples out of 10000, 0 errors
01:51:25,837 INFO Experiment.PerfCost-7e17: Processed 7320 samples out of 10000, 0 errors
01:51:35,974 INFO Experiment.PerfCost-7e17: Processed 7330 samples out of 10000, 0 errors
01:51:46,112 INFO Experiment.PerfCost-7e17: Processed 7340 samples out of 10000, 0 errors
01:51:56,245 INFO Experiment.PerfCost-7e17: Processed 7350 samples out of 10000, 0 errors
01:52:06,388 INFO Experiment.PerfCost-7e17: Processed 7360 samples out of 10000, 0 errors
01:52:16,528 INFO Experiment.PerfCost-7e17: Processed 7370 samples out of 10000, 0 errors
01:52:26,673 INFO Experiment.PerfCost-7e17: Processed 7380 samples out of 10000, 0 errors
01:52:36,800 INFO Experiment.PerfCost-7e17: Processed 7390 samples out of 10000, 0 errors
01:52:46,932 INFO Experiment.PerfCost-7e17: Processed 7400 samples out of 10000, 0 errors
01:52:57,60 INFO Experiment.PerfCost-7e17: Processed 7410 samples out of 10000, 0 errors
01:53:07,218 INFO Experiment.PerfCost-7e17: Processed 7420 samples out of 10000, 0 errors
01:53:17,352 INFO Experiment.PerfCost-7e17: Processed 7430 samples out of 10000, 0 errors
01:53:27,482 INFO Experiment.PerfCost-7e17: Processed 7440 samples out of 10000, 0 errors
01:53:37,626 INFO Experiment.PerfCost-7e17: Processed 7450 samples out of 10000, 0 errors
01:53:47,772 INFO Experiment.PerfCost-7e17: Processed 7460 samples out of 10000, 0 errors
01:53:57,941 INFO Experiment.PerfCost-7e17: Processed 7470 samples out of 10000, 0 errors
01:54:08,105 INFO Experiment.PerfCost-7e17: Processed 7480 samples out of 10000, 0 errors
01:54:18,242 INFO Experiment.PerfCost-7e17: Processed 7490 samples out of 10000, 0 errors
01:54:28,419 INFO Experiment.PerfCost-7e17: Processed 7500 samples out of 10000, 0 errors
01:54:38,571 INFO Experiment.PerfCost-7e17: Processed 7510 samples out of 10000, 0 errors
01:54:48,723 INFO Experiment.PerfCost-7e17: Processed 7520 samples out of 10000, 0 errors
01:54:58,870 INFO Experiment.PerfCost-7e17: Processed 7530 samples out of 10000, 0 errors
01:55:09,24 INFO Experiment.PerfCost-7e17: Processed 7540 samples out of 10000, 0 errors
01:55:19,161 INFO Experiment.PerfCost-7e17: Processed 7550 samples out of 10000, 0 errors
01:55:29,301 INFO Experiment.PerfCost-7e17: Processed 7560 samples out of 10000, 0 errors
01:55:39,444 INFO Experiment.PerfCost-7e17: Processed 7570 samples out of 10000, 0 errors
01:55:49,575 INFO Experiment.PerfCost-7e17: Processed 7580 samples out of 10000, 0 errors
01:55:59,709 INFO Experiment.PerfCost-7e17: Processed 7590 samples out of 10000, 0 errors
01:56:09,863 INFO Experiment.PerfCost-7e17: Processed 7600 samples out of 10000, 0 errors
01:56:20,16 INFO Experiment.PerfCost-7e17: Processed 7610 samples out of 10000, 0 errors
01:56:30,147 INFO Experiment.PerfCost-7e17: Processed 7620 samples out of 10000, 0 errors
01:56:40,294 INFO Experiment.PerfCost-7e17: Processed 7630 samples out of 10000, 0 errors
01:56:50,441 INFO Experiment.PerfCost-7e17: Processed 7640 samples out of 10000, 0 errors
01:57:00,572 INFO Experiment.PerfCost-7e17: Processed 7650 samples out of 10000, 0 errors
01:57:10,721 INFO Experiment.PerfCost-7e17: Processed 7660 samples out of 10000, 0 errors
01:57:20,865 INFO Experiment.PerfCost-7e17: Processed 7670 samples out of 10000, 0 errors
01:57:31,6 INFO Experiment.PerfCost-7e17: Processed 7680 samples out of 10000, 0 errors
01:57:41,138 INFO Experiment.PerfCost-7e17: Processed 7690 samples out of 10000, 0 errors
01:57:51,325 INFO Experiment.PerfCost-7e17: Processed 7700 samples out of 10000, 0 errors
01:58:01,457 INFO Experiment.PerfCost-7e17: Processed 7710 samples out of 10000, 0 errors
01:58:11,595 INFO Experiment.PerfCost-7e17: Processed 7720 samples out of 10000, 0 errors
01:58:21,727 INFO Experiment.PerfCost-7e17: Processed 7730 samples out of 10000, 0 errors
01:58:31,873 INFO Experiment.PerfCost-7e17: Processed 7740 samples out of 10000, 0 errors
01:58:42,4 INFO Experiment.PerfCost-7e17: Processed 7750 samples out of 10000, 0 errors
01:58:52,148 INFO Experiment.PerfCost-7e17: Processed 7760 samples out of 10000, 0 errors
01:59:02,320 INFO Experiment.PerfCost-7e17: Processed 7770 samples out of 10000, 0 errors
01:59:12,462 INFO Experiment.PerfCost-7e17: Processed 7780 samples out of 10000, 0 errors
01:59:22,607 INFO Experiment.PerfCost-7e17: Processed 7790 samples out of 10000, 0 errors
01:59:32,751 INFO Experiment.PerfCost-7e17: Processed 7800 samples out of 10000, 0 errors
01:59:42,899 INFO Experiment.PerfCost-7e17: Processed 7810 samples out of 10000, 0 errors
01:59:53,41 INFO Experiment.PerfCost-7e17: Processed 7820 samples out of 10000, 0 errors
02:00:03,188 INFO Experiment.PerfCost-7e17: Processed 7830 samples out of 10000, 0 errors
02:00:13,339 INFO Experiment.PerfCost-7e17: Processed 7840 samples out of 10000, 0 errors
02:00:23,478 INFO Experiment.PerfCost-7e17: Processed 7850 samples out of 10000, 0 errors
02:00:33,614 INFO Experiment.PerfCost-7e17: Processed 7860 samples out of 10000, 0 errors
02:00:43,794 INFO Experiment.PerfCost-7e17: Processed 7870 samples out of 10000, 0 errors
02:00:53,933 INFO Experiment.PerfCost-7e17: Processed 7880 samples out of 10000, 0 errors
02:01:04,77 INFO Experiment.PerfCost-7e17: Processed 7890 samples out of 10000, 0 errors
02:01:14,219 INFO Experiment.PerfCost-7e17: Processed 7900 samples out of 10000, 0 errors
02:01:24,364 INFO Experiment.PerfCost-7e17: Processed 7910 samples out of 10000, 0 errors
02:01:34,507 INFO Experiment.PerfCost-7e17: Processed 7920 samples out of 10000, 0 errors
02:01:44,652 INFO Experiment.PerfCost-7e17: Processed 7930 samples out of 10000, 0 errors
02:01:54,818 INFO Experiment.PerfCost-7e17: Processed 7940 samples out of 10000, 0 errors
02:02:04,962 INFO Experiment.PerfCost-7e17: Processed 7950 samples out of 10000, 0 errors
02:02:15,129 INFO Experiment.PerfCost-7e17: Processed 7960 samples out of 10000, 0 errors
02:02:25,278 INFO Experiment.PerfCost-7e17: Processed 7970 samples out of 10000, 0 errors
02:02:35,423 INFO Experiment.PerfCost-7e17: Processed 7980 samples out of 10000, 0 errors
02:02:45,573 INFO Experiment.PerfCost-7e17: Processed 7990 samples out of 10000, 0 errors
02:02:55,708 INFO Experiment.PerfCost-7e17: Processed 8000 samples out of 10000, 0 errors
02:03:05,846 INFO Experiment.PerfCost-7e17: Processed 8010 samples out of 10000, 0 errors
02:03:15,994 INFO Experiment.PerfCost-7e17: Processed 8020 samples out of 10000, 0 errors
02:03:26,149 INFO Experiment.PerfCost-7e17: Processed 8030 samples out of 10000, 0 errors
02:03:36,268 INFO Experiment.PerfCost-7e17: Processed 8040 samples out of 10000, 0 errors
02:03:46,396 INFO Experiment.PerfCost-7e17: Processed 8050 samples out of 10000, 0 errors
02:03:56,538 INFO Experiment.PerfCost-7e17: Processed 8060 samples out of 10000, 0 errors
02:04:06,702 INFO Experiment.PerfCost-7e17: Processed 8070 samples out of 10000, 0 errors
02:04:16,835 INFO Experiment.PerfCost-7e17: Processed 8080 samples out of 10000, 0 errors
02:04:26,990 INFO Experiment.PerfCost-7e17: Processed 8090 samples out of 10000, 0 errors
02:04:37,146 INFO Experiment.PerfCost-7e17: Processed 8100 samples out of 10000, 0 errors
02:04:47,293 INFO Experiment.PerfCost-7e17: Processed 8110 samples out of 10000, 0 errors
02:04:57,436 INFO Experiment.PerfCost-7e17: Processed 8120 samples out of 10000, 0 errors
02:05:07,573 INFO Experiment.PerfCost-7e17: Processed 8130 samples out of 10000, 0 errors
02:05:17,705 INFO Experiment.PerfCost-7e17: Processed 8140 samples out of 10000, 0 errors
02:05:27,845 INFO Experiment.PerfCost-7e17: Processed 8150 samples out of 10000, 0 errors
02:05:37,997 INFO Experiment.PerfCost-7e17: Processed 8160 samples out of 10000, 0 errors
02:05:48,138 INFO Experiment.PerfCost-7e17: Processed 8170 samples out of 10000, 0 errors
02:05:58,285 INFO Experiment.PerfCost-7e17: Processed 8180 samples out of 10000, 0 errors
02:06:08,438 INFO Experiment.PerfCost-7e17: Processed 8190 samples out of 10000, 0 errors
02:06:18,593 INFO Experiment.PerfCost-7e17: Processed 8200 samples out of 10000, 0 errors
02:06:28,749 INFO Experiment.PerfCost-7e17: Processed 8210 samples out of 10000, 0 errors
02:06:38,893 INFO Experiment.PerfCost-7e17: Processed 8220 samples out of 10000, 0 errors
02:06:49,46 INFO Experiment.PerfCost-7e17: Processed 8230 samples out of 10000, 0 errors
02:06:59,173 INFO Experiment.PerfCost-7e17: Processed 8240 samples out of 10000, 0 errors
02:07:09,301 INFO Experiment.PerfCost-7e17: Processed 8250 samples out of 10000, 0 errors
02:07:19,462 INFO Experiment.PerfCost-7e17: Processed 8260 samples out of 10000, 0 errors
02:07:29,595 INFO Experiment.PerfCost-7e17: Processed 8270 samples out of 10000, 0 errors
02:07:39,736 INFO Experiment.PerfCost-7e17: Processed 8280 samples out of 10000, 0 errors
02:07:49,881 INFO Experiment.PerfCost-7e17: Processed 8290 samples out of 10000, 0 errors
02:08:00,30 INFO Experiment.PerfCost-7e17: Processed 8300 samples out of 10000, 0 errors
02:08:10,169 INFO Experiment.PerfCost-7e17: Processed 8310 samples out of 10000, 0 errors
02:08:20,314 INFO Experiment.PerfCost-7e17: Processed 8320 samples out of 10000, 0 errors
02:08:30,455 INFO Experiment.PerfCost-7e17: Processed 8330 samples out of 10000, 0 errors
02:08:40,590 INFO Experiment.PerfCost-7e17: Processed 8340 samples out of 10000, 0 errors
02:08:50,734 INFO Experiment.PerfCost-7e17: Processed 8350 samples out of 10000, 0 errors
02:09:00,866 INFO Experiment.PerfCost-7e17: Processed 8360 samples out of 10000, 0 errors
02:09:11,41 INFO Experiment.PerfCost-7e17: Processed 8370 samples out of 10000, 0 errors
02:09:21,216 INFO Experiment.PerfCost-7e17: Processed 8380 samples out of 10000, 0 errors
02:09:31,362 INFO Experiment.PerfCost-7e17: Processed 8390 samples out of 10000, 0 errors
02:09:41,524 INFO Experiment.PerfCost-7e17: Processed 8400 samples out of 10000, 0 errors
02:09:51,655 INFO Experiment.PerfCost-7e17: Processed 8410 samples out of 10000, 0 errors
02:10:01,805 INFO Experiment.PerfCost-7e17: Processed 8420 samples out of 10000, 0 errors
02:10:11,940 INFO Experiment.PerfCost-7e17: Processed 8430 samples out of 10000, 0 errors
02:10:22,87 INFO Experiment.PerfCost-7e17: Processed 8440 samples out of 10000, 0 errors
02:10:32,248 INFO Experiment.PerfCost-7e17: Processed 8450 samples out of 10000, 0 errors
02:10:42,408 INFO Experiment.PerfCost-7e17: Processed 8460 samples out of 10000, 0 errors
02:10:52,566 INFO Experiment.PerfCost-7e17: Processed 8470 samples out of 10000, 0 errors
02:11:02,727 INFO Experiment.PerfCost-7e17: Processed 8480 samples out of 10000, 0 errors
02:11:12,862 INFO Experiment.PerfCost-7e17: Processed 8490 samples out of 10000, 0 errors
02:11:23,14 INFO Experiment.PerfCost-7e17: Processed 8500 samples out of 10000, 0 errors
02:11:33,161 INFO Experiment.PerfCost-7e17: Processed 8510 samples out of 10000, 0 errors
02:11:43,313 INFO Experiment.PerfCost-7e17: Processed 8520 samples out of 10000, 0 errors
02:11:53,450 INFO Experiment.PerfCost-7e17: Processed 8530 samples out of 10000, 0 errors
02:12:03,598 INFO Experiment.PerfCost-7e17: Processed 8540 samples out of 10000, 0 errors
02:12:13,757 INFO Experiment.PerfCost-7e17: Processed 8550 samples out of 10000, 0 errors
02:12:23,901 INFO Experiment.PerfCost-7e17: Processed 8560 samples out of 10000, 0 errors
02:12:34,68 INFO Experiment.PerfCost-7e17: Processed 8570 samples out of 10000, 0 errors
02:12:44,218 INFO Experiment.PerfCost-7e17: Processed 8580 samples out of 10000, 0 errors
02:12:54,353 INFO Experiment.PerfCost-7e17: Processed 8590 samples out of 10000, 0 errors
02:13:04,494 INFO Experiment.PerfCost-7e17: Processed 8600 samples out of 10000, 0 errors
02:13:14,638 INFO Experiment.PerfCost-7e17: Processed 8610 samples out of 10000, 0 errors
02:13:24,779 INFO Experiment.PerfCost-7e17: Processed 8620 samples out of 10000, 0 errors
02:13:34,914 INFO Experiment.PerfCost-7e17: Processed 8630 samples out of 10000, 0 errors
02:13:45,53 INFO Experiment.PerfCost-7e17: Processed 8640 samples out of 10000, 0 errors
02:13:55,205 INFO Experiment.PerfCost-7e17: Processed 8650 samples out of 10000, 0 errors
02:14:05,351 INFO Experiment.PerfCost-7e17: Processed 8660 samples out of 10000, 0 errors
02:14:15,551 INFO Experiment.PerfCost-7e17: Processed 8670 samples out of 10000, 0 errors
02:14:25,706 INFO Experiment.PerfCost-7e17: Processed 8680 samples out of 10000, 0 errors
02:14:35,850 INFO Experiment.PerfCost-7e17: Processed 8690 samples out of 10000, 0 errors
02:14:45,991 INFO Experiment.PerfCost-7e17: Processed 8700 samples out of 10000, 0 errors
02:14:56,140 INFO Experiment.PerfCost-7e17: Processed 8710 samples out of 10000, 0 errors
02:15:06,302 INFO Experiment.PerfCost-7e17: Processed 8720 samples out of 10000, 0 errors
02:15:16,441 INFO Experiment.PerfCost-7e17: Processed 8730 samples out of 10000, 0 errors
02:15:26,574 INFO Experiment.PerfCost-7e17: Processed 8740 samples out of 10000, 0 errors
02:15:36,729 INFO Experiment.PerfCost-7e17: Processed 8750 samples out of 10000, 0 errors
02:15:46,876 INFO Experiment.PerfCost-7e17: Processed 8760 samples out of 10000, 0 errors
02:15:57,22 INFO Experiment.PerfCost-7e17: Processed 8770 samples out of 10000, 0 errors
02:16:07,178 INFO Experiment.PerfCost-7e17: Processed 8780 samples out of 10000, 0 errors
02:16:17,328 INFO Experiment.PerfCost-7e17: Processed 8790 samples out of 10000, 0 errors
02:16:27,473 INFO Experiment.PerfCost-7e17: Processed 8800 samples out of 10000, 0 errors
02:16:37,621 INFO Experiment.PerfCost-7e17: Processed 8810 samples out of 10000, 0 errors
02:16:47,750 INFO Experiment.PerfCost-7e17: Processed 8820 samples out of 10000, 0 errors
02:16:57,907 INFO Experiment.PerfCost-7e17: Processed 8830 samples out of 10000, 0 errors
02:17:08,50 INFO Experiment.PerfCost-7e17: Processed 8840 samples out of 10000, 0 errors
02:17:18,193 INFO Experiment.PerfCost-7e17: Processed 8850 samples out of 10000, 0 errors
02:17:28,346 INFO Experiment.PerfCost-7e17: Processed 8860 samples out of 10000, 0 errors
02:17:38,499 INFO Experiment.PerfCost-7e17: Processed 8870 samples out of 10000, 0 errors
02:17:48,659 INFO Experiment.PerfCost-7e17: Processed 8880 samples out of 10000, 0 errors
02:17:58,794 INFO Experiment.PerfCost-7e17: Processed 8890 samples out of 10000, 0 errors
02:18:08,937 INFO Experiment.PerfCost-7e17: Processed 8900 samples out of 10000, 0 errors
02:18:19,103 INFO Experiment.PerfCost-7e17: Processed 8910 samples out of 10000, 0 errors
02:18:29,245 INFO Experiment.PerfCost-7e17: Processed 8920 samples out of 10000, 0 errors
02:18:39,398 INFO Experiment.PerfCost-7e17: Processed 8930 samples out of 10000, 0 errors
02:18:49,526 INFO Experiment.PerfCost-7e17: Processed 8940 samples out of 10000, 0 errors
02:18:59,680 INFO Experiment.PerfCost-7e17: Processed 8950 samples out of 10000, 0 errors
02:19:09,818 INFO Experiment.PerfCost-7e17: Processed 8960 samples out of 10000, 0 errors
02:19:19,990 INFO Experiment.PerfCost-7e17: Processed 8970 samples out of 10000, 0 errors
02:19:30,142 INFO Experiment.PerfCost-7e17: Processed 8980 samples out of 10000, 0 errors
02:19:40,289 INFO Experiment.PerfCost-7e17: Processed 8990 samples out of 10000, 0 errors
02:19:50,437 INFO Experiment.PerfCost-7e17: Processed 9000 samples out of 10000, 0 errors
02:20:00,584 INFO Experiment.PerfCost-7e17: Processed 9010 samples out of 10000, 0 errors
02:20:10,743 INFO Experiment.PerfCost-7e17: Processed 9020 samples out of 10000, 0 errors
02:20:20,911 INFO Experiment.PerfCost-7e17: Processed 9030 samples out of 10000, 0 errors
02:20:31,74 INFO Experiment.PerfCost-7e17: Processed 9040 samples out of 10000, 0 errors
02:20:41,201 INFO Experiment.PerfCost-7e17: Processed 9050 samples out of 10000, 0 errors
02:20:51,347 INFO Experiment.PerfCost-7e17: Processed 9060 samples out of 10000, 0 errors
02:21:01,490 INFO Experiment.PerfCost-7e17: Processed 9070 samples out of 10000, 0 errors
02:21:11,638 INFO Experiment.PerfCost-7e17: Processed 9080 samples out of 10000, 0 errors
02:21:21,779 INFO Experiment.PerfCost-7e17: Processed 9090 samples out of 10000, 0 errors
02:21:31,937 INFO Experiment.PerfCost-7e17: Processed 9100 samples out of 10000, 0 errors
02:21:42,83 INFO Experiment.PerfCost-7e17: Processed 9110 samples out of 10000, 0 errors
02:21:52,234 INFO Experiment.PerfCost-7e17: Processed 9120 samples out of 10000, 0 errors
02:22:02,377 INFO Experiment.PerfCost-7e17: Processed 9130 samples out of 10000, 0 errors
02:22:12,516 INFO Experiment.PerfCost-7e17: Processed 9140 samples out of 10000, 0 errors
02:22:22,661 INFO Experiment.PerfCost-7e17: Processed 9150 samples out of 10000, 0 errors
02:22:32,806 INFO Experiment.PerfCost-7e17: Processed 9160 samples out of 10000, 0 errors
02:22:42,949 INFO Experiment.PerfCost-7e17: Processed 9170 samples out of 10000, 0 errors
02:22:53,103 INFO Experiment.PerfCost-7e17: Processed 9180 samples out of 10000, 0 errors
02:23:03,247 INFO Experiment.PerfCost-7e17: Processed 9190 samples out of 10000, 0 errors
02:23:13,404 INFO Experiment.PerfCost-7e17: Processed 9200 samples out of 10000, 0 errors
02:23:23,557 INFO Experiment.PerfCost-7e17: Processed 9210 samples out of 10000, 0 errors
02:23:33,692 INFO Experiment.PerfCost-7e17: Processed 9220 samples out of 10000, 0 errors
02:23:43,875 INFO Experiment.PerfCost-7e17: Processed 9230 samples out of 10000, 0 errors
02:23:54,25 INFO Experiment.PerfCost-7e17: Processed 9240 samples out of 10000, 0 errors
02:24:04,188 INFO Experiment.PerfCost-7e17: Processed 9250 samples out of 10000, 0 errors
02:24:14,331 INFO Experiment.PerfCost-7e17: Processed 9260 samples out of 10000, 0 errors
02:24:24,517 INFO Experiment.PerfCost-7e17: Processed 9270 samples out of 10000, 0 errors
02:24:34,671 INFO Experiment.PerfCost-7e17: Processed 9280 samples out of 10000, 0 errors
02:24:44,833 INFO Experiment.PerfCost-7e17: Processed 9290 samples out of 10000, 0 errors
02:24:54,979 INFO Experiment.PerfCost-7e17: Processed 9300 samples out of 10000, 0 errors
02:25:05,133 INFO Experiment.PerfCost-7e17: Processed 9310 samples out of 10000, 0 errors
02:25:15,279 INFO Experiment.PerfCost-7e17: Processed 9320 samples out of 10000, 0 errors
02:25:25,431 INFO Experiment.PerfCost-7e17: Processed 9330 samples out of 10000, 0 errors
02:25:35,568 INFO Experiment.PerfCost-7e17: Processed 9340 samples out of 10000, 0 errors
02:25:45,726 INFO Experiment.PerfCost-7e17: Processed 9350 samples out of 10000, 0 errors
02:25:55,873 INFO Experiment.PerfCost-7e17: Processed 9360 samples out of 10000, 0 errors
02:26:06,16 INFO Experiment.PerfCost-7e17: Processed 9370 samples out of 10000, 0 errors
02:26:16,162 INFO Experiment.PerfCost-7e17: Processed 9380 samples out of 10000, 0 errors
02:26:26,328 INFO Experiment.PerfCost-7e17: Processed 9390 samples out of 10000, 0 errors
02:26:36,479 INFO Experiment.PerfCost-7e17: Processed 9400 samples out of 10000, 0 errors
02:26:46,623 INFO Experiment.PerfCost-7e17: Processed 9410 samples out of 10000, 0 errors
02:26:56,772 INFO Experiment.PerfCost-7e17: Processed 9420 samples out of 10000, 0 errors
02:27:06,921 INFO Experiment.PerfCost-7e17: Processed 9430 samples out of 10000, 0 errors
02:27:17,70 INFO Experiment.PerfCost-7e17: Processed 9440 samples out of 10000, 0 errors
02:27:27,219 INFO Experiment.PerfCost-7e17: Processed 9450 samples out of 10000, 0 errors
02:27:37,378 INFO Experiment.PerfCost-7e17: Processed 9460 samples out of 10000, 0 errors
02:27:47,521 INFO Experiment.PerfCost-7e17: Processed 9470 samples out of 10000, 0 errors
02:27:57,668 INFO Experiment.PerfCost-7e17: Processed 9480 samples out of 10000, 0 errors
02:28:07,799 INFO Experiment.PerfCost-7e17: Processed 9490 samples out of 10000, 0 errors
02:28:17,948 INFO Experiment.PerfCost-7e17: Processed 9500 samples out of 10000, 0 errors
02:28:28,116 INFO Experiment.PerfCost-7e17: Processed 9510 samples out of 10000, 0 errors
02:28:38,258 INFO Experiment.PerfCost-7e17: Processed 9520 samples out of 10000, 0 errors
02:28:48,417 INFO Experiment.PerfCost-7e17: Processed 9530 samples out of 10000, 0 errors
02:28:58,565 INFO Experiment.PerfCost-7e17: Processed 9540 samples out of 10000, 0 errors
02:29:08,703 INFO Experiment.PerfCost-7e17: Processed 9550 samples out of 10000, 0 errors
02:29:18,839 INFO Experiment.PerfCost-7e17: Processed 9560 samples out of 10000, 0 errors
02:29:29,20 INFO Experiment.PerfCost-7e17: Processed 9570 samples out of 10000, 0 errors
02:29:39,163 INFO Experiment.PerfCost-7e17: Processed 9580 samples out of 10000, 0 errors
02:29:49,309 INFO Experiment.PerfCost-7e17: Processed 9590 samples out of 10000, 0 errors
02:29:59,467 INFO Experiment.PerfCost-7e17: Processed 9600 samples out of 10000, 0 errors
02:30:09,625 INFO Experiment.PerfCost-7e17: Processed 9610 samples out of 10000, 0 errors
02:30:19,774 INFO Experiment.PerfCost-7e17: Processed 9620 samples out of 10000, 0 errors
02:30:29,941 INFO Experiment.PerfCost-7e17: Processed 9630 samples out of 10000, 0 errors
02:30:40,87 INFO Experiment.PerfCost-7e17: Processed 9640 samples out of 10000, 0 errors
02:30:50,241 INFO Experiment.PerfCost-7e17: Processed 9650 samples out of 10000, 0 errors
02:31:00,391 INFO Experiment.PerfCost-7e17: Processed 9660 samples out of 10000, 0 errors
02:31:10,542 INFO Experiment.PerfCost-7e17: Processed 9670 samples out of 10000, 0 errors
02:31:20,696 INFO Experiment.PerfCost-7e17: Processed 9680 samples out of 10000, 0 errors
02:31:30,838 INFO Experiment.PerfCost-7e17: Processed 9690 samples out of 10000, 0 errors
02:31:40,997 INFO Experiment.PerfCost-7e17: Processed 9700 samples out of 10000, 0 errors
02:31:51,140 INFO Experiment.PerfCost-7e17: Processed 9710 samples out of 10000, 0 errors
02:32:01,291 INFO Experiment.PerfCost-7e17: Processed 9720 samples out of 10000, 0 errors
02:32:11,435 INFO Experiment.PerfCost-7e17: Processed 9730 samples out of 10000, 0 errors
02:32:21,573 INFO Experiment.PerfCost-7e17: Processed 9740 samples out of 10000, 0 errors
02:32:31,732 INFO Experiment.PerfCost-7e17: Processed 9750 samples out of 10000, 0 errors
02:32:41,891 INFO Experiment.PerfCost-7e17: Processed 9760 samples out of 10000, 0 errors
02:32:52,23 INFO Experiment.PerfCost-7e17: Processed 9770 samples out of 10000, 0 errors
02:33:02,191 INFO Experiment.PerfCost-7e17: Processed 9780 samples out of 10000, 0 errors
02:33:12,353 INFO Experiment.PerfCost-7e17: Processed 9790 samples out of 10000, 0 errors
02:33:22,502 INFO Experiment.PerfCost-7e17: Processed 9800 samples out of 10000, 0 errors
02:33:32,665 INFO Experiment.PerfCost-7e17: Processed 9810 samples out of 10000, 0 errors
02:33:42,809 INFO Experiment.PerfCost-7e17: Processed 9820 samples out of 10000, 0 errors
02:33:52,966 INFO Experiment.PerfCost-7e17: Processed 9830 samples out of 10000, 0 errors
02:34:03,105 INFO Experiment.PerfCost-7e17: Processed 9840 samples out of 10000, 0 errors
02:34:13,249 INFO Experiment.PerfCost-7e17: Processed 9850 samples out of 10000, 0 errors
02:34:23,409 INFO Experiment.PerfCost-7e17: Processed 9860 samples out of 10000, 0 errors
02:34:33,602 INFO Experiment.PerfCost-7e17: Processed 9870 samples out of 10000, 0 errors
02:34:43,796 INFO Experiment.PerfCost-7e17: Processed 9880 samples out of 10000, 0 errors
02:34:53,954 INFO Experiment.PerfCost-7e17: Processed 9890 samples out of 10000, 0 errors
02:35:04,131 INFO Experiment.PerfCost-7e17: Processed 9900 samples out of 10000, 0 errors
02:35:14,267 INFO Experiment.PerfCost-7e17: Processed 9910 samples out of 10000, 0 errors
02:35:24,422 INFO Experiment.PerfCost-7e17: Processed 9920 samples out of 10000, 0 errors
02:35:34,571 INFO Experiment.PerfCost-7e17: Processed 9930 samples out of 10000, 0 errors
02:35:44,723 INFO Experiment.PerfCost-7e17: Processed 9940 samples out of 10000, 0 errors
02:35:54,866 INFO Experiment.PerfCost-7e17: Processed 9950 samples out of 10000, 0 errors
02:36:05,24 INFO Experiment.PerfCost-7e17: Processed 9960 samples out of 10000, 0 errors
02:36:15,174 INFO Experiment.PerfCost-7e17: Processed 9970 samples out of 10000, 0 errors
02:36:25,309 INFO Experiment.PerfCost-7e17: Processed 9980 samples out of 10000, 0 errors
02:36:35,457 INFO Experiment.PerfCost-7e17: Processed 9990 samples out of 10000, 0 errors
02:36:45,614 INFO Experiment.PerfCost-7e17: Processed 10000 samples out of 10000, 0 errors
02:36:50,628 INFO Experiment.PerfCost-7e17: Mean 83.03022100000001 [ms], median 81.75999999999999 [ms], std 28.979080944277012, CV 34.901847297596625
02:36:50,633 INFO Experiment.PerfCost-7e17: Parametric CI (Student's t-distribution) 0.95 from 82.46214428459854 to 83.59829771540149, within 0.6841806616430353% of mean
02:36:50,636 INFO Experiment.PerfCost-7e17: Non-parametric CI 0.95 from 81.042 to 82.425, within 0.8457681017612498% of median
02:36:50,639 INFO Experiment.PerfCost-7e17: Parametric CI (Student's t-distribution) 0.99 from 82.2835894917385 to 83.77685250826153, within 0.899228617326594% of mean
02:36:50,642 INFO Experiment.PerfCost-7e17: Non-parametric CI 0.99 from 80.791 to 82.684, within 1.1576565557729948% of median
