16:20:02,484 INFO SeBS-a4ac: Created experiment output at /home/anou/msc-thesis/task-based-experiment/experiment-results/nodejs/non-instrumented/110.dynamic-html
16:20:02,836 INFO OpenWhisk.Resources-b3f9: Using user-provided configuration of storage for OpenWhisk.
16:20:02,836 INFO OpenWhisk-1601: Using existing resource name: 91d37410.
16:20:02,930 INFO Benchmark-643b: Using cached benchmark 110.dynamic-html at /home/anou/msc-thesis/task-based-experiment/cache/110.dynamic-html/openwhisk/nodejs/12/110.dynamic-html.zip
16:20:02,931 INFO OpenWhisk-1601: Using cached function 110.dynamic-html-nodejs-12 in /home/anou/msc-thesis/task-based-experiment/cache/110.dynamic-html/openwhisk/nodejs/12/110.dynamic-html.zip
16:20:02,951 INFO OpenWhisk-1601: Cached function 110.dynamic-html-nodejs-12 is up to date.
16:20:02,955 INFO Experiment.PerfCost-5cc9: Begin experiment on memory size 128
16:20:02,955 INFO OpenWhisk-1601: Update an existing OpenWhisk action 110.dynamic-html-nodejs-12.
16:20:03,128 INFO Experiment.PerfCost-5cc9: Begin warm experiments
16:20:10,663 INFO Experiment.PerfCost-5cc9: Processed 0 warm-up samples, ignoring these results.
16:20:20,742 INFO Experiment.PerfCost-5cc9: Processed 10 samples out of 10000, 0 errors
16:20:30,817 INFO Experiment.PerfCost-5cc9: Processed 20 samples out of 10000, 0 errors
16:20:40,898 INFO Experiment.PerfCost-5cc9: Processed 30 samples out of 10000, 0 errors
16:20:50,967 INFO Experiment.PerfCost-5cc9: Processed 40 samples out of 10000, 0 errors
16:21:01,79 INFO Experiment.PerfCost-5cc9: Processed 50 samples out of 10000, 0 errors
16:21:11,155 INFO Experiment.PerfCost-5cc9: Processed 60 samples out of 10000, 0 errors
16:21:21,238 INFO Experiment.PerfCost-5cc9: Processed 70 samples out of 10000, 0 errors
16:21:31,303 INFO Experiment.PerfCost-5cc9: Processed 80 samples out of 10000, 0 errors
16:21:41,379 INFO Experiment.PerfCost-5cc9: Processed 90 samples out of 10000, 0 errors
16:21:51,459 INFO Experiment.PerfCost-5cc9: Processed 100 samples out of 10000, 0 errors
16:22:01,534 INFO Experiment.PerfCost-5cc9: Processed 110 samples out of 10000, 0 errors
16:22:11,609 INFO Experiment.PerfCost-5cc9: Processed 120 samples out of 10000, 0 errors
16:22:21,678 INFO Experiment.PerfCost-5cc9: Processed 130 samples out of 10000, 0 errors
16:22:31,751 INFO Experiment.PerfCost-5cc9: Processed 140 samples out of 10000, 0 errors
16:22:41,825 INFO Experiment.PerfCost-5cc9: Processed 150 samples out of 10000, 0 errors
16:22:51,967 INFO Experiment.PerfCost-5cc9: Processed 160 samples out of 10000, 0 errors
16:23:02,41 INFO Experiment.PerfCost-5cc9: Processed 170 samples out of 10000, 0 errors
16:23:12,112 INFO Experiment.PerfCost-5cc9: Processed 180 samples out of 10000, 0 errors
16:23:22,183 INFO Experiment.PerfCost-5cc9: Processed 190 samples out of 10000, 0 errors
16:23:32,255 INFO Experiment.PerfCost-5cc9: Processed 200 samples out of 10000, 0 errors
16:23:42,329 INFO Experiment.PerfCost-5cc9: Processed 210 samples out of 10000, 0 errors
16:23:52,404 INFO Experiment.PerfCost-5cc9: Processed 220 samples out of 10000, 0 errors
16:24:02,481 INFO Experiment.PerfCost-5cc9: Processed 230 samples out of 10000, 0 errors
16:24:12,558 INFO Experiment.PerfCost-5cc9: Processed 240 samples out of 10000, 0 errors
16:24:22,630 INFO Experiment.PerfCost-5cc9: Processed 250 samples out of 10000, 0 errors
16:24:32,699 INFO Experiment.PerfCost-5cc9: Processed 260 samples out of 10000, 0 errors
16:24:42,785 INFO Experiment.PerfCost-5cc9: Processed 270 samples out of 10000, 0 errors
16:24:52,856 INFO Experiment.PerfCost-5cc9: Processed 280 samples out of 10000, 0 errors
16:25:02,924 INFO Experiment.PerfCost-5cc9: Processed 290 samples out of 10000, 0 errors
16:25:13,17 INFO Experiment.PerfCost-5cc9: Processed 300 samples out of 10000, 0 errors
16:25:23,82 INFO Experiment.PerfCost-5cc9: Processed 310 samples out of 10000, 0 errors
16:25:33,155 INFO Experiment.PerfCost-5cc9: Processed 320 samples out of 10000, 0 errors
16:25:43,224 INFO Experiment.PerfCost-5cc9: Processed 330 samples out of 10000, 0 errors
16:25:53,298 INFO Experiment.PerfCost-5cc9: Processed 340 samples out of 10000, 0 errors
16:26:03,379 INFO Experiment.PerfCost-5cc9: Processed 350 samples out of 10000, 0 errors
16:26:13,449 INFO Experiment.PerfCost-5cc9: Processed 360 samples out of 10000, 0 errors
16:26:23,519 INFO Experiment.PerfCost-5cc9: Processed 370 samples out of 10000, 0 errors
16:26:33,596 INFO Experiment.PerfCost-5cc9: Processed 380 samples out of 10000, 0 errors
16:26:43,675 INFO Experiment.PerfCost-5cc9: Processed 390 samples out of 10000, 0 errors
16:26:53,756 INFO Experiment.PerfCost-5cc9: Processed 400 samples out of 10000, 0 errors
16:27:03,823 INFO Experiment.PerfCost-5cc9: Processed 410 samples out of 10000, 0 errors
16:27:13,899 INFO Experiment.PerfCost-5cc9: Processed 420 samples out of 10000, 0 errors
16:27:23,980 INFO Experiment.PerfCost-5cc9: Processed 430 samples out of 10000, 0 errors
16:27:34,69 INFO Experiment.PerfCost-5cc9: Processed 440 samples out of 10000, 0 errors
16:27:44,141 INFO Experiment.PerfCost-5cc9: Processed 450 samples out of 10000, 0 errors
16:27:54,212 INFO Experiment.PerfCost-5cc9: Processed 460 samples out of 10000, 0 errors
16:28:04,290 INFO Experiment.PerfCost-5cc9: Processed 470 samples out of 10000, 0 errors
16:28:14,365 INFO Experiment.PerfCost-5cc9: Processed 480 samples out of 10000, 0 errors
16:28:24,432 INFO Experiment.PerfCost-5cc9: Processed 490 samples out of 10000, 0 errors
16:28:34,499 INFO Experiment.PerfCost-5cc9: Processed 500 samples out of 10000, 0 errors
16:28:44,573 INFO Experiment.PerfCost-5cc9: Processed 510 samples out of 10000, 0 errors
16:28:54,648 INFO Experiment.PerfCost-5cc9: Processed 520 samples out of 10000, 0 errors
16:29:04,721 INFO Experiment.PerfCost-5cc9: Processed 530 samples out of 10000, 0 errors
16:29:14,791 INFO Experiment.PerfCost-5cc9: Processed 540 samples out of 10000, 0 errors
16:29:24,869 INFO Experiment.PerfCost-5cc9: Processed 550 samples out of 10000, 0 errors
16:29:34,941 INFO Experiment.PerfCost-5cc9: Processed 560 samples out of 10000, 0 errors
16:29:45,11 INFO Experiment.PerfCost-5cc9: Processed 570 samples out of 10000, 0 errors
16:29:55,79 INFO Experiment.PerfCost-5cc9: Processed 580 samples out of 10000, 0 errors
16:30:05,156 INFO Experiment.PerfCost-5cc9: Processed 590 samples out of 10000, 0 errors
16:30:15,262 INFO Experiment.PerfCost-5cc9: Processed 600 samples out of 10000, 0 errors
16:30:25,338 INFO Experiment.PerfCost-5cc9: Processed 610 samples out of 10000, 0 errors
16:30:35,420 INFO Experiment.PerfCost-5cc9: Processed 620 samples out of 10000, 0 errors
16:30:45,510 INFO Experiment.PerfCost-5cc9: Processed 630 samples out of 10000, 0 errors
16:30:55,582 INFO Experiment.PerfCost-5cc9: Processed 640 samples out of 10000, 0 errors
16:31:05,656 INFO Experiment.PerfCost-5cc9: Processed 650 samples out of 10000, 0 errors
16:31:15,731 INFO Experiment.PerfCost-5cc9: Processed 660 samples out of 10000, 0 errors
16:31:25,807 INFO Experiment.PerfCost-5cc9: Processed 670 samples out of 10000, 0 errors
16:31:35,880 INFO Experiment.PerfCost-5cc9: Processed 680 samples out of 10000, 0 errors
16:31:45,956 INFO Experiment.PerfCost-5cc9: Processed 690 samples out of 10000, 0 errors
16:31:56,77 INFO Experiment.PerfCost-5cc9: Processed 700 samples out of 10000, 0 errors
16:32:06,153 INFO Experiment.PerfCost-5cc9: Processed 710 samples out of 10000, 0 errors
16:32:16,224 INFO Experiment.PerfCost-5cc9: Processed 720 samples out of 10000, 0 errors
16:32:26,301 INFO Experiment.PerfCost-5cc9: Processed 730 samples out of 10000, 0 errors
16:32:36,376 INFO Experiment.PerfCost-5cc9: Processed 740 samples out of 10000, 0 errors
16:32:46,465 INFO Experiment.PerfCost-5cc9: Processed 750 samples out of 10000, 0 errors
16:32:56,546 INFO Experiment.PerfCost-5cc9: Processed 760 samples out of 10000, 0 errors
16:33:06,625 INFO Experiment.PerfCost-5cc9: Processed 770 samples out of 10000, 0 errors
16:33:16,697 INFO Experiment.PerfCost-5cc9: Processed 780 samples out of 10000, 0 errors
16:33:26,776 INFO Experiment.PerfCost-5cc9: Processed 790 samples out of 10000, 0 errors
16:33:36,866 INFO Experiment.PerfCost-5cc9: Processed 800 samples out of 10000, 0 errors
16:33:46,938 INFO Experiment.PerfCost-5cc9: Processed 810 samples out of 10000, 0 errors
16:33:57,19 INFO Experiment.PerfCost-5cc9: Processed 820 samples out of 10000, 0 errors
16:34:07,132 INFO Experiment.PerfCost-5cc9: Processed 830 samples out of 10000, 0 errors
16:34:17,208 INFO Experiment.PerfCost-5cc9: Processed 840 samples out of 10000, 0 errors
16:34:27,284 INFO Experiment.PerfCost-5cc9: Processed 850 samples out of 10000, 0 errors
16:34:37,370 INFO Experiment.PerfCost-5cc9: Processed 860 samples out of 10000, 0 errors
16:34:47,442 INFO Experiment.PerfCost-5cc9: Processed 870 samples out of 10000, 0 errors
16:34:57,520 INFO Experiment.PerfCost-5cc9: Processed 880 samples out of 10000, 0 errors
16:35:07,589 INFO Experiment.PerfCost-5cc9: Processed 890 samples out of 10000, 0 errors
16:35:17,688 INFO Experiment.PerfCost-5cc9: Processed 900 samples out of 10000, 0 errors
16:35:27,772 INFO Experiment.PerfCost-5cc9: Processed 910 samples out of 10000, 0 errors
16:35:37,849 INFO Experiment.PerfCost-5cc9: Processed 920 samples out of 10000, 0 errors
16:35:47,933 INFO Experiment.PerfCost-5cc9: Processed 930 samples out of 10000, 0 errors
16:35:58,15 INFO Experiment.PerfCost-5cc9: Processed 940 samples out of 10000, 0 errors
16:36:08,90 INFO Experiment.PerfCost-5cc9: Processed 950 samples out of 10000, 0 errors
16:36:18,155 INFO Experiment.PerfCost-5cc9: Processed 960 samples out of 10000, 0 errors
16:36:28,233 INFO Experiment.PerfCost-5cc9: Processed 970 samples out of 10000, 0 errors
16:36:38,309 INFO Experiment.PerfCost-5cc9: Processed 980 samples out of 10000, 0 errors
16:36:48,387 INFO Experiment.PerfCost-5cc9: Processed 990 samples out of 10000, 0 errors
16:36:58,466 INFO Experiment.PerfCost-5cc9: Processed 1000 samples out of 10000, 0 errors
16:37:08,539 INFO Experiment.PerfCost-5cc9: Processed 1010 samples out of 10000, 0 errors
16:37:18,611 INFO Experiment.PerfCost-5cc9: Processed 1020 samples out of 10000, 0 errors
16:37:28,686 INFO Experiment.PerfCost-5cc9: Processed 1030 samples out of 10000, 0 errors
16:37:38,759 INFO Experiment.PerfCost-5cc9: Processed 1040 samples out of 10000, 0 errors
16:37:48,839 INFO Experiment.PerfCost-5cc9: Processed 1050 samples out of 10000, 0 errors
16:37:58,928 INFO Experiment.PerfCost-5cc9: Processed 1060 samples out of 10000, 0 errors
16:38:09,7 INFO Experiment.PerfCost-5cc9: Processed 1070 samples out of 10000, 0 errors
16:38:19,83 INFO Experiment.PerfCost-5cc9: Processed 1080 samples out of 10000, 0 errors
16:38:29,168 INFO Experiment.PerfCost-5cc9: Processed 1090 samples out of 10000, 0 errors
16:38:39,245 INFO Experiment.PerfCost-5cc9: Processed 1100 samples out of 10000, 0 errors
16:38:49,315 INFO Experiment.PerfCost-5cc9: Processed 1110 samples out of 10000, 0 errors
16:38:59,385 INFO Experiment.PerfCost-5cc9: Processed 1120 samples out of 10000, 0 errors
16:39:09,453 INFO Experiment.PerfCost-5cc9: Processed 1130 samples out of 10000, 0 errors
16:39:19,536 INFO Experiment.PerfCost-5cc9: Processed 1140 samples out of 10000, 0 errors
16:39:29,611 INFO Experiment.PerfCost-5cc9: Processed 1150 samples out of 10000, 0 errors
16:39:39,680 INFO Experiment.PerfCost-5cc9: Processed 1160 samples out of 10000, 0 errors
16:39:49,762 INFO Experiment.PerfCost-5cc9: Processed 1170 samples out of 10000, 0 errors
16:39:59,835 INFO Experiment.PerfCost-5cc9: Processed 1180 samples out of 10000, 0 errors
16:40:09,902 INFO Experiment.PerfCost-5cc9: Processed 1190 samples out of 10000, 0 errors
16:40:20,8 INFO Experiment.PerfCost-5cc9: Processed 1200 samples out of 10000, 0 errors
16:40:30,82 INFO Experiment.PerfCost-5cc9: Processed 1210 samples out of 10000, 0 errors
16:40:40,157 INFO Experiment.PerfCost-5cc9: Processed 1220 samples out of 10000, 0 errors
16:40:50,232 INFO Experiment.PerfCost-5cc9: Processed 1230 samples out of 10000, 0 errors
16:41:00,310 INFO Experiment.PerfCost-5cc9: Processed 1240 samples out of 10000, 0 errors
16:41:10,380 INFO Experiment.PerfCost-5cc9: Processed 1250 samples out of 10000, 0 errors
16:41:20,458 INFO Experiment.PerfCost-5cc9: Processed 1260 samples out of 10000, 0 errors
16:41:30,535 INFO Experiment.PerfCost-5cc9: Processed 1270 samples out of 10000, 0 errors
16:41:40,610 INFO Experiment.PerfCost-5cc9: Processed 1280 samples out of 10000, 0 errors
16:41:50,681 INFO Experiment.PerfCost-5cc9: Processed 1290 samples out of 10000, 0 errors
16:42:00,746 INFO Experiment.PerfCost-5cc9: Processed 1300 samples out of 10000, 0 errors
16:42:10,818 INFO Experiment.PerfCost-5cc9: Processed 1310 samples out of 10000, 0 errors
16:42:20,899 INFO Experiment.PerfCost-5cc9: Processed 1320 samples out of 10000, 0 errors
16:42:30,973 INFO Experiment.PerfCost-5cc9: Processed 1330 samples out of 10000, 0 errors
16:42:41,113 INFO Experiment.PerfCost-5cc9: Processed 1340 samples out of 10000, 0 errors
16:42:51,185 INFO Experiment.PerfCost-5cc9: Processed 1350 samples out of 10000, 0 errors
16:43:01,281 INFO Experiment.PerfCost-5cc9: Processed 1360 samples out of 10000, 0 errors
16:43:11,361 INFO Experiment.PerfCost-5cc9: Processed 1370 samples out of 10000, 0 errors
16:43:21,447 INFO Experiment.PerfCost-5cc9: Processed 1380 samples out of 10000, 0 errors
16:43:31,526 INFO Experiment.PerfCost-5cc9: Processed 1390 samples out of 10000, 0 errors
16:43:41,592 INFO Experiment.PerfCost-5cc9: Processed 1400 samples out of 10000, 0 errors
16:43:51,673 INFO Experiment.PerfCost-5cc9: Processed 1410 samples out of 10000, 0 errors
16:44:01,776 INFO Experiment.PerfCost-5cc9: Processed 1420 samples out of 10000, 0 errors
16:44:11,892 INFO Experiment.PerfCost-5cc9: Processed 1430 samples out of 10000, 0 errors
16:44:21,985 INFO Experiment.PerfCost-5cc9: Processed 1440 samples out of 10000, 0 errors
16:44:32,65 INFO Experiment.PerfCost-5cc9: Processed 1450 samples out of 10000, 0 errors
16:44:42,140 INFO Experiment.PerfCost-5cc9: Processed 1460 samples out of 10000, 0 errors
16:44:52,215 INFO Experiment.PerfCost-5cc9: Processed 1470 samples out of 10000, 0 errors
16:45:02,292 INFO Experiment.PerfCost-5cc9: Processed 1480 samples out of 10000, 0 errors
16:45:12,373 INFO Experiment.PerfCost-5cc9: Processed 1490 samples out of 10000, 0 errors
16:45:22,479 INFO Experiment.PerfCost-5cc9: Processed 1500 samples out of 10000, 0 errors
16:45:32,553 INFO Experiment.PerfCost-5cc9: Processed 1510 samples out of 10000, 0 errors
16:45:42,625 INFO Experiment.PerfCost-5cc9: Processed 1520 samples out of 10000, 0 errors
16:45:52,696 INFO Experiment.PerfCost-5cc9: Processed 1530 samples out of 10000, 0 errors
16:46:02,772 INFO Experiment.PerfCost-5cc9: Processed 1540 samples out of 10000, 0 errors
16:46:12,877 INFO Experiment.PerfCost-5cc9: Processed 1550 samples out of 10000, 0 errors
16:46:22,958 INFO Experiment.PerfCost-5cc9: Processed 1560 samples out of 10000, 0 errors
16:46:33,38 INFO Experiment.PerfCost-5cc9: Processed 1570 samples out of 10000, 0 errors
16:46:43,132 INFO Experiment.PerfCost-5cc9: Processed 1580 samples out of 10000, 0 errors
16:46:53,202 INFO Experiment.PerfCost-5cc9: Processed 1590 samples out of 10000, 0 errors
16:47:03,277 INFO Experiment.PerfCost-5cc9: Processed 1600 samples out of 10000, 0 errors
16:47:13,351 INFO Experiment.PerfCost-5cc9: Processed 1610 samples out of 10000, 0 errors
16:47:23,438 INFO Experiment.PerfCost-5cc9: Processed 1620 samples out of 10000, 0 errors
16:47:33,516 INFO Experiment.PerfCost-5cc9: Processed 1630 samples out of 10000, 0 errors
16:47:43,588 INFO Experiment.PerfCost-5cc9: Processed 1640 samples out of 10000, 0 errors
16:47:53,665 INFO Experiment.PerfCost-5cc9: Processed 1650 samples out of 10000, 0 errors
16:48:03,753 INFO Experiment.PerfCost-5cc9: Processed 1660 samples out of 10000, 0 errors
16:48:13,829 INFO Experiment.PerfCost-5cc9: Processed 1670 samples out of 10000, 0 errors
16:48:23,906 INFO Experiment.PerfCost-5cc9: Processed 1680 samples out of 10000, 0 errors
16:48:33,980 INFO Experiment.PerfCost-5cc9: Processed 1690 samples out of 10000, 0 errors
16:48:44,63 INFO Experiment.PerfCost-5cc9: Processed 1700 samples out of 10000, 0 errors
16:48:54,139 INFO Experiment.PerfCost-5cc9: Processed 1710 samples out of 10000, 0 errors
16:49:04,217 INFO Experiment.PerfCost-5cc9: Processed 1720 samples out of 10000, 0 errors
16:49:14,294 INFO Experiment.PerfCost-5cc9: Processed 1730 samples out of 10000, 0 errors
16:49:24,374 INFO Experiment.PerfCost-5cc9: Processed 1740 samples out of 10000, 0 errors
16:49:34,449 INFO Experiment.PerfCost-5cc9: Processed 1750 samples out of 10000, 0 errors
16:49:44,521 INFO Experiment.PerfCost-5cc9: Processed 1760 samples out of 10000, 0 errors
16:49:54,593 INFO Experiment.PerfCost-5cc9: Processed 1770 samples out of 10000, 0 errors
16:50:04,673 INFO Experiment.PerfCost-5cc9: Processed 1780 samples out of 10000, 0 errors
16:50:14,753 INFO Experiment.PerfCost-5cc9: Processed 1790 samples out of 10000, 0 errors
16:50:24,855 INFO Experiment.PerfCost-5cc9: Processed 1800 samples out of 10000, 0 errors
16:50:34,940 INFO Experiment.PerfCost-5cc9: Processed 1810 samples out of 10000, 0 errors
16:50:45,17 INFO Experiment.PerfCost-5cc9: Processed 1820 samples out of 10000, 0 errors
16:50:55,98 INFO Experiment.PerfCost-5cc9: Processed 1830 samples out of 10000, 0 errors
16:51:05,181 INFO Experiment.PerfCost-5cc9: Processed 1840 samples out of 10000, 0 errors
16:51:15,255 INFO Experiment.PerfCost-5cc9: Processed 1850 samples out of 10000, 0 errors
16:51:25,326 INFO Experiment.PerfCost-5cc9: Processed 1860 samples out of 10000, 0 errors
16:51:35,395 INFO Experiment.PerfCost-5cc9: Processed 1870 samples out of 10000, 0 errors
16:51:45,482 INFO Experiment.PerfCost-5cc9: Processed 1880 samples out of 10000, 0 errors
16:51:55,566 INFO Experiment.PerfCost-5cc9: Processed 1890 samples out of 10000, 0 errors
16:52:05,631 INFO Experiment.PerfCost-5cc9: Processed 1900 samples out of 10000, 0 errors
16:52:15,704 INFO Experiment.PerfCost-5cc9: Processed 1910 samples out of 10000, 0 errors
16:52:25,791 INFO Experiment.PerfCost-5cc9: Processed 1920 samples out of 10000, 0 errors
16:52:35,866 INFO Experiment.PerfCost-5cc9: Processed 1930 samples out of 10000, 0 errors
16:52:45,935 INFO Experiment.PerfCost-5cc9: Processed 1940 samples out of 10000, 0 errors
16:52:56,11 INFO Experiment.PerfCost-5cc9: Processed 1950 samples out of 10000, 0 errors
16:53:06,107 INFO Experiment.PerfCost-5cc9: Processed 1960 samples out of 10000, 0 errors
16:53:16,187 INFO Experiment.PerfCost-5cc9: Processed 1970 samples out of 10000, 0 errors
16:53:26,302 INFO Experiment.PerfCost-5cc9: Processed 1980 samples out of 10000, 0 errors
16:53:36,376 INFO Experiment.PerfCost-5cc9: Processed 1990 samples out of 10000, 0 errors
16:53:46,454 INFO Experiment.PerfCost-5cc9: Processed 2000 samples out of 10000, 0 errors
16:53:56,524 INFO Experiment.PerfCost-5cc9: Processed 2010 samples out of 10000, 0 errors
16:54:06,605 INFO Experiment.PerfCost-5cc9: Processed 2020 samples out of 10000, 0 errors
16:54:16,681 INFO Experiment.PerfCost-5cc9: Processed 2030 samples out of 10000, 0 errors
16:54:26,759 INFO Experiment.PerfCost-5cc9: Processed 2040 samples out of 10000, 0 errors
16:54:36,856 INFO Experiment.PerfCost-5cc9: Processed 2050 samples out of 10000, 0 errors
16:54:46,927 INFO Experiment.PerfCost-5cc9: Processed 2060 samples out of 10000, 0 errors
16:54:57,17 INFO Experiment.PerfCost-5cc9: Processed 2070 samples out of 10000, 0 errors
16:55:07,92 INFO Experiment.PerfCost-5cc9: Processed 2080 samples out of 10000, 0 errors
16:55:17,162 INFO Experiment.PerfCost-5cc9: Processed 2090 samples out of 10000, 0 errors
16:55:27,259 INFO Experiment.PerfCost-5cc9: Processed 2100 samples out of 10000, 0 errors
16:55:37,340 INFO Experiment.PerfCost-5cc9: Processed 2110 samples out of 10000, 0 errors
16:55:47,422 INFO Experiment.PerfCost-5cc9: Processed 2120 samples out of 10000, 0 errors
16:55:57,496 INFO Experiment.PerfCost-5cc9: Processed 2130 samples out of 10000, 0 errors
16:56:07,564 INFO Experiment.PerfCost-5cc9: Processed 2140 samples out of 10000, 0 errors
16:56:17,645 INFO Experiment.PerfCost-5cc9: Processed 2150 samples out of 10000, 0 errors
16:56:27,718 INFO Experiment.PerfCost-5cc9: Processed 2160 samples out of 10000, 0 errors
16:56:37,786 INFO Experiment.PerfCost-5cc9: Processed 2170 samples out of 10000, 0 errors
16:56:47,871 INFO Experiment.PerfCost-5cc9: Processed 2180 samples out of 10000, 0 errors
16:56:57,942 INFO Experiment.PerfCost-5cc9: Processed 2190 samples out of 10000, 0 errors
16:57:08,19 INFO Experiment.PerfCost-5cc9: Processed 2200 samples out of 10000, 0 errors
16:57:18,96 INFO Experiment.PerfCost-5cc9: Processed 2210 samples out of 10000, 0 errors
16:57:28,165 INFO Experiment.PerfCost-5cc9: Processed 2220 samples out of 10000, 0 errors
16:57:38,239 INFO Experiment.PerfCost-5cc9: Processed 2230 samples out of 10000, 0 errors
16:57:48,319 INFO Experiment.PerfCost-5cc9: Processed 2240 samples out of 10000, 0 errors
16:57:58,395 INFO Experiment.PerfCost-5cc9: Processed 2250 samples out of 10000, 0 errors
16:58:08,488 INFO Experiment.PerfCost-5cc9: Processed 2260 samples out of 10000, 0 errors
16:58:18,565 INFO Experiment.PerfCost-5cc9: Processed 2270 samples out of 10000, 0 errors
16:58:28,642 INFO Experiment.PerfCost-5cc9: Processed 2280 samples out of 10000, 0 errors
16:58:38,711 INFO Experiment.PerfCost-5cc9: Processed 2290 samples out of 10000, 0 errors
16:58:48,779 INFO Experiment.PerfCost-5cc9: Processed 2300 samples out of 10000, 0 errors
16:58:58,855 INFO Experiment.PerfCost-5cc9: Processed 2310 samples out of 10000, 0 errors
16:59:08,935 INFO Experiment.PerfCost-5cc9: Processed 2320 samples out of 10000, 0 errors
16:59:19,9 INFO Experiment.PerfCost-5cc9: Processed 2330 samples out of 10000, 0 errors
16:59:29,95 INFO Experiment.PerfCost-5cc9: Processed 2340 samples out of 10000, 0 errors
16:59:39,175 INFO Experiment.PerfCost-5cc9: Processed 2350 samples out of 10000, 0 errors
16:59:49,249 INFO Experiment.PerfCost-5cc9: Processed 2360 samples out of 10000, 0 errors
16:59:59,319 INFO Experiment.PerfCost-5cc9: Processed 2370 samples out of 10000, 0 errors
17:00:09,407 INFO Experiment.PerfCost-5cc9: Processed 2380 samples out of 10000, 0 errors
17:00:19,488 INFO Experiment.PerfCost-5cc9: Processed 2390 samples out of 10000, 0 errors
17:00:29,598 INFO Experiment.PerfCost-5cc9: Processed 2400 samples out of 10000, 0 errors
17:00:39,670 INFO Experiment.PerfCost-5cc9: Processed 2410 samples out of 10000, 0 errors
17:00:49,744 INFO Experiment.PerfCost-5cc9: Processed 2420 samples out of 10000, 0 errors
17:00:59,817 INFO Experiment.PerfCost-5cc9: Processed 2430 samples out of 10000, 0 errors
17:01:09,890 INFO Experiment.PerfCost-5cc9: Processed 2440 samples out of 10000, 0 errors
17:01:19,959 INFO Experiment.PerfCost-5cc9: Processed 2450 samples out of 10000, 0 errors
17:01:30,42 INFO Experiment.PerfCost-5cc9: Processed 2460 samples out of 10000, 0 errors
17:01:40,120 INFO Experiment.PerfCost-5cc9: Processed 2470 samples out of 10000, 0 errors
17:01:50,201 INFO Experiment.PerfCost-5cc9: Processed 2480 samples out of 10000, 0 errors
17:02:00,283 INFO Experiment.PerfCost-5cc9: Processed 2490 samples out of 10000, 0 errors
17:02:10,365 INFO Experiment.PerfCost-5cc9: Processed 2500 samples out of 10000, 0 errors
17:02:20,439 INFO Experiment.PerfCost-5cc9: Processed 2510 samples out of 10000, 0 errors
17:02:30,523 INFO Experiment.PerfCost-5cc9: Processed 2520 samples out of 10000, 0 errors
17:02:40,599 INFO Experiment.PerfCost-5cc9: Processed 2530 samples out of 10000, 0 errors
17:02:50,676 INFO Experiment.PerfCost-5cc9: Processed 2540 samples out of 10000, 0 errors
17:03:00,759 INFO Experiment.PerfCost-5cc9: Processed 2550 samples out of 10000, 0 errors
17:03:10,853 INFO Experiment.PerfCost-5cc9: Processed 2560 samples out of 10000, 0 errors
17:03:20,927 INFO Experiment.PerfCost-5cc9: Processed 2570 samples out of 10000, 0 errors
17:03:31,1 INFO Experiment.PerfCost-5cc9: Processed 2580 samples out of 10000, 0 errors
17:03:41,80 INFO Experiment.PerfCost-5cc9: Processed 2590 samples out of 10000, 0 errors
17:03:51,161 INFO Experiment.PerfCost-5cc9: Processed 2600 samples out of 10000, 0 errors
17:04:01,244 INFO Experiment.PerfCost-5cc9: Processed 2610 samples out of 10000, 0 errors
17:04:11,322 INFO Experiment.PerfCost-5cc9: Processed 2620 samples out of 10000, 0 errors
17:04:21,393 INFO Experiment.PerfCost-5cc9: Processed 2630 samples out of 10000, 0 errors
17:04:31,491 INFO Experiment.PerfCost-5cc9: Processed 2640 samples out of 10000, 0 errors
17:04:41,563 INFO Experiment.PerfCost-5cc9: Processed 2650 samples out of 10000, 0 errors
17:04:51,636 INFO Experiment.PerfCost-5cc9: Processed 2660 samples out of 10000, 0 errors
17:05:01,706 INFO Experiment.PerfCost-5cc9: Processed 2670 samples out of 10000, 0 errors
17:05:11,779 INFO Experiment.PerfCost-5cc9: Processed 2680 samples out of 10000, 0 errors
17:05:21,860 INFO Experiment.PerfCost-5cc9: Processed 2690 samples out of 10000, 0 errors
17:05:31,959 INFO Experiment.PerfCost-5cc9: Processed 2700 samples out of 10000, 0 errors
17:05:42,37 INFO Experiment.PerfCost-5cc9: Processed 2710 samples out of 10000, 0 errors
17:05:52,123 INFO Experiment.PerfCost-5cc9: Processed 2720 samples out of 10000, 0 errors
17:06:02,194 INFO Experiment.PerfCost-5cc9: Processed 2730 samples out of 10000, 0 errors
17:06:12,280 INFO Experiment.PerfCost-5cc9: Processed 2740 samples out of 10000, 0 errors
17:06:22,351 INFO Experiment.PerfCost-5cc9: Processed 2750 samples out of 10000, 0 errors
17:06:32,426 INFO Experiment.PerfCost-5cc9: Processed 2760 samples out of 10000, 0 errors
17:06:42,499 INFO Experiment.PerfCost-5cc9: Processed 2770 samples out of 10000, 0 errors
17:06:52,575 INFO Experiment.PerfCost-5cc9: Processed 2780 samples out of 10000, 0 errors
17:07:02,651 INFO Experiment.PerfCost-5cc9: Processed 2790 samples out of 10000, 0 errors
17:07:12,738 INFO Experiment.PerfCost-5cc9: Processed 2800 samples out of 10000, 0 errors
17:07:22,821 INFO Experiment.PerfCost-5cc9: Processed 2810 samples out of 10000, 0 errors
17:07:32,899 INFO Experiment.PerfCost-5cc9: Processed 2820 samples out of 10000, 0 errors
17:07:42,975 INFO Experiment.PerfCost-5cc9: Processed 2830 samples out of 10000, 0 errors
17:07:53,72 INFO Experiment.PerfCost-5cc9: Processed 2840 samples out of 10000, 0 errors
17:08:03,149 INFO Experiment.PerfCost-5cc9: Processed 2850 samples out of 10000, 0 errors
17:08:13,251 INFO Experiment.PerfCost-5cc9: Processed 2860 samples out of 10000, 0 errors
17:08:23,331 INFO Experiment.PerfCost-5cc9: Processed 2870 samples out of 10000, 0 errors
17:08:33,413 INFO Experiment.PerfCost-5cc9: Processed 2880 samples out of 10000, 0 errors
17:08:43,478 INFO Experiment.PerfCost-5cc9: Processed 2890 samples out of 10000, 0 errors
17:08:53,548 INFO Experiment.PerfCost-5cc9: Processed 2900 samples out of 10000, 0 errors
17:09:03,635 INFO Experiment.PerfCost-5cc9: Processed 2910 samples out of 10000, 0 errors
17:09:13,710 INFO Experiment.PerfCost-5cc9: Processed 2920 samples out of 10000, 0 errors
17:09:23,784 INFO Experiment.PerfCost-5cc9: Processed 2930 samples out of 10000, 0 errors
17:09:33,861 INFO Experiment.PerfCost-5cc9: Processed 2940 samples out of 10000, 0 errors
17:09:43,935 INFO Experiment.PerfCost-5cc9: Processed 2950 samples out of 10000, 0 errors
17:09:54,23 INFO Experiment.PerfCost-5cc9: Processed 2960 samples out of 10000, 0 errors
17:10:04,93 INFO Experiment.PerfCost-5cc9: Processed 2970 samples out of 10000, 0 errors
17:10:14,166 INFO Experiment.PerfCost-5cc9: Processed 2980 samples out of 10000, 0 errors
17:10:24,251 INFO Experiment.PerfCost-5cc9: Processed 2990 samples out of 10000, 0 errors
17:10:34,353 INFO Experiment.PerfCost-5cc9: Processed 3000 samples out of 10000, 0 errors
17:10:44,432 INFO Experiment.PerfCost-5cc9: Processed 3010 samples out of 10000, 0 errors
17:10:54,509 INFO Experiment.PerfCost-5cc9: Processed 3020 samples out of 10000, 0 errors
17:11:04,589 INFO Experiment.PerfCost-5cc9: Processed 3030 samples out of 10000, 0 errors
17:11:14,667 INFO Experiment.PerfCost-5cc9: Processed 3040 samples out of 10000, 0 errors
17:11:24,742 INFO Experiment.PerfCost-5cc9: Processed 3050 samples out of 10000, 0 errors
17:11:34,814 INFO Experiment.PerfCost-5cc9: Processed 3060 samples out of 10000, 0 errors
17:11:44,887 INFO Experiment.PerfCost-5cc9: Processed 3070 samples out of 10000, 0 errors
17:11:54,959 INFO Experiment.PerfCost-5cc9: Processed 3080 samples out of 10000, 0 errors
17:12:05,34 INFO Experiment.PerfCost-5cc9: Processed 3090 samples out of 10000, 0 errors
17:12:15,110 INFO Experiment.PerfCost-5cc9: Processed 3100 samples out of 10000, 0 errors
17:12:25,178 INFO Experiment.PerfCost-5cc9: Processed 3110 samples out of 10000, 0 errors
17:12:35,254 INFO Experiment.PerfCost-5cc9: Processed 3120 samples out of 10000, 0 errors
17:12:45,325 INFO Experiment.PerfCost-5cc9: Processed 3130 samples out of 10000, 0 errors
17:12:55,406 INFO Experiment.PerfCost-5cc9: Processed 3140 samples out of 10000, 0 errors
17:13:05,493 INFO Experiment.PerfCost-5cc9: Processed 3150 samples out of 10000, 0 errors
17:13:15,596 INFO Experiment.PerfCost-5cc9: Processed 3160 samples out of 10000, 0 errors
17:13:25,678 INFO Experiment.PerfCost-5cc9: Processed 3170 samples out of 10000, 0 errors
17:13:35,754 INFO Experiment.PerfCost-5cc9: Processed 3180 samples out of 10000, 0 errors
17:13:45,822 INFO Experiment.PerfCost-5cc9: Processed 3190 samples out of 10000, 0 errors
17:13:55,894 INFO Experiment.PerfCost-5cc9: Processed 3200 samples out of 10000, 0 errors
17:14:05,964 INFO Experiment.PerfCost-5cc9: Processed 3210 samples out of 10000, 0 errors
17:14:16,39 INFO Experiment.PerfCost-5cc9: Processed 3220 samples out of 10000, 0 errors
17:14:26,119 INFO Experiment.PerfCost-5cc9: Processed 3230 samples out of 10000, 0 errors
17:14:36,198 INFO Experiment.PerfCost-5cc9: Processed 3240 samples out of 10000, 0 errors
17:14:46,277 INFO Experiment.PerfCost-5cc9: Processed 3250 samples out of 10000, 0 errors
17:14:56,363 INFO Experiment.PerfCost-5cc9: Processed 3260 samples out of 10000, 0 errors
17:15:06,436 INFO Experiment.PerfCost-5cc9: Processed 3270 samples out of 10000, 0 errors
17:15:16,513 INFO Experiment.PerfCost-5cc9: Processed 3280 samples out of 10000, 0 errors
17:15:26,594 INFO Experiment.PerfCost-5cc9: Processed 3290 samples out of 10000, 0 errors
17:15:36,694 INFO Experiment.PerfCost-5cc9: Processed 3300 samples out of 10000, 0 errors
17:15:46,768 INFO Experiment.PerfCost-5cc9: Processed 3310 samples out of 10000, 0 errors
17:15:56,865 INFO Experiment.PerfCost-5cc9: Processed 3320 samples out of 10000, 0 errors
17:16:06,942 INFO Experiment.PerfCost-5cc9: Processed 3330 samples out of 10000, 0 errors
17:16:17,15 INFO Experiment.PerfCost-5cc9: Processed 3340 samples out of 10000, 0 errors
17:16:27,110 INFO Experiment.PerfCost-5cc9: Processed 3350 samples out of 10000, 0 errors
17:16:37,194 INFO Experiment.PerfCost-5cc9: Processed 3360 samples out of 10000, 0 errors
17:16:47,286 INFO Experiment.PerfCost-5cc9: Processed 3370 samples out of 10000, 0 errors
17:16:57,368 INFO Experiment.PerfCost-5cc9: Processed 3380 samples out of 10000, 0 errors
17:17:07,440 INFO Experiment.PerfCost-5cc9: Processed 3390 samples out of 10000, 0 errors
17:17:17,517 INFO Experiment.PerfCost-5cc9: Processed 3400 samples out of 10000, 0 errors
17:17:27,595 INFO Experiment.PerfCost-5cc9: Processed 3410 samples out of 10000, 0 errors
17:17:37,676 INFO Experiment.PerfCost-5cc9: Processed 3420 samples out of 10000, 0 errors
17:17:47,749 INFO Experiment.PerfCost-5cc9: Processed 3430 samples out of 10000, 0 errors
17:17:57,834 INFO Experiment.PerfCost-5cc9: Processed 3440 samples out of 10000, 0 errors
17:18:07,905 INFO Experiment.PerfCost-5cc9: Processed 3450 samples out of 10000, 0 errors
17:18:18,4 INFO Experiment.PerfCost-5cc9: Processed 3460 samples out of 10000, 0 errors
17:18:28,80 INFO Experiment.PerfCost-5cc9: Processed 3470 samples out of 10000, 0 errors
17:18:38,155 INFO Experiment.PerfCost-5cc9: Processed 3480 samples out of 10000, 0 errors
17:18:48,227 INFO Experiment.PerfCost-5cc9: Processed 3490 samples out of 10000, 0 errors
17:18:58,317 INFO Experiment.PerfCost-5cc9: Processed 3500 samples out of 10000, 0 errors
17:19:08,402 INFO Experiment.PerfCost-5cc9: Processed 3510 samples out of 10000, 0 errors
17:19:18,504 INFO Experiment.PerfCost-5cc9: Processed 3520 samples out of 10000, 0 errors
17:19:28,577 INFO Experiment.PerfCost-5cc9: Processed 3530 samples out of 10000, 0 errors
17:19:38,653 INFO Experiment.PerfCost-5cc9: Processed 3540 samples out of 10000, 0 errors
17:19:48,735 INFO Experiment.PerfCost-5cc9: Processed 3550 samples out of 10000, 0 errors
17:19:58,820 INFO Experiment.PerfCost-5cc9: Processed 3560 samples out of 10000, 0 errors
17:20:08,894 INFO Experiment.PerfCost-5cc9: Processed 3570 samples out of 10000, 0 errors
17:20:18,960 INFO Experiment.PerfCost-5cc9: Processed 3580 samples out of 10000, 0 errors
17:20:29,47 INFO Experiment.PerfCost-5cc9: Processed 3590 samples out of 10000, 0 errors
17:20:39,182 INFO Experiment.PerfCost-5cc9: Processed 3600 samples out of 10000, 0 errors
17:20:49,313 INFO Experiment.PerfCost-5cc9: Processed 3610 samples out of 10000, 0 errors
17:20:59,436 INFO Experiment.PerfCost-5cc9: Processed 3620 samples out of 10000, 0 errors
17:21:09,537 INFO Experiment.PerfCost-5cc9: Processed 3630 samples out of 10000, 0 errors
17:21:19,657 INFO Experiment.PerfCost-5cc9: Processed 3640 samples out of 10000, 0 errors
17:21:29,733 INFO Experiment.PerfCost-5cc9: Processed 3650 samples out of 10000, 0 errors
17:21:39,824 INFO Experiment.PerfCost-5cc9: Processed 3660 samples out of 10000, 0 errors
17:21:49,900 INFO Experiment.PerfCost-5cc9: Processed 3670 samples out of 10000, 0 errors
17:21:59,974 INFO Experiment.PerfCost-5cc9: Processed 3680 samples out of 10000, 0 errors
17:22:10,48 INFO Experiment.PerfCost-5cc9: Processed 3690 samples out of 10000, 0 errors
17:22:20,125 INFO Experiment.PerfCost-5cc9: Processed 3700 samples out of 10000, 0 errors
17:22:30,213 INFO Experiment.PerfCost-5cc9: Processed 3710 samples out of 10000, 0 errors
17:22:40,296 INFO Experiment.PerfCost-5cc9: Processed 3720 samples out of 10000, 0 errors
17:22:50,374 INFO Experiment.PerfCost-5cc9: Processed 3730 samples out of 10000, 0 errors
17:23:00,460 INFO Experiment.PerfCost-5cc9: Processed 3740 samples out of 10000, 0 errors
17:23:10,540 INFO Experiment.PerfCost-5cc9: Processed 3750 samples out of 10000, 0 errors
17:23:20,640 INFO Experiment.PerfCost-5cc9: Processed 3760 samples out of 10000, 0 errors
17:23:30,731 INFO Experiment.PerfCost-5cc9: Processed 3770 samples out of 10000, 0 errors
17:23:40,817 INFO Experiment.PerfCost-5cc9: Processed 3780 samples out of 10000, 0 errors
17:23:50,896 INFO Experiment.PerfCost-5cc9: Processed 3790 samples out of 10000, 0 errors
17:24:00,970 INFO Experiment.PerfCost-5cc9: Processed 3800 samples out of 10000, 0 errors
17:24:11,41 INFO Experiment.PerfCost-5cc9: Processed 3810 samples out of 10000, 0 errors
17:24:21,116 INFO Experiment.PerfCost-5cc9: Processed 3820 samples out of 10000, 0 errors
17:24:31,202 INFO Experiment.PerfCost-5cc9: Processed 3830 samples out of 10000, 0 errors
17:24:41,280 INFO Experiment.PerfCost-5cc9: Processed 3840 samples out of 10000, 0 errors
17:24:51,358 INFO Experiment.PerfCost-5cc9: Processed 3850 samples out of 10000, 0 errors
17:25:01,441 INFO Experiment.PerfCost-5cc9: Processed 3860 samples out of 10000, 0 errors
17:25:11,514 INFO Experiment.PerfCost-5cc9: Processed 3870 samples out of 10000, 0 errors
17:25:21,592 INFO Experiment.PerfCost-5cc9: Processed 3880 samples out of 10000, 0 errors
17:25:31,675 INFO Experiment.PerfCost-5cc9: Processed 3890 samples out of 10000, 0 errors
17:25:41,786 INFO Experiment.PerfCost-5cc9: Processed 3900 samples out of 10000, 0 errors
17:25:51,861 INFO Experiment.PerfCost-5cc9: Processed 3910 samples out of 10000, 0 errors
17:26:01,941 INFO Experiment.PerfCost-5cc9: Processed 3920 samples out of 10000, 0 errors
17:26:12,16 INFO Experiment.PerfCost-5cc9: Processed 3930 samples out of 10000, 0 errors
17:26:22,93 INFO Experiment.PerfCost-5cc9: Processed 3940 samples out of 10000, 0 errors
17:26:32,184 INFO Experiment.PerfCost-5cc9: Processed 3950 samples out of 10000, 0 errors
17:26:42,253 INFO Experiment.PerfCost-5cc9: Processed 3960 samples out of 10000, 0 errors
17:26:52,333 INFO Experiment.PerfCost-5cc9: Processed 3970 samples out of 10000, 0 errors
17:27:02,413 INFO Experiment.PerfCost-5cc9: Processed 3980 samples out of 10000, 0 errors
17:27:12,485 INFO Experiment.PerfCost-5cc9: Processed 3990 samples out of 10000, 0 errors
17:27:22,561 INFO Experiment.PerfCost-5cc9: Processed 4000 samples out of 10000, 0 errors
17:27:32,635 INFO Experiment.PerfCost-5cc9: Processed 4010 samples out of 10000, 0 errors
17:27:42,711 INFO Experiment.PerfCost-5cc9: Processed 4020 samples out of 10000, 0 errors
17:27:52,814 INFO Experiment.PerfCost-5cc9: Processed 4030 samples out of 10000, 0 errors
17:28:02,891 INFO Experiment.PerfCost-5cc9: Processed 4040 samples out of 10000, 0 errors
17:28:12,967 INFO Experiment.PerfCost-5cc9: Processed 4050 samples out of 10000, 0 errors
17:28:23,54 INFO Experiment.PerfCost-5cc9: Processed 4060 samples out of 10000, 0 errors
17:28:33,129 INFO Experiment.PerfCost-5cc9: Processed 4070 samples out of 10000, 0 errors
17:28:43,200 INFO Experiment.PerfCost-5cc9: Processed 4080 samples out of 10000, 0 errors
17:28:53,282 INFO Experiment.PerfCost-5cc9: Processed 4090 samples out of 10000, 0 errors
17:29:03,366 INFO Experiment.PerfCost-5cc9: Processed 4100 samples out of 10000, 0 errors
17:29:13,444 INFO Experiment.PerfCost-5cc9: Processed 4110 samples out of 10000, 0 errors
17:29:23,516 INFO Experiment.PerfCost-5cc9: Processed 4120 samples out of 10000, 0 errors
17:29:33,589 INFO Experiment.PerfCost-5cc9: Processed 4130 samples out of 10000, 0 errors
17:29:43,693 INFO Experiment.PerfCost-5cc9: Processed 4140 samples out of 10000, 0 errors
17:29:53,774 INFO Experiment.PerfCost-5cc9: Processed 4150 samples out of 10000, 0 errors
17:30:03,900 INFO Experiment.PerfCost-5cc9: Processed 4160 samples out of 10000, 0 errors
17:30:13,973 INFO Experiment.PerfCost-5cc9: Processed 4170 samples out of 10000, 0 errors
17:30:24,53 INFO Experiment.PerfCost-5cc9: Processed 4180 samples out of 10000, 0 errors
17:30:34,127 INFO Experiment.PerfCost-5cc9: Processed 4190 samples out of 10000, 0 errors
17:30:44,232 INFO Experiment.PerfCost-5cc9: Processed 4200 samples out of 10000, 0 errors
17:30:54,307 INFO Experiment.PerfCost-5cc9: Processed 4210 samples out of 10000, 0 errors
17:31:04,385 INFO Experiment.PerfCost-5cc9: Processed 4220 samples out of 10000, 0 errors
17:31:14,457 INFO Experiment.PerfCost-5cc9: Processed 4230 samples out of 10000, 0 errors
17:31:24,533 INFO Experiment.PerfCost-5cc9: Processed 4240 samples out of 10000, 0 errors
17:31:34,604 INFO Experiment.PerfCost-5cc9: Processed 4250 samples out of 10000, 0 errors
17:31:44,685 INFO Experiment.PerfCost-5cc9: Processed 4260 samples out of 10000, 0 errors
17:31:54,756 INFO Experiment.PerfCost-5cc9: Processed 4270 samples out of 10000, 0 errors
17:32:04,841 INFO Experiment.PerfCost-5cc9: Processed 4280 samples out of 10000, 0 errors
17:32:14,916 INFO Experiment.PerfCost-5cc9: Processed 4290 samples out of 10000, 0 errors
17:32:24,992 INFO Experiment.PerfCost-5cc9: Processed 4300 samples out of 10000, 0 errors
17:32:35,62 INFO Experiment.PerfCost-5cc9: Processed 4310 samples out of 10000, 0 errors
17:32:45,140 INFO Experiment.PerfCost-5cc9: Processed 4320 samples out of 10000, 0 errors
17:32:55,239 INFO Experiment.PerfCost-5cc9: Processed 4330 samples out of 10000, 0 errors
17:33:05,310 INFO Experiment.PerfCost-5cc9: Processed 4340 samples out of 10000, 0 errors
17:33:15,407 INFO Experiment.PerfCost-5cc9: Processed 4350 samples out of 10000, 0 errors
17:33:25,486 INFO Experiment.PerfCost-5cc9: Processed 4360 samples out of 10000, 0 errors
17:33:35,562 INFO Experiment.PerfCost-5cc9: Processed 4370 samples out of 10000, 0 errors
17:33:45,639 INFO Experiment.PerfCost-5cc9: Processed 4380 samples out of 10000, 0 errors
17:33:55,712 INFO Experiment.PerfCost-5cc9: Processed 4390 samples out of 10000, 0 errors
17:34:05,797 INFO Experiment.PerfCost-5cc9: Processed 4400 samples out of 10000, 0 errors
17:34:15,876 INFO Experiment.PerfCost-5cc9: Processed 4410 samples out of 10000, 0 errors
17:34:25,964 INFO Experiment.PerfCost-5cc9: Processed 4420 samples out of 10000, 0 errors
17:34:36,41 INFO Experiment.PerfCost-5cc9: Processed 4430 samples out of 10000, 0 errors
17:34:46,130 INFO Experiment.PerfCost-5cc9: Processed 4440 samples out of 10000, 0 errors
17:34:56,208 INFO Experiment.PerfCost-5cc9: Processed 4450 samples out of 10000, 0 errors
17:35:06,283 INFO Experiment.PerfCost-5cc9: Processed 4460 samples out of 10000, 0 errors
17:35:16,360 INFO Experiment.PerfCost-5cc9: Processed 4470 samples out of 10000, 0 errors
17:35:26,438 INFO Experiment.PerfCost-5cc9: Processed 4480 samples out of 10000, 0 errors
17:35:36,506 INFO Experiment.PerfCost-5cc9: Processed 4490 samples out of 10000, 0 errors
17:35:46,608 INFO Experiment.PerfCost-5cc9: Processed 4500 samples out of 10000, 0 errors
17:35:56,679 INFO Experiment.PerfCost-5cc9: Processed 4510 samples out of 10000, 0 errors
17:36:06,765 INFO Experiment.PerfCost-5cc9: Processed 4520 samples out of 10000, 0 errors
17:36:16,872 INFO Experiment.PerfCost-5cc9: Processed 4530 samples out of 10000, 0 errors
17:36:26,948 INFO Experiment.PerfCost-5cc9: Processed 4540 samples out of 10000, 0 errors
17:36:37,21 INFO Experiment.PerfCost-5cc9: Processed 4550 samples out of 10000, 0 errors
17:36:47,147 INFO Experiment.PerfCost-5cc9: Processed 4560 samples out of 10000, 0 errors
17:36:57,243 INFO Experiment.PerfCost-5cc9: Processed 4570 samples out of 10000, 0 errors
17:37:07,328 INFO Experiment.PerfCost-5cc9: Processed 4580 samples out of 10000, 0 errors
17:37:17,410 INFO Experiment.PerfCost-5cc9: Processed 4590 samples out of 10000, 0 errors
17:37:27,486 INFO Experiment.PerfCost-5cc9: Processed 4600 samples out of 10000, 0 errors
17:37:37,566 INFO Experiment.PerfCost-5cc9: Processed 4610 samples out of 10000, 0 errors
17:37:47,651 INFO Experiment.PerfCost-5cc9: Processed 4620 samples out of 10000, 0 errors
17:37:57,726 INFO Experiment.PerfCost-5cc9: Processed 4630 samples out of 10000, 0 errors
17:38:07,800 INFO Experiment.PerfCost-5cc9: Processed 4640 samples out of 10000, 0 errors
17:38:17,881 INFO Experiment.PerfCost-5cc9: Processed 4650 samples out of 10000, 0 errors
17:38:27,966 INFO Experiment.PerfCost-5cc9: Processed 4660 samples out of 10000, 0 errors
17:38:38,45 INFO Experiment.PerfCost-5cc9: Processed 4670 samples out of 10000, 0 errors
17:38:48,119 INFO Experiment.PerfCost-5cc9: Processed 4680 samples out of 10000, 0 errors
17:38:58,231 INFO Experiment.PerfCost-5cc9: Processed 4690 samples out of 10000, 0 errors
17:39:08,317 INFO Experiment.PerfCost-5cc9: Processed 4700 samples out of 10000, 0 errors
17:39:18,395 INFO Experiment.PerfCost-5cc9: Processed 4710 samples out of 10000, 0 errors
17:39:28,471 INFO Experiment.PerfCost-5cc9: Processed 4720 samples out of 10000, 0 errors
17:39:38,552 INFO Experiment.PerfCost-5cc9: Processed 4730 samples out of 10000, 0 errors
17:39:48,640 INFO Experiment.PerfCost-5cc9: Processed 4740 samples out of 10000, 0 errors
17:39:58,718 INFO Experiment.PerfCost-5cc9: Processed 4750 samples out of 10000, 0 errors
17:40:08,795 INFO Experiment.PerfCost-5cc9: Processed 4760 samples out of 10000, 0 errors
17:40:18,875 INFO Experiment.PerfCost-5cc9: Processed 4770 samples out of 10000, 0 errors
17:40:28,958 INFO Experiment.PerfCost-5cc9: Processed 4780 samples out of 10000, 0 errors
17:40:39,40 INFO Experiment.PerfCost-5cc9: Processed 4790 samples out of 10000, 0 errors
17:40:49,142 INFO Experiment.PerfCost-5cc9: Processed 4800 samples out of 10000, 0 errors
17:40:59,229 INFO Experiment.PerfCost-5cc9: Processed 4810 samples out of 10000, 0 errors
17:41:09,311 INFO Experiment.PerfCost-5cc9: Processed 4820 samples out of 10000, 0 errors
17:41:19,387 INFO Experiment.PerfCost-5cc9: Processed 4830 samples out of 10000, 0 errors
17:41:29,464 INFO Experiment.PerfCost-5cc9: Processed 4840 samples out of 10000, 0 errors
17:41:39,548 INFO Experiment.PerfCost-5cc9: Processed 4850 samples out of 10000, 0 errors
17:41:49,621 INFO Experiment.PerfCost-5cc9: Processed 4860 samples out of 10000, 0 errors
17:41:59,694 INFO Experiment.PerfCost-5cc9: Processed 4870 samples out of 10000, 0 errors
17:42:09,775 INFO Experiment.PerfCost-5cc9: Processed 4880 samples out of 10000, 0 errors
17:42:19,861 INFO Experiment.PerfCost-5cc9: Processed 4890 samples out of 10000, 0 errors
17:42:29,939 INFO Experiment.PerfCost-5cc9: Processed 4900 samples out of 10000, 0 errors
17:42:40,25 INFO Experiment.PerfCost-5cc9: Processed 4910 samples out of 10000, 0 errors
17:42:50,108 INFO Experiment.PerfCost-5cc9: Processed 4920 samples out of 10000, 0 errors
17:43:00,184 INFO Experiment.PerfCost-5cc9: Processed 4930 samples out of 10000, 0 errors
17:43:10,260 INFO Experiment.PerfCost-5cc9: Processed 4940 samples out of 10000, 0 errors
17:43:20,336 INFO Experiment.PerfCost-5cc9: Processed 4950 samples out of 10000, 0 errors
17:43:30,431 INFO Experiment.PerfCost-5cc9: Processed 4960 samples out of 10000, 0 errors
17:43:40,519 INFO Experiment.PerfCost-5cc9: Processed 4970 samples out of 10000, 0 errors
17:43:50,598 INFO Experiment.PerfCost-5cc9: Processed 4980 samples out of 10000, 0 errors
17:44:00,682 INFO Experiment.PerfCost-5cc9: Processed 4990 samples out of 10000, 0 errors
17:44:10,770 INFO Experiment.PerfCost-5cc9: Processed 5000 samples out of 10000, 0 errors
17:44:20,855 INFO Experiment.PerfCost-5cc9: Processed 5010 samples out of 10000, 0 errors
17:44:30,923 INFO Experiment.PerfCost-5cc9: Processed 5020 samples out of 10000, 0 errors
17:44:41,0 INFO Experiment.PerfCost-5cc9: Processed 5030 samples out of 10000, 0 errors
17:44:51,91 INFO Experiment.PerfCost-5cc9: Processed 5040 samples out of 10000, 0 errors
17:45:01,167 INFO Experiment.PerfCost-5cc9: Processed 5050 samples out of 10000, 0 errors
17:45:11,254 INFO Experiment.PerfCost-5cc9: Processed 5060 samples out of 10000, 0 errors
17:45:21,379 INFO Experiment.PerfCost-5cc9: Processed 5070 samples out of 10000, 0 errors
17:45:31,465 INFO Experiment.PerfCost-5cc9: Processed 5080 samples out of 10000, 0 errors
17:45:41,555 INFO Experiment.PerfCost-5cc9: Processed 5090 samples out of 10000, 0 errors
17:45:51,656 INFO Experiment.PerfCost-5cc9: Processed 5100 samples out of 10000, 0 errors
17:46:01,731 INFO Experiment.PerfCost-5cc9: Processed 5110 samples out of 10000, 0 errors
17:46:11,816 INFO Experiment.PerfCost-5cc9: Processed 5120 samples out of 10000, 0 errors
17:46:21,902 INFO Experiment.PerfCost-5cc9: Processed 5130 samples out of 10000, 0 errors
17:46:31,982 INFO Experiment.PerfCost-5cc9: Processed 5140 samples out of 10000, 0 errors
17:46:42,70 INFO Experiment.PerfCost-5cc9: Processed 5150 samples out of 10000, 0 errors
17:46:52,155 INFO Experiment.PerfCost-5cc9: Processed 5160 samples out of 10000, 0 errors
17:47:02,243 INFO Experiment.PerfCost-5cc9: Processed 5170 samples out of 10000, 0 errors
17:47:12,320 INFO Experiment.PerfCost-5cc9: Processed 5180 samples out of 10000, 0 errors
17:47:22,414 INFO Experiment.PerfCost-5cc9: Processed 5190 samples out of 10000, 0 errors
17:47:32,522 INFO Experiment.PerfCost-5cc9: Processed 5200 samples out of 10000, 0 errors
17:47:42,598 INFO Experiment.PerfCost-5cc9: Processed 5210 samples out of 10000, 0 errors
17:47:52,675 INFO Experiment.PerfCost-5cc9: Processed 5220 samples out of 10000, 0 errors
17:48:02,752 INFO Experiment.PerfCost-5cc9: Processed 5230 samples out of 10000, 0 errors
17:48:12,840 INFO Experiment.PerfCost-5cc9: Processed 5240 samples out of 10000, 0 errors
17:48:22,914 INFO Experiment.PerfCost-5cc9: Processed 5250 samples out of 10000, 0 errors
17:48:33,4 INFO Experiment.PerfCost-5cc9: Processed 5260 samples out of 10000, 0 errors
17:48:43,80 INFO Experiment.PerfCost-5cc9: Processed 5270 samples out of 10000, 0 errors
17:48:53,167 INFO Experiment.PerfCost-5cc9: Processed 5280 samples out of 10000, 0 errors
17:49:03,236 INFO Experiment.PerfCost-5cc9: Processed 5290 samples out of 10000, 0 errors
17:49:13,307 INFO Experiment.PerfCost-5cc9: Processed 5300 samples out of 10000, 0 errors
17:49:23,405 INFO Experiment.PerfCost-5cc9: Processed 5310 samples out of 10000, 0 errors
17:49:33,477 INFO Experiment.PerfCost-5cc9: Processed 5320 samples out of 10000, 0 errors
17:49:43,553 INFO Experiment.PerfCost-5cc9: Processed 5330 samples out of 10000, 0 errors
17:49:53,629 INFO Experiment.PerfCost-5cc9: Processed 5340 samples out of 10000, 0 errors
17:50:03,720 INFO Experiment.PerfCost-5cc9: Processed 5350 samples out of 10000, 0 errors
17:50:13,800 INFO Experiment.PerfCost-5cc9: Processed 5360 samples out of 10000, 0 errors
17:50:23,869 INFO Experiment.PerfCost-5cc9: Processed 5370 samples out of 10000, 0 errors
17:50:33,941 INFO Experiment.PerfCost-5cc9: Processed 5380 samples out of 10000, 0 errors
17:50:44,25 INFO Experiment.PerfCost-5cc9: Processed 5390 samples out of 10000, 0 errors
17:50:54,124 INFO Experiment.PerfCost-5cc9: Processed 5400 samples out of 10000, 0 errors
17:51:04,199 INFO Experiment.PerfCost-5cc9: Processed 5410 samples out of 10000, 0 errors
17:51:14,272 INFO Experiment.PerfCost-5cc9: Processed 5420 samples out of 10000, 0 errors
17:51:24,350 INFO Experiment.PerfCost-5cc9: Processed 5430 samples out of 10000, 0 errors
17:51:34,420 INFO Experiment.PerfCost-5cc9: Processed 5440 samples out of 10000, 0 errors
17:51:44,509 INFO Experiment.PerfCost-5cc9: Processed 5450 samples out of 10000, 0 errors
17:51:54,592 INFO Experiment.PerfCost-5cc9: Processed 5460 samples out of 10000, 0 errors
17:52:04,674 INFO Experiment.PerfCost-5cc9: Processed 5470 samples out of 10000, 0 errors
17:52:14,763 INFO Experiment.PerfCost-5cc9: Processed 5480 samples out of 10000, 0 errors
17:52:24,839 INFO Experiment.PerfCost-5cc9: Processed 5490 samples out of 10000, 0 errors
17:52:34,922 INFO Experiment.PerfCost-5cc9: Processed 5500 samples out of 10000, 0 errors
17:52:45,5 INFO Experiment.PerfCost-5cc9: Processed 5510 samples out of 10000, 0 errors
17:52:55,72 INFO Experiment.PerfCost-5cc9: Processed 5520 samples out of 10000, 0 errors
17:53:05,152 INFO Experiment.PerfCost-5cc9: Processed 5530 samples out of 10000, 0 errors
17:53:15,233 INFO Experiment.PerfCost-5cc9: Processed 5540 samples out of 10000, 0 errors
17:53:25,313 INFO Experiment.PerfCost-5cc9: Processed 5550 samples out of 10000, 0 errors
17:53:35,409 INFO Experiment.PerfCost-5cc9: Processed 5560 samples out of 10000, 0 errors
17:53:45,495 INFO Experiment.PerfCost-5cc9: Processed 5570 samples out of 10000, 0 errors
17:53:55,620 INFO Experiment.PerfCost-5cc9: Processed 5580 samples out of 10000, 0 errors
17:54:05,699 INFO Experiment.PerfCost-5cc9: Processed 5590 samples out of 10000, 0 errors
17:54:15,781 INFO Experiment.PerfCost-5cc9: Processed 5600 samples out of 10000, 0 errors
17:54:25,873 INFO Experiment.PerfCost-5cc9: Processed 5610 samples out of 10000, 0 errors
17:54:35,947 INFO Experiment.PerfCost-5cc9: Processed 5620 samples out of 10000, 0 errors
17:54:46,30 INFO Experiment.PerfCost-5cc9: Processed 5630 samples out of 10000, 0 errors
17:54:56,118 INFO Experiment.PerfCost-5cc9: Processed 5640 samples out of 10000, 0 errors
17:55:06,195 INFO Experiment.PerfCost-5cc9: Processed 5650 samples out of 10000, 0 errors
17:55:16,284 INFO Experiment.PerfCost-5cc9: Processed 5660 samples out of 10000, 0 errors
17:55:26,369 INFO Experiment.PerfCost-5cc9: Processed 5670 samples out of 10000, 0 errors
17:55:36,457 INFO Experiment.PerfCost-5cc9: Processed 5680 samples out of 10000, 0 errors
17:55:46,540 INFO Experiment.PerfCost-5cc9: Processed 5690 samples out of 10000, 0 errors
17:55:56,644 INFO Experiment.PerfCost-5cc9: Processed 5700 samples out of 10000, 0 errors
17:56:06,717 INFO Experiment.PerfCost-5cc9: Processed 5710 samples out of 10000, 0 errors
17:56:16,789 INFO Experiment.PerfCost-5cc9: Processed 5720 samples out of 10000, 0 errors
17:56:26,882 INFO Experiment.PerfCost-5cc9: Processed 5730 samples out of 10000, 0 errors
17:56:36,963 INFO Experiment.PerfCost-5cc9: Processed 5740 samples out of 10000, 0 errors
17:56:47,44 INFO Experiment.PerfCost-5cc9: Processed 5750 samples out of 10000, 0 errors
17:56:57,109 INFO Experiment.PerfCost-5cc9: Processed 5760 samples out of 10000, 0 errors
17:57:07,209 INFO Experiment.PerfCost-5cc9: Processed 5770 samples out of 10000, 0 errors
17:57:17,292 INFO Experiment.PerfCost-5cc9: Processed 5780 samples out of 10000, 0 errors
17:57:27,381 INFO Experiment.PerfCost-5cc9: Processed 5790 samples out of 10000, 0 errors
17:57:37,458 INFO Experiment.PerfCost-5cc9: Processed 5800 samples out of 10000, 0 errors
17:57:47,535 INFO Experiment.PerfCost-5cc9: Processed 5810 samples out of 10000, 0 errors
17:57:57,608 INFO Experiment.PerfCost-5cc9: Processed 5820 samples out of 10000, 0 errors
17:58:07,683 INFO Experiment.PerfCost-5cc9: Processed 5830 samples out of 10000, 0 errors
17:58:17,762 INFO Experiment.PerfCost-5cc9: Processed 5840 samples out of 10000, 0 errors
17:58:27,846 INFO Experiment.PerfCost-5cc9: Processed 5850 samples out of 10000, 0 errors
17:58:37,944 INFO Experiment.PerfCost-5cc9: Processed 5860 samples out of 10000, 0 errors
17:58:48,27 INFO Experiment.PerfCost-5cc9: Processed 5870 samples out of 10000, 0 errors
17:58:58,111 INFO Experiment.PerfCost-5cc9: Processed 5880 samples out of 10000, 0 errors
17:59:08,186 INFO Experiment.PerfCost-5cc9: Processed 5890 samples out of 10000, 0 errors
17:59:18,259 INFO Experiment.PerfCost-5cc9: Processed 5900 samples out of 10000, 0 errors
17:59:28,339 INFO Experiment.PerfCost-5cc9: Processed 5910 samples out of 10000, 0 errors
17:59:38,413 INFO Experiment.PerfCost-5cc9: Processed 5920 samples out of 10000, 0 errors
17:59:48,490 INFO Experiment.PerfCost-5cc9: Processed 5930 samples out of 10000, 0 errors
17:59:58,566 INFO Experiment.PerfCost-5cc9: Processed 5940 samples out of 10000, 0 errors
18:00:08,650 INFO Experiment.PerfCost-5cc9: Processed 5950 samples out of 10000, 0 errors
18:00:18,765 INFO Experiment.PerfCost-5cc9: Processed 5960 samples out of 10000, 0 errors
18:00:28,847 INFO Experiment.PerfCost-5cc9: Processed 5970 samples out of 10000, 0 errors
18:00:38,926 INFO Experiment.PerfCost-5cc9: Processed 5980 samples out of 10000, 0 errors
18:00:48,996 INFO Experiment.PerfCost-5cc9: Processed 5990 samples out of 10000, 0 errors
18:00:59,117 INFO Experiment.PerfCost-5cc9: Processed 6000 samples out of 10000, 0 errors
18:01:09,200 INFO Experiment.PerfCost-5cc9: Processed 6010 samples out of 10000, 0 errors
18:01:19,284 INFO Experiment.PerfCost-5cc9: Processed 6020 samples out of 10000, 0 errors
18:01:29,360 INFO Experiment.PerfCost-5cc9: Processed 6030 samples out of 10000, 0 errors
18:01:39,440 INFO Experiment.PerfCost-5cc9: Processed 6040 samples out of 10000, 0 errors
18:01:49,530 INFO Experiment.PerfCost-5cc9: Processed 6050 samples out of 10000, 0 errors
18:01:59,614 INFO Experiment.PerfCost-5cc9: Processed 6060 samples out of 10000, 0 errors
18:02:09,699 INFO Experiment.PerfCost-5cc9: Processed 6070 samples out of 10000, 0 errors
18:02:19,781 INFO Experiment.PerfCost-5cc9: Processed 6080 samples out of 10000, 0 errors
18:02:29,864 INFO Experiment.PerfCost-5cc9: Processed 6090 samples out of 10000, 0 errors
18:02:39,940 INFO Experiment.PerfCost-5cc9: Processed 6100 samples out of 10000, 0 errors
18:02:50,26 INFO Experiment.PerfCost-5cc9: Processed 6110 samples out of 10000, 0 errors
18:03:00,109 INFO Experiment.PerfCost-5cc9: Processed 6120 samples out of 10000, 0 errors
18:03:10,204 INFO Experiment.PerfCost-5cc9: Processed 6130 samples out of 10000, 0 errors
18:03:20,288 INFO Experiment.PerfCost-5cc9: Processed 6140 samples out of 10000, 0 errors
18:03:30,366 INFO Experiment.PerfCost-5cc9: Processed 6150 samples out of 10000, 0 errors
18:03:40,479 INFO Experiment.PerfCost-5cc9: Processed 6160 samples out of 10000, 0 errors
18:03:50,561 INFO Experiment.PerfCost-5cc9: Processed 6170 samples out of 10000, 0 errors
18:04:00,635 INFO Experiment.PerfCost-5cc9: Processed 6180 samples out of 10000, 0 errors
18:04:10,714 INFO Experiment.PerfCost-5cc9: Processed 6190 samples out of 10000, 0 errors
18:04:20,787 INFO Experiment.PerfCost-5cc9: Processed 6200 samples out of 10000, 0 errors
18:04:30,873 INFO Experiment.PerfCost-5cc9: Processed 6210 samples out of 10000, 0 errors
18:04:40,950 INFO Experiment.PerfCost-5cc9: Processed 6220 samples out of 10000, 0 errors
18:04:51,24 INFO Experiment.PerfCost-5cc9: Processed 6230 samples out of 10000, 0 errors
18:05:01,91 INFO Experiment.PerfCost-5cc9: Processed 6240 samples out of 10000, 0 errors
18:05:11,162 INFO Experiment.PerfCost-5cc9: Processed 6250 samples out of 10000, 0 errors
18:05:21,265 INFO Experiment.PerfCost-5cc9: Processed 6260 samples out of 10000, 0 errors
18:05:31,344 INFO Experiment.PerfCost-5cc9: Processed 6270 samples out of 10000, 0 errors
18:05:41,422 INFO Experiment.PerfCost-5cc9: Processed 6280 samples out of 10000, 0 errors
18:05:51,498 INFO Experiment.PerfCost-5cc9: Processed 6290 samples out of 10000, 0 errors
18:06:01,602 INFO Experiment.PerfCost-5cc9: Processed 6300 samples out of 10000, 0 errors
18:06:11,689 INFO Experiment.PerfCost-5cc9: Processed 6310 samples out of 10000, 0 errors
18:06:21,775 INFO Experiment.PerfCost-5cc9: Processed 6320 samples out of 10000, 0 errors
18:06:31,866 INFO Experiment.PerfCost-5cc9: Processed 6330 samples out of 10000, 0 errors
18:06:41,974 INFO Experiment.PerfCost-5cc9: Processed 6340 samples out of 10000, 0 errors
18:06:52,59 INFO Experiment.PerfCost-5cc9: Processed 6350 samples out of 10000, 0 errors
18:07:02,129 INFO Experiment.PerfCost-5cc9: Processed 6360 samples out of 10000, 0 errors
18:07:12,215 INFO Experiment.PerfCost-5cc9: Processed 6370 samples out of 10000, 0 errors
18:07:22,294 INFO Experiment.PerfCost-5cc9: Processed 6380 samples out of 10000, 0 errors
18:07:32,377 INFO Experiment.PerfCost-5cc9: Processed 6390 samples out of 10000, 0 errors
18:07:42,455 INFO Experiment.PerfCost-5cc9: Processed 6400 samples out of 10000, 0 errors
18:07:52,535 INFO Experiment.PerfCost-5cc9: Processed 6410 samples out of 10000, 0 errors
18:08:02,609 INFO Experiment.PerfCost-5cc9: Processed 6420 samples out of 10000, 0 errors
18:08:12,697 INFO Experiment.PerfCost-5cc9: Processed 6430 samples out of 10000, 0 errors
18:08:22,775 INFO Experiment.PerfCost-5cc9: Processed 6440 samples out of 10000, 0 errors
18:08:32,854 INFO Experiment.PerfCost-5cc9: Processed 6450 samples out of 10000, 0 errors
18:08:42,949 INFO Experiment.PerfCost-5cc9: Processed 6460 samples out of 10000, 0 errors
18:08:53,35 INFO Experiment.PerfCost-5cc9: Processed 6470 samples out of 10000, 0 errors
18:09:03,119 INFO Experiment.PerfCost-5cc9: Processed 6480 samples out of 10000, 0 errors
18:09:13,203 INFO Experiment.PerfCost-5cc9: Processed 6490 samples out of 10000, 0 errors
18:09:23,294 INFO Experiment.PerfCost-5cc9: Processed 6500 samples out of 10000, 0 errors
18:09:33,368 INFO Experiment.PerfCost-5cc9: Processed 6510 samples out of 10000, 0 errors
18:09:43,448 INFO Experiment.PerfCost-5cc9: Processed 6520 samples out of 10000, 0 errors
18:09:53,523 INFO Experiment.PerfCost-5cc9: Processed 6530 samples out of 10000, 0 errors
18:10:03,619 INFO Experiment.PerfCost-5cc9: Processed 6540 samples out of 10000, 0 errors
18:10:13,699 INFO Experiment.PerfCost-5cc9: Processed 6550 samples out of 10000, 0 errors
18:10:23,785 INFO Experiment.PerfCost-5cc9: Processed 6560 samples out of 10000, 0 errors
18:10:33,868 INFO Experiment.PerfCost-5cc9: Processed 6570 samples out of 10000, 0 errors
18:10:43,958 INFO Experiment.PerfCost-5cc9: Processed 6580 samples out of 10000, 0 errors
18:10:54,27 INFO Experiment.PerfCost-5cc9: Processed 6590 samples out of 10000, 0 errors
18:11:04,127 INFO Experiment.PerfCost-5cc9: Processed 6600 samples out of 10000, 0 errors
18:11:14,216 INFO Experiment.PerfCost-5cc9: Processed 6610 samples out of 10000, 0 errors
18:11:24,290 INFO Experiment.PerfCost-5cc9: Processed 6620 samples out of 10000, 0 errors
18:11:34,381 INFO Experiment.PerfCost-5cc9: Processed 6630 samples out of 10000, 0 errors
18:11:44,462 INFO Experiment.PerfCost-5cc9: Processed 6640 samples out of 10000, 0 errors
18:11:54,538 INFO Experiment.PerfCost-5cc9: Processed 6650 samples out of 10000, 0 errors
18:12:04,612 INFO Experiment.PerfCost-5cc9: Processed 6660 samples out of 10000, 0 errors
18:12:14,699 INFO Experiment.PerfCost-5cc9: Processed 6670 samples out of 10000, 0 errors
18:12:24,911 INFO Experiment.PerfCost-5cc9: Processed 6680 samples out of 10000, 0 errors
18:12:34,992 INFO Experiment.PerfCost-5cc9: Processed 6690 samples out of 10000, 0 errors
18:12:45,78 INFO Experiment.PerfCost-5cc9: Processed 6700 samples out of 10000, 0 errors
18:12:55,154 INFO Experiment.PerfCost-5cc9: Processed 6710 samples out of 10000, 0 errors
18:13:05,247 INFO Experiment.PerfCost-5cc9: Processed 6720 samples out of 10000, 0 errors
18:13:15,323 INFO Experiment.PerfCost-5cc9: Processed 6730 samples out of 10000, 0 errors
18:13:25,408 INFO Experiment.PerfCost-5cc9: Processed 6740 samples out of 10000, 0 errors
18:13:35,494 INFO Experiment.PerfCost-5cc9: Processed 6750 samples out of 10000, 0 errors
18:13:45,609 INFO Experiment.PerfCost-5cc9: Processed 6760 samples out of 10000, 0 errors
18:13:55,691 INFO Experiment.PerfCost-5cc9: Processed 6770 samples out of 10000, 0 errors
18:14:05,772 INFO Experiment.PerfCost-5cc9: Processed 6780 samples out of 10000, 0 errors
18:14:15,847 INFO Experiment.PerfCost-5cc9: Processed 6790 samples out of 10000, 0 errors
18:14:25,932 INFO Experiment.PerfCost-5cc9: Processed 6800 samples out of 10000, 0 errors
18:14:36,13 INFO Experiment.PerfCost-5cc9: Processed 6810 samples out of 10000, 0 errors
18:14:46,94 INFO Experiment.PerfCost-5cc9: Processed 6820 samples out of 10000, 0 errors
18:14:56,182 INFO Experiment.PerfCost-5cc9: Processed 6830 samples out of 10000, 0 errors
18:15:06,266 INFO Experiment.PerfCost-5cc9: Processed 6840 samples out of 10000, 0 errors
18:15:16,384 INFO Experiment.PerfCost-5cc9: Processed 6850 samples out of 10000, 0 errors
18:15:26,462 INFO Experiment.PerfCost-5cc9: Processed 6860 samples out of 10000, 0 errors
18:15:36,545 INFO Experiment.PerfCost-5cc9: Processed 6870 samples out of 10000, 0 errors
18:15:46,618 INFO Experiment.PerfCost-5cc9: Processed 6880 samples out of 10000, 0 errors
18:15:56,696 INFO Experiment.PerfCost-5cc9: Processed 6890 samples out of 10000, 0 errors
18:16:06,814 INFO Experiment.PerfCost-5cc9: Processed 6900 samples out of 10000, 0 errors
18:16:16,898 INFO Experiment.PerfCost-5cc9: Processed 6910 samples out of 10000, 0 errors
18:16:26,979 INFO Experiment.PerfCost-5cc9: Processed 6920 samples out of 10000, 0 errors
18:16:37,63 INFO Experiment.PerfCost-5cc9: Processed 6930 samples out of 10000, 0 errors
18:16:47,138 INFO Experiment.PerfCost-5cc9: Processed 6940 samples out of 10000, 0 errors
18:16:57,216 INFO Experiment.PerfCost-5cc9: Processed 6950 samples out of 10000, 0 errors
18:17:07,293 INFO Experiment.PerfCost-5cc9: Processed 6960 samples out of 10000, 0 errors
18:17:17,385 INFO Experiment.PerfCost-5cc9: Processed 6970 samples out of 10000, 0 errors
18:17:27,467 INFO Experiment.PerfCost-5cc9: Processed 6980 samples out of 10000, 0 errors
18:17:37,545 INFO Experiment.PerfCost-5cc9: Processed 6990 samples out of 10000, 0 errors
18:17:47,630 INFO Experiment.PerfCost-5cc9: Processed 7000 samples out of 10000, 0 errors
18:17:57,717 INFO Experiment.PerfCost-5cc9: Processed 7010 samples out of 10000, 0 errors
18:18:07,792 INFO Experiment.PerfCost-5cc9: Processed 7020 samples out of 10000, 0 errors
18:18:17,870 INFO Experiment.PerfCost-5cc9: Processed 7030 samples out of 10000, 0 errors
18:18:27,949 INFO Experiment.PerfCost-5cc9: Processed 7040 samples out of 10000, 0 errors
18:18:38,27 INFO Experiment.PerfCost-5cc9: Processed 7050 samples out of 10000, 0 errors
18:18:48,112 INFO Experiment.PerfCost-5cc9: Processed 7060 samples out of 10000, 0 errors
18:18:58,185 INFO Experiment.PerfCost-5cc9: Processed 7070 samples out of 10000, 0 errors
18:19:08,262 INFO Experiment.PerfCost-5cc9: Processed 7080 samples out of 10000, 0 errors
18:19:18,327 INFO Experiment.PerfCost-5cc9: Processed 7090 samples out of 10000, 0 errors
18:19:28,405 INFO Experiment.PerfCost-5cc9: Processed 7100 samples out of 10000, 0 errors
18:19:38,481 INFO Experiment.PerfCost-5cc9: Processed 7110 samples out of 10000, 0 errors
18:19:48,558 INFO Experiment.PerfCost-5cc9: Processed 7120 samples out of 10000, 0 errors
18:19:58,620 INFO Experiment.PerfCost-5cc9: Processed 7130 samples out of 10000, 0 errors
18:20:08,702 INFO Experiment.PerfCost-5cc9: Processed 7140 samples out of 10000, 0 errors
18:20:18,781 INFO Experiment.PerfCost-5cc9: Processed 7150 samples out of 10000, 0 errors
18:20:28,863 INFO Experiment.PerfCost-5cc9: Processed 7160 samples out of 10000, 0 errors
18:20:38,946 INFO Experiment.PerfCost-5cc9: Processed 7170 samples out of 10000, 0 errors
18:20:49,24 INFO Experiment.PerfCost-5cc9: Processed 7180 samples out of 10000, 0 errors
18:20:59,108 INFO Experiment.PerfCost-5cc9: Processed 7190 samples out of 10000, 0 errors
18:21:09,207 INFO Experiment.PerfCost-5cc9: Processed 7200 samples out of 10000, 0 errors
18:21:19,347 INFO Experiment.PerfCost-5cc9: Processed 7210 samples out of 10000, 0 errors
18:21:29,428 INFO Experiment.PerfCost-5cc9: Processed 7220 samples out of 10000, 0 errors
18:21:39,506 INFO Experiment.PerfCost-5cc9: Processed 7230 samples out of 10000, 0 errors
18:21:49,594 INFO Experiment.PerfCost-5cc9: Processed 7240 samples out of 10000, 0 errors
18:21:59,681 INFO Experiment.PerfCost-5cc9: Processed 7250 samples out of 10000, 0 errors
18:22:09,759 INFO Experiment.PerfCost-5cc9: Processed 7260 samples out of 10000, 0 errors
18:22:19,840 INFO Experiment.PerfCost-5cc9: Processed 7270 samples out of 10000, 0 errors
18:22:29,928 INFO Experiment.PerfCost-5cc9: Processed 7280 samples out of 10000, 0 errors
18:22:40,12 INFO Experiment.PerfCost-5cc9: Processed 7290 samples out of 10000, 0 errors
18:22:50,100 INFO Experiment.PerfCost-5cc9: Processed 7300 samples out of 10000, 0 errors
18:23:00,177 INFO Experiment.PerfCost-5cc9: Processed 7310 samples out of 10000, 0 errors
18:23:10,281 INFO Experiment.PerfCost-5cc9: Processed 7320 samples out of 10000, 0 errors
18:23:20,358 INFO Experiment.PerfCost-5cc9: Processed 7330 samples out of 10000, 0 errors
18:23:30,477 INFO Experiment.PerfCost-5cc9: Processed 7340 samples out of 10000, 0 errors
18:23:40,550 INFO Experiment.PerfCost-5cc9: Processed 7350 samples out of 10000, 0 errors
18:23:50,644 INFO Experiment.PerfCost-5cc9: Processed 7360 samples out of 10000, 0 errors
18:24:00,727 INFO Experiment.PerfCost-5cc9: Processed 7370 samples out of 10000, 0 errors
18:24:10,807 INFO Experiment.PerfCost-5cc9: Processed 7380 samples out of 10000, 0 errors
18:24:20,899 INFO Experiment.PerfCost-5cc9: Processed 7390 samples out of 10000, 0 errors
18:24:30,988 INFO Experiment.PerfCost-5cc9: Processed 7400 samples out of 10000, 0 errors
18:24:41,77 INFO Experiment.PerfCost-5cc9: Processed 7410 samples out of 10000, 0 errors
18:24:51,152 INFO Experiment.PerfCost-5cc9: Processed 7420 samples out of 10000, 0 errors
18:25:01,227 INFO Experiment.PerfCost-5cc9: Processed 7430 samples out of 10000, 0 errors
18:25:11,306 INFO Experiment.PerfCost-5cc9: Processed 7440 samples out of 10000, 0 errors
18:25:21,390 INFO Experiment.PerfCost-5cc9: Processed 7450 samples out of 10000, 0 errors
18:25:31,464 INFO Experiment.PerfCost-5cc9: Processed 7460 samples out of 10000, 0 errors
18:25:41,557 INFO Experiment.PerfCost-5cc9: Processed 7470 samples out of 10000, 0 errors
18:25:51,658 INFO Experiment.PerfCost-5cc9: Processed 7480 samples out of 10000, 0 errors
18:26:01,736 INFO Experiment.PerfCost-5cc9: Processed 7490 samples out of 10000, 0 errors
18:26:11,839 INFO Experiment.PerfCost-5cc9: Processed 7500 samples out of 10000, 0 errors
18:26:21,926 INFO Experiment.PerfCost-5cc9: Processed 7510 samples out of 10000, 0 errors
18:26:32,20 INFO Experiment.PerfCost-5cc9: Processed 7520 samples out of 10000, 0 errors
18:26:42,95 INFO Experiment.PerfCost-5cc9: Processed 7530 samples out of 10000, 0 errors
18:26:52,174 INFO Experiment.PerfCost-5cc9: Processed 7540 samples out of 10000, 0 errors
18:27:02,258 INFO Experiment.PerfCost-5cc9: Processed 7550 samples out of 10000, 0 errors
18:27:12,347 INFO Experiment.PerfCost-5cc9: Processed 7560 samples out of 10000, 0 errors
18:27:22,437 INFO Experiment.PerfCost-5cc9: Processed 7570 samples out of 10000, 0 errors
18:27:32,535 INFO Experiment.PerfCost-5cc9: Processed 7580 samples out of 10000, 0 errors
18:27:42,616 INFO Experiment.PerfCost-5cc9: Processed 7590 samples out of 10000, 0 errors
18:27:52,704 INFO Experiment.PerfCost-5cc9: Processed 7600 samples out of 10000, 0 errors
18:28:02,788 INFO Experiment.PerfCost-5cc9: Processed 7610 samples out of 10000, 0 errors
18:28:12,871 INFO Experiment.PerfCost-5cc9: Processed 7620 samples out of 10000, 0 errors
18:28:22,961 INFO Experiment.PerfCost-5cc9: Processed 7630 samples out of 10000, 0 errors
18:28:33,40 INFO Experiment.PerfCost-5cc9: Processed 7640 samples out of 10000, 0 errors
18:28:43,123 INFO Experiment.PerfCost-5cc9: Processed 7650 samples out of 10000, 0 errors
18:28:53,215 INFO Experiment.PerfCost-5cc9: Processed 7660 samples out of 10000, 0 errors
18:29:03,291 INFO Experiment.PerfCost-5cc9: Processed 7670 samples out of 10000, 0 errors
18:29:13,372 INFO Experiment.PerfCost-5cc9: Processed 7680 samples out of 10000, 0 errors
18:29:23,456 INFO Experiment.PerfCost-5cc9: Processed 7690 samples out of 10000, 0 errors
18:29:33,529 INFO Experiment.PerfCost-5cc9: Processed 7700 samples out of 10000, 0 errors
18:29:43,608 INFO Experiment.PerfCost-5cc9: Processed 7710 samples out of 10000, 0 errors
18:29:53,685 INFO Experiment.PerfCost-5cc9: Processed 7720 samples out of 10000, 0 errors
18:30:03,770 INFO Experiment.PerfCost-5cc9: Processed 7730 samples out of 10000, 0 errors
18:30:13,863 INFO Experiment.PerfCost-5cc9: Processed 7740 samples out of 10000, 0 errors
18:30:23,935 INFO Experiment.PerfCost-5cc9: Processed 7750 samples out of 10000, 0 errors
18:30:34,14 INFO Experiment.PerfCost-5cc9: Processed 7760 samples out of 10000, 0 errors
18:30:44,95 INFO Experiment.PerfCost-5cc9: Processed 7770 samples out of 10000, 0 errors
18:30:54,179 INFO Experiment.PerfCost-5cc9: Processed 7780 samples out of 10000, 0 errors
18:31:04,256 INFO Experiment.PerfCost-5cc9: Processed 7790 samples out of 10000, 0 errors
18:31:14,354 INFO Experiment.PerfCost-5cc9: Processed 7800 samples out of 10000, 0 errors
18:31:24,434 INFO Experiment.PerfCost-5cc9: Processed 7810 samples out of 10000, 0 errors
18:31:34,513 INFO Experiment.PerfCost-5cc9: Processed 7820 samples out of 10000, 0 errors
18:31:44,605 INFO Experiment.PerfCost-5cc9: Processed 7830 samples out of 10000, 0 errors
18:31:54,682 INFO Experiment.PerfCost-5cc9: Processed 7840 samples out of 10000, 0 errors
18:32:04,768 INFO Experiment.PerfCost-5cc9: Processed 7850 samples out of 10000, 0 errors
18:32:14,858 INFO Experiment.PerfCost-5cc9: Processed 7860 samples out of 10000, 0 errors
18:32:24,945 INFO Experiment.PerfCost-5cc9: Processed 7870 samples out of 10000, 0 errors
18:32:35,32 INFO Experiment.PerfCost-5cc9: Processed 7880 samples out of 10000, 0 errors
18:32:45,124 INFO Experiment.PerfCost-5cc9: Processed 7890 samples out of 10000, 0 errors
18:32:55,194 INFO Experiment.PerfCost-5cc9: Processed 7900 samples out of 10000, 0 errors
18:33:05,282 INFO Experiment.PerfCost-5cc9: Processed 7910 samples out of 10000, 0 errors
18:33:15,363 INFO Experiment.PerfCost-5cc9: Processed 7920 samples out of 10000, 0 errors
18:33:25,455 INFO Experiment.PerfCost-5cc9: Processed 7930 samples out of 10000, 0 errors
18:33:35,525 INFO Experiment.PerfCost-5cc9: Processed 7940 samples out of 10000, 0 errors
18:33:45,629 INFO Experiment.PerfCost-5cc9: Processed 7950 samples out of 10000, 0 errors
18:33:55,737 INFO Experiment.PerfCost-5cc9: Processed 7960 samples out of 10000, 0 errors
18:34:05,850 INFO Experiment.PerfCost-5cc9: Processed 7970 samples out of 10000, 0 errors
18:34:15,968 INFO Experiment.PerfCost-5cc9: Processed 7980 samples out of 10000, 0 errors
18:34:26,110 INFO Experiment.PerfCost-5cc9: Processed 7990 samples out of 10000, 0 errors
18:34:36,218 INFO Experiment.PerfCost-5cc9: Processed 8000 samples out of 10000, 0 errors
18:34:46,329 INFO Experiment.PerfCost-5cc9: Processed 8010 samples out of 10000, 0 errors
18:34:56,444 INFO Experiment.PerfCost-5cc9: Processed 8020 samples out of 10000, 0 errors
18:35:06,568 INFO Experiment.PerfCost-5cc9: Processed 8030 samples out of 10000, 0 errors
18:35:16,654 INFO Experiment.PerfCost-5cc9: Processed 8040 samples out of 10000, 0 errors
18:35:26,736 INFO Experiment.PerfCost-5cc9: Processed 8050 samples out of 10000, 0 errors
18:35:36,846 INFO Experiment.PerfCost-5cc9: Processed 8060 samples out of 10000, 0 errors
18:35:46,925 INFO Experiment.PerfCost-5cc9: Processed 8070 samples out of 10000, 0 errors
18:35:57,12 INFO Experiment.PerfCost-5cc9: Processed 8080 samples out of 10000, 0 errors
18:36:07,90 INFO Experiment.PerfCost-5cc9: Processed 8090 samples out of 10000, 0 errors
18:36:17,216 INFO Experiment.PerfCost-5cc9: Processed 8100 samples out of 10000, 0 errors
18:36:27,298 INFO Experiment.PerfCost-5cc9: Processed 8110 samples out of 10000, 0 errors
18:36:37,385 INFO Experiment.PerfCost-5cc9: Processed 8120 samples out of 10000, 0 errors
18:36:47,463 INFO Experiment.PerfCost-5cc9: Processed 8130 samples out of 10000, 0 errors
18:36:57,539 INFO Experiment.PerfCost-5cc9: Processed 8140 samples out of 10000, 0 errors
18:37:07,615 INFO Experiment.PerfCost-5cc9: Processed 8150 samples out of 10000, 0 errors
18:37:17,712 INFO Experiment.PerfCost-5cc9: Processed 8160 samples out of 10000, 0 errors
18:37:27,794 INFO Experiment.PerfCost-5cc9: Processed 8170 samples out of 10000, 0 errors
18:37:37,906 INFO Experiment.PerfCost-5cc9: Processed 8180 samples out of 10000, 0 errors
18:37:47,992 INFO Experiment.PerfCost-5cc9: Processed 8190 samples out of 10000, 0 errors
18:37:58,81 INFO Experiment.PerfCost-5cc9: Processed 8200 samples out of 10000, 0 errors
18:38:08,165 INFO Experiment.PerfCost-5cc9: Processed 8210 samples out of 10000, 0 errors
18:38:18,253 INFO Experiment.PerfCost-5cc9: Processed 8220 samples out of 10000, 0 errors
18:38:28,336 INFO Experiment.PerfCost-5cc9: Processed 8230 samples out of 10000, 0 errors
18:38:38,410 INFO Experiment.PerfCost-5cc9: Processed 8240 samples out of 10000, 0 errors
18:38:48,482 INFO Experiment.PerfCost-5cc9: Processed 8250 samples out of 10000, 0 errors
18:38:58,575 INFO Experiment.PerfCost-5cc9: Processed 8260 samples out of 10000, 0 errors
18:39:08,653 INFO Experiment.PerfCost-5cc9: Processed 8270 samples out of 10000, 0 errors
18:39:18,729 INFO Experiment.PerfCost-5cc9: Processed 8280 samples out of 10000, 0 errors
18:39:28,812 INFO Experiment.PerfCost-5cc9: Processed 8290 samples out of 10000, 0 errors
18:39:38,890 INFO Experiment.PerfCost-5cc9: Processed 8300 samples out of 10000, 0 errors
18:39:48,979 INFO Experiment.PerfCost-5cc9: Processed 8310 samples out of 10000, 0 errors
18:39:59,55 INFO Experiment.PerfCost-5cc9: Processed 8320 samples out of 10000, 0 errors
18:40:09,141 INFO Experiment.PerfCost-5cc9: Processed 8330 samples out of 10000, 0 errors
18:40:19,222 INFO Experiment.PerfCost-5cc9: Processed 8340 samples out of 10000, 0 errors
18:40:29,305 INFO Experiment.PerfCost-5cc9: Processed 8350 samples out of 10000, 0 errors
18:40:39,388 INFO Experiment.PerfCost-5cc9: Processed 8360 samples out of 10000, 0 errors
18:40:49,477 INFO Experiment.PerfCost-5cc9: Processed 8370 samples out of 10000, 0 errors
18:40:59,554 INFO Experiment.PerfCost-5cc9: Processed 8380 samples out of 10000, 0 errors
18:41:09,639 INFO Experiment.PerfCost-5cc9: Processed 8390 samples out of 10000, 0 errors
18:41:19,755 INFO Experiment.PerfCost-5cc9: Processed 8400 samples out of 10000, 0 errors
18:41:29,843 INFO Experiment.PerfCost-5cc9: Processed 8410 samples out of 10000, 0 errors
18:41:39,917 INFO Experiment.PerfCost-5cc9: Processed 8420 samples out of 10000, 0 errors
18:41:49,989 INFO Experiment.PerfCost-5cc9: Processed 8430 samples out of 10000, 0 errors
18:42:00,73 INFO Experiment.PerfCost-5cc9: Processed 8440 samples out of 10000, 0 errors
18:42:10,158 INFO Experiment.PerfCost-5cc9: Processed 8450 samples out of 10000, 0 errors
18:42:20,231 INFO Experiment.PerfCost-5cc9: Processed 8460 samples out of 10000, 0 errors
18:42:30,309 INFO Experiment.PerfCost-5cc9: Processed 8470 samples out of 10000, 0 errors
18:42:40,387 INFO Experiment.PerfCost-5cc9: Processed 8480 samples out of 10000, 0 errors
18:42:50,465 INFO Experiment.PerfCost-5cc9: Processed 8490 samples out of 10000, 0 errors
18:43:00,543 INFO Experiment.PerfCost-5cc9: Processed 8500 samples out of 10000, 0 errors
18:43:10,629 INFO Experiment.PerfCost-5cc9: Processed 8510 samples out of 10000, 0 errors
18:43:20,743 INFO Experiment.PerfCost-5cc9: Processed 8520 samples out of 10000, 0 errors
18:43:30,819 INFO Experiment.PerfCost-5cc9: Processed 8530 samples out of 10000, 0 errors
18:43:40,896 INFO Experiment.PerfCost-5cc9: Processed 8540 samples out of 10000, 0 errors
18:43:50,977 INFO Experiment.PerfCost-5cc9: Processed 8550 samples out of 10000, 0 errors
18:44:01,74 INFO Experiment.PerfCost-5cc9: Processed 8560 samples out of 10000, 0 errors
18:44:11,157 INFO Experiment.PerfCost-5cc9: Processed 8570 samples out of 10000, 0 errors
18:44:21,239 INFO Experiment.PerfCost-5cc9: Processed 8580 samples out of 10000, 0 errors
18:44:31,325 INFO Experiment.PerfCost-5cc9: Processed 8590 samples out of 10000, 0 errors
18:44:41,402 INFO Experiment.PerfCost-5cc9: Processed 8600 samples out of 10000, 0 errors
18:44:51,476 INFO Experiment.PerfCost-5cc9: Processed 8610 samples out of 10000, 0 errors
18:45:01,554 INFO Experiment.PerfCost-5cc9: Processed 8620 samples out of 10000, 0 errors
18:45:11,630 INFO Experiment.PerfCost-5cc9: Processed 8630 samples out of 10000, 0 errors
18:45:21,715 INFO Experiment.PerfCost-5cc9: Processed 8640 samples out of 10000, 0 errors
18:45:31,803 INFO Experiment.PerfCost-5cc9: Processed 8650 samples out of 10000, 0 errors
18:45:41,884 INFO Experiment.PerfCost-5cc9: Processed 8660 samples out of 10000, 0 errors
18:45:51,968 INFO Experiment.PerfCost-5cc9: Processed 8670 samples out of 10000, 0 errors
18:46:02,50 INFO Experiment.PerfCost-5cc9: Processed 8680 samples out of 10000, 0 errors
18:46:12,126 INFO Experiment.PerfCost-5cc9: Processed 8690 samples out of 10000, 0 errors
18:46:22,226 INFO Experiment.PerfCost-5cc9: Processed 8700 samples out of 10000, 0 errors
18:46:32,311 INFO Experiment.PerfCost-5cc9: Processed 8710 samples out of 10000, 0 errors
18:46:42,412 INFO Experiment.PerfCost-5cc9: Processed 8720 samples out of 10000, 0 errors
18:46:52,491 INFO Experiment.PerfCost-5cc9: Processed 8730 samples out of 10000, 0 errors
18:47:02,568 INFO Experiment.PerfCost-5cc9: Processed 8740 samples out of 10000, 0 errors
18:47:12,645 INFO Experiment.PerfCost-5cc9: Processed 8750 samples out of 10000, 0 errors
18:47:22,721 INFO Experiment.PerfCost-5cc9: Processed 8760 samples out of 10000, 0 errors
18:47:32,799 INFO Experiment.PerfCost-5cc9: Processed 8770 samples out of 10000, 0 errors
18:47:42,873 INFO Experiment.PerfCost-5cc9: Processed 8780 samples out of 10000, 0 errors
18:47:52,967 INFO Experiment.PerfCost-5cc9: Processed 8790 samples out of 10000, 0 errors
18:48:03,49 INFO Experiment.PerfCost-5cc9: Processed 8800 samples out of 10000, 0 errors
18:48:13,129 INFO Experiment.PerfCost-5cc9: Processed 8810 samples out of 10000, 0 errors
18:48:23,212 INFO Experiment.PerfCost-5cc9: Processed 8820 samples out of 10000, 0 errors
18:48:33,302 INFO Experiment.PerfCost-5cc9: Processed 8830 samples out of 10000, 0 errors
18:48:43,382 INFO Experiment.PerfCost-5cc9: Processed 8840 samples out of 10000, 0 errors
18:48:53,457 INFO Experiment.PerfCost-5cc9: Processed 8850 samples out of 10000, 0 errors
18:49:03,562 INFO Experiment.PerfCost-5cc9: Processed 8860 samples out of 10000, 0 errors
18:49:13,640 INFO Experiment.PerfCost-5cc9: Processed 8870 samples out of 10000, 0 errors
18:49:23,730 INFO Experiment.PerfCost-5cc9: Processed 8880 samples out of 10000, 0 errors
18:49:33,813 INFO Experiment.PerfCost-5cc9: Processed 8890 samples out of 10000, 0 errors
18:49:43,939 INFO Experiment.PerfCost-5cc9: Processed 8900 samples out of 10000, 0 errors
18:49:54,18 INFO Experiment.PerfCost-5cc9: Processed 8910 samples out of 10000, 0 errors
18:50:04,94 INFO Experiment.PerfCost-5cc9: Processed 8920 samples out of 10000, 0 errors
18:50:14,191 INFO Experiment.PerfCost-5cc9: Processed 8930 samples out of 10000, 0 errors
18:50:24,268 INFO Experiment.PerfCost-5cc9: Processed 8940 samples out of 10000, 0 errors
18:50:34,354 INFO Experiment.PerfCost-5cc9: Processed 8950 samples out of 10000, 0 errors
18:50:44,435 INFO Experiment.PerfCost-5cc9: Processed 8960 samples out of 10000, 0 errors
18:50:54,511 INFO Experiment.PerfCost-5cc9: Processed 8970 samples out of 10000, 0 errors
18:51:04,589 INFO Experiment.PerfCost-5cc9: Processed 8980 samples out of 10000, 0 errors
18:51:14,662 INFO Experiment.PerfCost-5cc9: Processed 8990 samples out of 10000, 0 errors
18:51:24,762 INFO Experiment.PerfCost-5cc9: Processed 9000 samples out of 10000, 0 errors
18:51:34,840 INFO Experiment.PerfCost-5cc9: Processed 9010 samples out of 10000, 0 errors
18:51:44,924 INFO Experiment.PerfCost-5cc9: Processed 9020 samples out of 10000, 0 errors
18:51:55,4 INFO Experiment.PerfCost-5cc9: Processed 9030 samples out of 10000, 0 errors
18:52:05,86 INFO Experiment.PerfCost-5cc9: Processed 9040 samples out of 10000, 0 errors
18:52:15,165 INFO Experiment.PerfCost-5cc9: Processed 9050 samples out of 10000, 0 errors
18:52:25,244 INFO Experiment.PerfCost-5cc9: Processed 9060 samples out of 10000, 0 errors
18:52:35,325 INFO Experiment.PerfCost-5cc9: Processed 9070 samples out of 10000, 0 errors
18:52:45,411 INFO Experiment.PerfCost-5cc9: Processed 9080 samples out of 10000, 0 errors
18:52:55,483 INFO Experiment.PerfCost-5cc9: Processed 9090 samples out of 10000, 0 errors
18:53:05,564 INFO Experiment.PerfCost-5cc9: Processed 9100 samples out of 10000, 0 errors
18:53:15,655 INFO Experiment.PerfCost-5cc9: Processed 9110 samples out of 10000, 0 errors
18:53:25,749 INFO Experiment.PerfCost-5cc9: Processed 9120 samples out of 10000, 0 errors
18:53:35,848 INFO Experiment.PerfCost-5cc9: Processed 9130 samples out of 10000, 0 errors
18:53:45,931 INFO Experiment.PerfCost-5cc9: Processed 9140 samples out of 10000, 0 errors
18:53:56,31 INFO Experiment.PerfCost-5cc9: Processed 9150 samples out of 10000, 0 errors
18:54:06,131 INFO Experiment.PerfCost-5cc9: Processed 9160 samples out of 10000, 0 errors
18:54:16,211 INFO Experiment.PerfCost-5cc9: Processed 9170 samples out of 10000, 0 errors
18:54:26,289 INFO Experiment.PerfCost-5cc9: Processed 9180 samples out of 10000, 0 errors
18:54:36,362 INFO Experiment.PerfCost-5cc9: Processed 9190 samples out of 10000, 0 errors
18:54:46,449 INFO Experiment.PerfCost-5cc9: Processed 9200 samples out of 10000, 0 errors
18:54:56,521 INFO Experiment.PerfCost-5cc9: Processed 9210 samples out of 10000, 0 errors
18:55:06,599 INFO Experiment.PerfCost-5cc9: Processed 9220 samples out of 10000, 0 errors
18:55:16,688 INFO Experiment.PerfCost-5cc9: Processed 9230 samples out of 10000, 0 errors
18:55:26,775 INFO Experiment.PerfCost-5cc9: Processed 9240 samples out of 10000, 0 errors
18:55:36,874 INFO Experiment.PerfCost-5cc9: Processed 9250 samples out of 10000, 0 errors
18:55:46,952 INFO Experiment.PerfCost-5cc9: Processed 9260 samples out of 10000, 0 errors
18:55:57,33 INFO Experiment.PerfCost-5cc9: Processed 9270 samples out of 10000, 0 errors
18:56:07,134 INFO Experiment.PerfCost-5cc9: Processed 9280 samples out of 10000, 0 errors
18:56:17,214 INFO Experiment.PerfCost-5cc9: Processed 9290 samples out of 10000, 0 errors
18:56:27,319 INFO Experiment.PerfCost-5cc9: Processed 9300 samples out of 10000, 0 errors
18:56:37,408 INFO Experiment.PerfCost-5cc9: Processed 9310 samples out of 10000, 0 errors
18:56:47,491 INFO Experiment.PerfCost-5cc9: Processed 9320 samples out of 10000, 0 errors
18:56:57,577 INFO Experiment.PerfCost-5cc9: Processed 9330 samples out of 10000, 0 errors
18:57:07,659 INFO Experiment.PerfCost-5cc9: Processed 9340 samples out of 10000, 0 errors
18:57:17,740 INFO Experiment.PerfCost-5cc9: Processed 9350 samples out of 10000, 0 errors
18:57:27,830 INFO Experiment.PerfCost-5cc9: Processed 9360 samples out of 10000, 0 errors
18:57:37,917 INFO Experiment.PerfCost-5cc9: Processed 9370 samples out of 10000, 0 errors
18:57:48,9 INFO Experiment.PerfCost-5cc9: Processed 9380 samples out of 10000, 0 errors
18:57:58,107 INFO Experiment.PerfCost-5cc9: Processed 9390 samples out of 10000, 0 errors
18:58:08,185 INFO Experiment.PerfCost-5cc9: Processed 9400 samples out of 10000, 0 errors
18:58:18,306 INFO Experiment.PerfCost-5cc9: Processed 9410 samples out of 10000, 0 errors
18:58:28,393 INFO Experiment.PerfCost-5cc9: Processed 9420 samples out of 10000, 0 errors
18:58:38,478 INFO Experiment.PerfCost-5cc9: Processed 9430 samples out of 10000, 0 errors
18:58:48,563 INFO Experiment.PerfCost-5cc9: Processed 9440 samples out of 10000, 0 errors
18:58:58,649 INFO Experiment.PerfCost-5cc9: Processed 9450 samples out of 10000, 0 errors
18:59:08,749 INFO Experiment.PerfCost-5cc9: Processed 9460 samples out of 10000, 0 errors
18:59:18,832 INFO Experiment.PerfCost-5cc9: Processed 9470 samples out of 10000, 0 errors
18:59:28,915 INFO Experiment.PerfCost-5cc9: Processed 9480 samples out of 10000, 0 errors
18:59:39,6 INFO Experiment.PerfCost-5cc9: Processed 9490 samples out of 10000, 0 errors
18:59:49,103 INFO Experiment.PerfCost-5cc9: Processed 9500 samples out of 10000, 0 errors
18:59:59,189 INFO Experiment.PerfCost-5cc9: Processed 9510 samples out of 10000, 0 errors
19:00:09,263 INFO Experiment.PerfCost-5cc9: Processed 9520 samples out of 10000, 0 errors
19:00:19,341 INFO Experiment.PerfCost-5cc9: Processed 9530 samples out of 10000, 0 errors
19:00:29,427 INFO Experiment.PerfCost-5cc9: Processed 9540 samples out of 10000, 0 errors
19:00:39,504 INFO Experiment.PerfCost-5cc9: Processed 9550 samples out of 10000, 0 errors
19:00:49,584 INFO Experiment.PerfCost-5cc9: Processed 9560 samples out of 10000, 0 errors
19:00:59,663 INFO Experiment.PerfCost-5cc9: Processed 9570 samples out of 10000, 0 errors
19:01:09,750 INFO Experiment.PerfCost-5cc9: Processed 9580 samples out of 10000, 0 errors
19:01:19,840 INFO Experiment.PerfCost-5cc9: Processed 9590 samples out of 10000, 0 errors
19:01:29,947 INFO Experiment.PerfCost-5cc9: Processed 9600 samples out of 10000, 0 errors
19:01:40,31 INFO Experiment.PerfCost-5cc9: Processed 9610 samples out of 10000, 0 errors
19:01:50,126 INFO Experiment.PerfCost-5cc9: Processed 9620 samples out of 10000, 0 errors
19:02:00,214 INFO Experiment.PerfCost-5cc9: Processed 9630 samples out of 10000, 0 errors
19:02:10,301 INFO Experiment.PerfCost-5cc9: Processed 9640 samples out of 10000, 0 errors
19:02:20,391 INFO Experiment.PerfCost-5cc9: Processed 9650 samples out of 10000, 0 errors
19:02:30,476 INFO Experiment.PerfCost-5cc9: Processed 9660 samples out of 10000, 0 errors
19:02:40,559 INFO Experiment.PerfCost-5cc9: Processed 9670 samples out of 10000, 0 errors
19:02:50,647 INFO Experiment.PerfCost-5cc9: Processed 9680 samples out of 10000, 0 errors
19:03:00,713 INFO Experiment.PerfCost-5cc9: Processed 9690 samples out of 10000, 0 errors
19:03:10,801 INFO Experiment.PerfCost-5cc9: Processed 9700 samples out of 10000, 0 errors
19:03:20,892 INFO Experiment.PerfCost-5cc9: Processed 9710 samples out of 10000, 0 errors
19:03:30,972 INFO Experiment.PerfCost-5cc9: Processed 9720 samples out of 10000, 0 errors
19:03:41,69 INFO Experiment.PerfCost-5cc9: Processed 9730 samples out of 10000, 0 errors
19:03:51,155 INFO Experiment.PerfCost-5cc9: Processed 9740 samples out of 10000, 0 errors
19:04:01,242 INFO Experiment.PerfCost-5cc9: Processed 9750 samples out of 10000, 0 errors
19:04:11,349 INFO Experiment.PerfCost-5cc9: Processed 9760 samples out of 10000, 0 errors
19:04:21,434 INFO Experiment.PerfCost-5cc9: Processed 9770 samples out of 10000, 0 errors
19:04:31,509 INFO Experiment.PerfCost-5cc9: Processed 9780 samples out of 10000, 0 errors
19:04:41,628 INFO Experiment.PerfCost-5cc9: Processed 9790 samples out of 10000, 0 errors
19:04:51,703 INFO Experiment.PerfCost-5cc9: Processed 9800 samples out of 10000, 0 errors
19:05:01,784 INFO Experiment.PerfCost-5cc9: Processed 9810 samples out of 10000, 0 errors
19:05:11,865 INFO Experiment.PerfCost-5cc9: Processed 9820 samples out of 10000, 0 errors
19:05:21,965 INFO Experiment.PerfCost-5cc9: Processed 9830 samples out of 10000, 0 errors
19:05:32,45 INFO Experiment.PerfCost-5cc9: Processed 9840 samples out of 10000, 0 errors
19:05:42,128 INFO Experiment.PerfCost-5cc9: Processed 9850 samples out of 10000, 0 errors
19:05:52,220 INFO Experiment.PerfCost-5cc9: Processed 9860 samples out of 10000, 0 errors
19:06:02,302 INFO Experiment.PerfCost-5cc9: Processed 9870 samples out of 10000, 0 errors
19:06:12,392 INFO Experiment.PerfCost-5cc9: Processed 9880 samples out of 10000, 0 errors
19:06:22,481 INFO Experiment.PerfCost-5cc9: Processed 9890 samples out of 10000, 0 errors
19:06:32,589 INFO Experiment.PerfCost-5cc9: Processed 9900 samples out of 10000, 0 errors
19:06:42,672 INFO Experiment.PerfCost-5cc9: Processed 9910 samples out of 10000, 0 errors
19:06:52,755 INFO Experiment.PerfCost-5cc9: Processed 9920 samples out of 10000, 0 errors
19:07:02,840 INFO Experiment.PerfCost-5cc9: Processed 9930 samples out of 10000, 0 errors
19:07:12,928 INFO Experiment.PerfCost-5cc9: Processed 9940 samples out of 10000, 0 errors
19:07:23,9 INFO Experiment.PerfCost-5cc9: Processed 9950 samples out of 10000, 0 errors
19:07:33,110 INFO Experiment.PerfCost-5cc9: Processed 9960 samples out of 10000, 0 errors
19:07:43,186 INFO Experiment.PerfCost-5cc9: Processed 9970 samples out of 10000, 0 errors
19:07:53,263 INFO Experiment.PerfCost-5cc9: Processed 9980 samples out of 10000, 0 errors
19:08:03,348 INFO Experiment.PerfCost-5cc9: Processed 9990 samples out of 10000, 0 errors
19:08:13,417 INFO Experiment.PerfCost-5cc9: Processed 10000 samples out of 10000, 0 errors
19:08:18,432 INFO Experiment.PerfCost-5cc9: Mean 55.060035199999994 [ms], median 52.302 [ms], std 14.240472590583535, CV 25.863537026186894
19:08:18,437 INFO Experiment.PerfCost-5cc9: Parametric CI (Student's t-distribution) 0.95 from 54.78087931819067 to 55.33919108180932, within 0.5070027303747957% of mean
19:08:18,440 INFO Experiment.PerfCost-5cc9: Non-parametric CI 0.95 from 51.858 to 52.764, within 0.8661236663989962% of median
19:08:18,443 INFO Experiment.PerfCost-5cc9: Parametric CI (Student's t-distribution) 0.99 from 54.693136555108225 to 55.426933844891764, within 0.6663610794272963% of mean
19:08:18,445 INFO Experiment.PerfCost-5cc9: Non-parametric CI 0.99 from 51.733 to 52.843, within 1.0611448892967827% of median
