17:00:09,908 INFO SeBS-3704: Created experiment output at /home/anou/msc-thesis/task-based-experiment/experiment-results/python/instrumented/610.dynamic-html-otel
17:00:10,273 INFO OpenWhisk.Resources-e9f0: Using user-provided configuration of storage for OpenWhisk.
17:00:10,273 INFO OpenWhisk-83d8: Using existing resource name: fd5e1ae0.
17:00:10,275 INFO Benchmark-40b9: Building benchmark 610.dynamic-html-otel. Reason: no cached code package.
17:00:10,299 INFO Benchmark-40b9: There is no Docker build image for openwhisk run in python, thus skipping the Docker-based installation of dependencies.
17:00:10,300 INFO OpenWhisk-83d8: Build the benchmark base image andersnou/msc-thesis:function.openwhisk.610.dynamic-html-otel.python-3.7.
17:00:10,682 INFO OpenWhisk-83d8: Push the benchmark base image andersnou/msc-thesis:function.openwhisk.610.dynamic-html-otel.python-3.7 to registry: Docker Hub.
17:00:12,321 INFO OpenWhisk-83d8: Created /home/anou/msc-thesis/task-based-experiment/experiment-results/python/instrumented/610.dynamic-html-otel/610.dynamic-html-otel_code/python/3.7/610.dynamic-html-otel.zip archive
17:00:12,321 INFO OpenWhisk-83d8: Zip archive size 0.000734 MB
17:00:12,323 INFO Benchmark-40b9: Created code package (source hash: 9b98132996cb8fd8376b152d10c5126f), for run on openwhisk with python:3.7
17:00:12,326 INFO OpenWhisk-83d8: Creating new function! Reason: function 610.dynamic-html-otel-python-3.7 not found in cache.
17:00:12,327 INFO OpenWhisk-83d8: Creating function as an action in OpenWhisk.
17:00:12,517 INFO OpenWhisk-83d8: Retrieved existing OpenWhisk action 610.dynamic-html-otel-python-3.7.
17:00:12,517 INFO OpenWhisk-83d8: Update an existing OpenWhisk action 610.dynamic-html-otel-python-3.7.
17:00:12,921 INFO Experiment.PerfCost-0dff: Begin experiment on memory size 128
17:00:12,921 INFO OpenWhisk-83d8: Update an existing OpenWhisk action 610.dynamic-html-otel-python-3.7.
17:00:13,69 INFO Experiment.PerfCost-0dff: Begin warm experiments
17:00:24,1 INFO Experiment.PerfCost-0dff: Processed 0 warm-up samples, ignoring these results.
17:00:34,95 INFO Experiment.PerfCost-0dff: Processed 10 samples out of 10000, 0 errors
17:00:44,203 INFO Experiment.PerfCost-0dff: Processed 20 samples out of 10000, 0 errors
17:00:54,300 INFO Experiment.PerfCost-0dff: Processed 30 samples out of 10000, 0 errors
17:01:04,400 INFO Experiment.PerfCost-0dff: Processed 40 samples out of 10000, 0 errors
17:01:14,508 INFO Experiment.PerfCost-0dff: Processed 50 samples out of 10000, 0 errors
17:01:24,616 INFO Experiment.PerfCost-0dff: Processed 60 samples out of 10000, 0 errors
17:01:34,754 INFO Experiment.PerfCost-0dff: Processed 70 samples out of 10000, 0 errors
17:01:44,849 INFO Experiment.PerfCost-0dff: Processed 80 samples out of 10000, 0 errors
17:01:54,953 INFO Experiment.PerfCost-0dff: Processed 90 samples out of 10000, 0 errors
17:02:05,55 INFO Experiment.PerfCost-0dff: Processed 100 samples out of 10000, 0 errors
17:02:15,152 INFO Experiment.PerfCost-0dff: Processed 110 samples out of 10000, 0 errors
17:02:25,252 INFO Experiment.PerfCost-0dff: Processed 120 samples out of 10000, 0 errors
17:02:35,389 INFO Experiment.PerfCost-0dff: Processed 130 samples out of 10000, 0 errors
17:02:45,487 INFO Experiment.PerfCost-0dff: Processed 140 samples out of 10000, 0 errors
17:02:55,589 INFO Experiment.PerfCost-0dff: Processed 150 samples out of 10000, 0 errors
17:03:05,693 INFO Experiment.PerfCost-0dff: Processed 160 samples out of 10000, 0 errors
17:03:15,807 INFO Experiment.PerfCost-0dff: Processed 170 samples out of 10000, 0 errors
17:03:25,906 INFO Experiment.PerfCost-0dff: Processed 180 samples out of 10000, 0 errors
17:03:36,13 INFO Experiment.PerfCost-0dff: Processed 190 samples out of 10000, 0 errors
17:03:46,127 INFO Experiment.PerfCost-0dff: Processed 200 samples out of 10000, 0 errors
17:03:56,232 INFO Experiment.PerfCost-0dff: Processed 210 samples out of 10000, 0 errors
17:04:06,341 INFO Experiment.PerfCost-0dff: Processed 220 samples out of 10000, 0 errors
17:04:16,449 INFO Experiment.PerfCost-0dff: Processed 230 samples out of 10000, 0 errors
17:04:26,552 INFO Experiment.PerfCost-0dff: Processed 240 samples out of 10000, 0 errors
17:04:36,650 INFO Experiment.PerfCost-0dff: Processed 250 samples out of 10000, 0 errors
17:04:46,740 INFO Experiment.PerfCost-0dff: Processed 260 samples out of 10000, 0 errors
17:04:56,841 INFO Experiment.PerfCost-0dff: Processed 270 samples out of 10000, 0 errors
17:05:06,947 INFO Experiment.PerfCost-0dff: Processed 280 samples out of 10000, 0 errors
17:05:17,44 INFO Experiment.PerfCost-0dff: Processed 290 samples out of 10000, 0 errors
17:05:27,193 INFO Experiment.PerfCost-0dff: Processed 300 samples out of 10000, 0 errors
17:05:37,299 INFO Experiment.PerfCost-0dff: Processed 310 samples out of 10000, 0 errors
17:05:47,408 INFO Experiment.PerfCost-0dff: Processed 320 samples out of 10000, 0 errors
17:05:57,508 INFO Experiment.PerfCost-0dff: Processed 330 samples out of 10000, 0 errors
17:06:07,606 INFO Experiment.PerfCost-0dff: Processed 340 samples out of 10000, 0 errors
17:06:17,711 INFO Experiment.PerfCost-0dff: Processed 350 samples out of 10000, 0 errors
17:06:27,829 INFO Experiment.PerfCost-0dff: Processed 360 samples out of 10000, 0 errors
17:06:37,935 INFO Experiment.PerfCost-0dff: Processed 370 samples out of 10000, 0 errors
17:06:48,59 INFO Experiment.PerfCost-0dff: Processed 380 samples out of 10000, 0 errors
17:06:58,194 INFO Experiment.PerfCost-0dff: Processed 390 samples out of 10000, 0 errors
17:07:08,287 INFO Experiment.PerfCost-0dff: Processed 400 samples out of 10000, 0 errors
17:07:18,387 INFO Experiment.PerfCost-0dff: Processed 410 samples out of 10000, 0 errors
17:07:28,492 INFO Experiment.PerfCost-0dff: Processed 420 samples out of 10000, 0 errors
17:07:38,606 INFO Experiment.PerfCost-0dff: Processed 430 samples out of 10000, 0 errors
17:07:48,708 INFO Experiment.PerfCost-0dff: Processed 440 samples out of 10000, 0 errors
17:07:58,822 INFO Experiment.PerfCost-0dff: Processed 450 samples out of 10000, 0 errors
17:08:08,925 INFO Experiment.PerfCost-0dff: Processed 460 samples out of 10000, 0 errors
17:08:19,27 INFO Experiment.PerfCost-0dff: Processed 470 samples out of 10000, 0 errors
17:08:29,131 INFO Experiment.PerfCost-0dff: Processed 480 samples out of 10000, 0 errors
17:08:39,227 INFO Experiment.PerfCost-0dff: Processed 490 samples out of 10000, 0 errors
17:08:49,360 INFO Experiment.PerfCost-0dff: Processed 500 samples out of 10000, 0 errors
17:08:59,464 INFO Experiment.PerfCost-0dff: Processed 510 samples out of 10000, 0 errors
17:09:09,555 INFO Experiment.PerfCost-0dff: Processed 520 samples out of 10000, 0 errors
17:09:19,649 INFO Experiment.PerfCost-0dff: Processed 530 samples out of 10000, 0 errors
17:09:29,750 INFO Experiment.PerfCost-0dff: Processed 540 samples out of 10000, 0 errors
17:09:39,845 INFO Experiment.PerfCost-0dff: Processed 550 samples out of 10000, 0 errors
17:09:49,945 INFO Experiment.PerfCost-0dff: Processed 560 samples out of 10000, 0 errors
17:10:00,39 INFO Experiment.PerfCost-0dff: Processed 570 samples out of 10000, 0 errors
17:10:10,147 INFO Experiment.PerfCost-0dff: Processed 580 samples out of 10000, 0 errors
17:10:20,255 INFO Experiment.PerfCost-0dff: Processed 590 samples out of 10000, 0 errors
17:10:30,429 INFO Experiment.PerfCost-0dff: Processed 600 samples out of 10000, 0 errors
17:10:40,544 INFO Experiment.PerfCost-0dff: Processed 610 samples out of 10000, 0 errors
17:10:50,653 INFO Experiment.PerfCost-0dff: Processed 620 samples out of 10000, 0 errors
17:11:00,755 INFO Experiment.PerfCost-0dff: Processed 630 samples out of 10000, 0 errors
17:11:10,856 INFO Experiment.PerfCost-0dff: Processed 640 samples out of 10000, 0 errors
17:11:20,950 INFO Experiment.PerfCost-0dff: Processed 650 samples out of 10000, 0 errors
17:11:31,50 INFO Experiment.PerfCost-0dff: Processed 660 samples out of 10000, 0 errors
17:11:41,133 INFO Experiment.PerfCost-0dff: Processed 670 samples out of 10000, 0 errors
17:11:51,241 INFO Experiment.PerfCost-0dff: Processed 680 samples out of 10000, 0 errors
17:12:01,358 INFO Experiment.PerfCost-0dff: Processed 690 samples out of 10000, 0 errors
17:12:11,437 INFO Experiment.PerfCost-0dff: Processed 700 samples out of 10000, 0 errors
17:12:21,535 INFO Experiment.PerfCost-0dff: Processed 710 samples out of 10000, 0 errors
17:12:31,663 INFO Experiment.PerfCost-0dff: Processed 720 samples out of 10000, 0 errors
17:12:41,758 INFO Experiment.PerfCost-0dff: Processed 730 samples out of 10000, 0 errors
17:12:51,853 INFO Experiment.PerfCost-0dff: Processed 740 samples out of 10000, 0 errors
17:13:01,948 INFO Experiment.PerfCost-0dff: Processed 750 samples out of 10000, 0 errors
17:13:12,56 INFO Experiment.PerfCost-0dff: Processed 760 samples out of 10000, 0 errors
17:13:22,166 INFO Experiment.PerfCost-0dff: Processed 770 samples out of 10000, 0 errors
17:13:32,265 INFO Experiment.PerfCost-0dff: Processed 780 samples out of 10000, 0 errors
17:13:42,397 INFO Experiment.PerfCost-0dff: Processed 790 samples out of 10000, 0 errors
17:13:52,497 INFO Experiment.PerfCost-0dff: Processed 800 samples out of 10000, 0 errors
17:14:02,603 INFO Experiment.PerfCost-0dff: Processed 810 samples out of 10000, 0 errors
17:14:12,712 INFO Experiment.PerfCost-0dff: Processed 820 samples out of 10000, 0 errors
17:14:22,812 INFO Experiment.PerfCost-0dff: Processed 830 samples out of 10000, 0 errors
17:14:32,918 INFO Experiment.PerfCost-0dff: Processed 840 samples out of 10000, 0 errors
17:14:43,39 INFO Experiment.PerfCost-0dff: Processed 850 samples out of 10000, 0 errors
17:14:53,159 INFO Experiment.PerfCost-0dff: Processed 860 samples out of 10000, 0 errors
17:15:03,261 INFO Experiment.PerfCost-0dff: Processed 870 samples out of 10000, 0 errors
17:15:13,374 INFO Experiment.PerfCost-0dff: Processed 880 samples out of 10000, 0 errors
17:15:23,472 INFO Experiment.PerfCost-0dff: Processed 890 samples out of 10000, 0 errors
17:15:33,621 INFO Experiment.PerfCost-0dff: Processed 900 samples out of 10000, 0 errors
17:15:43,721 INFO Experiment.PerfCost-0dff: Processed 910 samples out of 10000, 0 errors
17:15:53,821 INFO Experiment.PerfCost-0dff: Processed 920 samples out of 10000, 0 errors
17:16:03,915 INFO Experiment.PerfCost-0dff: Processed 930 samples out of 10000, 0 errors
17:16:14,20 INFO Experiment.PerfCost-0dff: Processed 940 samples out of 10000, 0 errors
17:16:24,127 INFO Experiment.PerfCost-0dff: Processed 950 samples out of 10000, 0 errors
17:16:34,221 INFO Experiment.PerfCost-0dff: Processed 960 samples out of 10000, 0 errors
17:16:44,344 INFO Experiment.PerfCost-0dff: Processed 970 samples out of 10000, 0 errors
17:16:54,441 INFO Experiment.PerfCost-0dff: Processed 980 samples out of 10000, 0 errors
17:17:04,542 INFO Experiment.PerfCost-0dff: Processed 990 samples out of 10000, 0 errors
17:17:14,662 INFO Experiment.PerfCost-0dff: Processed 1000 samples out of 10000, 0 errors
17:17:24,763 INFO Experiment.PerfCost-0dff: Processed 1010 samples out of 10000, 0 errors
17:17:34,860 INFO Experiment.PerfCost-0dff: Processed 1020 samples out of 10000, 0 errors
17:17:44,966 INFO Experiment.PerfCost-0dff: Processed 1030 samples out of 10000, 0 errors
17:17:55,76 INFO Experiment.PerfCost-0dff: Processed 1040 samples out of 10000, 0 errors
17:18:05,195 INFO Experiment.PerfCost-0dff: Processed 1050 samples out of 10000, 0 errors
17:18:15,299 INFO Experiment.PerfCost-0dff: Processed 1060 samples out of 10000, 0 errors
17:18:25,401 INFO Experiment.PerfCost-0dff: Processed 1070 samples out of 10000, 0 errors
17:18:35,508 INFO Experiment.PerfCost-0dff: Processed 1080 samples out of 10000, 0 errors
17:18:45,620 INFO Experiment.PerfCost-0dff: Processed 1090 samples out of 10000, 0 errors
17:18:55,728 INFO Experiment.PerfCost-0dff: Processed 1100 samples out of 10000, 0 errors
17:19:05,832 INFO Experiment.PerfCost-0dff: Processed 1110 samples out of 10000, 0 errors
17:19:15,938 INFO Experiment.PerfCost-0dff: Processed 1120 samples out of 10000, 0 errors
17:19:26,42 INFO Experiment.PerfCost-0dff: Processed 1130 samples out of 10000, 0 errors
17:19:36,146 INFO Experiment.PerfCost-0dff: Processed 1140 samples out of 10000, 0 errors
17:19:46,241 INFO Experiment.PerfCost-0dff: Processed 1150 samples out of 10000, 0 errors
17:19:56,355 INFO Experiment.PerfCost-0dff: Processed 1160 samples out of 10000, 0 errors
17:20:06,474 INFO Experiment.PerfCost-0dff: Processed 1170 samples out of 10000, 0 errors
17:20:16,582 INFO Experiment.PerfCost-0dff: Processed 1180 samples out of 10000, 0 errors
17:20:26,679 INFO Experiment.PerfCost-0dff: Processed 1190 samples out of 10000, 0 errors
17:20:36,836 INFO Experiment.PerfCost-0dff: Processed 1200 samples out of 10000, 0 errors
17:20:46,947 INFO Experiment.PerfCost-0dff: Processed 1210 samples out of 10000, 0 errors
17:20:57,48 INFO Experiment.PerfCost-0dff: Processed 1220 samples out of 10000, 0 errors
17:21:07,159 INFO Experiment.PerfCost-0dff: Processed 1230 samples out of 10000, 0 errors
17:21:17,258 INFO Experiment.PerfCost-0dff: Processed 1240 samples out of 10000, 0 errors
17:21:27,365 INFO Experiment.PerfCost-0dff: Processed 1250 samples out of 10000, 0 errors
17:21:37,466 INFO Experiment.PerfCost-0dff: Processed 1260 samples out of 10000, 0 errors
17:21:47,571 INFO Experiment.PerfCost-0dff: Processed 1270 samples out of 10000, 0 errors
17:21:57,673 INFO Experiment.PerfCost-0dff: Processed 1280 samples out of 10000, 0 errors
17:22:07,775 INFO Experiment.PerfCost-0dff: Processed 1290 samples out of 10000, 0 errors
17:22:17,892 INFO Experiment.PerfCost-0dff: Processed 1300 samples out of 10000, 0 errors
17:22:28,6 INFO Experiment.PerfCost-0dff: Processed 1310 samples out of 10000, 0 errors
17:22:38,113 INFO Experiment.PerfCost-0dff: Processed 1320 samples out of 10000, 0 errors
17:22:48,220 INFO Experiment.PerfCost-0dff: Processed 1330 samples out of 10000, 0 errors
17:22:58,340 INFO Experiment.PerfCost-0dff: Processed 1340 samples out of 10000, 0 errors
17:23:08,458 INFO Experiment.PerfCost-0dff: Processed 1350 samples out of 10000, 0 errors
17:23:18,571 INFO Experiment.PerfCost-0dff: Processed 1360 samples out of 10000, 0 errors
17:23:28,669 INFO Experiment.PerfCost-0dff: Processed 1370 samples out of 10000, 0 errors
17:23:38,766 INFO Experiment.PerfCost-0dff: Processed 1380 samples out of 10000, 0 errors
17:23:48,863 INFO Experiment.PerfCost-0dff: Processed 1390 samples out of 10000, 0 errors
17:23:58,962 INFO Experiment.PerfCost-0dff: Processed 1400 samples out of 10000, 0 errors
17:24:09,54 INFO Experiment.PerfCost-0dff: Processed 1410 samples out of 10000, 0 errors
17:24:19,153 INFO Experiment.PerfCost-0dff: Processed 1420 samples out of 10000, 0 errors
17:24:29,261 INFO Experiment.PerfCost-0dff: Processed 1430 samples out of 10000, 0 errors
17:24:39,350 INFO Experiment.PerfCost-0dff: Processed 1440 samples out of 10000, 0 errors
17:24:49,457 INFO Experiment.PerfCost-0dff: Processed 1450 samples out of 10000, 0 errors
17:24:59,559 INFO Experiment.PerfCost-0dff: Processed 1460 samples out of 10000, 0 errors
17:25:09,692 INFO Experiment.PerfCost-0dff: Processed 1470 samples out of 10000, 0 errors
17:25:19,796 INFO Experiment.PerfCost-0dff: Processed 1480 samples out of 10000, 0 errors
17:25:29,896 INFO Experiment.PerfCost-0dff: Processed 1490 samples out of 10000, 0 errors
17:25:40,53 INFO Experiment.PerfCost-0dff: Processed 1500 samples out of 10000, 0 errors
17:25:50,176 INFO Experiment.PerfCost-0dff: Processed 1510 samples out of 10000, 0 errors
17:26:00,284 INFO Experiment.PerfCost-0dff: Processed 1520 samples out of 10000, 0 errors
17:26:10,411 INFO Experiment.PerfCost-0dff: Processed 1530 samples out of 10000, 0 errors
17:26:20,519 INFO Experiment.PerfCost-0dff: Processed 1540 samples out of 10000, 0 errors
17:26:30,637 INFO Experiment.PerfCost-0dff: Processed 1550 samples out of 10000, 0 errors
17:26:40,754 INFO Experiment.PerfCost-0dff: Processed 1560 samples out of 10000, 0 errors
17:26:50,850 INFO Experiment.PerfCost-0dff: Processed 1570 samples out of 10000, 0 errors
17:27:00,959 INFO Experiment.PerfCost-0dff: Processed 1580 samples out of 10000, 0 errors
17:27:11,69 INFO Experiment.PerfCost-0dff: Processed 1590 samples out of 10000, 0 errors
17:27:21,178 INFO Experiment.PerfCost-0dff: Processed 1600 samples out of 10000, 0 errors
17:27:31,293 INFO Experiment.PerfCost-0dff: Processed 1610 samples out of 10000, 0 errors
17:27:41,394 INFO Experiment.PerfCost-0dff: Processed 1620 samples out of 10000, 0 errors
17:27:51,499 INFO Experiment.PerfCost-0dff: Processed 1630 samples out of 10000, 0 errors
17:28:01,617 INFO Experiment.PerfCost-0dff: Processed 1640 samples out of 10000, 0 errors
17:28:11,722 INFO Experiment.PerfCost-0dff: Processed 1650 samples out of 10000, 0 errors
17:28:21,843 INFO Experiment.PerfCost-0dff: Processed 1660 samples out of 10000, 0 errors
17:28:31,955 INFO Experiment.PerfCost-0dff: Processed 1670 samples out of 10000, 0 errors
17:28:42,65 INFO Experiment.PerfCost-0dff: Processed 1680 samples out of 10000, 0 errors
17:28:52,175 INFO Experiment.PerfCost-0dff: Processed 1690 samples out of 10000, 0 errors
17:29:02,283 INFO Experiment.PerfCost-0dff: Processed 1700 samples out of 10000, 0 errors
17:29:12,389 INFO Experiment.PerfCost-0dff: Processed 1710 samples out of 10000, 0 errors
17:29:22,507 INFO Experiment.PerfCost-0dff: Processed 1720 samples out of 10000, 0 errors
17:29:32,616 INFO Experiment.PerfCost-0dff: Processed 1730 samples out of 10000, 0 errors
17:29:42,727 INFO Experiment.PerfCost-0dff: Processed 1740 samples out of 10000, 0 errors
17:29:52,838 INFO Experiment.PerfCost-0dff: Processed 1750 samples out of 10000, 0 errors
17:30:02,939 INFO Experiment.PerfCost-0dff: Processed 1760 samples out of 10000, 0 errors
17:30:13,59 INFO Experiment.PerfCost-0dff: Processed 1770 samples out of 10000, 0 errors
17:30:23,168 INFO Experiment.PerfCost-0dff: Processed 1780 samples out of 10000, 0 errors
17:30:33,281 INFO Experiment.PerfCost-0dff: Processed 1790 samples out of 10000, 0 errors
17:30:43,452 INFO Experiment.PerfCost-0dff: Processed 1800 samples out of 10000, 0 errors
17:30:53,564 INFO Experiment.PerfCost-0dff: Processed 1810 samples out of 10000, 0 errors
17:31:03,674 INFO Experiment.PerfCost-0dff: Processed 1820 samples out of 10000, 0 errors
17:31:13,786 INFO Experiment.PerfCost-0dff: Processed 1830 samples out of 10000, 0 errors
17:31:23,893 INFO Experiment.PerfCost-0dff: Processed 1840 samples out of 10000, 0 errors
17:31:33,993 INFO Experiment.PerfCost-0dff: Processed 1850 samples out of 10000, 0 errors
17:31:44,101 INFO Experiment.PerfCost-0dff: Processed 1860 samples out of 10000, 0 errors
17:31:54,201 INFO Experiment.PerfCost-0dff: Processed 1870 samples out of 10000, 0 errors
17:32:04,308 INFO Experiment.PerfCost-0dff: Processed 1880 samples out of 10000, 0 errors
17:32:14,425 INFO Experiment.PerfCost-0dff: Processed 1890 samples out of 10000, 0 errors
17:32:24,519 INFO Experiment.PerfCost-0dff: Processed 1900 samples out of 10000, 0 errors
17:32:34,662 INFO Experiment.PerfCost-0dff: Processed 1910 samples out of 10000, 0 errors
17:32:44,774 INFO Experiment.PerfCost-0dff: Processed 1920 samples out of 10000, 0 errors
17:32:54,895 INFO Experiment.PerfCost-0dff: Processed 1930 samples out of 10000, 0 errors
17:33:05,8 INFO Experiment.PerfCost-0dff: Processed 1940 samples out of 10000, 0 errors
17:33:15,122 INFO Experiment.PerfCost-0dff: Processed 1950 samples out of 10000, 0 errors
17:33:25,230 INFO Experiment.PerfCost-0dff: Processed 1960 samples out of 10000, 0 errors
17:33:35,334 INFO Experiment.PerfCost-0dff: Processed 1970 samples out of 10000, 0 errors
17:33:45,440 INFO Experiment.PerfCost-0dff: Processed 1980 samples out of 10000, 0 errors
17:33:55,552 INFO Experiment.PerfCost-0dff: Processed 1990 samples out of 10000, 0 errors
17:34:05,659 INFO Experiment.PerfCost-0dff: Processed 2000 samples out of 10000, 0 errors
17:34:15,774 INFO Experiment.PerfCost-0dff: Processed 2010 samples out of 10000, 0 errors
17:34:25,904 INFO Experiment.PerfCost-0dff: Processed 2020 samples out of 10000, 0 errors
17:34:36,22 INFO Experiment.PerfCost-0dff: Processed 2030 samples out of 10000, 0 errors
17:34:46,126 INFO Experiment.PerfCost-0dff: Processed 2040 samples out of 10000, 0 errors
17:34:56,237 INFO Experiment.PerfCost-0dff: Processed 2050 samples out of 10000, 0 errors
17:35:06,348 INFO Experiment.PerfCost-0dff: Processed 2060 samples out of 10000, 0 errors
17:35:16,455 INFO Experiment.PerfCost-0dff: Processed 2070 samples out of 10000, 0 errors
17:35:26,566 INFO Experiment.PerfCost-0dff: Processed 2080 samples out of 10000, 0 errors
17:35:36,672 INFO Experiment.PerfCost-0dff: Processed 2090 samples out of 10000, 0 errors
17:35:46,813 INFO Experiment.PerfCost-0dff: Processed 2100 samples out of 10000, 0 errors
17:35:56,938 INFO Experiment.PerfCost-0dff: Processed 2110 samples out of 10000, 0 errors
17:36:07,56 INFO Experiment.PerfCost-0dff: Processed 2120 samples out of 10000, 0 errors
17:36:17,155 INFO Experiment.PerfCost-0dff: Processed 2130 samples out of 10000, 0 errors
17:36:27,265 INFO Experiment.PerfCost-0dff: Processed 2140 samples out of 10000, 0 errors
17:36:37,365 INFO Experiment.PerfCost-0dff: Processed 2150 samples out of 10000, 0 errors
17:36:47,476 INFO Experiment.PerfCost-0dff: Processed 2160 samples out of 10000, 0 errors
17:36:57,586 INFO Experiment.PerfCost-0dff: Processed 2170 samples out of 10000, 0 errors
17:37:07,708 INFO Experiment.PerfCost-0dff: Processed 2180 samples out of 10000, 0 errors
17:37:17,811 INFO Experiment.PerfCost-0dff: Processed 2190 samples out of 10000, 0 errors
17:37:27,908 INFO Experiment.PerfCost-0dff: Processed 2200 samples out of 10000, 0 errors
17:37:38,40 INFO Experiment.PerfCost-0dff: Processed 2210 samples out of 10000, 0 errors
17:37:48,139 INFO Experiment.PerfCost-0dff: Processed 2220 samples out of 10000, 0 errors
17:37:58,241 INFO Experiment.PerfCost-0dff: Processed 2230 samples out of 10000, 0 errors
17:38:08,357 INFO Experiment.PerfCost-0dff: Processed 2240 samples out of 10000, 0 errors
17:38:18,458 INFO Experiment.PerfCost-0dff: Processed 2250 samples out of 10000, 0 errors
17:38:28,578 INFO Experiment.PerfCost-0dff: Processed 2260 samples out of 10000, 0 errors
17:38:38,687 INFO Experiment.PerfCost-0dff: Processed 2270 samples out of 10000, 0 errors
17:38:48,805 INFO Experiment.PerfCost-0dff: Processed 2280 samples out of 10000, 0 errors
17:38:58,916 INFO Experiment.PerfCost-0dff: Processed 2290 samples out of 10000, 0 errors
17:39:09,23 INFO Experiment.PerfCost-0dff: Processed 2300 samples out of 10000, 0 errors
17:39:19,137 INFO Experiment.PerfCost-0dff: Processed 2310 samples out of 10000, 0 errors
17:39:29,238 INFO Experiment.PerfCost-0dff: Processed 2320 samples out of 10000, 0 errors
17:39:39,349 INFO Experiment.PerfCost-0dff: Processed 2330 samples out of 10000, 0 errors
17:39:49,458 INFO Experiment.PerfCost-0dff: Processed 2340 samples out of 10000, 0 errors
17:39:59,570 INFO Experiment.PerfCost-0dff: Processed 2350 samples out of 10000, 0 errors
17:40:09,684 INFO Experiment.PerfCost-0dff: Processed 2360 samples out of 10000, 0 errors
17:40:19,798 INFO Experiment.PerfCost-0dff: Processed 2370 samples out of 10000, 0 errors
17:40:29,907 INFO Experiment.PerfCost-0dff: Processed 2380 samples out of 10000, 0 errors
17:40:40,50 INFO Experiment.PerfCost-0dff: Processed 2390 samples out of 10000, 0 errors
17:40:50,199 INFO Experiment.PerfCost-0dff: Processed 2400 samples out of 10000, 0 errors
17:41:00,310 INFO Experiment.PerfCost-0dff: Processed 2410 samples out of 10000, 0 errors
17:41:10,430 INFO Experiment.PerfCost-0dff: Processed 2420 samples out of 10000, 0 errors
17:41:20,536 INFO Experiment.PerfCost-0dff: Processed 2430 samples out of 10000, 0 errors
17:41:30,648 INFO Experiment.PerfCost-0dff: Processed 2440 samples out of 10000, 0 errors
17:41:40,769 INFO Experiment.PerfCost-0dff: Processed 2450 samples out of 10000, 0 errors
17:41:50,883 INFO Experiment.PerfCost-0dff: Processed 2460 samples out of 10000, 0 errors
17:42:00,989 INFO Experiment.PerfCost-0dff: Processed 2470 samples out of 10000, 0 errors
17:42:11,95 INFO Experiment.PerfCost-0dff: Processed 2480 samples out of 10000, 0 errors
17:42:21,208 INFO Experiment.PerfCost-0dff: Processed 2490 samples out of 10000, 0 errors
17:42:31,319 INFO Experiment.PerfCost-0dff: Processed 2500 samples out of 10000, 0 errors
17:42:41,428 INFO Experiment.PerfCost-0dff: Processed 2510 samples out of 10000, 0 errors
17:42:51,541 INFO Experiment.PerfCost-0dff: Processed 2520 samples out of 10000, 0 errors
17:43:01,660 INFO Experiment.PerfCost-0dff: Processed 2530 samples out of 10000, 0 errors
17:43:11,775 INFO Experiment.PerfCost-0dff: Processed 2540 samples out of 10000, 0 errors
17:43:21,889 INFO Experiment.PerfCost-0dff: Processed 2550 samples out of 10000, 0 errors
17:43:31,996 INFO Experiment.PerfCost-0dff: Processed 2560 samples out of 10000, 0 errors
17:43:42,113 INFO Experiment.PerfCost-0dff: Processed 2570 samples out of 10000, 0 errors
17:43:52,218 INFO Experiment.PerfCost-0dff: Processed 2580 samples out of 10000, 0 errors
17:44:02,319 INFO Experiment.PerfCost-0dff: Processed 2590 samples out of 10000, 0 errors
17:44:12,433 INFO Experiment.PerfCost-0dff: Processed 2600 samples out of 10000, 0 errors
17:44:22,557 INFO Experiment.PerfCost-0dff: Processed 2610 samples out of 10000, 0 errors
17:44:32,661 INFO Experiment.PerfCost-0dff: Processed 2620 samples out of 10000, 0 errors
17:44:42,785 INFO Experiment.PerfCost-0dff: Processed 2630 samples out of 10000, 0 errors
17:44:52,939 INFO Experiment.PerfCost-0dff: Processed 2640 samples out of 10000, 0 errors
17:45:03,64 INFO Experiment.PerfCost-0dff: Processed 2650 samples out of 10000, 0 errors
17:45:13,163 INFO Experiment.PerfCost-0dff: Processed 2660 samples out of 10000, 0 errors
17:45:23,272 INFO Experiment.PerfCost-0dff: Processed 2670 samples out of 10000, 0 errors
17:45:33,386 INFO Experiment.PerfCost-0dff: Processed 2680 samples out of 10000, 0 errors
17:45:43,502 INFO Experiment.PerfCost-0dff: Processed 2690 samples out of 10000, 0 errors
17:45:53,654 INFO Experiment.PerfCost-0dff: Processed 2700 samples out of 10000, 0 errors
17:46:03,762 INFO Experiment.PerfCost-0dff: Processed 2710 samples out of 10000, 0 errors
17:46:13,893 INFO Experiment.PerfCost-0dff: Processed 2720 samples out of 10000, 0 errors
17:46:23,998 INFO Experiment.PerfCost-0dff: Processed 2730 samples out of 10000, 0 errors
17:46:34,90 INFO Experiment.PerfCost-0dff: Processed 2740 samples out of 10000, 0 errors
17:46:44,181 INFO Experiment.PerfCost-0dff: Processed 2750 samples out of 10000, 0 errors
17:46:54,281 INFO Experiment.PerfCost-0dff: Processed 2760 samples out of 10000, 0 errors
17:47:04,377 INFO Experiment.PerfCost-0dff: Processed 2770 samples out of 10000, 0 errors
17:47:14,480 INFO Experiment.PerfCost-0dff: Processed 2780 samples out of 10000, 0 errors
17:47:24,585 INFO Experiment.PerfCost-0dff: Processed 2790 samples out of 10000, 0 errors
17:47:34,704 INFO Experiment.PerfCost-0dff: Processed 2800 samples out of 10000, 0 errors
17:47:44,829 INFO Experiment.PerfCost-0dff: Processed 2810 samples out of 10000, 0 errors
17:47:54,926 INFO Experiment.PerfCost-0dff: Processed 2820 samples out of 10000, 0 errors
17:48:05,42 INFO Experiment.PerfCost-0dff: Processed 2830 samples out of 10000, 0 errors
17:48:15,166 INFO Experiment.PerfCost-0dff: Processed 2840 samples out of 10000, 0 errors
17:48:25,290 INFO Experiment.PerfCost-0dff: Processed 2850 samples out of 10000, 0 errors
17:48:35,412 INFO Experiment.PerfCost-0dff: Processed 2860 samples out of 10000, 0 errors
17:48:45,506 INFO Experiment.PerfCost-0dff: Processed 2870 samples out of 10000, 0 errors
17:48:55,628 INFO Experiment.PerfCost-0dff: Processed 2880 samples out of 10000, 0 errors
17:49:05,801 INFO Experiment.PerfCost-0dff: Processed 2890 samples out of 10000, 0 errors
17:49:15,931 INFO Experiment.PerfCost-0dff: Processed 2900 samples out of 10000, 0 errors
17:49:26,65 INFO Experiment.PerfCost-0dff: Processed 2910 samples out of 10000, 0 errors
17:49:36,183 INFO Experiment.PerfCost-0dff: Processed 2920 samples out of 10000, 0 errors
17:49:46,297 INFO Experiment.PerfCost-0dff: Processed 2930 samples out of 10000, 0 errors
17:49:56,402 INFO Experiment.PerfCost-0dff: Processed 2940 samples out of 10000, 0 errors
17:50:06,514 INFO Experiment.PerfCost-0dff: Processed 2950 samples out of 10000, 0 errors
17:50:16,630 INFO Experiment.PerfCost-0dff: Processed 2960 samples out of 10000, 0 errors
17:50:26,743 INFO Experiment.PerfCost-0dff: Processed 2970 samples out of 10000, 0 errors
17:50:36,863 INFO Experiment.PerfCost-0dff: Processed 2980 samples out of 10000, 0 errors
17:50:46,971 INFO Experiment.PerfCost-0dff: Processed 2990 samples out of 10000, 0 errors
17:50:57,142 INFO Experiment.PerfCost-0dff: Processed 3000 samples out of 10000, 0 errors
17:51:07,256 INFO Experiment.PerfCost-0dff: Processed 3010 samples out of 10000, 0 errors
17:51:17,373 INFO Experiment.PerfCost-0dff: Processed 3020 samples out of 10000, 0 errors
17:51:27,497 INFO Experiment.PerfCost-0dff: Processed 3030 samples out of 10000, 0 errors
17:51:37,617 INFO Experiment.PerfCost-0dff: Processed 3040 samples out of 10000, 0 errors
17:51:47,736 INFO Experiment.PerfCost-0dff: Processed 3050 samples out of 10000, 0 errors
17:51:57,864 INFO Experiment.PerfCost-0dff: Processed 3060 samples out of 10000, 0 errors
17:52:07,980 INFO Experiment.PerfCost-0dff: Processed 3070 samples out of 10000, 0 errors
17:52:18,97 INFO Experiment.PerfCost-0dff: Processed 3080 samples out of 10000, 0 errors
17:52:28,241 INFO Experiment.PerfCost-0dff: Processed 3090 samples out of 10000, 0 errors
17:52:38,358 INFO Experiment.PerfCost-0dff: Processed 3100 samples out of 10000, 0 errors
17:52:48,471 INFO Experiment.PerfCost-0dff: Processed 3110 samples out of 10000, 0 errors
17:52:58,598 INFO Experiment.PerfCost-0dff: Processed 3120 samples out of 10000, 0 errors
17:53:08,704 INFO Experiment.PerfCost-0dff: Processed 3130 samples out of 10000, 0 errors
17:53:18,816 INFO Experiment.PerfCost-0dff: Processed 3140 samples out of 10000, 0 errors
17:53:28,943 INFO Experiment.PerfCost-0dff: Processed 3150 samples out of 10000, 0 errors
17:53:39,48 INFO Experiment.PerfCost-0dff: Processed 3160 samples out of 10000, 0 errors
17:53:49,162 INFO Experiment.PerfCost-0dff: Processed 3170 samples out of 10000, 0 errors
17:53:59,290 INFO Experiment.PerfCost-0dff: Processed 3180 samples out of 10000, 0 errors
17:54:09,402 INFO Experiment.PerfCost-0dff: Processed 3190 samples out of 10000, 0 errors
17:54:19,511 INFO Experiment.PerfCost-0dff: Processed 3200 samples out of 10000, 0 errors
17:54:29,627 INFO Experiment.PerfCost-0dff: Processed 3210 samples out of 10000, 0 errors
17:54:39,757 INFO Experiment.PerfCost-0dff: Processed 3220 samples out of 10000, 0 errors
17:54:49,887 INFO Experiment.PerfCost-0dff: Processed 3230 samples out of 10000, 0 errors
17:55:00,13 INFO Experiment.PerfCost-0dff: Processed 3240 samples out of 10000, 0 errors
17:55:10,128 INFO Experiment.PerfCost-0dff: Processed 3250 samples out of 10000, 0 errors
17:55:20,248 INFO Experiment.PerfCost-0dff: Processed 3260 samples out of 10000, 0 errors
17:55:30,358 INFO Experiment.PerfCost-0dff: Processed 3270 samples out of 10000, 0 errors
17:55:40,478 INFO Experiment.PerfCost-0dff: Processed 3280 samples out of 10000, 0 errors
17:55:50,584 INFO Experiment.PerfCost-0dff: Processed 3290 samples out of 10000, 0 errors
17:56:00,767 INFO Experiment.PerfCost-0dff: Processed 3300 samples out of 10000, 0 errors
17:56:10,879 INFO Experiment.PerfCost-0dff: Processed 3310 samples out of 10000, 0 errors
17:56:20,996 INFO Experiment.PerfCost-0dff: Processed 3320 samples out of 10000, 0 errors
17:56:31,119 INFO Experiment.PerfCost-0dff: Processed 3330 samples out of 10000, 0 errors
17:56:41,227 INFO Experiment.PerfCost-0dff: Processed 3340 samples out of 10000, 0 errors
17:56:51,352 INFO Experiment.PerfCost-0dff: Processed 3350 samples out of 10000, 0 errors
17:57:01,494 INFO Experiment.PerfCost-0dff: Processed 3360 samples out of 10000, 0 errors
17:57:11,607 INFO Experiment.PerfCost-0dff: Processed 3370 samples out of 10000, 0 errors
17:57:21,728 INFO Experiment.PerfCost-0dff: Processed 3380 samples out of 10000, 0 errors
17:57:31,854 INFO Experiment.PerfCost-0dff: Processed 3390 samples out of 10000, 0 errors
17:57:41,963 INFO Experiment.PerfCost-0dff: Processed 3400 samples out of 10000, 0 errors
17:57:52,86 INFO Experiment.PerfCost-0dff: Processed 3410 samples out of 10000, 0 errors
17:58:02,205 INFO Experiment.PerfCost-0dff: Processed 3420 samples out of 10000, 0 errors
17:58:12,329 INFO Experiment.PerfCost-0dff: Processed 3430 samples out of 10000, 0 errors
17:58:22,451 INFO Experiment.PerfCost-0dff: Processed 3440 samples out of 10000, 0 errors
17:58:32,571 INFO Experiment.PerfCost-0dff: Processed 3450 samples out of 10000, 0 errors
17:58:42,707 INFO Experiment.PerfCost-0dff: Processed 3460 samples out of 10000, 0 errors
17:58:52,824 INFO Experiment.PerfCost-0dff: Processed 3470 samples out of 10000, 0 errors
17:59:02,953 INFO Experiment.PerfCost-0dff: Processed 3480 samples out of 10000, 0 errors
17:59:13,72 INFO Experiment.PerfCost-0dff: Processed 3490 samples out of 10000, 0 errors
17:59:23,186 INFO Experiment.PerfCost-0dff: Processed 3500 samples out of 10000, 0 errors
17:59:33,318 INFO Experiment.PerfCost-0dff: Processed 3510 samples out of 10000, 0 errors
17:59:43,458 INFO Experiment.PerfCost-0dff: Processed 3520 samples out of 10000, 0 errors
17:59:53,575 INFO Experiment.PerfCost-0dff: Processed 3530 samples out of 10000, 0 errors
18:00:03,705 INFO Experiment.PerfCost-0dff: Processed 3540 samples out of 10000, 0 errors
18:00:13,830 INFO Experiment.PerfCost-0dff: Processed 3550 samples out of 10000, 0 errors
18:00:23,951 INFO Experiment.PerfCost-0dff: Processed 3560 samples out of 10000, 0 errors
18:00:34,68 INFO Experiment.PerfCost-0dff: Processed 3570 samples out of 10000, 0 errors
18:00:44,190 INFO Experiment.PerfCost-0dff: Processed 3580 samples out of 10000, 0 errors
18:00:54,302 INFO Experiment.PerfCost-0dff: Processed 3590 samples out of 10000, 0 errors
18:01:04,468 INFO Experiment.PerfCost-0dff: Processed 3600 samples out of 10000, 0 errors
18:01:14,595 INFO Experiment.PerfCost-0dff: Processed 3610 samples out of 10000, 0 errors
18:01:24,744 INFO Experiment.PerfCost-0dff: Processed 3620 samples out of 10000, 0 errors
18:01:34,868 INFO Experiment.PerfCost-0dff: Processed 3630 samples out of 10000, 0 errors
18:01:44,980 INFO Experiment.PerfCost-0dff: Processed 3640 samples out of 10000, 0 errors
18:01:55,106 INFO Experiment.PerfCost-0dff: Processed 3650 samples out of 10000, 0 errors
18:02:05,230 INFO Experiment.PerfCost-0dff: Processed 3660 samples out of 10000, 0 errors
18:02:15,348 INFO Experiment.PerfCost-0dff: Processed 3670 samples out of 10000, 0 errors
18:02:25,468 INFO Experiment.PerfCost-0dff: Processed 3680 samples out of 10000, 0 errors
18:02:35,589 INFO Experiment.PerfCost-0dff: Processed 3690 samples out of 10000, 0 errors
18:02:45,702 INFO Experiment.PerfCost-0dff: Processed 3700 samples out of 10000, 0 errors
18:02:55,876 INFO Experiment.PerfCost-0dff: Processed 3710 samples out of 10000, 0 errors
18:03:05,986 INFO Experiment.PerfCost-0dff: Processed 3720 samples out of 10000, 0 errors
18:03:16,109 INFO Experiment.PerfCost-0dff: Processed 3730 samples out of 10000, 0 errors
18:03:26,225 INFO Experiment.PerfCost-0dff: Processed 3740 samples out of 10000, 0 errors
18:03:36,337 INFO Experiment.PerfCost-0dff: Processed 3750 samples out of 10000, 0 errors
18:03:46,465 INFO Experiment.PerfCost-0dff: Processed 3760 samples out of 10000, 0 errors
18:03:56,584 INFO Experiment.PerfCost-0dff: Processed 3770 samples out of 10000, 0 errors
18:04:06,693 INFO Experiment.PerfCost-0dff: Processed 3780 samples out of 10000, 0 errors
18:04:16,800 INFO Experiment.PerfCost-0dff: Processed 3790 samples out of 10000, 0 errors
18:04:26,917 INFO Experiment.PerfCost-0dff: Processed 3800 samples out of 10000, 0 errors
18:04:37,29 INFO Experiment.PerfCost-0dff: Processed 3810 samples out of 10000, 0 errors
18:04:47,156 INFO Experiment.PerfCost-0dff: Processed 3820 samples out of 10000, 0 errors
18:04:57,266 INFO Experiment.PerfCost-0dff: Processed 3830 samples out of 10000, 0 errors
18:05:07,388 INFO Experiment.PerfCost-0dff: Processed 3840 samples out of 10000, 0 errors
18:05:17,502 INFO Experiment.PerfCost-0dff: Processed 3850 samples out of 10000, 0 errors
18:05:27,623 INFO Experiment.PerfCost-0dff: Processed 3860 samples out of 10000, 0 errors
18:05:37,746 INFO Experiment.PerfCost-0dff: Processed 3870 samples out of 10000, 0 errors
18:05:47,864 INFO Experiment.PerfCost-0dff: Processed 3880 samples out of 10000, 0 errors
18:05:58,4 INFO Experiment.PerfCost-0dff: Processed 3890 samples out of 10000, 0 errors
18:06:08,174 INFO Experiment.PerfCost-0dff: Processed 3900 samples out of 10000, 0 errors
18:06:18,301 INFO Experiment.PerfCost-0dff: Processed 3910 samples out of 10000, 0 errors
18:06:28,413 INFO Experiment.PerfCost-0dff: Processed 3920 samples out of 10000, 0 errors
18:06:38,528 INFO Experiment.PerfCost-0dff: Processed 3930 samples out of 10000, 0 errors
18:06:48,647 INFO Experiment.PerfCost-0dff: Processed 3940 samples out of 10000, 0 errors
18:06:58,776 INFO Experiment.PerfCost-0dff: Processed 3950 samples out of 10000, 0 errors
18:07:08,898 INFO Experiment.PerfCost-0dff: Processed 3960 samples out of 10000, 0 errors
18:07:19,14 INFO Experiment.PerfCost-0dff: Processed 3970 samples out of 10000, 0 errors
18:07:29,134 INFO Experiment.PerfCost-0dff: Processed 3980 samples out of 10000, 0 errors
18:07:39,247 INFO Experiment.PerfCost-0dff: Processed 3990 samples out of 10000, 0 errors
18:07:49,368 INFO Experiment.PerfCost-0dff: Processed 4000 samples out of 10000, 0 errors
18:07:59,491 INFO Experiment.PerfCost-0dff: Processed 4010 samples out of 10000, 0 errors
18:08:09,602 INFO Experiment.PerfCost-0dff: Processed 4020 samples out of 10000, 0 errors
18:08:19,725 INFO Experiment.PerfCost-0dff: Processed 4030 samples out of 10000, 0 errors
18:08:29,841 INFO Experiment.PerfCost-0dff: Processed 4040 samples out of 10000, 0 errors
18:08:39,958 INFO Experiment.PerfCost-0dff: Processed 4050 samples out of 10000, 0 errors
18:08:50,94 INFO Experiment.PerfCost-0dff: Processed 4060 samples out of 10000, 0 errors
18:09:00,208 INFO Experiment.PerfCost-0dff: Processed 4070 samples out of 10000, 0 errors
18:09:10,332 INFO Experiment.PerfCost-0dff: Processed 4080 samples out of 10000, 0 errors
18:09:20,458 INFO Experiment.PerfCost-0dff: Processed 4090 samples out of 10000, 0 errors
18:09:30,575 INFO Experiment.PerfCost-0dff: Processed 4100 samples out of 10000, 0 errors
18:09:40,738 INFO Experiment.PerfCost-0dff: Processed 4110 samples out of 10000, 0 errors
18:09:50,858 INFO Experiment.PerfCost-0dff: Processed 4120 samples out of 10000, 0 errors
18:10:01,1 INFO Experiment.PerfCost-0dff: Processed 4130 samples out of 10000, 0 errors
18:10:11,123 INFO Experiment.PerfCost-0dff: Processed 4140 samples out of 10000, 0 errors
18:10:21,228 INFO Experiment.PerfCost-0dff: Processed 4150 samples out of 10000, 0 errors
18:10:31,327 INFO Experiment.PerfCost-0dff: Processed 4160 samples out of 10000, 0 errors
18:10:41,450 INFO Experiment.PerfCost-0dff: Processed 4170 samples out of 10000, 0 errors
18:10:51,571 INFO Experiment.PerfCost-0dff: Processed 4180 samples out of 10000, 0 errors
18:11:01,696 INFO Experiment.PerfCost-0dff: Processed 4190 samples out of 10000, 0 errors
18:11:11,846 INFO Experiment.PerfCost-0dff: Processed 4200 samples out of 10000, 0 errors
18:11:21,956 INFO Experiment.PerfCost-0dff: Processed 4210 samples out of 10000, 0 errors
18:11:32,83 INFO Experiment.PerfCost-0dff: Processed 4220 samples out of 10000, 0 errors
18:11:42,228 INFO Experiment.PerfCost-0dff: Processed 4230 samples out of 10000, 0 errors
18:11:52,345 INFO Experiment.PerfCost-0dff: Processed 4240 samples out of 10000, 0 errors
18:12:02,459 INFO Experiment.PerfCost-0dff: Processed 4250 samples out of 10000, 0 errors
18:12:12,578 INFO Experiment.PerfCost-0dff: Processed 4260 samples out of 10000, 0 errors
18:12:22,700 INFO Experiment.PerfCost-0dff: Processed 4270 samples out of 10000, 0 errors
18:12:32,809 INFO Experiment.PerfCost-0dff: Processed 4280 samples out of 10000, 0 errors
18:12:42,945 INFO Experiment.PerfCost-0dff: Processed 4290 samples out of 10000, 0 errors
18:12:53,55 INFO Experiment.PerfCost-0dff: Processed 4300 samples out of 10000, 0 errors
18:13:03,180 INFO Experiment.PerfCost-0dff: Processed 4310 samples out of 10000, 0 errors
18:13:13,294 INFO Experiment.PerfCost-0dff: Processed 4320 samples out of 10000, 0 errors
18:13:23,411 INFO Experiment.PerfCost-0dff: Processed 4330 samples out of 10000, 0 errors
18:13:33,530 INFO Experiment.PerfCost-0dff: Processed 4340 samples out of 10000, 0 errors
18:13:43,647 INFO Experiment.PerfCost-0dff: Processed 4350 samples out of 10000, 0 errors
18:13:53,752 INFO Experiment.PerfCost-0dff: Processed 4360 samples out of 10000, 0 errors
18:14:03,885 INFO Experiment.PerfCost-0dff: Processed 4370 samples out of 10000, 0 errors
18:14:13,990 INFO Experiment.PerfCost-0dff: Processed 4380 samples out of 10000, 0 errors
18:14:24,111 INFO Experiment.PerfCost-0dff: Processed 4390 samples out of 10000, 0 errors
18:14:34,229 INFO Experiment.PerfCost-0dff: Processed 4400 samples out of 10000, 0 errors
18:14:44,346 INFO Experiment.PerfCost-0dff: Processed 4410 samples out of 10000, 0 errors
18:14:54,474 INFO Experiment.PerfCost-0dff: Processed 4420 samples out of 10000, 0 errors
18:15:04,589 INFO Experiment.PerfCost-0dff: Processed 4430 samples out of 10000, 0 errors
18:15:14,739 INFO Experiment.PerfCost-0dff: Processed 4440 samples out of 10000, 0 errors
18:15:24,856 INFO Experiment.PerfCost-0dff: Processed 4450 samples out of 10000, 0 errors
18:15:34,986 INFO Experiment.PerfCost-0dff: Processed 4460 samples out of 10000, 0 errors
18:15:45,117 INFO Experiment.PerfCost-0dff: Processed 4470 samples out of 10000, 0 errors
18:15:55,240 INFO Experiment.PerfCost-0dff: Processed 4480 samples out of 10000, 0 errors
18:16:05,350 INFO Experiment.PerfCost-0dff: Processed 4490 samples out of 10000, 0 errors
18:16:15,514 INFO Experiment.PerfCost-0dff: Processed 4500 samples out of 10000, 0 errors
18:16:25,639 INFO Experiment.PerfCost-0dff: Processed 4510 samples out of 10000, 0 errors
18:16:35,755 INFO Experiment.PerfCost-0dff: Processed 4520 samples out of 10000, 0 errors
18:16:45,878 INFO Experiment.PerfCost-0dff: Processed 4530 samples out of 10000, 0 errors
18:16:55,994 INFO Experiment.PerfCost-0dff: Processed 4540 samples out of 10000, 0 errors
18:17:06,125 INFO Experiment.PerfCost-0dff: Processed 4550 samples out of 10000, 0 errors
18:17:16,245 INFO Experiment.PerfCost-0dff: Processed 4560 samples out of 10000, 0 errors
18:17:26,370 INFO Experiment.PerfCost-0dff: Processed 4570 samples out of 10000, 0 errors
18:17:36,496 INFO Experiment.PerfCost-0dff: Processed 4580 samples out of 10000, 0 errors
18:17:46,626 INFO Experiment.PerfCost-0dff: Processed 4590 samples out of 10000, 0 errors
18:17:56,754 INFO Experiment.PerfCost-0dff: Processed 4600 samples out of 10000, 0 errors
18:18:06,871 INFO Experiment.PerfCost-0dff: Processed 4610 samples out of 10000, 0 errors
18:18:16,993 INFO Experiment.PerfCost-0dff: Processed 4620 samples out of 10000, 0 errors
18:18:27,130 INFO Experiment.PerfCost-0dff: Processed 4630 samples out of 10000, 0 errors
18:18:37,245 INFO Experiment.PerfCost-0dff: Processed 4640 samples out of 10000, 0 errors
18:18:47,384 INFO Experiment.PerfCost-0dff: Processed 4650 samples out of 10000, 0 errors
18:18:57,503 INFO Experiment.PerfCost-0dff: Processed 4660 samples out of 10000, 0 errors
18:19:07,630 INFO Experiment.PerfCost-0dff: Processed 4670 samples out of 10000, 0 errors
18:19:17,754 INFO Experiment.PerfCost-0dff: Processed 4680 samples out of 10000, 0 errors
18:19:27,867 INFO Experiment.PerfCost-0dff: Processed 4690 samples out of 10000, 0 errors
18:19:37,992 INFO Experiment.PerfCost-0dff: Processed 4700 samples out of 10000, 0 errors
18:19:48,113 INFO Experiment.PerfCost-0dff: Processed 4710 samples out of 10000, 0 errors
18:19:58,239 INFO Experiment.PerfCost-0dff: Processed 4720 samples out of 10000, 0 errors
18:20:08,363 INFO Experiment.PerfCost-0dff: Processed 4730 samples out of 10000, 0 errors
18:20:18,485 INFO Experiment.PerfCost-0dff: Processed 4740 samples out of 10000, 0 errors
18:20:28,613 INFO Experiment.PerfCost-0dff: Processed 4750 samples out of 10000, 0 errors
18:20:38,732 INFO Experiment.PerfCost-0dff: Processed 4760 samples out of 10000, 0 errors
18:20:48,864 INFO Experiment.PerfCost-0dff: Processed 4770 samples out of 10000, 0 errors
18:20:58,984 INFO Experiment.PerfCost-0dff: Processed 4780 samples out of 10000, 0 errors
18:21:09,109 INFO Experiment.PerfCost-0dff: Processed 4790 samples out of 10000, 0 errors
18:21:19,286 INFO Experiment.PerfCost-0dff: Processed 4800 samples out of 10000, 0 errors
18:21:29,407 INFO Experiment.PerfCost-0dff: Processed 4810 samples out of 10000, 0 errors
18:21:39,539 INFO Experiment.PerfCost-0dff: Processed 4820 samples out of 10000, 0 errors
18:21:49,678 INFO Experiment.PerfCost-0dff: Processed 4830 samples out of 10000, 0 errors
18:21:59,799 INFO Experiment.PerfCost-0dff: Processed 4840 samples out of 10000, 0 errors
18:22:09,922 INFO Experiment.PerfCost-0dff: Processed 4850 samples out of 10000, 0 errors
18:22:20,38 INFO Experiment.PerfCost-0dff: Processed 4860 samples out of 10000, 0 errors
18:22:30,168 INFO Experiment.PerfCost-0dff: Processed 4870 samples out of 10000, 0 errors
18:22:40,320 INFO Experiment.PerfCost-0dff: Processed 4880 samples out of 10000, 0 errors
18:22:50,458 INFO Experiment.PerfCost-0dff: Processed 4890 samples out of 10000, 0 errors
18:23:00,573 INFO Experiment.PerfCost-0dff: Processed 4900 samples out of 10000, 0 errors
18:23:10,684 INFO Experiment.PerfCost-0dff: Processed 4910 samples out of 10000, 0 errors
18:23:20,815 INFO Experiment.PerfCost-0dff: Processed 4920 samples out of 10000, 0 errors
18:23:30,937 INFO Experiment.PerfCost-0dff: Processed 4930 samples out of 10000, 0 errors
18:23:41,39 INFO Experiment.PerfCost-0dff: Processed 4940 samples out of 10000, 0 errors
18:23:51,155 INFO Experiment.PerfCost-0dff: Processed 4950 samples out of 10000, 0 errors
18:24:01,272 INFO Experiment.PerfCost-0dff: Processed 4960 samples out of 10000, 0 errors
18:24:11,382 INFO Experiment.PerfCost-0dff: Processed 4970 samples out of 10000, 0 errors
18:24:21,496 INFO Experiment.PerfCost-0dff: Processed 4980 samples out of 10000, 0 errors
18:24:31,611 INFO Experiment.PerfCost-0dff: Processed 4990 samples out of 10000, 0 errors
18:24:41,732 INFO Experiment.PerfCost-0dff: Processed 5000 samples out of 10000, 0 errors
18:24:51,863 INFO Experiment.PerfCost-0dff: Processed 5010 samples out of 10000, 0 errors
18:25:01,968 INFO Experiment.PerfCost-0dff: Processed 5020 samples out of 10000, 0 errors
18:25:12,89 INFO Experiment.PerfCost-0dff: Processed 5030 samples out of 10000, 0 errors
18:25:22,215 INFO Experiment.PerfCost-0dff: Processed 5040 samples out of 10000, 0 errors
18:25:32,333 INFO Experiment.PerfCost-0dff: Processed 5050 samples out of 10000, 0 errors
18:25:42,442 INFO Experiment.PerfCost-0dff: Processed 5060 samples out of 10000, 0 errors
18:25:52,577 INFO Experiment.PerfCost-0dff: Processed 5070 samples out of 10000, 0 errors
18:26:02,685 INFO Experiment.PerfCost-0dff: Processed 5080 samples out of 10000, 0 errors
18:26:12,801 INFO Experiment.PerfCost-0dff: Processed 5090 samples out of 10000, 0 errors
18:26:22,989 INFO Experiment.PerfCost-0dff: Processed 5100 samples out of 10000, 0 errors
18:26:33,107 INFO Experiment.PerfCost-0dff: Processed 5110 samples out of 10000, 0 errors
18:26:43,231 INFO Experiment.PerfCost-0dff: Processed 5120 samples out of 10000, 0 errors
18:26:53,368 INFO Experiment.PerfCost-0dff: Processed 5130 samples out of 10000, 0 errors
18:27:03,520 INFO Experiment.PerfCost-0dff: Processed 5140 samples out of 10000, 0 errors
18:27:13,640 INFO Experiment.PerfCost-0dff: Processed 5150 samples out of 10000, 0 errors
18:27:23,766 INFO Experiment.PerfCost-0dff: Processed 5160 samples out of 10000, 0 errors
18:27:33,879 INFO Experiment.PerfCost-0dff: Processed 5170 samples out of 10000, 0 errors
18:27:44,11 INFO Experiment.PerfCost-0dff: Processed 5180 samples out of 10000, 0 errors
18:27:54,134 INFO Experiment.PerfCost-0dff: Processed 5190 samples out of 10000, 0 errors
18:28:04,257 INFO Experiment.PerfCost-0dff: Processed 5200 samples out of 10000, 0 errors
18:28:14,369 INFO Experiment.PerfCost-0dff: Processed 5210 samples out of 10000, 0 errors
18:28:24,486 INFO Experiment.PerfCost-0dff: Processed 5220 samples out of 10000, 0 errors
18:28:34,596 INFO Experiment.PerfCost-0dff: Processed 5230 samples out of 10000, 0 errors
18:28:44,754 INFO Experiment.PerfCost-0dff: Processed 5240 samples out of 10000, 0 errors
18:28:54,865 INFO Experiment.PerfCost-0dff: Processed 5250 samples out of 10000, 0 errors
18:29:04,982 INFO Experiment.PerfCost-0dff: Processed 5260 samples out of 10000, 0 errors
18:29:15,115 INFO Experiment.PerfCost-0dff: Processed 5270 samples out of 10000, 0 errors
18:29:25,242 INFO Experiment.PerfCost-0dff: Processed 5280 samples out of 10000, 0 errors
18:29:35,364 INFO Experiment.PerfCost-0dff: Processed 5290 samples out of 10000, 0 errors
18:29:45,494 INFO Experiment.PerfCost-0dff: Processed 5300 samples out of 10000, 0 errors
18:29:55,626 INFO Experiment.PerfCost-0dff: Processed 5310 samples out of 10000, 0 errors
18:30:05,741 INFO Experiment.PerfCost-0dff: Processed 5320 samples out of 10000, 0 errors
18:30:15,865 INFO Experiment.PerfCost-0dff: Processed 5330 samples out of 10000, 0 errors
18:30:25,976 INFO Experiment.PerfCost-0dff: Processed 5340 samples out of 10000, 0 errors
18:30:36,108 INFO Experiment.PerfCost-0dff: Processed 5350 samples out of 10000, 0 errors
18:30:46,220 INFO Experiment.PerfCost-0dff: Processed 5360 samples out of 10000, 0 errors
18:30:56,341 INFO Experiment.PerfCost-0dff: Processed 5370 samples out of 10000, 0 errors
18:31:06,469 INFO Experiment.PerfCost-0dff: Processed 5380 samples out of 10000, 0 errors
18:31:16,600 INFO Experiment.PerfCost-0dff: Processed 5390 samples out of 10000, 0 errors
18:31:26,795 INFO Experiment.PerfCost-0dff: Processed 5400 samples out of 10000, 0 errors
18:31:36,923 INFO Experiment.PerfCost-0dff: Processed 5410 samples out of 10000, 0 errors
18:31:47,59 INFO Experiment.PerfCost-0dff: Processed 5420 samples out of 10000, 0 errors
18:31:57,187 INFO Experiment.PerfCost-0dff: Processed 5430 samples out of 10000, 0 errors
18:32:07,318 INFO Experiment.PerfCost-0dff: Processed 5440 samples out of 10000, 0 errors
18:32:17,446 INFO Experiment.PerfCost-0dff: Processed 5450 samples out of 10000, 0 errors
18:32:27,577 INFO Experiment.PerfCost-0dff: Processed 5460 samples out of 10000, 0 errors
18:32:37,695 INFO Experiment.PerfCost-0dff: Processed 5470 samples out of 10000, 0 errors
18:32:47,806 INFO Experiment.PerfCost-0dff: Processed 5480 samples out of 10000, 0 errors
18:32:57,937 INFO Experiment.PerfCost-0dff: Processed 5490 samples out of 10000, 0 errors
18:33:08,70 INFO Experiment.PerfCost-0dff: Processed 5500 samples out of 10000, 0 errors
18:33:18,222 INFO Experiment.PerfCost-0dff: Processed 5510 samples out of 10000, 0 errors
18:33:28,357 INFO Experiment.PerfCost-0dff: Processed 5520 samples out of 10000, 0 errors
18:33:38,474 INFO Experiment.PerfCost-0dff: Processed 5530 samples out of 10000, 0 errors
18:33:48,597 INFO Experiment.PerfCost-0dff: Processed 5540 samples out of 10000, 0 errors
18:33:58,732 INFO Experiment.PerfCost-0dff: Processed 5550 samples out of 10000, 0 errors
18:34:08,854 INFO Experiment.PerfCost-0dff: Processed 5560 samples out of 10000, 0 errors
18:34:18,961 INFO Experiment.PerfCost-0dff: Processed 5570 samples out of 10000, 0 errors
18:34:29,89 INFO Experiment.PerfCost-0dff: Processed 5580 samples out of 10000, 0 errors
18:34:39,216 INFO Experiment.PerfCost-0dff: Processed 5590 samples out of 10000, 0 errors
18:34:49,329 INFO Experiment.PerfCost-0dff: Processed 5600 samples out of 10000, 0 errors
18:34:59,483 INFO Experiment.PerfCost-0dff: Processed 5610 samples out of 10000, 0 errors
18:35:09,597 INFO Experiment.PerfCost-0dff: Processed 5620 samples out of 10000, 0 errors
18:35:19,738 INFO Experiment.PerfCost-0dff: Processed 5630 samples out of 10000, 0 errors
18:35:29,851 INFO Experiment.PerfCost-0dff: Processed 5640 samples out of 10000, 0 errors
18:35:39,994 INFO Experiment.PerfCost-0dff: Processed 5650 samples out of 10000, 0 errors
18:35:50,116 INFO Experiment.PerfCost-0dff: Processed 5660 samples out of 10000, 0 errors
18:36:00,232 INFO Experiment.PerfCost-0dff: Processed 5670 samples out of 10000, 0 errors
18:36:10,396 INFO Experiment.PerfCost-0dff: Processed 5680 samples out of 10000, 0 errors
18:36:20,505 INFO Experiment.PerfCost-0dff: Processed 5690 samples out of 10000, 0 errors
18:36:30,701 INFO Experiment.PerfCost-0dff: Processed 5700 samples out of 10000, 0 errors
18:36:40,984 INFO Experiment.PerfCost-0dff: Processed 5710 samples out of 10000, 0 errors
18:36:51,101 INFO Experiment.PerfCost-0dff: Processed 5720 samples out of 10000, 0 errors
18:37:01,235 INFO Experiment.PerfCost-0dff: Processed 5730 samples out of 10000, 0 errors
18:37:11,369 INFO Experiment.PerfCost-0dff: Processed 5740 samples out of 10000, 0 errors
18:37:21,500 INFO Experiment.PerfCost-0dff: Processed 5750 samples out of 10000, 0 errors
18:37:31,639 INFO Experiment.PerfCost-0dff: Processed 5760 samples out of 10000, 0 errors
18:37:41,762 INFO Experiment.PerfCost-0dff: Processed 5770 samples out of 10000, 0 errors
18:37:51,881 INFO Experiment.PerfCost-0dff: Processed 5780 samples out of 10000, 0 errors
18:38:02,1 INFO Experiment.PerfCost-0dff: Processed 5790 samples out of 10000, 0 errors
18:38:12,116 INFO Experiment.PerfCost-0dff: Processed 5800 samples out of 10000, 0 errors
18:38:22,232 INFO Experiment.PerfCost-0dff: Processed 5810 samples out of 10000, 0 errors
18:38:32,345 INFO Experiment.PerfCost-0dff: Processed 5820 samples out of 10000, 0 errors
18:38:42,493 INFO Experiment.PerfCost-0dff: Processed 5830 samples out of 10000, 0 errors
18:38:52,639 INFO Experiment.PerfCost-0dff: Processed 5840 samples out of 10000, 0 errors
18:39:02,776 INFO Experiment.PerfCost-0dff: Processed 5850 samples out of 10000, 0 errors
18:39:12,908 INFO Experiment.PerfCost-0dff: Processed 5860 samples out of 10000, 0 errors
18:39:23,45 INFO Experiment.PerfCost-0dff: Processed 5870 samples out of 10000, 0 errors
18:39:33,198 INFO Experiment.PerfCost-0dff: Processed 5880 samples out of 10000, 0 errors
18:39:43,327 INFO Experiment.PerfCost-0dff: Processed 5890 samples out of 10000, 0 errors
18:39:53,480 INFO Experiment.PerfCost-0dff: Processed 5900 samples out of 10000, 0 errors
18:40:03,600 INFO Experiment.PerfCost-0dff: Processed 5910 samples out of 10000, 0 errors
18:40:13,762 INFO Experiment.PerfCost-0dff: Processed 5920 samples out of 10000, 0 errors
18:40:23,873 INFO Experiment.PerfCost-0dff: Processed 5930 samples out of 10000, 0 errors
18:40:33,996 INFO Experiment.PerfCost-0dff: Processed 5940 samples out of 10000, 0 errors
18:40:44,128 INFO Experiment.PerfCost-0dff: Processed 5950 samples out of 10000, 0 errors
18:40:54,246 INFO Experiment.PerfCost-0dff: Processed 5960 samples out of 10000, 0 errors
18:41:04,370 INFO Experiment.PerfCost-0dff: Processed 5970 samples out of 10000, 0 errors
18:41:14,493 INFO Experiment.PerfCost-0dff: Processed 5980 samples out of 10000, 0 errors
18:41:24,663 INFO Experiment.PerfCost-0dff: Processed 5990 samples out of 10000, 0 errors
18:41:34,815 INFO Experiment.PerfCost-0dff: Processed 6000 samples out of 10000, 0 errors
18:41:44,947 INFO Experiment.PerfCost-0dff: Processed 6010 samples out of 10000, 0 errors
18:41:55,82 INFO Experiment.PerfCost-0dff: Processed 6020 samples out of 10000, 0 errors
18:42:05,211 INFO Experiment.PerfCost-0dff: Processed 6030 samples out of 10000, 0 errors
18:42:15,352 INFO Experiment.PerfCost-0dff: Processed 6040 samples out of 10000, 0 errors
18:42:25,475 INFO Experiment.PerfCost-0dff: Processed 6050 samples out of 10000, 0 errors
18:42:35,601 INFO Experiment.PerfCost-0dff: Processed 6060 samples out of 10000, 0 errors
18:42:45,719 INFO Experiment.PerfCost-0dff: Processed 6070 samples out of 10000, 0 errors
18:42:55,850 INFO Experiment.PerfCost-0dff: Processed 6080 samples out of 10000, 0 errors
18:43:05,967 INFO Experiment.PerfCost-0dff: Processed 6090 samples out of 10000, 0 errors
18:43:16,90 INFO Experiment.PerfCost-0dff: Processed 6100 samples out of 10000, 0 errors
18:43:26,199 INFO Experiment.PerfCost-0dff: Processed 6110 samples out of 10000, 0 errors
18:43:36,316 INFO Experiment.PerfCost-0dff: Processed 6120 samples out of 10000, 0 errors
18:43:46,501 INFO Experiment.PerfCost-0dff: Processed 6130 samples out of 10000, 0 errors
18:43:56,630 INFO Experiment.PerfCost-0dff: Processed 6140 samples out of 10000, 0 errors
18:44:06,756 INFO Experiment.PerfCost-0dff: Processed 6150 samples out of 10000, 0 errors
18:44:16,880 INFO Experiment.PerfCost-0dff: Processed 6160 samples out of 10000, 0 errors
18:44:26,997 INFO Experiment.PerfCost-0dff: Processed 6170 samples out of 10000, 0 errors
18:44:37,136 INFO Experiment.PerfCost-0dff: Processed 6180 samples out of 10000, 0 errors
18:44:47,261 INFO Experiment.PerfCost-0dff: Processed 6190 samples out of 10000, 0 errors
18:44:57,387 INFO Experiment.PerfCost-0dff: Processed 6200 samples out of 10000, 0 errors
18:45:07,515 INFO Experiment.PerfCost-0dff: Processed 6210 samples out of 10000, 0 errors
18:45:17,645 INFO Experiment.PerfCost-0dff: Processed 6220 samples out of 10000, 0 errors
18:45:27,773 INFO Experiment.PerfCost-0dff: Processed 6230 samples out of 10000, 0 errors
18:45:37,921 INFO Experiment.PerfCost-0dff: Processed 6240 samples out of 10000, 0 errors
18:45:48,30 INFO Experiment.PerfCost-0dff: Processed 6250 samples out of 10000, 0 errors
18:45:58,161 INFO Experiment.PerfCost-0dff: Processed 6260 samples out of 10000, 0 errors
18:46:08,305 INFO Experiment.PerfCost-0dff: Processed 6270 samples out of 10000, 0 errors
18:46:18,430 INFO Experiment.PerfCost-0dff: Processed 6280 samples out of 10000, 0 errors
18:46:28,568 INFO Experiment.PerfCost-0dff: Processed 6290 samples out of 10000, 0 errors
18:46:38,786 INFO Experiment.PerfCost-0dff: Processed 6300 samples out of 10000, 0 errors
18:46:48,903 INFO Experiment.PerfCost-0dff: Processed 6310 samples out of 10000, 0 errors
18:46:59,32 INFO Experiment.PerfCost-0dff: Processed 6320 samples out of 10000, 0 errors
18:47:09,158 INFO Experiment.PerfCost-0dff: Processed 6330 samples out of 10000, 0 errors
18:47:19,277 INFO Experiment.PerfCost-0dff: Processed 6340 samples out of 10000, 0 errors
18:47:29,404 INFO Experiment.PerfCost-0dff: Processed 6350 samples out of 10000, 0 errors
18:47:39,588 INFO Experiment.PerfCost-0dff: Processed 6360 samples out of 10000, 0 errors
18:47:49,714 INFO Experiment.PerfCost-0dff: Processed 6370 samples out of 10000, 0 errors
18:47:59,820 INFO Experiment.PerfCost-0dff: Processed 6380 samples out of 10000, 0 errors
18:48:09,937 INFO Experiment.PerfCost-0dff: Processed 6390 samples out of 10000, 0 errors
18:48:20,60 INFO Experiment.PerfCost-0dff: Processed 6400 samples out of 10000, 0 errors
18:48:30,192 INFO Experiment.PerfCost-0dff: Processed 6410 samples out of 10000, 0 errors
18:48:40,318 INFO Experiment.PerfCost-0dff: Processed 6420 samples out of 10000, 0 errors
18:48:50,452 INFO Experiment.PerfCost-0dff: Processed 6430 samples out of 10000, 0 errors
18:49:00,599 INFO Experiment.PerfCost-0dff: Processed 6440 samples out of 10000, 0 errors
18:49:10,735 INFO Experiment.PerfCost-0dff: Processed 6450 samples out of 10000, 0 errors
18:49:20,864 INFO Experiment.PerfCost-0dff: Processed 6460 samples out of 10000, 0 errors
18:49:31,0 INFO Experiment.PerfCost-0dff: Processed 6470 samples out of 10000, 0 errors
18:49:41,116 INFO Experiment.PerfCost-0dff: Processed 6480 samples out of 10000, 0 errors
18:49:51,237 INFO Experiment.PerfCost-0dff: Processed 6490 samples out of 10000, 0 errors
18:50:01,396 INFO Experiment.PerfCost-0dff: Processed 6500 samples out of 10000, 0 errors
18:50:11,522 INFO Experiment.PerfCost-0dff: Processed 6510 samples out of 10000, 0 errors
18:50:21,660 INFO Experiment.PerfCost-0dff: Processed 6520 samples out of 10000, 0 errors
18:50:31,801 INFO Experiment.PerfCost-0dff: Processed 6530 samples out of 10000, 0 errors
18:50:41,945 INFO Experiment.PerfCost-0dff: Processed 6540 samples out of 10000, 0 errors
18:50:52,67 INFO Experiment.PerfCost-0dff: Processed 6550 samples out of 10000, 0 errors
18:51:02,195 INFO Experiment.PerfCost-0dff: Processed 6560 samples out of 10000, 0 errors
18:51:12,323 INFO Experiment.PerfCost-0dff: Processed 6570 samples out of 10000, 0 errors
18:51:22,451 INFO Experiment.PerfCost-0dff: Processed 6580 samples out of 10000, 0 errors
18:51:32,579 INFO Experiment.PerfCost-0dff: Processed 6590 samples out of 10000, 0 errors
18:51:42,756 INFO Experiment.PerfCost-0dff: Processed 6600 samples out of 10000, 0 errors
18:51:52,884 INFO Experiment.PerfCost-0dff: Processed 6610 samples out of 10000, 0 errors
18:52:03,16 INFO Experiment.PerfCost-0dff: Processed 6620 samples out of 10000, 0 errors
18:52:13,146 INFO Experiment.PerfCost-0dff: Processed 6630 samples out of 10000, 0 errors
18:52:23,271 INFO Experiment.PerfCost-0dff: Processed 6640 samples out of 10000, 0 errors
18:52:33,410 INFO Experiment.PerfCost-0dff: Processed 6650 samples out of 10000, 0 errors
18:52:43,538 INFO Experiment.PerfCost-0dff: Processed 6660 samples out of 10000, 0 errors
18:52:53,664 INFO Experiment.PerfCost-0dff: Processed 6670 samples out of 10000, 0 errors
18:53:03,786 INFO Experiment.PerfCost-0dff: Processed 6680 samples out of 10000, 0 errors
18:53:13,906 INFO Experiment.PerfCost-0dff: Processed 6690 samples out of 10000, 0 errors
18:53:24,40 INFO Experiment.PerfCost-0dff: Processed 6700 samples out of 10000, 0 errors
18:53:34,174 INFO Experiment.PerfCost-0dff: Processed 6710 samples out of 10000, 0 errors
18:53:44,311 INFO Experiment.PerfCost-0dff: Processed 6720 samples out of 10000, 0 errors
18:53:54,439 INFO Experiment.PerfCost-0dff: Processed 6730 samples out of 10000, 0 errors
18:54:04,565 INFO Experiment.PerfCost-0dff: Processed 6740 samples out of 10000, 0 errors
18:54:14,700 INFO Experiment.PerfCost-0dff: Processed 6750 samples out of 10000, 0 errors
18:54:24,811 INFO Experiment.PerfCost-0dff: Processed 6760 samples out of 10000, 0 errors
18:54:34,952 INFO Experiment.PerfCost-0dff: Processed 6770 samples out of 10000, 0 errors
18:54:45,78 INFO Experiment.PerfCost-0dff: Processed 6780 samples out of 10000, 0 errors
18:54:55,220 INFO Experiment.PerfCost-0dff: Processed 6790 samples out of 10000, 0 errors
18:55:05,351 INFO Experiment.PerfCost-0dff: Processed 6800 samples out of 10000, 0 errors
18:55:15,497 INFO Experiment.PerfCost-0dff: Processed 6810 samples out of 10000, 0 errors
18:55:25,627 INFO Experiment.PerfCost-0dff: Processed 6820 samples out of 10000, 0 errors
18:55:35,760 INFO Experiment.PerfCost-0dff: Processed 6830 samples out of 10000, 0 errors
18:55:45,891 INFO Experiment.PerfCost-0dff: Processed 6840 samples out of 10000, 0 errors
18:55:56,9 INFO Experiment.PerfCost-0dff: Processed 6850 samples out of 10000, 0 errors
18:56:06,146 INFO Experiment.PerfCost-0dff: Processed 6860 samples out of 10000, 0 errors
18:56:16,271 INFO Experiment.PerfCost-0dff: Processed 6870 samples out of 10000, 0 errors
18:56:26,398 INFO Experiment.PerfCost-0dff: Processed 6880 samples out of 10000, 0 errors
18:56:36,524 INFO Experiment.PerfCost-0dff: Processed 6890 samples out of 10000, 0 errors
18:56:46,704 INFO Experiment.PerfCost-0dff: Processed 6900 samples out of 10000, 0 errors
18:56:56,834 INFO Experiment.PerfCost-0dff: Processed 6910 samples out of 10000, 0 errors
18:57:06,973 INFO Experiment.PerfCost-0dff: Processed 6920 samples out of 10000, 0 errors
18:57:17,102 INFO Experiment.PerfCost-0dff: Processed 6930 samples out of 10000, 0 errors
18:57:27,238 INFO Experiment.PerfCost-0dff: Processed 6940 samples out of 10000, 0 errors
18:57:37,373 INFO Experiment.PerfCost-0dff: Processed 6950 samples out of 10000, 0 errors
18:57:47,504 INFO Experiment.PerfCost-0dff: Processed 6960 samples out of 10000, 0 errors
18:57:57,640 INFO Experiment.PerfCost-0dff: Processed 6970 samples out of 10000, 0 errors
18:58:07,777 INFO Experiment.PerfCost-0dff: Processed 6980 samples out of 10000, 0 errors
18:58:17,903 INFO Experiment.PerfCost-0dff: Processed 6990 samples out of 10000, 0 errors
18:58:28,23 INFO Experiment.PerfCost-0dff: Processed 7000 samples out of 10000, 0 errors
18:58:38,162 INFO Experiment.PerfCost-0dff: Processed 7010 samples out of 10000, 0 errors
18:58:48,299 INFO Experiment.PerfCost-0dff: Processed 7020 samples out of 10000, 0 errors
18:58:58,432 INFO Experiment.PerfCost-0dff: Processed 7030 samples out of 10000, 0 errors
18:59:08,560 INFO Experiment.PerfCost-0dff: Processed 7040 samples out of 10000, 0 errors
18:59:18,686 INFO Experiment.PerfCost-0dff: Processed 7050 samples out of 10000, 0 errors
18:59:28,807 INFO Experiment.PerfCost-0dff: Processed 7060 samples out of 10000, 0 errors
18:59:38,924 INFO Experiment.PerfCost-0dff: Processed 7070 samples out of 10000, 0 errors
18:59:49,70 INFO Experiment.PerfCost-0dff: Processed 7080 samples out of 10000, 0 errors
18:59:59,197 INFO Experiment.PerfCost-0dff: Processed 7090 samples out of 10000, 0 errors
19:00:09,319 INFO Experiment.PerfCost-0dff: Processed 7100 samples out of 10000, 0 errors
19:00:19,450 INFO Experiment.PerfCost-0dff: Processed 7110 samples out of 10000, 0 errors
19:00:29,573 INFO Experiment.PerfCost-0dff: Processed 7120 samples out of 10000, 0 errors
19:00:39,710 INFO Experiment.PerfCost-0dff: Processed 7130 samples out of 10000, 0 errors
19:00:49,833 INFO Experiment.PerfCost-0dff: Processed 7140 samples out of 10000, 0 errors
19:00:59,973 INFO Experiment.PerfCost-0dff: Processed 7150 samples out of 10000, 0 errors
19:01:10,108 INFO Experiment.PerfCost-0dff: Processed 7160 samples out of 10000, 0 errors
19:01:20,235 INFO Experiment.PerfCost-0dff: Processed 7170 samples out of 10000, 0 errors
19:01:30,373 INFO Experiment.PerfCost-0dff: Processed 7180 samples out of 10000, 0 errors
19:01:40,502 INFO Experiment.PerfCost-0dff: Processed 7190 samples out of 10000, 0 errors
19:01:50,692 INFO Experiment.PerfCost-0dff: Processed 7200 samples out of 10000, 0 errors
19:02:00,824 INFO Experiment.PerfCost-0dff: Processed 7210 samples out of 10000, 0 errors
19:02:10,951 INFO Experiment.PerfCost-0dff: Processed 7220 samples out of 10000, 0 errors
19:02:21,72 INFO Experiment.PerfCost-0dff: Processed 7230 samples out of 10000, 0 errors
19:02:31,206 INFO Experiment.PerfCost-0dff: Processed 7240 samples out of 10000, 0 errors
19:02:41,330 INFO Experiment.PerfCost-0dff: Processed 7250 samples out of 10000, 0 errors
19:02:51,465 INFO Experiment.PerfCost-0dff: Processed 7260 samples out of 10000, 0 errors
19:03:01,588 INFO Experiment.PerfCost-0dff: Processed 7270 samples out of 10000, 0 errors
19:03:11,712 INFO Experiment.PerfCost-0dff: Processed 7280 samples out of 10000, 0 errors
19:03:21,841 INFO Experiment.PerfCost-0dff: Processed 7290 samples out of 10000, 0 errors
19:03:31,963 INFO Experiment.PerfCost-0dff: Processed 7300 samples out of 10000, 0 errors
19:03:42,95 INFO Experiment.PerfCost-0dff: Processed 7310 samples out of 10000, 0 errors
19:03:52,237 INFO Experiment.PerfCost-0dff: Processed 7320 samples out of 10000, 0 errors
19:04:02,371 INFO Experiment.PerfCost-0dff: Processed 7330 samples out of 10000, 0 errors
19:04:12,506 INFO Experiment.PerfCost-0dff: Processed 7340 samples out of 10000, 0 errors
19:04:22,644 INFO Experiment.PerfCost-0dff: Processed 7350 samples out of 10000, 0 errors
19:04:32,783 INFO Experiment.PerfCost-0dff: Processed 7360 samples out of 10000, 0 errors
19:04:42,920 INFO Experiment.PerfCost-0dff: Processed 7370 samples out of 10000, 0 errors
19:04:53,42 INFO Experiment.PerfCost-0dff: Processed 7380 samples out of 10000, 0 errors
19:05:03,178 INFO Experiment.PerfCost-0dff: Processed 7390 samples out of 10000, 0 errors
19:05:13,317 INFO Experiment.PerfCost-0dff: Processed 7400 samples out of 10000, 0 errors
19:05:23,446 INFO Experiment.PerfCost-0dff: Processed 7410 samples out of 10000, 0 errors
19:05:33,567 INFO Experiment.PerfCost-0dff: Processed 7420 samples out of 10000, 0 errors
19:05:43,702 INFO Experiment.PerfCost-0dff: Processed 7430 samples out of 10000, 0 errors
19:05:53,830 INFO Experiment.PerfCost-0dff: Processed 7440 samples out of 10000, 0 errors
19:06:03,956 INFO Experiment.PerfCost-0dff: Processed 7450 samples out of 10000, 0 errors
19:06:14,89 INFO Experiment.PerfCost-0dff: Processed 7460 samples out of 10000, 0 errors
19:06:24,217 INFO Experiment.PerfCost-0dff: Processed 7470 samples out of 10000, 0 errors
19:06:34,343 INFO Experiment.PerfCost-0dff: Processed 7480 samples out of 10000, 0 errors
19:06:44,478 INFO Experiment.PerfCost-0dff: Processed 7490 samples out of 10000, 0 errors
19:06:54,675 INFO Experiment.PerfCost-0dff: Processed 7500 samples out of 10000, 0 errors
19:07:04,811 INFO Experiment.PerfCost-0dff: Processed 7510 samples out of 10000, 0 errors
19:07:14,942 INFO Experiment.PerfCost-0dff: Processed 7520 samples out of 10000, 0 errors
19:07:25,68 INFO Experiment.PerfCost-0dff: Processed 7530 samples out of 10000, 0 errors
19:07:35,196 INFO Experiment.PerfCost-0dff: Processed 7540 samples out of 10000, 0 errors
19:07:45,333 INFO Experiment.PerfCost-0dff: Processed 7550 samples out of 10000, 0 errors
19:07:55,463 INFO Experiment.PerfCost-0dff: Processed 7560 samples out of 10000, 0 errors
19:08:05,608 INFO Experiment.PerfCost-0dff: Processed 7570 samples out of 10000, 0 errors
19:08:15,755 INFO Experiment.PerfCost-0dff: Processed 7580 samples out of 10000, 0 errors
19:08:25,891 INFO Experiment.PerfCost-0dff: Processed 7590 samples out of 10000, 0 errors
19:08:36,23 INFO Experiment.PerfCost-0dff: Processed 7600 samples out of 10000, 0 errors
19:08:46,165 INFO Experiment.PerfCost-0dff: Processed 7610 samples out of 10000, 0 errors
19:08:56,284 INFO Experiment.PerfCost-0dff: Processed 7620 samples out of 10000, 0 errors
19:09:06,413 INFO Experiment.PerfCost-0dff: Processed 7630 samples out of 10000, 0 errors
19:09:16,542 INFO Experiment.PerfCost-0dff: Processed 7640 samples out of 10000, 0 errors
19:09:26,665 INFO Experiment.PerfCost-0dff: Processed 7650 samples out of 10000, 0 errors
19:09:36,801 INFO Experiment.PerfCost-0dff: Processed 7660 samples out of 10000, 0 errors
19:09:46,941 INFO Experiment.PerfCost-0dff: Processed 7670 samples out of 10000, 0 errors
19:09:57,83 INFO Experiment.PerfCost-0dff: Processed 7680 samples out of 10000, 0 errors
19:10:07,214 INFO Experiment.PerfCost-0dff: Processed 7690 samples out of 10000, 0 errors
19:10:17,348 INFO Experiment.PerfCost-0dff: Processed 7700 samples out of 10000, 0 errors
19:10:27,494 INFO Experiment.PerfCost-0dff: Processed 7710 samples out of 10000, 0 errors
19:10:37,641 INFO Experiment.PerfCost-0dff: Processed 7720 samples out of 10000, 0 errors
19:10:47,777 INFO Experiment.PerfCost-0dff: Processed 7730 samples out of 10000, 0 errors
19:10:57,901 INFO Experiment.PerfCost-0dff: Processed 7740 samples out of 10000, 0 errors
19:11:08,37 INFO Experiment.PerfCost-0dff: Processed 7750 samples out of 10000, 0 errors
19:11:18,164 INFO Experiment.PerfCost-0dff: Processed 7760 samples out of 10000, 0 errors
19:11:28,290 INFO Experiment.PerfCost-0dff: Processed 7770 samples out of 10000, 0 errors
19:11:38,432 INFO Experiment.PerfCost-0dff: Processed 7780 samples out of 10000, 0 errors
19:11:48,583 INFO Experiment.PerfCost-0dff: Processed 7790 samples out of 10000, 0 errors
19:11:58,759 INFO Experiment.PerfCost-0dff: Processed 7800 samples out of 10000, 0 errors
19:12:08,901 INFO Experiment.PerfCost-0dff: Processed 7810 samples out of 10000, 0 errors
19:12:19,25 INFO Experiment.PerfCost-0dff: Processed 7820 samples out of 10000, 0 errors
19:12:29,163 INFO Experiment.PerfCost-0dff: Processed 7830 samples out of 10000, 0 errors
19:12:39,287 INFO Experiment.PerfCost-0dff: Processed 7840 samples out of 10000, 0 errors
19:12:49,413 INFO Experiment.PerfCost-0dff: Processed 7850 samples out of 10000, 0 errors
19:12:59,549 INFO Experiment.PerfCost-0dff: Processed 7860 samples out of 10000, 0 errors
19:13:09,669 INFO Experiment.PerfCost-0dff: Processed 7870 samples out of 10000, 0 errors
19:13:19,796 INFO Experiment.PerfCost-0dff: Processed 7880 samples out of 10000, 0 errors
19:13:29,921 INFO Experiment.PerfCost-0dff: Processed 7890 samples out of 10000, 0 errors
19:13:40,56 INFO Experiment.PerfCost-0dff: Processed 7900 samples out of 10000, 0 errors
19:13:50,193 INFO Experiment.PerfCost-0dff: Processed 7910 samples out of 10000, 0 errors
19:14:00,328 INFO Experiment.PerfCost-0dff: Processed 7920 samples out of 10000, 0 errors
19:14:10,470 INFO Experiment.PerfCost-0dff: Processed 7930 samples out of 10000, 0 errors
19:14:20,614 INFO Experiment.PerfCost-0dff: Processed 7940 samples out of 10000, 0 errors
19:14:30,752 INFO Experiment.PerfCost-0dff: Processed 7950 samples out of 10000, 0 errors
19:14:40,881 INFO Experiment.PerfCost-0dff: Processed 7960 samples out of 10000, 0 errors
19:14:51,13 INFO Experiment.PerfCost-0dff: Processed 7970 samples out of 10000, 0 errors
19:15:01,142 INFO Experiment.PerfCost-0dff: Processed 7980 samples out of 10000, 0 errors
19:15:11,270 INFO Experiment.PerfCost-0dff: Processed 7990 samples out of 10000, 0 errors
19:15:21,409 INFO Experiment.PerfCost-0dff: Processed 8000 samples out of 10000, 0 errors
19:15:31,536 INFO Experiment.PerfCost-0dff: Processed 8010 samples out of 10000, 0 errors
19:15:41,672 INFO Experiment.PerfCost-0dff: Processed 8020 samples out of 10000, 0 errors
19:15:51,798 INFO Experiment.PerfCost-0dff: Processed 8030 samples out of 10000, 0 errors
19:16:01,927 INFO Experiment.PerfCost-0dff: Processed 8040 samples out of 10000, 0 errors
19:16:12,63 INFO Experiment.PerfCost-0dff: Processed 8050 samples out of 10000, 0 errors
19:16:22,204 INFO Experiment.PerfCost-0dff: Processed 8060 samples out of 10000, 0 errors
19:16:32,342 INFO Experiment.PerfCost-0dff: Processed 8070 samples out of 10000, 0 errors
19:16:42,473 INFO Experiment.PerfCost-0dff: Processed 8080 samples out of 10000, 0 errors
19:16:52,612 INFO Experiment.PerfCost-0dff: Processed 8090 samples out of 10000, 0 errors
19:17:02,792 INFO Experiment.PerfCost-0dff: Processed 8100 samples out of 10000, 0 errors
19:17:12,919 INFO Experiment.PerfCost-0dff: Processed 8110 samples out of 10000, 0 errors
19:17:23,48 INFO Experiment.PerfCost-0dff: Processed 8120 samples out of 10000, 0 errors
19:17:33,177 INFO Experiment.PerfCost-0dff: Processed 8130 samples out of 10000, 0 errors
19:17:43,316 INFO Experiment.PerfCost-0dff: Processed 8140 samples out of 10000, 0 errors
19:17:53,445 INFO Experiment.PerfCost-0dff: Processed 8150 samples out of 10000, 0 errors
19:18:03,579 INFO Experiment.PerfCost-0dff: Processed 8160 samples out of 10000, 0 errors
19:18:13,730 INFO Experiment.PerfCost-0dff: Processed 8170 samples out of 10000, 0 errors
19:18:23,849 INFO Experiment.PerfCost-0dff: Processed 8180 samples out of 10000, 0 errors
19:18:33,981 INFO Experiment.PerfCost-0dff: Processed 8190 samples out of 10000, 0 errors
19:18:44,119 INFO Experiment.PerfCost-0dff: Processed 8200 samples out of 10000, 0 errors
19:18:54,253 INFO Experiment.PerfCost-0dff: Processed 8210 samples out of 10000, 0 errors
19:19:04,382 INFO Experiment.PerfCost-0dff: Processed 8220 samples out of 10000, 0 errors
19:19:14,510 INFO Experiment.PerfCost-0dff: Processed 8230 samples out of 10000, 0 errors
19:19:24,708 INFO Experiment.PerfCost-0dff: Processed 8240 samples out of 10000, 0 errors
19:19:34,842 INFO Experiment.PerfCost-0dff: Processed 8250 samples out of 10000, 0 errors
19:19:44,982 INFO Experiment.PerfCost-0dff: Processed 8260 samples out of 10000, 0 errors
19:19:55,113 INFO Experiment.PerfCost-0dff: Processed 8270 samples out of 10000, 0 errors
19:20:05,245 INFO Experiment.PerfCost-0dff: Processed 8280 samples out of 10000, 0 errors
19:20:15,377 INFO Experiment.PerfCost-0dff: Processed 8290 samples out of 10000, 0 errors
19:20:25,515 INFO Experiment.PerfCost-0dff: Processed 8300 samples out of 10000, 0 errors
19:20:35,657 INFO Experiment.PerfCost-0dff: Processed 8310 samples out of 10000, 0 errors
19:20:45,774 INFO Experiment.PerfCost-0dff: Processed 8320 samples out of 10000, 0 errors
19:20:55,902 INFO Experiment.PerfCost-0dff: Processed 8330 samples out of 10000, 0 errors
19:21:06,27 INFO Experiment.PerfCost-0dff: Processed 8340 samples out of 10000, 0 errors
19:21:16,158 INFO Experiment.PerfCost-0dff: Processed 8350 samples out of 10000, 0 errors
19:21:26,288 INFO Experiment.PerfCost-0dff: Processed 8360 samples out of 10000, 0 errors
19:21:36,420 INFO Experiment.PerfCost-0dff: Processed 8370 samples out of 10000, 0 errors
19:21:46,551 INFO Experiment.PerfCost-0dff: Processed 8380 samples out of 10000, 0 errors
19:21:56,677 INFO Experiment.PerfCost-0dff: Processed 8390 samples out of 10000, 0 errors
19:22:06,859 INFO Experiment.PerfCost-0dff: Processed 8400 samples out of 10000, 0 errors
19:22:16,985 INFO Experiment.PerfCost-0dff: Processed 8410 samples out of 10000, 0 errors
19:22:27,102 INFO Experiment.PerfCost-0dff: Processed 8420 samples out of 10000, 0 errors
19:22:37,228 INFO Experiment.PerfCost-0dff: Processed 8430 samples out of 10000, 0 errors
19:22:47,365 INFO Experiment.PerfCost-0dff: Processed 8440 samples out of 10000, 0 errors
19:22:57,494 INFO Experiment.PerfCost-0dff: Processed 8450 samples out of 10000, 0 errors
19:23:07,634 INFO Experiment.PerfCost-0dff: Processed 8460 samples out of 10000, 0 errors
19:23:17,763 INFO Experiment.PerfCost-0dff: Processed 8470 samples out of 10000, 0 errors
19:23:27,879 INFO Experiment.PerfCost-0dff: Processed 8480 samples out of 10000, 0 errors
19:23:38,5 INFO Experiment.PerfCost-0dff: Processed 8490 samples out of 10000, 0 errors
19:23:48,129 INFO Experiment.PerfCost-0dff: Processed 8500 samples out of 10000, 0 errors
19:23:58,260 INFO Experiment.PerfCost-0dff: Processed 8510 samples out of 10000, 0 errors
19:24:08,405 INFO Experiment.PerfCost-0dff: Processed 8520 samples out of 10000, 0 errors
19:24:18,539 INFO Experiment.PerfCost-0dff: Processed 8530 samples out of 10000, 0 errors
19:24:28,669 INFO Experiment.PerfCost-0dff: Processed 8540 samples out of 10000, 0 errors
19:24:38,801 INFO Experiment.PerfCost-0dff: Processed 8550 samples out of 10000, 0 errors
19:24:48,927 INFO Experiment.PerfCost-0dff: Processed 8560 samples out of 10000, 0 errors
19:24:59,55 INFO Experiment.PerfCost-0dff: Processed 8570 samples out of 10000, 0 errors
19:25:09,190 INFO Experiment.PerfCost-0dff: Processed 8580 samples out of 10000, 0 errors
19:25:19,312 INFO Experiment.PerfCost-0dff: Processed 8590 samples out of 10000, 0 errors
19:25:29,450 INFO Experiment.PerfCost-0dff: Processed 8600 samples out of 10000, 0 errors
19:25:39,577 INFO Experiment.PerfCost-0dff: Processed 8610 samples out of 10000, 0 errors
19:25:49,715 INFO Experiment.PerfCost-0dff: Processed 8620 samples out of 10000, 0 errors
19:25:59,837 INFO Experiment.PerfCost-0dff: Processed 8630 samples out of 10000, 0 errors
19:26:09,979 INFO Experiment.PerfCost-0dff: Processed 8640 samples out of 10000, 0 errors
19:26:20,116 INFO Experiment.PerfCost-0dff: Processed 8650 samples out of 10000, 0 errors
19:26:30,237 INFO Experiment.PerfCost-0dff: Processed 8660 samples out of 10000, 0 errors
19:26:40,375 INFO Experiment.PerfCost-0dff: Processed 8670 samples out of 10000, 0 errors
19:26:50,514 INFO Experiment.PerfCost-0dff: Processed 8680 samples out of 10000, 0 errors
19:27:00,642 INFO Experiment.PerfCost-0dff: Processed 8690 samples out of 10000, 0 errors
19:27:10,832 INFO Experiment.PerfCost-0dff: Processed 8700 samples out of 10000, 0 errors
19:27:20,973 INFO Experiment.PerfCost-0dff: Processed 8710 samples out of 10000, 0 errors
19:27:31,107 INFO Experiment.PerfCost-0dff: Processed 8720 samples out of 10000, 0 errors
19:27:41,254 INFO Experiment.PerfCost-0dff: Processed 8730 samples out of 10000, 0 errors
19:27:51,380 INFO Experiment.PerfCost-0dff: Processed 8740 samples out of 10000, 0 errors
19:28:01,516 INFO Experiment.PerfCost-0dff: Processed 8750 samples out of 10000, 0 errors
19:28:11,657 INFO Experiment.PerfCost-0dff: Processed 8760 samples out of 10000, 0 errors
19:28:21,782 INFO Experiment.PerfCost-0dff: Processed 8770 samples out of 10000, 0 errors
19:28:31,908 INFO Experiment.PerfCost-0dff: Processed 8780 samples out of 10000, 0 errors
19:28:42,30 INFO Experiment.PerfCost-0dff: Processed 8790 samples out of 10000, 0 errors
19:28:52,170 INFO Experiment.PerfCost-0dff: Processed 8800 samples out of 10000, 0 errors
19:29:02,304 INFO Experiment.PerfCost-0dff: Processed 8810 samples out of 10000, 0 errors
19:29:12,441 INFO Experiment.PerfCost-0dff: Processed 8820 samples out of 10000, 0 errors
19:29:22,584 INFO Experiment.PerfCost-0dff: Processed 8830 samples out of 10000, 0 errors
19:29:32,724 INFO Experiment.PerfCost-0dff: Processed 8840 samples out of 10000, 0 errors
19:29:42,862 INFO Experiment.PerfCost-0dff: Processed 8850 samples out of 10000, 0 errors
19:29:52,992 INFO Experiment.PerfCost-0dff: Processed 8860 samples out of 10000, 0 errors
19:30:03,138 INFO Experiment.PerfCost-0dff: Processed 8870 samples out of 10000, 0 errors
19:30:13,273 INFO Experiment.PerfCost-0dff: Processed 8880 samples out of 10000, 0 errors
19:30:23,422 INFO Experiment.PerfCost-0dff: Processed 8890 samples out of 10000, 0 errors
19:30:33,546 INFO Experiment.PerfCost-0dff: Processed 8900 samples out of 10000, 0 errors
19:30:43,701 INFO Experiment.PerfCost-0dff: Processed 8910 samples out of 10000, 0 errors
19:30:53,831 INFO Experiment.PerfCost-0dff: Processed 8920 samples out of 10000, 0 errors
19:31:03,964 INFO Experiment.PerfCost-0dff: Processed 8930 samples out of 10000, 0 errors
19:31:14,101 INFO Experiment.PerfCost-0dff: Processed 8940 samples out of 10000, 0 errors
19:31:24,229 INFO Experiment.PerfCost-0dff: Processed 8950 samples out of 10000, 0 errors
19:31:34,369 INFO Experiment.PerfCost-0dff: Processed 8960 samples out of 10000, 0 errors
19:31:44,506 INFO Experiment.PerfCost-0dff: Processed 8970 samples out of 10000, 0 errors
19:31:54,651 INFO Experiment.PerfCost-0dff: Processed 8980 samples out of 10000, 0 errors
19:32:04,786 INFO Experiment.PerfCost-0dff: Processed 8990 samples out of 10000, 0 errors
19:32:14,968 INFO Experiment.PerfCost-0dff: Processed 9000 samples out of 10000, 0 errors
19:32:25,120 INFO Experiment.PerfCost-0dff: Processed 9010 samples out of 10000, 0 errors
19:32:35,256 INFO Experiment.PerfCost-0dff: Processed 9020 samples out of 10000, 0 errors
19:32:45,384 INFO Experiment.PerfCost-0dff: Processed 9030 samples out of 10000, 0 errors
19:32:55,515 INFO Experiment.PerfCost-0dff: Processed 9040 samples out of 10000, 0 errors
19:33:05,658 INFO Experiment.PerfCost-0dff: Processed 9050 samples out of 10000, 0 errors
19:33:15,792 INFO Experiment.PerfCost-0dff: Processed 9060 samples out of 10000, 0 errors
19:33:25,915 INFO Experiment.PerfCost-0dff: Processed 9070 samples out of 10000, 0 errors
19:33:36,36 INFO Experiment.PerfCost-0dff: Processed 9080 samples out of 10000, 0 errors
19:33:46,175 INFO Experiment.PerfCost-0dff: Processed 9090 samples out of 10000, 0 errors
19:33:56,312 INFO Experiment.PerfCost-0dff: Processed 9100 samples out of 10000, 0 errors
19:34:06,446 INFO Experiment.PerfCost-0dff: Processed 9110 samples out of 10000, 0 errors
19:34:16,586 INFO Experiment.PerfCost-0dff: Processed 9120 samples out of 10000, 0 errors
19:34:26,734 INFO Experiment.PerfCost-0dff: Processed 9130 samples out of 10000, 0 errors
19:34:36,864 INFO Experiment.PerfCost-0dff: Processed 9140 samples out of 10000, 0 errors
19:34:46,997 INFO Experiment.PerfCost-0dff: Processed 9150 samples out of 10000, 0 errors
19:34:57,130 INFO Experiment.PerfCost-0dff: Processed 9160 samples out of 10000, 0 errors
19:35:07,272 INFO Experiment.PerfCost-0dff: Processed 9170 samples out of 10000, 0 errors
19:35:17,395 INFO Experiment.PerfCost-0dff: Processed 9180 samples out of 10000, 0 errors
19:35:27,520 INFO Experiment.PerfCost-0dff: Processed 9190 samples out of 10000, 0 errors
19:35:37,652 INFO Experiment.PerfCost-0dff: Processed 9200 samples out of 10000, 0 errors
19:35:47,786 INFO Experiment.PerfCost-0dff: Processed 9210 samples out of 10000, 0 errors
19:35:57,968 INFO Experiment.PerfCost-0dff: Processed 9220 samples out of 10000, 0 errors
19:36:08,109 INFO Experiment.PerfCost-0dff: Processed 9230 samples out of 10000, 0 errors
19:36:18,246 INFO Experiment.PerfCost-0dff: Processed 9240 samples out of 10000, 0 errors
19:36:28,377 INFO Experiment.PerfCost-0dff: Processed 9250 samples out of 10000, 0 errors
19:36:38,512 INFO Experiment.PerfCost-0dff: Processed 9260 samples out of 10000, 0 errors
19:36:48,662 INFO Experiment.PerfCost-0dff: Processed 9270 samples out of 10000, 0 errors
19:36:58,801 INFO Experiment.PerfCost-0dff: Processed 9280 samples out of 10000, 0 errors
19:37:08,926 INFO Experiment.PerfCost-0dff: Processed 9290 samples out of 10000, 0 errors
19:37:19,104 INFO Experiment.PerfCost-0dff: Processed 9300 samples out of 10000, 0 errors
19:37:29,252 INFO Experiment.PerfCost-0dff: Processed 9310 samples out of 10000, 0 errors
19:37:39,396 INFO Experiment.PerfCost-0dff: Processed 9320 samples out of 10000, 0 errors
19:37:49,537 INFO Experiment.PerfCost-0dff: Processed 9330 samples out of 10000, 0 errors
19:37:59,664 INFO Experiment.PerfCost-0dff: Processed 9340 samples out of 10000, 0 errors
19:38:09,797 INFO Experiment.PerfCost-0dff: Processed 9350 samples out of 10000, 0 errors
19:38:19,936 INFO Experiment.PerfCost-0dff: Processed 9360 samples out of 10000, 0 errors
19:38:30,73 INFO Experiment.PerfCost-0dff: Processed 9370 samples out of 10000, 0 errors
19:38:40,214 INFO Experiment.PerfCost-0dff: Processed 9380 samples out of 10000, 0 errors
19:38:50,347 INFO Experiment.PerfCost-0dff: Processed 9390 samples out of 10000, 0 errors
19:39:00,501 INFO Experiment.PerfCost-0dff: Processed 9400 samples out of 10000, 0 errors
19:39:10,629 INFO Experiment.PerfCost-0dff: Processed 9410 samples out of 10000, 0 errors
19:39:20,759 INFO Experiment.PerfCost-0dff: Processed 9420 samples out of 10000, 0 errors
19:39:30,902 INFO Experiment.PerfCost-0dff: Processed 9430 samples out of 10000, 0 errors
19:39:41,41 INFO Experiment.PerfCost-0dff: Processed 9440 samples out of 10000, 0 errors
19:39:51,198 INFO Experiment.PerfCost-0dff: Processed 9450 samples out of 10000, 0 errors
19:40:01,331 INFO Experiment.PerfCost-0dff: Processed 9460 samples out of 10000, 0 errors
19:40:11,472 INFO Experiment.PerfCost-0dff: Processed 9470 samples out of 10000, 0 errors
19:40:21,609 INFO Experiment.PerfCost-0dff: Processed 9480 samples out of 10000, 0 errors
19:40:31,746 INFO Experiment.PerfCost-0dff: Processed 9490 samples out of 10000, 0 errors
19:40:41,878 INFO Experiment.PerfCost-0dff: Processed 9500 samples out of 10000, 0 errors
19:40:52,13 INFO Experiment.PerfCost-0dff: Processed 9510 samples out of 10000, 0 errors
19:41:02,155 INFO Experiment.PerfCost-0dff: Processed 9520 samples out of 10000, 0 errors
19:41:12,293 INFO Experiment.PerfCost-0dff: Processed 9530 samples out of 10000, 0 errors
19:41:22,431 INFO Experiment.PerfCost-0dff: Processed 9540 samples out of 10000, 0 errors
19:41:32,562 INFO Experiment.PerfCost-0dff: Processed 9550 samples out of 10000, 0 errors
19:41:42,698 INFO Experiment.PerfCost-0dff: Processed 9560 samples out of 10000, 0 errors
19:41:52,848 INFO Experiment.PerfCost-0dff: Processed 9570 samples out of 10000, 0 errors
19:42:02,970 INFO Experiment.PerfCost-0dff: Processed 9580 samples out of 10000, 0 errors
19:42:13,108 INFO Experiment.PerfCost-0dff: Processed 9590 samples out of 10000, 0 errors
19:42:23,291 INFO Experiment.PerfCost-0dff: Processed 9600 samples out of 10000, 0 errors
19:42:33,432 INFO Experiment.PerfCost-0dff: Processed 9610 samples out of 10000, 0 errors
19:42:43,572 INFO Experiment.PerfCost-0dff: Processed 9620 samples out of 10000, 0 errors
19:42:53,713 INFO Experiment.PerfCost-0dff: Processed 9630 samples out of 10000, 0 errors
19:43:03,849 INFO Experiment.PerfCost-0dff: Processed 9640 samples out of 10000, 0 errors
19:43:14,1 INFO Experiment.PerfCost-0dff: Processed 9650 samples out of 10000, 0 errors
19:43:24,139 INFO Experiment.PerfCost-0dff: Processed 9660 samples out of 10000, 0 errors
19:43:34,273 INFO Experiment.PerfCost-0dff: Processed 9670 samples out of 10000, 0 errors
19:43:44,422 INFO Experiment.PerfCost-0dff: Processed 9680 samples out of 10000, 0 errors
19:43:54,552 INFO Experiment.PerfCost-0dff: Processed 9690 samples out of 10000, 0 errors
19:44:04,695 INFO Experiment.PerfCost-0dff: Processed 9700 samples out of 10000, 0 errors
19:44:14,822 INFO Experiment.PerfCost-0dff: Processed 9710 samples out of 10000, 0 errors
19:44:24,958 INFO Experiment.PerfCost-0dff: Processed 9720 samples out of 10000, 0 errors
19:44:35,102 INFO Experiment.PerfCost-0dff: Processed 9730 samples out of 10000, 0 errors
19:44:45,249 INFO Experiment.PerfCost-0dff: Processed 9740 samples out of 10000, 0 errors
19:44:55,374 INFO Experiment.PerfCost-0dff: Processed 9750 samples out of 10000, 0 errors
19:45:05,507 INFO Experiment.PerfCost-0dff: Processed 9760 samples out of 10000, 0 errors
19:45:15,642 INFO Experiment.PerfCost-0dff: Processed 9770 samples out of 10000, 0 errors
19:45:25,789 INFO Experiment.PerfCost-0dff: Processed 9780 samples out of 10000, 0 errors
19:45:35,920 INFO Experiment.PerfCost-0dff: Processed 9790 samples out of 10000, 0 errors
19:45:46,62 INFO Experiment.PerfCost-0dff: Processed 9800 samples out of 10000, 0 errors
19:45:56,209 INFO Experiment.PerfCost-0dff: Processed 9810 samples out of 10000, 0 errors
19:46:06,337 INFO Experiment.PerfCost-0dff: Processed 9820 samples out of 10000, 0 errors
19:46:16,481 INFO Experiment.PerfCost-0dff: Processed 9830 samples out of 10000, 0 errors
19:46:26,627 INFO Experiment.PerfCost-0dff: Processed 9840 samples out of 10000, 0 errors
19:46:36,764 INFO Experiment.PerfCost-0dff: Processed 9850 samples out of 10000, 0 errors
19:46:46,892 INFO Experiment.PerfCost-0dff: Processed 9860 samples out of 10000, 0 errors
19:46:57,33 INFO Experiment.PerfCost-0dff: Processed 9870 samples out of 10000, 0 errors
19:47:07,178 INFO Experiment.PerfCost-0dff: Processed 9880 samples out of 10000, 0 errors
19:47:17,323 INFO Experiment.PerfCost-0dff: Processed 9890 samples out of 10000, 0 errors
19:47:27,510 INFO Experiment.PerfCost-0dff: Processed 9900 samples out of 10000, 0 errors
19:47:37,648 INFO Experiment.PerfCost-0dff: Processed 9910 samples out of 10000, 0 errors
19:47:47,767 INFO Experiment.PerfCost-0dff: Processed 9920 samples out of 10000, 0 errors
19:47:57,905 INFO Experiment.PerfCost-0dff: Processed 9930 samples out of 10000, 0 errors
19:48:08,44 INFO Experiment.PerfCost-0dff: Processed 9940 samples out of 10000, 0 errors
19:48:18,196 INFO Experiment.PerfCost-0dff: Processed 9950 samples out of 10000, 0 errors
19:48:28,329 INFO Experiment.PerfCost-0dff: Processed 9960 samples out of 10000, 0 errors
19:48:38,467 INFO Experiment.PerfCost-0dff: Processed 9970 samples out of 10000, 0 errors
19:48:48,599 INFO Experiment.PerfCost-0dff: Processed 9980 samples out of 10000, 0 errors
19:48:58,753 INFO Experiment.PerfCost-0dff: Processed 9990 samples out of 10000, 0 errors
19:49:08,894 INFO Experiment.PerfCost-0dff: Processed 10000 samples out of 10000, 0 errors
19:49:13,905 INFO Experiment.PerfCost-0dff: Mean 78.7150696 [ms], median 79.1645 [ms], std 27.42323994619082, CV 34.8386148745663
19:49:13,911 INFO Experiment.PerfCost-0dff: Parametric CI (Student's t-distribution) 0.95 from 78.17749202449808 to 79.25264717550193, within 0.6829411169089884% of mean
19:49:13,915 INFO Experiment.PerfCost-0dff: Non-parametric CI 0.95 from 78.417 to 79.886, within 0.9278148665121323% of median
19:49:13,918 INFO Experiment.PerfCost-0dff: Parametric CI (Student's t-distribution) 0.99 from 78.00852355591348 to 79.42161564408653, within 0.897599465613027% of mean
19:49:13,921 INFO Experiment.PerfCost-0dff: Non-parametric CI 0.99 from 78.18 to 80.125, within 1.2284546734963229% of median
