02:14:56,528 INFO SeBS-ac33: Created experiment output at /home/anou/msc-thesis/task-based-experiment/experiment-results/nodejs/non-instrumented/660.graph-pagerank
02:14:56,873 INFO OpenWhisk.Resources-6ab7: Using user-provided configuration of storage for OpenWhisk.
02:14:56,873 INFO OpenWhisk-dcbe: Using existing resource name: 8504288e.
02:14:56,877 INFO Benchmark-b382: Building benchmark 660.graph-pagerank. Reason: no cached code package.
02:14:56,878 INFO Benchmark-b382: There is no Docker build image for openwhisk run in nodejs, thus skipping the Docker-based installation of dependencies.
02:14:56,879 INFO OpenWhisk-dcbe: Build the benchmark base image andersnou/msc-thesis:function.openwhisk.660.graph-pagerank.nodejs-12.
02:14:57,633 INFO OpenWhisk-dcbe: Push the benchmark base image andersnou/msc-thesis:function.openwhisk.660.graph-pagerank.nodejs-12 to registry: Docker Hub.
02:14:59,162 INFO OpenWhisk-dcbe: Created /home/anou/msc-thesis/task-based-experiment/experiment-results/nodejs/non-instrumented/660.graph-pagerank/660.graph-pagerank_code/nodejs/12/660.graph-pagerank.zip archive
02:14:59,162 INFO OpenWhisk-dcbe: Zip archive size 0.000621 MB
02:14:59,164 INFO Benchmark-b382: Created code package (source hash: afc2d38d05c1d9f329553f223a7bc403), for run on openwhisk with nodejs:12
02:14:59,168 INFO OpenWhisk-dcbe: Creating new function! Reason: function 660.graph-pagerank-nodejs-12 not found in cache.
02:14:59,168 INFO OpenWhisk-dcbe: Creating function as an action in OpenWhisk.
02:14:59,338 INFO OpenWhisk-dcbe: Creating new OpenWhisk action 660.graph-pagerank-nodejs-12
02:14:59,625 INFO Experiment.PerfCost-b181: Begin experiment on memory size 512
02:14:59,625 INFO OpenWhisk-dcbe: Update an existing OpenWhisk action 660.graph-pagerank-nodejs-12.
02:14:59,805 INFO Experiment.PerfCost-b181: Begin warm experiments
02:15:09,521 INFO Experiment.PerfCost-b181: Processed 0 warm-up samples, ignoring these results.
02:15:19,623 INFO Experiment.PerfCost-b181: Processed 10 samples out of 10000, 0 errors
02:15:29,720 INFO Experiment.PerfCost-b181: Processed 20 samples out of 10000, 0 errors
02:15:39,821 INFO Experiment.PerfCost-b181: Processed 30 samples out of 10000, 0 errors
02:15:49,913 INFO Experiment.PerfCost-b181: Processed 40 samples out of 10000, 0 errors
02:16:00,2 INFO Experiment.PerfCost-b181: Processed 50 samples out of 10000, 0 errors
02:16:10,94 INFO Experiment.PerfCost-b181: Processed 60 samples out of 10000, 0 errors
02:16:20,188 INFO Experiment.PerfCost-b181: Processed 70 samples out of 10000, 0 errors
02:16:30,283 INFO Experiment.PerfCost-b181: Processed 80 samples out of 10000, 0 errors
02:16:40,383 INFO Experiment.PerfCost-b181: Processed 90 samples out of 10000, 0 errors
02:16:50,477 INFO Experiment.PerfCost-b181: Processed 100 samples out of 10000, 0 errors
02:17:00,572 INFO Experiment.PerfCost-b181: Processed 110 samples out of 10000, 0 errors
02:17:10,666 INFO Experiment.PerfCost-b181: Processed 120 samples out of 10000, 0 errors
02:17:20,764 INFO Experiment.PerfCost-b181: Processed 130 samples out of 10000, 0 errors
02:17:30,880 INFO Experiment.PerfCost-b181: Processed 140 samples out of 10000, 0 errors
02:17:41,14 INFO Experiment.PerfCost-b181: Processed 150 samples out of 10000, 0 errors
02:17:51,140 INFO Experiment.PerfCost-b181: Processed 160 samples out of 10000, 0 errors
02:18:01,239 INFO Experiment.PerfCost-b181: Processed 170 samples out of 10000, 0 errors
02:18:11,338 INFO Experiment.PerfCost-b181: Processed 180 samples out of 10000, 0 errors
02:18:21,428 INFO Experiment.PerfCost-b181: Processed 190 samples out of 10000, 0 errors
02:18:31,523 INFO Experiment.PerfCost-b181: Processed 200 samples out of 10000, 0 errors
02:18:41,631 INFO Experiment.PerfCost-b181: Processed 210 samples out of 10000, 0 errors
02:18:51,770 INFO Experiment.PerfCost-b181: Processed 220 samples out of 10000, 0 errors
02:19:01,873 INFO Experiment.PerfCost-b181: Processed 230 samples out of 10000, 0 errors
02:19:11,970 INFO Experiment.PerfCost-b181: Processed 240 samples out of 10000, 0 errors
02:19:22,69 INFO Experiment.PerfCost-b181: Processed 250 samples out of 10000, 0 errors
02:19:32,170 INFO Experiment.PerfCost-b181: Processed 260 samples out of 10000, 0 errors
02:19:42,266 INFO Experiment.PerfCost-b181: Processed 270 samples out of 10000, 0 errors
02:19:52,374 INFO Experiment.PerfCost-b181: Processed 280 samples out of 10000, 0 errors
02:20:02,475 INFO Experiment.PerfCost-b181: Processed 290 samples out of 10000, 0 errors
02:20:12,567 INFO Experiment.PerfCost-b181: Processed 300 samples out of 10000, 0 errors
02:20:22,654 INFO Experiment.PerfCost-b181: Processed 310 samples out of 10000, 0 errors
02:20:32,766 INFO Experiment.PerfCost-b181: Processed 320 samples out of 10000, 0 errors
02:20:42,865 INFO Experiment.PerfCost-b181: Processed 330 samples out of 10000, 0 errors
02:20:52,992 INFO Experiment.PerfCost-b181: Processed 340 samples out of 10000, 0 errors
02:21:03,88 INFO Experiment.PerfCost-b181: Processed 350 samples out of 10000, 0 errors
02:21:13,191 INFO Experiment.PerfCost-b181: Processed 360 samples out of 10000, 0 errors
02:21:23,290 INFO Experiment.PerfCost-b181: Processed 370 samples out of 10000, 0 errors
02:21:33,383 INFO Experiment.PerfCost-b181: Processed 380 samples out of 10000, 0 errors
02:21:43,485 INFO Experiment.PerfCost-b181: Processed 390 samples out of 10000, 0 errors
02:21:53,588 INFO Experiment.PerfCost-b181: Processed 400 samples out of 10000, 0 errors
02:22:03,701 INFO Experiment.PerfCost-b181: Processed 410 samples out of 10000, 0 errors
02:22:13,818 INFO Experiment.PerfCost-b181: Processed 420 samples out of 10000, 0 errors
02:22:23,911 INFO Experiment.PerfCost-b181: Processed 430 samples out of 10000, 0 errors
02:22:34,16 INFO Experiment.PerfCost-b181: Processed 440 samples out of 10000, 0 errors
02:22:44,134 INFO Experiment.PerfCost-b181: Processed 450 samples out of 10000, 0 errors
02:22:54,253 INFO Experiment.PerfCost-b181: Processed 460 samples out of 10000, 0 errors
02:23:04,348 INFO Experiment.PerfCost-b181: Processed 470 samples out of 10000, 0 errors
02:23:14,447 INFO Experiment.PerfCost-b181: Processed 480 samples out of 10000, 0 errors
02:23:24,540 INFO Experiment.PerfCost-b181: Processed 490 samples out of 10000, 0 errors
02:23:34,642 INFO Experiment.PerfCost-b181: Processed 500 samples out of 10000, 0 errors
02:23:44,742 INFO Experiment.PerfCost-b181: Processed 510 samples out of 10000, 0 errors
02:23:54,841 INFO Experiment.PerfCost-b181: Processed 520 samples out of 10000, 0 errors
02:24:04,933 INFO Experiment.PerfCost-b181: Processed 530 samples out of 10000, 0 errors
02:24:15,38 INFO Experiment.PerfCost-b181: Processed 540 samples out of 10000, 0 errors
02:24:25,120 INFO Experiment.PerfCost-b181: Processed 550 samples out of 10000, 0 errors
02:24:35,218 INFO Experiment.PerfCost-b181: Processed 560 samples out of 10000, 0 errors
02:24:45,327 INFO Experiment.PerfCost-b181: Processed 570 samples out of 10000, 0 errors
02:24:55,437 INFO Experiment.PerfCost-b181: Processed 580 samples out of 10000, 0 errors
02:25:05,537 INFO Experiment.PerfCost-b181: Processed 590 samples out of 10000, 0 errors
02:25:15,640 INFO Experiment.PerfCost-b181: Processed 600 samples out of 10000, 0 errors
02:25:25,745 INFO Experiment.PerfCost-b181: Processed 610 samples out of 10000, 0 errors
02:25:35,845 INFO Experiment.PerfCost-b181: Processed 620 samples out of 10000, 0 errors
02:25:45,944 INFO Experiment.PerfCost-b181: Processed 630 samples out of 10000, 0 errors
02:25:56,47 INFO Experiment.PerfCost-b181: Processed 640 samples out of 10000, 0 errors
02:26:06,158 INFO Experiment.PerfCost-b181: Processed 650 samples out of 10000, 0 errors
02:26:16,250 INFO Experiment.PerfCost-b181: Processed 660 samples out of 10000, 0 errors
02:26:26,352 INFO Experiment.PerfCost-b181: Processed 670 samples out of 10000, 0 errors
02:26:36,457 INFO Experiment.PerfCost-b181: Processed 680 samples out of 10000, 0 errors
02:26:46,560 INFO Experiment.PerfCost-b181: Processed 690 samples out of 10000, 0 errors
02:26:56,663 INFO Experiment.PerfCost-b181: Processed 700 samples out of 10000, 0 errors
02:27:06,811 INFO Experiment.PerfCost-b181: Processed 710 samples out of 10000, 0 errors
02:27:16,907 INFO Experiment.PerfCost-b181: Processed 720 samples out of 10000, 0 errors
02:27:27,22 INFO Experiment.PerfCost-b181: Processed 730 samples out of 10000, 0 errors
02:27:37,115 INFO Experiment.PerfCost-b181: Processed 740 samples out of 10000, 0 errors
02:27:47,242 INFO Experiment.PerfCost-b181: Processed 750 samples out of 10000, 0 errors
02:27:57,370 INFO Experiment.PerfCost-b181: Processed 760 samples out of 10000, 0 errors
02:28:07,469 INFO Experiment.PerfCost-b181: Processed 770 samples out of 10000, 0 errors
02:28:17,565 INFO Experiment.PerfCost-b181: Processed 780 samples out of 10000, 0 errors
02:28:27,668 INFO Experiment.PerfCost-b181: Processed 790 samples out of 10000, 0 errors
02:28:37,777 INFO Experiment.PerfCost-b181: Processed 800 samples out of 10000, 0 errors
02:28:47,875 INFO Experiment.PerfCost-b181: Processed 810 samples out of 10000, 0 errors
02:28:57,979 INFO Experiment.PerfCost-b181: Processed 820 samples out of 10000, 0 errors
02:29:08,88 INFO Experiment.PerfCost-b181: Processed 830 samples out of 10000, 0 errors
02:29:18,191 INFO Experiment.PerfCost-b181: Processed 840 samples out of 10000, 0 errors
02:29:28,281 INFO Experiment.PerfCost-b181: Processed 850 samples out of 10000, 0 errors
02:29:38,385 INFO Experiment.PerfCost-b181: Processed 860 samples out of 10000, 0 errors
02:29:48,486 INFO Experiment.PerfCost-b181: Processed 870 samples out of 10000, 0 errors
02:29:58,588 INFO Experiment.PerfCost-b181: Processed 880 samples out of 10000, 0 errors
02:30:08,684 INFO Experiment.PerfCost-b181: Processed 890 samples out of 10000, 0 errors
02:30:18,789 INFO Experiment.PerfCost-b181: Processed 900 samples out of 10000, 0 errors
02:30:28,888 INFO Experiment.PerfCost-b181: Processed 910 samples out of 10000, 0 errors
02:30:38,993 INFO Experiment.PerfCost-b181: Processed 920 samples out of 10000, 0 errors
02:30:49,89 INFO Experiment.PerfCost-b181: Processed 930 samples out of 10000, 0 errors
02:30:59,190 INFO Experiment.PerfCost-b181: Processed 940 samples out of 10000, 0 errors
02:31:09,287 INFO Experiment.PerfCost-b181: Processed 950 samples out of 10000, 0 errors
02:31:19,384 INFO Experiment.PerfCost-b181: Processed 960 samples out of 10000, 0 errors
02:31:29,484 INFO Experiment.PerfCost-b181: Processed 970 samples out of 10000, 0 errors
02:31:39,598 INFO Experiment.PerfCost-b181: Processed 980 samples out of 10000, 0 errors
02:31:49,690 INFO Experiment.PerfCost-b181: Processed 990 samples out of 10000, 0 errors
02:31:59,788 INFO Experiment.PerfCost-b181: Processed 1000 samples out of 10000, 0 errors
02:32:09,890 INFO Experiment.PerfCost-b181: Processed 1010 samples out of 10000, 0 errors
02:32:19,995 INFO Experiment.PerfCost-b181: Processed 1020 samples out of 10000, 0 errors
02:32:30,90 INFO Experiment.PerfCost-b181: Processed 1030 samples out of 10000, 0 errors
02:32:40,179 INFO Experiment.PerfCost-b181: Processed 1040 samples out of 10000, 0 errors
02:32:50,309 INFO Experiment.PerfCost-b181: Processed 1050 samples out of 10000, 0 errors
02:33:00,415 INFO Experiment.PerfCost-b181: Processed 1060 samples out of 10000, 0 errors
02:33:10,524 INFO Experiment.PerfCost-b181: Processed 1070 samples out of 10000, 0 errors
02:33:20,631 INFO Experiment.PerfCost-b181: Processed 1080 samples out of 10000, 0 errors
02:33:30,730 INFO Experiment.PerfCost-b181: Processed 1090 samples out of 10000, 0 errors
02:33:40,834 INFO Experiment.PerfCost-b181: Processed 1100 samples out of 10000, 0 errors
02:33:50,946 INFO Experiment.PerfCost-b181: Processed 1110 samples out of 10000, 0 errors
02:34:01,47 INFO Experiment.PerfCost-b181: Processed 1120 samples out of 10000, 0 errors
02:34:11,160 INFO Experiment.PerfCost-b181: Processed 1130 samples out of 10000, 0 errors
02:34:21,268 INFO Experiment.PerfCost-b181: Processed 1140 samples out of 10000, 0 errors
02:34:31,363 INFO Experiment.PerfCost-b181: Processed 1150 samples out of 10000, 0 errors
02:34:41,462 INFO Experiment.PerfCost-b181: Processed 1160 samples out of 10000, 0 errors
02:34:51,570 INFO Experiment.PerfCost-b181: Processed 1170 samples out of 10000, 0 errors
02:35:01,694 INFO Experiment.PerfCost-b181: Processed 1180 samples out of 10000, 0 errors
02:35:11,786 INFO Experiment.PerfCost-b181: Processed 1190 samples out of 10000, 0 errors
02:35:21,934 INFO Experiment.PerfCost-b181: Processed 1200 samples out of 10000, 0 errors
02:35:32,33 INFO Experiment.PerfCost-b181: Processed 1210 samples out of 10000, 0 errors
02:35:42,126 INFO Experiment.PerfCost-b181: Processed 1220 samples out of 10000, 0 errors
02:35:52,221 INFO Experiment.PerfCost-b181: Processed 1230 samples out of 10000, 0 errors
02:36:02,341 INFO Experiment.PerfCost-b181: Processed 1240 samples out of 10000, 0 errors
02:36:12,446 INFO Experiment.PerfCost-b181: Processed 1250 samples out of 10000, 0 errors
02:36:22,541 INFO Experiment.PerfCost-b181: Processed 1260 samples out of 10000, 0 errors
02:36:32,650 INFO Experiment.PerfCost-b181: Processed 1270 samples out of 10000, 0 errors
02:36:42,763 INFO Experiment.PerfCost-b181: Processed 1280 samples out of 10000, 0 errors
02:36:52,855 INFO Experiment.PerfCost-b181: Processed 1290 samples out of 10000, 0 errors
02:37:02,952 INFO Experiment.PerfCost-b181: Processed 1300 samples out of 10000, 0 errors
02:37:13,51 INFO Experiment.PerfCost-b181: Processed 1310 samples out of 10000, 0 errors
02:37:23,163 INFO Experiment.PerfCost-b181: Processed 1320 samples out of 10000, 0 errors
02:37:33,262 INFO Experiment.PerfCost-b181: Processed 1330 samples out of 10000, 0 errors
02:37:43,366 INFO Experiment.PerfCost-b181: Processed 1340 samples out of 10000, 0 errors
02:37:53,485 INFO Experiment.PerfCost-b181: Processed 1350 samples out of 10000, 0 errors
02:38:03,598 INFO Experiment.PerfCost-b181: Processed 1360 samples out of 10000, 0 errors
02:38:13,695 INFO Experiment.PerfCost-b181: Processed 1370 samples out of 10000, 0 errors
02:38:23,825 INFO Experiment.PerfCost-b181: Processed 1380 samples out of 10000, 0 errors
02:38:33,925 INFO Experiment.PerfCost-b181: Processed 1390 samples out of 10000, 0 errors
02:38:44,29 INFO Experiment.PerfCost-b181: Processed 1400 samples out of 10000, 0 errors
02:38:54,126 INFO Experiment.PerfCost-b181: Processed 1410 samples out of 10000, 0 errors
02:39:04,215 INFO Experiment.PerfCost-b181: Processed 1420 samples out of 10000, 0 errors
02:39:14,330 INFO Experiment.PerfCost-b181: Processed 1430 samples out of 10000, 0 errors
02:39:24,426 INFO Experiment.PerfCost-b181: Processed 1440 samples out of 10000, 0 errors
02:39:34,529 INFO Experiment.PerfCost-b181: Processed 1450 samples out of 10000, 0 errors
02:39:44,631 INFO Experiment.PerfCost-b181: Processed 1460 samples out of 10000, 0 errors
02:39:54,736 INFO Experiment.PerfCost-b181: Processed 1470 samples out of 10000, 0 errors
02:40:04,843 INFO Experiment.PerfCost-b181: Processed 1480 samples out of 10000, 0 errors
02:40:14,952 INFO Experiment.PerfCost-b181: Processed 1490 samples out of 10000, 0 errors
02:40:25,56 INFO Experiment.PerfCost-b181: Processed 1500 samples out of 10000, 0 errors
02:40:35,160 INFO Experiment.PerfCost-b181: Processed 1510 samples out of 10000, 0 errors
02:40:45,262 INFO Experiment.PerfCost-b181: Processed 1520 samples out of 10000, 0 errors
02:40:55,352 INFO Experiment.PerfCost-b181: Processed 1530 samples out of 10000, 0 errors
02:41:05,451 INFO Experiment.PerfCost-b181: Processed 1540 samples out of 10000, 0 errors
02:41:15,561 INFO Experiment.PerfCost-b181: Processed 1550 samples out of 10000, 0 errors
02:41:25,663 INFO Experiment.PerfCost-b181: Processed 1560 samples out of 10000, 0 errors
02:41:35,770 INFO Experiment.PerfCost-b181: Processed 1570 samples out of 10000, 0 errors
02:41:45,867 INFO Experiment.PerfCost-b181: Processed 1580 samples out of 10000, 0 errors
02:41:55,970 INFO Experiment.PerfCost-b181: Processed 1590 samples out of 10000, 0 errors
02:42:06,78 INFO Experiment.PerfCost-b181: Processed 1600 samples out of 10000, 0 errors
02:42:16,175 INFO Experiment.PerfCost-b181: Processed 1610 samples out of 10000, 0 errors
02:42:26,271 INFO Experiment.PerfCost-b181: Processed 1620 samples out of 10000, 0 errors
02:42:36,378 INFO Experiment.PerfCost-b181: Processed 1630 samples out of 10000, 0 errors
02:42:46,478 INFO Experiment.PerfCost-b181: Processed 1640 samples out of 10000, 0 errors
02:42:56,607 INFO Experiment.PerfCost-b181: Processed 1650 samples out of 10000, 0 errors
02:43:06,723 INFO Experiment.PerfCost-b181: Processed 1660 samples out of 10000, 0 errors
02:43:16,819 INFO Experiment.PerfCost-b181: Processed 1670 samples out of 10000, 0 errors
02:43:26,922 INFO Experiment.PerfCost-b181: Processed 1680 samples out of 10000, 0 errors
02:43:37,21 INFO Experiment.PerfCost-b181: Processed 1690 samples out of 10000, 0 errors
02:43:47,128 INFO Experiment.PerfCost-b181: Processed 1700 samples out of 10000, 0 errors
02:43:57,229 INFO Experiment.PerfCost-b181: Processed 1710 samples out of 10000, 0 errors
02:44:07,325 INFO Experiment.PerfCost-b181: Processed 1720 samples out of 10000, 0 errors
02:44:17,430 INFO Experiment.PerfCost-b181: Processed 1730 samples out of 10000, 0 errors
02:44:27,552 INFO Experiment.PerfCost-b181: Processed 1740 samples out of 10000, 0 errors
02:44:37,656 INFO Experiment.PerfCost-b181: Processed 1750 samples out of 10000, 0 errors
02:44:47,748 INFO Experiment.PerfCost-b181: Processed 1760 samples out of 10000, 0 errors
02:44:57,849 INFO Experiment.PerfCost-b181: Processed 1770 samples out of 10000, 0 errors
02:45:07,965 INFO Experiment.PerfCost-b181: Processed 1780 samples out of 10000, 0 errors
02:45:18,76 INFO Experiment.PerfCost-b181: Processed 1790 samples out of 10000, 0 errors
02:45:28,171 INFO Experiment.PerfCost-b181: Processed 1800 samples out of 10000, 0 errors
02:45:38,282 INFO Experiment.PerfCost-b181: Processed 1810 samples out of 10000, 0 errors
02:45:48,374 INFO Experiment.PerfCost-b181: Processed 1820 samples out of 10000, 0 errors
02:45:58,484 INFO Experiment.PerfCost-b181: Processed 1830 samples out of 10000, 0 errors
02:46:08,593 INFO Experiment.PerfCost-b181: Processed 1840 samples out of 10000, 0 errors
02:46:18,711 INFO Experiment.PerfCost-b181: Processed 1850 samples out of 10000, 0 errors
02:46:28,801 INFO Experiment.PerfCost-b181: Processed 1860 samples out of 10000, 0 errors
02:46:38,922 INFO Experiment.PerfCost-b181: Processed 1870 samples out of 10000, 0 errors
02:46:49,26 INFO Experiment.PerfCost-b181: Processed 1880 samples out of 10000, 0 errors
02:46:59,137 INFO Experiment.PerfCost-b181: Processed 1890 samples out of 10000, 0 errors
02:47:09,250 INFO Experiment.PerfCost-b181: Processed 1900 samples out of 10000, 0 errors
02:47:19,350 INFO Experiment.PerfCost-b181: Processed 1910 samples out of 10000, 0 errors
02:47:29,456 INFO Experiment.PerfCost-b181: Processed 1920 samples out of 10000, 0 errors
02:47:39,553 INFO Experiment.PerfCost-b181: Processed 1930 samples out of 10000, 0 errors
02:47:49,660 INFO Experiment.PerfCost-b181: Processed 1940 samples out of 10000, 0 errors
02:47:59,797 INFO Experiment.PerfCost-b181: Processed 1950 samples out of 10000, 0 errors
02:48:09,913 INFO Experiment.PerfCost-b181: Processed 1960 samples out of 10000, 0 errors
02:48:20,23 INFO Experiment.PerfCost-b181: Processed 1970 samples out of 10000, 0 errors
02:48:30,122 INFO Experiment.PerfCost-b181: Processed 1980 samples out of 10000, 0 errors
02:48:40,235 INFO Experiment.PerfCost-b181: Processed 1990 samples out of 10000, 0 errors
02:48:50,334 INFO Experiment.PerfCost-b181: Processed 2000 samples out of 10000, 0 errors
02:49:00,439 INFO Experiment.PerfCost-b181: Processed 2010 samples out of 10000, 0 errors
02:49:10,549 INFO Experiment.PerfCost-b181: Processed 2020 samples out of 10000, 0 errors
02:49:20,651 INFO Experiment.PerfCost-b181: Processed 2030 samples out of 10000, 0 errors
02:49:30,759 INFO Experiment.PerfCost-b181: Processed 2040 samples out of 10000, 0 errors
02:49:40,865 INFO Experiment.PerfCost-b181: Processed 2050 samples out of 10000, 0 errors
02:49:50,966 INFO Experiment.PerfCost-b181: Processed 2060 samples out of 10000, 0 errors
02:50:01,73 INFO Experiment.PerfCost-b181: Processed 2070 samples out of 10000, 0 errors
02:50:11,168 INFO Experiment.PerfCost-b181: Processed 2080 samples out of 10000, 0 errors
02:50:21,261 INFO Experiment.PerfCost-b181: Processed 2090 samples out of 10000, 0 errors
02:50:31,403 INFO Experiment.PerfCost-b181: Processed 2100 samples out of 10000, 0 errors
02:50:41,545 INFO Experiment.PerfCost-b181: Processed 2110 samples out of 10000, 0 errors
02:50:51,674 INFO Experiment.PerfCost-b181: Processed 2120 samples out of 10000, 0 errors
02:51:01,817 INFO Experiment.PerfCost-b181: Processed 2130 samples out of 10000, 0 errors
02:51:11,959 INFO Experiment.PerfCost-b181: Processed 2140 samples out of 10000, 0 errors
02:51:22,84 INFO Experiment.PerfCost-b181: Processed 2150 samples out of 10000, 0 errors
02:51:32,210 INFO Experiment.PerfCost-b181: Processed 2160 samples out of 10000, 0 errors
02:51:42,360 INFO Experiment.PerfCost-b181: Processed 2170 samples out of 10000, 0 errors
02:51:52,461 INFO Experiment.PerfCost-b181: Processed 2180 samples out of 10000, 0 errors
02:52:02,601 INFO Experiment.PerfCost-b181: Processed 2190 samples out of 10000, 0 errors
02:52:12,740 INFO Experiment.PerfCost-b181: Processed 2200 samples out of 10000, 0 errors
02:52:22,878 INFO Experiment.PerfCost-b181: Processed 2210 samples out of 10000, 0 errors
02:52:33,46 INFO Experiment.PerfCost-b181: Processed 2220 samples out of 10000, 0 errors
02:52:43,192 INFO Experiment.PerfCost-b181: Processed 2230 samples out of 10000, 0 errors
02:52:53,327 INFO Experiment.PerfCost-b181: Processed 2240 samples out of 10000, 0 errors
02:53:03,473 INFO Experiment.PerfCost-b181: Processed 2250 samples out of 10000, 0 errors
02:53:13,634 INFO Experiment.PerfCost-b181: Processed 2260 samples out of 10000, 0 errors
02:53:23,768 INFO Experiment.PerfCost-b181: Processed 2270 samples out of 10000, 0 errors
02:53:33,857 INFO Experiment.PerfCost-b181: Processed 2280 samples out of 10000, 0 errors
02:53:43,973 INFO Experiment.PerfCost-b181: Processed 2290 samples out of 10000, 0 errors
02:53:54,109 INFO Experiment.PerfCost-b181: Processed 2300 samples out of 10000, 0 errors
02:54:04,237 INFO Experiment.PerfCost-b181: Processed 2310 samples out of 10000, 0 errors
02:54:14,380 INFO Experiment.PerfCost-b181: Processed 2320 samples out of 10000, 0 errors
02:54:24,535 INFO Experiment.PerfCost-b181: Processed 2330 samples out of 10000, 0 errors
02:54:34,680 INFO Experiment.PerfCost-b181: Processed 2340 samples out of 10000, 0 errors
02:54:44,845 INFO Experiment.PerfCost-b181: Processed 2350 samples out of 10000, 0 errors
02:54:54,973 INFO Experiment.PerfCost-b181: Processed 2360 samples out of 10000, 0 errors
02:55:05,100 INFO Experiment.PerfCost-b181: Processed 2370 samples out of 10000, 0 errors
02:55:15,251 INFO Experiment.PerfCost-b181: Processed 2380 samples out of 10000, 0 errors
02:55:25,375 INFO Experiment.PerfCost-b181: Processed 2390 samples out of 10000, 0 errors
02:55:35,492 INFO Experiment.PerfCost-b181: Processed 2400 samples out of 10000, 0 errors
02:55:45,630 INFO Experiment.PerfCost-b181: Processed 2410 samples out of 10000, 0 errors
02:55:55,719 INFO Experiment.PerfCost-b181: Processed 2420 samples out of 10000, 0 errors
02:56:05,853 INFO Experiment.PerfCost-b181: Processed 2430 samples out of 10000, 0 errors
02:56:15,968 INFO Experiment.PerfCost-b181: Processed 2440 samples out of 10000, 0 errors
02:56:26,119 INFO Experiment.PerfCost-b181: Processed 2450 samples out of 10000, 0 errors
02:56:36,270 INFO Experiment.PerfCost-b181: Processed 2460 samples out of 10000, 0 errors
02:56:46,380 INFO Experiment.PerfCost-b181: Processed 2470 samples out of 10000, 0 errors
02:56:56,523 INFO Experiment.PerfCost-b181: Processed 2480 samples out of 10000, 0 errors
02:57:06,666 INFO Experiment.PerfCost-b181: Processed 2490 samples out of 10000, 0 errors
02:57:16,765 INFO Experiment.PerfCost-b181: Processed 2500 samples out of 10000, 0 errors
02:57:26,886 INFO Experiment.PerfCost-b181: Processed 2510 samples out of 10000, 0 errors
02:57:37,25 INFO Experiment.PerfCost-b181: Processed 2520 samples out of 10000, 0 errors
02:57:47,133 INFO Experiment.PerfCost-b181: Processed 2530 samples out of 10000, 0 errors
02:57:57,272 INFO Experiment.PerfCost-b181: Processed 2540 samples out of 10000, 0 errors
02:58:07,431 INFO Experiment.PerfCost-b181: Processed 2550 samples out of 10000, 0 errors
02:58:17,605 INFO Experiment.PerfCost-b181: Processed 2560 samples out of 10000, 0 errors
02:58:27,718 INFO Experiment.PerfCost-b181: Processed 2570 samples out of 10000, 0 errors
02:58:37,825 INFO Experiment.PerfCost-b181: Processed 2580 samples out of 10000, 0 errors
02:58:47,949 INFO Experiment.PerfCost-b181: Processed 2590 samples out of 10000, 0 errors
02:58:58,79 INFO Experiment.PerfCost-b181: Processed 2600 samples out of 10000, 0 errors
02:59:08,230 INFO Experiment.PerfCost-b181: Processed 2610 samples out of 10000, 0 errors
02:59:18,375 INFO Experiment.PerfCost-b181: Processed 2620 samples out of 10000, 0 errors
02:59:28,491 INFO Experiment.PerfCost-b181: Processed 2630 samples out of 10000, 0 errors
02:59:38,619 INFO Experiment.PerfCost-b181: Processed 2640 samples out of 10000, 0 errors
02:59:48,773 INFO Experiment.PerfCost-b181: Processed 2650 samples out of 10000, 0 errors
02:59:58,894 INFO Experiment.PerfCost-b181: Processed 2660 samples out of 10000, 0 errors
03:00:09,47 INFO Experiment.PerfCost-b181: Processed 2670 samples out of 10000, 0 errors
03:00:19,150 INFO Experiment.PerfCost-b181: Processed 2680 samples out of 10000, 0 errors
03:00:29,305 INFO Experiment.PerfCost-b181: Processed 2690 samples out of 10000, 0 errors
03:00:39,438 INFO Experiment.PerfCost-b181: Processed 2700 samples out of 10000, 0 errors
03:00:49,583 INFO Experiment.PerfCost-b181: Processed 2710 samples out of 10000, 0 errors
03:00:59,709 INFO Experiment.PerfCost-b181: Processed 2720 samples out of 10000, 0 errors
03:01:09,835 INFO Experiment.PerfCost-b181: Processed 2730 samples out of 10000, 0 errors
03:01:19,972 INFO Experiment.PerfCost-b181: Processed 2740 samples out of 10000, 0 errors
03:01:30,111 INFO Experiment.PerfCost-b181: Processed 2750 samples out of 10000, 0 errors
03:01:40,249 INFO Experiment.PerfCost-b181: Processed 2760 samples out of 10000, 0 errors
03:01:50,389 INFO Experiment.PerfCost-b181: Processed 2770 samples out of 10000, 0 errors
03:02:00,525 INFO Experiment.PerfCost-b181: Processed 2780 samples out of 10000, 0 errors
03:02:10,644 INFO Experiment.PerfCost-b181: Processed 2790 samples out of 10000, 0 errors
03:02:20,766 INFO Experiment.PerfCost-b181: Processed 2800 samples out of 10000, 0 errors
03:02:30,896 INFO Experiment.PerfCost-b181: Processed 2810 samples out of 10000, 0 errors
03:02:41,19 INFO Experiment.PerfCost-b181: Processed 2820 samples out of 10000, 0 errors
03:02:51,154 INFO Experiment.PerfCost-b181: Processed 2830 samples out of 10000, 0 errors
03:03:01,295 INFO Experiment.PerfCost-b181: Processed 2840 samples out of 10000, 0 errors
03:03:11,482 INFO Experiment.PerfCost-b181: Processed 2850 samples out of 10000, 0 errors
03:03:21,622 INFO Experiment.PerfCost-b181: Processed 2860 samples out of 10000, 0 errors
03:03:31,739 INFO Experiment.PerfCost-b181: Processed 2870 samples out of 10000, 0 errors
03:03:41,878 INFO Experiment.PerfCost-b181: Processed 2880 samples out of 10000, 0 errors
03:03:51,988 INFO Experiment.PerfCost-b181: Processed 2890 samples out of 10000, 0 errors
03:04:02,153 INFO Experiment.PerfCost-b181: Processed 2900 samples out of 10000, 0 errors
03:04:12,290 INFO Experiment.PerfCost-b181: Processed 2910 samples out of 10000, 0 errors
03:04:22,385 INFO Experiment.PerfCost-b181: Processed 2920 samples out of 10000, 0 errors
03:04:32,490 INFO Experiment.PerfCost-b181: Processed 2930 samples out of 10000, 0 errors
03:04:42,647 INFO Experiment.PerfCost-b181: Processed 2940 samples out of 10000, 0 errors
03:04:52,795 INFO Experiment.PerfCost-b181: Processed 2950 samples out of 10000, 0 errors
03:05:02,917 INFO Experiment.PerfCost-b181: Processed 2960 samples out of 10000, 0 errors
03:05:13,65 INFO Experiment.PerfCost-b181: Processed 2970 samples out of 10000, 0 errors
03:05:23,187 INFO Experiment.PerfCost-b181: Processed 2980 samples out of 10000, 0 errors
03:05:33,317 INFO Experiment.PerfCost-b181: Processed 2990 samples out of 10000, 0 errors
03:05:43,465 INFO Experiment.PerfCost-b181: Processed 3000 samples out of 10000, 0 errors
03:05:53,585 INFO Experiment.PerfCost-b181: Processed 3010 samples out of 10000, 0 errors
03:06:03,718 INFO Experiment.PerfCost-b181: Processed 3020 samples out of 10000, 0 errors
03:06:13,841 INFO Experiment.PerfCost-b181: Processed 3030 samples out of 10000, 0 errors
03:06:23,965 INFO Experiment.PerfCost-b181: Processed 3040 samples out of 10000, 0 errors
03:06:34,112 INFO Experiment.PerfCost-b181: Processed 3050 samples out of 10000, 0 errors
03:06:44,242 INFO Experiment.PerfCost-b181: Processed 3060 samples out of 10000, 0 errors
03:06:54,397 INFO Experiment.PerfCost-b181: Processed 3070 samples out of 10000, 0 errors
03:07:04,514 INFO Experiment.PerfCost-b181: Processed 3080 samples out of 10000, 0 errors
03:07:14,658 INFO Experiment.PerfCost-b181: Processed 3090 samples out of 10000, 0 errors
03:07:24,793 INFO Experiment.PerfCost-b181: Processed 3100 samples out of 10000, 0 errors
03:07:34,927 INFO Experiment.PerfCost-b181: Processed 3110 samples out of 10000, 0 errors
03:07:45,35 INFO Experiment.PerfCost-b181: Processed 3120 samples out of 10000, 0 errors
03:07:55,157 INFO Experiment.PerfCost-b181: Processed 3130 samples out of 10000, 0 errors
03:08:05,292 INFO Experiment.PerfCost-b181: Processed 3140 samples out of 10000, 0 errors
03:08:15,458 INFO Experiment.PerfCost-b181: Processed 3150 samples out of 10000, 0 errors
03:08:25,609 INFO Experiment.PerfCost-b181: Processed 3160 samples out of 10000, 0 errors
03:08:35,743 INFO Experiment.PerfCost-b181: Processed 3170 samples out of 10000, 0 errors
03:08:45,877 INFO Experiment.PerfCost-b181: Processed 3180 samples out of 10000, 0 errors
03:08:56,13 INFO Experiment.PerfCost-b181: Processed 3190 samples out of 10000, 0 errors
03:09:06,167 INFO Experiment.PerfCost-b181: Processed 3200 samples out of 10000, 0 errors
03:09:16,279 INFO Experiment.PerfCost-b181: Processed 3210 samples out of 10000, 0 errors
03:09:26,444 INFO Experiment.PerfCost-b181: Processed 3220 samples out of 10000, 0 errors
03:09:36,581 INFO Experiment.PerfCost-b181: Processed 3230 samples out of 10000, 0 errors
03:09:46,707 INFO Experiment.PerfCost-b181: Processed 3240 samples out of 10000, 0 errors
03:09:56,840 INFO Experiment.PerfCost-b181: Processed 3250 samples out of 10000, 0 errors
03:10:06,973 INFO Experiment.PerfCost-b181: Processed 3260 samples out of 10000, 0 errors
03:10:17,123 INFO Experiment.PerfCost-b181: Processed 3270 samples out of 10000, 0 errors
03:10:27,279 INFO Experiment.PerfCost-b181: Processed 3280 samples out of 10000, 0 errors
03:10:37,403 INFO Experiment.PerfCost-b181: Processed 3290 samples out of 10000, 0 errors
03:10:47,553 INFO Experiment.PerfCost-b181: Processed 3300 samples out of 10000, 0 errors
03:10:57,696 INFO Experiment.PerfCost-b181: Processed 3310 samples out of 10000, 0 errors
03:11:07,822 INFO Experiment.PerfCost-b181: Processed 3320 samples out of 10000, 0 errors
03:11:17,957 INFO Experiment.PerfCost-b181: Processed 3330 samples out of 10000, 0 errors
03:11:28,120 INFO Experiment.PerfCost-b181: Processed 3340 samples out of 10000, 0 errors
03:11:38,247 INFO Experiment.PerfCost-b181: Processed 3350 samples out of 10000, 0 errors
03:11:48,367 INFO Experiment.PerfCost-b181: Processed 3360 samples out of 10000, 0 errors
03:11:58,526 INFO Experiment.PerfCost-b181: Processed 3370 samples out of 10000, 0 errors
03:12:08,655 INFO Experiment.PerfCost-b181: Processed 3380 samples out of 10000, 0 errors
03:12:18,822 INFO Experiment.PerfCost-b181: Processed 3390 samples out of 10000, 0 errors
03:12:28,922 INFO Experiment.PerfCost-b181: Processed 3400 samples out of 10000, 0 errors
03:12:39,39 INFO Experiment.PerfCost-b181: Processed 3410 samples out of 10000, 0 errors
03:12:49,161 INFO Experiment.PerfCost-b181: Processed 3420 samples out of 10000, 0 errors
03:12:59,343 INFO Experiment.PerfCost-b181: Processed 3430 samples out of 10000, 0 errors
03:13:09,492 INFO Experiment.PerfCost-b181: Processed 3440 samples out of 10000, 0 errors
03:13:19,641 INFO Experiment.PerfCost-b181: Processed 3450 samples out of 10000, 0 errors
03:13:29,774 INFO Experiment.PerfCost-b181: Processed 3460 samples out of 10000, 0 errors
03:13:39,891 INFO Experiment.PerfCost-b181: Processed 3470 samples out of 10000, 0 errors
03:13:50,23 INFO Experiment.PerfCost-b181: Processed 3480 samples out of 10000, 0 errors
03:14:00,158 INFO Experiment.PerfCost-b181: Processed 3490 samples out of 10000, 0 errors
03:14:10,301 INFO Experiment.PerfCost-b181: Processed 3500 samples out of 10000, 0 errors
03:14:20,440 INFO Experiment.PerfCost-b181: Processed 3510 samples out of 10000, 0 errors
03:14:30,583 INFO Experiment.PerfCost-b181: Processed 3520 samples out of 10000, 0 errors
03:14:40,702 INFO Experiment.PerfCost-b181: Processed 3530 samples out of 10000, 0 errors
03:14:50,846 INFO Experiment.PerfCost-b181: Processed 3540 samples out of 10000, 0 errors
03:15:00,986 INFO Experiment.PerfCost-b181: Processed 3550 samples out of 10000, 0 errors
03:15:11,112 INFO Experiment.PerfCost-b181: Processed 3560 samples out of 10000, 0 errors
03:15:21,252 INFO Experiment.PerfCost-b181: Processed 3570 samples out of 10000, 0 errors
03:15:31,375 INFO Experiment.PerfCost-b181: Processed 3580 samples out of 10000, 0 errors
03:15:41,513 INFO Experiment.PerfCost-b181: Processed 3590 samples out of 10000, 0 errors
03:15:51,678 INFO Experiment.PerfCost-b181: Processed 3600 samples out of 10000, 0 errors
03:16:01,823 INFO Experiment.PerfCost-b181: Processed 3610 samples out of 10000, 0 errors
03:16:11,943 INFO Experiment.PerfCost-b181: Processed 3620 samples out of 10000, 0 errors
03:16:22,103 INFO Experiment.PerfCost-b181: Processed 3630 samples out of 10000, 0 errors
03:16:32,233 INFO Experiment.PerfCost-b181: Processed 3640 samples out of 10000, 0 errors
03:16:42,353 INFO Experiment.PerfCost-b181: Processed 3650 samples out of 10000, 0 errors
03:16:52,491 INFO Experiment.PerfCost-b181: Processed 3660 samples out of 10000, 0 errors
03:17:02,621 INFO Experiment.PerfCost-b181: Processed 3670 samples out of 10000, 0 errors
03:17:12,774 INFO Experiment.PerfCost-b181: Processed 3680 samples out of 10000, 0 errors
03:17:22,913 INFO Experiment.PerfCost-b181: Processed 3690 samples out of 10000, 0 errors
03:17:33,34 INFO Experiment.PerfCost-b181: Processed 3700 samples out of 10000, 0 errors
03:17:43,182 INFO Experiment.PerfCost-b181: Processed 3710 samples out of 10000, 0 errors
03:17:53,299 INFO Experiment.PerfCost-b181: Processed 3720 samples out of 10000, 0 errors
03:18:03,450 INFO Experiment.PerfCost-b181: Processed 3730 samples out of 10000, 0 errors
03:18:13,554 INFO Experiment.PerfCost-b181: Processed 3740 samples out of 10000, 0 errors
03:18:23,760 INFO Experiment.PerfCost-b181: Processed 3750 samples out of 10000, 0 errors
03:18:33,897 INFO Experiment.PerfCost-b181: Processed 3760 samples out of 10000, 0 errors
03:18:44,3 INFO Experiment.PerfCost-b181: Processed 3770 samples out of 10000, 0 errors
03:18:54,118 INFO Experiment.PerfCost-b181: Processed 3780 samples out of 10000, 0 errors
03:19:04,253 INFO Experiment.PerfCost-b181: Processed 3790 samples out of 10000, 0 errors
03:19:14,387 INFO Experiment.PerfCost-b181: Processed 3800 samples out of 10000, 0 errors
03:19:24,507 INFO Experiment.PerfCost-b181: Processed 3810 samples out of 10000, 0 errors
03:19:34,640 INFO Experiment.PerfCost-b181: Processed 3820 samples out of 10000, 0 errors
03:19:44,774 INFO Experiment.PerfCost-b181: Processed 3830 samples out of 10000, 0 errors
03:19:54,921 INFO Experiment.PerfCost-b181: Processed 3840 samples out of 10000, 0 errors
03:20:05,48 INFO Experiment.PerfCost-b181: Processed 3850 samples out of 10000, 0 errors
03:20:15,186 INFO Experiment.PerfCost-b181: Processed 3860 samples out of 10000, 0 errors
03:20:25,334 INFO Experiment.PerfCost-b181: Processed 3870 samples out of 10000, 0 errors
03:20:35,467 INFO Experiment.PerfCost-b181: Processed 3880 samples out of 10000, 0 errors
03:20:45,606 INFO Experiment.PerfCost-b181: Processed 3890 samples out of 10000, 0 errors
03:20:55,752 INFO Experiment.PerfCost-b181: Processed 3900 samples out of 10000, 0 errors
03:21:05,904 INFO Experiment.PerfCost-b181: Processed 3910 samples out of 10000, 0 errors
03:21:16,11 INFO Experiment.PerfCost-b181: Processed 3920 samples out of 10000, 0 errors
03:21:26,133 INFO Experiment.PerfCost-b181: Processed 3930 samples out of 10000, 0 errors
03:21:36,310 INFO Experiment.PerfCost-b181: Processed 3940 samples out of 10000, 0 errors
03:21:46,400 INFO Experiment.PerfCost-b181: Processed 3950 samples out of 10000, 0 errors
03:21:56,526 INFO Experiment.PerfCost-b181: Processed 3960 samples out of 10000, 0 errors
03:22:06,661 INFO Experiment.PerfCost-b181: Processed 3970 samples out of 10000, 0 errors
03:22:16,820 INFO Experiment.PerfCost-b181: Processed 3980 samples out of 10000, 0 errors
03:22:26,944 INFO Experiment.PerfCost-b181: Processed 3990 samples out of 10000, 0 errors
03:22:37,70 INFO Experiment.PerfCost-b181: Processed 4000 samples out of 10000, 0 errors
03:22:47,190 INFO Experiment.PerfCost-b181: Processed 4010 samples out of 10000, 0 errors
03:22:57,328 INFO Experiment.PerfCost-b181: Processed 4020 samples out of 10000, 0 errors
03:23:07,481 INFO Experiment.PerfCost-b181: Processed 4030 samples out of 10000, 0 errors
03:23:17,606 INFO Experiment.PerfCost-b181: Processed 4040 samples out of 10000, 0 errors
03:23:27,764 INFO Experiment.PerfCost-b181: Processed 4050 samples out of 10000, 0 errors
03:23:37,907 INFO Experiment.PerfCost-b181: Processed 4060 samples out of 10000, 0 errors
03:23:48,28 INFO Experiment.PerfCost-b181: Processed 4070 samples out of 10000, 0 errors
03:23:58,162 INFO Experiment.PerfCost-b181: Processed 4080 samples out of 10000, 0 errors
03:24:08,274 INFO Experiment.PerfCost-b181: Processed 4090 samples out of 10000, 0 errors
03:24:18,405 INFO Experiment.PerfCost-b181: Processed 4100 samples out of 10000, 0 errors
03:24:28,530 INFO Experiment.PerfCost-b181: Processed 4110 samples out of 10000, 0 errors
03:24:38,668 INFO Experiment.PerfCost-b181: Processed 4120 samples out of 10000, 0 errors
03:24:48,824 INFO Experiment.PerfCost-b181: Processed 4130 samples out of 10000, 0 errors
03:24:58,937 INFO Experiment.PerfCost-b181: Processed 4140 samples out of 10000, 0 errors
03:25:09,51 INFO Experiment.PerfCost-b181: Processed 4150 samples out of 10000, 0 errors
03:25:19,200 INFO Experiment.PerfCost-b181: Processed 4160 samples out of 10000, 0 errors
03:25:29,376 INFO Experiment.PerfCost-b181: Processed 4170 samples out of 10000, 0 errors
03:25:39,506 INFO Experiment.PerfCost-b181: Processed 4180 samples out of 10000, 0 errors
03:25:49,632 INFO Experiment.PerfCost-b181: Processed 4190 samples out of 10000, 0 errors
03:25:59,784 INFO Experiment.PerfCost-b181: Processed 4200 samples out of 10000, 0 errors
03:26:09,899 INFO Experiment.PerfCost-b181: Processed 4210 samples out of 10000, 0 errors
03:26:20,18 INFO Experiment.PerfCost-b181: Processed 4220 samples out of 10000, 0 errors
03:26:30,134 INFO Experiment.PerfCost-b181: Processed 4230 samples out of 10000, 0 errors
03:26:40,289 INFO Experiment.PerfCost-b181: Processed 4240 samples out of 10000, 0 errors
03:26:50,420 INFO Experiment.PerfCost-b181: Processed 4250 samples out of 10000, 0 errors
03:27:00,559 INFO Experiment.PerfCost-b181: Processed 4260 samples out of 10000, 0 errors
03:27:10,731 INFO Experiment.PerfCost-b181: Processed 4270 samples out of 10000, 0 errors
03:27:20,820 INFO Experiment.PerfCost-b181: Processed 4280 samples out of 10000, 0 errors
03:27:30,974 INFO Experiment.PerfCost-b181: Processed 4290 samples out of 10000, 0 errors
03:27:41,80 INFO Experiment.PerfCost-b181: Processed 4300 samples out of 10000, 0 errors
03:27:51,219 INFO Experiment.PerfCost-b181: Processed 4310 samples out of 10000, 0 errors
03:28:01,352 INFO Experiment.PerfCost-b181: Processed 4320 samples out of 10000, 0 errors
03:28:11,500 INFO Experiment.PerfCost-b181: Processed 4330 samples out of 10000, 0 errors
03:28:21,646 INFO Experiment.PerfCost-b181: Processed 4340 samples out of 10000, 0 errors
03:28:31,781 INFO Experiment.PerfCost-b181: Processed 4350 samples out of 10000, 0 errors
03:28:41,921 INFO Experiment.PerfCost-b181: Processed 4360 samples out of 10000, 0 errors
03:28:52,57 INFO Experiment.PerfCost-b181: Processed 4370 samples out of 10000, 0 errors
03:29:02,184 INFO Experiment.PerfCost-b181: Processed 4380 samples out of 10000, 0 errors
03:29:12,316 INFO Experiment.PerfCost-b181: Processed 4390 samples out of 10000, 0 errors
03:29:22,440 INFO Experiment.PerfCost-b181: Processed 4400 samples out of 10000, 0 errors
03:29:32,586 INFO Experiment.PerfCost-b181: Processed 4410 samples out of 10000, 0 errors
03:29:42,721 INFO Experiment.PerfCost-b181: Processed 4420 samples out of 10000, 0 errors
03:29:52,846 INFO Experiment.PerfCost-b181: Processed 4430 samples out of 10000, 0 errors
03:30:02,970 INFO Experiment.PerfCost-b181: Processed 4440 samples out of 10000, 0 errors
03:30:13,110 INFO Experiment.PerfCost-b181: Processed 4450 samples out of 10000, 0 errors
03:30:23,249 INFO Experiment.PerfCost-b181: Processed 4460 samples out of 10000, 0 errors
03:30:33,397 INFO Experiment.PerfCost-b181: Processed 4470 samples out of 10000, 0 errors
03:30:43,550 INFO Experiment.PerfCost-b181: Processed 4480 samples out of 10000, 0 errors
03:30:53,675 INFO Experiment.PerfCost-b181: Processed 4490 samples out of 10000, 0 errors
03:31:03,800 INFO Experiment.PerfCost-b181: Processed 4500 samples out of 10000, 0 errors
03:31:13,944 INFO Experiment.PerfCost-b181: Processed 4510 samples out of 10000, 0 errors
03:31:24,83 INFO Experiment.PerfCost-b181: Processed 4520 samples out of 10000, 0 errors
03:31:34,216 INFO Experiment.PerfCost-b181: Processed 4530 samples out of 10000, 0 errors
03:31:44,326 INFO Experiment.PerfCost-b181: Processed 4540 samples out of 10000, 0 errors
03:31:54,462 INFO Experiment.PerfCost-b181: Processed 4550 samples out of 10000, 0 errors
03:32:04,575 INFO Experiment.PerfCost-b181: Processed 4560 samples out of 10000, 0 errors
03:32:14,705 INFO Experiment.PerfCost-b181: Processed 4570 samples out of 10000, 0 errors
03:32:24,835 INFO Experiment.PerfCost-b181: Processed 4580 samples out of 10000, 0 errors
03:32:34,980 INFO Experiment.PerfCost-b181: Processed 4590 samples out of 10000, 0 errors
03:32:45,119 INFO Experiment.PerfCost-b181: Processed 4600 samples out of 10000, 0 errors
03:32:55,252 INFO Experiment.PerfCost-b181: Processed 4610 samples out of 10000, 0 errors
03:33:05,374 INFO Experiment.PerfCost-b181: Processed 4620 samples out of 10000, 0 errors
03:33:15,531 INFO Experiment.PerfCost-b181: Processed 4630 samples out of 10000, 0 errors
03:33:25,636 INFO Experiment.PerfCost-b181: Processed 4640 samples out of 10000, 0 errors
03:33:35,787 INFO Experiment.PerfCost-b181: Processed 4650 samples out of 10000, 0 errors
03:33:45,919 INFO Experiment.PerfCost-b181: Processed 4660 samples out of 10000, 0 errors
03:33:56,62 INFO Experiment.PerfCost-b181: Processed 4670 samples out of 10000, 0 errors
03:34:06,201 INFO Experiment.PerfCost-b181: Processed 4680 samples out of 10000, 0 errors
03:34:16,339 INFO Experiment.PerfCost-b181: Processed 4690 samples out of 10000, 0 errors
03:34:26,461 INFO Experiment.PerfCost-b181: Processed 4700 samples out of 10000, 0 errors
03:34:36,591 INFO Experiment.PerfCost-b181: Processed 4710 samples out of 10000, 0 errors
03:34:46,759 INFO Experiment.PerfCost-b181: Processed 4720 samples out of 10000, 0 errors
03:34:56,878 INFO Experiment.PerfCost-b181: Processed 4730 samples out of 10000, 0 errors
03:35:07,11 INFO Experiment.PerfCost-b181: Processed 4740 samples out of 10000, 0 errors
03:35:17,149 INFO Experiment.PerfCost-b181: Processed 4750 samples out of 10000, 0 errors
03:35:27,297 INFO Experiment.PerfCost-b181: Processed 4760 samples out of 10000, 0 errors
03:35:37,389 INFO Experiment.PerfCost-b181: Processed 4770 samples out of 10000, 0 errors
03:35:47,535 INFO Experiment.PerfCost-b181: Processed 4780 samples out of 10000, 0 errors
03:35:57,661 INFO Experiment.PerfCost-b181: Processed 4790 samples out of 10000, 0 errors
03:36:07,834 INFO Experiment.PerfCost-b181: Processed 4800 samples out of 10000, 0 errors
03:36:17,965 INFO Experiment.PerfCost-b181: Processed 4810 samples out of 10000, 0 errors
03:36:28,115 INFO Experiment.PerfCost-b181: Processed 4820 samples out of 10000, 0 errors
03:36:38,244 INFO Experiment.PerfCost-b181: Processed 4830 samples out of 10000, 0 errors
03:36:48,372 INFO Experiment.PerfCost-b181: Processed 4840 samples out of 10000, 0 errors
03:36:58,487 INFO Experiment.PerfCost-b181: Processed 4850 samples out of 10000, 0 errors
03:37:08,616 INFO Experiment.PerfCost-b181: Processed 4860 samples out of 10000, 0 errors
03:37:18,732 INFO Experiment.PerfCost-b181: Processed 4870 samples out of 10000, 0 errors
03:37:28,871 INFO Experiment.PerfCost-b181: Processed 4880 samples out of 10000, 0 errors
03:37:38,962 INFO Experiment.PerfCost-b181: Processed 4890 samples out of 10000, 0 errors
03:37:49,85 INFO Experiment.PerfCost-b181: Processed 4900 samples out of 10000, 0 errors
03:37:59,229 INFO Experiment.PerfCost-b181: Processed 4910 samples out of 10000, 0 errors
03:38:09,394 INFO Experiment.PerfCost-b181: Processed 4920 samples out of 10000, 0 errors
03:38:19,497 INFO Experiment.PerfCost-b181: Processed 4930 samples out of 10000, 0 errors
03:38:29,639 INFO Experiment.PerfCost-b181: Processed 4940 samples out of 10000, 0 errors
03:38:39,797 INFO Experiment.PerfCost-b181: Processed 4950 samples out of 10000, 0 errors
03:38:49,897 INFO Experiment.PerfCost-b181: Processed 4960 samples out of 10000, 0 errors
03:39:00,45 INFO Experiment.PerfCost-b181: Processed 4970 samples out of 10000, 0 errors
03:39:10,188 INFO Experiment.PerfCost-b181: Processed 4980 samples out of 10000, 0 errors
03:39:20,288 INFO Experiment.PerfCost-b181: Processed 4990 samples out of 10000, 0 errors
03:39:30,406 INFO Experiment.PerfCost-b181: Processed 5000 samples out of 10000, 0 errors
03:39:40,506 INFO Experiment.PerfCost-b181: Processed 5010 samples out of 10000, 0 errors
03:39:50,653 INFO Experiment.PerfCost-b181: Processed 5020 samples out of 10000, 0 errors
03:40:00,768 INFO Experiment.PerfCost-b181: Processed 5030 samples out of 10000, 0 errors
03:40:10,938 INFO Experiment.PerfCost-b181: Processed 5040 samples out of 10000, 0 errors
03:40:21,71 INFO Experiment.PerfCost-b181: Processed 5050 samples out of 10000, 0 errors
03:40:31,229 INFO Experiment.PerfCost-b181: Processed 5060 samples out of 10000, 0 errors
03:40:41,370 INFO Experiment.PerfCost-b181: Processed 5070 samples out of 10000, 0 errors
03:40:51,502 INFO Experiment.PerfCost-b181: Processed 5080 samples out of 10000, 0 errors
03:41:01,652 INFO Experiment.PerfCost-b181: Processed 5090 samples out of 10000, 0 errors
03:41:11,805 INFO Experiment.PerfCost-b181: Processed 5100 samples out of 10000, 0 errors
03:41:21,932 INFO Experiment.PerfCost-b181: Processed 5110 samples out of 10000, 0 errors
03:41:32,54 INFO Experiment.PerfCost-b181: Processed 5120 samples out of 10000, 0 errors
03:41:42,216 INFO Experiment.PerfCost-b181: Processed 5130 samples out of 10000, 0 errors
03:41:52,349 INFO Experiment.PerfCost-b181: Processed 5140 samples out of 10000, 0 errors
03:42:02,487 INFO Experiment.PerfCost-b181: Processed 5150 samples out of 10000, 0 errors
03:42:12,619 INFO Experiment.PerfCost-b181: Processed 5160 samples out of 10000, 0 errors
03:42:22,775 INFO Experiment.PerfCost-b181: Processed 5170 samples out of 10000, 0 errors
03:42:32,939 INFO Experiment.PerfCost-b181: Processed 5180 samples out of 10000, 0 errors
03:42:43,56 INFO Experiment.PerfCost-b181: Processed 5190 samples out of 10000, 0 errors
03:42:53,211 INFO Experiment.PerfCost-b181: Processed 5200 samples out of 10000, 0 errors
03:43:03,353 INFO Experiment.PerfCost-b181: Processed 5210 samples out of 10000, 0 errors
03:43:13,502 INFO Experiment.PerfCost-b181: Processed 5220 samples out of 10000, 0 errors
03:43:23,623 INFO Experiment.PerfCost-b181: Processed 5230 samples out of 10000, 0 errors
03:43:33,771 INFO Experiment.PerfCost-b181: Processed 5240 samples out of 10000, 0 errors
03:43:43,897 INFO Experiment.PerfCost-b181: Processed 5250 samples out of 10000, 0 errors
03:43:54,31 INFO Experiment.PerfCost-b181: Processed 5260 samples out of 10000, 0 errors
03:44:04,146 INFO Experiment.PerfCost-b181: Processed 5270 samples out of 10000, 0 errors
03:44:14,249 INFO Experiment.PerfCost-b181: Processed 5280 samples out of 10000, 0 errors
03:44:24,397 INFO Experiment.PerfCost-b181: Processed 5290 samples out of 10000, 0 errors
03:44:34,510 INFO Experiment.PerfCost-b181: Processed 5300 samples out of 10000, 0 errors
03:44:44,660 INFO Experiment.PerfCost-b181: Processed 5310 samples out of 10000, 0 errors
03:44:54,795 INFO Experiment.PerfCost-b181: Processed 5320 samples out of 10000, 0 errors
03:45:04,925 INFO Experiment.PerfCost-b181: Processed 5330 samples out of 10000, 0 errors
03:45:15,96 INFO Experiment.PerfCost-b181: Processed 5340 samples out of 10000, 0 errors
03:45:25,239 INFO Experiment.PerfCost-b181: Processed 5350 samples out of 10000, 0 errors
03:45:35,388 INFO Experiment.PerfCost-b181: Processed 5360 samples out of 10000, 0 errors
03:45:45,501 INFO Experiment.PerfCost-b181: Processed 5370 samples out of 10000, 0 errors
03:45:55,663 INFO Experiment.PerfCost-b181: Processed 5380 samples out of 10000, 0 errors
03:46:05,765 INFO Experiment.PerfCost-b181: Processed 5390 samples out of 10000, 0 errors
03:46:15,879 INFO Experiment.PerfCost-b181: Processed 5400 samples out of 10000, 0 errors
03:46:26,23 INFO Experiment.PerfCost-b181: Processed 5410 samples out of 10000, 0 errors
03:46:36,161 INFO Experiment.PerfCost-b181: Processed 5420 samples out of 10000, 0 errors
03:46:46,323 INFO Experiment.PerfCost-b181: Processed 5430 samples out of 10000, 0 errors
03:46:56,461 INFO Experiment.PerfCost-b181: Processed 5440 samples out of 10000, 0 errors
03:47:06,620 INFO Experiment.PerfCost-b181: Processed 5450 samples out of 10000, 0 errors
03:47:16,751 INFO Experiment.PerfCost-b181: Processed 5460 samples out of 10000, 0 errors
03:47:26,867 INFO Experiment.PerfCost-b181: Processed 5470 samples out of 10000, 0 errors
03:47:37,2 INFO Experiment.PerfCost-b181: Processed 5480 samples out of 10000, 0 errors
03:47:47,157 INFO Experiment.PerfCost-b181: Processed 5490 samples out of 10000, 0 errors
03:47:57,268 INFO Experiment.PerfCost-b181: Processed 5500 samples out of 10000, 0 errors
03:48:07,403 INFO Experiment.PerfCost-b181: Processed 5510 samples out of 10000, 0 errors
03:48:17,538 INFO Experiment.PerfCost-b181: Processed 5520 samples out of 10000, 0 errors
03:48:27,692 INFO Experiment.PerfCost-b181: Processed 5530 samples out of 10000, 0 errors
03:48:37,809 INFO Experiment.PerfCost-b181: Processed 5540 samples out of 10000, 0 errors
03:48:47,977 INFO Experiment.PerfCost-b181: Processed 5550 samples out of 10000, 0 errors
03:48:58,108 INFO Experiment.PerfCost-b181: Processed 5560 samples out of 10000, 0 errors
03:49:08,210 INFO Experiment.PerfCost-b181: Processed 5570 samples out of 10000, 0 errors
03:49:18,326 INFO Experiment.PerfCost-b181: Processed 5580 samples out of 10000, 0 errors
03:49:28,450 INFO Experiment.PerfCost-b181: Processed 5590 samples out of 10000, 0 errors
03:49:38,599 INFO Experiment.PerfCost-b181: Processed 5600 samples out of 10000, 0 errors
03:49:48,722 INFO Experiment.PerfCost-b181: Processed 5610 samples out of 10000, 0 errors
03:49:58,851 INFO Experiment.PerfCost-b181: Processed 5620 samples out of 10000, 0 errors
03:50:09,30 INFO Experiment.PerfCost-b181: Processed 5630 samples out of 10000, 0 errors
03:50:19,125 INFO Experiment.PerfCost-b181: Processed 5640 samples out of 10000, 0 errors
03:50:29,239 INFO Experiment.PerfCost-b181: Processed 5650 samples out of 10000, 0 errors
03:50:39,376 INFO Experiment.PerfCost-b181: Processed 5660 samples out of 10000, 0 errors
03:50:49,486 INFO Experiment.PerfCost-b181: Processed 5670 samples out of 10000, 0 errors
03:50:59,619 INFO Experiment.PerfCost-b181: Processed 5680 samples out of 10000, 0 errors
03:51:09,778 INFO Experiment.PerfCost-b181: Processed 5690 samples out of 10000, 0 errors
03:51:19,899 INFO Experiment.PerfCost-b181: Processed 5700 samples out of 10000, 0 errors
03:51:30,52 INFO Experiment.PerfCost-b181: Processed 5710 samples out of 10000, 0 errors
03:51:40,137 INFO Experiment.PerfCost-b181: Processed 5720 samples out of 10000, 0 errors
03:51:50,261 INFO Experiment.PerfCost-b181: Processed 5730 samples out of 10000, 0 errors
03:52:00,399 INFO Experiment.PerfCost-b181: Processed 5740 samples out of 10000, 0 errors
03:52:10,584 INFO Experiment.PerfCost-b181: Processed 5750 samples out of 10000, 0 errors
03:52:20,692 INFO Experiment.PerfCost-b181: Processed 5760 samples out of 10000, 0 errors
03:52:30,798 INFO Experiment.PerfCost-b181: Processed 5770 samples out of 10000, 0 errors
03:52:40,961 INFO Experiment.PerfCost-b181: Processed 5780 samples out of 10000, 0 errors
03:52:51,65 INFO Experiment.PerfCost-b181: Processed 5790 samples out of 10000, 0 errors
03:53:01,221 INFO Experiment.PerfCost-b181: Processed 5800 samples out of 10000, 0 errors
03:53:11,341 INFO Experiment.PerfCost-b181: Processed 5810 samples out of 10000, 0 errors
03:53:21,521 INFO Experiment.PerfCost-b181: Processed 5820 samples out of 10000, 0 errors
03:53:31,659 INFO Experiment.PerfCost-b181: Processed 5830 samples out of 10000, 0 errors
03:53:41,807 INFO Experiment.PerfCost-b181: Processed 5840 samples out of 10000, 0 errors
03:53:51,997 INFO Experiment.PerfCost-b181: Processed 5850 samples out of 10000, 0 errors
03:54:02,135 INFO Experiment.PerfCost-b181: Processed 5860 samples out of 10000, 0 errors
03:54:12,287 INFO Experiment.PerfCost-b181: Processed 5870 samples out of 10000, 0 errors
03:54:22,392 INFO Experiment.PerfCost-b181: Processed 5880 samples out of 10000, 0 errors
03:54:32,634 INFO Experiment.PerfCost-b181: Processed 5890 samples out of 10000, 0 errors
03:54:42,759 INFO Experiment.PerfCost-b181: Processed 5900 samples out of 10000, 0 errors
03:54:52,871 INFO Experiment.PerfCost-b181: Processed 5910 samples out of 10000, 0 errors
03:55:02,988 INFO Experiment.PerfCost-b181: Processed 5920 samples out of 10000, 0 errors
03:55:13,112 INFO Experiment.PerfCost-b181: Processed 5930 samples out of 10000, 0 errors
03:55:23,252 INFO Experiment.PerfCost-b181: Processed 5940 samples out of 10000, 0 errors
03:55:33,375 INFO Experiment.PerfCost-b181: Processed 5950 samples out of 10000, 0 errors
03:55:43,518 INFO Experiment.PerfCost-b181: Processed 5960 samples out of 10000, 0 errors
03:55:53,671 INFO Experiment.PerfCost-b181: Processed 5970 samples out of 10000, 0 errors
03:56:03,789 INFO Experiment.PerfCost-b181: Processed 5980 samples out of 10000, 0 errors
03:56:13,928 INFO Experiment.PerfCost-b181: Processed 5990 samples out of 10000, 0 errors
03:56:24,68 INFO Experiment.PerfCost-b181: Processed 6000 samples out of 10000, 0 errors
03:56:34,224 INFO Experiment.PerfCost-b181: Processed 6010 samples out of 10000, 0 errors
03:56:44,396 INFO Experiment.PerfCost-b181: Processed 6020 samples out of 10000, 0 errors
03:56:54,502 INFO Experiment.PerfCost-b181: Processed 6030 samples out of 10000, 0 errors
03:57:04,617 INFO Experiment.PerfCost-b181: Processed 6040 samples out of 10000, 0 errors
03:57:14,772 INFO Experiment.PerfCost-b181: Processed 6050 samples out of 10000, 0 errors
03:57:24,898 INFO Experiment.PerfCost-b181: Processed 6060 samples out of 10000, 0 errors
03:57:35,16 INFO Experiment.PerfCost-b181: Processed 6070 samples out of 10000, 0 errors
03:57:45,117 INFO Experiment.PerfCost-b181: Processed 6080 samples out of 10000, 0 errors
03:57:55,267 INFO Experiment.PerfCost-b181: Processed 6090 samples out of 10000, 0 errors
03:58:05,415 INFO Experiment.PerfCost-b181: Processed 6100 samples out of 10000, 0 errors
03:58:15,571 INFO Experiment.PerfCost-b181: Processed 6110 samples out of 10000, 0 errors
03:58:25,724 INFO Experiment.PerfCost-b181: Processed 6120 samples out of 10000, 0 errors
03:58:35,847 INFO Experiment.PerfCost-b181: Processed 6130 samples out of 10000, 0 errors
03:58:45,967 INFO Experiment.PerfCost-b181: Processed 6140 samples out of 10000, 0 errors
03:58:56,131 INFO Experiment.PerfCost-b181: Processed 6150 samples out of 10000, 0 errors
03:59:06,256 INFO Experiment.PerfCost-b181: Processed 6160 samples out of 10000, 0 errors
03:59:16,377 INFO Experiment.PerfCost-b181: Processed 6170 samples out of 10000, 0 errors
03:59:26,518 INFO Experiment.PerfCost-b181: Processed 6180 samples out of 10000, 0 errors
03:59:36,657 INFO Experiment.PerfCost-b181: Processed 6190 samples out of 10000, 0 errors
03:59:46,783 INFO Experiment.PerfCost-b181: Processed 6200 samples out of 10000, 0 errors
03:59:56,930 INFO Experiment.PerfCost-b181: Processed 6210 samples out of 10000, 0 errors
04:00:07,81 INFO Experiment.PerfCost-b181: Processed 6220 samples out of 10000, 0 errors
04:00:17,210 INFO Experiment.PerfCost-b181: Processed 6230 samples out of 10000, 0 errors
04:00:27,366 INFO Experiment.PerfCost-b181: Processed 6240 samples out of 10000, 0 errors
04:00:37,491 INFO Experiment.PerfCost-b181: Processed 6250 samples out of 10000, 0 errors
04:00:47,623 INFO Experiment.PerfCost-b181: Processed 6260 samples out of 10000, 0 errors
04:00:57,774 INFO Experiment.PerfCost-b181: Processed 6270 samples out of 10000, 0 errors
04:01:07,907 INFO Experiment.PerfCost-b181: Processed 6280 samples out of 10000, 0 errors
04:01:18,55 INFO Experiment.PerfCost-b181: Processed 6290 samples out of 10000, 0 errors
04:01:28,217 INFO Experiment.PerfCost-b181: Processed 6300 samples out of 10000, 0 errors
04:01:38,339 INFO Experiment.PerfCost-b181: Processed 6310 samples out of 10000, 0 errors
04:01:48,481 INFO Experiment.PerfCost-b181: Processed 6320 samples out of 10000, 0 errors
04:01:58,616 INFO Experiment.PerfCost-b181: Processed 6330 samples out of 10000, 0 errors
04:02:08,742 INFO Experiment.PerfCost-b181: Processed 6340 samples out of 10000, 0 errors
04:02:18,879 INFO Experiment.PerfCost-b181: Processed 6350 samples out of 10000, 0 errors
04:02:29,13 INFO Experiment.PerfCost-b181: Processed 6360 samples out of 10000, 0 errors
04:02:39,148 INFO Experiment.PerfCost-b181: Processed 6370 samples out of 10000, 0 errors
04:02:49,325 INFO Experiment.PerfCost-b181: Processed 6380 samples out of 10000, 0 errors
04:02:59,468 INFO Experiment.PerfCost-b181: Processed 6390 samples out of 10000, 0 errors
04:03:09,601 INFO Experiment.PerfCost-b181: Processed 6400 samples out of 10000, 0 errors
04:03:19,750 INFO Experiment.PerfCost-b181: Processed 6410 samples out of 10000, 0 errors
04:03:29,877 INFO Experiment.PerfCost-b181: Processed 6420 samples out of 10000, 0 errors
04:03:40,7 INFO Experiment.PerfCost-b181: Processed 6430 samples out of 10000, 0 errors
04:03:50,158 INFO Experiment.PerfCost-b181: Processed 6440 samples out of 10000, 0 errors
04:04:00,313 INFO Experiment.PerfCost-b181: Processed 6450 samples out of 10000, 0 errors
04:04:10,442 INFO Experiment.PerfCost-b181: Processed 6460 samples out of 10000, 0 errors
04:04:20,555 INFO Experiment.PerfCost-b181: Processed 6470 samples out of 10000, 0 errors
04:04:30,728 INFO Experiment.PerfCost-b181: Processed 6480 samples out of 10000, 0 errors
04:04:40,834 INFO Experiment.PerfCost-b181: Processed 6490 samples out of 10000, 0 errors
04:04:50,988 INFO Experiment.PerfCost-b181: Processed 6500 samples out of 10000, 0 errors
04:05:01,135 INFO Experiment.PerfCost-b181: Processed 6510 samples out of 10000, 0 errors
04:05:11,233 INFO Experiment.PerfCost-b181: Processed 6520 samples out of 10000, 0 errors
04:05:21,378 INFO Experiment.PerfCost-b181: Processed 6530 samples out of 10000, 0 errors
04:05:31,499 INFO Experiment.PerfCost-b181: Processed 6540 samples out of 10000, 0 errors
04:05:41,647 INFO Experiment.PerfCost-b181: Processed 6550 samples out of 10000, 0 errors
04:05:51,769 INFO Experiment.PerfCost-b181: Processed 6560 samples out of 10000, 0 errors
04:06:01,916 INFO Experiment.PerfCost-b181: Processed 6570 samples out of 10000, 0 errors
04:06:12,29 INFO Experiment.PerfCost-b181: Processed 6580 samples out of 10000, 0 errors
04:06:22,199 INFO Experiment.PerfCost-b181: Processed 6590 samples out of 10000, 0 errors
04:06:32,341 INFO Experiment.PerfCost-b181: Processed 6600 samples out of 10000, 0 errors
04:06:42,486 INFO Experiment.PerfCost-b181: Processed 6610 samples out of 10000, 0 errors
04:06:52,639 INFO Experiment.PerfCost-b181: Processed 6620 samples out of 10000, 0 errors
04:07:02,795 INFO Experiment.PerfCost-b181: Processed 6630 samples out of 10000, 0 errors
04:07:12,915 INFO Experiment.PerfCost-b181: Processed 6640 samples out of 10000, 0 errors
04:07:23,15 INFO Experiment.PerfCost-b181: Processed 6650 samples out of 10000, 0 errors
04:07:33,126 INFO Experiment.PerfCost-b181: Processed 6660 samples out of 10000, 0 errors
04:07:43,251 INFO Experiment.PerfCost-b181: Processed 6670 samples out of 10000, 0 errors
04:07:53,403 INFO Experiment.PerfCost-b181: Processed 6680 samples out of 10000, 0 errors
04:08:03,543 INFO Experiment.PerfCost-b181: Processed 6690 samples out of 10000, 0 errors
04:08:13,668 INFO Experiment.PerfCost-b181: Processed 6700 samples out of 10000, 0 errors
04:08:23,795 INFO Experiment.PerfCost-b181: Processed 6710 samples out of 10000, 0 errors
04:08:33,882 INFO Experiment.PerfCost-b181: Processed 6720 samples out of 10000, 0 errors
04:08:44,40 INFO Experiment.PerfCost-b181: Processed 6730 samples out of 10000, 0 errors
04:08:54,155 INFO Experiment.PerfCost-b181: Processed 6740 samples out of 10000, 0 errors
04:09:04,305 INFO Experiment.PerfCost-b181: Processed 6750 samples out of 10000, 0 errors
04:09:14,457 INFO Experiment.PerfCost-b181: Processed 6760 samples out of 10000, 0 errors
04:09:24,554 INFO Experiment.PerfCost-b181: Processed 6770 samples out of 10000, 0 errors
04:09:34,695 INFO Experiment.PerfCost-b181: Processed 6780 samples out of 10000, 0 errors
04:09:44,840 INFO Experiment.PerfCost-b181: Processed 6790 samples out of 10000, 0 errors
04:09:54,989 INFO Experiment.PerfCost-b181: Processed 6800 samples out of 10000, 0 errors
04:10:05,119 INFO Experiment.PerfCost-b181: Processed 6810 samples out of 10000, 0 errors
04:10:15,266 INFO Experiment.PerfCost-b181: Processed 6820 samples out of 10000, 0 errors
04:10:25,427 INFO Experiment.PerfCost-b181: Processed 6830 samples out of 10000, 0 errors
04:10:35,533 INFO Experiment.PerfCost-b181: Processed 6840 samples out of 10000, 0 errors
04:10:45,674 INFO Experiment.PerfCost-b181: Processed 6850 samples out of 10000, 0 errors
04:10:55,810 INFO Experiment.PerfCost-b181: Processed 6860 samples out of 10000, 0 errors
04:11:05,930 INFO Experiment.PerfCost-b181: Processed 6870 samples out of 10000, 0 errors
04:11:16,75 INFO Experiment.PerfCost-b181: Processed 6880 samples out of 10000, 0 errors
04:11:26,216 INFO Experiment.PerfCost-b181: Processed 6890 samples out of 10000, 0 errors
04:11:36,366 INFO Experiment.PerfCost-b181: Processed 6900 samples out of 10000, 0 errors
04:11:46,502 INFO Experiment.PerfCost-b181: Processed 6910 samples out of 10000, 0 errors
04:11:56,627 INFO Experiment.PerfCost-b181: Processed 6920 samples out of 10000, 0 errors
04:12:06,764 INFO Experiment.PerfCost-b181: Processed 6930 samples out of 10000, 0 errors
04:12:16,916 INFO Experiment.PerfCost-b181: Processed 6940 samples out of 10000, 0 errors
04:12:27,57 INFO Experiment.PerfCost-b181: Processed 6950 samples out of 10000, 0 errors
04:12:37,212 INFO Experiment.PerfCost-b181: Processed 6960 samples out of 10000, 0 errors
04:12:47,333 INFO Experiment.PerfCost-b181: Processed 6970 samples out of 10000, 0 errors
04:12:57,482 INFO Experiment.PerfCost-b181: Processed 6980 samples out of 10000, 0 errors
04:13:07,636 INFO Experiment.PerfCost-b181: Processed 6990 samples out of 10000, 0 errors
04:13:17,774 INFO Experiment.PerfCost-b181: Processed 7000 samples out of 10000, 0 errors
04:13:27,879 INFO Experiment.PerfCost-b181: Processed 7010 samples out of 10000, 0 errors
04:13:37,974 INFO Experiment.PerfCost-b181: Processed 7020 samples out of 10000, 0 errors
04:13:48,152 INFO Experiment.PerfCost-b181: Processed 7030 samples out of 10000, 0 errors
04:13:58,259 INFO Experiment.PerfCost-b181: Processed 7040 samples out of 10000, 0 errors
04:14:08,425 INFO Experiment.PerfCost-b181: Processed 7050 samples out of 10000, 0 errors
04:14:18,545 INFO Experiment.PerfCost-b181: Processed 7060 samples out of 10000, 0 errors
04:14:28,665 INFO Experiment.PerfCost-b181: Processed 7070 samples out of 10000, 0 errors
04:14:38,790 INFO Experiment.PerfCost-b181: Processed 7080 samples out of 10000, 0 errors
04:14:48,935 INFO Experiment.PerfCost-b181: Processed 7090 samples out of 10000, 0 errors
04:14:59,52 INFO Experiment.PerfCost-b181: Processed 7100 samples out of 10000, 0 errors
04:15:09,155 INFO Experiment.PerfCost-b181: Processed 7110 samples out of 10000, 0 errors
04:15:19,281 INFO Experiment.PerfCost-b181: Processed 7120 samples out of 10000, 0 errors
04:15:29,405 INFO Experiment.PerfCost-b181: Processed 7130 samples out of 10000, 0 errors
04:15:39,508 INFO Experiment.PerfCost-b181: Processed 7140 samples out of 10000, 0 errors
04:15:49,660 INFO Experiment.PerfCost-b181: Processed 7150 samples out of 10000, 0 errors
04:15:59,804 INFO Experiment.PerfCost-b181: Processed 7160 samples out of 10000, 0 errors
04:16:09,952 INFO Experiment.PerfCost-b181: Processed 7170 samples out of 10000, 0 errors
04:16:20,106 INFO Experiment.PerfCost-b181: Processed 7180 samples out of 10000, 0 errors
04:16:30,235 INFO Experiment.PerfCost-b181: Processed 7190 samples out of 10000, 0 errors
04:16:40,368 INFO Experiment.PerfCost-b181: Processed 7200 samples out of 10000, 0 errors
04:16:50,486 INFO Experiment.PerfCost-b181: Processed 7210 samples out of 10000, 0 errors
04:17:00,608 INFO Experiment.PerfCost-b181: Processed 7220 samples out of 10000, 0 errors
04:17:10,765 INFO Experiment.PerfCost-b181: Processed 7230 samples out of 10000, 0 errors
04:17:20,908 INFO Experiment.PerfCost-b181: Processed 7240 samples out of 10000, 0 errors
04:17:31,23 INFO Experiment.PerfCost-b181: Processed 7250 samples out of 10000, 0 errors
04:17:41,163 INFO Experiment.PerfCost-b181: Processed 7260 samples out of 10000, 0 errors
04:17:51,302 INFO Experiment.PerfCost-b181: Processed 7270 samples out of 10000, 0 errors
04:18:01,436 INFO Experiment.PerfCost-b181: Processed 7280 samples out of 10000, 0 errors
04:18:11,550 INFO Experiment.PerfCost-b181: Processed 7290 samples out of 10000, 0 errors
04:18:21,695 INFO Experiment.PerfCost-b181: Processed 7300 samples out of 10000, 0 errors
04:18:31,816 INFO Experiment.PerfCost-b181: Processed 7310 samples out of 10000, 0 errors
04:18:41,951 INFO Experiment.PerfCost-b181: Processed 7320 samples out of 10000, 0 errors
04:18:52,90 INFO Experiment.PerfCost-b181: Processed 7330 samples out of 10000, 0 errors
04:19:02,217 INFO Experiment.PerfCost-b181: Processed 7340 samples out of 10000, 0 errors
04:19:12,386 INFO Experiment.PerfCost-b181: Processed 7350 samples out of 10000, 0 errors
04:19:22,520 INFO Experiment.PerfCost-b181: Processed 7360 samples out of 10000, 0 errors
04:19:32,668 INFO Experiment.PerfCost-b181: Processed 7370 samples out of 10000, 0 errors
04:19:42,782 INFO Experiment.PerfCost-b181: Processed 7380 samples out of 10000, 0 errors
04:19:52,896 INFO Experiment.PerfCost-b181: Processed 7390 samples out of 10000, 0 errors
04:20:03,16 INFO Experiment.PerfCost-b181: Processed 7400 samples out of 10000, 0 errors
04:20:13,157 INFO Experiment.PerfCost-b181: Processed 7410 samples out of 10000, 0 errors
04:20:23,267 INFO Experiment.PerfCost-b181: Processed 7420 samples out of 10000, 0 errors
04:20:33,428 INFO Experiment.PerfCost-b181: Processed 7430 samples out of 10000, 0 errors
04:20:43,533 INFO Experiment.PerfCost-b181: Processed 7440 samples out of 10000, 0 errors
04:20:53,674 INFO Experiment.PerfCost-b181: Processed 7450 samples out of 10000, 0 errors
04:21:03,841 INFO Experiment.PerfCost-b181: Processed 7460 samples out of 10000, 0 errors
04:21:13,961 INFO Experiment.PerfCost-b181: Processed 7470 samples out of 10000, 0 errors
04:21:24,90 INFO Experiment.PerfCost-b181: Processed 7480 samples out of 10000, 0 errors
04:21:34,206 INFO Experiment.PerfCost-b181: Processed 7490 samples out of 10000, 0 errors
04:21:44,348 INFO Experiment.PerfCost-b181: Processed 7500 samples out of 10000, 0 errors
04:21:54,477 INFO Experiment.PerfCost-b181: Processed 7510 samples out of 10000, 0 errors
04:22:04,592 INFO Experiment.PerfCost-b181: Processed 7520 samples out of 10000, 0 errors
04:22:14,739 INFO Experiment.PerfCost-b181: Processed 7530 samples out of 10000, 0 errors
04:22:24,843 INFO Experiment.PerfCost-b181: Processed 7540 samples out of 10000, 0 errors
04:22:34,981 INFO Experiment.PerfCost-b181: Processed 7550 samples out of 10000, 0 errors
04:22:45,142 INFO Experiment.PerfCost-b181: Processed 7560 samples out of 10000, 0 errors
04:22:55,269 INFO Experiment.PerfCost-b181: Processed 7570 samples out of 10000, 0 errors
04:23:05,432 INFO Experiment.PerfCost-b181: Processed 7580 samples out of 10000, 0 errors
04:23:15,533 INFO Experiment.PerfCost-b181: Processed 7590 samples out of 10000, 0 errors
04:23:25,677 INFO Experiment.PerfCost-b181: Processed 7600 samples out of 10000, 0 errors
04:23:35,816 INFO Experiment.PerfCost-b181: Processed 7610 samples out of 10000, 0 errors
04:23:45,950 INFO Experiment.PerfCost-b181: Processed 7620 samples out of 10000, 0 errors
04:23:56,90 INFO Experiment.PerfCost-b181: Processed 7630 samples out of 10000, 0 errors
04:24:06,241 INFO Experiment.PerfCost-b181: Processed 7640 samples out of 10000, 0 errors
04:24:16,389 INFO Experiment.PerfCost-b181: Processed 7650 samples out of 10000, 0 errors
04:24:26,505 INFO Experiment.PerfCost-b181: Processed 7660 samples out of 10000, 0 errors
04:24:36,621 INFO Experiment.PerfCost-b181: Processed 7670 samples out of 10000, 0 errors
04:24:46,763 INFO Experiment.PerfCost-b181: Processed 7680 samples out of 10000, 0 errors
04:24:56,910 INFO Experiment.PerfCost-b181: Processed 7690 samples out of 10000, 0 errors
04:25:07,34 INFO Experiment.PerfCost-b181: Processed 7700 samples out of 10000, 0 errors
04:25:17,183 INFO Experiment.PerfCost-b181: Processed 7710 samples out of 10000, 0 errors
04:25:27,331 INFO Experiment.PerfCost-b181: Processed 7720 samples out of 10000, 0 errors
04:25:37,449 INFO Experiment.PerfCost-b181: Processed 7730 samples out of 10000, 0 errors
04:25:47,589 INFO Experiment.PerfCost-b181: Processed 7740 samples out of 10000, 0 errors
04:25:57,717 INFO Experiment.PerfCost-b181: Processed 7750 samples out of 10000, 0 errors
04:26:07,845 INFO Experiment.PerfCost-b181: Processed 7760 samples out of 10000, 0 errors
04:26:17,982 INFO Experiment.PerfCost-b181: Processed 7770 samples out of 10000, 0 errors
04:26:28,144 INFO Experiment.PerfCost-b181: Processed 7780 samples out of 10000, 0 errors
04:26:38,265 INFO Experiment.PerfCost-b181: Processed 7790 samples out of 10000, 0 errors
04:26:48,397 INFO Experiment.PerfCost-b181: Processed 7800 samples out of 10000, 0 errors
04:26:58,539 INFO Experiment.PerfCost-b181: Processed 7810 samples out of 10000, 0 errors
04:27:08,681 INFO Experiment.PerfCost-b181: Processed 7820 samples out of 10000, 0 errors
04:27:18,804 INFO Experiment.PerfCost-b181: Processed 7830 samples out of 10000, 0 errors
04:27:28,932 INFO Experiment.PerfCost-b181: Processed 7840 samples out of 10000, 0 errors
04:27:39,60 INFO Experiment.PerfCost-b181: Processed 7850 samples out of 10000, 0 errors
04:27:49,222 INFO Experiment.PerfCost-b181: Processed 7860 samples out of 10000, 0 errors
04:27:59,355 INFO Experiment.PerfCost-b181: Processed 7870 samples out of 10000, 0 errors
04:28:09,483 INFO Experiment.PerfCost-b181: Processed 7880 samples out of 10000, 0 errors
04:28:19,601 INFO Experiment.PerfCost-b181: Processed 7890 samples out of 10000, 0 errors
04:28:29,713 INFO Experiment.PerfCost-b181: Processed 7900 samples out of 10000, 0 errors
04:28:39,880 INFO Experiment.PerfCost-b181: Processed 7910 samples out of 10000, 0 errors
04:28:49,989 INFO Experiment.PerfCost-b181: Processed 7920 samples out of 10000, 0 errors
04:29:00,123 INFO Experiment.PerfCost-b181: Processed 7930 samples out of 10000, 0 errors
04:29:10,249 INFO Experiment.PerfCost-b181: Processed 7940 samples out of 10000, 0 errors
04:29:20,415 INFO Experiment.PerfCost-b181: Processed 7950 samples out of 10000, 0 errors
04:29:30,538 INFO Experiment.PerfCost-b181: Processed 7960 samples out of 10000, 0 errors
04:29:40,639 INFO Experiment.PerfCost-b181: Processed 7970 samples out of 10000, 0 errors
04:29:50,788 INFO Experiment.PerfCost-b181: Processed 7980 samples out of 10000, 0 errors
04:30:00,936 INFO Experiment.PerfCost-b181: Processed 7990 samples out of 10000, 0 errors
04:30:11,97 INFO Experiment.PerfCost-b181: Processed 8000 samples out of 10000, 0 errors
04:30:21,222 INFO Experiment.PerfCost-b181: Processed 8010 samples out of 10000, 0 errors
04:30:31,391 INFO Experiment.PerfCost-b181: Processed 8020 samples out of 10000, 0 errors
04:30:41,511 INFO Experiment.PerfCost-b181: Processed 8030 samples out of 10000, 0 errors
04:30:51,680 INFO Experiment.PerfCost-b181: Processed 8040 samples out of 10000, 0 errors
04:31:01,776 INFO Experiment.PerfCost-b181: Processed 8050 samples out of 10000, 0 errors
04:31:11,926 INFO Experiment.PerfCost-b181: Processed 8060 samples out of 10000, 0 errors
04:31:22,49 INFO Experiment.PerfCost-b181: Processed 8070 samples out of 10000, 0 errors
04:31:32,213 INFO Experiment.PerfCost-b181: Processed 8080 samples out of 10000, 0 errors
04:31:42,358 INFO Experiment.PerfCost-b181: Processed 8090 samples out of 10000, 0 errors
04:31:52,512 INFO Experiment.PerfCost-b181: Processed 8100 samples out of 10000, 0 errors
04:32:02,626 INFO Experiment.PerfCost-b181: Processed 8110 samples out of 10000, 0 errors
04:32:12,769 INFO Experiment.PerfCost-b181: Processed 8120 samples out of 10000, 0 errors
04:32:22,884 INFO Experiment.PerfCost-b181: Processed 8130 samples out of 10000, 0 errors
04:32:33,49 INFO Experiment.PerfCost-b181: Processed 8140 samples out of 10000, 0 errors
04:32:43,210 INFO Experiment.PerfCost-b181: Processed 8150 samples out of 10000, 0 errors
04:32:53,329 INFO Experiment.PerfCost-b181: Processed 8160 samples out of 10000, 0 errors
04:33:03,448 INFO Experiment.PerfCost-b181: Processed 8170 samples out of 10000, 0 errors
04:33:13,600 INFO Experiment.PerfCost-b181: Processed 8180 samples out of 10000, 0 errors
04:33:23,757 INFO Experiment.PerfCost-b181: Processed 8190 samples out of 10000, 0 errors
04:33:33,867 INFO Experiment.PerfCost-b181: Processed 8200 samples out of 10000, 0 errors
04:33:44,12 INFO Experiment.PerfCost-b181: Processed 8210 samples out of 10000, 0 errors
04:33:54,150 INFO Experiment.PerfCost-b181: Processed 8220 samples out of 10000, 0 errors
04:34:04,280 INFO Experiment.PerfCost-b181: Processed 8230 samples out of 10000, 0 errors
04:34:14,448 INFO Experiment.PerfCost-b181: Processed 8240 samples out of 10000, 0 errors
04:34:24,591 INFO Experiment.PerfCost-b181: Processed 8250 samples out of 10000, 0 errors
04:34:34,755 INFO Experiment.PerfCost-b181: Processed 8260 samples out of 10000, 0 errors
04:34:44,870 INFO Experiment.PerfCost-b181: Processed 8270 samples out of 10000, 0 errors
04:34:55,6 INFO Experiment.PerfCost-b181: Processed 8280 samples out of 10000, 0 errors
04:35:05,157 INFO Experiment.PerfCost-b181: Processed 8290 samples out of 10000, 0 errors
04:35:15,306 INFO Experiment.PerfCost-b181: Processed 8300 samples out of 10000, 0 errors
04:35:25,420 INFO Experiment.PerfCost-b181: Processed 8310 samples out of 10000, 0 errors
04:35:35,525 INFO Experiment.PerfCost-b181: Processed 8320 samples out of 10000, 0 errors
04:35:45,634 INFO Experiment.PerfCost-b181: Processed 8330 samples out of 10000, 0 errors
04:35:55,783 INFO Experiment.PerfCost-b181: Processed 8340 samples out of 10000, 0 errors
04:36:05,926 INFO Experiment.PerfCost-b181: Processed 8350 samples out of 10000, 0 errors
04:36:16,41 INFO Experiment.PerfCost-b181: Processed 8360 samples out of 10000, 0 errors
04:36:26,176 INFO Experiment.PerfCost-b181: Processed 8370 samples out of 10000, 0 errors
04:36:36,306 INFO Experiment.PerfCost-b181: Processed 8380 samples out of 10000, 0 errors
04:36:46,447 INFO Experiment.PerfCost-b181: Processed 8390 samples out of 10000, 0 errors
04:36:56,598 INFO Experiment.PerfCost-b181: Processed 8400 samples out of 10000, 0 errors
04:37:06,758 INFO Experiment.PerfCost-b181: Processed 8410 samples out of 10000, 0 errors
04:37:16,902 INFO Experiment.PerfCost-b181: Processed 8420 samples out of 10000, 0 errors
04:37:27,52 INFO Experiment.PerfCost-b181: Processed 8430 samples out of 10000, 0 errors
04:37:37,211 INFO Experiment.PerfCost-b181: Processed 8440 samples out of 10000, 0 errors
04:37:47,326 INFO Experiment.PerfCost-b181: Processed 8450 samples out of 10000, 0 errors
04:37:57,454 INFO Experiment.PerfCost-b181: Processed 8460 samples out of 10000, 0 errors
04:38:07,592 INFO Experiment.PerfCost-b181: Processed 8470 samples out of 10000, 0 errors
04:38:17,725 INFO Experiment.PerfCost-b181: Processed 8480 samples out of 10000, 0 errors
04:38:27,863 INFO Experiment.PerfCost-b181: Processed 8490 samples out of 10000, 0 errors
04:38:37,996 INFO Experiment.PerfCost-b181: Processed 8500 samples out of 10000, 0 errors
04:38:48,139 INFO Experiment.PerfCost-b181: Processed 8510 samples out of 10000, 0 errors
04:38:58,258 INFO Experiment.PerfCost-b181: Processed 8520 samples out of 10000, 0 errors
04:39:08,418 INFO Experiment.PerfCost-b181: Processed 8530 samples out of 10000, 0 errors
04:39:18,532 INFO Experiment.PerfCost-b181: Processed 8540 samples out of 10000, 0 errors
04:39:28,714 INFO Experiment.PerfCost-b181: Processed 8550 samples out of 10000, 0 errors
04:39:38,870 INFO Experiment.PerfCost-b181: Processed 8560 samples out of 10000, 0 errors
04:39:48,988 INFO Experiment.PerfCost-b181: Processed 8570 samples out of 10000, 0 errors
04:39:59,118 INFO Experiment.PerfCost-b181: Processed 8580 samples out of 10000, 0 errors
04:40:09,256 INFO Experiment.PerfCost-b181: Processed 8590 samples out of 10000, 0 errors
04:40:19,365 INFO Experiment.PerfCost-b181: Processed 8600 samples out of 10000, 0 errors
04:40:29,478 INFO Experiment.PerfCost-b181: Processed 8610 samples out of 10000, 0 errors
04:40:39,614 INFO Experiment.PerfCost-b181: Processed 8620 samples out of 10000, 0 errors
04:40:49,750 INFO Experiment.PerfCost-b181: Processed 8630 samples out of 10000, 0 errors
04:40:59,862 INFO Experiment.PerfCost-b181: Processed 8640 samples out of 10000, 0 errors
04:41:10,22 INFO Experiment.PerfCost-b181: Processed 8650 samples out of 10000, 0 errors
04:41:20,152 INFO Experiment.PerfCost-b181: Processed 8660 samples out of 10000, 0 errors
04:41:30,294 INFO Experiment.PerfCost-b181: Processed 8670 samples out of 10000, 0 errors
04:41:40,394 INFO Experiment.PerfCost-b181: Processed 8680 samples out of 10000, 0 errors
04:41:50,527 INFO Experiment.PerfCost-b181: Processed 8690 samples out of 10000, 0 errors
04:42:00,679 INFO Experiment.PerfCost-b181: Processed 8700 samples out of 10000, 0 errors
04:42:10,806 INFO Experiment.PerfCost-b181: Processed 8710 samples out of 10000, 0 errors
04:42:20,976 INFO Experiment.PerfCost-b181: Processed 8720 samples out of 10000, 0 errors
04:42:31,128 INFO Experiment.PerfCost-b181: Processed 8730 samples out of 10000, 0 errors
04:42:41,243 INFO Experiment.PerfCost-b181: Processed 8740 samples out of 10000, 0 errors
04:42:51,378 INFO Experiment.PerfCost-b181: Processed 8750 samples out of 10000, 0 errors
04:43:01,499 INFO Experiment.PerfCost-b181: Processed 8760 samples out of 10000, 0 errors
04:43:11,646 INFO Experiment.PerfCost-b181: Processed 8770 samples out of 10000, 0 errors
04:43:21,773 INFO Experiment.PerfCost-b181: Processed 8780 samples out of 10000, 0 errors
04:43:31,908 INFO Experiment.PerfCost-b181: Processed 8790 samples out of 10000, 0 errors
04:43:42,48 INFO Experiment.PerfCost-b181: Processed 8800 samples out of 10000, 0 errors
04:43:52,165 INFO Experiment.PerfCost-b181: Processed 8810 samples out of 10000, 0 errors
04:44:02,319 INFO Experiment.PerfCost-b181: Processed 8820 samples out of 10000, 0 errors
04:44:12,447 INFO Experiment.PerfCost-b181: Processed 8830 samples out of 10000, 0 errors
04:44:22,552 INFO Experiment.PerfCost-b181: Processed 8840 samples out of 10000, 0 errors
04:44:32,727 INFO Experiment.PerfCost-b181: Processed 8850 samples out of 10000, 0 errors
04:44:42,876 INFO Experiment.PerfCost-b181: Processed 8860 samples out of 10000, 0 errors
04:44:52,978 INFO Experiment.PerfCost-b181: Processed 8870 samples out of 10000, 0 errors
04:45:03,106 INFO Experiment.PerfCost-b181: Processed 8880 samples out of 10000, 0 errors
04:45:13,252 INFO Experiment.PerfCost-b181: Processed 8890 samples out of 10000, 0 errors
04:45:23,402 INFO Experiment.PerfCost-b181: Processed 8900 samples out of 10000, 0 errors
04:45:33,519 INFO Experiment.PerfCost-b181: Processed 8910 samples out of 10000, 0 errors
04:45:43,631 INFO Experiment.PerfCost-b181: Processed 8920 samples out of 10000, 0 errors
04:45:53,776 INFO Experiment.PerfCost-b181: Processed 8930 samples out of 10000, 0 errors
04:46:03,899 INFO Experiment.PerfCost-b181: Processed 8940 samples out of 10000, 0 errors
04:46:14,21 INFO Experiment.PerfCost-b181: Processed 8950 samples out of 10000, 0 errors
04:46:24,157 INFO Experiment.PerfCost-b181: Processed 8960 samples out of 10000, 0 errors
04:46:34,281 INFO Experiment.PerfCost-b181: Processed 8970 samples out of 10000, 0 errors
04:46:44,409 INFO Experiment.PerfCost-b181: Processed 8980 samples out of 10000, 0 errors
04:46:54,537 INFO Experiment.PerfCost-b181: Processed 8990 samples out of 10000, 0 errors
04:47:04,658 INFO Experiment.PerfCost-b181: Processed 9000 samples out of 10000, 0 errors
04:47:14,854 INFO Experiment.PerfCost-b181: Processed 9010 samples out of 10000, 0 errors
04:47:24,973 INFO Experiment.PerfCost-b181: Processed 9020 samples out of 10000, 0 errors
04:47:35,151 INFO Experiment.PerfCost-b181: Processed 9030 samples out of 10000, 0 errors
04:47:45,281 INFO Experiment.PerfCost-b181: Processed 9040 samples out of 10000, 0 errors
04:47:55,416 INFO Experiment.PerfCost-b181: Processed 9050 samples out of 10000, 0 errors
04:48:05,534 INFO Experiment.PerfCost-b181: Processed 9060 samples out of 10000, 0 errors
04:48:15,693 INFO Experiment.PerfCost-b181: Processed 9070 samples out of 10000, 0 errors
04:48:25,816 INFO Experiment.PerfCost-b181: Processed 9080 samples out of 10000, 0 errors
04:48:35,955 INFO Experiment.PerfCost-b181: Processed 9090 samples out of 10000, 0 errors
04:48:46,88 INFO Experiment.PerfCost-b181: Processed 9100 samples out of 10000, 0 errors
04:48:56,225 INFO Experiment.PerfCost-b181: Processed 9110 samples out of 10000, 0 errors
04:49:06,351 INFO Experiment.PerfCost-b181: Processed 9120 samples out of 10000, 0 errors
04:49:16,481 INFO Experiment.PerfCost-b181: Processed 9130 samples out of 10000, 0 errors
04:49:26,619 INFO Experiment.PerfCost-b181: Processed 9140 samples out of 10000, 0 errors
04:49:36,798 INFO Experiment.PerfCost-b181: Processed 9150 samples out of 10000, 0 errors
04:49:46,919 INFO Experiment.PerfCost-b181: Processed 9160 samples out of 10000, 0 errors
04:49:57,83 INFO Experiment.PerfCost-b181: Processed 9170 samples out of 10000, 0 errors
04:50:07,204 INFO Experiment.PerfCost-b181: Processed 9180 samples out of 10000, 0 errors
04:50:17,358 INFO Experiment.PerfCost-b181: Processed 9190 samples out of 10000, 0 errors
04:50:27,490 INFO Experiment.PerfCost-b181: Processed 9200 samples out of 10000, 0 errors
04:50:37,612 INFO Experiment.PerfCost-b181: Processed 9210 samples out of 10000, 0 errors
04:50:47,737 INFO Experiment.PerfCost-b181: Processed 9220 samples out of 10000, 0 errors
04:50:57,871 INFO Experiment.PerfCost-b181: Processed 9230 samples out of 10000, 0 errors
04:51:07,977 INFO Experiment.PerfCost-b181: Processed 9240 samples out of 10000, 0 errors
04:51:18,154 INFO Experiment.PerfCost-b181: Processed 9250 samples out of 10000, 0 errors
04:51:28,289 INFO Experiment.PerfCost-b181: Processed 9260 samples out of 10000, 0 errors
04:51:38,412 INFO Experiment.PerfCost-b181: Processed 9270 samples out of 10000, 0 errors
04:51:48,568 INFO Experiment.PerfCost-b181: Processed 9280 samples out of 10000, 0 errors
04:51:58,675 INFO Experiment.PerfCost-b181: Processed 9290 samples out of 10000, 0 errors
04:52:08,811 INFO Experiment.PerfCost-b181: Processed 9300 samples out of 10000, 0 errors
04:52:18,955 INFO Experiment.PerfCost-b181: Processed 9310 samples out of 10000, 0 errors
04:52:29,73 INFO Experiment.PerfCost-b181: Processed 9320 samples out of 10000, 0 errors
04:52:39,205 INFO Experiment.PerfCost-b181: Processed 9330 samples out of 10000, 0 errors
04:52:49,358 INFO Experiment.PerfCost-b181: Processed 9340 samples out of 10000, 0 errors
04:52:59,494 INFO Experiment.PerfCost-b181: Processed 9350 samples out of 10000, 0 errors
04:53:09,627 INFO Experiment.PerfCost-b181: Processed 9360 samples out of 10000, 0 errors
04:53:19,780 INFO Experiment.PerfCost-b181: Processed 9370 samples out of 10000, 0 errors
04:53:29,897 INFO Experiment.PerfCost-b181: Processed 9380 samples out of 10000, 0 errors
04:53:40,36 INFO Experiment.PerfCost-b181: Processed 9390 samples out of 10000, 0 errors
04:53:50,174 INFO Experiment.PerfCost-b181: Processed 9400 samples out of 10000, 0 errors
04:54:00,289 INFO Experiment.PerfCost-b181: Processed 9410 samples out of 10000, 0 errors
04:54:10,427 INFO Experiment.PerfCost-b181: Processed 9420 samples out of 10000, 0 errors
04:54:20,553 INFO Experiment.PerfCost-b181: Processed 9430 samples out of 10000, 0 errors
04:54:30,714 INFO Experiment.PerfCost-b181: Processed 9440 samples out of 10000, 0 errors
04:54:40,848 INFO Experiment.PerfCost-b181: Processed 9450 samples out of 10000, 0 errors
04:54:50,985 INFO Experiment.PerfCost-b181: Processed 9460 samples out of 10000, 0 errors
04:55:01,125 INFO Experiment.PerfCost-b181: Processed 9470 samples out of 10000, 0 errors
04:55:11,257 INFO Experiment.PerfCost-b181: Processed 9480 samples out of 10000, 0 errors
04:55:21,419 INFO Experiment.PerfCost-b181: Processed 9490 samples out of 10000, 0 errors
04:55:31,530 INFO Experiment.PerfCost-b181: Processed 9500 samples out of 10000, 0 errors
04:55:41,702 INFO Experiment.PerfCost-b181: Processed 9510 samples out of 10000, 0 errors
04:55:51,813 INFO Experiment.PerfCost-b181: Processed 9520 samples out of 10000, 0 errors
04:56:01,956 INFO Experiment.PerfCost-b181: Processed 9530 samples out of 10000, 0 errors
04:56:12,83 INFO Experiment.PerfCost-b181: Processed 9540 samples out of 10000, 0 errors
04:56:22,236 INFO Experiment.PerfCost-b181: Processed 9550 samples out of 10000, 0 errors
04:56:32,363 INFO Experiment.PerfCost-b181: Processed 9560 samples out of 10000, 0 errors
04:56:42,462 INFO Experiment.PerfCost-b181: Processed 9570 samples out of 10000, 0 errors
04:56:52,616 INFO Experiment.PerfCost-b181: Processed 9580 samples out of 10000, 0 errors
04:57:02,762 INFO Experiment.PerfCost-b181: Processed 9590 samples out of 10000, 0 errors
04:57:12,915 INFO Experiment.PerfCost-b181: Processed 9600 samples out of 10000, 0 errors
04:57:23,61 INFO Experiment.PerfCost-b181: Processed 9610 samples out of 10000, 0 errors
04:57:33,190 INFO Experiment.PerfCost-b181: Processed 9620 samples out of 10000, 0 errors
04:57:43,311 INFO Experiment.PerfCost-b181: Processed 9630 samples out of 10000, 0 errors
04:57:53,472 INFO Experiment.PerfCost-b181: Processed 9640 samples out of 10000, 0 errors
04:58:03,629 INFO Experiment.PerfCost-b181: Processed 9650 samples out of 10000, 0 errors
04:58:13,741 INFO Experiment.PerfCost-b181: Processed 9660 samples out of 10000, 0 errors
04:58:23,855 INFO Experiment.PerfCost-b181: Processed 9670 samples out of 10000, 0 errors
04:58:33,983 INFO Experiment.PerfCost-b181: Processed 9680 samples out of 10000, 0 errors
04:58:44,156 INFO Experiment.PerfCost-b181: Processed 9690 samples out of 10000, 0 errors
04:58:54,277 INFO Experiment.PerfCost-b181: Processed 9700 samples out of 10000, 0 errors
04:59:04,431 INFO Experiment.PerfCost-b181: Processed 9710 samples out of 10000, 0 errors
04:59:14,541 INFO Experiment.PerfCost-b181: Processed 9720 samples out of 10000, 0 errors
04:59:24,681 INFO Experiment.PerfCost-b181: Processed 9730 samples out of 10000, 0 errors
04:59:34,824 INFO Experiment.PerfCost-b181: Processed 9740 samples out of 10000, 0 errors
04:59:45,28 INFO Experiment.PerfCost-b181: Processed 9750 samples out of 10000, 0 errors
04:59:55,171 INFO Experiment.PerfCost-b181: Processed 9760 samples out of 10000, 0 errors
05:00:05,294 INFO Experiment.PerfCost-b181: Processed 9770 samples out of 10000, 0 errors
05:00:15,414 INFO Experiment.PerfCost-b181: Processed 9780 samples out of 10000, 0 errors
05:00:25,540 INFO Experiment.PerfCost-b181: Processed 9790 samples out of 10000, 0 errors
05:00:35,663 INFO Experiment.PerfCost-b181: Processed 9800 samples out of 10000, 0 errors
05:00:45,794 INFO Experiment.PerfCost-b181: Processed 9810 samples out of 10000, 0 errors
05:00:55,952 INFO Experiment.PerfCost-b181: Processed 9820 samples out of 10000, 0 errors
05:01:06,77 INFO Experiment.PerfCost-b181: Processed 9830 samples out of 10000, 0 errors
05:01:16,215 INFO Experiment.PerfCost-b181: Processed 9840 samples out of 10000, 0 errors
05:01:26,316 INFO Experiment.PerfCost-b181: Processed 9850 samples out of 10000, 0 errors
05:01:36,474 INFO Experiment.PerfCost-b181: Processed 9860 samples out of 10000, 0 errors
05:01:46,595 INFO Experiment.PerfCost-b181: Processed 9870 samples out of 10000, 0 errors
05:01:56,736 INFO Experiment.PerfCost-b181: Processed 9880 samples out of 10000, 0 errors
05:02:06,864 INFO Experiment.PerfCost-b181: Processed 9890 samples out of 10000, 0 errors
05:02:16,986 INFO Experiment.PerfCost-b181: Processed 9900 samples out of 10000, 0 errors
05:02:27,122 INFO Experiment.PerfCost-b181: Processed 9910 samples out of 10000, 0 errors
05:02:37,260 INFO Experiment.PerfCost-b181: Processed 9920 samples out of 10000, 0 errors
05:02:47,381 INFO Experiment.PerfCost-b181: Processed 9930 samples out of 10000, 0 errors
05:02:57,535 INFO Experiment.PerfCost-b181: Processed 9940 samples out of 10000, 0 errors
05:03:07,708 INFO Experiment.PerfCost-b181: Processed 9950 samples out of 10000, 0 errors
05:03:17,820 INFO Experiment.PerfCost-b181: Processed 9960 samples out of 10000, 0 errors
05:03:27,975 INFO Experiment.PerfCost-b181: Processed 9970 samples out of 10000, 0 errors
05:03:38,107 INFO Experiment.PerfCost-b181: Processed 9980 samples out of 10000, 0 errors
05:03:48,223 INFO Experiment.PerfCost-b181: Processed 9990 samples out of 10000, 0 errors
05:03:58,329 INFO Experiment.PerfCost-b181: Processed 10000 samples out of 10000, 0 errors
05:04:03,345 INFO Experiment.PerfCost-b181: Mean 88.8673841 [ms], median 87.822 [ms], std 27.788953353096392, CV 31.270137671461395
05:04:03,351 INFO Experiment.PerfCost-b181: Parametric CI (Student's t-distribution) 0.95 from 88.32263744721185 to 89.41213075278814, within 0.6129882839525923% of mean
05:04:03,354 INFO Experiment.PerfCost-b181: Non-parametric CI 0.95 from 87.083 to 88.49, within 0.8010521281683385% of median
05:04:03,357 INFO Experiment.PerfCost-b181: Parametric CI (Student's t-distribution) 0.99 from 88.15141563312808 to 89.58335256687191, within 0.8056594375122534% of mean
05:04:03,361 INFO Experiment.PerfCost-b181: Non-parametric CI 0.99 from 86.854 to 88.674, within 1.036186832456564% of median
