16:49:24,6 INFO SeBS-3a87: Created experiment output at /home/anou/msc-thesis/task-based-experiment/experiment-results/nodejs/instrumented/620.uploader-otel
16:49:24,353 INFO OpenWhisk.Resources-49e2: Using user-provided configuration of storage for OpenWhisk.
16:49:24,354 INFO OpenWhisk-6aa3: Using existing resource name: 8504288e.
16:49:24,358 INFO Benchmark-1bfc: Building benchmark 620.uploader-opentelemetry. Reason: no cached code package.
16:49:24,359 INFO Benchmark-1bfc: There is no Docker build image for openwhisk run in nodejs, thus skipping the Docker-based installation of dependencies.
16:49:24,359 INFO OpenWhisk-6aa3: Build the benchmark base image andersnou/msc-thesis:function.openwhisk.620.uploader-opentelemetry.nodejs-12.
16:49:25,114 INFO OpenWhisk-6aa3: Push the benchmark base image andersnou/msc-thesis:function.openwhisk.620.uploader-opentelemetry.nodejs-12 to registry: Docker Hub.
16:49:26,410 INFO OpenWhisk-6aa3: Created /home/anou/msc-thesis/task-based-experiment/experiment-results/nodejs/instrumented/620.uploader-otel/620.uploader-opentelemetry_code/nodejs/12/620.uploader-opentelemetry.zip archive
16:49:26,411 INFO OpenWhisk-6aa3: Zip archive size 0.000621 MB
16:49:26,412 INFO Benchmark-1bfc: Created code package (source hash: bf8da6a1b0211dcfcfcb22bd628bef2b), for run on openwhisk with nodejs:12
16:49:26,415 INFO OpenWhisk-6aa3: Creating new function! Reason: function 620.uploader-opentelemetry-nodejs-12 not found in cache.
16:49:26,415 INFO OpenWhisk-6aa3: Creating function as an action in OpenWhisk.
16:49:26,581 INFO OpenWhisk-6aa3: Creating new OpenWhisk action 620.uploader-opentelemetry-nodejs-12
16:49:26,858 INFO Experiment.PerfCost-961b: Begin experiment on memory size 128
16:49:26,858 INFO OpenWhisk-6aa3: Update an existing OpenWhisk action 620.uploader-opentelemetry-nodejs-12.
16:49:27,50 INFO Experiment.PerfCost-961b: Begin warm experiments
16:49:39,96 INFO Experiment.PerfCost-961b: Processed 0 warm-up samples, ignoring these results.
16:49:49,287 INFO Experiment.PerfCost-961b: Processed 10 samples out of 10000, 0 errors
16:49:59,453 INFO Experiment.PerfCost-961b: Processed 20 samples out of 10000, 0 errors
16:50:09,630 INFO Experiment.PerfCost-961b: Processed 30 samples out of 10000, 0 errors
16:50:19,805 INFO Experiment.PerfCost-961b: Processed 40 samples out of 10000, 0 errors
16:50:30,14 INFO Experiment.PerfCost-961b: Processed 50 samples out of 10000, 0 errors
16:50:40,189 INFO Experiment.PerfCost-961b: Processed 60 samples out of 10000, 0 errors
16:50:50,356 INFO Experiment.PerfCost-961b: Processed 70 samples out of 10000, 0 errors
16:51:00,538 INFO Experiment.PerfCost-961b: Processed 80 samples out of 10000, 0 errors
16:51:10,714 INFO Experiment.PerfCost-961b: Processed 90 samples out of 10000, 0 errors
16:51:20,881 INFO Experiment.PerfCost-961b: Processed 100 samples out of 10000, 0 errors
16:51:31,42 INFO Experiment.PerfCost-961b: Processed 110 samples out of 10000, 0 errors
16:51:41,221 INFO Experiment.PerfCost-961b: Processed 120 samples out of 10000, 0 errors
16:51:51,394 INFO Experiment.PerfCost-961b: Processed 130 samples out of 10000, 0 errors
16:52:01,564 INFO Experiment.PerfCost-961b: Processed 140 samples out of 10000, 0 errors
16:52:11,739 INFO Experiment.PerfCost-961b: Processed 150 samples out of 10000, 0 errors
16:52:21,915 INFO Experiment.PerfCost-961b: Processed 160 samples out of 10000, 0 errors
16:52:32,114 INFO Experiment.PerfCost-961b: Processed 170 samples out of 10000, 0 errors
16:52:42,309 INFO Experiment.PerfCost-961b: Processed 180 samples out of 10000, 0 errors
16:52:52,479 INFO Experiment.PerfCost-961b: Processed 190 samples out of 10000, 0 errors
16:53:02,632 INFO Experiment.PerfCost-961b: Processed 200 samples out of 10000, 0 errors
16:53:12,814 INFO Experiment.PerfCost-961b: Processed 210 samples out of 10000, 0 errors
16:53:23,3 INFO Experiment.PerfCost-961b: Processed 220 samples out of 10000, 0 errors
16:53:33,183 INFO Experiment.PerfCost-961b: Processed 230 samples out of 10000, 0 errors
16:53:43,358 INFO Experiment.PerfCost-961b: Processed 240 samples out of 10000, 0 errors
16:53:53,525 INFO Experiment.PerfCost-961b: Processed 250 samples out of 10000, 0 errors
16:54:03,697 INFO Experiment.PerfCost-961b: Processed 260 samples out of 10000, 0 errors
16:54:13,906 INFO Experiment.PerfCost-961b: Processed 270 samples out of 10000, 0 errors
16:54:24,88 INFO Experiment.PerfCost-961b: Processed 280 samples out of 10000, 0 errors
16:54:34,261 INFO Experiment.PerfCost-961b: Processed 290 samples out of 10000, 0 errors
16:54:44,456 INFO Experiment.PerfCost-961b: Processed 300 samples out of 10000, 0 errors
16:54:54,629 INFO Experiment.PerfCost-961b: Processed 310 samples out of 10000, 0 errors
16:55:04,807 INFO Experiment.PerfCost-961b: Processed 320 samples out of 10000, 0 errors
16:55:14,983 INFO Experiment.PerfCost-961b: Processed 330 samples out of 10000, 0 errors
16:55:25,160 INFO Experiment.PerfCost-961b: Processed 340 samples out of 10000, 0 errors
16:55:35,334 INFO Experiment.PerfCost-961b: Processed 350 samples out of 10000, 0 errors
16:55:45,507 INFO Experiment.PerfCost-961b: Processed 360 samples out of 10000, 0 errors
16:55:55,681 INFO Experiment.PerfCost-961b: Processed 370 samples out of 10000, 0 errors
16:56:05,866 INFO Experiment.PerfCost-961b: Processed 380 samples out of 10000, 0 errors
16:56:16,37 INFO Experiment.PerfCost-961b: Processed 390 samples out of 10000, 0 errors
16:56:26,232 INFO Experiment.PerfCost-961b: Processed 400 samples out of 10000, 0 errors
16:56:36,408 INFO Experiment.PerfCost-961b: Processed 410 samples out of 10000, 0 errors
16:56:46,575 INFO Experiment.PerfCost-961b: Processed 420 samples out of 10000, 0 errors
16:56:56,749 INFO Experiment.PerfCost-961b: Processed 430 samples out of 10000, 0 errors
16:57:06,922 INFO Experiment.PerfCost-961b: Processed 440 samples out of 10000, 0 errors
16:57:17,104 INFO Experiment.PerfCost-961b: Processed 450 samples out of 10000, 0 errors
16:57:27,266 INFO Experiment.PerfCost-961b: Processed 460 samples out of 10000, 0 errors
16:57:37,440 INFO Experiment.PerfCost-961b: Processed 470 samples out of 10000, 0 errors
16:57:47,638 INFO Experiment.PerfCost-961b: Processed 480 samples out of 10000, 0 errors
16:57:57,797 INFO Experiment.PerfCost-961b: Processed 490 samples out of 10000, 0 errors
16:58:07,973 INFO Experiment.PerfCost-961b: Processed 500 samples out of 10000, 0 errors
16:58:18,143 INFO Experiment.PerfCost-961b: Processed 510 samples out of 10000, 0 errors
16:58:28,314 INFO Experiment.PerfCost-961b: Processed 520 samples out of 10000, 0 errors
16:58:38,467 INFO Experiment.PerfCost-961b: Processed 530 samples out of 10000, 0 errors
16:58:48,637 INFO Experiment.PerfCost-961b: Processed 540 samples out of 10000, 0 errors
16:58:58,817 INFO Experiment.PerfCost-961b: Processed 550 samples out of 10000, 0 errors
16:59:08,986 INFO Experiment.PerfCost-961b: Processed 560 samples out of 10000, 0 errors
16:59:19,161 INFO Experiment.PerfCost-961b: Processed 570 samples out of 10000, 0 errors
16:59:29,320 INFO Experiment.PerfCost-961b: Processed 580 samples out of 10000, 0 errors
16:59:39,499 INFO Experiment.PerfCost-961b: Processed 590 samples out of 10000, 0 errors
16:59:49,708 INFO Experiment.PerfCost-961b: Processed 600 samples out of 10000, 0 errors
16:59:59,885 INFO Experiment.PerfCost-961b: Processed 610 samples out of 10000, 0 errors
17:00:10,55 INFO Experiment.PerfCost-961b: Processed 620 samples out of 10000, 0 errors
17:00:20,229 INFO Experiment.PerfCost-961b: Processed 630 samples out of 10000, 0 errors
17:00:30,384 INFO Experiment.PerfCost-961b: Processed 640 samples out of 10000, 0 errors
17:00:40,547 INFO Experiment.PerfCost-961b: Processed 650 samples out of 10000, 0 errors
17:00:50,711 INFO Experiment.PerfCost-961b: Processed 660 samples out of 10000, 0 errors
17:01:00,905 INFO Experiment.PerfCost-961b: Processed 670 samples out of 10000, 0 errors
17:01:11,65 INFO Experiment.PerfCost-961b: Processed 680 samples out of 10000, 0 errors
17:01:21,250 INFO Experiment.PerfCost-961b: Processed 690 samples out of 10000, 0 errors
17:01:31,443 INFO Experiment.PerfCost-961b: Processed 700 samples out of 10000, 0 errors
17:01:41,611 INFO Experiment.PerfCost-961b: Processed 710 samples out of 10000, 0 errors
17:01:51,784 INFO Experiment.PerfCost-961b: Processed 720 samples out of 10000, 0 errors
17:02:01,954 INFO Experiment.PerfCost-961b: Processed 730 samples out of 10000, 0 errors
17:02:12,120 INFO Experiment.PerfCost-961b: Processed 740 samples out of 10000, 0 errors
17:02:22,298 INFO Experiment.PerfCost-961b: Processed 750 samples out of 10000, 0 errors
17:02:32,481 INFO Experiment.PerfCost-961b: Processed 760 samples out of 10000, 0 errors
17:02:42,675 INFO Experiment.PerfCost-961b: Processed 770 samples out of 10000, 0 errors
17:02:52,882 INFO Experiment.PerfCost-961b: Processed 780 samples out of 10000, 0 errors
17:03:03,43 INFO Experiment.PerfCost-961b: Processed 790 samples out of 10000, 0 errors
17:03:13,218 INFO Experiment.PerfCost-961b: Processed 800 samples out of 10000, 0 errors
17:03:23,395 INFO Experiment.PerfCost-961b: Processed 810 samples out of 10000, 0 errors
17:03:33,567 INFO Experiment.PerfCost-961b: Processed 820 samples out of 10000, 0 errors
17:03:43,764 INFO Experiment.PerfCost-961b: Processed 830 samples out of 10000, 0 errors
17:03:53,949 INFO Experiment.PerfCost-961b: Processed 840 samples out of 10000, 0 errors
17:04:04,138 INFO Experiment.PerfCost-961b: Processed 850 samples out of 10000, 0 errors
17:04:14,310 INFO Experiment.PerfCost-961b: Processed 860 samples out of 10000, 0 errors
17:04:24,498 INFO Experiment.PerfCost-961b: Processed 870 samples out of 10000, 0 errors
17:04:34,663 INFO Experiment.PerfCost-961b: Processed 880 samples out of 10000, 0 errors
17:04:44,839 INFO Experiment.PerfCost-961b: Processed 890 samples out of 10000, 0 errors
17:04:55,19 INFO Experiment.PerfCost-961b: Processed 900 samples out of 10000, 0 errors
17:05:05,383 INFO Experiment.PerfCost-961b: Processed 910 samples out of 10000, 0 errors
17:05:15,572 INFO Experiment.PerfCost-961b: Processed 920 samples out of 10000, 0 errors
17:05:25,765 INFO Experiment.PerfCost-961b: Processed 930 samples out of 10000, 0 errors
17:05:35,937 INFO Experiment.PerfCost-961b: Processed 940 samples out of 10000, 0 errors
17:05:46,111 INFO Experiment.PerfCost-961b: Processed 950 samples out of 10000, 0 errors
17:05:56,293 INFO Experiment.PerfCost-961b: Processed 960 samples out of 10000, 0 errors
17:06:06,478 INFO Experiment.PerfCost-961b: Processed 970 samples out of 10000, 0 errors
17:06:16,647 INFO Experiment.PerfCost-961b: Processed 980 samples out of 10000, 0 errors
17:06:26,812 INFO Experiment.PerfCost-961b: Processed 990 samples out of 10000, 0 errors
17:06:36,982 INFO Experiment.PerfCost-961b: Processed 1000 samples out of 10000, 0 errors
17:06:47,163 INFO Experiment.PerfCost-961b: Processed 1010 samples out of 10000, 0 errors
17:06:57,336 INFO Experiment.PerfCost-961b: Processed 1020 samples out of 10000, 0 errors
17:07:07,515 INFO Experiment.PerfCost-961b: Processed 1030 samples out of 10000, 0 errors
17:07:17,681 INFO Experiment.PerfCost-961b: Processed 1040 samples out of 10000, 0 errors
17:07:27,870 INFO Experiment.PerfCost-961b: Processed 1050 samples out of 10000, 0 errors
17:07:38,31 INFO Experiment.PerfCost-961b: Processed 1060 samples out of 10000, 0 errors
17:07:48,239 INFO Experiment.PerfCost-961b: Processed 1070 samples out of 10000, 0 errors
17:07:58,434 INFO Experiment.PerfCost-961b: Processed 1080 samples out of 10000, 0 errors
17:08:08,597 INFO Experiment.PerfCost-961b: Processed 1090 samples out of 10000, 0 errors
17:08:18,767 INFO Experiment.PerfCost-961b: Processed 1100 samples out of 10000, 0 errors
17:08:28,943 INFO Experiment.PerfCost-961b: Processed 1110 samples out of 10000, 0 errors
17:08:39,123 INFO Experiment.PerfCost-961b: Processed 1120 samples out of 10000, 0 errors
17:08:49,305 INFO Experiment.PerfCost-961b: Processed 1130 samples out of 10000, 0 errors
17:08:59,479 INFO Experiment.PerfCost-961b: Processed 1140 samples out of 10000, 0 errors
17:09:09,662 INFO Experiment.PerfCost-961b: Processed 1150 samples out of 10000, 0 errors
17:09:19,835 INFO Experiment.PerfCost-961b: Processed 1160 samples out of 10000, 0 errors
17:09:30,18 INFO Experiment.PerfCost-961b: Processed 1170 samples out of 10000, 0 errors
17:09:40,207 INFO Experiment.PerfCost-961b: Processed 1180 samples out of 10000, 0 errors
17:09:50,380 INFO Experiment.PerfCost-961b: Processed 1190 samples out of 10000, 0 errors
17:10:00,567 INFO Experiment.PerfCost-961b: Processed 1200 samples out of 10000, 0 errors
17:10:10,735 INFO Experiment.PerfCost-961b: Processed 1210 samples out of 10000, 0 errors
17:10:20,899 INFO Experiment.PerfCost-961b: Processed 1220 samples out of 10000, 0 errors
17:10:31,70 INFO Experiment.PerfCost-961b: Processed 1230 samples out of 10000, 0 errors
17:10:41,257 INFO Experiment.PerfCost-961b: Processed 1240 samples out of 10000, 0 errors
17:10:51,455 INFO Experiment.PerfCost-961b: Processed 1250 samples out of 10000, 0 errors
17:11:01,626 INFO Experiment.PerfCost-961b: Processed 1260 samples out of 10000, 0 errors
17:11:11,823 INFO Experiment.PerfCost-961b: Processed 1270 samples out of 10000, 0 errors
17:11:21,995 INFO Experiment.PerfCost-961b: Processed 1280 samples out of 10000, 0 errors
17:11:32,179 INFO Experiment.PerfCost-961b: Processed 1290 samples out of 10000, 0 errors
17:11:42,358 INFO Experiment.PerfCost-961b: Processed 1300 samples out of 10000, 0 errors
17:11:52,525 INFO Experiment.PerfCost-961b: Processed 1310 samples out of 10000, 0 errors
17:12:02,699 INFO Experiment.PerfCost-961b: Processed 1320 samples out of 10000, 0 errors
17:12:12,858 INFO Experiment.PerfCost-961b: Processed 1330 samples out of 10000, 0 errors
17:12:23,25 INFO Experiment.PerfCost-961b: Processed 1340 samples out of 10000, 0 errors
17:12:33,195 INFO Experiment.PerfCost-961b: Processed 1350 samples out of 10000, 0 errors
17:12:43,379 INFO Experiment.PerfCost-961b: Processed 1360 samples out of 10000, 0 errors
17:12:53,577 INFO Experiment.PerfCost-961b: Processed 1370 samples out of 10000, 0 errors
17:13:03,791 INFO Experiment.PerfCost-961b: Processed 1380 samples out of 10000, 0 errors
17:13:13,967 INFO Experiment.PerfCost-961b: Processed 1390 samples out of 10000, 0 errors
17:13:24,147 INFO Experiment.PerfCost-961b: Processed 1400 samples out of 10000, 0 errors
17:13:34,323 INFO Experiment.PerfCost-961b: Processed 1410 samples out of 10000, 0 errors
17:13:44,482 INFO Experiment.PerfCost-961b: Processed 1420 samples out of 10000, 0 errors
17:13:54,649 INFO Experiment.PerfCost-961b: Processed 1430 samples out of 10000, 0 errors
17:14:04,826 INFO Experiment.PerfCost-961b: Processed 1440 samples out of 10000, 0 errors
17:14:14,996 INFO Experiment.PerfCost-961b: Processed 1450 samples out of 10000, 0 errors
17:14:25,179 INFO Experiment.PerfCost-961b: Processed 1460 samples out of 10000, 0 errors
17:14:35,351 INFO Experiment.PerfCost-961b: Processed 1470 samples out of 10000, 0 errors
17:14:45,528 INFO Experiment.PerfCost-961b: Processed 1480 samples out of 10000, 0 errors
17:14:55,706 INFO Experiment.PerfCost-961b: Processed 1490 samples out of 10000, 0 errors
17:15:05,897 INFO Experiment.PerfCost-961b: Processed 1500 samples out of 10000, 0 errors
17:15:16,62 INFO Experiment.PerfCost-961b: Processed 1510 samples out of 10000, 0 errors
17:15:26,250 INFO Experiment.PerfCost-961b: Processed 1520 samples out of 10000, 0 errors
17:15:36,431 INFO Experiment.PerfCost-961b: Processed 1530 samples out of 10000, 0 errors
17:15:46,600 INFO Experiment.PerfCost-961b: Processed 1540 samples out of 10000, 0 errors
17:15:56,771 INFO Experiment.PerfCost-961b: Processed 1550 samples out of 10000, 0 errors
17:16:06,931 INFO Experiment.PerfCost-961b: Processed 1560 samples out of 10000, 0 errors
17:16:17,110 INFO Experiment.PerfCost-961b: Processed 1570 samples out of 10000, 0 errors
17:16:27,300 INFO Experiment.PerfCost-961b: Processed 1580 samples out of 10000, 0 errors
17:16:37,470 INFO Experiment.PerfCost-961b: Processed 1590 samples out of 10000, 0 errors
17:16:47,661 INFO Experiment.PerfCost-961b: Processed 1600 samples out of 10000, 0 errors
17:16:57,831 INFO Experiment.PerfCost-961b: Processed 1610 samples out of 10000, 0 errors
17:17:08,3 INFO Experiment.PerfCost-961b: Processed 1620 samples out of 10000, 0 errors
17:17:18,171 INFO Experiment.PerfCost-961b: Processed 1630 samples out of 10000, 0 errors
17:17:28,337 INFO Experiment.PerfCost-961b: Processed 1640 samples out of 10000, 0 errors
17:17:38,512 INFO Experiment.PerfCost-961b: Processed 1650 samples out of 10000, 0 errors
17:17:48,697 INFO Experiment.PerfCost-961b: Processed 1660 samples out of 10000, 0 errors
17:17:58,930 INFO Experiment.PerfCost-961b: Processed 1670 samples out of 10000, 0 errors
17:18:09,132 INFO Experiment.PerfCost-961b: Processed 1680 samples out of 10000, 0 errors
17:18:19,306 INFO Experiment.PerfCost-961b: Processed 1690 samples out of 10000, 0 errors
17:18:29,482 INFO Experiment.PerfCost-961b: Processed 1700 samples out of 10000, 0 errors
17:18:39,665 INFO Experiment.PerfCost-961b: Processed 1710 samples out of 10000, 0 errors
17:18:49,837 INFO Experiment.PerfCost-961b: Processed 1720 samples out of 10000, 0 errors
17:19:00,26 INFO Experiment.PerfCost-961b: Processed 1730 samples out of 10000, 0 errors
17:19:10,213 INFO Experiment.PerfCost-961b: Processed 1740 samples out of 10000, 0 errors
17:19:20,389 INFO Experiment.PerfCost-961b: Processed 1750 samples out of 10000, 0 errors
17:19:30,555 INFO Experiment.PerfCost-961b: Processed 1760 samples out of 10000, 0 errors
17:19:40,738 INFO Experiment.PerfCost-961b: Processed 1770 samples out of 10000, 0 errors
17:19:50,925 INFO Experiment.PerfCost-961b: Processed 1780 samples out of 10000, 0 errors
17:20:01,101 INFO Experiment.PerfCost-961b: Processed 1790 samples out of 10000, 0 errors
17:20:11,294 INFO Experiment.PerfCost-961b: Processed 1800 samples out of 10000, 0 errors
17:20:21,461 INFO Experiment.PerfCost-961b: Processed 1810 samples out of 10000, 0 errors
17:20:31,635 INFO Experiment.PerfCost-961b: Processed 1820 samples out of 10000, 0 errors
17:20:41,808 INFO Experiment.PerfCost-961b: Processed 1830 samples out of 10000, 0 errors
17:20:51,975 INFO Experiment.PerfCost-961b: Processed 1840 samples out of 10000, 0 errors
17:21:02,149 INFO Experiment.PerfCost-961b: Processed 1850 samples out of 10000, 0 errors
17:21:12,314 INFO Experiment.PerfCost-961b: Processed 1860 samples out of 10000, 0 errors
17:21:22,525 INFO Experiment.PerfCost-961b: Processed 1870 samples out of 10000, 0 errors
17:21:32,690 INFO Experiment.PerfCost-961b: Processed 1880 samples out of 10000, 0 errors
17:21:42,878 INFO Experiment.PerfCost-961b: Processed 1890 samples out of 10000, 0 errors
17:21:53,34 INFO Experiment.PerfCost-961b: Processed 1900 samples out of 10000, 0 errors
17:22:03,222 INFO Experiment.PerfCost-961b: Processed 1910 samples out of 10000, 0 errors
17:22:13,409 INFO Experiment.PerfCost-961b: Processed 1920 samples out of 10000, 0 errors
17:22:23,588 INFO Experiment.PerfCost-961b: Processed 1930 samples out of 10000, 0 errors
17:22:33,763 INFO Experiment.PerfCost-961b: Processed 1940 samples out of 10000, 0 errors
17:22:43,954 INFO Experiment.PerfCost-961b: Processed 1950 samples out of 10000, 0 errors
17:22:54,128 INFO Experiment.PerfCost-961b: Processed 1960 samples out of 10000, 0 errors
17:23:04,323 INFO Experiment.PerfCost-961b: Processed 1970 samples out of 10000, 0 errors
17:23:14,491 INFO Experiment.PerfCost-961b: Processed 1980 samples out of 10000, 0 errors
17:23:24,703 INFO Experiment.PerfCost-961b: Processed 1990 samples out of 10000, 0 errors
17:23:34,861 INFO Experiment.PerfCost-961b: Processed 2000 samples out of 10000, 0 errors
17:23:45,31 INFO Experiment.PerfCost-961b: Processed 2010 samples out of 10000, 0 errors
17:23:55,203 INFO Experiment.PerfCost-961b: Processed 2020 samples out of 10000, 0 errors
17:24:05,361 INFO Experiment.PerfCost-961b: Processed 2030 samples out of 10000, 0 errors
17:24:15,543 INFO Experiment.PerfCost-961b: Processed 2040 samples out of 10000, 0 errors
17:24:25,716 INFO Experiment.PerfCost-961b: Processed 2050 samples out of 10000, 0 errors
17:24:35,902 INFO Experiment.PerfCost-961b: Processed 2060 samples out of 10000, 0 errors
17:24:46,82 INFO Experiment.PerfCost-961b: Processed 2070 samples out of 10000, 0 errors
17:24:56,271 INFO Experiment.PerfCost-961b: Processed 2080 samples out of 10000, 0 errors
17:25:06,478 INFO Experiment.PerfCost-961b: Processed 2090 samples out of 10000, 0 errors
17:25:16,678 INFO Experiment.PerfCost-961b: Processed 2100 samples out of 10000, 0 errors
17:25:26,836 INFO Experiment.PerfCost-961b: Processed 2110 samples out of 10000, 0 errors
17:25:37,6 INFO Experiment.PerfCost-961b: Processed 2120 samples out of 10000, 0 errors
17:25:47,199 INFO Experiment.PerfCost-961b: Processed 2130 samples out of 10000, 0 errors
17:25:57,366 INFO Experiment.PerfCost-961b: Processed 2140 samples out of 10000, 0 errors
17:26:07,527 INFO Experiment.PerfCost-961b: Processed 2150 samples out of 10000, 0 errors
17:26:17,696 INFO Experiment.PerfCost-961b: Processed 2160 samples out of 10000, 0 errors
17:26:27,870 INFO Experiment.PerfCost-961b: Processed 2170 samples out of 10000, 0 errors
17:26:38,47 INFO Experiment.PerfCost-961b: Processed 2180 samples out of 10000, 0 errors
17:26:48,234 INFO Experiment.PerfCost-961b: Processed 2190 samples out of 10000, 0 errors
17:26:58,406 INFO Experiment.PerfCost-961b: Processed 2200 samples out of 10000, 0 errors
17:27:08,553 INFO Experiment.PerfCost-961b: Processed 2210 samples out of 10000, 0 errors
17:27:18,734 INFO Experiment.PerfCost-961b: Processed 2220 samples out of 10000, 0 errors
17:27:28,903 INFO Experiment.PerfCost-961b: Processed 2230 samples out of 10000, 0 errors
17:27:39,71 INFO Experiment.PerfCost-961b: Processed 2240 samples out of 10000, 0 errors
17:27:49,249 INFO Experiment.PerfCost-961b: Processed 2250 samples out of 10000, 0 errors
17:27:59,424 INFO Experiment.PerfCost-961b: Processed 2260 samples out of 10000, 0 errors
17:28:09,618 INFO Experiment.PerfCost-961b: Processed 2270 samples out of 10000, 0 errors
17:28:19,794 INFO Experiment.PerfCost-961b: Processed 2280 samples out of 10000, 0 errors
17:28:29,968 INFO Experiment.PerfCost-961b: Processed 2290 samples out of 10000, 0 errors
17:28:40,153 INFO Experiment.PerfCost-961b: Processed 2300 samples out of 10000, 0 errors
17:28:50,338 INFO Experiment.PerfCost-961b: Processed 2310 samples out of 10000, 0 errors
17:29:00,517 INFO Experiment.PerfCost-961b: Processed 2320 samples out of 10000, 0 errors
17:29:10,695 INFO Experiment.PerfCost-961b: Processed 2330 samples out of 10000, 0 errors
17:29:20,865 INFO Experiment.PerfCost-961b: Processed 2340 samples out of 10000, 0 errors
17:29:31,80 INFO Experiment.PerfCost-961b: Processed 2350 samples out of 10000, 0 errors
17:29:41,250 INFO Experiment.PerfCost-961b: Processed 2360 samples out of 10000, 0 errors
17:29:51,431 INFO Experiment.PerfCost-961b: Processed 2370 samples out of 10000, 0 errors
17:30:01,611 INFO Experiment.PerfCost-961b: Processed 2380 samples out of 10000, 0 errors
17:30:11,779 INFO Experiment.PerfCost-961b: Processed 2390 samples out of 10000, 0 errors
17:30:21,974 INFO Experiment.PerfCost-961b: Processed 2400 samples out of 10000, 0 errors
17:30:32,153 INFO Experiment.PerfCost-961b: Processed 2410 samples out of 10000, 0 errors
17:30:42,324 INFO Experiment.PerfCost-961b: Processed 2420 samples out of 10000, 0 errors
17:30:52,496 INFO Experiment.PerfCost-961b: Processed 2430 samples out of 10000, 0 errors
17:31:02,664 INFO Experiment.PerfCost-961b: Processed 2440 samples out of 10000, 0 errors
17:31:12,850 INFO Experiment.PerfCost-961b: Processed 2450 samples out of 10000, 0 errors
17:31:23,24 INFO Experiment.PerfCost-961b: Processed 2460 samples out of 10000, 0 errors
17:31:33,202 INFO Experiment.PerfCost-961b: Processed 2470 samples out of 10000, 0 errors
17:31:43,377 INFO Experiment.PerfCost-961b: Processed 2480 samples out of 10000, 0 errors
17:31:53,550 INFO Experiment.PerfCost-961b: Processed 2490 samples out of 10000, 0 errors
17:32:03,748 INFO Experiment.PerfCost-961b: Processed 2500 samples out of 10000, 0 errors
17:32:13,932 INFO Experiment.PerfCost-961b: Processed 2510 samples out of 10000, 0 errors
17:32:24,141 INFO Experiment.PerfCost-961b: Processed 2520 samples out of 10000, 0 errors
17:32:34,301 INFO Experiment.PerfCost-961b: Processed 2530 samples out of 10000, 0 errors
17:32:44,488 INFO Experiment.PerfCost-961b: Processed 2540 samples out of 10000, 0 errors
17:32:54,656 INFO Experiment.PerfCost-961b: Processed 2550 samples out of 10000, 0 errors
17:33:04,834 INFO Experiment.PerfCost-961b: Processed 2560 samples out of 10000, 0 errors
17:33:15,19 INFO Experiment.PerfCost-961b: Processed 2570 samples out of 10000, 0 errors
17:33:25,203 INFO Experiment.PerfCost-961b: Processed 2580 samples out of 10000, 0 errors
17:33:35,369 INFO Experiment.PerfCost-961b: Processed 2590 samples out of 10000, 0 errors
17:33:45,533 INFO Experiment.PerfCost-961b: Processed 2600 samples out of 10000, 0 errors
17:33:55,709 INFO Experiment.PerfCost-961b: Processed 2610 samples out of 10000, 0 errors
17:34:05,878 INFO Experiment.PerfCost-961b: Processed 2620 samples out of 10000, 0 errors
17:34:16,58 INFO Experiment.PerfCost-961b: Processed 2630 samples out of 10000, 0 errors
17:34:26,235 INFO Experiment.PerfCost-961b: Processed 2640 samples out of 10000, 0 errors
17:34:36,417 INFO Experiment.PerfCost-961b: Processed 2650 samples out of 10000, 0 errors
17:34:46,586 INFO Experiment.PerfCost-961b: Processed 2660 samples out of 10000, 0 errors
17:34:56,763 INFO Experiment.PerfCost-961b: Processed 2670 samples out of 10000, 0 errors
17:35:06,947 INFO Experiment.PerfCost-961b: Processed 2680 samples out of 10000, 0 errors
17:35:17,131 INFO Experiment.PerfCost-961b: Processed 2690 samples out of 10000, 0 errors
17:35:27,334 INFO Experiment.PerfCost-961b: Processed 2700 samples out of 10000, 0 errors
17:35:37,517 INFO Experiment.PerfCost-961b: Processed 2710 samples out of 10000, 0 errors
17:35:47,708 INFO Experiment.PerfCost-961b: Processed 2720 samples out of 10000, 0 errors
17:35:57,890 INFO Experiment.PerfCost-961b: Processed 2730 samples out of 10000, 0 errors
17:36:08,57 INFO Experiment.PerfCost-961b: Processed 2740 samples out of 10000, 0 errors
17:36:18,229 INFO Experiment.PerfCost-961b: Processed 2750 samples out of 10000, 0 errors
17:36:28,426 INFO Experiment.PerfCost-961b: Processed 2760 samples out of 10000, 0 errors
17:36:38,599 INFO Experiment.PerfCost-961b: Processed 2770 samples out of 10000, 0 errors
17:36:48,765 INFO Experiment.PerfCost-961b: Processed 2780 samples out of 10000, 0 errors
17:36:58,948 INFO Experiment.PerfCost-961b: Processed 2790 samples out of 10000, 0 errors
17:37:09,123 INFO Experiment.PerfCost-961b: Processed 2800 samples out of 10000, 0 errors
17:37:19,300 INFO Experiment.PerfCost-961b: Processed 2810 samples out of 10000, 0 errors
17:37:29,494 INFO Experiment.PerfCost-961b: Processed 2820 samples out of 10000, 0 errors
17:37:39,691 INFO Experiment.PerfCost-961b: Processed 2830 samples out of 10000, 0 errors
17:37:49,861 INFO Experiment.PerfCost-961b: Processed 2840 samples out of 10000, 0 errors
17:38:00,35 INFO Experiment.PerfCost-961b: Processed 2850 samples out of 10000, 0 errors
17:38:10,210 INFO Experiment.PerfCost-961b: Processed 2860 samples out of 10000, 0 errors
17:38:20,419 INFO Experiment.PerfCost-961b: Processed 2870 samples out of 10000, 0 errors
17:38:30,635 INFO Experiment.PerfCost-961b: Processed 2880 samples out of 10000, 0 errors
17:38:40,790 INFO Experiment.PerfCost-961b: Processed 2890 samples out of 10000, 0 errors
17:38:50,967 INFO Experiment.PerfCost-961b: Processed 2900 samples out of 10000, 0 errors
17:39:01,147 INFO Experiment.PerfCost-961b: Processed 2910 samples out of 10000, 0 errors
17:39:11,310 INFO Experiment.PerfCost-961b: Processed 2920 samples out of 10000, 0 errors
17:39:21,488 INFO Experiment.PerfCost-961b: Processed 2930 samples out of 10000, 0 errors
17:39:31,664 INFO Experiment.PerfCost-961b: Processed 2940 samples out of 10000, 0 errors
17:39:41,839 INFO Experiment.PerfCost-961b: Processed 2950 samples out of 10000, 0 errors
17:39:52,25 INFO Experiment.PerfCost-961b: Processed 2960 samples out of 10000, 0 errors
17:40:02,202 INFO Experiment.PerfCost-961b: Processed 2970 samples out of 10000, 0 errors
17:40:12,391 INFO Experiment.PerfCost-961b: Processed 2980 samples out of 10000, 0 errors
17:40:22,560 INFO Experiment.PerfCost-961b: Processed 2990 samples out of 10000, 0 errors
17:40:32,753 INFO Experiment.PerfCost-961b: Processed 3000 samples out of 10000, 0 errors
17:40:42,940 INFO Experiment.PerfCost-961b: Processed 3010 samples out of 10000, 0 errors
17:40:53,119 INFO Experiment.PerfCost-961b: Processed 3020 samples out of 10000, 0 errors
17:41:03,295 INFO Experiment.PerfCost-961b: Processed 3030 samples out of 10000, 0 errors
17:41:13,462 INFO Experiment.PerfCost-961b: Processed 3040 samples out of 10000, 0 errors
17:41:23,642 INFO Experiment.PerfCost-961b: Processed 3050 samples out of 10000, 0 errors
17:41:33,831 INFO Experiment.PerfCost-961b: Processed 3060 samples out of 10000, 0 errors
17:41:43,998 INFO Experiment.PerfCost-961b: Processed 3070 samples out of 10000, 0 errors
17:41:54,178 INFO Experiment.PerfCost-961b: Processed 3080 samples out of 10000, 0 errors
17:42:04,359 INFO Experiment.PerfCost-961b: Processed 3090 samples out of 10000, 0 errors
17:42:14,523 INFO Experiment.PerfCost-961b: Processed 3100 samples out of 10000, 0 errors
17:42:24,699 INFO Experiment.PerfCost-961b: Processed 3110 samples out of 10000, 0 errors
17:42:34,881 INFO Experiment.PerfCost-961b: Processed 3120 samples out of 10000, 0 errors
17:42:45,55 INFO Experiment.PerfCost-961b: Processed 3130 samples out of 10000, 0 errors
17:42:55,233 INFO Experiment.PerfCost-961b: Processed 3140 samples out of 10000, 0 errors
17:43:05,422 INFO Experiment.PerfCost-961b: Processed 3150 samples out of 10000, 0 errors
17:43:15,591 INFO Experiment.PerfCost-961b: Processed 3160 samples out of 10000, 0 errors
17:43:25,785 INFO Experiment.PerfCost-961b: Processed 3170 samples out of 10000, 0 errors
17:43:35,972 INFO Experiment.PerfCost-961b: Processed 3180 samples out of 10000, 0 errors
17:43:46,156 INFO Experiment.PerfCost-961b: Processed 3190 samples out of 10000, 0 errors
17:43:56,353 INFO Experiment.PerfCost-961b: Processed 3200 samples out of 10000, 0 errors
17:44:06,530 INFO Experiment.PerfCost-961b: Processed 3210 samples out of 10000, 0 errors
17:44:16,698 INFO Experiment.PerfCost-961b: Processed 3220 samples out of 10000, 0 errors
17:44:26,870 INFO Experiment.PerfCost-961b: Processed 3230 samples out of 10000, 0 errors
17:44:37,47 INFO Experiment.PerfCost-961b: Processed 3240 samples out of 10000, 0 errors
17:44:47,225 INFO Experiment.PerfCost-961b: Processed 3250 samples out of 10000, 0 errors
17:44:57,384 INFO Experiment.PerfCost-961b: Processed 3260 samples out of 10000, 0 errors
17:45:07,556 INFO Experiment.PerfCost-961b: Processed 3270 samples out of 10000, 0 errors
17:45:17,717 INFO Experiment.PerfCost-961b: Processed 3280 samples out of 10000, 0 errors
17:45:27,900 INFO Experiment.PerfCost-961b: Processed 3290 samples out of 10000, 0 errors
17:45:38,80 INFO Experiment.PerfCost-961b: Processed 3300 samples out of 10000, 0 errors
17:45:48,256 INFO Experiment.PerfCost-961b: Processed 3310 samples out of 10000, 0 errors
17:45:58,429 INFO Experiment.PerfCost-961b: Processed 3320 samples out of 10000, 0 errors
17:46:08,608 INFO Experiment.PerfCost-961b: Processed 3330 samples out of 10000, 0 errors
17:46:18,787 INFO Experiment.PerfCost-961b: Processed 3340 samples out of 10000, 0 errors
17:46:28,954 INFO Experiment.PerfCost-961b: Processed 3350 samples out of 10000, 0 errors
17:46:39,145 INFO Experiment.PerfCost-961b: Processed 3360 samples out of 10000, 0 errors
17:46:49,317 INFO Experiment.PerfCost-961b: Processed 3370 samples out of 10000, 0 errors
17:46:59,499 INFO Experiment.PerfCost-961b: Processed 3380 samples out of 10000, 0 errors
17:47:09,679 INFO Experiment.PerfCost-961b: Processed 3390 samples out of 10000, 0 errors
17:47:19,867 INFO Experiment.PerfCost-961b: Processed 3400 samples out of 10000, 0 errors
17:47:30,55 INFO Experiment.PerfCost-961b: Processed 3410 samples out of 10000, 0 errors
17:47:40,235 INFO Experiment.PerfCost-961b: Processed 3420 samples out of 10000, 0 errors
17:47:50,403 INFO Experiment.PerfCost-961b: Processed 3430 samples out of 10000, 0 errors
17:48:00,582 INFO Experiment.PerfCost-961b: Processed 3440 samples out of 10000, 0 errors
17:48:10,763 INFO Experiment.PerfCost-961b: Processed 3450 samples out of 10000, 0 errors
17:48:20,953 INFO Experiment.PerfCost-961b: Processed 3460 samples out of 10000, 0 errors
17:48:31,149 INFO Experiment.PerfCost-961b: Processed 3470 samples out of 10000, 0 errors
17:48:41,323 INFO Experiment.PerfCost-961b: Processed 3480 samples out of 10000, 0 errors
17:48:51,520 INFO Experiment.PerfCost-961b: Processed 3490 samples out of 10000, 0 errors
17:49:01,689 INFO Experiment.PerfCost-961b: Processed 3500 samples out of 10000, 0 errors
17:49:11,860 INFO Experiment.PerfCost-961b: Processed 3510 samples out of 10000, 0 errors
17:49:22,39 INFO Experiment.PerfCost-961b: Processed 3520 samples out of 10000, 0 errors
17:49:32,222 INFO Experiment.PerfCost-961b: Processed 3530 samples out of 10000, 0 errors
17:49:42,392 INFO Experiment.PerfCost-961b: Processed 3540 samples out of 10000, 0 errors
17:49:52,555 INFO Experiment.PerfCost-961b: Processed 3550 samples out of 10000, 0 errors
17:50:02,716 INFO Experiment.PerfCost-961b: Processed 3560 samples out of 10000, 0 errors
17:50:12,906 INFO Experiment.PerfCost-961b: Processed 3570 samples out of 10000, 0 errors
17:50:23,84 INFO Experiment.PerfCost-961b: Processed 3580 samples out of 10000, 0 errors
17:50:33,254 INFO Experiment.PerfCost-961b: Processed 3590 samples out of 10000, 0 errors
17:50:43,448 INFO Experiment.PerfCost-961b: Processed 3600 samples out of 10000, 0 errors
17:50:53,618 INFO Experiment.PerfCost-961b: Processed 3610 samples out of 10000, 0 errors
17:51:03,799 INFO Experiment.PerfCost-961b: Processed 3620 samples out of 10000, 0 errors
17:51:13,976 INFO Experiment.PerfCost-961b: Processed 3630 samples out of 10000, 0 errors
17:51:24,153 INFO Experiment.PerfCost-961b: Processed 3640 samples out of 10000, 0 errors
17:51:34,342 INFO Experiment.PerfCost-961b: Processed 3650 samples out of 10000, 0 errors
17:51:44,526 INFO Experiment.PerfCost-961b: Processed 3660 samples out of 10000, 0 errors
17:51:54,706 INFO Experiment.PerfCost-961b: Processed 3670 samples out of 10000, 0 errors
17:52:04,905 INFO Experiment.PerfCost-961b: Processed 3680 samples out of 10000, 0 errors
17:52:15,71 INFO Experiment.PerfCost-961b: Processed 3690 samples out of 10000, 0 errors
17:52:25,252 INFO Experiment.PerfCost-961b: Processed 3700 samples out of 10000, 0 errors
17:52:35,440 INFO Experiment.PerfCost-961b: Processed 3710 samples out of 10000, 0 errors
17:52:45,615 INFO Experiment.PerfCost-961b: Processed 3720 samples out of 10000, 0 errors
17:52:55,797 INFO Experiment.PerfCost-961b: Processed 3730 samples out of 10000, 0 errors
17:53:05,963 INFO Experiment.PerfCost-961b: Processed 3740 samples out of 10000, 0 errors
17:53:16,139 INFO Experiment.PerfCost-961b: Processed 3750 samples out of 10000, 0 errors
17:53:26,316 INFO Experiment.PerfCost-961b: Processed 3760 samples out of 10000, 0 errors
17:53:36,497 INFO Experiment.PerfCost-961b: Processed 3770 samples out of 10000, 0 errors
17:53:46,695 INFO Experiment.PerfCost-961b: Processed 3780 samples out of 10000, 0 errors
17:53:56,861 INFO Experiment.PerfCost-961b: Processed 3790 samples out of 10000, 0 errors
17:54:07,35 INFO Experiment.PerfCost-961b: Processed 3800 samples out of 10000, 0 errors
17:54:17,224 INFO Experiment.PerfCost-961b: Processed 3810 samples out of 10000, 0 errors
17:54:27,408 INFO Experiment.PerfCost-961b: Processed 3820 samples out of 10000, 0 errors
17:54:37,597 INFO Experiment.PerfCost-961b: Processed 3830 samples out of 10000, 0 errors
17:54:47,772 INFO Experiment.PerfCost-961b: Processed 3840 samples out of 10000, 0 errors
17:54:57,957 INFO Experiment.PerfCost-961b: Processed 3850 samples out of 10000, 0 errors
17:55:08,130 INFO Experiment.PerfCost-961b: Processed 3860 samples out of 10000, 0 errors
17:55:18,302 INFO Experiment.PerfCost-961b: Processed 3870 samples out of 10000, 0 errors
17:55:28,483 INFO Experiment.PerfCost-961b: Processed 3880 samples out of 10000, 0 errors
17:55:38,639 INFO Experiment.PerfCost-961b: Processed 3890 samples out of 10000, 0 errors
17:55:49,168 INFO Experiment.PerfCost-961b: Processed 3900 samples out of 10000, 0 errors
17:55:59,340 INFO Experiment.PerfCost-961b: Processed 3910 samples out of 10000, 0 errors
17:56:09,521 INFO Experiment.PerfCost-961b: Processed 3920 samples out of 10000, 0 errors
17:56:19,688 INFO Experiment.PerfCost-961b: Processed 3930 samples out of 10000, 0 errors
17:56:29,855 INFO Experiment.PerfCost-961b: Processed 3940 samples out of 10000, 0 errors
17:56:40,28 INFO Experiment.PerfCost-961b: Processed 3950 samples out of 10000, 0 errors
17:56:50,215 INFO Experiment.PerfCost-961b: Processed 3960 samples out of 10000, 0 errors
17:57:00,393 INFO Experiment.PerfCost-961b: Processed 3970 samples out of 10000, 0 errors
17:57:10,562 INFO Experiment.PerfCost-961b: Processed 3980 samples out of 10000, 0 errors
17:57:20,734 INFO Experiment.PerfCost-961b: Processed 3990 samples out of 10000, 0 errors
17:57:30,903 INFO Experiment.PerfCost-961b: Processed 4000 samples out of 10000, 0 errors
17:57:41,93 INFO Experiment.PerfCost-961b: Processed 4010 samples out of 10000, 0 errors
17:57:51,292 INFO Experiment.PerfCost-961b: Processed 4020 samples out of 10000, 0 errors
17:58:01,473 INFO Experiment.PerfCost-961b: Processed 4030 samples out of 10000, 0 errors
17:58:11,646 INFO Experiment.PerfCost-961b: Processed 4040 samples out of 10000, 0 errors
17:58:21,830 INFO Experiment.PerfCost-961b: Processed 4050 samples out of 10000, 0 errors
17:58:32,13 INFO Experiment.PerfCost-961b: Processed 4060 samples out of 10000, 0 errors
17:58:42,224 INFO Experiment.PerfCost-961b: Processed 4070 samples out of 10000, 0 errors
17:58:52,401 INFO Experiment.PerfCost-961b: Processed 4080 samples out of 10000, 0 errors
17:59:02,573 INFO Experiment.PerfCost-961b: Processed 4090 samples out of 10000, 0 errors
17:59:12,757 INFO Experiment.PerfCost-961b: Processed 4100 samples out of 10000, 0 errors
17:59:22,939 INFO Experiment.PerfCost-961b: Processed 4110 samples out of 10000, 0 errors
17:59:33,106 INFO Experiment.PerfCost-961b: Processed 4120 samples out of 10000, 0 errors
17:59:43,281 INFO Experiment.PerfCost-961b: Processed 4130 samples out of 10000, 0 errors
17:59:53,467 INFO Experiment.PerfCost-961b: Processed 4140 samples out of 10000, 0 errors
18:00:03,653 INFO Experiment.PerfCost-961b: Processed 4150 samples out of 10000, 0 errors
18:00:13,824 INFO Experiment.PerfCost-961b: Processed 4160 samples out of 10000, 0 errors
18:00:24,13 INFO Experiment.PerfCost-961b: Processed 4170 samples out of 10000, 0 errors
18:00:34,200 INFO Experiment.PerfCost-961b: Processed 4180 samples out of 10000, 0 errors
18:00:44,372 INFO Experiment.PerfCost-961b: Processed 4190 samples out of 10000, 0 errors
18:00:54,593 INFO Experiment.PerfCost-961b: Processed 4200 samples out of 10000, 0 errors
18:01:04,789 INFO Experiment.PerfCost-961b: Processed 4210 samples out of 10000, 0 errors
18:01:14,946 INFO Experiment.PerfCost-961b: Processed 4220 samples out of 10000, 0 errors
18:01:25,118 INFO Experiment.PerfCost-961b: Processed 4230 samples out of 10000, 0 errors
18:01:35,297 INFO Experiment.PerfCost-961b: Processed 4240 samples out of 10000, 0 errors
18:01:45,495 INFO Experiment.PerfCost-961b: Processed 4250 samples out of 10000, 0 errors
18:01:55,708 INFO Experiment.PerfCost-961b: Processed 4260 samples out of 10000, 0 errors
18:02:05,887 INFO Experiment.PerfCost-961b: Processed 4270 samples out of 10000, 0 errors
18:02:16,81 INFO Experiment.PerfCost-961b: Processed 4280 samples out of 10000, 0 errors
18:02:26,257 INFO Experiment.PerfCost-961b: Processed 4290 samples out of 10000, 0 errors
18:02:36,446 INFO Experiment.PerfCost-961b: Processed 4300 samples out of 10000, 0 errors
18:02:46,625 INFO Experiment.PerfCost-961b: Processed 4310 samples out of 10000, 0 errors
18:02:56,801 INFO Experiment.PerfCost-961b: Processed 4320 samples out of 10000, 0 errors
18:03:06,974 INFO Experiment.PerfCost-961b: Processed 4330 samples out of 10000, 0 errors
18:03:17,149 INFO Experiment.PerfCost-961b: Processed 4340 samples out of 10000, 0 errors
18:03:27,339 INFO Experiment.PerfCost-961b: Processed 4350 samples out of 10000, 0 errors
18:03:37,523 INFO Experiment.PerfCost-961b: Processed 4360 samples out of 10000, 0 errors
18:03:47,727 INFO Experiment.PerfCost-961b: Processed 4370 samples out of 10000, 0 errors
18:03:57,912 INFO Experiment.PerfCost-961b: Processed 4380 samples out of 10000, 0 errors
18:04:08,88 INFO Experiment.PerfCost-961b: Processed 4390 samples out of 10000, 0 errors
18:04:18,267 INFO Experiment.PerfCost-961b: Processed 4400 samples out of 10000, 0 errors
18:04:28,466 INFO Experiment.PerfCost-961b: Processed 4410 samples out of 10000, 0 errors
18:04:38,634 INFO Experiment.PerfCost-961b: Processed 4420 samples out of 10000, 0 errors
18:04:48,807 INFO Experiment.PerfCost-961b: Processed 4430 samples out of 10000, 0 errors
18:04:58,993 INFO Experiment.PerfCost-961b: Processed 4440 samples out of 10000, 0 errors
18:05:09,174 INFO Experiment.PerfCost-961b: Processed 4450 samples out of 10000, 0 errors
18:05:19,361 INFO Experiment.PerfCost-961b: Processed 4460 samples out of 10000, 0 errors
18:05:29,540 INFO Experiment.PerfCost-961b: Processed 4470 samples out of 10000, 0 errors
18:05:39,712 INFO Experiment.PerfCost-961b: Processed 4480 samples out of 10000, 0 errors
18:05:49,895 INFO Experiment.PerfCost-961b: Processed 4490 samples out of 10000, 0 errors
18:06:00,98 INFO Experiment.PerfCost-961b: Processed 4500 samples out of 10000, 0 errors
18:06:10,275 INFO Experiment.PerfCost-961b: Processed 4510 samples out of 10000, 0 errors
18:06:20,456 INFO Experiment.PerfCost-961b: Processed 4520 samples out of 10000, 0 errors
18:06:30,643 INFO Experiment.PerfCost-961b: Processed 4530 samples out of 10000, 0 errors
18:06:40,824 INFO Experiment.PerfCost-961b: Processed 4540 samples out of 10000, 0 errors
18:06:51,0 INFO Experiment.PerfCost-961b: Processed 4550 samples out of 10000, 0 errors
18:07:01,178 INFO Experiment.PerfCost-961b: Processed 4560 samples out of 10000, 0 errors
18:07:11,336 INFO Experiment.PerfCost-961b: Processed 4570 samples out of 10000, 0 errors
18:07:21,509 INFO Experiment.PerfCost-961b: Processed 4580 samples out of 10000, 0 errors
18:07:31,686 INFO Experiment.PerfCost-961b: Processed 4590 samples out of 10000, 0 errors
18:07:41,873 INFO Experiment.PerfCost-961b: Processed 4600 samples out of 10000, 0 errors
18:07:52,62 INFO Experiment.PerfCost-961b: Processed 4610 samples out of 10000, 0 errors
18:08:02,233 INFO Experiment.PerfCost-961b: Processed 4620 samples out of 10000, 0 errors
18:08:12,408 INFO Experiment.PerfCost-961b: Processed 4630 samples out of 10000, 0 errors
18:08:22,609 INFO Experiment.PerfCost-961b: Processed 4640 samples out of 10000, 0 errors
18:08:32,769 INFO Experiment.PerfCost-961b: Processed 4650 samples out of 10000, 0 errors
18:08:42,957 INFO Experiment.PerfCost-961b: Processed 4660 samples out of 10000, 0 errors
18:08:53,155 INFO Experiment.PerfCost-961b: Processed 4670 samples out of 10000, 0 errors
18:09:03,337 INFO Experiment.PerfCost-961b: Processed 4680 samples out of 10000, 0 errors
18:09:13,522 INFO Experiment.PerfCost-961b: Processed 4690 samples out of 10000, 0 errors
18:09:23,719 INFO Experiment.PerfCost-961b: Processed 4700 samples out of 10000, 0 errors
18:09:33,909 INFO Experiment.PerfCost-961b: Processed 4710 samples out of 10000, 0 errors
18:09:44,90 INFO Experiment.PerfCost-961b: Processed 4720 samples out of 10000, 0 errors
18:09:54,288 INFO Experiment.PerfCost-961b: Processed 4730 samples out of 10000, 0 errors
18:10:04,486 INFO Experiment.PerfCost-961b: Processed 4740 samples out of 10000, 0 errors
18:10:14,653 INFO Experiment.PerfCost-961b: Processed 4750 samples out of 10000, 0 errors
18:10:24,821 INFO Experiment.PerfCost-961b: Processed 4760 samples out of 10000, 0 errors
18:10:35,1 INFO Experiment.PerfCost-961b: Processed 4770 samples out of 10000, 0 errors
18:10:45,177 INFO Experiment.PerfCost-961b: Processed 4780 samples out of 10000, 0 errors
18:10:55,352 INFO Experiment.PerfCost-961b: Processed 4790 samples out of 10000, 0 errors
18:11:05,556 INFO Experiment.PerfCost-961b: Processed 4800 samples out of 10000, 0 errors
18:11:15,731 INFO Experiment.PerfCost-961b: Processed 4810 samples out of 10000, 0 errors
18:11:25,902 INFO Experiment.PerfCost-961b: Processed 4820 samples out of 10000, 0 errors
18:11:36,95 INFO Experiment.PerfCost-961b: Processed 4830 samples out of 10000, 0 errors
18:11:46,278 INFO Experiment.PerfCost-961b: Processed 4840 samples out of 10000, 0 errors
18:11:56,463 INFO Experiment.PerfCost-961b: Processed 4850 samples out of 10000, 0 errors
18:12:06,645 INFO Experiment.PerfCost-961b: Processed 4860 samples out of 10000, 0 errors
18:12:16,833 INFO Experiment.PerfCost-961b: Processed 4870 samples out of 10000, 0 errors
18:12:27,16 INFO Experiment.PerfCost-961b: Processed 4880 samples out of 10000, 0 errors
18:12:37,201 INFO Experiment.PerfCost-961b: Processed 4890 samples out of 10000, 0 errors
18:12:47,395 INFO Experiment.PerfCost-961b: Processed 4900 samples out of 10000, 0 errors
18:12:57,594 INFO Experiment.PerfCost-961b: Processed 4910 samples out of 10000, 0 errors
18:13:07,772 INFO Experiment.PerfCost-961b: Processed 4920 samples out of 10000, 0 errors
18:13:17,955 INFO Experiment.PerfCost-961b: Processed 4930 samples out of 10000, 0 errors
18:13:28,130 INFO Experiment.PerfCost-961b: Processed 4940 samples out of 10000, 0 errors
18:13:38,298 INFO Experiment.PerfCost-961b: Processed 4950 samples out of 10000, 0 errors
18:13:48,474 INFO Experiment.PerfCost-961b: Processed 4960 samples out of 10000, 0 errors
18:13:58,681 INFO Experiment.PerfCost-961b: Processed 4970 samples out of 10000, 0 errors
18:14:08,875 INFO Experiment.PerfCost-961b: Processed 4980 samples out of 10000, 0 errors
18:14:19,55 INFO Experiment.PerfCost-961b: Processed 4990 samples out of 10000, 0 errors
18:14:29,231 INFO Experiment.PerfCost-961b: Processed 5000 samples out of 10000, 0 errors
18:14:39,413 INFO Experiment.PerfCost-961b: Processed 5010 samples out of 10000, 0 errors
18:14:49,598 INFO Experiment.PerfCost-961b: Processed 5020 samples out of 10000, 0 errors
18:14:59,798 INFO Experiment.PerfCost-961b: Processed 5030 samples out of 10000, 0 errors
18:15:09,969 INFO Experiment.PerfCost-961b: Processed 5040 samples out of 10000, 0 errors
18:15:20,138 INFO Experiment.PerfCost-961b: Processed 5050 samples out of 10000, 0 errors
18:15:30,330 INFO Experiment.PerfCost-961b: Processed 5060 samples out of 10000, 0 errors
18:15:40,514 INFO Experiment.PerfCost-961b: Processed 5070 samples out of 10000, 0 errors
18:15:50,691 INFO Experiment.PerfCost-961b: Processed 5080 samples out of 10000, 0 errors
18:16:00,872 INFO Experiment.PerfCost-961b: Processed 5090 samples out of 10000, 0 errors
18:16:11,57 INFO Experiment.PerfCost-961b: Processed 5100 samples out of 10000, 0 errors
18:16:21,242 INFO Experiment.PerfCost-961b: Processed 5110 samples out of 10000, 0 errors
18:16:31,428 INFO Experiment.PerfCost-961b: Processed 5120 samples out of 10000, 0 errors
18:16:41,615 INFO Experiment.PerfCost-961b: Processed 5130 samples out of 10000, 0 errors
18:16:51,785 INFO Experiment.PerfCost-961b: Processed 5140 samples out of 10000, 0 errors
18:17:01,962 INFO Experiment.PerfCost-961b: Processed 5150 samples out of 10000, 0 errors
18:17:12,145 INFO Experiment.PerfCost-961b: Processed 5160 samples out of 10000, 0 errors
18:17:22,318 INFO Experiment.PerfCost-961b: Processed 5170 samples out of 10000, 0 errors
18:17:32,492 INFO Experiment.PerfCost-961b: Processed 5180 samples out of 10000, 0 errors
18:17:42,682 INFO Experiment.PerfCost-961b: Processed 5190 samples out of 10000, 0 errors
18:17:52,851 INFO Experiment.PerfCost-961b: Processed 5200 samples out of 10000, 0 errors
18:18:03,30 INFO Experiment.PerfCost-961b: Processed 5210 samples out of 10000, 0 errors
18:18:13,210 INFO Experiment.PerfCost-961b: Processed 5220 samples out of 10000, 0 errors
18:18:23,385 INFO Experiment.PerfCost-961b: Processed 5230 samples out of 10000, 0 errors
18:18:33,565 INFO Experiment.PerfCost-961b: Processed 5240 samples out of 10000, 0 errors
18:18:43,764 INFO Experiment.PerfCost-961b: Processed 5250 samples out of 10000, 0 errors
18:18:53,958 INFO Experiment.PerfCost-961b: Processed 5260 samples out of 10000, 0 errors
18:19:04,170 INFO Experiment.PerfCost-961b: Processed 5270 samples out of 10000, 0 errors
18:19:14,351 INFO Experiment.PerfCost-961b: Processed 5280 samples out of 10000, 0 errors
18:19:24,540 INFO Experiment.PerfCost-961b: Processed 5290 samples out of 10000, 0 errors
18:19:34,717 INFO Experiment.PerfCost-961b: Processed 5300 samples out of 10000, 0 errors
18:19:44,883 INFO Experiment.PerfCost-961b: Processed 5310 samples out of 10000, 0 errors
18:19:55,63 INFO Experiment.PerfCost-961b: Processed 5320 samples out of 10000, 0 errors
18:20:05,260 INFO Experiment.PerfCost-961b: Processed 5330 samples out of 10000, 0 errors
18:20:15,457 INFO Experiment.PerfCost-961b: Processed 5340 samples out of 10000, 0 errors
18:20:25,629 INFO Experiment.PerfCost-961b: Processed 5350 samples out of 10000, 0 errors
18:20:35,802 INFO Experiment.PerfCost-961b: Processed 5360 samples out of 10000, 0 errors
18:20:45,998 INFO Experiment.PerfCost-961b: Processed 5370 samples out of 10000, 0 errors
18:20:56,177 INFO Experiment.PerfCost-961b: Processed 5380 samples out of 10000, 0 errors
18:21:06,357 INFO Experiment.PerfCost-961b: Processed 5390 samples out of 10000, 0 errors
18:21:16,545 INFO Experiment.PerfCost-961b: Processed 5400 samples out of 10000, 0 errors
18:21:26,741 INFO Experiment.PerfCost-961b: Processed 5410 samples out of 10000, 0 errors
18:21:36,922 INFO Experiment.PerfCost-961b: Processed 5420 samples out of 10000, 0 errors
18:21:47,102 INFO Experiment.PerfCost-961b: Processed 5430 samples out of 10000, 0 errors
18:21:57,284 INFO Experiment.PerfCost-961b: Processed 5440 samples out of 10000, 0 errors
18:22:07,473 INFO Experiment.PerfCost-961b: Processed 5450 samples out of 10000, 0 errors
18:22:17,643 INFO Experiment.PerfCost-961b: Processed 5460 samples out of 10000, 0 errors
18:22:27,827 INFO Experiment.PerfCost-961b: Processed 5470 samples out of 10000, 0 errors
18:22:38,23 INFO Experiment.PerfCost-961b: Processed 5480 samples out of 10000, 0 errors
18:22:48,211 INFO Experiment.PerfCost-961b: Processed 5490 samples out of 10000, 0 errors
18:22:58,402 INFO Experiment.PerfCost-961b: Processed 5500 samples out of 10000, 0 errors
18:23:08,586 INFO Experiment.PerfCost-961b: Processed 5510 samples out of 10000, 0 errors
18:23:18,768 INFO Experiment.PerfCost-961b: Processed 5520 samples out of 10000, 0 errors
18:23:28,954 INFO Experiment.PerfCost-961b: Processed 5530 samples out of 10000, 0 errors
18:23:39,127 INFO Experiment.PerfCost-961b: Processed 5540 samples out of 10000, 0 errors
18:23:49,307 INFO Experiment.PerfCost-961b: Processed 5550 samples out of 10000, 0 errors
18:23:59,491 INFO Experiment.PerfCost-961b: Processed 5560 samples out of 10000, 0 errors
18:24:09,714 INFO Experiment.PerfCost-961b: Processed 5570 samples out of 10000, 0 errors
18:24:19,906 INFO Experiment.PerfCost-961b: Processed 5580 samples out of 10000, 0 errors
18:24:30,84 INFO Experiment.PerfCost-961b: Processed 5590 samples out of 10000, 0 errors
18:24:40,271 INFO Experiment.PerfCost-961b: Processed 5600 samples out of 10000, 0 errors
18:24:50,454 INFO Experiment.PerfCost-961b: Processed 5610 samples out of 10000, 0 errors
18:25:00,649 INFO Experiment.PerfCost-961b: Processed 5620 samples out of 10000, 0 errors
18:25:10,817 INFO Experiment.PerfCost-961b: Processed 5630 samples out of 10000, 0 errors
18:25:20,987 INFO Experiment.PerfCost-961b: Processed 5640 samples out of 10000, 0 errors
18:25:31,173 INFO Experiment.PerfCost-961b: Processed 5650 samples out of 10000, 0 errors
18:25:41,357 INFO Experiment.PerfCost-961b: Processed 5660 samples out of 10000, 0 errors
18:25:51,525 INFO Experiment.PerfCost-961b: Processed 5670 samples out of 10000, 0 errors
18:26:01,705 INFO Experiment.PerfCost-961b: Processed 5680 samples out of 10000, 0 errors
18:26:11,887 INFO Experiment.PerfCost-961b: Processed 5690 samples out of 10000, 0 errors
18:26:22,90 INFO Experiment.PerfCost-961b: Processed 5700 samples out of 10000, 0 errors
18:26:32,266 INFO Experiment.PerfCost-961b: Processed 5710 samples out of 10000, 0 errors
18:26:42,454 INFO Experiment.PerfCost-961b: Processed 5720 samples out of 10000, 0 errors
18:26:52,644 INFO Experiment.PerfCost-961b: Processed 5730 samples out of 10000, 0 errors
18:27:02,825 INFO Experiment.PerfCost-961b: Processed 5740 samples out of 10000, 0 errors
18:27:13,18 INFO Experiment.PerfCost-961b: Processed 5750 samples out of 10000, 0 errors
18:27:23,211 INFO Experiment.PerfCost-961b: Processed 5760 samples out of 10000, 0 errors
18:27:33,396 INFO Experiment.PerfCost-961b: Processed 5770 samples out of 10000, 0 errors
18:27:43,568 INFO Experiment.PerfCost-961b: Processed 5780 samples out of 10000, 0 errors
18:27:53,759 INFO Experiment.PerfCost-961b: Processed 5790 samples out of 10000, 0 errors
18:28:03,947 INFO Experiment.PerfCost-961b: Processed 5800 samples out of 10000, 0 errors
18:28:14,139 INFO Experiment.PerfCost-961b: Processed 5810 samples out of 10000, 0 errors
18:28:24,332 INFO Experiment.PerfCost-961b: Processed 5820 samples out of 10000, 0 errors
18:28:34,532 INFO Experiment.PerfCost-961b: Processed 5830 samples out of 10000, 0 errors
18:28:44,712 INFO Experiment.PerfCost-961b: Processed 5840 samples out of 10000, 0 errors
18:28:54,904 INFO Experiment.PerfCost-961b: Processed 5850 samples out of 10000, 0 errors
18:29:05,129 INFO Experiment.PerfCost-961b: Processed 5860 samples out of 10000, 0 errors
18:29:15,330 INFO Experiment.PerfCost-961b: Processed 5870 samples out of 10000, 0 errors
18:29:25,522 INFO Experiment.PerfCost-961b: Processed 5880 samples out of 10000, 0 errors
18:29:35,714 INFO Experiment.PerfCost-961b: Processed 5890 samples out of 10000, 0 errors
18:29:45,906 INFO Experiment.PerfCost-961b: Processed 5900 samples out of 10000, 0 errors
18:29:56,111 INFO Experiment.PerfCost-961b: Processed 5910 samples out of 10000, 0 errors
18:30:06,301 INFO Experiment.PerfCost-961b: Processed 5920 samples out of 10000, 0 errors
18:30:16,498 INFO Experiment.PerfCost-961b: Processed 5930 samples out of 10000, 0 errors
18:30:26,675 INFO Experiment.PerfCost-961b: Processed 5940 samples out of 10000, 0 errors
18:30:36,866 INFO Experiment.PerfCost-961b: Processed 5950 samples out of 10000, 0 errors
18:30:47,56 INFO Experiment.PerfCost-961b: Processed 5960 samples out of 10000, 0 errors
18:30:57,235 INFO Experiment.PerfCost-961b: Processed 5970 samples out of 10000, 0 errors
18:31:07,417 INFO Experiment.PerfCost-961b: Processed 5980 samples out of 10000, 0 errors
18:31:17,594 INFO Experiment.PerfCost-961b: Processed 5990 samples out of 10000, 0 errors
18:31:27,785 INFO Experiment.PerfCost-961b: Processed 6000 samples out of 10000, 0 errors
18:31:37,978 INFO Experiment.PerfCost-961b: Processed 6010 samples out of 10000, 0 errors
18:31:48,149 INFO Experiment.PerfCost-961b: Processed 6020 samples out of 10000, 0 errors
18:31:58,336 INFO Experiment.PerfCost-961b: Processed 6030 samples out of 10000, 0 errors
18:32:08,521 INFO Experiment.PerfCost-961b: Processed 6040 samples out of 10000, 0 errors
18:32:18,703 INFO Experiment.PerfCost-961b: Processed 6050 samples out of 10000, 0 errors
18:32:28,891 INFO Experiment.PerfCost-961b: Processed 6060 samples out of 10000, 0 errors
18:32:39,82 INFO Experiment.PerfCost-961b: Processed 6070 samples out of 10000, 0 errors
18:32:49,272 INFO Experiment.PerfCost-961b: Processed 6080 samples out of 10000, 0 errors
18:32:59,470 INFO Experiment.PerfCost-961b: Processed 6090 samples out of 10000, 0 errors
18:33:09,664 INFO Experiment.PerfCost-961b: Processed 6100 samples out of 10000, 0 errors
18:33:19,850 INFO Experiment.PerfCost-961b: Processed 6110 samples out of 10000, 0 errors
18:33:30,77 INFO Experiment.PerfCost-961b: Processed 6120 samples out of 10000, 0 errors
18:33:40,291 INFO Experiment.PerfCost-961b: Processed 6130 samples out of 10000, 0 errors
18:33:50,482 INFO Experiment.PerfCost-961b: Processed 6140 samples out of 10000, 0 errors
18:34:00,667 INFO Experiment.PerfCost-961b: Processed 6150 samples out of 10000, 0 errors
18:34:10,846 INFO Experiment.PerfCost-961b: Processed 6160 samples out of 10000, 0 errors
18:34:21,57 INFO Experiment.PerfCost-961b: Processed 6170 samples out of 10000, 0 errors
18:34:31,302 INFO Experiment.PerfCost-961b: Processed 6180 samples out of 10000, 0 errors
18:34:41,475 INFO Experiment.PerfCost-961b: Processed 6190 samples out of 10000, 0 errors
18:34:51,664 INFO Experiment.PerfCost-961b: Processed 6200 samples out of 10000, 0 errors
18:35:01,865 INFO Experiment.PerfCost-961b: Processed 6210 samples out of 10000, 0 errors
18:35:12,45 INFO Experiment.PerfCost-961b: Processed 6220 samples out of 10000, 0 errors
18:35:22,243 INFO Experiment.PerfCost-961b: Processed 6230 samples out of 10000, 0 errors
18:35:32,438 INFO Experiment.PerfCost-961b: Processed 6240 samples out of 10000, 0 errors
18:35:42,630 INFO Experiment.PerfCost-961b: Processed 6250 samples out of 10000, 0 errors
18:35:52,823 INFO Experiment.PerfCost-961b: Processed 6260 samples out of 10000, 0 errors
18:36:03,14 INFO Experiment.PerfCost-961b: Processed 6270 samples out of 10000, 0 errors
18:36:13,192 INFO Experiment.PerfCost-961b: Processed 6280 samples out of 10000, 0 errors
18:36:23,379 INFO Experiment.PerfCost-961b: Processed 6290 samples out of 10000, 0 errors
18:36:33,576 INFO Experiment.PerfCost-961b: Processed 6300 samples out of 10000, 0 errors
18:36:43,819 INFO Experiment.PerfCost-961b: Processed 6310 samples out of 10000, 0 errors
18:36:54,16 INFO Experiment.PerfCost-961b: Processed 6320 samples out of 10000, 0 errors
18:37:04,197 INFO Experiment.PerfCost-961b: Processed 6330 samples out of 10000, 0 errors
18:37:14,385 INFO Experiment.PerfCost-961b: Processed 6340 samples out of 10000, 0 errors
18:37:24,711 INFO Experiment.PerfCost-961b: Processed 6350 samples out of 10000, 0 errors
18:37:34,914 INFO Experiment.PerfCost-961b: Processed 6360 samples out of 10000, 0 errors
18:37:45,89 INFO Experiment.PerfCost-961b: Processed 6370 samples out of 10000, 0 errors
18:37:55,284 INFO Experiment.PerfCost-961b: Processed 6380 samples out of 10000, 0 errors
18:38:05,463 INFO Experiment.PerfCost-961b: Processed 6390 samples out of 10000, 0 errors
18:38:15,649 INFO Experiment.PerfCost-961b: Processed 6400 samples out of 10000, 0 errors
18:38:25,855 INFO Experiment.PerfCost-961b: Processed 6410 samples out of 10000, 0 errors
18:38:36,49 INFO Experiment.PerfCost-961b: Processed 6420 samples out of 10000, 0 errors
18:38:46,236 INFO Experiment.PerfCost-961b: Processed 6430 samples out of 10000, 0 errors
18:38:56,417 INFO Experiment.PerfCost-961b: Processed 6440 samples out of 10000, 0 errors
18:39:06,616 INFO Experiment.PerfCost-961b: Processed 6450 samples out of 10000, 0 errors
18:39:16,800 INFO Experiment.PerfCost-961b: Processed 6460 samples out of 10000, 0 errors
18:39:27,35 INFO Experiment.PerfCost-961b: Processed 6470 samples out of 10000, 0 errors
18:39:37,231 INFO Experiment.PerfCost-961b: Processed 6480 samples out of 10000, 0 errors
18:39:47,419 INFO Experiment.PerfCost-961b: Processed 6490 samples out of 10000, 0 errors
18:39:57,608 INFO Experiment.PerfCost-961b: Processed 6500 samples out of 10000, 0 errors
18:40:07,795 INFO Experiment.PerfCost-961b: Processed 6510 samples out of 10000, 0 errors
18:40:17,977 INFO Experiment.PerfCost-961b: Processed 6520 samples out of 10000, 0 errors
18:40:28,167 INFO Experiment.PerfCost-961b: Processed 6530 samples out of 10000, 0 errors
18:40:38,367 INFO Experiment.PerfCost-961b: Processed 6540 samples out of 10000, 0 errors
18:40:48,570 INFO Experiment.PerfCost-961b: Processed 6550 samples out of 10000, 0 errors
18:40:58,752 INFO Experiment.PerfCost-961b: Processed 6560 samples out of 10000, 0 errors
18:41:08,930 INFO Experiment.PerfCost-961b: Processed 6570 samples out of 10000, 0 errors
18:41:19,143 INFO Experiment.PerfCost-961b: Processed 6580 samples out of 10000, 0 errors
18:41:29,336 INFO Experiment.PerfCost-961b: Processed 6590 samples out of 10000, 0 errors
18:41:39,546 INFO Experiment.PerfCost-961b: Processed 6600 samples out of 10000, 0 errors
18:41:49,719 INFO Experiment.PerfCost-961b: Processed 6610 samples out of 10000, 0 errors
18:41:59,914 INFO Experiment.PerfCost-961b: Processed 6620 samples out of 10000, 0 errors
18:42:10,100 INFO Experiment.PerfCost-961b: Processed 6630 samples out of 10000, 0 errors
18:42:20,284 INFO Experiment.PerfCost-961b: Processed 6640 samples out of 10000, 0 errors
18:42:30,467 INFO Experiment.PerfCost-961b: Processed 6650 samples out of 10000, 0 errors
18:42:40,650 INFO Experiment.PerfCost-961b: Processed 6660 samples out of 10000, 0 errors
18:42:50,813 INFO Experiment.PerfCost-961b: Processed 6670 samples out of 10000, 0 errors
18:43:00,985 INFO Experiment.PerfCost-961b: Processed 6680 samples out of 10000, 0 errors
18:43:11,177 INFO Experiment.PerfCost-961b: Processed 6690 samples out of 10000, 0 errors
18:43:21,338 INFO Experiment.PerfCost-961b: Processed 6700 samples out of 10000, 0 errors
18:43:31,521 INFO Experiment.PerfCost-961b: Processed 6710 samples out of 10000, 0 errors
18:43:41,686 INFO Experiment.PerfCost-961b: Processed 6720 samples out of 10000, 0 errors
18:43:51,881 INFO Experiment.PerfCost-961b: Processed 6730 samples out of 10000, 0 errors
18:44:02,83 INFO Experiment.PerfCost-961b: Processed 6740 samples out of 10000, 0 errors
18:44:12,274 INFO Experiment.PerfCost-961b: Processed 6750 samples out of 10000, 0 errors
18:44:22,471 INFO Experiment.PerfCost-961b: Processed 6760 samples out of 10000, 0 errors
18:44:32,696 INFO Experiment.PerfCost-961b: Processed 6770 samples out of 10000, 0 errors
18:44:42,895 INFO Experiment.PerfCost-961b: Processed 6780 samples out of 10000, 0 errors
18:44:53,95 INFO Experiment.PerfCost-961b: Processed 6790 samples out of 10000, 0 errors
18:45:03,296 INFO Experiment.PerfCost-961b: Processed 6800 samples out of 10000, 0 errors
18:45:13,496 INFO Experiment.PerfCost-961b: Processed 6810 samples out of 10000, 0 errors
18:45:23,678 INFO Experiment.PerfCost-961b: Processed 6820 samples out of 10000, 0 errors
18:45:33,889 INFO Experiment.PerfCost-961b: Processed 6830 samples out of 10000, 0 errors
18:45:44,98 INFO Experiment.PerfCost-961b: Processed 6840 samples out of 10000, 0 errors
18:45:54,305 INFO Experiment.PerfCost-961b: Processed 6850 samples out of 10000, 0 errors
18:46:04,494 INFO Experiment.PerfCost-961b: Processed 6860 samples out of 10000, 0 errors
18:46:14,688 INFO Experiment.PerfCost-961b: Processed 6870 samples out of 10000, 0 errors
18:46:24,885 INFO Experiment.PerfCost-961b: Processed 6880 samples out of 10000, 0 errors
18:46:35,81 INFO Experiment.PerfCost-961b: Processed 6890 samples out of 10000, 0 errors
18:46:45,284 INFO Experiment.PerfCost-961b: Processed 6900 samples out of 10000, 0 errors
18:46:55,476 INFO Experiment.PerfCost-961b: Processed 6910 samples out of 10000, 0 errors
18:47:05,661 INFO Experiment.PerfCost-961b: Processed 6920 samples out of 10000, 0 errors
18:47:15,851 INFO Experiment.PerfCost-961b: Processed 6930 samples out of 10000, 0 errors
18:47:26,49 INFO Experiment.PerfCost-961b: Processed 6940 samples out of 10000, 0 errors
18:47:36,259 INFO Experiment.PerfCost-961b: Processed 6950 samples out of 10000, 0 errors
18:47:46,450 INFO Experiment.PerfCost-961b: Processed 6960 samples out of 10000, 0 errors
18:47:56,652 INFO Experiment.PerfCost-961b: Processed 6970 samples out of 10000, 0 errors
18:48:06,843 INFO Experiment.PerfCost-961b: Processed 6980 samples out of 10000, 0 errors
18:48:17,68 INFO Experiment.PerfCost-961b: Processed 6990 samples out of 10000, 0 errors
18:48:27,270 INFO Experiment.PerfCost-961b: Processed 7000 samples out of 10000, 0 errors
18:48:37,461 INFO Experiment.PerfCost-961b: Processed 7010 samples out of 10000, 0 errors
18:48:47,661 INFO Experiment.PerfCost-961b: Processed 7020 samples out of 10000, 0 errors
18:48:57,850 INFO Experiment.PerfCost-961b: Processed 7030 samples out of 10000, 0 errors
18:49:08,44 INFO Experiment.PerfCost-961b: Processed 7040 samples out of 10000, 0 errors
18:49:18,243 INFO Experiment.PerfCost-961b: Processed 7050 samples out of 10000, 0 errors
18:49:28,441 INFO Experiment.PerfCost-961b: Processed 7060 samples out of 10000, 0 errors
18:49:38,667 INFO Experiment.PerfCost-961b: Processed 7070 samples out of 10000, 0 errors
18:49:48,884 INFO Experiment.PerfCost-961b: Processed 7080 samples out of 10000, 0 errors
18:49:59,68 INFO Experiment.PerfCost-961b: Processed 7090 samples out of 10000, 0 errors
18:50:09,268 INFO Experiment.PerfCost-961b: Processed 7100 samples out of 10000, 0 errors
18:50:19,472 INFO Experiment.PerfCost-961b: Processed 7110 samples out of 10000, 0 errors
18:50:29,676 INFO Experiment.PerfCost-961b: Processed 7120 samples out of 10000, 0 errors
18:50:39,885 INFO Experiment.PerfCost-961b: Processed 7130 samples out of 10000, 0 errors
18:50:50,78 INFO Experiment.PerfCost-961b: Processed 7140 samples out of 10000, 0 errors
18:51:00,271 INFO Experiment.PerfCost-961b: Processed 7150 samples out of 10000, 0 errors
18:51:10,485 INFO Experiment.PerfCost-961b: Processed 7160 samples out of 10000, 0 errors
18:51:20,685 INFO Experiment.PerfCost-961b: Processed 7170 samples out of 10000, 0 errors
18:51:30,867 INFO Experiment.PerfCost-961b: Processed 7180 samples out of 10000, 0 errors
18:51:41,69 INFO Experiment.PerfCost-961b: Processed 7190 samples out of 10000, 0 errors
18:51:51,266 INFO Experiment.PerfCost-961b: Processed 7200 samples out of 10000, 0 errors
18:52:01,452 INFO Experiment.PerfCost-961b: Processed 7210 samples out of 10000, 0 errors
18:52:11,638 INFO Experiment.PerfCost-961b: Processed 7220 samples out of 10000, 0 errors
18:52:21,823 INFO Experiment.PerfCost-961b: Processed 7230 samples out of 10000, 0 errors
18:52:32,18 INFO Experiment.PerfCost-961b: Processed 7240 samples out of 10000, 0 errors
18:52:42,211 INFO Experiment.PerfCost-961b: Processed 7250 samples out of 10000, 0 errors
18:52:52,405 INFO Experiment.PerfCost-961b: Processed 7260 samples out of 10000, 0 errors
18:53:02,620 INFO Experiment.PerfCost-961b: Processed 7270 samples out of 10000, 0 errors
18:53:12,802 INFO Experiment.PerfCost-961b: Processed 7280 samples out of 10000, 0 errors
18:53:22,993 INFO Experiment.PerfCost-961b: Processed 7290 samples out of 10000, 0 errors
18:53:33,179 INFO Experiment.PerfCost-961b: Processed 7300 samples out of 10000, 0 errors
18:53:43,389 INFO Experiment.PerfCost-961b: Processed 7310 samples out of 10000, 0 errors
18:53:53,577 INFO Experiment.PerfCost-961b: Processed 7320 samples out of 10000, 0 errors
18:54:03,798 INFO Experiment.PerfCost-961b: Processed 7330 samples out of 10000, 0 errors
18:54:14,20 INFO Experiment.PerfCost-961b: Processed 7340 samples out of 10000, 0 errors
18:54:24,208 INFO Experiment.PerfCost-961b: Processed 7350 samples out of 10000, 0 errors
18:54:34,389 INFO Experiment.PerfCost-961b: Processed 7360 samples out of 10000, 0 errors
18:54:44,615 INFO Experiment.PerfCost-961b: Processed 7370 samples out of 10000, 0 errors
18:54:54,821 INFO Experiment.PerfCost-961b: Processed 7380 samples out of 10000, 0 errors
18:55:05,6 INFO Experiment.PerfCost-961b: Processed 7390 samples out of 10000, 0 errors
18:55:15,202 INFO Experiment.PerfCost-961b: Processed 7400 samples out of 10000, 0 errors
18:55:25,403 INFO Experiment.PerfCost-961b: Processed 7410 samples out of 10000, 0 errors
18:55:35,595 INFO Experiment.PerfCost-961b: Processed 7420 samples out of 10000, 0 errors
18:55:45,795 INFO Experiment.PerfCost-961b: Processed 7430 samples out of 10000, 0 errors
18:55:55,998 INFO Experiment.PerfCost-961b: Processed 7440 samples out of 10000, 0 errors
18:56:06,187 INFO Experiment.PerfCost-961b: Processed 7450 samples out of 10000, 0 errors
18:56:16,379 INFO Experiment.PerfCost-961b: Processed 7460 samples out of 10000, 0 errors
18:56:26,590 INFO Experiment.PerfCost-961b: Processed 7470 samples out of 10000, 0 errors
18:56:36,786 INFO Experiment.PerfCost-961b: Processed 7480 samples out of 10000, 0 errors
18:56:46,987 INFO Experiment.PerfCost-961b: Processed 7490 samples out of 10000, 0 errors
18:56:57,189 INFO Experiment.PerfCost-961b: Processed 7500 samples out of 10000, 0 errors
18:57:07,382 INFO Experiment.PerfCost-961b: Processed 7510 samples out of 10000, 0 errors
18:57:17,586 INFO Experiment.PerfCost-961b: Processed 7520 samples out of 10000, 0 errors
18:57:27,780 INFO Experiment.PerfCost-961b: Processed 7530 samples out of 10000, 0 errors
18:57:37,968 INFO Experiment.PerfCost-961b: Processed 7540 samples out of 10000, 0 errors
18:57:48,151 INFO Experiment.PerfCost-961b: Processed 7550 samples out of 10000, 0 errors
18:57:58,345 INFO Experiment.PerfCost-961b: Processed 7560 samples out of 10000, 0 errors
18:58:08,544 INFO Experiment.PerfCost-961b: Processed 7570 samples out of 10000, 0 errors
18:58:18,725 INFO Experiment.PerfCost-961b: Processed 7580 samples out of 10000, 0 errors
18:58:28,933 INFO Experiment.PerfCost-961b: Processed 7590 samples out of 10000, 0 errors
18:58:39,115 INFO Experiment.PerfCost-961b: Processed 7600 samples out of 10000, 0 errors
18:58:49,322 INFO Experiment.PerfCost-961b: Processed 7610 samples out of 10000, 0 errors
18:58:59,524 INFO Experiment.PerfCost-961b: Processed 7620 samples out of 10000, 0 errors
18:59:09,724 INFO Experiment.PerfCost-961b: Processed 7630 samples out of 10000, 0 errors
18:59:19,901 INFO Experiment.PerfCost-961b: Processed 7640 samples out of 10000, 0 errors
18:59:30,97 INFO Experiment.PerfCost-961b: Processed 7650 samples out of 10000, 0 errors
18:59:40,286 INFO Experiment.PerfCost-961b: Processed 7660 samples out of 10000, 0 errors
18:59:50,522 INFO Experiment.PerfCost-961b: Processed 7670 samples out of 10000, 0 errors
19:00:00,730 INFO Experiment.PerfCost-961b: Processed 7680 samples out of 10000, 0 errors
19:00:10,908 INFO Experiment.PerfCost-961b: Processed 7690 samples out of 10000, 0 errors
19:00:21,85 INFO Experiment.PerfCost-961b: Processed 7700 samples out of 10000, 0 errors
19:00:31,277 INFO Experiment.PerfCost-961b: Processed 7710 samples out of 10000, 0 errors
19:00:41,482 INFO Experiment.PerfCost-961b: Processed 7720 samples out of 10000, 0 errors
19:00:51,673 INFO Experiment.PerfCost-961b: Processed 7730 samples out of 10000, 0 errors
19:01:01,886 INFO Experiment.PerfCost-961b: Processed 7740 samples out of 10000, 0 errors
19:01:12,112 INFO Experiment.PerfCost-961b: Processed 7750 samples out of 10000, 0 errors
19:01:22,314 INFO Experiment.PerfCost-961b: Processed 7760 samples out of 10000, 0 errors
19:01:32,495 INFO Experiment.PerfCost-961b: Processed 7770 samples out of 10000, 0 errors
19:01:42,704 INFO Experiment.PerfCost-961b: Processed 7780 samples out of 10000, 0 errors
19:01:52,900 INFO Experiment.PerfCost-961b: Processed 7790 samples out of 10000, 0 errors
19:02:03,125 INFO Experiment.PerfCost-961b: Processed 7800 samples out of 10000, 0 errors
19:02:13,313 INFO Experiment.PerfCost-961b: Processed 7810 samples out of 10000, 0 errors
19:02:23,511 INFO Experiment.PerfCost-961b: Processed 7820 samples out of 10000, 0 errors
19:02:33,687 INFO Experiment.PerfCost-961b: Processed 7830 samples out of 10000, 0 errors
19:02:43,904 INFO Experiment.PerfCost-961b: Processed 7840 samples out of 10000, 0 errors
19:02:54,103 INFO Experiment.PerfCost-961b: Processed 7850 samples out of 10000, 0 errors
19:03:04,298 INFO Experiment.PerfCost-961b: Processed 7860 samples out of 10000, 0 errors
19:03:14,509 INFO Experiment.PerfCost-961b: Processed 7870 samples out of 10000, 0 errors
19:03:24,708 INFO Experiment.PerfCost-961b: Processed 7880 samples out of 10000, 0 errors
19:03:34,901 INFO Experiment.PerfCost-961b: Processed 7890 samples out of 10000, 0 errors
19:03:45,83 INFO Experiment.PerfCost-961b: Processed 7900 samples out of 10000, 0 errors
19:03:55,277 INFO Experiment.PerfCost-961b: Processed 7910 samples out of 10000, 0 errors
19:04:05,482 INFO Experiment.PerfCost-961b: Processed 7920 samples out of 10000, 0 errors
19:04:15,687 INFO Experiment.PerfCost-961b: Processed 7930 samples out of 10000, 0 errors
19:04:25,883 INFO Experiment.PerfCost-961b: Processed 7940 samples out of 10000, 0 errors
19:04:36,89 INFO Experiment.PerfCost-961b: Processed 7950 samples out of 10000, 0 errors
19:04:46,284 INFO Experiment.PerfCost-961b: Processed 7960 samples out of 10000, 0 errors
19:04:56,514 INFO Experiment.PerfCost-961b: Processed 7970 samples out of 10000, 0 errors
19:05:06,714 INFO Experiment.PerfCost-961b: Processed 7980 samples out of 10000, 0 errors
19:05:16,896 INFO Experiment.PerfCost-961b: Processed 7990 samples out of 10000, 0 errors
19:05:27,75 INFO Experiment.PerfCost-961b: Processed 8000 samples out of 10000, 0 errors
19:05:37,258 INFO Experiment.PerfCost-961b: Processed 8010 samples out of 10000, 0 errors
19:05:47,467 INFO Experiment.PerfCost-961b: Processed 8020 samples out of 10000, 0 errors
19:05:57,656 INFO Experiment.PerfCost-961b: Processed 8030 samples out of 10000, 0 errors
19:06:07,832 INFO Experiment.PerfCost-961b: Processed 8040 samples out of 10000, 0 errors
19:06:18,25 INFO Experiment.PerfCost-961b: Processed 8050 samples out of 10000, 0 errors
19:06:28,212 INFO Experiment.PerfCost-961b: Processed 8060 samples out of 10000, 0 errors
19:06:38,423 INFO Experiment.PerfCost-961b: Processed 8070 samples out of 10000, 0 errors
19:06:48,615 INFO Experiment.PerfCost-961b: Processed 8080 samples out of 10000, 0 errors
19:06:58,830 INFO Experiment.PerfCost-961b: Processed 8090 samples out of 10000, 0 errors
19:07:09,22 INFO Experiment.PerfCost-961b: Processed 8100 samples out of 10000, 0 errors
19:07:19,217 INFO Experiment.PerfCost-961b: Processed 8110 samples out of 10000, 0 errors
19:07:29,403 INFO Experiment.PerfCost-961b: Processed 8120 samples out of 10000, 0 errors
19:07:39,595 INFO Experiment.PerfCost-961b: Processed 8130 samples out of 10000, 0 errors
19:07:49,807 INFO Experiment.PerfCost-961b: Processed 8140 samples out of 10000, 0 errors
19:08:00,16 INFO Experiment.PerfCost-961b: Processed 8150 samples out of 10000, 0 errors
19:08:10,217 INFO Experiment.PerfCost-961b: Processed 8160 samples out of 10000, 0 errors
19:08:20,408 INFO Experiment.PerfCost-961b: Processed 8170 samples out of 10000, 0 errors
19:08:30,603 INFO Experiment.PerfCost-961b: Processed 8180 samples out of 10000, 0 errors
19:08:40,797 INFO Experiment.PerfCost-961b: Processed 8190 samples out of 10000, 0 errors
19:08:50,995 INFO Experiment.PerfCost-961b: Processed 8200 samples out of 10000, 0 errors
19:09:01,193 INFO Experiment.PerfCost-961b: Processed 8210 samples out of 10000, 0 errors
19:09:11,402 INFO Experiment.PerfCost-961b: Processed 8220 samples out of 10000, 0 errors
19:09:21,588 INFO Experiment.PerfCost-961b: Processed 8230 samples out of 10000, 0 errors
19:09:31,792 INFO Experiment.PerfCost-961b: Processed 8240 samples out of 10000, 0 errors
19:09:41,981 INFO Experiment.PerfCost-961b: Processed 8250 samples out of 10000, 0 errors
19:09:52,153 INFO Experiment.PerfCost-961b: Processed 8260 samples out of 10000, 0 errors
19:10:02,394 INFO Experiment.PerfCost-961b: Processed 8270 samples out of 10000, 0 errors
19:10:12,603 INFO Experiment.PerfCost-961b: Processed 8280 samples out of 10000, 0 errors
19:10:22,790 INFO Experiment.PerfCost-961b: Processed 8290 samples out of 10000, 0 errors
19:10:32,964 INFO Experiment.PerfCost-961b: Processed 8300 samples out of 10000, 0 errors
19:10:43,163 INFO Experiment.PerfCost-961b: Processed 8310 samples out of 10000, 0 errors
19:10:53,370 INFO Experiment.PerfCost-961b: Processed 8320 samples out of 10000, 0 errors
19:11:03,563 INFO Experiment.PerfCost-961b: Processed 8330 samples out of 10000, 0 errors
19:11:13,792 INFO Experiment.PerfCost-961b: Processed 8340 samples out of 10000, 0 errors
19:11:23,977 INFO Experiment.PerfCost-961b: Processed 8350 samples out of 10000, 0 errors
19:11:34,159 INFO Experiment.PerfCost-961b: Processed 8360 samples out of 10000, 0 errors
19:11:44,361 INFO Experiment.PerfCost-961b: Processed 8370 samples out of 10000, 0 errors
19:11:54,563 INFO Experiment.PerfCost-961b: Processed 8380 samples out of 10000, 0 errors
19:12:04,756 INFO Experiment.PerfCost-961b: Processed 8390 samples out of 10000, 0 errors
19:12:14,963 INFO Experiment.PerfCost-961b: Processed 8400 samples out of 10000, 0 errors
19:12:25,164 INFO Experiment.PerfCost-961b: Processed 8410 samples out of 10000, 0 errors
19:12:35,360 INFO Experiment.PerfCost-961b: Processed 8420 samples out of 10000, 0 errors
19:12:45,553 INFO Experiment.PerfCost-961b: Processed 8430 samples out of 10000, 0 errors
19:12:55,748 INFO Experiment.PerfCost-961b: Processed 8440 samples out of 10000, 0 errors
19:13:05,942 INFO Experiment.PerfCost-961b: Processed 8450 samples out of 10000, 0 errors
19:13:16,134 INFO Experiment.PerfCost-961b: Processed 8460 samples out of 10000, 0 errors
19:13:26,322 INFO Experiment.PerfCost-961b: Processed 8470 samples out of 10000, 0 errors
19:13:36,541 INFO Experiment.PerfCost-961b: Processed 8480 samples out of 10000, 0 errors
19:13:46,743 INFO Experiment.PerfCost-961b: Processed 8490 samples out of 10000, 0 errors
19:13:56,926 INFO Experiment.PerfCost-961b: Processed 8500 samples out of 10000, 0 errors
19:14:07,129 INFO Experiment.PerfCost-961b: Processed 8510 samples out of 10000, 0 errors
19:14:17,343 INFO Experiment.PerfCost-961b: Processed 8520 samples out of 10000, 0 errors
19:14:27,541 INFO Experiment.PerfCost-961b: Processed 8530 samples out of 10000, 0 errors
19:14:37,718 INFO Experiment.PerfCost-961b: Processed 8540 samples out of 10000, 0 errors
19:14:47,909 INFO Experiment.PerfCost-961b: Processed 8550 samples out of 10000, 0 errors
19:14:58,109 INFO Experiment.PerfCost-961b: Processed 8560 samples out of 10000, 0 errors
19:15:08,307 INFO Experiment.PerfCost-961b: Processed 8570 samples out of 10000, 0 errors
19:15:18,512 INFO Experiment.PerfCost-961b: Processed 8580 samples out of 10000, 0 errors
19:15:28,728 INFO Experiment.PerfCost-961b: Processed 8590 samples out of 10000, 0 errors
19:15:38,914 INFO Experiment.PerfCost-961b: Processed 8600 samples out of 10000, 0 errors
19:15:49,105 INFO Experiment.PerfCost-961b: Processed 8610 samples out of 10000, 0 errors
19:15:59,298 INFO Experiment.PerfCost-961b: Processed 8620 samples out of 10000, 0 errors
19:16:09,499 INFO Experiment.PerfCost-961b: Processed 8630 samples out of 10000, 0 errors
19:16:19,694 INFO Experiment.PerfCost-961b: Processed 8640 samples out of 10000, 0 errors
19:16:29,875 INFO Experiment.PerfCost-961b: Processed 8650 samples out of 10000, 0 errors
19:16:40,87 INFO Experiment.PerfCost-961b: Processed 8660 samples out of 10000, 0 errors
19:16:50,286 INFO Experiment.PerfCost-961b: Processed 8670 samples out of 10000, 0 errors
19:17:00,480 INFO Experiment.PerfCost-961b: Processed 8680 samples out of 10000, 0 errors
19:17:10,701 INFO Experiment.PerfCost-961b: Processed 8690 samples out of 10000, 0 errors
19:17:20,929 INFO Experiment.PerfCost-961b: Processed 8700 samples out of 10000, 0 errors
19:17:31,132 INFO Experiment.PerfCost-961b: Processed 8710 samples out of 10000, 0 errors
19:17:41,347 INFO Experiment.PerfCost-961b: Processed 8720 samples out of 10000, 0 errors
19:17:51,541 INFO Experiment.PerfCost-961b: Processed 8730 samples out of 10000, 0 errors
19:18:01,731 INFO Experiment.PerfCost-961b: Processed 8740 samples out of 10000, 0 errors
19:18:11,931 INFO Experiment.PerfCost-961b: Processed 8750 samples out of 10000, 0 errors
19:18:22,145 INFO Experiment.PerfCost-961b: Processed 8760 samples out of 10000, 0 errors
19:18:32,333 INFO Experiment.PerfCost-961b: Processed 8770 samples out of 10000, 0 errors
19:18:42,526 INFO Experiment.PerfCost-961b: Processed 8780 samples out of 10000, 0 errors
19:18:52,733 INFO Experiment.PerfCost-961b: Processed 8790 samples out of 10000, 0 errors
19:19:02,917 INFO Experiment.PerfCost-961b: Processed 8800 samples out of 10000, 0 errors
19:19:13,101 INFO Experiment.PerfCost-961b: Processed 8810 samples out of 10000, 0 errors
19:19:23,312 INFO Experiment.PerfCost-961b: Processed 8820 samples out of 10000, 0 errors
19:19:33,505 INFO Experiment.PerfCost-961b: Processed 8830 samples out of 10000, 0 errors
19:19:43,708 INFO Experiment.PerfCost-961b: Processed 8840 samples out of 10000, 0 errors
19:19:53,932 INFO Experiment.PerfCost-961b: Processed 8850 samples out of 10000, 0 errors
19:20:04,144 INFO Experiment.PerfCost-961b: Processed 8860 samples out of 10000, 0 errors
19:20:14,386 INFO Experiment.PerfCost-961b: Processed 8870 samples out of 10000, 0 errors
19:20:24,583 INFO Experiment.PerfCost-961b: Processed 8880 samples out of 10000, 0 errors
19:20:34,777 INFO Experiment.PerfCost-961b: Processed 8890 samples out of 10000, 0 errors
19:20:44,949 INFO Experiment.PerfCost-961b: Processed 8900 samples out of 10000, 0 errors
19:20:55,143 INFO Experiment.PerfCost-961b: Processed 8910 samples out of 10000, 0 errors
19:21:05,372 INFO Experiment.PerfCost-961b: Processed 8920 samples out of 10000, 0 errors
19:21:15,571 INFO Experiment.PerfCost-961b: Processed 8930 samples out of 10000, 0 errors
19:21:25,777 INFO Experiment.PerfCost-961b: Processed 8940 samples out of 10000, 0 errors
19:21:35,981 INFO Experiment.PerfCost-961b: Processed 8950 samples out of 10000, 0 errors
19:21:46,185 INFO Experiment.PerfCost-961b: Processed 8960 samples out of 10000, 0 errors
19:21:56,388 INFO Experiment.PerfCost-961b: Processed 8970 samples out of 10000, 0 errors
19:22:06,568 INFO Experiment.PerfCost-961b: Processed 8980 samples out of 10000, 0 errors
19:22:16,771 INFO Experiment.PerfCost-961b: Processed 8990 samples out of 10000, 0 errors
19:22:26,968 INFO Experiment.PerfCost-961b: Processed 9000 samples out of 10000, 0 errors
19:22:37,144 INFO Experiment.PerfCost-961b: Processed 9010 samples out of 10000, 0 errors
19:22:47,344 INFO Experiment.PerfCost-961b: Processed 9020 samples out of 10000, 0 errors
19:22:57,564 INFO Experiment.PerfCost-961b: Processed 9030 samples out of 10000, 0 errors
19:23:07,750 INFO Experiment.PerfCost-961b: Processed 9040 samples out of 10000, 0 errors
19:23:17,934 INFO Experiment.PerfCost-961b: Processed 9050 samples out of 10000, 0 errors
19:23:28,131 INFO Experiment.PerfCost-961b: Processed 9060 samples out of 10000, 0 errors
19:23:38,332 INFO Experiment.PerfCost-961b: Processed 9070 samples out of 10000, 0 errors
19:23:48,526 INFO Experiment.PerfCost-961b: Processed 9080 samples out of 10000, 0 errors
19:23:58,702 INFO Experiment.PerfCost-961b: Processed 9090 samples out of 10000, 0 errors
19:24:08,899 INFO Experiment.PerfCost-961b: Processed 9100 samples out of 10000, 0 errors
19:24:19,88 INFO Experiment.PerfCost-961b: Processed 9110 samples out of 10000, 0 errors
19:24:29,291 INFO Experiment.PerfCost-961b: Processed 9120 samples out of 10000, 0 errors
19:24:39,490 INFO Experiment.PerfCost-961b: Processed 9130 samples out of 10000, 0 errors
19:24:49,676 INFO Experiment.PerfCost-961b: Processed 9140 samples out of 10000, 0 errors
19:24:59,869 INFO Experiment.PerfCost-961b: Processed 9150 samples out of 10000, 0 errors
19:25:10,68 INFO Experiment.PerfCost-961b: Processed 9160 samples out of 10000, 0 errors
19:25:20,305 INFO Experiment.PerfCost-961b: Processed 9170 samples out of 10000, 0 errors
19:25:30,526 INFO Experiment.PerfCost-961b: Processed 9180 samples out of 10000, 0 errors
19:25:40,743 INFO Experiment.PerfCost-961b: Processed 9190 samples out of 10000, 0 errors
19:25:50,966 INFO Experiment.PerfCost-961b: Processed 9200 samples out of 10000, 0 errors
19:26:01,184 INFO Experiment.PerfCost-961b: Processed 9210 samples out of 10000, 0 errors
19:26:11,362 INFO Experiment.PerfCost-961b: Processed 9220 samples out of 10000, 0 errors
19:26:21,552 INFO Experiment.PerfCost-961b: Processed 9230 samples out of 10000, 0 errors
19:26:31,746 INFO Experiment.PerfCost-961b: Processed 9240 samples out of 10000, 0 errors
19:26:41,939 INFO Experiment.PerfCost-961b: Processed 9250 samples out of 10000, 0 errors
19:26:52,130 INFO Experiment.PerfCost-961b: Processed 9260 samples out of 10000, 0 errors
19:27:02,346 INFO Experiment.PerfCost-961b: Processed 9270 samples out of 10000, 0 errors
19:27:12,538 INFO Experiment.PerfCost-961b: Processed 9280 samples out of 10000, 0 errors
19:27:22,740 INFO Experiment.PerfCost-961b: Processed 9290 samples out of 10000, 0 errors
19:27:32,938 INFO Experiment.PerfCost-961b: Processed 9300 samples out of 10000, 0 errors
19:27:43,140 INFO Experiment.PerfCost-961b: Processed 9310 samples out of 10000, 0 errors
19:27:53,327 INFO Experiment.PerfCost-961b: Processed 9320 samples out of 10000, 0 errors
19:28:03,524 INFO Experiment.PerfCost-961b: Processed 9330 samples out of 10000, 0 errors
19:28:13,717 INFO Experiment.PerfCost-961b: Processed 9340 samples out of 10000, 0 errors
19:28:23,919 INFO Experiment.PerfCost-961b: Processed 9350 samples out of 10000, 0 errors
19:28:34,132 INFO Experiment.PerfCost-961b: Processed 9360 samples out of 10000, 0 errors
19:28:44,326 INFO Experiment.PerfCost-961b: Processed 9370 samples out of 10000, 0 errors
19:28:54,535 INFO Experiment.PerfCost-961b: Processed 9380 samples out of 10000, 0 errors
19:29:04,733 INFO Experiment.PerfCost-961b: Processed 9390 samples out of 10000, 0 errors
19:29:14,914 INFO Experiment.PerfCost-961b: Processed 9400 samples out of 10000, 0 errors
19:29:25,107 INFO Experiment.PerfCost-961b: Processed 9410 samples out of 10000, 0 errors
19:29:35,306 INFO Experiment.PerfCost-961b: Processed 9420 samples out of 10000, 0 errors
19:29:45,494 INFO Experiment.PerfCost-961b: Processed 9430 samples out of 10000, 0 errors
19:29:55,691 INFO Experiment.PerfCost-961b: Processed 9440 samples out of 10000, 0 errors
19:30:05,886 INFO Experiment.PerfCost-961b: Processed 9450 samples out of 10000, 0 errors
19:30:16,75 INFO Experiment.PerfCost-961b: Processed 9460 samples out of 10000, 0 errors
19:30:26,305 INFO Experiment.PerfCost-961b: Processed 9470 samples out of 10000, 0 errors
19:30:36,523 INFO Experiment.PerfCost-961b: Processed 9480 samples out of 10000, 0 errors
19:30:46,710 INFO Experiment.PerfCost-961b: Processed 9490 samples out of 10000, 0 errors
19:30:56,874 INFO Experiment.PerfCost-961b: Processed 9500 samples out of 10000, 0 errors
19:31:07,85 INFO Experiment.PerfCost-961b: Processed 9510 samples out of 10000, 0 errors
19:31:17,283 INFO Experiment.PerfCost-961b: Processed 9520 samples out of 10000, 0 errors
19:31:27,486 INFO Experiment.PerfCost-961b: Processed 9530 samples out of 10000, 0 errors
19:31:37,685 INFO Experiment.PerfCost-961b: Processed 9540 samples out of 10000, 0 errors
19:31:47,915 INFO Experiment.PerfCost-961b: Processed 9550 samples out of 10000, 0 errors
19:31:58,102 INFO Experiment.PerfCost-961b: Processed 9560 samples out of 10000, 0 errors
19:32:08,306 INFO Experiment.PerfCost-961b: Processed 9570 samples out of 10000, 0 errors
19:32:18,478 INFO Experiment.PerfCost-961b: Processed 9580 samples out of 10000, 0 errors
19:32:28,689 INFO Experiment.PerfCost-961b: Processed 9590 samples out of 10000, 0 errors
19:32:38,917 INFO Experiment.PerfCost-961b: Processed 9600 samples out of 10000, 0 errors
19:32:49,106 INFO Experiment.PerfCost-961b: Processed 9610 samples out of 10000, 0 errors
19:32:59,309 INFO Experiment.PerfCost-961b: Processed 9620 samples out of 10000, 0 errors
19:33:09,508 INFO Experiment.PerfCost-961b: Processed 9630 samples out of 10000, 0 errors
19:33:19,710 INFO Experiment.PerfCost-961b: Processed 9640 samples out of 10000, 0 errors
19:33:29,902 INFO Experiment.PerfCost-961b: Processed 9650 samples out of 10000, 0 errors
19:33:40,98 INFO Experiment.PerfCost-961b: Processed 9660 samples out of 10000, 0 errors
19:33:50,301 INFO Experiment.PerfCost-961b: Processed 9670 samples out of 10000, 0 errors
19:34:00,491 INFO Experiment.PerfCost-961b: Processed 9680 samples out of 10000, 0 errors
19:34:10,699 INFO Experiment.PerfCost-961b: Processed 9690 samples out of 10000, 0 errors
19:34:20,889 INFO Experiment.PerfCost-961b: Processed 9700 samples out of 10000, 0 errors
19:34:31,97 INFO Experiment.PerfCost-961b: Processed 9710 samples out of 10000, 0 errors
19:34:41,292 INFO Experiment.PerfCost-961b: Processed 9720 samples out of 10000, 0 errors
19:34:51,492 INFO Experiment.PerfCost-961b: Processed 9730 samples out of 10000, 0 errors
19:35:01,680 INFO Experiment.PerfCost-961b: Processed 9740 samples out of 10000, 0 errors
19:35:11,878 INFO Experiment.PerfCost-961b: Processed 9750 samples out of 10000, 0 errors
19:35:22,80 INFO Experiment.PerfCost-961b: Processed 9760 samples out of 10000, 0 errors
19:35:32,333 INFO Experiment.PerfCost-961b: Processed 9770 samples out of 10000, 0 errors
19:35:42,548 INFO Experiment.PerfCost-961b: Processed 9780 samples out of 10000, 0 errors
19:35:52,745 INFO Experiment.PerfCost-961b: Processed 9790 samples out of 10000, 0 errors
19:36:02,939 INFO Experiment.PerfCost-961b: Processed 9800 samples out of 10000, 0 errors
19:36:13,139 INFO Experiment.PerfCost-961b: Processed 9810 samples out of 10000, 0 errors
19:36:23,333 INFO Experiment.PerfCost-961b: Processed 9820 samples out of 10000, 0 errors
19:36:33,527 INFO Experiment.PerfCost-961b: Processed 9830 samples out of 10000, 0 errors
19:36:43,747 INFO Experiment.PerfCost-961b: Processed 9840 samples out of 10000, 0 errors
19:36:53,948 INFO Experiment.PerfCost-961b: Processed 9850 samples out of 10000, 0 errors
19:37:04,133 INFO Experiment.PerfCost-961b: Processed 9860 samples out of 10000, 0 errors
19:37:14,330 INFO Experiment.PerfCost-961b: Processed 9870 samples out of 10000, 0 errors
19:37:24,527 INFO Experiment.PerfCost-961b: Processed 9880 samples out of 10000, 0 errors
19:37:34,731 INFO Experiment.PerfCost-961b: Processed 9890 samples out of 10000, 0 errors
19:37:44,926 INFO Experiment.PerfCost-961b: Processed 9900 samples out of 10000, 0 errors
19:37:55,133 INFO Experiment.PerfCost-961b: Processed 9910 samples out of 10000, 0 errors
19:38:05,338 INFO Experiment.PerfCost-961b: Processed 9920 samples out of 10000, 0 errors
19:38:15,531 INFO Experiment.PerfCost-961b: Processed 9930 samples out of 10000, 0 errors
19:38:25,713 INFO Experiment.PerfCost-961b: Processed 9940 samples out of 10000, 0 errors
19:38:35,893 INFO Experiment.PerfCost-961b: Processed 9950 samples out of 10000, 0 errors
19:38:46,99 INFO Experiment.PerfCost-961b: Processed 9960 samples out of 10000, 0 errors
19:38:56,305 INFO Experiment.PerfCost-961b: Processed 9970 samples out of 10000, 0 errors
19:39:06,495 INFO Experiment.PerfCost-961b: Processed 9980 samples out of 10000, 0 errors
19:39:16,689 INFO Experiment.PerfCost-961b: Processed 9990 samples out of 10000, 0 errors
19:39:26,882 INFO Experiment.PerfCost-961b: Processed 10000 samples out of 10000, 0 errors
19:39:31,898 INFO Experiment.PerfCost-961b: Mean 112.24541740000001 [ms], median 109.09649999999999 [ms], std 41.51630013548868, CV 36.98707804483488
19:39:31,902 INFO Experiment.PerfCost-961b: Parametric CI (Student's t-distribution) 0.95 from 111.43157366693131 to 113.0592611330687, within 0.7250574249890882% of mean
19:39:31,906 INFO Experiment.PerfCost-961b: Non-parametric CI 0.95 from 108.188 to 109.922, within 0.7947092711498511% of median
19:39:31,909 INFO Experiment.PerfCost-961b: Parametric CI (Student's t-distribution) 0.99 from 111.17577071771903 to 113.31506408228098, within 0.9529535432784406% of mean
19:39:31,911 INFO Experiment.PerfCost-961b: Non-parametric CI 0.99 from 107.831 to 110.31, within 1.136150105640419% of median
