21:57:20,504 INFO SeBS-452e: Created experiment output at /home/anou/msc-thesis/task-based-experiment/experiment-results/nodejs/non-instrumented/210.thumbnailer
21:57:20,844 INFO OpenWhisk.Resources-ff0d: Using user-provided configuration of storage for OpenWhisk.
21:57:20,844 INFO OpenWhisk-fbcc: Using existing resource name: 91d37410.
21:57:20,933 INFO Benchmark-49a8: Building benchmark 210.thumbnailer. Reason: no cached code package.
21:57:20,934 INFO Benchmark-49a8: There is no Docker build image for openwhisk run in nodejs, thus skipping the Docker-based installation of dependencies.
21:57:20,935 INFO OpenWhisk-fbcc: Build the benchmark base image andersnou/msc-thesis:function.openwhisk.210.thumbnailer.nodejs-12.
21:57:21,536 INFO OpenWhisk-fbcc: Push the benchmark base image andersnou/msc-thesis:function.openwhisk.210.thumbnailer.nodejs-12 to registry: Docker Hub.
21:57:24,225 INFO OpenWhisk-fbcc: Created /home/anou/msc-thesis/task-based-experiment/experiment-results/nodejs/non-instrumented/210.thumbnailer/210.thumbnailer_code/nodejs/12/210.thumbnailer.zip archive
21:57:24,225 INFO OpenWhisk-fbcc: Zip archive size 0.000621 MB
21:57:24,227 INFO Benchmark-49a8: Created code package (source hash: 50237f6c32fc46c7a5820725e71a4e1f), for run on openwhisk with nodejs:12
21:57:24,230 INFO OpenWhisk-fbcc: Creating new function! Reason: function 210.thumbnailer-nodejs-12 not found in cache.
21:57:24,231 INFO OpenWhisk-fbcc: Creating function as an action in OpenWhisk.
21:57:24,408 INFO OpenWhisk-fbcc: Creating new OpenWhisk action 210.thumbnailer-nodejs-12
21:57:25,303 INFO Experiment.PerfCost-0454: Begin experiment on memory size 256
21:57:25,303 INFO OpenWhisk-fbcc: Update an existing OpenWhisk action 210.thumbnailer-nodejs-12.
21:57:25,479 INFO Experiment.PerfCost-0454: Begin warm experiments
21:57:38,573 INFO Experiment.PerfCost-0454: Processed 0 warm-up samples, ignoring these results.
21:57:48,949 INFO Experiment.PerfCost-0454: Processed 10 samples out of 10000, 0 errors
21:57:59,311 INFO Experiment.PerfCost-0454: Processed 20 samples out of 10000, 0 errors
21:58:09,688 INFO Experiment.PerfCost-0454: Processed 30 samples out of 10000, 0 errors
21:58:20,42 INFO Experiment.PerfCost-0454: Processed 40 samples out of 10000, 0 errors
21:58:30,433 INFO Experiment.PerfCost-0454: Processed 50 samples out of 10000, 0 errors
21:58:40,827 INFO Experiment.PerfCost-0454: Processed 60 samples out of 10000, 0 errors
21:58:51,207 INFO Experiment.PerfCost-0454: Processed 70 samples out of 10000, 0 errors
21:59:01,578 INFO Experiment.PerfCost-0454: Processed 80 samples out of 10000, 0 errors
21:59:11,934 INFO Experiment.PerfCost-0454: Processed 90 samples out of 10000, 0 errors
21:59:22,312 INFO Experiment.PerfCost-0454: Processed 100 samples out of 10000, 0 errors
21:59:32,667 INFO Experiment.PerfCost-0454: Processed 110 samples out of 10000, 0 errors
21:59:43,36 INFO Experiment.PerfCost-0454: Processed 120 samples out of 10000, 0 errors
21:59:53,413 INFO Experiment.PerfCost-0454: Processed 130 samples out of 10000, 0 errors
22:00:03,783 INFO Experiment.PerfCost-0454: Processed 140 samples out of 10000, 0 errors
22:00:14,159 INFO Experiment.PerfCost-0454: Processed 150 samples out of 10000, 0 errors
22:00:24,551 INFO Experiment.PerfCost-0454: Processed 160 samples out of 10000, 0 errors
22:00:34,902 INFO Experiment.PerfCost-0454: Processed 170 samples out of 10000, 0 errors
22:00:45,294 INFO Experiment.PerfCost-0454: Processed 180 samples out of 10000, 0 errors
22:00:55,679 INFO Experiment.PerfCost-0454: Processed 190 samples out of 10000, 0 errors
22:01:06,65 INFO Experiment.PerfCost-0454: Processed 200 samples out of 10000, 0 errors
22:01:16,407 INFO Experiment.PerfCost-0454: Processed 210 samples out of 10000, 0 errors
22:01:26,816 INFO Experiment.PerfCost-0454: Processed 220 samples out of 10000, 0 errors
22:01:37,194 INFO Experiment.PerfCost-0454: Processed 230 samples out of 10000, 0 errors
22:01:47,579 INFO Experiment.PerfCost-0454: Processed 240 samples out of 10000, 0 errors
22:01:57,936 INFO Experiment.PerfCost-0454: Processed 250 samples out of 10000, 0 errors
22:02:08,299 INFO Experiment.PerfCost-0454: Processed 260 samples out of 10000, 0 errors
22:02:18,647 INFO Experiment.PerfCost-0454: Processed 270 samples out of 10000, 0 errors
22:02:29,28 INFO Experiment.PerfCost-0454: Processed 280 samples out of 10000, 0 errors
22:02:39,374 INFO Experiment.PerfCost-0454: Processed 290 samples out of 10000, 0 errors
22:02:49,751 INFO Experiment.PerfCost-0454: Processed 300 samples out of 10000, 0 errors
22:03:00,146 INFO Experiment.PerfCost-0454: Processed 310 samples out of 10000, 0 errors
22:03:10,537 INFO Experiment.PerfCost-0454: Processed 320 samples out of 10000, 0 errors
22:03:20,921 INFO Experiment.PerfCost-0454: Processed 330 samples out of 10000, 0 errors
22:03:31,302 INFO Experiment.PerfCost-0454: Processed 340 samples out of 10000, 0 errors
22:03:41,687 INFO Experiment.PerfCost-0454: Processed 350 samples out of 10000, 0 errors
22:03:52,53 INFO Experiment.PerfCost-0454: Processed 360 samples out of 10000, 0 errors
22:04:02,435 INFO Experiment.PerfCost-0454: Processed 370 samples out of 10000, 0 errors
22:04:12,809 INFO Experiment.PerfCost-0454: Processed 380 samples out of 10000, 0 errors
22:04:23,170 INFO Experiment.PerfCost-0454: Processed 390 samples out of 10000, 0 errors
22:04:33,516 INFO Experiment.PerfCost-0454: Processed 400 samples out of 10000, 0 errors
22:04:43,888 INFO Experiment.PerfCost-0454: Processed 410 samples out of 10000, 0 errors
22:04:54,248 INFO Experiment.PerfCost-0454: Processed 420 samples out of 10000, 0 errors
22:05:04,590 INFO Experiment.PerfCost-0454: Processed 430 samples out of 10000, 0 errors
22:05:14,930 INFO Experiment.PerfCost-0454: Processed 440 samples out of 10000, 0 errors
22:05:25,305 INFO Experiment.PerfCost-0454: Processed 450 samples out of 10000, 0 errors
22:05:35,649 INFO Experiment.PerfCost-0454: Processed 460 samples out of 10000, 0 errors
22:05:46,22 INFO Experiment.PerfCost-0454: Processed 470 samples out of 10000, 0 errors
22:05:56,382 INFO Experiment.PerfCost-0454: Processed 480 samples out of 10000, 0 errors
22:06:06,754 INFO Experiment.PerfCost-0454: Processed 490 samples out of 10000, 0 errors
22:06:17,126 INFO Experiment.PerfCost-0454: Processed 500 samples out of 10000, 0 errors
22:06:27,522 INFO Experiment.PerfCost-0454: Processed 510 samples out of 10000, 0 errors
22:06:37,860 INFO Experiment.PerfCost-0454: Processed 520 samples out of 10000, 0 errors
22:06:48,198 INFO Experiment.PerfCost-0454: Processed 530 samples out of 10000, 0 errors
22:06:58,533 INFO Experiment.PerfCost-0454: Processed 540 samples out of 10000, 0 errors
22:07:08,909 INFO Experiment.PerfCost-0454: Processed 550 samples out of 10000, 0 errors
22:07:19,275 INFO Experiment.PerfCost-0454: Processed 560 samples out of 10000, 0 errors
22:07:29,642 INFO Experiment.PerfCost-0454: Processed 570 samples out of 10000, 0 errors
22:07:40,12 INFO Experiment.PerfCost-0454: Processed 580 samples out of 10000, 0 errors
22:07:50,359 INFO Experiment.PerfCost-0454: Processed 590 samples out of 10000, 0 errors
22:08:00,723 INFO Experiment.PerfCost-0454: Processed 600 samples out of 10000, 0 errors
22:08:11,105 INFO Experiment.PerfCost-0454: Processed 610 samples out of 10000, 0 errors
22:08:21,469 INFO Experiment.PerfCost-0454: Processed 620 samples out of 10000, 0 errors
22:08:31,797 INFO Experiment.PerfCost-0454: Processed 630 samples out of 10000, 0 errors
22:08:42,169 INFO Experiment.PerfCost-0454: Processed 640 samples out of 10000, 0 errors
22:08:52,520 INFO Experiment.PerfCost-0454: Processed 650 samples out of 10000, 0 errors
22:09:02,872 INFO Experiment.PerfCost-0454: Processed 660 samples out of 10000, 0 errors
22:09:13,236 INFO Experiment.PerfCost-0454: Processed 670 samples out of 10000, 0 errors
22:09:23,593 INFO Experiment.PerfCost-0454: Processed 680 samples out of 10000, 0 errors
22:09:33,976 INFO Experiment.PerfCost-0454: Processed 690 samples out of 10000, 0 errors
22:09:44,331 INFO Experiment.PerfCost-0454: Processed 700 samples out of 10000, 0 errors
22:09:54,702 INFO Experiment.PerfCost-0454: Processed 710 samples out of 10000, 0 errors
22:10:05,47 INFO Experiment.PerfCost-0454: Processed 720 samples out of 10000, 0 errors
22:10:15,398 INFO Experiment.PerfCost-0454: Processed 730 samples out of 10000, 0 errors
22:10:25,787 INFO Experiment.PerfCost-0454: Processed 740 samples out of 10000, 0 errors
22:10:36,142 INFO Experiment.PerfCost-0454: Processed 750 samples out of 10000, 0 errors
22:10:46,506 INFO Experiment.PerfCost-0454: Processed 760 samples out of 10000, 0 errors
22:10:56,931 INFO Experiment.PerfCost-0454: Processed 770 samples out of 10000, 0 errors
22:11:07,321 INFO Experiment.PerfCost-0454: Processed 780 samples out of 10000, 0 errors
22:11:17,699 INFO Experiment.PerfCost-0454: Processed 790 samples out of 10000, 0 errors
22:11:28,90 INFO Experiment.PerfCost-0454: Processed 800 samples out of 10000, 0 errors
22:11:38,446 INFO Experiment.PerfCost-0454: Processed 810 samples out of 10000, 0 errors
22:11:48,783 INFO Experiment.PerfCost-0454: Processed 820 samples out of 10000, 0 errors
22:11:59,148 INFO Experiment.PerfCost-0454: Processed 830 samples out of 10000, 0 errors
22:12:09,506 INFO Experiment.PerfCost-0454: Processed 840 samples out of 10000, 0 errors
22:12:19,848 INFO Experiment.PerfCost-0454: Processed 850 samples out of 10000, 0 errors
22:12:30,176 INFO Experiment.PerfCost-0454: Processed 860 samples out of 10000, 0 errors
22:12:40,556 INFO Experiment.PerfCost-0454: Processed 870 samples out of 10000, 0 errors
22:12:50,900 INFO Experiment.PerfCost-0454: Processed 880 samples out of 10000, 0 errors
22:13:01,256 INFO Experiment.PerfCost-0454: Processed 890 samples out of 10000, 0 errors
22:13:11,615 INFO Experiment.PerfCost-0454: Processed 900 samples out of 10000, 0 errors
22:13:21,959 INFO Experiment.PerfCost-0454: Processed 910 samples out of 10000, 0 errors
22:13:32,308 INFO Experiment.PerfCost-0454: Processed 920 samples out of 10000, 0 errors
22:13:42,721 INFO Experiment.PerfCost-0454: Processed 930 samples out of 10000, 0 errors
22:13:53,65 INFO Experiment.PerfCost-0454: Processed 940 samples out of 10000, 0 errors
22:14:03,455 INFO Experiment.PerfCost-0454: Processed 950 samples out of 10000, 0 errors
22:14:13,782 INFO Experiment.PerfCost-0454: Processed 960 samples out of 10000, 0 errors
22:14:24,151 INFO Experiment.PerfCost-0454: Processed 970 samples out of 10000, 0 errors
22:14:34,507 INFO Experiment.PerfCost-0454: Processed 980 samples out of 10000, 0 errors
22:14:44,849 INFO Experiment.PerfCost-0454: Processed 990 samples out of 10000, 0 errors
22:14:55,194 INFO Experiment.PerfCost-0454: Processed 1000 samples out of 10000, 0 errors
22:15:05,546 INFO Experiment.PerfCost-0454: Processed 1010 samples out of 10000, 0 errors
22:15:15,897 INFO Experiment.PerfCost-0454: Processed 1020 samples out of 10000, 0 errors
22:15:26,224 INFO Experiment.PerfCost-0454: Processed 1030 samples out of 10000, 0 errors
22:15:36,584 INFO Experiment.PerfCost-0454: Processed 1040 samples out of 10000, 0 errors
22:15:46,966 INFO Experiment.PerfCost-0454: Processed 1050 samples out of 10000, 0 errors
22:15:57,373 INFO Experiment.PerfCost-0454: Processed 1060 samples out of 10000, 0 errors
22:16:07,735 INFO Experiment.PerfCost-0454: Processed 1070 samples out of 10000, 0 errors
22:16:18,130 INFO Experiment.PerfCost-0454: Processed 1080 samples out of 10000, 0 errors
22:16:28,534 INFO Experiment.PerfCost-0454: Processed 1090 samples out of 10000, 0 errors
22:16:38,910 INFO Experiment.PerfCost-0454: Processed 1100 samples out of 10000, 0 errors
22:16:49,294 INFO Experiment.PerfCost-0454: Processed 1110 samples out of 10000, 0 errors
22:16:59,661 INFO Experiment.PerfCost-0454: Processed 1120 samples out of 10000, 0 errors
22:17:10,51 INFO Experiment.PerfCost-0454: Processed 1130 samples out of 10000, 0 errors
22:17:20,403 INFO Experiment.PerfCost-0454: Processed 1140 samples out of 10000, 0 errors
22:17:30,759 INFO Experiment.PerfCost-0454: Processed 1150 samples out of 10000, 0 errors
22:17:41,118 INFO Experiment.PerfCost-0454: Processed 1160 samples out of 10000, 0 errors
22:17:51,472 INFO Experiment.PerfCost-0454: Processed 1170 samples out of 10000, 0 errors
22:18:01,846 INFO Experiment.PerfCost-0454: Processed 1180 samples out of 10000, 0 errors
22:18:12,190 INFO Experiment.PerfCost-0454: Processed 1190 samples out of 10000, 0 errors
22:18:22,548 INFO Experiment.PerfCost-0454: Processed 1200 samples out of 10000, 0 errors
22:18:32,898 INFO Experiment.PerfCost-0454: Processed 1210 samples out of 10000, 0 errors
22:18:43,287 INFO Experiment.PerfCost-0454: Processed 1220 samples out of 10000, 0 errors
22:18:53,646 INFO Experiment.PerfCost-0454: Processed 1230 samples out of 10000, 0 errors
22:19:03,993 INFO Experiment.PerfCost-0454: Processed 1240 samples out of 10000, 0 errors
22:19:14,321 INFO Experiment.PerfCost-0454: Processed 1250 samples out of 10000, 0 errors
22:19:24,711 INFO Experiment.PerfCost-0454: Processed 1260 samples out of 10000, 0 errors
22:19:35,58 INFO Experiment.PerfCost-0454: Processed 1270 samples out of 10000, 0 errors
22:19:45,407 INFO Experiment.PerfCost-0454: Processed 1280 samples out of 10000, 0 errors
22:19:55,770 INFO Experiment.PerfCost-0454: Processed 1290 samples out of 10000, 0 errors
22:20:06,141 INFO Experiment.PerfCost-0454: Processed 1300 samples out of 10000, 0 errors
22:20:16,511 INFO Experiment.PerfCost-0454: Processed 1310 samples out of 10000, 0 errors
22:20:26,911 INFO Experiment.PerfCost-0454: Processed 1320 samples out of 10000, 0 errors
22:20:37,264 INFO Experiment.PerfCost-0454: Processed 1330 samples out of 10000, 0 errors
22:20:47,609 INFO Experiment.PerfCost-0454: Processed 1340 samples out of 10000, 0 errors
22:20:57,948 INFO Experiment.PerfCost-0454: Processed 1350 samples out of 10000, 0 errors
22:21:08,313 INFO Experiment.PerfCost-0454: Processed 1360 samples out of 10000, 0 errors
22:21:18,662 INFO Experiment.PerfCost-0454: Processed 1370 samples out of 10000, 0 errors
22:21:29,44 INFO Experiment.PerfCost-0454: Processed 1380 samples out of 10000, 0 errors
22:21:39,422 INFO Experiment.PerfCost-0454: Processed 1390 samples out of 10000, 0 errors
22:21:49,792 INFO Experiment.PerfCost-0454: Processed 1400 samples out of 10000, 0 errors
22:22:00,151 INFO Experiment.PerfCost-0454: Processed 1410 samples out of 10000, 0 errors
22:22:10,501 INFO Experiment.PerfCost-0454: Processed 1420 samples out of 10000, 0 errors
22:22:20,851 INFO Experiment.PerfCost-0454: Processed 1430 samples out of 10000, 0 errors
22:22:31,212 INFO Experiment.PerfCost-0454: Processed 1440 samples out of 10000, 0 errors
22:22:41,555 INFO Experiment.PerfCost-0454: Processed 1450 samples out of 10000, 0 errors
22:22:51,903 INFO Experiment.PerfCost-0454: Processed 1460 samples out of 10000, 0 errors
22:23:02,247 INFO Experiment.PerfCost-0454: Processed 1470 samples out of 10000, 0 errors
22:23:12,618 INFO Experiment.PerfCost-0454: Processed 1480 samples out of 10000, 0 errors
22:23:22,967 INFO Experiment.PerfCost-0454: Processed 1490 samples out of 10000, 0 errors
22:23:33,333 INFO Experiment.PerfCost-0454: Processed 1500 samples out of 10000, 0 errors
22:23:43,712 INFO Experiment.PerfCost-0454: Processed 1510 samples out of 10000, 0 errors
22:23:54,98 INFO Experiment.PerfCost-0454: Processed 1520 samples out of 10000, 0 errors
22:24:04,445 INFO Experiment.PerfCost-0454: Processed 1530 samples out of 10000, 0 errors
22:24:14,805 INFO Experiment.PerfCost-0454: Processed 1540 samples out of 10000, 0 errors
22:24:25,162 INFO Experiment.PerfCost-0454: Processed 1550 samples out of 10000, 0 errors
22:24:35,527 INFO Experiment.PerfCost-0454: Processed 1560 samples out of 10000, 0 errors
22:24:45,855 INFO Experiment.PerfCost-0454: Processed 1570 samples out of 10000, 0 errors
22:24:56,192 INFO Experiment.PerfCost-0454: Processed 1580 samples out of 10000, 0 errors
22:25:06,551 INFO Experiment.PerfCost-0454: Processed 1590 samples out of 10000, 0 errors
22:25:16,942 INFO Experiment.PerfCost-0454: Processed 1600 samples out of 10000, 0 errors
22:25:27,289 INFO Experiment.PerfCost-0454: Processed 1610 samples out of 10000, 0 errors
22:25:37,649 INFO Experiment.PerfCost-0454: Processed 1620 samples out of 10000, 0 errors
22:25:47,989 INFO Experiment.PerfCost-0454: Processed 1630 samples out of 10000, 0 errors
22:25:58,381 INFO Experiment.PerfCost-0454: Processed 1640 samples out of 10000, 0 errors
22:26:08,745 INFO Experiment.PerfCost-0454: Processed 1650 samples out of 10000, 0 errors
22:26:19,93 INFO Experiment.PerfCost-0454: Processed 1660 samples out of 10000, 0 errors
22:26:29,447 INFO Experiment.PerfCost-0454: Processed 1670 samples out of 10000, 0 errors
22:26:39,789 INFO Experiment.PerfCost-0454: Processed 1680 samples out of 10000, 0 errors
22:26:50,153 INFO Experiment.PerfCost-0454: Processed 1690 samples out of 10000, 0 errors
22:27:00,512 INFO Experiment.PerfCost-0454: Processed 1700 samples out of 10000, 0 errors
22:27:10,876 INFO Experiment.PerfCost-0454: Processed 1710 samples out of 10000, 0 errors
22:27:21,224 INFO Experiment.PerfCost-0454: Processed 1720 samples out of 10000, 0 errors
22:27:31,574 INFO Experiment.PerfCost-0454: Processed 1730 samples out of 10000, 0 errors
22:27:41,926 INFO Experiment.PerfCost-0454: Processed 1740 samples out of 10000, 0 errors
22:27:52,275 INFO Experiment.PerfCost-0454: Processed 1750 samples out of 10000, 0 errors
22:28:02,622 INFO Experiment.PerfCost-0454: Processed 1760 samples out of 10000, 0 errors
22:28:12,978 INFO Experiment.PerfCost-0454: Processed 1770 samples out of 10000, 0 errors
22:28:23,312 INFO Experiment.PerfCost-0454: Processed 1780 samples out of 10000, 0 errors
22:28:33,662 INFO Experiment.PerfCost-0454: Processed 1790 samples out of 10000, 0 errors
22:28:44,54 INFO Experiment.PerfCost-0454: Processed 1800 samples out of 10000, 0 errors
22:28:54,421 INFO Experiment.PerfCost-0454: Processed 1810 samples out of 10000, 0 errors
22:29:04,778 INFO Experiment.PerfCost-0454: Processed 1820 samples out of 10000, 0 errors
22:29:15,156 INFO Experiment.PerfCost-0454: Processed 1830 samples out of 10000, 0 errors
22:29:25,530 INFO Experiment.PerfCost-0454: Processed 1840 samples out of 10000, 0 errors
22:29:35,885 INFO Experiment.PerfCost-0454: Processed 1850 samples out of 10000, 0 errors
22:29:46,249 INFO Experiment.PerfCost-0454: Processed 1860 samples out of 10000, 0 errors
22:29:56,626 INFO Experiment.PerfCost-0454: Processed 1870 samples out of 10000, 0 errors
22:30:06,992 INFO Experiment.PerfCost-0454: Processed 1880 samples out of 10000, 0 errors
22:30:17,361 INFO Experiment.PerfCost-0454: Processed 1890 samples out of 10000, 0 errors
22:30:27,735 INFO Experiment.PerfCost-0454: Processed 1900 samples out of 10000, 0 errors
22:30:38,112 INFO Experiment.PerfCost-0454: Processed 1910 samples out of 10000, 0 errors
22:30:48,490 INFO Experiment.PerfCost-0454: Processed 1920 samples out of 10000, 0 errors
22:30:58,835 INFO Experiment.PerfCost-0454: Processed 1930 samples out of 10000, 0 errors
22:31:09,193 INFO Experiment.PerfCost-0454: Processed 1940 samples out of 10000, 0 errors
22:31:19,557 INFO Experiment.PerfCost-0454: Processed 1950 samples out of 10000, 0 errors
22:31:29,898 INFO Experiment.PerfCost-0454: Processed 1960 samples out of 10000, 0 errors
22:31:40,264 INFO Experiment.PerfCost-0454: Processed 1970 samples out of 10000, 0 errors
22:31:50,614 INFO Experiment.PerfCost-0454: Processed 1980 samples out of 10000, 0 errors
22:32:00,977 INFO Experiment.PerfCost-0454: Processed 1990 samples out of 10000, 0 errors
22:32:11,342 INFO Experiment.PerfCost-0454: Processed 2000 samples out of 10000, 0 errors
22:32:21,679 INFO Experiment.PerfCost-0454: Processed 2010 samples out of 10000, 0 errors
22:32:32,18 INFO Experiment.PerfCost-0454: Processed 2020 samples out of 10000, 0 errors
22:32:42,383 INFO Experiment.PerfCost-0454: Processed 2030 samples out of 10000, 0 errors
22:32:52,729 INFO Experiment.PerfCost-0454: Processed 2040 samples out of 10000, 0 errors
22:33:03,64 INFO Experiment.PerfCost-0454: Processed 2050 samples out of 10000, 0 errors
22:33:13,386 INFO Experiment.PerfCost-0454: Processed 2060 samples out of 10000, 0 errors
22:33:23,750 INFO Experiment.PerfCost-0454: Processed 2070 samples out of 10000, 0 errors
22:33:34,91 INFO Experiment.PerfCost-0454: Processed 2080 samples out of 10000, 0 errors
22:33:44,450 INFO Experiment.PerfCost-0454: Processed 2090 samples out of 10000, 0 errors
22:33:54,785 INFO Experiment.PerfCost-0454: Processed 2100 samples out of 10000, 0 errors
22:34:05,144 INFO Experiment.PerfCost-0454: Processed 2110 samples out of 10000, 0 errors
22:34:15,500 INFO Experiment.PerfCost-0454: Processed 2120 samples out of 10000, 0 errors
22:34:25,847 INFO Experiment.PerfCost-0454: Processed 2130 samples out of 10000, 0 errors
22:34:36,201 INFO Experiment.PerfCost-0454: Processed 2140 samples out of 10000, 0 errors
22:34:46,544 INFO Experiment.PerfCost-0454: Processed 2150 samples out of 10000, 0 errors
22:34:56,911 INFO Experiment.PerfCost-0454: Processed 2160 samples out of 10000, 0 errors
22:35:07,279 INFO Experiment.PerfCost-0454: Processed 2170 samples out of 10000, 0 errors
22:35:17,617 INFO Experiment.PerfCost-0454: Processed 2180 samples out of 10000, 0 errors
22:35:27,980 INFO Experiment.PerfCost-0454: Processed 2190 samples out of 10000, 0 errors
22:35:38,354 INFO Experiment.PerfCost-0454: Processed 2200 samples out of 10000, 0 errors
22:35:48,724 INFO Experiment.PerfCost-0454: Processed 2210 samples out of 10000, 0 errors
22:35:59,88 INFO Experiment.PerfCost-0454: Processed 2220 samples out of 10000, 0 errors
22:36:09,455 INFO Experiment.PerfCost-0454: Processed 2230 samples out of 10000, 0 errors
22:36:19,839 INFO Experiment.PerfCost-0454: Processed 2240 samples out of 10000, 0 errors
22:36:30,194 INFO Experiment.PerfCost-0454: Processed 2250 samples out of 10000, 0 errors
22:36:40,541 INFO Experiment.PerfCost-0454: Processed 2260 samples out of 10000, 0 errors
22:36:50,908 INFO Experiment.PerfCost-0454: Processed 2270 samples out of 10000, 0 errors
22:37:01,277 INFO Experiment.PerfCost-0454: Processed 2280 samples out of 10000, 0 errors
22:37:11,621 INFO Experiment.PerfCost-0454: Processed 2290 samples out of 10000, 0 errors
22:37:21,965 INFO Experiment.PerfCost-0454: Processed 2300 samples out of 10000, 0 errors
22:37:32,294 INFO Experiment.PerfCost-0454: Processed 2310 samples out of 10000, 0 errors
22:37:42,626 INFO Experiment.PerfCost-0454: Processed 2320 samples out of 10000, 0 errors
22:37:52,985 INFO Experiment.PerfCost-0454: Processed 2330 samples out of 10000, 0 errors
22:38:03,353 INFO Experiment.PerfCost-0454: Processed 2340 samples out of 10000, 0 errors
22:38:13,715 INFO Experiment.PerfCost-0454: Processed 2350 samples out of 10000, 0 errors
22:38:24,73 INFO Experiment.PerfCost-0454: Processed 2360 samples out of 10000, 0 errors
22:38:34,397 INFO Experiment.PerfCost-0454: Processed 2370 samples out of 10000, 0 errors
22:38:44,799 INFO Experiment.PerfCost-0454: Processed 2380 samples out of 10000, 0 errors
22:38:55,178 INFO Experiment.PerfCost-0454: Processed 2390 samples out of 10000, 0 errors
22:39:05,491 INFO Experiment.PerfCost-0454: Processed 2400 samples out of 10000, 0 errors
22:39:15,859 INFO Experiment.PerfCost-0454: Processed 2410 samples out of 10000, 0 errors
22:39:26,256 INFO Experiment.PerfCost-0454: Processed 2420 samples out of 10000, 0 errors
22:39:36,591 INFO Experiment.PerfCost-0454: Processed 2430 samples out of 10000, 0 errors
22:39:46,999 INFO Experiment.PerfCost-0454: Processed 2440 samples out of 10000, 0 errors
22:39:57,350 INFO Experiment.PerfCost-0454: Processed 2450 samples out of 10000, 0 errors
22:40:07,673 INFO Experiment.PerfCost-0454: Processed 2460 samples out of 10000, 0 errors
22:40:18,53 INFO Experiment.PerfCost-0454: Processed 2470 samples out of 10000, 0 errors
22:40:28,392 INFO Experiment.PerfCost-0454: Processed 2480 samples out of 10000, 0 errors
22:40:38,725 INFO Experiment.PerfCost-0454: Processed 2490 samples out of 10000, 0 errors
22:40:49,75 INFO Experiment.PerfCost-0454: Processed 2500 samples out of 10000, 0 errors
22:40:59,438 INFO Experiment.PerfCost-0454: Processed 2510 samples out of 10000, 0 errors
22:41:09,811 INFO Experiment.PerfCost-0454: Processed 2520 samples out of 10000, 0 errors
22:41:20,168 INFO Experiment.PerfCost-0454: Processed 2530 samples out of 10000, 0 errors
22:41:30,521 INFO Experiment.PerfCost-0454: Processed 2540 samples out of 10000, 0 errors
22:41:40,886 INFO Experiment.PerfCost-0454: Processed 2550 samples out of 10000, 0 errors
22:41:51,217 INFO Experiment.PerfCost-0454: Processed 2560 samples out of 10000, 0 errors
22:42:01,599 INFO Experiment.PerfCost-0454: Processed 2570 samples out of 10000, 0 errors
22:42:11,979 INFO Experiment.PerfCost-0454: Processed 2580 samples out of 10000, 0 errors
22:42:22,326 INFO Experiment.PerfCost-0454: Processed 2590 samples out of 10000, 0 errors
22:42:32,679 INFO Experiment.PerfCost-0454: Processed 2600 samples out of 10000, 0 errors
22:42:43,41 INFO Experiment.PerfCost-0454: Processed 2610 samples out of 10000, 0 errors
22:42:53,404 INFO Experiment.PerfCost-0454: Processed 2620 samples out of 10000, 0 errors
22:43:03,771 INFO Experiment.PerfCost-0454: Processed 2630 samples out of 10000, 0 errors
22:43:14,121 INFO Experiment.PerfCost-0454: Processed 2640 samples out of 10000, 0 errors
22:43:24,476 INFO Experiment.PerfCost-0454: Processed 2650 samples out of 10000, 0 errors
22:43:34,818 INFO Experiment.PerfCost-0454: Processed 2660 samples out of 10000, 0 errors
22:43:45,174 INFO Experiment.PerfCost-0454: Processed 2670 samples out of 10000, 0 errors
22:43:55,544 INFO Experiment.PerfCost-0454: Processed 2680 samples out of 10000, 0 errors
22:44:05,909 INFO Experiment.PerfCost-0454: Processed 2690 samples out of 10000, 0 errors
22:44:16,271 INFO Experiment.PerfCost-0454: Processed 2700 samples out of 10000, 0 errors
22:44:26,632 INFO Experiment.PerfCost-0454: Processed 2710 samples out of 10000, 0 errors
22:44:36,979 INFO Experiment.PerfCost-0454: Processed 2720 samples out of 10000, 0 errors
22:44:47,332 INFO Experiment.PerfCost-0454: Processed 2730 samples out of 10000, 0 errors
22:44:57,681 INFO Experiment.PerfCost-0454: Processed 2740 samples out of 10000, 0 errors
22:45:08,35 INFO Experiment.PerfCost-0454: Processed 2750 samples out of 10000, 0 errors
22:45:18,362 INFO Experiment.PerfCost-0454: Processed 2760 samples out of 10000, 0 errors
22:45:28,696 INFO Experiment.PerfCost-0454: Processed 2770 samples out of 10000, 0 errors
22:45:39,64 INFO Experiment.PerfCost-0454: Processed 2780 samples out of 10000, 0 errors
22:45:49,465 INFO Experiment.PerfCost-0454: Processed 2790 samples out of 10000, 0 errors
22:45:59,817 INFO Experiment.PerfCost-0454: Processed 2800 samples out of 10000, 0 errors
22:46:10,177 INFO Experiment.PerfCost-0454: Processed 2810 samples out of 10000, 0 errors
22:46:20,510 INFO Experiment.PerfCost-0454: Processed 2820 samples out of 10000, 0 errors
22:46:30,882 INFO Experiment.PerfCost-0454: Processed 2830 samples out of 10000, 0 errors
22:46:41,235 INFO Experiment.PerfCost-0454: Processed 2840 samples out of 10000, 0 errors
22:46:51,580 INFO Experiment.PerfCost-0454: Processed 2850 samples out of 10000, 0 errors
22:47:01,955 INFO Experiment.PerfCost-0454: Processed 2860 samples out of 10000, 0 errors
22:47:12,287 INFO Experiment.PerfCost-0454: Processed 2870 samples out of 10000, 0 errors
22:47:22,654 INFO Experiment.PerfCost-0454: Processed 2880 samples out of 10000, 0 errors
22:47:32,999 INFO Experiment.PerfCost-0454: Processed 2890 samples out of 10000, 0 errors
22:47:43,385 INFO Experiment.PerfCost-0454: Processed 2900 samples out of 10000, 0 errors
22:47:53,713 INFO Experiment.PerfCost-0454: Processed 2910 samples out of 10000, 0 errors
22:48:04,71 INFO Experiment.PerfCost-0454: Processed 2920 samples out of 10000, 0 errors
22:48:14,413 INFO Experiment.PerfCost-0454: Processed 2930 samples out of 10000, 0 errors
22:48:24,750 INFO Experiment.PerfCost-0454: Processed 2940 samples out of 10000, 0 errors
22:48:35,77 INFO Experiment.PerfCost-0454: Processed 2950 samples out of 10000, 0 errors
22:48:45,437 INFO Experiment.PerfCost-0454: Processed 2960 samples out of 10000, 0 errors
22:48:55,811 INFO Experiment.PerfCost-0454: Processed 2970 samples out of 10000, 0 errors
22:49:06,163 INFO Experiment.PerfCost-0454: Processed 2980 samples out of 10000, 0 errors
22:49:16,535 INFO Experiment.PerfCost-0454: Processed 2990 samples out of 10000, 0 errors
22:49:26,883 INFO Experiment.PerfCost-0454: Processed 3000 samples out of 10000, 0 errors
22:49:37,236 INFO Experiment.PerfCost-0454: Processed 3010 samples out of 10000, 0 errors
22:49:47,574 INFO Experiment.PerfCost-0454: Processed 3020 samples out of 10000, 0 errors
22:49:57,933 INFO Experiment.PerfCost-0454: Processed 3030 samples out of 10000, 0 errors
22:50:08,264 INFO Experiment.PerfCost-0454: Processed 3040 samples out of 10000, 0 errors
22:50:18,625 INFO Experiment.PerfCost-0454: Processed 3050 samples out of 10000, 0 errors
22:50:29,11 INFO Experiment.PerfCost-0454: Processed 3060 samples out of 10000, 0 errors
22:50:39,389 INFO Experiment.PerfCost-0454: Processed 3070 samples out of 10000, 0 errors
22:50:49,746 INFO Experiment.PerfCost-0454: Processed 3080 samples out of 10000, 0 errors
22:51:00,112 INFO Experiment.PerfCost-0454: Processed 3090 samples out of 10000, 0 errors
22:51:10,449 INFO Experiment.PerfCost-0454: Processed 3100 samples out of 10000, 0 errors
22:51:20,839 INFO Experiment.PerfCost-0454: Processed 3110 samples out of 10000, 0 errors
22:51:31,221 INFO Experiment.PerfCost-0454: Processed 3120 samples out of 10000, 0 errors
22:51:41,585 INFO Experiment.PerfCost-0454: Processed 3130 samples out of 10000, 0 errors
22:51:51,955 INFO Experiment.PerfCost-0454: Processed 3140 samples out of 10000, 0 errors
22:52:02,307 INFO Experiment.PerfCost-0454: Processed 3150 samples out of 10000, 0 errors
22:52:12,643 INFO Experiment.PerfCost-0454: Processed 3160 samples out of 10000, 0 errors
22:52:22,998 INFO Experiment.PerfCost-0454: Processed 3170 samples out of 10000, 0 errors
22:52:33,351 INFO Experiment.PerfCost-0454: Processed 3180 samples out of 10000, 0 errors
22:52:43,733 INFO Experiment.PerfCost-0454: Processed 3190 samples out of 10000, 0 errors
22:52:54,70 INFO Experiment.PerfCost-0454: Processed 3200 samples out of 10000, 0 errors
22:53:04,430 INFO Experiment.PerfCost-0454: Processed 3210 samples out of 10000, 0 errors
22:53:14,790 INFO Experiment.PerfCost-0454: Processed 3220 samples out of 10000, 0 errors
22:53:25,149 INFO Experiment.PerfCost-0454: Processed 3230 samples out of 10000, 0 errors
22:53:35,494 INFO Experiment.PerfCost-0454: Processed 3240 samples out of 10000, 0 errors
22:53:45,880 INFO Experiment.PerfCost-0454: Processed 3250 samples out of 10000, 0 errors
22:53:56,225 INFO Experiment.PerfCost-0454: Processed 3260 samples out of 10000, 0 errors
22:54:06,582 INFO Experiment.PerfCost-0454: Processed 3270 samples out of 10000, 0 errors
22:54:16,987 INFO Experiment.PerfCost-0454: Processed 3280 samples out of 10000, 0 errors
22:54:27,374 INFO Experiment.PerfCost-0454: Processed 3290 samples out of 10000, 0 errors
22:54:37,729 INFO Experiment.PerfCost-0454: Processed 3300 samples out of 10000, 0 errors
22:54:48,74 INFO Experiment.PerfCost-0454: Processed 3310 samples out of 10000, 0 errors
22:54:58,461 INFO Experiment.PerfCost-0454: Processed 3320 samples out of 10000, 0 errors
22:55:08,788 INFO Experiment.PerfCost-0454: Processed 3330 samples out of 10000, 0 errors
22:55:19,123 INFO Experiment.PerfCost-0454: Processed 3340 samples out of 10000, 0 errors
22:55:29,510 INFO Experiment.PerfCost-0454: Processed 3350 samples out of 10000, 0 errors
22:55:39,840 INFO Experiment.PerfCost-0454: Processed 3360 samples out of 10000, 0 errors
22:55:50,194 INFO Experiment.PerfCost-0454: Processed 3370 samples out of 10000, 0 errors
22:56:00,578 INFO Experiment.PerfCost-0454: Processed 3380 samples out of 10000, 0 errors
22:56:10,957 INFO Experiment.PerfCost-0454: Processed 3390 samples out of 10000, 0 errors
22:56:21,313 INFO Experiment.PerfCost-0454: Processed 3400 samples out of 10000, 0 errors
22:56:31,686 INFO Experiment.PerfCost-0454: Processed 3410 samples out of 10000, 0 errors
22:56:42,33 INFO Experiment.PerfCost-0454: Processed 3420 samples out of 10000, 0 errors
22:56:52,382 INFO Experiment.PerfCost-0454: Processed 3430 samples out of 10000, 0 errors
22:57:02,770 INFO Experiment.PerfCost-0454: Processed 3440 samples out of 10000, 0 errors
22:57:13,128 INFO Experiment.PerfCost-0454: Processed 3450 samples out of 10000, 0 errors
22:57:23,456 INFO Experiment.PerfCost-0454: Processed 3460 samples out of 10000, 0 errors
22:57:33,824 INFO Experiment.PerfCost-0454: Processed 3470 samples out of 10000, 0 errors
22:57:44,203 INFO Experiment.PerfCost-0454: Processed 3480 samples out of 10000, 0 errors
22:57:54,568 INFO Experiment.PerfCost-0454: Processed 3490 samples out of 10000, 0 errors
22:58:04,934 INFO Experiment.PerfCost-0454: Processed 3500 samples out of 10000, 0 errors
22:58:15,332 INFO Experiment.PerfCost-0454: Processed 3510 samples out of 10000, 0 errors
22:58:25,704 INFO Experiment.PerfCost-0454: Processed 3520 samples out of 10000, 0 errors
22:58:36,88 INFO Experiment.PerfCost-0454: Processed 3530 samples out of 10000, 0 errors
22:58:46,496 INFO Experiment.PerfCost-0454: Processed 3540 samples out of 10000, 0 errors
22:58:56,867 INFO Experiment.PerfCost-0454: Processed 3550 samples out of 10000, 0 errors
22:59:07,217 INFO Experiment.PerfCost-0454: Processed 3560 samples out of 10000, 0 errors
22:59:17,577 INFO Experiment.PerfCost-0454: Processed 3570 samples out of 10000, 0 errors
22:59:27,923 INFO Experiment.PerfCost-0454: Processed 3580 samples out of 10000, 0 errors
22:59:38,264 INFO Experiment.PerfCost-0454: Processed 3590 samples out of 10000, 0 errors
22:59:48,629 INFO Experiment.PerfCost-0454: Processed 3600 samples out of 10000, 0 errors
22:59:58,963 INFO Experiment.PerfCost-0454: Processed 3610 samples out of 10000, 0 errors
23:00:09,344 INFO Experiment.PerfCost-0454: Processed 3620 samples out of 10000, 0 errors
23:00:19,665 INFO Experiment.PerfCost-0454: Processed 3630 samples out of 10000, 0 errors
23:00:30,25 INFO Experiment.PerfCost-0454: Processed 3640 samples out of 10000, 0 errors
23:00:40,394 INFO Experiment.PerfCost-0454: Processed 3650 samples out of 10000, 0 errors
23:00:50,775 INFO Experiment.PerfCost-0454: Processed 3660 samples out of 10000, 0 errors
23:01:01,147 INFO Experiment.PerfCost-0454: Processed 3670 samples out of 10000, 0 errors
23:01:11,490 INFO Experiment.PerfCost-0454: Processed 3680 samples out of 10000, 0 errors
23:01:21,860 INFO Experiment.PerfCost-0454: Processed 3690 samples out of 10000, 0 errors
23:01:32,213 INFO Experiment.PerfCost-0454: Processed 3700 samples out of 10000, 0 errors
23:01:42,582 INFO Experiment.PerfCost-0454: Processed 3710 samples out of 10000, 0 errors
23:01:52,943 INFO Experiment.PerfCost-0454: Processed 3720 samples out of 10000, 0 errors
23:02:03,298 INFO Experiment.PerfCost-0454: Processed 3730 samples out of 10000, 0 errors
23:02:13,662 INFO Experiment.PerfCost-0454: Processed 3740 samples out of 10000, 0 errors
23:02:24,25 INFO Experiment.PerfCost-0454: Processed 3750 samples out of 10000, 0 errors
23:02:34,404 INFO Experiment.PerfCost-0454: Processed 3760 samples out of 10000, 0 errors
23:02:44,750 INFO Experiment.PerfCost-0454: Processed 3770 samples out of 10000, 0 errors
23:02:55,78 INFO Experiment.PerfCost-0454: Processed 3780 samples out of 10000, 0 errors
23:03:05,412 INFO Experiment.PerfCost-0454: Processed 3790 samples out of 10000, 0 errors
23:03:15,785 INFO Experiment.PerfCost-0454: Processed 3800 samples out of 10000, 0 errors
23:03:26,116 INFO Experiment.PerfCost-0454: Processed 3810 samples out of 10000, 0 errors
23:03:36,488 INFO Experiment.PerfCost-0454: Processed 3820 samples out of 10000, 0 errors
23:03:46,859 INFO Experiment.PerfCost-0454: Processed 3830 samples out of 10000, 0 errors
23:03:57,220 INFO Experiment.PerfCost-0454: Processed 3840 samples out of 10000, 0 errors
23:04:07,568 INFO Experiment.PerfCost-0454: Processed 3850 samples out of 10000, 0 errors
23:04:17,938 INFO Experiment.PerfCost-0454: Processed 3860 samples out of 10000, 0 errors
23:04:28,317 INFO Experiment.PerfCost-0454: Processed 3870 samples out of 10000, 0 errors
23:04:38,667 INFO Experiment.PerfCost-0454: Processed 3880 samples out of 10000, 0 errors
23:04:49,35 INFO Experiment.PerfCost-0454: Processed 3890 samples out of 10000, 0 errors
23:04:59,382 INFO Experiment.PerfCost-0454: Processed 3900 samples out of 10000, 0 errors
23:05:09,771 INFO Experiment.PerfCost-0454: Processed 3910 samples out of 10000, 0 errors
23:05:20,133 INFO Experiment.PerfCost-0454: Processed 3920 samples out of 10000, 0 errors
23:05:30,510 INFO Experiment.PerfCost-0454: Processed 3930 samples out of 10000, 0 errors
23:05:40,875 INFO Experiment.PerfCost-0454: Processed 3940 samples out of 10000, 0 errors
23:05:51,234 INFO Experiment.PerfCost-0454: Processed 3950 samples out of 10000, 0 errors
23:06:01,595 INFO Experiment.PerfCost-0454: Processed 3960 samples out of 10000, 0 errors
23:06:11,955 INFO Experiment.PerfCost-0454: Processed 3970 samples out of 10000, 0 errors
23:06:22,296 INFO Experiment.PerfCost-0454: Processed 3980 samples out of 10000, 0 errors
23:06:32,621 INFO Experiment.PerfCost-0454: Processed 3990 samples out of 10000, 0 errors
23:06:42,987 INFO Experiment.PerfCost-0454: Processed 4000 samples out of 10000, 0 errors
23:06:53,362 INFO Experiment.PerfCost-0454: Processed 4010 samples out of 10000, 0 errors
23:07:03,711 INFO Experiment.PerfCost-0454: Processed 4020 samples out of 10000, 0 errors
23:07:14,54 INFO Experiment.PerfCost-0454: Processed 4030 samples out of 10000, 0 errors
23:07:24,426 INFO Experiment.PerfCost-0454: Processed 4040 samples out of 10000, 0 errors
23:07:34,818 INFO Experiment.PerfCost-0454: Processed 4050 samples out of 10000, 0 errors
23:07:45,160 INFO Experiment.PerfCost-0454: Processed 4060 samples out of 10000, 0 errors
23:07:55,505 INFO Experiment.PerfCost-0454: Processed 4070 samples out of 10000, 0 errors
23:08:05,849 INFO Experiment.PerfCost-0454: Processed 4080 samples out of 10000, 0 errors
23:08:16,205 INFO Experiment.PerfCost-0454: Processed 4090 samples out of 10000, 0 errors
23:08:26,543 INFO Experiment.PerfCost-0454: Processed 4100 samples out of 10000, 0 errors
23:08:36,934 INFO Experiment.PerfCost-0454: Processed 4110 samples out of 10000, 0 errors
23:08:47,342 INFO Experiment.PerfCost-0454: Processed 4120 samples out of 10000, 0 errors
23:08:57,722 INFO Experiment.PerfCost-0454: Processed 4130 samples out of 10000, 0 errors
23:09:08,69 INFO Experiment.PerfCost-0454: Processed 4140 samples out of 10000, 0 errors
23:09:18,423 INFO Experiment.PerfCost-0454: Processed 4150 samples out of 10000, 0 errors
23:09:28,795 INFO Experiment.PerfCost-0454: Processed 4160 samples out of 10000, 0 errors
23:09:39,183 INFO Experiment.PerfCost-0454: Processed 4170 samples out of 10000, 0 errors
23:09:49,544 INFO Experiment.PerfCost-0454: Processed 4180 samples out of 10000, 0 errors
23:09:59,892 INFO Experiment.PerfCost-0454: Processed 4190 samples out of 10000, 0 errors
23:10:10,294 INFO Experiment.PerfCost-0454: Processed 4200 samples out of 10000, 0 errors
23:10:20,650 INFO Experiment.PerfCost-0454: Processed 4210 samples out of 10000, 0 errors
23:10:30,977 INFO Experiment.PerfCost-0454: Processed 4220 samples out of 10000, 0 errors
23:10:41,353 INFO Experiment.PerfCost-0454: Processed 4230 samples out of 10000, 0 errors
23:10:51,723 INFO Experiment.PerfCost-0454: Processed 4240 samples out of 10000, 0 errors
23:11:02,94 INFO Experiment.PerfCost-0454: Processed 4250 samples out of 10000, 0 errors
23:11:12,459 INFO Experiment.PerfCost-0454: Processed 4260 samples out of 10000, 0 errors
23:11:22,834 INFO Experiment.PerfCost-0454: Processed 4270 samples out of 10000, 0 errors
23:11:33,211 INFO Experiment.PerfCost-0454: Processed 4280 samples out of 10000, 0 errors
23:11:43,566 INFO Experiment.PerfCost-0454: Processed 4290 samples out of 10000, 0 errors
23:11:53,913 INFO Experiment.PerfCost-0454: Processed 4300 samples out of 10000, 0 errors
23:12:04,285 INFO Experiment.PerfCost-0454: Processed 4310 samples out of 10000, 0 errors
23:12:14,661 INFO Experiment.PerfCost-0454: Processed 4320 samples out of 10000, 0 errors
23:12:25,29 INFO Experiment.PerfCost-0454: Processed 4330 samples out of 10000, 0 errors
23:12:35,390 INFO Experiment.PerfCost-0454: Processed 4340 samples out of 10000, 0 errors
23:12:45,728 INFO Experiment.PerfCost-0454: Processed 4350 samples out of 10000, 0 errors
23:12:56,103 INFO Experiment.PerfCost-0454: Processed 4360 samples out of 10000, 0 errors
23:13:06,473 INFO Experiment.PerfCost-0454: Processed 4370 samples out of 10000, 0 errors
23:13:16,825 INFO Experiment.PerfCost-0454: Processed 4380 samples out of 10000, 0 errors
23:13:27,160 INFO Experiment.PerfCost-0454: Processed 4390 samples out of 10000, 0 errors
23:13:37,526 INFO Experiment.PerfCost-0454: Processed 4400 samples out of 10000, 0 errors
23:13:47,911 INFO Experiment.PerfCost-0454: Processed 4410 samples out of 10000, 0 errors
23:13:58,270 INFO Experiment.PerfCost-0454: Processed 4420 samples out of 10000, 0 errors
23:14:08,596 INFO Experiment.PerfCost-0454: Processed 4430 samples out of 10000, 0 errors
23:14:18,950 INFO Experiment.PerfCost-0454: Processed 4440 samples out of 10000, 0 errors
23:14:29,322 INFO Experiment.PerfCost-0454: Processed 4450 samples out of 10000, 0 errors
23:14:39,706 INFO Experiment.PerfCost-0454: Processed 4460 samples out of 10000, 0 errors
23:14:50,57 INFO Experiment.PerfCost-0454: Processed 4470 samples out of 10000, 0 errors
23:15:00,431 INFO Experiment.PerfCost-0454: Processed 4480 samples out of 10000, 0 errors
23:15:10,782 INFO Experiment.PerfCost-0454: Processed 4490 samples out of 10000, 0 errors
23:15:21,134 INFO Experiment.PerfCost-0454: Processed 4500 samples out of 10000, 0 errors
23:15:31,490 INFO Experiment.PerfCost-0454: Processed 4510 samples out of 10000, 0 errors
23:15:41,834 INFO Experiment.PerfCost-0454: Processed 4520 samples out of 10000, 0 errors
23:15:52,213 INFO Experiment.PerfCost-0454: Processed 4530 samples out of 10000, 0 errors
23:16:02,590 INFO Experiment.PerfCost-0454: Processed 4540 samples out of 10000, 0 errors
23:16:12,956 INFO Experiment.PerfCost-0454: Processed 4550 samples out of 10000, 0 errors
23:16:23,337 INFO Experiment.PerfCost-0454: Processed 4560 samples out of 10000, 0 errors
23:16:33,711 INFO Experiment.PerfCost-0454: Processed 4570 samples out of 10000, 0 errors
23:16:44,65 INFO Experiment.PerfCost-0454: Processed 4580 samples out of 10000, 0 errors
23:16:54,406 INFO Experiment.PerfCost-0454: Processed 4590 samples out of 10000, 0 errors
23:17:04,789 INFO Experiment.PerfCost-0454: Processed 4600 samples out of 10000, 0 errors
23:17:15,178 INFO Experiment.PerfCost-0454: Processed 4610 samples out of 10000, 0 errors
23:17:25,547 INFO Experiment.PerfCost-0454: Processed 4620 samples out of 10000, 0 errors
23:17:35,895 INFO Experiment.PerfCost-0454: Processed 4630 samples out of 10000, 0 errors
23:17:46,299 INFO Experiment.PerfCost-0454: Processed 4640 samples out of 10000, 0 errors
23:17:56,643 INFO Experiment.PerfCost-0454: Processed 4650 samples out of 10000, 0 errors
23:18:07,17 INFO Experiment.PerfCost-0454: Processed 4660 samples out of 10000, 0 errors
23:18:17,397 INFO Experiment.PerfCost-0454: Processed 4670 samples out of 10000, 0 errors
23:18:27,779 INFO Experiment.PerfCost-0454: Processed 4680 samples out of 10000, 0 errors
23:18:38,146 INFO Experiment.PerfCost-0454: Processed 4690 samples out of 10000, 0 errors
23:18:48,528 INFO Experiment.PerfCost-0454: Processed 4700 samples out of 10000, 0 errors
23:18:58,913 INFO Experiment.PerfCost-0454: Processed 4710 samples out of 10000, 0 errors
23:19:09,270 INFO Experiment.PerfCost-0454: Processed 4720 samples out of 10000, 0 errors
23:19:19,635 INFO Experiment.PerfCost-0454: Processed 4730 samples out of 10000, 0 errors
23:19:30,2 INFO Experiment.PerfCost-0454: Processed 4740 samples out of 10000, 0 errors
23:19:40,363 INFO Experiment.PerfCost-0454: Processed 4750 samples out of 10000, 0 errors
23:19:50,714 INFO Experiment.PerfCost-0454: Processed 4760 samples out of 10000, 0 errors
23:20:01,85 INFO Experiment.PerfCost-0454: Processed 4770 samples out of 10000, 0 errors
23:20:11,450 INFO Experiment.PerfCost-0454: Processed 4780 samples out of 10000, 0 errors
23:20:21,797 INFO Experiment.PerfCost-0454: Processed 4790 samples out of 10000, 0 errors
23:20:32,169 INFO Experiment.PerfCost-0454: Processed 4800 samples out of 10000, 0 errors
23:20:42,551 INFO Experiment.PerfCost-0454: Processed 4810 samples out of 10000, 0 errors
23:20:52,952 INFO Experiment.PerfCost-0454: Processed 4820 samples out of 10000, 0 errors
23:21:03,314 INFO Experiment.PerfCost-0454: Processed 4830 samples out of 10000, 0 errors
23:21:13,670 INFO Experiment.PerfCost-0454: Processed 4840 samples out of 10000, 0 errors
23:21:24,36 INFO Experiment.PerfCost-0454: Processed 4850 samples out of 10000, 0 errors
23:21:34,392 INFO Experiment.PerfCost-0454: Processed 4860 samples out of 10000, 0 errors
23:21:44,774 INFO Experiment.PerfCost-0454: Processed 4870 samples out of 10000, 0 errors
23:21:55,139 INFO Experiment.PerfCost-0454: Processed 4880 samples out of 10000, 0 errors
23:22:05,499 INFO Experiment.PerfCost-0454: Processed 4890 samples out of 10000, 0 errors
23:22:15,846 INFO Experiment.PerfCost-0454: Processed 4900 samples out of 10000, 0 errors
23:22:26,177 INFO Experiment.PerfCost-0454: Processed 4910 samples out of 10000, 0 errors
23:22:36,513 INFO Experiment.PerfCost-0454: Processed 4920 samples out of 10000, 0 errors
23:22:46,906 INFO Experiment.PerfCost-0454: Processed 4930 samples out of 10000, 0 errors
23:22:57,280 INFO Experiment.PerfCost-0454: Processed 4940 samples out of 10000, 0 errors
23:23:07,645 INFO Experiment.PerfCost-0454: Processed 4950 samples out of 10000, 0 errors
23:23:18,3 INFO Experiment.PerfCost-0454: Processed 4960 samples out of 10000, 0 errors
23:23:28,345 INFO Experiment.PerfCost-0454: Processed 4970 samples out of 10000, 0 errors
23:23:38,707 INFO Experiment.PerfCost-0454: Processed 4980 samples out of 10000, 0 errors
23:23:49,67 INFO Experiment.PerfCost-0454: Processed 4990 samples out of 10000, 0 errors
23:23:59,408 INFO Experiment.PerfCost-0454: Processed 5000 samples out of 10000, 0 errors
23:24:09,752 INFO Experiment.PerfCost-0454: Processed 5010 samples out of 10000, 0 errors
23:24:20,81 INFO Experiment.PerfCost-0454: Processed 5020 samples out of 10000, 0 errors
23:24:30,444 INFO Experiment.PerfCost-0454: Processed 5030 samples out of 10000, 0 errors
23:24:40,811 INFO Experiment.PerfCost-0454: Processed 5040 samples out of 10000, 0 errors
23:24:51,152 INFO Experiment.PerfCost-0454: Processed 5050 samples out of 10000, 0 errors
23:25:01,536 INFO Experiment.PerfCost-0454: Processed 5060 samples out of 10000, 0 errors
23:25:11,886 INFO Experiment.PerfCost-0454: Processed 5070 samples out of 10000, 0 errors
23:25:22,272 INFO Experiment.PerfCost-0454: Processed 5080 samples out of 10000, 0 errors
23:25:32,629 INFO Experiment.PerfCost-0454: Processed 5090 samples out of 10000, 0 errors
23:25:43,10 INFO Experiment.PerfCost-0454: Processed 5100 samples out of 10000, 0 errors
23:25:53,377 INFO Experiment.PerfCost-0454: Processed 5110 samples out of 10000, 0 errors
23:26:03,712 INFO Experiment.PerfCost-0454: Processed 5120 samples out of 10000, 0 errors
23:26:14,71 INFO Experiment.PerfCost-0454: Processed 5130 samples out of 10000, 0 errors
23:26:24,425 INFO Experiment.PerfCost-0454: Processed 5140 samples out of 10000, 0 errors
23:26:34,854 INFO Experiment.PerfCost-0454: Processed 5150 samples out of 10000, 0 errors
23:26:45,227 INFO Experiment.PerfCost-0454: Processed 5160 samples out of 10000, 0 errors
23:26:55,589 INFO Experiment.PerfCost-0454: Processed 5170 samples out of 10000, 0 errors
23:27:05,951 INFO Experiment.PerfCost-0454: Processed 5180 samples out of 10000, 0 errors
23:27:16,326 INFO Experiment.PerfCost-0454: Processed 5190 samples out of 10000, 0 errors
23:27:26,684 INFO Experiment.PerfCost-0454: Processed 5200 samples out of 10000, 0 errors
23:27:37,99 INFO Experiment.PerfCost-0454: Processed 5210 samples out of 10000, 0 errors
23:27:47,456 INFO Experiment.PerfCost-0454: Processed 5220 samples out of 10000, 0 errors
23:27:57,824 INFO Experiment.PerfCost-0454: Processed 5230 samples out of 10000, 0 errors
23:28:08,187 INFO Experiment.PerfCost-0454: Processed 5240 samples out of 10000, 0 errors
23:28:18,548 INFO Experiment.PerfCost-0454: Processed 5250 samples out of 10000, 0 errors
23:28:28,933 INFO Experiment.PerfCost-0454: Processed 5260 samples out of 10000, 0 errors
23:28:39,282 INFO Experiment.PerfCost-0454: Processed 5270 samples out of 10000, 0 errors
23:28:49,685 INFO Experiment.PerfCost-0454: Processed 5280 samples out of 10000, 0 errors
23:29:00,61 INFO Experiment.PerfCost-0454: Processed 5290 samples out of 10000, 0 errors
23:29:10,426 INFO Experiment.PerfCost-0454: Processed 5300 samples out of 10000, 0 errors
23:29:20,786 INFO Experiment.PerfCost-0454: Processed 5310 samples out of 10000, 0 errors
23:29:31,155 INFO Experiment.PerfCost-0454: Processed 5320 samples out of 10000, 0 errors
23:29:41,506 INFO Experiment.PerfCost-0454: Processed 5330 samples out of 10000, 0 errors
23:29:51,882 INFO Experiment.PerfCost-0454: Processed 5340 samples out of 10000, 0 errors
23:30:02,224 INFO Experiment.PerfCost-0454: Processed 5350 samples out of 10000, 0 errors
23:30:12,572 INFO Experiment.PerfCost-0454: Processed 5360 samples out of 10000, 0 errors
23:30:22,944 INFO Experiment.PerfCost-0454: Processed 5370 samples out of 10000, 0 errors
23:30:33,344 INFO Experiment.PerfCost-0454: Processed 5380 samples out of 10000, 0 errors
23:30:43,705 INFO Experiment.PerfCost-0454: Processed 5390 samples out of 10000, 0 errors
23:30:54,69 INFO Experiment.PerfCost-0454: Processed 5400 samples out of 10000, 0 errors
23:31:04,425 INFO Experiment.PerfCost-0454: Processed 5410 samples out of 10000, 0 errors
23:31:14,777 INFO Experiment.PerfCost-0454: Processed 5420 samples out of 10000, 0 errors
23:31:25,152 INFO Experiment.PerfCost-0454: Processed 5430 samples out of 10000, 0 errors
23:31:35,514 INFO Experiment.PerfCost-0454: Processed 5440 samples out of 10000, 0 errors
23:31:45,874 INFO Experiment.PerfCost-0454: Processed 5450 samples out of 10000, 0 errors
23:31:56,224 INFO Experiment.PerfCost-0454: Processed 5460 samples out of 10000, 0 errors
23:32:06,588 INFO Experiment.PerfCost-0454: Processed 5470 samples out of 10000, 0 errors
23:32:16,996 INFO Experiment.PerfCost-0454: Processed 5480 samples out of 10000, 0 errors
23:32:27,362 INFO Experiment.PerfCost-0454: Processed 5490 samples out of 10000, 0 errors
23:32:37,720 INFO Experiment.PerfCost-0454: Processed 5500 samples out of 10000, 0 errors
23:32:48,57 INFO Experiment.PerfCost-0454: Processed 5510 samples out of 10000, 0 errors
23:32:58,399 INFO Experiment.PerfCost-0454: Processed 5520 samples out of 10000, 0 errors
23:33:08,786 INFO Experiment.PerfCost-0454: Processed 5530 samples out of 10000, 0 errors
23:33:19,140 INFO Experiment.PerfCost-0454: Processed 5540 samples out of 10000, 0 errors
23:33:29,491 INFO Experiment.PerfCost-0454: Processed 5550 samples out of 10000, 0 errors
23:33:39,868 INFO Experiment.PerfCost-0454: Processed 5560 samples out of 10000, 0 errors
23:33:50,264 INFO Experiment.PerfCost-0454: Processed 5570 samples out of 10000, 0 errors
23:34:00,613 INFO Experiment.PerfCost-0454: Processed 5580 samples out of 10000, 0 errors
23:34:10,958 INFO Experiment.PerfCost-0454: Processed 5590 samples out of 10000, 0 errors
23:34:21,315 INFO Experiment.PerfCost-0454: Processed 5600 samples out of 10000, 0 errors
23:34:31,669 INFO Experiment.PerfCost-0454: Processed 5610 samples out of 10000, 0 errors
23:34:42,77 INFO Experiment.PerfCost-0454: Processed 5620 samples out of 10000, 0 errors
23:34:52,435 INFO Experiment.PerfCost-0454: Processed 5630 samples out of 10000, 0 errors
23:35:02,801 INFO Experiment.PerfCost-0454: Processed 5640 samples out of 10000, 0 errors
23:35:13,168 INFO Experiment.PerfCost-0454: Processed 5650 samples out of 10000, 0 errors
23:35:23,521 INFO Experiment.PerfCost-0454: Processed 5660 samples out of 10000, 0 errors
23:35:33,921 INFO Experiment.PerfCost-0454: Processed 5670 samples out of 10000, 0 errors
23:35:44,277 INFO Experiment.PerfCost-0454: Processed 5680 samples out of 10000, 0 errors
23:35:54,652 INFO Experiment.PerfCost-0454: Processed 5690 samples out of 10000, 0 errors
23:36:05,4 INFO Experiment.PerfCost-0454: Processed 5700 samples out of 10000, 0 errors
23:36:15,352 INFO Experiment.PerfCost-0454: Processed 5710 samples out of 10000, 0 errors
23:36:25,712 INFO Experiment.PerfCost-0454: Processed 5720 samples out of 10000, 0 errors
23:36:36,73 INFO Experiment.PerfCost-0454: Processed 5730 samples out of 10000, 0 errors
23:36:46,422 INFO Experiment.PerfCost-0454: Processed 5740 samples out of 10000, 0 errors
23:36:56,758 INFO Experiment.PerfCost-0454: Processed 5750 samples out of 10000, 0 errors
23:37:07,134 INFO Experiment.PerfCost-0454: Processed 5760 samples out of 10000, 0 errors
23:37:17,494 INFO Experiment.PerfCost-0454: Processed 5770 samples out of 10000, 0 errors
23:37:27,887 INFO Experiment.PerfCost-0454: Processed 5780 samples out of 10000, 0 errors
23:37:38,251 INFO Experiment.PerfCost-0454: Processed 5790 samples out of 10000, 0 errors
23:37:48,608 INFO Experiment.PerfCost-0454: Processed 5800 samples out of 10000, 0 errors
23:37:59,24 INFO Experiment.PerfCost-0454: Processed 5810 samples out of 10000, 0 errors
23:38:09,378 INFO Experiment.PerfCost-0454: Processed 5820 samples out of 10000, 0 errors
23:38:19,734 INFO Experiment.PerfCost-0454: Processed 5830 samples out of 10000, 0 errors
23:38:30,100 INFO Experiment.PerfCost-0454: Processed 5840 samples out of 10000, 0 errors
23:38:40,458 INFO Experiment.PerfCost-0454: Processed 5850 samples out of 10000, 0 errors
23:38:50,862 INFO Experiment.PerfCost-0454: Processed 5860 samples out of 10000, 0 errors
23:39:01,207 INFO Experiment.PerfCost-0454: Processed 5870 samples out of 10000, 0 errors
23:39:11,593 INFO Experiment.PerfCost-0454: Processed 5880 samples out of 10000, 0 errors
23:39:21,939 INFO Experiment.PerfCost-0454: Processed 5890 samples out of 10000, 0 errors
23:39:32,290 INFO Experiment.PerfCost-0454: Processed 5900 samples out of 10000, 0 errors
23:39:42,654 INFO Experiment.PerfCost-0454: Processed 5910 samples out of 10000, 0 errors
23:39:53,13 INFO Experiment.PerfCost-0454: Processed 5920 samples out of 10000, 0 errors
23:40:03,378 INFO Experiment.PerfCost-0454: Processed 5930 samples out of 10000, 0 errors
23:40:13,723 INFO Experiment.PerfCost-0454: Processed 5940 samples out of 10000, 0 errors
23:40:24,157 INFO Experiment.PerfCost-0454: Processed 5950 samples out of 10000, 0 errors
23:40:34,524 INFO Experiment.PerfCost-0454: Processed 5960 samples out of 10000, 0 errors
23:40:44,868 INFO Experiment.PerfCost-0454: Processed 5970 samples out of 10000, 0 errors
23:40:55,213 INFO Experiment.PerfCost-0454: Processed 5980 samples out of 10000, 0 errors
23:41:05,560 INFO Experiment.PerfCost-0454: Processed 5990 samples out of 10000, 0 errors
23:41:15,913 INFO Experiment.PerfCost-0454: Processed 6000 samples out of 10000, 0 errors
23:41:26,257 INFO Experiment.PerfCost-0454: Processed 6010 samples out of 10000, 0 errors
23:41:36,625 INFO Experiment.PerfCost-0454: Processed 6020 samples out of 10000, 0 errors
23:41:46,983 INFO Experiment.PerfCost-0454: Processed 6030 samples out of 10000, 0 errors
23:41:57,349 INFO Experiment.PerfCost-0454: Processed 6040 samples out of 10000, 0 errors
23:42:07,711 INFO Experiment.PerfCost-0454: Processed 6050 samples out of 10000, 0 errors
23:42:18,80 INFO Experiment.PerfCost-0454: Processed 6060 samples out of 10000, 0 errors
23:42:28,460 INFO Experiment.PerfCost-0454: Processed 6070 samples out of 10000, 0 errors
23:42:38,826 INFO Experiment.PerfCost-0454: Processed 6080 samples out of 10000, 0 errors
23:42:49,157 INFO Experiment.PerfCost-0454: Processed 6090 samples out of 10000, 0 errors
23:42:59,509 INFO Experiment.PerfCost-0454: Processed 6100 samples out of 10000, 0 errors
23:43:09,864 INFO Experiment.PerfCost-0454: Processed 6110 samples out of 10000, 0 errors
23:43:20,208 INFO Experiment.PerfCost-0454: Processed 6120 samples out of 10000, 0 errors
23:43:30,543 INFO Experiment.PerfCost-0454: Processed 6130 samples out of 10000, 0 errors
23:43:40,920 INFO Experiment.PerfCost-0454: Processed 6140 samples out of 10000, 0 errors
23:43:51,294 INFO Experiment.PerfCost-0454: Processed 6150 samples out of 10000, 0 errors
23:44:01,653 INFO Experiment.PerfCost-0454: Processed 6160 samples out of 10000, 0 errors
23:44:12,5 INFO Experiment.PerfCost-0454: Processed 6170 samples out of 10000, 0 errors
23:44:22,373 INFO Experiment.PerfCost-0454: Processed 6180 samples out of 10000, 0 errors
23:44:32,726 INFO Experiment.PerfCost-0454: Processed 6190 samples out of 10000, 0 errors
23:44:43,61 INFO Experiment.PerfCost-0454: Processed 6200 samples out of 10000, 0 errors
23:44:53,413 INFO Experiment.PerfCost-0454: Processed 6210 samples out of 10000, 0 errors
23:45:03,777 INFO Experiment.PerfCost-0454: Processed 6220 samples out of 10000, 0 errors
23:45:14,126 INFO Experiment.PerfCost-0454: Processed 6230 samples out of 10000, 0 errors
23:45:24,461 INFO Experiment.PerfCost-0454: Processed 6240 samples out of 10000, 0 errors
23:45:34,814 INFO Experiment.PerfCost-0454: Processed 6250 samples out of 10000, 0 errors
23:45:45,188 INFO Experiment.PerfCost-0454: Processed 6260 samples out of 10000, 0 errors
23:45:55,555 INFO Experiment.PerfCost-0454: Processed 6270 samples out of 10000, 0 errors
23:46:05,920 INFO Experiment.PerfCost-0454: Processed 6280 samples out of 10000, 0 errors
23:46:16,264 INFO Experiment.PerfCost-0454: Processed 6290 samples out of 10000, 0 errors
23:46:26,630 INFO Experiment.PerfCost-0454: Processed 6300 samples out of 10000, 0 errors
23:46:36,988 INFO Experiment.PerfCost-0454: Processed 6310 samples out of 10000, 0 errors
23:46:47,365 INFO Experiment.PerfCost-0454: Processed 6320 samples out of 10000, 0 errors
23:46:57,713 INFO Experiment.PerfCost-0454: Processed 6330 samples out of 10000, 0 errors
23:47:08,201 INFO Experiment.PerfCost-0454: Processed 6340 samples out of 10000, 0 errors
23:47:18,581 INFO Experiment.PerfCost-0454: Processed 6350 samples out of 10000, 0 errors
23:47:28,946 INFO Experiment.PerfCost-0454: Processed 6360 samples out of 10000, 0 errors
23:47:39,345 INFO Experiment.PerfCost-0454: Processed 6370 samples out of 10000, 0 errors
23:47:49,706 INFO Experiment.PerfCost-0454: Processed 6380 samples out of 10000, 0 errors
23:48:00,94 INFO Experiment.PerfCost-0454: Processed 6390 samples out of 10000, 0 errors
23:48:10,485 INFO Experiment.PerfCost-0454: Processed 6400 samples out of 10000, 0 errors
23:48:20,833 INFO Experiment.PerfCost-0454: Processed 6410 samples out of 10000, 0 errors
23:48:31,178 INFO Experiment.PerfCost-0454: Processed 6420 samples out of 10000, 0 errors
23:48:41,535 INFO Experiment.PerfCost-0454: Processed 6430 samples out of 10000, 0 errors
23:48:51,920 INFO Experiment.PerfCost-0454: Processed 6440 samples out of 10000, 0 errors
23:49:02,289 INFO Experiment.PerfCost-0454: Processed 6450 samples out of 10000, 0 errors
23:49:12,670 INFO Experiment.PerfCost-0454: Processed 6460 samples out of 10000, 0 errors
23:49:23,36 INFO Experiment.PerfCost-0454: Processed 6470 samples out of 10000, 0 errors
23:49:33,398 INFO Experiment.PerfCost-0454: Processed 6480 samples out of 10000, 0 errors
23:49:43,747 INFO Experiment.PerfCost-0454: Processed 6490 samples out of 10000, 0 errors
23:49:54,115 INFO Experiment.PerfCost-0454: Processed 6500 samples out of 10000, 0 errors
23:50:04,468 INFO Experiment.PerfCost-0454: Processed 6510 samples out of 10000, 0 errors
23:50:14,823 INFO Experiment.PerfCost-0454: Processed 6520 samples out of 10000, 0 errors
23:50:25,164 INFO Experiment.PerfCost-0454: Processed 6530 samples out of 10000, 0 errors
23:50:35,527 INFO Experiment.PerfCost-0454: Processed 6540 samples out of 10000, 0 errors
23:50:45,908 INFO Experiment.PerfCost-0454: Processed 6550 samples out of 10000, 0 errors
23:50:56,261 INFO Experiment.PerfCost-0454: Processed 6560 samples out of 10000, 0 errors
23:51:06,621 INFO Experiment.PerfCost-0454: Processed 6570 samples out of 10000, 0 errors
23:51:17,4 INFO Experiment.PerfCost-0454: Processed 6580 samples out of 10000, 0 errors
23:51:27,374 INFO Experiment.PerfCost-0454: Processed 6590 samples out of 10000, 0 errors
23:51:37,746 INFO Experiment.PerfCost-0454: Processed 6600 samples out of 10000, 0 errors
23:51:48,85 INFO Experiment.PerfCost-0454: Processed 6610 samples out of 10000, 0 errors
23:51:58,464 INFO Experiment.PerfCost-0454: Processed 6620 samples out of 10000, 0 errors
23:52:08,838 INFO Experiment.PerfCost-0454: Processed 6630 samples out of 10000, 0 errors
23:52:19,179 INFO Experiment.PerfCost-0454: Processed 6640 samples out of 10000, 0 errors
23:52:29,545 INFO Experiment.PerfCost-0454: Processed 6650 samples out of 10000, 0 errors
23:52:39,907 INFO Experiment.PerfCost-0454: Processed 6660 samples out of 10000, 0 errors
23:52:50,267 INFO Experiment.PerfCost-0454: Processed 6670 samples out of 10000, 0 errors
23:53:00,656 INFO Experiment.PerfCost-0454: Processed 6680 samples out of 10000, 0 errors
23:53:11,21 INFO Experiment.PerfCost-0454: Processed 6690 samples out of 10000, 0 errors
23:53:21,373 INFO Experiment.PerfCost-0454: Processed 6700 samples out of 10000, 0 errors
23:53:31,741 INFO Experiment.PerfCost-0454: Processed 6710 samples out of 10000, 0 errors
23:53:42,97 INFO Experiment.PerfCost-0454: Processed 6720 samples out of 10000, 0 errors
23:53:52,469 INFO Experiment.PerfCost-0454: Processed 6730 samples out of 10000, 0 errors
23:54:02,825 INFO Experiment.PerfCost-0454: Processed 6740 samples out of 10000, 0 errors
23:54:13,177 INFO Experiment.PerfCost-0454: Processed 6750 samples out of 10000, 0 errors
23:54:23,544 INFO Experiment.PerfCost-0454: Processed 6760 samples out of 10000, 0 errors
23:54:33,897 INFO Experiment.PerfCost-0454: Processed 6770 samples out of 10000, 0 errors
23:54:44,268 INFO Experiment.PerfCost-0454: Processed 6780 samples out of 10000, 0 errors
23:54:54,628 INFO Experiment.PerfCost-0454: Processed 6790 samples out of 10000, 0 errors
23:55:05,3 INFO Experiment.PerfCost-0454: Processed 6800 samples out of 10000, 0 errors
23:55:15,374 INFO Experiment.PerfCost-0454: Processed 6810 samples out of 10000, 0 errors
23:55:25,731 INFO Experiment.PerfCost-0454: Processed 6820 samples out of 10000, 0 errors
23:55:36,140 INFO Experiment.PerfCost-0454: Processed 6830 samples out of 10000, 0 errors
23:55:46,484 INFO Experiment.PerfCost-0454: Processed 6840 samples out of 10000, 0 errors
23:55:56,843 INFO Experiment.PerfCost-0454: Processed 6850 samples out of 10000, 0 errors
23:56:07,203 INFO Experiment.PerfCost-0454: Processed 6860 samples out of 10000, 0 errors
23:56:17,532 INFO Experiment.PerfCost-0454: Processed 6870 samples out of 10000, 0 errors
23:56:27,902 INFO Experiment.PerfCost-0454: Processed 6880 samples out of 10000, 0 errors
23:56:38,306 INFO Experiment.PerfCost-0454: Processed 6890 samples out of 10000, 0 errors
23:56:48,654 INFO Experiment.PerfCost-0454: Processed 6900 samples out of 10000, 0 errors
23:56:59,15 INFO Experiment.PerfCost-0454: Processed 6910 samples out of 10000, 0 errors
23:57:09,391 INFO Experiment.PerfCost-0454: Processed 6920 samples out of 10000, 0 errors
23:57:19,729 INFO Experiment.PerfCost-0454: Processed 6930 samples out of 10000, 0 errors
23:57:30,92 INFO Experiment.PerfCost-0454: Processed 6940 samples out of 10000, 0 errors
23:57:40,427 INFO Experiment.PerfCost-0454: Processed 6950 samples out of 10000, 0 errors
23:57:50,823 INFO Experiment.PerfCost-0454: Processed 6960 samples out of 10000, 0 errors
23:58:01,211 INFO Experiment.PerfCost-0454: Processed 6970 samples out of 10000, 0 errors
23:58:11,568 INFO Experiment.PerfCost-0454: Processed 6980 samples out of 10000, 0 errors
23:58:21,950 INFO Experiment.PerfCost-0454: Processed 6990 samples out of 10000, 0 errors
23:58:32,300 INFO Experiment.PerfCost-0454: Processed 7000 samples out of 10000, 0 errors
23:58:42,644 INFO Experiment.PerfCost-0454: Processed 7010 samples out of 10000, 0 errors
23:58:53,24 INFO Experiment.PerfCost-0454: Processed 7020 samples out of 10000, 0 errors
23:59:03,386 INFO Experiment.PerfCost-0454: Processed 7030 samples out of 10000, 0 errors
23:59:13,737 INFO Experiment.PerfCost-0454: Processed 7040 samples out of 10000, 0 errors
23:59:24,122 INFO Experiment.PerfCost-0454: Processed 7050 samples out of 10000, 0 errors
23:59:34,476 INFO Experiment.PerfCost-0454: Processed 7060 samples out of 10000, 0 errors
23:59:44,839 INFO Experiment.PerfCost-0454: Processed 7070 samples out of 10000, 0 errors
23:59:55,195 INFO Experiment.PerfCost-0454: Processed 7080 samples out of 10000, 0 errors
00:00:05,554 INFO Experiment.PerfCost-0454: Processed 7090 samples out of 10000, 0 errors
00:00:15,914 INFO Experiment.PerfCost-0454: Processed 7100 samples out of 10000, 0 errors
00:00:26,249 INFO Experiment.PerfCost-0454: Processed 7110 samples out of 10000, 0 errors
00:00:36,598 INFO Experiment.PerfCost-0454: Processed 7120 samples out of 10000, 0 errors
00:00:46,980 INFO Experiment.PerfCost-0454: Processed 7130 samples out of 10000, 0 errors
00:00:57,366 INFO Experiment.PerfCost-0454: Processed 7140 samples out of 10000, 0 errors
00:01:07,707 INFO Experiment.PerfCost-0454: Processed 7150 samples out of 10000, 0 errors
00:01:18,64 INFO Experiment.PerfCost-0454: Processed 7160 samples out of 10000, 0 errors
00:01:28,448 INFO Experiment.PerfCost-0454: Processed 7170 samples out of 10000, 0 errors
00:01:38,798 INFO Experiment.PerfCost-0454: Processed 7180 samples out of 10000, 0 errors
00:01:49,161 INFO Experiment.PerfCost-0454: Processed 7190 samples out of 10000, 0 errors
00:01:59,517 INFO Experiment.PerfCost-0454: Processed 7200 samples out of 10000, 0 errors
00:02:09,884 INFO Experiment.PerfCost-0454: Processed 7210 samples out of 10000, 0 errors
00:02:20,244 INFO Experiment.PerfCost-0454: Processed 7220 samples out of 10000, 0 errors
00:02:30,612 INFO Experiment.PerfCost-0454: Processed 7230 samples out of 10000, 0 errors
00:02:40,978 INFO Experiment.PerfCost-0454: Processed 7240 samples out of 10000, 0 errors
00:02:51,366 INFO Experiment.PerfCost-0454: Processed 7250 samples out of 10000, 0 errors
00:03:01,730 INFO Experiment.PerfCost-0454: Processed 7260 samples out of 10000, 0 errors
00:03:12,147 INFO Experiment.PerfCost-0454: Processed 7270 samples out of 10000, 0 errors
00:03:22,499 INFO Experiment.PerfCost-0454: Processed 7280 samples out of 10000, 0 errors
00:03:32,879 INFO Experiment.PerfCost-0454: Processed 7290 samples out of 10000, 0 errors
00:03:43,231 INFO Experiment.PerfCost-0454: Processed 7300 samples out of 10000, 0 errors
00:03:53,601 INFO Experiment.PerfCost-0454: Processed 7310 samples out of 10000, 0 errors
00:04:03,933 INFO Experiment.PerfCost-0454: Processed 7320 samples out of 10000, 0 errors
00:04:14,292 INFO Experiment.PerfCost-0454: Processed 7330 samples out of 10000, 0 errors
00:04:24,638 INFO Experiment.PerfCost-0454: Processed 7340 samples out of 10000, 0 errors
00:04:35,9 INFO Experiment.PerfCost-0454: Processed 7350 samples out of 10000, 0 errors
00:04:45,404 INFO Experiment.PerfCost-0454: Processed 7360 samples out of 10000, 0 errors
00:04:55,765 INFO Experiment.PerfCost-0454: Processed 7370 samples out of 10000, 0 errors
00:05:06,128 INFO Experiment.PerfCost-0454: Processed 7380 samples out of 10000, 0 errors
00:05:16,493 INFO Experiment.PerfCost-0454: Processed 7390 samples out of 10000, 0 errors
00:05:26,867 INFO Experiment.PerfCost-0454: Processed 7400 samples out of 10000, 0 errors
00:05:37,234 INFO Experiment.PerfCost-0454: Processed 7410 samples out of 10000, 0 errors
00:05:47,582 INFO Experiment.PerfCost-0454: Processed 7420 samples out of 10000, 0 errors
00:05:57,926 INFO Experiment.PerfCost-0454: Processed 7430 samples out of 10000, 0 errors
00:06:08,300 INFO Experiment.PerfCost-0454: Processed 7440 samples out of 10000, 0 errors
00:06:18,659 INFO Experiment.PerfCost-0454: Processed 7450 samples out of 10000, 0 errors
00:06:29,22 INFO Experiment.PerfCost-0454: Processed 7460 samples out of 10000, 0 errors
00:06:39,402 INFO Experiment.PerfCost-0454: Processed 7470 samples out of 10000, 0 errors
00:06:49,742 INFO Experiment.PerfCost-0454: Processed 7480 samples out of 10000, 0 errors
00:07:00,119 INFO Experiment.PerfCost-0454: Processed 7490 samples out of 10000, 0 errors
00:07:10,480 INFO Experiment.PerfCost-0454: Processed 7500 samples out of 10000, 0 errors
00:07:20,847 INFO Experiment.PerfCost-0454: Processed 7510 samples out of 10000, 0 errors
00:07:31,205 INFO Experiment.PerfCost-0454: Processed 7520 samples out of 10000, 0 errors
00:07:41,551 INFO Experiment.PerfCost-0454: Processed 7530 samples out of 10000, 0 errors
00:07:51,899 INFO Experiment.PerfCost-0454: Processed 7540 samples out of 10000, 0 errors
00:08:02,249 INFO Experiment.PerfCost-0454: Processed 7550 samples out of 10000, 0 errors
00:08:12,591 INFO Experiment.PerfCost-0454: Processed 7560 samples out of 10000, 0 errors
00:08:22,956 INFO Experiment.PerfCost-0454: Processed 7570 samples out of 10000, 0 errors
00:08:33,297 INFO Experiment.PerfCost-0454: Processed 7580 samples out of 10000, 0 errors
00:08:43,654 INFO Experiment.PerfCost-0454: Processed 7590 samples out of 10000, 0 errors
00:08:54,39 INFO Experiment.PerfCost-0454: Processed 7600 samples out of 10000, 0 errors
00:09:04,415 INFO Experiment.PerfCost-0454: Processed 7610 samples out of 10000, 0 errors
00:09:14,768 INFO Experiment.PerfCost-0454: Processed 7620 samples out of 10000, 0 errors
00:09:25,139 INFO Experiment.PerfCost-0454: Processed 7630 samples out of 10000, 0 errors
00:09:35,491 INFO Experiment.PerfCost-0454: Processed 7640 samples out of 10000, 0 errors
00:09:45,850 INFO Experiment.PerfCost-0454: Processed 7650 samples out of 10000, 0 errors
00:09:56,216 INFO Experiment.PerfCost-0454: Processed 7660 samples out of 10000, 0 errors
00:10:06,593 INFO Experiment.PerfCost-0454: Processed 7670 samples out of 10000, 0 errors
00:10:16,954 INFO Experiment.PerfCost-0454: Processed 7680 samples out of 10000, 0 errors
00:10:27,307 INFO Experiment.PerfCost-0454: Processed 7690 samples out of 10000, 0 errors
00:10:37,721 INFO Experiment.PerfCost-0454: Processed 7700 samples out of 10000, 0 errors
00:10:48,89 INFO Experiment.PerfCost-0454: Processed 7710 samples out of 10000, 0 errors
00:10:58,459 INFO Experiment.PerfCost-0454: Processed 7720 samples out of 10000, 0 errors
00:11:08,822 INFO Experiment.PerfCost-0454: Processed 7730 samples out of 10000, 0 errors
00:11:19,192 INFO Experiment.PerfCost-0454: Processed 7740 samples out of 10000, 0 errors
00:11:29,566 INFO Experiment.PerfCost-0454: Processed 7750 samples out of 10000, 0 errors
00:11:39,976 INFO Experiment.PerfCost-0454: Processed 7760 samples out of 10000, 0 errors
00:11:50,348 INFO Experiment.PerfCost-0454: Processed 7770 samples out of 10000, 0 errors
00:12:00,722 INFO Experiment.PerfCost-0454: Processed 7780 samples out of 10000, 0 errors
00:12:11,123 INFO Experiment.PerfCost-0454: Processed 7790 samples out of 10000, 0 errors
00:12:21,482 INFO Experiment.PerfCost-0454: Processed 7800 samples out of 10000, 0 errors
00:12:31,828 INFO Experiment.PerfCost-0454: Processed 7810 samples out of 10000, 0 errors
00:12:42,156 INFO Experiment.PerfCost-0454: Processed 7820 samples out of 10000, 0 errors
00:12:52,511 INFO Experiment.PerfCost-0454: Processed 7830 samples out of 10000, 0 errors
00:13:02,877 INFO Experiment.PerfCost-0454: Processed 7840 samples out of 10000, 0 errors
00:13:13,251 INFO Experiment.PerfCost-0454: Processed 7850 samples out of 10000, 0 errors
00:13:23,636 INFO Experiment.PerfCost-0454: Processed 7860 samples out of 10000, 0 errors
00:13:33,993 INFO Experiment.PerfCost-0454: Processed 7870 samples out of 10000, 0 errors
00:13:44,344 INFO Experiment.PerfCost-0454: Processed 7880 samples out of 10000, 0 errors
00:13:54,710 INFO Experiment.PerfCost-0454: Processed 7890 samples out of 10000, 0 errors
00:14:05,96 INFO Experiment.PerfCost-0454: Processed 7900 samples out of 10000, 0 errors
00:14:15,458 INFO Experiment.PerfCost-0454: Processed 7910 samples out of 10000, 0 errors
00:14:25,790 INFO Experiment.PerfCost-0454: Processed 7920 samples out of 10000, 0 errors
00:14:36,155 INFO Experiment.PerfCost-0454: Processed 7930 samples out of 10000, 0 errors
00:14:46,510 INFO Experiment.PerfCost-0454: Processed 7940 samples out of 10000, 0 errors
00:14:56,935 INFO Experiment.PerfCost-0454: Processed 7950 samples out of 10000, 0 errors
00:15:07,313 INFO Experiment.PerfCost-0454: Processed 7960 samples out of 10000, 0 errors
00:15:17,693 INFO Experiment.PerfCost-0454: Processed 7970 samples out of 10000, 0 errors
00:15:28,63 INFO Experiment.PerfCost-0454: Processed 7980 samples out of 10000, 0 errors
00:15:38,406 INFO Experiment.PerfCost-0454: Processed 7990 samples out of 10000, 0 errors
00:15:48,752 INFO Experiment.PerfCost-0454: Processed 8000 samples out of 10000, 0 errors
00:15:59,127 INFO Experiment.PerfCost-0454: Processed 8010 samples out of 10000, 0 errors
00:16:09,458 INFO Experiment.PerfCost-0454: Processed 8020 samples out of 10000, 0 errors
00:16:19,825 INFO Experiment.PerfCost-0454: Processed 8030 samples out of 10000, 0 errors
00:16:30,164 INFO Experiment.PerfCost-0454: Processed 8040 samples out of 10000, 0 errors
00:16:40,518 INFO Experiment.PerfCost-0454: Processed 8050 samples out of 10000, 0 errors
00:16:50,870 INFO Experiment.PerfCost-0454: Processed 8060 samples out of 10000, 0 errors
00:17:01,203 INFO Experiment.PerfCost-0454: Processed 8070 samples out of 10000, 0 errors
00:17:11,515 INFO Experiment.PerfCost-0454: Processed 8080 samples out of 10000, 0 errors
00:17:21,862 INFO Experiment.PerfCost-0454: Processed 8090 samples out of 10000, 0 errors
00:17:32,221 INFO Experiment.PerfCost-0454: Processed 8100 samples out of 10000, 0 errors
00:17:42,592 INFO Experiment.PerfCost-0454: Processed 8110 samples out of 10000, 0 errors
00:17:52,968 INFO Experiment.PerfCost-0454: Processed 8120 samples out of 10000, 0 errors
00:18:03,327 INFO Experiment.PerfCost-0454: Processed 8130 samples out of 10000, 0 errors
00:18:13,704 INFO Experiment.PerfCost-0454: Processed 8140 samples out of 10000, 0 errors
00:18:24,68 INFO Experiment.PerfCost-0454: Processed 8150 samples out of 10000, 0 errors
00:18:34,441 INFO Experiment.PerfCost-0454: Processed 8160 samples out of 10000, 0 errors
00:18:44,804 INFO Experiment.PerfCost-0454: Processed 8170 samples out of 10000, 0 errors
00:18:55,182 INFO Experiment.PerfCost-0454: Processed 8180 samples out of 10000, 0 errors
00:19:05,572 INFO Experiment.PerfCost-0454: Processed 8190 samples out of 10000, 0 errors
00:19:15,912 INFO Experiment.PerfCost-0454: Processed 8200 samples out of 10000, 0 errors
00:19:26,287 INFO Experiment.PerfCost-0454: Processed 8210 samples out of 10000, 0 errors
00:19:36,659 INFO Experiment.PerfCost-0454: Processed 8220 samples out of 10000, 0 errors
00:19:47,20 INFO Experiment.PerfCost-0454: Processed 8230 samples out of 10000, 0 errors
00:19:57,399 INFO Experiment.PerfCost-0454: Processed 8240 samples out of 10000, 0 errors
00:20:07,794 INFO Experiment.PerfCost-0454: Processed 8250 samples out of 10000, 0 errors
00:20:18,165 INFO Experiment.PerfCost-0454: Processed 8260 samples out of 10000, 0 errors
00:20:28,541 INFO Experiment.PerfCost-0454: Processed 8270 samples out of 10000, 0 errors
00:20:38,904 INFO Experiment.PerfCost-0454: Processed 8280 samples out of 10000, 0 errors
00:20:49,271 INFO Experiment.PerfCost-0454: Processed 8290 samples out of 10000, 0 errors
00:20:59,658 INFO Experiment.PerfCost-0454: Processed 8300 samples out of 10000, 0 errors
00:21:10,17 INFO Experiment.PerfCost-0454: Processed 8310 samples out of 10000, 0 errors
00:21:20,355 INFO Experiment.PerfCost-0454: Processed 8320 samples out of 10000, 0 errors
00:21:30,688 INFO Experiment.PerfCost-0454: Processed 8330 samples out of 10000, 0 errors
00:21:41,45 INFO Experiment.PerfCost-0454: Processed 8340 samples out of 10000, 0 errors
00:21:51,427 INFO Experiment.PerfCost-0454: Processed 8350 samples out of 10000, 0 errors
00:22:01,792 INFO Experiment.PerfCost-0454: Processed 8360 samples out of 10000, 0 errors
00:22:12,172 INFO Experiment.PerfCost-0454: Processed 8370 samples out of 10000, 0 errors
00:22:22,543 INFO Experiment.PerfCost-0454: Processed 8380 samples out of 10000, 0 errors
00:22:32,907 INFO Experiment.PerfCost-0454: Processed 8390 samples out of 10000, 0 errors
00:22:43,284 INFO Experiment.PerfCost-0454: Processed 8400 samples out of 10000, 0 errors
00:22:53,641 INFO Experiment.PerfCost-0454: Processed 8410 samples out of 10000, 0 errors
00:23:03,997 INFO Experiment.PerfCost-0454: Processed 8420 samples out of 10000, 0 errors
00:23:14,350 INFO Experiment.PerfCost-0454: Processed 8430 samples out of 10000, 0 errors
00:23:24,713 INFO Experiment.PerfCost-0454: Processed 8440 samples out of 10000, 0 errors
00:23:35,77 INFO Experiment.PerfCost-0454: Processed 8450 samples out of 10000, 0 errors
00:23:45,436 INFO Experiment.PerfCost-0454: Processed 8460 samples out of 10000, 0 errors
00:23:55,826 INFO Experiment.PerfCost-0454: Processed 8470 samples out of 10000, 0 errors
00:24:06,152 INFO Experiment.PerfCost-0454: Processed 8480 samples out of 10000, 0 errors
00:24:16,520 INFO Experiment.PerfCost-0454: Processed 8490 samples out of 10000, 0 errors
00:24:26,875 INFO Experiment.PerfCost-0454: Processed 8500 samples out of 10000, 0 errors
00:24:37,218 INFO Experiment.PerfCost-0454: Processed 8510 samples out of 10000, 0 errors
00:24:47,559 INFO Experiment.PerfCost-0454: Processed 8520 samples out of 10000, 0 errors
00:24:57,912 INFO Experiment.PerfCost-0454: Processed 8530 samples out of 10000, 0 errors
00:25:08,257 INFO Experiment.PerfCost-0454: Processed 8540 samples out of 10000, 0 errors
00:25:18,622 INFO Experiment.PerfCost-0454: Processed 8550 samples out of 10000, 0 errors
00:25:28,975 INFO Experiment.PerfCost-0454: Processed 8560 samples out of 10000, 0 errors
00:25:39,346 INFO Experiment.PerfCost-0454: Processed 8570 samples out of 10000, 0 errors
00:25:49,695 INFO Experiment.PerfCost-0454: Processed 8580 samples out of 10000, 0 errors
00:26:00,97 INFO Experiment.PerfCost-0454: Processed 8590 samples out of 10000, 0 errors
00:26:10,471 INFO Experiment.PerfCost-0454: Processed 8600 samples out of 10000, 0 errors
00:26:20,832 INFO Experiment.PerfCost-0454: Processed 8610 samples out of 10000, 0 errors
00:26:31,187 INFO Experiment.PerfCost-0454: Processed 8620 samples out of 10000, 0 errors
00:26:41,596 INFO Experiment.PerfCost-0454: Processed 8630 samples out of 10000, 0 errors
00:26:51,984 INFO Experiment.PerfCost-0454: Processed 8640 samples out of 10000, 0 errors
00:27:02,331 INFO Experiment.PerfCost-0454: Processed 8650 samples out of 10000, 0 errors
00:27:12,696 INFO Experiment.PerfCost-0454: Processed 8660 samples out of 10000, 0 errors
00:27:23,54 INFO Experiment.PerfCost-0454: Processed 8670 samples out of 10000, 0 errors
00:27:33,434 INFO Experiment.PerfCost-0454: Processed 8680 samples out of 10000, 0 errors
00:27:43,802 INFO Experiment.PerfCost-0454: Processed 8690 samples out of 10000, 0 errors
00:27:54,170 INFO Experiment.PerfCost-0454: Processed 8700 samples out of 10000, 0 errors
00:28:04,544 INFO Experiment.PerfCost-0454: Processed 8710 samples out of 10000, 0 errors
00:28:14,885 INFO Experiment.PerfCost-0454: Processed 8720 samples out of 10000, 0 errors
00:28:25,247 INFO Experiment.PerfCost-0454: Processed 8730 samples out of 10000, 0 errors
00:28:35,612 INFO Experiment.PerfCost-0454: Processed 8740 samples out of 10000, 0 errors
00:28:45,944 INFO Experiment.PerfCost-0454: Processed 8750 samples out of 10000, 0 errors
00:28:56,337 INFO Experiment.PerfCost-0454: Processed 8760 samples out of 10000, 0 errors
00:29:06,709 INFO Experiment.PerfCost-0454: Processed 8770 samples out of 10000, 0 errors
00:29:17,52 INFO Experiment.PerfCost-0454: Processed 8780 samples out of 10000, 0 errors
00:29:27,400 INFO Experiment.PerfCost-0454: Processed 8790 samples out of 10000, 0 errors
00:29:37,781 INFO Experiment.PerfCost-0454: Processed 8800 samples out of 10000, 0 errors
00:29:48,131 INFO Experiment.PerfCost-0454: Processed 8810 samples out of 10000, 0 errors
00:29:58,466 INFO Experiment.PerfCost-0454: Processed 8820 samples out of 10000, 0 errors
00:30:08,817 INFO Experiment.PerfCost-0454: Processed 8830 samples out of 10000, 0 errors
00:30:19,177 INFO Experiment.PerfCost-0454: Processed 8840 samples out of 10000, 0 errors
00:30:29,535 INFO Experiment.PerfCost-0454: Processed 8850 samples out of 10000, 0 errors
00:30:39,891 INFO Experiment.PerfCost-0454: Processed 8860 samples out of 10000, 0 errors
00:30:50,255 INFO Experiment.PerfCost-0454: Processed 8870 samples out of 10000, 0 errors
00:31:00,639 INFO Experiment.PerfCost-0454: Processed 8880 samples out of 10000, 0 errors
00:31:10,980 INFO Experiment.PerfCost-0454: Processed 8890 samples out of 10000, 0 errors
00:31:21,321 INFO Experiment.PerfCost-0454: Processed 8900 samples out of 10000, 0 errors
00:31:31,686 INFO Experiment.PerfCost-0454: Processed 8910 samples out of 10000, 0 errors
00:31:42,63 INFO Experiment.PerfCost-0454: Processed 8920 samples out of 10000, 0 errors
00:31:52,461 INFO Experiment.PerfCost-0454: Processed 8930 samples out of 10000, 0 errors
00:32:02,797 INFO Experiment.PerfCost-0454: Processed 8940 samples out of 10000, 0 errors
00:32:13,169 INFO Experiment.PerfCost-0454: Processed 8950 samples out of 10000, 0 errors
00:32:23,528 INFO Experiment.PerfCost-0454: Processed 8960 samples out of 10000, 0 errors
00:32:33,895 INFO Experiment.PerfCost-0454: Processed 8970 samples out of 10000, 0 errors
00:32:44,227 INFO Experiment.PerfCost-0454: Processed 8980 samples out of 10000, 0 errors
00:32:54,587 INFO Experiment.PerfCost-0454: Processed 8990 samples out of 10000, 0 errors
00:33:05,14 INFO Experiment.PerfCost-0454: Processed 9000 samples out of 10000, 0 errors
00:33:15,361 INFO Experiment.PerfCost-0454: Processed 9010 samples out of 10000, 0 errors
00:33:25,680 INFO Experiment.PerfCost-0454: Processed 9020 samples out of 10000, 0 errors
00:33:36,36 INFO Experiment.PerfCost-0454: Processed 9030 samples out of 10000, 0 errors
00:33:46,412 INFO Experiment.PerfCost-0454: Processed 9040 samples out of 10000, 0 errors
00:33:56,832 INFO Experiment.PerfCost-0454: Processed 9050 samples out of 10000, 0 errors
00:34:07,180 INFO Experiment.PerfCost-0454: Processed 9060 samples out of 10000, 0 errors
00:34:17,548 INFO Experiment.PerfCost-0454: Processed 9070 samples out of 10000, 0 errors
00:34:27,893 INFO Experiment.PerfCost-0454: Processed 9080 samples out of 10000, 0 errors
00:34:38,246 INFO Experiment.PerfCost-0454: Processed 9090 samples out of 10000, 0 errors
00:34:48,643 INFO Experiment.PerfCost-0454: Processed 9100 samples out of 10000, 0 errors
00:34:59,19 INFO Experiment.PerfCost-0454: Processed 9110 samples out of 10000, 0 errors
00:35:09,366 INFO Experiment.PerfCost-0454: Processed 9120 samples out of 10000, 0 errors
00:35:19,768 INFO Experiment.PerfCost-0454: Processed 9130 samples out of 10000, 0 errors
00:35:30,120 INFO Experiment.PerfCost-0454: Processed 9140 samples out of 10000, 0 errors
00:35:40,487 INFO Experiment.PerfCost-0454: Processed 9150 samples out of 10000, 0 errors
00:35:50,819 INFO Experiment.PerfCost-0454: Processed 9160 samples out of 10000, 0 errors
00:36:01,184 INFO Experiment.PerfCost-0454: Processed 9170 samples out of 10000, 0 errors
00:36:11,544 INFO Experiment.PerfCost-0454: Processed 9180 samples out of 10000, 0 errors
00:36:21,919 INFO Experiment.PerfCost-0454: Processed 9190 samples out of 10000, 0 errors
00:36:32,308 INFO Experiment.PerfCost-0454: Processed 9200 samples out of 10000, 0 errors
00:36:42,667 INFO Experiment.PerfCost-0454: Processed 9210 samples out of 10000, 0 errors
00:36:53,54 INFO Experiment.PerfCost-0454: Processed 9220 samples out of 10000, 0 errors
00:37:03,435 INFO Experiment.PerfCost-0454: Processed 9230 samples out of 10000, 0 errors
00:37:13,835 INFO Experiment.PerfCost-0454: Processed 9240 samples out of 10000, 0 errors
00:37:24,156 INFO Experiment.PerfCost-0454: Processed 9250 samples out of 10000, 0 errors
00:37:34,517 INFO Experiment.PerfCost-0454: Processed 9260 samples out of 10000, 0 errors
00:37:44,905 INFO Experiment.PerfCost-0454: Processed 9270 samples out of 10000, 0 errors
00:37:55,274 INFO Experiment.PerfCost-0454: Processed 9280 samples out of 10000, 0 errors
00:38:05,661 INFO Experiment.PerfCost-0454: Processed 9290 samples out of 10000, 0 errors
00:38:16,6 INFO Experiment.PerfCost-0454: Processed 9300 samples out of 10000, 0 errors
00:38:26,373 INFO Experiment.PerfCost-0454: Processed 9310 samples out of 10000, 0 errors
00:38:36,725 INFO Experiment.PerfCost-0454: Processed 9320 samples out of 10000, 0 errors
00:38:47,102 INFO Experiment.PerfCost-0454: Processed 9330 samples out of 10000, 0 errors
00:38:57,477 INFO Experiment.PerfCost-0454: Processed 9340 samples out of 10000, 0 errors
00:39:07,858 INFO Experiment.PerfCost-0454: Processed 9350 samples out of 10000, 0 errors
00:39:18,210 INFO Experiment.PerfCost-0454: Processed 9360 samples out of 10000, 0 errors
00:39:28,547 INFO Experiment.PerfCost-0454: Processed 9370 samples out of 10000, 0 errors
00:39:38,944 INFO Experiment.PerfCost-0454: Processed 9380 samples out of 10000, 0 errors
00:39:49,282 INFO Experiment.PerfCost-0454: Processed 9390 samples out of 10000, 0 errors
00:39:59,655 INFO Experiment.PerfCost-0454: Processed 9400 samples out of 10000, 0 errors
00:40:10,37 INFO Experiment.PerfCost-0454: Processed 9410 samples out of 10000, 0 errors
00:40:20,381 INFO Experiment.PerfCost-0454: Processed 9420 samples out of 10000, 0 errors
00:40:30,727 INFO Experiment.PerfCost-0454: Processed 9430 samples out of 10000, 0 errors
00:40:41,94 INFO Experiment.PerfCost-0454: Processed 9440 samples out of 10000, 0 errors
00:40:51,470 INFO Experiment.PerfCost-0454: Processed 9450 samples out of 10000, 0 errors
00:41:01,877 INFO Experiment.PerfCost-0454: Processed 9460 samples out of 10000, 0 errors
00:41:12,229 INFO Experiment.PerfCost-0454: Processed 9470 samples out of 10000, 0 errors
00:41:22,583 INFO Experiment.PerfCost-0454: Processed 9480 samples out of 10000, 0 errors
00:41:32,967 INFO Experiment.PerfCost-0454: Processed 9490 samples out of 10000, 0 errors
00:41:43,319 INFO Experiment.PerfCost-0454: Processed 9500 samples out of 10000, 0 errors
00:41:53,683 INFO Experiment.PerfCost-0454: Processed 9510 samples out of 10000, 0 errors
00:42:04,45 INFO Experiment.PerfCost-0454: Processed 9520 samples out of 10000, 0 errors
00:42:14,404 INFO Experiment.PerfCost-0454: Processed 9530 samples out of 10000, 0 errors
00:42:24,777 INFO Experiment.PerfCost-0454: Processed 9540 samples out of 10000, 0 errors
00:42:35,123 INFO Experiment.PerfCost-0454: Processed 9550 samples out of 10000, 0 errors
00:42:45,507 INFO Experiment.PerfCost-0454: Processed 9560 samples out of 10000, 0 errors
00:42:55,875 INFO Experiment.PerfCost-0454: Processed 9570 samples out of 10000, 0 errors
00:43:06,244 INFO Experiment.PerfCost-0454: Processed 9580 samples out of 10000, 0 errors
00:43:16,613 INFO Experiment.PerfCost-0454: Processed 9590 samples out of 10000, 0 errors
00:43:26,980 INFO Experiment.PerfCost-0454: Processed 9600 samples out of 10000, 0 errors
00:43:37,330 INFO Experiment.PerfCost-0454: Processed 9610 samples out of 10000, 0 errors
00:43:47,712 INFO Experiment.PerfCost-0454: Processed 9620 samples out of 10000, 0 errors
00:43:58,108 INFO Experiment.PerfCost-0454: Processed 9630 samples out of 10000, 0 errors
00:44:08,469 INFO Experiment.PerfCost-0454: Processed 9640 samples out of 10000, 0 errors
00:44:18,863 INFO Experiment.PerfCost-0454: Processed 9650 samples out of 10000, 0 errors
00:44:29,255 INFO Experiment.PerfCost-0454: Processed 9660 samples out of 10000, 0 errors
00:44:39,611 INFO Experiment.PerfCost-0454: Processed 9670 samples out of 10000, 0 errors
00:44:49,966 INFO Experiment.PerfCost-0454: Processed 9680 samples out of 10000, 0 errors
00:45:00,313 INFO Experiment.PerfCost-0454: Processed 9690 samples out of 10000, 0 errors
00:45:10,659 INFO Experiment.PerfCost-0454: Processed 9700 samples out of 10000, 0 errors
00:45:21,12 INFO Experiment.PerfCost-0454: Processed 9710 samples out of 10000, 0 errors
00:45:31,373 INFO Experiment.PerfCost-0454: Processed 9720 samples out of 10000, 0 errors
00:45:41,727 INFO Experiment.PerfCost-0454: Processed 9730 samples out of 10000, 0 errors
00:45:52,93 INFO Experiment.PerfCost-0454: Processed 9740 samples out of 10000, 0 errors
00:46:02,430 INFO Experiment.PerfCost-0454: Processed 9750 samples out of 10000, 0 errors
00:46:12,784 INFO Experiment.PerfCost-0454: Processed 9760 samples out of 10000, 0 errors
00:46:23,124 INFO Experiment.PerfCost-0454: Processed 9770 samples out of 10000, 0 errors
00:46:33,466 INFO Experiment.PerfCost-0454: Processed 9780 samples out of 10000, 0 errors
00:46:43,818 INFO Experiment.PerfCost-0454: Processed 9790 samples out of 10000, 0 errors
00:46:54,161 INFO Experiment.PerfCost-0454: Processed 9800 samples out of 10000, 0 errors
00:47:04,509 INFO Experiment.PerfCost-0454: Processed 9810 samples out of 10000, 0 errors
00:47:14,862 INFO Experiment.PerfCost-0454: Processed 9820 samples out of 10000, 0 errors
00:47:25,227 INFO Experiment.PerfCost-0454: Processed 9830 samples out of 10000, 0 errors
00:47:35,591 INFO Experiment.PerfCost-0454: Processed 9840 samples out of 10000, 0 errors
00:47:45,941 INFO Experiment.PerfCost-0454: Processed 9850 samples out of 10000, 0 errors
00:47:56,297 INFO Experiment.PerfCost-0454: Processed 9860 samples out of 10000, 0 errors
00:48:06,681 INFO Experiment.PerfCost-0454: Processed 9870 samples out of 10000, 0 errors
00:48:17,50 INFO Experiment.PerfCost-0454: Processed 9880 samples out of 10000, 0 errors
00:48:27,399 INFO Experiment.PerfCost-0454: Processed 9890 samples out of 10000, 0 errors
00:48:37,760 INFO Experiment.PerfCost-0454: Processed 9900 samples out of 10000, 0 errors
00:48:48,129 INFO Experiment.PerfCost-0454: Processed 9910 samples out of 10000, 0 errors
00:48:58,495 INFO Experiment.PerfCost-0454: Processed 9920 samples out of 10000, 0 errors
00:49:08,843 INFO Experiment.PerfCost-0454: Processed 9930 samples out of 10000, 0 errors
00:49:19,170 INFO Experiment.PerfCost-0454: Processed 9940 samples out of 10000, 0 errors
00:49:29,515 INFO Experiment.PerfCost-0454: Processed 9950 samples out of 10000, 0 errors
00:49:39,890 INFO Experiment.PerfCost-0454: Processed 9960 samples out of 10000, 0 errors
00:49:50,243 INFO Experiment.PerfCost-0454: Processed 9970 samples out of 10000, 0 errors
00:50:00,629 INFO Experiment.PerfCost-0454: Processed 9980 samples out of 10000, 0 errors
00:50:10,967 INFO Experiment.PerfCost-0454: Processed 9990 samples out of 10000, 0 errors
00:50:21,331 INFO Experiment.PerfCost-0454: Processed 10000 samples out of 10000, 0 errors
00:50:26,346 INFO Experiment.PerfCost-0454: Mean 237.5779233 [ms], median 204.603 [ms], std 67.36566987543891, CV 28.35518929525002
00:50:26,352 INFO Experiment.PerfCost-0454: Parametric CI (Student's t-distribution) 0.95 from 236.25735455776675 to 238.89849204223327, within 0.5558465718911615% of mean
00:50:26,355 INFO Experiment.PerfCost-0454: Non-parametric CI 0.95 from 204.094 to 205.25, within 0.2824983015889322% of median
00:50:26,358 INFO Experiment.PerfCost-0454: Parametric CI (Student's t-distribution) 0.99 from 235.84228055132687 to 239.31356604867315, within 0.7305572523594591% of mean
00:50:26,361 INFO Experiment.PerfCost-0454: Non-parametric CI 0.99 from 203.905 to 205.459, within 0.37975982756851123% of median
