08:49:43,838 INFO SeBS-250d: Created experiment output at /home/anou/msc-thesis/task-based-experiment/experiment-results/python/non-instrumented/310.compression
08:49:44,161 INFO OpenWhisk.Resources-688c: Using user-provided configuration of storage for OpenWhisk.
08:49:44,161 INFO OpenWhisk-9b91: Using existing resource name: fd5e1ae0.
08:49:44,271 INFO Benchmark-d0bb: Using cached benchmark 310.compression at /home/anou/msc-thesis/task-based-experiment/cache/310.compression/openwhisk/python/3.7/310.compression.zip
08:49:44,271 INFO OpenWhisk-9b91: Using cached function 310.compression-python-3.7 in /home/anou/msc-thesis/task-based-experiment/cache/310.compression/openwhisk/python/3.7/310.compression.zip
08:49:44,290 INFO OpenWhisk-9b91: Cached function 310.compression-python-3.7 is up to date.
08:49:44,755 INFO Experiment.PerfCost-8164: Begin experiment on memory size 256
08:49:44,756 INFO OpenWhisk-9b91: Update an existing OpenWhisk action 310.compression-python-3.7.
08:49:45,16 INFO Experiment.PerfCost-8164: Begin warm experiments
08:49:55,236 INFO Experiment.PerfCost-8164: Processed 0 warm-up samples, ignoring these results.
08:50:07,991 INFO Experiment.PerfCost-8164: Processed 10 samples out of 10000, 0 errors
08:50:20,690 INFO Experiment.PerfCost-8164: Processed 20 samples out of 10000, 0 errors
08:50:33,479 INFO Experiment.PerfCost-8164: Processed 30 samples out of 10000, 0 errors
08:50:46,245 INFO Experiment.PerfCost-8164: Processed 40 samples out of 10000, 0 errors
08:50:59,17 INFO Experiment.PerfCost-8164: Processed 50 samples out of 10000, 0 errors
08:51:11,761 INFO Experiment.PerfCost-8164: Processed 60 samples out of 10000, 0 errors
08:51:24,557 INFO Experiment.PerfCost-8164: Processed 70 samples out of 10000, 0 errors
08:51:37,367 INFO Experiment.PerfCost-8164: Processed 80 samples out of 10000, 0 errors
08:51:50,110 INFO Experiment.PerfCost-8164: Processed 90 samples out of 10000, 0 errors
08:52:02,939 INFO Experiment.PerfCost-8164: Processed 100 samples out of 10000, 0 errors
08:52:15,773 INFO Experiment.PerfCost-8164: Processed 110 samples out of 10000, 0 errors
08:52:28,514 INFO Experiment.PerfCost-8164: Processed 120 samples out of 10000, 0 errors
08:52:41,323 INFO Experiment.PerfCost-8164: Processed 130 samples out of 10000, 0 errors
08:52:54,44 INFO Experiment.PerfCost-8164: Processed 140 samples out of 10000, 0 errors
08:53:06,816 INFO Experiment.PerfCost-8164: Processed 150 samples out of 10000, 0 errors
08:53:19,594 INFO Experiment.PerfCost-8164: Processed 160 samples out of 10000, 0 errors
08:53:32,415 INFO Experiment.PerfCost-8164: Processed 170 samples out of 10000, 0 errors
08:53:45,220 INFO Experiment.PerfCost-8164: Processed 180 samples out of 10000, 0 errors
08:53:58,64 INFO Experiment.PerfCost-8164: Processed 190 samples out of 10000, 0 errors
08:54:10,793 INFO Experiment.PerfCost-8164: Processed 200 samples out of 10000, 0 errors
08:54:23,585 INFO Experiment.PerfCost-8164: Processed 210 samples out of 10000, 0 errors
08:54:36,326 INFO Experiment.PerfCost-8164: Processed 220 samples out of 10000, 0 errors
08:54:49,120 INFO Experiment.PerfCost-8164: Processed 230 samples out of 10000, 0 errors
08:55:01,951 INFO Experiment.PerfCost-8164: Processed 240 samples out of 10000, 0 errors
08:55:14,765 INFO Experiment.PerfCost-8164: Processed 250 samples out of 10000, 0 errors
08:55:27,543 INFO Experiment.PerfCost-8164: Processed 260 samples out of 10000, 0 errors
08:55:40,373 INFO Experiment.PerfCost-8164: Processed 270 samples out of 10000, 0 errors
08:55:53,147 INFO Experiment.PerfCost-8164: Processed 280 samples out of 10000, 0 errors
08:56:05,937 INFO Experiment.PerfCost-8164: Processed 290 samples out of 10000, 0 errors
08:56:18,759 INFO Experiment.PerfCost-8164: Processed 300 samples out of 10000, 0 errors
08:56:31,569 INFO Experiment.PerfCost-8164: Processed 310 samples out of 10000, 0 errors
08:56:44,386 INFO Experiment.PerfCost-8164: Processed 320 samples out of 10000, 0 errors
08:56:57,191 INFO Experiment.PerfCost-8164: Processed 330 samples out of 10000, 0 errors
08:57:10,19 INFO Experiment.PerfCost-8164: Processed 340 samples out of 10000, 0 errors
08:57:22,752 INFO Experiment.PerfCost-8164: Processed 350 samples out of 10000, 0 errors
08:57:35,482 INFO Experiment.PerfCost-8164: Processed 360 samples out of 10000, 0 errors
08:57:48,285 INFO Experiment.PerfCost-8164: Processed 370 samples out of 10000, 0 errors
08:58:01,37 INFO Experiment.PerfCost-8164: Processed 380 samples out of 10000, 0 errors
08:58:13,730 INFO Experiment.PerfCost-8164: Processed 390 samples out of 10000, 0 errors
08:58:26,515 INFO Experiment.PerfCost-8164: Processed 400 samples out of 10000, 0 errors
08:58:39,326 INFO Experiment.PerfCost-8164: Processed 410 samples out of 10000, 0 errors
08:58:52,205 INFO Experiment.PerfCost-8164: Processed 420 samples out of 10000, 0 errors
08:59:05,71 INFO Experiment.PerfCost-8164: Processed 430 samples out of 10000, 0 errors
08:59:17,897 INFO Experiment.PerfCost-8164: Processed 440 samples out of 10000, 0 errors
08:59:30,577 INFO Experiment.PerfCost-8164: Processed 450 samples out of 10000, 0 errors
08:59:43,375 INFO Experiment.PerfCost-8164: Processed 460 samples out of 10000, 0 errors
08:59:56,130 INFO Experiment.PerfCost-8164: Processed 470 samples out of 10000, 0 errors
09:00:08,960 INFO Experiment.PerfCost-8164: Processed 480 samples out of 10000, 0 errors
09:00:21,795 INFO Experiment.PerfCost-8164: Processed 490 samples out of 10000, 0 errors
09:00:34,586 INFO Experiment.PerfCost-8164: Processed 500 samples out of 10000, 0 errors
09:00:47,359 INFO Experiment.PerfCost-8164: Processed 510 samples out of 10000, 0 errors
09:01:00,148 INFO Experiment.PerfCost-8164: Processed 520 samples out of 10000, 0 errors
09:01:12,958 INFO Experiment.PerfCost-8164: Processed 530 samples out of 10000, 0 errors
09:01:25,711 INFO Experiment.PerfCost-8164: Processed 540 samples out of 10000, 0 errors
09:01:38,472 INFO Experiment.PerfCost-8164: Processed 550 samples out of 10000, 0 errors
09:01:51,301 INFO Experiment.PerfCost-8164: Processed 560 samples out of 10000, 0 errors
09:02:04,157 INFO Experiment.PerfCost-8164: Processed 570 samples out of 10000, 0 errors
09:02:16,967 INFO Experiment.PerfCost-8164: Processed 580 samples out of 10000, 0 errors
09:02:29,669 INFO Experiment.PerfCost-8164: Processed 590 samples out of 10000, 0 errors
09:02:42,475 INFO Experiment.PerfCost-8164: Processed 600 samples out of 10000, 0 errors
09:02:55,281 INFO Experiment.PerfCost-8164: Processed 610 samples out of 10000, 0 errors
09:03:08,238 INFO Experiment.PerfCost-8164: Processed 620 samples out of 10000, 0 errors
09:03:21,26 INFO Experiment.PerfCost-8164: Processed 630 samples out of 10000, 0 errors
09:03:33,878 INFO Experiment.PerfCost-8164: Processed 640 samples out of 10000, 0 errors
09:03:46,653 INFO Experiment.PerfCost-8164: Processed 650 samples out of 10000, 0 errors
09:03:59,297 INFO Experiment.PerfCost-8164: Processed 660 samples out of 10000, 0 errors
09:04:12,81 INFO Experiment.PerfCost-8164: Processed 670 samples out of 10000, 0 errors
09:04:24,955 INFO Experiment.PerfCost-8164: Processed 680 samples out of 10000, 0 errors
09:04:37,794 INFO Experiment.PerfCost-8164: Processed 690 samples out of 10000, 0 errors
09:04:50,557 INFO Experiment.PerfCost-8164: Processed 700 samples out of 10000, 0 errors
09:05:03,390 INFO Experiment.PerfCost-8164: Processed 710 samples out of 10000, 0 errors
09:05:16,182 INFO Experiment.PerfCost-8164: Processed 720 samples out of 10000, 0 errors
09:05:29,47 INFO Experiment.PerfCost-8164: Processed 730 samples out of 10000, 0 errors
09:05:41,850 INFO Experiment.PerfCost-8164: Processed 740 samples out of 10000, 0 errors
09:05:54,700 INFO Experiment.PerfCost-8164: Processed 750 samples out of 10000, 0 errors
09:06:07,463 INFO Experiment.PerfCost-8164: Processed 760 samples out of 10000, 0 errors
09:06:20,310 INFO Experiment.PerfCost-8164: Processed 770 samples out of 10000, 0 errors
09:06:33,36 INFO Experiment.PerfCost-8164: Processed 780 samples out of 10000, 0 errors
09:06:45,877 INFO Experiment.PerfCost-8164: Processed 790 samples out of 10000, 0 errors
09:06:58,676 INFO Experiment.PerfCost-8164: Processed 800 samples out of 10000, 0 errors
09:07:11,350 INFO Experiment.PerfCost-8164: Processed 810 samples out of 10000, 0 errors
09:07:24,139 INFO Experiment.PerfCost-8164: Processed 820 samples out of 10000, 0 errors
09:07:36,924 INFO Experiment.PerfCost-8164: Processed 830 samples out of 10000, 0 errors
09:07:49,808 INFO Experiment.PerfCost-8164: Processed 840 samples out of 10000, 0 errors
09:08:02,601 INFO Experiment.PerfCost-8164: Processed 850 samples out of 10000, 0 errors
09:08:15,359 INFO Experiment.PerfCost-8164: Processed 860 samples out of 10000, 0 errors
09:08:28,66 INFO Experiment.PerfCost-8164: Processed 870 samples out of 10000, 0 errors
09:08:40,821 INFO Experiment.PerfCost-8164: Processed 880 samples out of 10000, 0 errors
09:08:53,577 INFO Experiment.PerfCost-8164: Processed 890 samples out of 10000, 0 errors
09:09:06,376 INFO Experiment.PerfCost-8164: Processed 900 samples out of 10000, 0 errors
09:09:19,136 INFO Experiment.PerfCost-8164: Processed 910 samples out of 10000, 0 errors
09:09:31,870 INFO Experiment.PerfCost-8164: Processed 920 samples out of 10000, 0 errors
09:09:44,639 INFO Experiment.PerfCost-8164: Processed 930 samples out of 10000, 0 errors
09:09:57,533 INFO Experiment.PerfCost-8164: Processed 940 samples out of 10000, 0 errors
09:10:10,317 INFO Experiment.PerfCost-8164: Processed 950 samples out of 10000, 0 errors
09:10:23,71 INFO Experiment.PerfCost-8164: Processed 960 samples out of 10000, 0 errors
09:10:35,904 INFO Experiment.PerfCost-8164: Processed 970 samples out of 10000, 0 errors
09:10:48,723 INFO Experiment.PerfCost-8164: Processed 980 samples out of 10000, 0 errors
09:11:01,452 INFO Experiment.PerfCost-8164: Processed 990 samples out of 10000, 0 errors
09:11:14,244 INFO Experiment.PerfCost-8164: Processed 1000 samples out of 10000, 0 errors
09:11:27,16 INFO Experiment.PerfCost-8164: Processed 1010 samples out of 10000, 0 errors
09:11:39,811 INFO Experiment.PerfCost-8164: Processed 1020 samples out of 10000, 0 errors
09:11:52,625 INFO Experiment.PerfCost-8164: Processed 1030 samples out of 10000, 0 errors
09:12:05,426 INFO Experiment.PerfCost-8164: Processed 1040 samples out of 10000, 0 errors
09:12:18,233 INFO Experiment.PerfCost-8164: Processed 1050 samples out of 10000, 0 errors
09:12:31,54 INFO Experiment.PerfCost-8164: Processed 1060 samples out of 10000, 0 errors
09:12:43,857 INFO Experiment.PerfCost-8164: Processed 1070 samples out of 10000, 0 errors
09:12:56,768 INFO Experiment.PerfCost-8164: Processed 1080 samples out of 10000, 0 errors
09:13:09,523 INFO Experiment.PerfCost-8164: Processed 1090 samples out of 10000, 0 errors
09:13:22,300 INFO Experiment.PerfCost-8164: Processed 1100 samples out of 10000, 0 errors
09:13:35,121 INFO Experiment.PerfCost-8164: Processed 1110 samples out of 10000, 0 errors
09:13:47,957 INFO Experiment.PerfCost-8164: Processed 1120 samples out of 10000, 0 errors
09:14:00,863 INFO Experiment.PerfCost-8164: Processed 1130 samples out of 10000, 0 errors
09:14:13,675 INFO Experiment.PerfCost-8164: Processed 1140 samples out of 10000, 0 errors
09:14:26,435 INFO Experiment.PerfCost-8164: Processed 1150 samples out of 10000, 0 errors
09:14:39,246 INFO Experiment.PerfCost-8164: Processed 1160 samples out of 10000, 0 errors
09:14:52,12 INFO Experiment.PerfCost-8164: Processed 1170 samples out of 10000, 0 errors
09:15:04,826 INFO Experiment.PerfCost-8164: Processed 1180 samples out of 10000, 0 errors
09:15:17,615 INFO Experiment.PerfCost-8164: Processed 1190 samples out of 10000, 0 errors
09:15:30,453 INFO Experiment.PerfCost-8164: Processed 1200 samples out of 10000, 0 errors
09:15:43,238 INFO Experiment.PerfCost-8164: Processed 1210 samples out of 10000, 0 errors
09:15:56,24 INFO Experiment.PerfCost-8164: Processed 1220 samples out of 10000, 0 errors
09:16:08,781 INFO Experiment.PerfCost-8164: Processed 1230 samples out of 10000, 0 errors
09:16:21,673 INFO Experiment.PerfCost-8164: Processed 1240 samples out of 10000, 0 errors
09:16:34,397 INFO Experiment.PerfCost-8164: Processed 1250 samples out of 10000, 0 errors
09:16:47,200 INFO Experiment.PerfCost-8164: Processed 1260 samples out of 10000, 0 errors
09:16:59,989 INFO Experiment.PerfCost-8164: Processed 1270 samples out of 10000, 0 errors
09:17:12,903 INFO Experiment.PerfCost-8164: Processed 1280 samples out of 10000, 0 errors
09:17:25,671 INFO Experiment.PerfCost-8164: Processed 1290 samples out of 10000, 0 errors
09:17:38,455 INFO Experiment.PerfCost-8164: Processed 1300 samples out of 10000, 0 errors
09:17:51,286 INFO Experiment.PerfCost-8164: Processed 1310 samples out of 10000, 0 errors
09:18:04,126 INFO Experiment.PerfCost-8164: Processed 1320 samples out of 10000, 0 errors
09:18:16,881 INFO Experiment.PerfCost-8164: Processed 1330 samples out of 10000, 0 errors
09:18:29,658 INFO Experiment.PerfCost-8164: Processed 1340 samples out of 10000, 0 errors
09:18:42,434 INFO Experiment.PerfCost-8164: Processed 1350 samples out of 10000, 0 errors
09:18:55,210 INFO Experiment.PerfCost-8164: Processed 1360 samples out of 10000, 0 errors
09:19:08,100 INFO Experiment.PerfCost-8164: Processed 1370 samples out of 10000, 0 errors
09:19:20,886 INFO Experiment.PerfCost-8164: Processed 1380 samples out of 10000, 0 errors
09:19:33,707 INFO Experiment.PerfCost-8164: Processed 1390 samples out of 10000, 0 errors
09:19:46,507 INFO Experiment.PerfCost-8164: Processed 1400 samples out of 10000, 0 errors
09:19:59,261 INFO Experiment.PerfCost-8164: Processed 1410 samples out of 10000, 0 errors
09:20:12,41 INFO Experiment.PerfCost-8164: Processed 1420 samples out of 10000, 0 errors
09:20:24,936 INFO Experiment.PerfCost-8164: Processed 1430 samples out of 10000, 0 errors
09:20:37,728 INFO Experiment.PerfCost-8164: Processed 1440 samples out of 10000, 0 errors
09:20:50,418 INFO Experiment.PerfCost-8164: Processed 1450 samples out of 10000, 0 errors
09:21:03,188 INFO Experiment.PerfCost-8164: Processed 1460 samples out of 10000, 0 errors
09:21:15,981 INFO Experiment.PerfCost-8164: Processed 1470 samples out of 10000, 0 errors
09:21:28,850 INFO Experiment.PerfCost-8164: Processed 1480 samples out of 10000, 0 errors
09:21:41,628 INFO Experiment.PerfCost-8164: Processed 1490 samples out of 10000, 0 errors
09:21:54,395 INFO Experiment.PerfCost-8164: Processed 1500 samples out of 10000, 0 errors
09:22:07,194 INFO Experiment.PerfCost-8164: Processed 1510 samples out of 10000, 0 errors
09:22:20,20 INFO Experiment.PerfCost-8164: Processed 1520 samples out of 10000, 0 errors
09:22:32,884 INFO Experiment.PerfCost-8164: Processed 1530 samples out of 10000, 0 errors
09:22:45,691 INFO Experiment.PerfCost-8164: Processed 1540 samples out of 10000, 0 errors
09:22:58,510 INFO Experiment.PerfCost-8164: Processed 1550 samples out of 10000, 0 errors
09:23:11,467 INFO Experiment.PerfCost-8164: Processed 1560 samples out of 10000, 0 errors
09:23:24,250 INFO Experiment.PerfCost-8164: Processed 1570 samples out of 10000, 0 errors
09:23:37,120 INFO Experiment.PerfCost-8164: Processed 1580 samples out of 10000, 0 errors
09:23:49,897 INFO Experiment.PerfCost-8164: Processed 1590 samples out of 10000, 0 errors
09:24:02,709 INFO Experiment.PerfCost-8164: Processed 1600 samples out of 10000, 0 errors
09:24:15,603 INFO Experiment.PerfCost-8164: Processed 1610 samples out of 10000, 0 errors
09:24:28,395 INFO Experiment.PerfCost-8164: Processed 1620 samples out of 10000, 0 errors
09:24:41,460 INFO Experiment.PerfCost-8164: Processed 1630 samples out of 10000, 0 errors
09:24:54,259 INFO Experiment.PerfCost-8164: Processed 1640 samples out of 10000, 0 errors
09:25:07,83 INFO Experiment.PerfCost-8164: Processed 1650 samples out of 10000, 0 errors
09:25:19,952 INFO Experiment.PerfCost-8164: Processed 1660 samples out of 10000, 0 errors
09:25:32,781 INFO Experiment.PerfCost-8164: Processed 1670 samples out of 10000, 0 errors
09:25:45,659 INFO Experiment.PerfCost-8164: Processed 1680 samples out of 10000, 0 errors
09:25:58,682 INFO Experiment.PerfCost-8164: Processed 1690 samples out of 10000, 0 errors
09:26:11,502 INFO Experiment.PerfCost-8164: Processed 1700 samples out of 10000, 0 errors
09:26:24,298 INFO Experiment.PerfCost-8164: Processed 1710 samples out of 10000, 0 errors
09:26:37,63 INFO Experiment.PerfCost-8164: Processed 1720 samples out of 10000, 0 errors
09:26:49,898 INFO Experiment.PerfCost-8164: Processed 1730 samples out of 10000, 0 errors
09:27:02,628 INFO Experiment.PerfCost-8164: Processed 1740 samples out of 10000, 0 errors
09:27:15,375 INFO Experiment.PerfCost-8164: Processed 1750 samples out of 10000, 0 errors
09:27:28,157 INFO Experiment.PerfCost-8164: Processed 1760 samples out of 10000, 0 errors
09:27:40,882 INFO Experiment.PerfCost-8164: Processed 1770 samples out of 10000, 0 errors
09:27:53,629 INFO Experiment.PerfCost-8164: Processed 1780 samples out of 10000, 0 errors
09:28:06,483 INFO Experiment.PerfCost-8164: Processed 1790 samples out of 10000, 0 errors
09:28:19,366 INFO Experiment.PerfCost-8164: Processed 1800 samples out of 10000, 0 errors
09:28:32,163 INFO Experiment.PerfCost-8164: Processed 1810 samples out of 10000, 0 errors
09:28:44,955 INFO Experiment.PerfCost-8164: Processed 1820 samples out of 10000, 0 errors
09:28:57,773 INFO Experiment.PerfCost-8164: Processed 1830 samples out of 10000, 0 errors
09:29:10,608 INFO Experiment.PerfCost-8164: Processed 1840 samples out of 10000, 0 errors
09:29:23,401 INFO Experiment.PerfCost-8164: Processed 1850 samples out of 10000, 0 errors
09:29:36,188 INFO Experiment.PerfCost-8164: Processed 1860 samples out of 10000, 0 errors
09:29:49,107 INFO Experiment.PerfCost-8164: Processed 1870 samples out of 10000, 0 errors
09:30:01,909 INFO Experiment.PerfCost-8164: Processed 1880 samples out of 10000, 0 errors
09:30:14,738 INFO Experiment.PerfCost-8164: Processed 1890 samples out of 10000, 0 errors
09:30:27,542 INFO Experiment.PerfCost-8164: Processed 1900 samples out of 10000, 0 errors
09:30:40,429 INFO Experiment.PerfCost-8164: Processed 1910 samples out of 10000, 0 errors
09:30:53,296 INFO Experiment.PerfCost-8164: Processed 1920 samples out of 10000, 0 errors
09:31:06,96 INFO Experiment.PerfCost-8164: Processed 1930 samples out of 10000, 0 errors
09:31:18,919 INFO Experiment.PerfCost-8164: Processed 1940 samples out of 10000, 0 errors
09:31:31,773 INFO Experiment.PerfCost-8164: Processed 1950 samples out of 10000, 0 errors
09:31:44,538 INFO Experiment.PerfCost-8164: Processed 1960 samples out of 10000, 0 errors
09:31:57,287 INFO Experiment.PerfCost-8164: Processed 1970 samples out of 10000, 0 errors
09:32:10,80 INFO Experiment.PerfCost-8164: Processed 1980 samples out of 10000, 0 errors
09:32:22,877 INFO Experiment.PerfCost-8164: Processed 1990 samples out of 10000, 0 errors
09:32:35,684 INFO Experiment.PerfCost-8164: Processed 2000 samples out of 10000, 0 errors
09:32:48,496 INFO Experiment.PerfCost-8164: Processed 2010 samples out of 10000, 0 errors
09:33:01,451 INFO Experiment.PerfCost-8164: Processed 2020 samples out of 10000, 0 errors
09:33:14,186 INFO Experiment.PerfCost-8164: Processed 2030 samples out of 10000, 0 errors
09:33:26,927 INFO Experiment.PerfCost-8164: Processed 2040 samples out of 10000, 0 errors
09:33:39,695 INFO Experiment.PerfCost-8164: Processed 2050 samples out of 10000, 0 errors
09:33:52,559 INFO Experiment.PerfCost-8164: Processed 2060 samples out of 10000, 0 errors
09:34:05,395 INFO Experiment.PerfCost-8164: Processed 2070 samples out of 10000, 0 errors
09:34:18,190 INFO Experiment.PerfCost-8164: Processed 2080 samples out of 10000, 0 errors
09:34:30,863 INFO Experiment.PerfCost-8164: Processed 2090 samples out of 10000, 0 errors
09:34:43,666 INFO Experiment.PerfCost-8164: Processed 2100 samples out of 10000, 0 errors
09:34:56,616 INFO Experiment.PerfCost-8164: Processed 2110 samples out of 10000, 0 errors
09:35:09,390 INFO Experiment.PerfCost-8164: Processed 2120 samples out of 10000, 0 errors
09:35:22,235 INFO Experiment.PerfCost-8164: Processed 2130 samples out of 10000, 0 errors
09:35:35,31 INFO Experiment.PerfCost-8164: Processed 2140 samples out of 10000, 0 errors
09:35:47,845 INFO Experiment.PerfCost-8164: Processed 2150 samples out of 10000, 0 errors
09:36:00,624 INFO Experiment.PerfCost-8164: Processed 2160 samples out of 10000, 0 errors
09:36:13,419 INFO Experiment.PerfCost-8164: Processed 2170 samples out of 10000, 0 errors
09:36:26,354 INFO Experiment.PerfCost-8164: Processed 2180 samples out of 10000, 0 errors
09:36:39,75 INFO Experiment.PerfCost-8164: Processed 2190 samples out of 10000, 0 errors
09:36:51,854 INFO Experiment.PerfCost-8164: Processed 2200 samples out of 10000, 0 errors
09:37:04,610 INFO Experiment.PerfCost-8164: Processed 2210 samples out of 10000, 0 errors
09:37:17,430 INFO Experiment.PerfCost-8164: Processed 2220 samples out of 10000, 0 errors
09:37:30,218 INFO Experiment.PerfCost-8164: Processed 2230 samples out of 10000, 0 errors
09:37:43,62 INFO Experiment.PerfCost-8164: Processed 2240 samples out of 10000, 0 errors
09:37:55,972 INFO Experiment.PerfCost-8164: Processed 2250 samples out of 10000, 0 errors
09:38:08,758 INFO Experiment.PerfCost-8164: Processed 2260 samples out of 10000, 0 errors
09:38:21,568 INFO Experiment.PerfCost-8164: Processed 2270 samples out of 10000, 0 errors
09:38:34,488 INFO Experiment.PerfCost-8164: Processed 2280 samples out of 10000, 0 errors
09:38:47,333 INFO Experiment.PerfCost-8164: Processed 2290 samples out of 10000, 0 errors
09:39:00,224 INFO Experiment.PerfCost-8164: Processed 2300 samples out of 10000, 0 errors
09:39:13,5 INFO Experiment.PerfCost-8164: Processed 2310 samples out of 10000, 0 errors
09:39:25,789 INFO Experiment.PerfCost-8164: Processed 2320 samples out of 10000, 0 errors
09:39:38,643 INFO Experiment.PerfCost-8164: Processed 2330 samples out of 10000, 0 errors
09:39:51,471 INFO Experiment.PerfCost-8164: Processed 2340 samples out of 10000, 0 errors
09:40:04,297 INFO Experiment.PerfCost-8164: Processed 2350 samples out of 10000, 0 errors
09:40:17,226 INFO Experiment.PerfCost-8164: Processed 2360 samples out of 10000, 0 errors
09:40:30,17 INFO Experiment.PerfCost-8164: Processed 2370 samples out of 10000, 0 errors
09:40:42,846 INFO Experiment.PerfCost-8164: Processed 2380 samples out of 10000, 0 errors
09:40:55,695 INFO Experiment.PerfCost-8164: Processed 2390 samples out of 10000, 0 errors
09:41:08,508 INFO Experiment.PerfCost-8164: Processed 2400 samples out of 10000, 0 errors
09:41:21,307 INFO Experiment.PerfCost-8164: Processed 2410 samples out of 10000, 0 errors
09:41:34,280 INFO Experiment.PerfCost-8164: Processed 2420 samples out of 10000, 0 errors
09:41:47,50 INFO Experiment.PerfCost-8164: Processed 2430 samples out of 10000, 0 errors
09:41:59,856 INFO Experiment.PerfCost-8164: Processed 2440 samples out of 10000, 0 errors
09:42:12,651 INFO Experiment.PerfCost-8164: Processed 2450 samples out of 10000, 0 errors
09:42:25,576 INFO Experiment.PerfCost-8164: Processed 2460 samples out of 10000, 0 errors
09:42:38,365 INFO Experiment.PerfCost-8164: Processed 2470 samples out of 10000, 0 errors
09:42:51,139 INFO Experiment.PerfCost-8164: Processed 2480 samples out of 10000, 0 errors
09:43:04,56 INFO Experiment.PerfCost-8164: Processed 2490 samples out of 10000, 0 errors
09:43:16,928 INFO Experiment.PerfCost-8164: Processed 2500 samples out of 10000, 0 errors
09:43:29,676 INFO Experiment.PerfCost-8164: Processed 2510 samples out of 10000, 0 errors
09:43:42,630 INFO Experiment.PerfCost-8164: Processed 2520 samples out of 10000, 0 errors
09:43:55,421 INFO Experiment.PerfCost-8164: Processed 2530 samples out of 10000, 0 errors
09:44:08,212 INFO Experiment.PerfCost-8164: Processed 2540 samples out of 10000, 0 errors
09:44:21,60 INFO Experiment.PerfCost-8164: Processed 2550 samples out of 10000, 0 errors
09:44:33,891 INFO Experiment.PerfCost-8164: Processed 2560 samples out of 10000, 0 errors
09:44:46,768 INFO Experiment.PerfCost-8164: Processed 2570 samples out of 10000, 0 errors
09:44:59,650 INFO Experiment.PerfCost-8164: Processed 2580 samples out of 10000, 0 errors
09:45:12,506 INFO Experiment.PerfCost-8164: Processed 2590 samples out of 10000, 0 errors
09:45:25,313 INFO Experiment.PerfCost-8164: Processed 2600 samples out of 10000, 0 errors
09:45:38,94 INFO Experiment.PerfCost-8164: Processed 2610 samples out of 10000, 0 errors
09:45:50,940 INFO Experiment.PerfCost-8164: Processed 2620 samples out of 10000, 0 errors
09:46:03,705 INFO Experiment.PerfCost-8164: Processed 2630 samples out of 10000, 0 errors
09:46:16,548 INFO Experiment.PerfCost-8164: Processed 2640 samples out of 10000, 0 errors
09:46:29,455 INFO Experiment.PerfCost-8164: Processed 2650 samples out of 10000, 0 errors
09:46:42,301 INFO Experiment.PerfCost-8164: Processed 2660 samples out of 10000, 0 errors
09:46:55,98 INFO Experiment.PerfCost-8164: Processed 2670 samples out of 10000, 0 errors
09:47:07,936 INFO Experiment.PerfCost-8164: Processed 2680 samples out of 10000, 0 errors
09:47:20,723 INFO Experiment.PerfCost-8164: Processed 2690 samples out of 10000, 0 errors
09:47:33,556 INFO Experiment.PerfCost-8164: Processed 2700 samples out of 10000, 0 errors
09:47:46,492 INFO Experiment.PerfCost-8164: Processed 2710 samples out of 10000, 0 errors
09:47:59,275 INFO Experiment.PerfCost-8164: Processed 2720 samples out of 10000, 0 errors
09:48:12,45 INFO Experiment.PerfCost-8164: Processed 2730 samples out of 10000, 0 errors
09:48:24,961 INFO Experiment.PerfCost-8164: Processed 2740 samples out of 10000, 0 errors
09:48:37,788 INFO Experiment.PerfCost-8164: Processed 2750 samples out of 10000, 0 errors
09:48:50,702 INFO Experiment.PerfCost-8164: Processed 2760 samples out of 10000, 0 errors
09:49:03,486 INFO Experiment.PerfCost-8164: Processed 2770 samples out of 10000, 0 errors
09:49:16,311 INFO Experiment.PerfCost-8164: Processed 2780 samples out of 10000, 0 errors
09:49:29,247 INFO Experiment.PerfCost-8164: Processed 2790 samples out of 10000, 0 errors
09:49:42,85 INFO Experiment.PerfCost-8164: Processed 2800 samples out of 10000, 0 errors
09:49:54,801 INFO Experiment.PerfCost-8164: Processed 2810 samples out of 10000, 0 errors
09:50:07,702 INFO Experiment.PerfCost-8164: Processed 2820 samples out of 10000, 0 errors
09:50:20,431 INFO Experiment.PerfCost-8164: Processed 2830 samples out of 10000, 0 errors
09:50:33,218 INFO Experiment.PerfCost-8164: Processed 2840 samples out of 10000, 0 errors
09:50:46,101 INFO Experiment.PerfCost-8164: Processed 2850 samples out of 10000, 0 errors
09:50:58,925 INFO Experiment.PerfCost-8164: Processed 2860 samples out of 10000, 0 errors
09:51:11,711 INFO Experiment.PerfCost-8164: Processed 2870 samples out of 10000, 0 errors
09:51:24,561 INFO Experiment.PerfCost-8164: Processed 2880 samples out of 10000, 0 errors
09:51:37,373 INFO Experiment.PerfCost-8164: Processed 2890 samples out of 10000, 0 errors
09:51:50,182 INFO Experiment.PerfCost-8164: Processed 2900 samples out of 10000, 0 errors
09:52:03,47 INFO Experiment.PerfCost-8164: Processed 2910 samples out of 10000, 0 errors
09:52:15,951 INFO Experiment.PerfCost-8164: Processed 2920 samples out of 10000, 0 errors
09:52:28,703 INFO Experiment.PerfCost-8164: Processed 2930 samples out of 10000, 0 errors
09:52:41,518 INFO Experiment.PerfCost-8164: Processed 2940 samples out of 10000, 0 errors
09:52:54,389 INFO Experiment.PerfCost-8164: Processed 2950 samples out of 10000, 0 errors
09:53:07,166 INFO Experiment.PerfCost-8164: Processed 2960 samples out of 10000, 0 errors
09:53:19,883 INFO Experiment.PerfCost-8164: Processed 2970 samples out of 10000, 0 errors
09:53:32,820 INFO Experiment.PerfCost-8164: Processed 2980 samples out of 10000, 0 errors
09:53:45,621 INFO Experiment.PerfCost-8164: Processed 2990 samples out of 10000, 0 errors
09:53:58,501 INFO Experiment.PerfCost-8164: Processed 3000 samples out of 10000, 0 errors
09:54:11,308 INFO Experiment.PerfCost-8164: Processed 3010 samples out of 10000, 0 errors
09:54:24,138 INFO Experiment.PerfCost-8164: Processed 3020 samples out of 10000, 0 errors
09:54:37,74 INFO Experiment.PerfCost-8164: Processed 3030 samples out of 10000, 0 errors
09:54:49,884 INFO Experiment.PerfCost-8164: Processed 3040 samples out of 10000, 0 errors
09:55:02,809 INFO Experiment.PerfCost-8164: Processed 3050 samples out of 10000, 0 errors
09:55:15,505 INFO Experiment.PerfCost-8164: Processed 3060 samples out of 10000, 0 errors
09:55:28,295 INFO Experiment.PerfCost-8164: Processed 3070 samples out of 10000, 0 errors
09:55:41,219 INFO Experiment.PerfCost-8164: Processed 3080 samples out of 10000, 0 errors
09:55:54,60 INFO Experiment.PerfCost-8164: Processed 3090 samples out of 10000, 0 errors
09:56:06,849 INFO Experiment.PerfCost-8164: Processed 3100 samples out of 10000, 0 errors
09:56:19,663 INFO Experiment.PerfCost-8164: Processed 3110 samples out of 10000, 0 errors
09:56:32,433 INFO Experiment.PerfCost-8164: Processed 3120 samples out of 10000, 0 errors
09:56:45,228 INFO Experiment.PerfCost-8164: Processed 3130 samples out of 10000, 0 errors
09:56:58,139 INFO Experiment.PerfCost-8164: Processed 3140 samples out of 10000, 0 errors
09:57:10,928 INFO Experiment.PerfCost-8164: Processed 3150 samples out of 10000, 0 errors
09:57:23,719 INFO Experiment.PerfCost-8164: Processed 3160 samples out of 10000, 0 errors
09:57:36,663 INFO Experiment.PerfCost-8164: Processed 3170 samples out of 10000, 0 errors
09:57:49,518 INFO Experiment.PerfCost-8164: Processed 3180 samples out of 10000, 0 errors
09:58:02,460 INFO Experiment.PerfCost-8164: Processed 3190 samples out of 10000, 0 errors
09:58:15,265 INFO Experiment.PerfCost-8164: Processed 3200 samples out of 10000, 0 errors
09:58:28,152 INFO Experiment.PerfCost-8164: Processed 3210 samples out of 10000, 0 errors
09:58:40,904 INFO Experiment.PerfCost-8164: Processed 3220 samples out of 10000, 0 errors
09:58:53,728 INFO Experiment.PerfCost-8164: Processed 3230 samples out of 10000, 0 errors
09:59:06,667 INFO Experiment.PerfCost-8164: Processed 3240 samples out of 10000, 0 errors
09:59:19,430 INFO Experiment.PerfCost-8164: Processed 3250 samples out of 10000, 0 errors
09:59:32,213 INFO Experiment.PerfCost-8164: Processed 3260 samples out of 10000, 0 errors
09:59:45,143 INFO Experiment.PerfCost-8164: Processed 3270 samples out of 10000, 0 errors
09:59:57,954 INFO Experiment.PerfCost-8164: Processed 3280 samples out of 10000, 0 errors
10:00:10,816 INFO Experiment.PerfCost-8164: Processed 3290 samples out of 10000, 0 errors
10:00:23,778 INFO Experiment.PerfCost-8164: Processed 3300 samples out of 10000, 0 errors
10:00:36,556 INFO Experiment.PerfCost-8164: Processed 3310 samples out of 10000, 0 errors
10:00:49,434 INFO Experiment.PerfCost-8164: Processed 3320 samples out of 10000, 0 errors
10:01:02,372 INFO Experiment.PerfCost-8164: Processed 3330 samples out of 10000, 0 errors
10:01:15,113 INFO Experiment.PerfCost-8164: Processed 3340 samples out of 10000, 0 errors
10:01:27,933 INFO Experiment.PerfCost-8164: Processed 3350 samples out of 10000, 0 errors
10:01:40,836 INFO Experiment.PerfCost-8164: Processed 3360 samples out of 10000, 0 errors
10:01:53,658 INFO Experiment.PerfCost-8164: Processed 3370 samples out of 10000, 0 errors
10:02:06,607 INFO Experiment.PerfCost-8164: Processed 3380 samples out of 10000, 0 errors
10:02:19,358 INFO Experiment.PerfCost-8164: Processed 3390 samples out of 10000, 0 errors
10:02:32,244 INFO Experiment.PerfCost-8164: Processed 3400 samples out of 10000, 0 errors
10:02:45,5 INFO Experiment.PerfCost-8164: Processed 3410 samples out of 10000, 0 errors
10:02:57,868 INFO Experiment.PerfCost-8164: Processed 3420 samples out of 10000, 0 errors
10:03:10,707 INFO Experiment.PerfCost-8164: Processed 3430 samples out of 10000, 0 errors
10:03:23,506 INFO Experiment.PerfCost-8164: Processed 3440 samples out of 10000, 0 errors
10:03:36,461 INFO Experiment.PerfCost-8164: Processed 3450 samples out of 10000, 0 errors
10:03:49,247 INFO Experiment.PerfCost-8164: Processed 3460 samples out of 10000, 0 errors
10:04:02,81 INFO Experiment.PerfCost-8164: Processed 3470 samples out of 10000, 0 errors
10:04:14,889 INFO Experiment.PerfCost-8164: Processed 3480 samples out of 10000, 0 errors
10:04:27,704 INFO Experiment.PerfCost-8164: Processed 3490 samples out of 10000, 0 errors
10:04:40,592 INFO Experiment.PerfCost-8164: Processed 3500 samples out of 10000, 0 errors
10:04:53,478 INFO Experiment.PerfCost-8164: Processed 3510 samples out of 10000, 0 errors
10:05:06,358 INFO Experiment.PerfCost-8164: Processed 3520 samples out of 10000, 0 errors
10:05:19,328 INFO Experiment.PerfCost-8164: Processed 3530 samples out of 10000, 0 errors
10:05:32,100 INFO Experiment.PerfCost-8164: Processed 3540 samples out of 10000, 0 errors
10:05:45,0 INFO Experiment.PerfCost-8164: Processed 3550 samples out of 10000, 0 errors
10:05:57,855 INFO Experiment.PerfCost-8164: Processed 3560 samples out of 10000, 0 errors
10:06:10,642 INFO Experiment.PerfCost-8164: Processed 3570 samples out of 10000, 0 errors
10:06:23,437 INFO Experiment.PerfCost-8164: Processed 3580 samples out of 10000, 0 errors
10:06:36,397 INFO Experiment.PerfCost-8164: Processed 3590 samples out of 10000, 0 errors
10:06:49,177 INFO Experiment.PerfCost-8164: Processed 3600 samples out of 10000, 0 errors
10:07:02,151 INFO Experiment.PerfCost-8164: Processed 3610 samples out of 10000, 0 errors
10:07:14,914 INFO Experiment.PerfCost-8164: Processed 3620 samples out of 10000, 0 errors
10:07:27,714 INFO Experiment.PerfCost-8164: Processed 3630 samples out of 10000, 0 errors
10:07:40,440 INFO Experiment.PerfCost-8164: Processed 3640 samples out of 10000, 0 errors
10:07:53,226 INFO Experiment.PerfCost-8164: Processed 3650 samples out of 10000, 0 errors
10:08:06,144 INFO Experiment.PerfCost-8164: Processed 3660 samples out of 10000, 0 errors
10:08:18,888 INFO Experiment.PerfCost-8164: Processed 3670 samples out of 10000, 0 errors
10:08:31,774 INFO Experiment.PerfCost-8164: Processed 3680 samples out of 10000, 0 errors
10:08:44,757 INFO Experiment.PerfCost-8164: Processed 3690 samples out of 10000, 0 errors
10:08:57,573 INFO Experiment.PerfCost-8164: Processed 3700 samples out of 10000, 0 errors
10:09:10,456 INFO Experiment.PerfCost-8164: Processed 3710 samples out of 10000, 0 errors
10:09:23,271 INFO Experiment.PerfCost-8164: Processed 3720 samples out of 10000, 0 errors
10:09:36,141 INFO Experiment.PerfCost-8164: Processed 3730 samples out of 10000, 0 errors
10:09:48,898 INFO Experiment.PerfCost-8164: Processed 3740 samples out of 10000, 0 errors
10:10:01,734 INFO Experiment.PerfCost-8164: Processed 3750 samples out of 10000, 0 errors
10:10:14,673 INFO Experiment.PerfCost-8164: Processed 3760 samples out of 10000, 0 errors
10:10:27,502 INFO Experiment.PerfCost-8164: Processed 3770 samples out of 10000, 0 errors
10:10:40,341 INFO Experiment.PerfCost-8164: Processed 3780 samples out of 10000, 0 errors
10:10:53,72 INFO Experiment.PerfCost-8164: Processed 3790 samples out of 10000, 0 errors
10:11:05,896 INFO Experiment.PerfCost-8164: Processed 3800 samples out of 10000, 0 errors
10:11:18,899 INFO Experiment.PerfCost-8164: Processed 3810 samples out of 10000, 0 errors
10:11:31,689 INFO Experiment.PerfCost-8164: Processed 3820 samples out of 10000, 0 errors
10:11:44,562 INFO Experiment.PerfCost-8164: Processed 3830 samples out of 10000, 0 errors
10:11:57,390 INFO Experiment.PerfCost-8164: Processed 3840 samples out of 10000, 0 errors
10:12:10,381 INFO Experiment.PerfCost-8164: Processed 3850 samples out of 10000, 0 errors
10:12:23,201 INFO Experiment.PerfCost-8164: Processed 3860 samples out of 10000, 0 errors
10:12:36,155 INFO Experiment.PerfCost-8164: Processed 3870 samples out of 10000, 0 errors
10:12:48,910 INFO Experiment.PerfCost-8164: Processed 3880 samples out of 10000, 0 errors
10:13:01,788 INFO Experiment.PerfCost-8164: Processed 3890 samples out of 10000, 0 errors
10:13:14,592 INFO Experiment.PerfCost-8164: Processed 3900 samples out of 10000, 0 errors
10:13:27,383 INFO Experiment.PerfCost-8164: Processed 3910 samples out of 10000, 0 errors
10:13:40,261 INFO Experiment.PerfCost-8164: Processed 3920 samples out of 10000, 0 errors
10:13:53,55 INFO Experiment.PerfCost-8164: Processed 3930 samples out of 10000, 0 errors
10:14:05,883 INFO Experiment.PerfCost-8164: Processed 3940 samples out of 10000, 0 errors
10:14:18,633 INFO Experiment.PerfCost-8164: Processed 3950 samples out of 10000, 0 errors
10:14:31,521 INFO Experiment.PerfCost-8164: Processed 3960 samples out of 10000, 0 errors
10:14:44,282 INFO Experiment.PerfCost-8164: Processed 3970 samples out of 10000, 0 errors
10:14:57,151 INFO Experiment.PerfCost-8164: Processed 3980 samples out of 10000, 0 errors
10:15:09,948 INFO Experiment.PerfCost-8164: Processed 3990 samples out of 10000, 0 errors
10:15:22,875 INFO Experiment.PerfCost-8164: Processed 4000 samples out of 10000, 0 errors
10:15:35,620 INFO Experiment.PerfCost-8164: Processed 4010 samples out of 10000, 0 errors
10:15:48,501 INFO Experiment.PerfCost-8164: Processed 4020 samples out of 10000, 0 errors
10:16:01,307 INFO Experiment.PerfCost-8164: Processed 4030 samples out of 10000, 0 errors
10:16:14,140 INFO Experiment.PerfCost-8164: Processed 4040 samples out of 10000, 0 errors
10:16:26,986 INFO Experiment.PerfCost-8164: Processed 4050 samples out of 10000, 0 errors
10:16:39,805 INFO Experiment.PerfCost-8164: Processed 4060 samples out of 10000, 0 errors
10:16:52,839 INFO Experiment.PerfCost-8164: Processed 4070 samples out of 10000, 0 errors
10:17:05,620 INFO Experiment.PerfCost-8164: Processed 4080 samples out of 10000, 0 errors
10:17:18,382 INFO Experiment.PerfCost-8164: Processed 4090 samples out of 10000, 0 errors
10:17:31,180 INFO Experiment.PerfCost-8164: Processed 4100 samples out of 10000, 0 errors
10:17:44,29 INFO Experiment.PerfCost-8164: Processed 4110 samples out of 10000, 0 errors
10:17:56,969 INFO Experiment.PerfCost-8164: Processed 4120 samples out of 10000, 0 errors
10:18:09,713 INFO Experiment.PerfCost-8164: Processed 4130 samples out of 10000, 0 errors
10:18:22,542 INFO Experiment.PerfCost-8164: Processed 4140 samples out of 10000, 0 errors
10:18:35,497 INFO Experiment.PerfCost-8164: Processed 4150 samples out of 10000, 0 errors
10:18:48,324 INFO Experiment.PerfCost-8164: Processed 4160 samples out of 10000, 0 errors
10:19:01,152 INFO Experiment.PerfCost-8164: Processed 4170 samples out of 10000, 0 errors
10:19:13,977 INFO Experiment.PerfCost-8164: Processed 4180 samples out of 10000, 0 errors
10:19:26,809 INFO Experiment.PerfCost-8164: Processed 4190 samples out of 10000, 0 errors
10:19:39,670 INFO Experiment.PerfCost-8164: Processed 4200 samples out of 10000, 0 errors
10:19:52,625 INFO Experiment.PerfCost-8164: Processed 4210 samples out of 10000, 0 errors
10:20:05,463 INFO Experiment.PerfCost-8164: Processed 4220 samples out of 10000, 0 errors
10:20:18,343 INFO Experiment.PerfCost-8164: Processed 4230 samples out of 10000, 0 errors
10:20:31,103 INFO Experiment.PerfCost-8164: Processed 4240 samples out of 10000, 0 errors
10:20:44,8 INFO Experiment.PerfCost-8164: Processed 4250 samples out of 10000, 0 errors
10:20:56,872 INFO Experiment.PerfCost-8164: Processed 4260 samples out of 10000, 0 errors
10:21:09,625 INFO Experiment.PerfCost-8164: Processed 4270 samples out of 10000, 0 errors
10:21:22,590 INFO Experiment.PerfCost-8164: Processed 4280 samples out of 10000, 0 errors
10:21:35,384 INFO Experiment.PerfCost-8164: Processed 4290 samples out of 10000, 0 errors
10:21:48,313 INFO Experiment.PerfCost-8164: Processed 4300 samples out of 10000, 0 errors
10:22:01,104 INFO Experiment.PerfCost-8164: Processed 4310 samples out of 10000, 0 errors
10:22:13,995 INFO Experiment.PerfCost-8164: Processed 4320 samples out of 10000, 0 errors
10:22:26,898 INFO Experiment.PerfCost-8164: Processed 4330 samples out of 10000, 0 errors
10:22:39,732 INFO Experiment.PerfCost-8164: Processed 4340 samples out of 10000, 0 errors
10:22:52,526 INFO Experiment.PerfCost-8164: Processed 4350 samples out of 10000, 0 errors
10:23:05,461 INFO Experiment.PerfCost-8164: Processed 4360 samples out of 10000, 0 errors
10:23:18,269 INFO Experiment.PerfCost-8164: Processed 4370 samples out of 10000, 0 errors
10:23:31,140 INFO Experiment.PerfCost-8164: Processed 4380 samples out of 10000, 0 errors
10:23:43,975 INFO Experiment.PerfCost-8164: Processed 4390 samples out of 10000, 0 errors
10:23:56,827 INFO Experiment.PerfCost-8164: Processed 4400 samples out of 10000, 0 errors
10:24:09,571 INFO Experiment.PerfCost-8164: Processed 4410 samples out of 10000, 0 errors
10:24:22,503 INFO Experiment.PerfCost-8164: Processed 4420 samples out of 10000, 0 errors
10:24:35,313 INFO Experiment.PerfCost-8164: Processed 4430 samples out of 10000, 0 errors
10:24:48,110 INFO Experiment.PerfCost-8164: Processed 4440 samples out of 10000, 0 errors
10:25:00,956 INFO Experiment.PerfCost-8164: Processed 4450 samples out of 10000, 0 errors
10:25:13,880 INFO Experiment.PerfCost-8164: Processed 4460 samples out of 10000, 0 errors
10:25:26,719 INFO Experiment.PerfCost-8164: Processed 4470 samples out of 10000, 0 errors
10:25:39,488 INFO Experiment.PerfCost-8164: Processed 4480 samples out of 10000, 0 errors
10:25:52,424 INFO Experiment.PerfCost-8164: Processed 4490 samples out of 10000, 0 errors
10:26:05,252 INFO Experiment.PerfCost-8164: Processed 4500 samples out of 10000, 0 errors
10:26:18,198 INFO Experiment.PerfCost-8164: Processed 4510 samples out of 10000, 0 errors
10:26:30,966 INFO Experiment.PerfCost-8164: Processed 4520 samples out of 10000, 0 errors
10:26:43,837 INFO Experiment.PerfCost-8164: Processed 4530 samples out of 10000, 0 errors
10:26:56,760 INFO Experiment.PerfCost-8164: Processed 4540 samples out of 10000, 0 errors
10:27:09,548 INFO Experiment.PerfCost-8164: Processed 4550 samples out of 10000, 0 errors
10:27:22,512 INFO Experiment.PerfCost-8164: Processed 4560 samples out of 10000, 0 errors
10:27:35,371 INFO Experiment.PerfCost-8164: Processed 4570 samples out of 10000, 0 errors
10:27:48,300 INFO Experiment.PerfCost-8164: Processed 4580 samples out of 10000, 0 errors
10:28:01,122 INFO Experiment.PerfCost-8164: Processed 4590 samples out of 10000, 0 errors
10:28:13,955 INFO Experiment.PerfCost-8164: Processed 4600 samples out of 10000, 0 errors
10:28:26,881 INFO Experiment.PerfCost-8164: Processed 4610 samples out of 10000, 0 errors
10:28:39,719 INFO Experiment.PerfCost-8164: Processed 4620 samples out of 10000, 0 errors
10:28:52,624 INFO Experiment.PerfCost-8164: Processed 4630 samples out of 10000, 0 errors
10:29:05,568 INFO Experiment.PerfCost-8164: Processed 4640 samples out of 10000, 0 errors
10:29:18,540 INFO Experiment.PerfCost-8164: Processed 4650 samples out of 10000, 0 errors
10:29:31,338 INFO Experiment.PerfCost-8164: Processed 4660 samples out of 10000, 0 errors
10:29:44,257 INFO Experiment.PerfCost-8164: Processed 4670 samples out of 10000, 0 errors
10:29:57,87 INFO Experiment.PerfCost-8164: Processed 4680 samples out of 10000, 0 errors
10:30:09,840 INFO Experiment.PerfCost-8164: Processed 4690 samples out of 10000, 0 errors
10:30:22,730 INFO Experiment.PerfCost-8164: Processed 4700 samples out of 10000, 0 errors
10:30:35,557 INFO Experiment.PerfCost-8164: Processed 4710 samples out of 10000, 0 errors
10:30:48,455 INFO Experiment.PerfCost-8164: Processed 4720 samples out of 10000, 0 errors
10:31:01,167 INFO Experiment.PerfCost-8164: Processed 4730 samples out of 10000, 0 errors
10:31:14,58 INFO Experiment.PerfCost-8164: Processed 4740 samples out of 10000, 0 errors
10:31:26,911 INFO Experiment.PerfCost-8164: Processed 4750 samples out of 10000, 0 errors
10:31:39,803 INFO Experiment.PerfCost-8164: Processed 4760 samples out of 10000, 0 errors
10:31:52,664 INFO Experiment.PerfCost-8164: Processed 4770 samples out of 10000, 0 errors
10:32:05,491 INFO Experiment.PerfCost-8164: Processed 4780 samples out of 10000, 0 errors
10:32:18,407 INFO Experiment.PerfCost-8164: Processed 4790 samples out of 10000, 0 errors
10:32:31,282 INFO Experiment.PerfCost-8164: Processed 4800 samples out of 10000, 0 errors
10:32:44,203 INFO Experiment.PerfCost-8164: Processed 4810 samples out of 10000, 0 errors
10:32:57,24 INFO Experiment.PerfCost-8164: Processed 4820 samples out of 10000, 0 errors
10:33:09,957 INFO Experiment.PerfCost-8164: Processed 4830 samples out of 10000, 0 errors
10:33:22,762 INFO Experiment.PerfCost-8164: Processed 4840 samples out of 10000, 0 errors
10:33:35,674 INFO Experiment.PerfCost-8164: Processed 4850 samples out of 10000, 0 errors
10:33:48,466 INFO Experiment.PerfCost-8164: Processed 4860 samples out of 10000, 0 errors
10:34:01,257 INFO Experiment.PerfCost-8164: Processed 4870 samples out of 10000, 0 errors
10:34:14,113 INFO Experiment.PerfCost-8164: Processed 4880 samples out of 10000, 0 errors
10:34:27,37 INFO Experiment.PerfCost-8164: Processed 4890 samples out of 10000, 0 errors
10:34:39,821 INFO Experiment.PerfCost-8164: Processed 4900 samples out of 10000, 0 errors
10:34:52,616 INFO Experiment.PerfCost-8164: Processed 4910 samples out of 10000, 0 errors
10:35:05,431 INFO Experiment.PerfCost-8164: Processed 4920 samples out of 10000, 0 errors
10:35:18,351 INFO Experiment.PerfCost-8164: Processed 4930 samples out of 10000, 0 errors
10:35:31,297 INFO Experiment.PerfCost-8164: Processed 4940 samples out of 10000, 0 errors
10:35:44,126 INFO Experiment.PerfCost-8164: Processed 4950 samples out of 10000, 0 errors
10:35:57,13 INFO Experiment.PerfCost-8164: Processed 4960 samples out of 10000, 0 errors
10:36:09,821 INFO Experiment.PerfCost-8164: Processed 4970 samples out of 10000, 0 errors
10:36:22,777 INFO Experiment.PerfCost-8164: Processed 4980 samples out of 10000, 0 errors
10:36:35,608 INFO Experiment.PerfCost-8164: Processed 4990 samples out of 10000, 0 errors
10:36:48,544 INFO Experiment.PerfCost-8164: Processed 5000 samples out of 10000, 0 errors
10:37:01,331 INFO Experiment.PerfCost-8164: Processed 5010 samples out of 10000, 0 errors
10:37:14,257 INFO Experiment.PerfCost-8164: Processed 5020 samples out of 10000, 0 errors
10:37:27,77 INFO Experiment.PerfCost-8164: Processed 5030 samples out of 10000, 0 errors
10:37:39,948 INFO Experiment.PerfCost-8164: Processed 5040 samples out of 10000, 0 errors
10:37:52,819 INFO Experiment.PerfCost-8164: Processed 5050 samples out of 10000, 0 errors
10:38:05,801 INFO Experiment.PerfCost-8164: Processed 5060 samples out of 10000, 0 errors
10:38:18,743 INFO Experiment.PerfCost-8164: Processed 5070 samples out of 10000, 0 errors
10:38:31,484 INFO Experiment.PerfCost-8164: Processed 5080 samples out of 10000, 0 errors
10:38:44,409 INFO Experiment.PerfCost-8164: Processed 5090 samples out of 10000, 0 errors
10:38:57,227 INFO Experiment.PerfCost-8164: Processed 5100 samples out of 10000, 0 errors
10:39:10,15 INFO Experiment.PerfCost-8164: Processed 5110 samples out of 10000, 0 errors
10:39:22,887 INFO Experiment.PerfCost-8164: Processed 5120 samples out of 10000, 0 errors
10:39:35,680 INFO Experiment.PerfCost-8164: Processed 5130 samples out of 10000, 0 errors
10:39:48,486 INFO Experiment.PerfCost-8164: Processed 5140 samples out of 10000, 0 errors
10:40:01,215 INFO Experiment.PerfCost-8164: Processed 5150 samples out of 10000, 0 errors
10:40:14,74 INFO Experiment.PerfCost-8164: Processed 5160 samples out of 10000, 0 errors
10:40:26,909 INFO Experiment.PerfCost-8164: Processed 5170 samples out of 10000, 0 errors
10:40:39,552 INFO Experiment.PerfCost-8164: Processed 5180 samples out of 10000, 0 errors
10:40:52,382 INFO Experiment.PerfCost-8164: Processed 5190 samples out of 10000, 0 errors
10:41:05,104 INFO Experiment.PerfCost-8164: Processed 5200 samples out of 10000, 0 errors
10:41:17,886 INFO Experiment.PerfCost-8164: Processed 5210 samples out of 10000, 0 errors
10:41:30,583 INFO Experiment.PerfCost-8164: Processed 5220 samples out of 10000, 0 errors
10:41:43,337 INFO Experiment.PerfCost-8164: Processed 5230 samples out of 10000, 0 errors
10:41:56,196 INFO Experiment.PerfCost-8164: Processed 5240 samples out of 10000, 0 errors
10:42:09,13 INFO Experiment.PerfCost-8164: Processed 5250 samples out of 10000, 0 errors
10:42:21,884 INFO Experiment.PerfCost-8164: Processed 5260 samples out of 10000, 0 errors
10:42:34,740 INFO Experiment.PerfCost-8164: Processed 5270 samples out of 10000, 0 errors
10:42:47,628 INFO Experiment.PerfCost-8164: Processed 5280 samples out of 10000, 0 errors
10:43:00,502 INFO Experiment.PerfCost-8164: Processed 5290 samples out of 10000, 0 errors
10:43:13,381 INFO Experiment.PerfCost-8164: Processed 5300 samples out of 10000, 0 errors
10:43:26,323 INFO Experiment.PerfCost-8164: Processed 5310 samples out of 10000, 0 errors
10:43:39,70 INFO Experiment.PerfCost-8164: Processed 5320 samples out of 10000, 0 errors
10:43:51,950 INFO Experiment.PerfCost-8164: Processed 5330 samples out of 10000, 0 errors
10:44:04,785 INFO Experiment.PerfCost-8164: Processed 5340 samples out of 10000, 0 errors
10:44:17,726 INFO Experiment.PerfCost-8164: Processed 5350 samples out of 10000, 0 errors
10:44:30,488 INFO Experiment.PerfCost-8164: Processed 5360 samples out of 10000, 0 errors
10:44:43,387 INFO Experiment.PerfCost-8164: Processed 5370 samples out of 10000, 0 errors
10:44:56,208 INFO Experiment.PerfCost-8164: Processed 5380 samples out of 10000, 0 errors
10:45:09,81 INFO Experiment.PerfCost-8164: Processed 5390 samples out of 10000, 0 errors
10:45:21,890 INFO Experiment.PerfCost-8164: Processed 5400 samples out of 10000, 0 errors
10:45:34,773 INFO Experiment.PerfCost-8164: Processed 5410 samples out of 10000, 0 errors
10:45:47,501 INFO Experiment.PerfCost-8164: Processed 5420 samples out of 10000, 0 errors
10:46:00,279 INFO Experiment.PerfCost-8164: Processed 5430 samples out of 10000, 0 errors
10:46:13,209 INFO Experiment.PerfCost-8164: Processed 5440 samples out of 10000, 0 errors
10:46:26,23 INFO Experiment.PerfCost-8164: Processed 5450 samples out of 10000, 0 errors
10:46:38,761 INFO Experiment.PerfCost-8164: Processed 5460 samples out of 10000, 0 errors
10:46:51,554 INFO Experiment.PerfCost-8164: Processed 5470 samples out of 10000, 0 errors
10:47:04,434 INFO Experiment.PerfCost-8164: Processed 5480 samples out of 10000, 0 errors
10:47:17,248 INFO Experiment.PerfCost-8164: Processed 5490 samples out of 10000, 0 errors
10:47:30,6 INFO Experiment.PerfCost-8164: Processed 5500 samples out of 10000, 0 errors
10:47:42,879 INFO Experiment.PerfCost-8164: Processed 5510 samples out of 10000, 0 errors
10:47:55,768 INFO Experiment.PerfCost-8164: Processed 5520 samples out of 10000, 0 errors
10:48:08,556 INFO Experiment.PerfCost-8164: Processed 5530 samples out of 10000, 0 errors
10:48:21,369 INFO Experiment.PerfCost-8164: Processed 5540 samples out of 10000, 0 errors
10:48:34,196 INFO Experiment.PerfCost-8164: Processed 5550 samples out of 10000, 0 errors
10:48:46,963 INFO Experiment.PerfCost-8164: Processed 5560 samples out of 10000, 0 errors
10:48:59,720 INFO Experiment.PerfCost-8164: Processed 5570 samples out of 10000, 0 errors
10:49:12,539 INFO Experiment.PerfCost-8164: Processed 5580 samples out of 10000, 0 errors
10:49:25,439 INFO Experiment.PerfCost-8164: Processed 5590 samples out of 10000, 0 errors
10:49:38,239 INFO Experiment.PerfCost-8164: Processed 5600 samples out of 10000, 0 errors
10:49:51,43 INFO Experiment.PerfCost-8164: Processed 5610 samples out of 10000, 0 errors
10:50:03,888 INFO Experiment.PerfCost-8164: Processed 5620 samples out of 10000, 0 errors
10:50:16,693 INFO Experiment.PerfCost-8164: Processed 5630 samples out of 10000, 0 errors
10:50:29,509 INFO Experiment.PerfCost-8164: Processed 5640 samples out of 10000, 0 errors
10:50:42,299 INFO Experiment.PerfCost-8164: Processed 5650 samples out of 10000, 0 errors
10:50:55,268 INFO Experiment.PerfCost-8164: Processed 5660 samples out of 10000, 0 errors
10:51:08,76 INFO Experiment.PerfCost-8164: Processed 5670 samples out of 10000, 0 errors
10:51:20,847 INFO Experiment.PerfCost-8164: Processed 5680 samples out of 10000, 0 errors
10:51:33,757 INFO Experiment.PerfCost-8164: Processed 5690 samples out of 10000, 0 errors
10:51:46,584 INFO Experiment.PerfCost-8164: Processed 5700 samples out of 10000, 0 errors
10:51:59,324 INFO Experiment.PerfCost-8164: Processed 5710 samples out of 10000, 0 errors
10:52:12,173 INFO Experiment.PerfCost-8164: Processed 5720 samples out of 10000, 0 errors
10:52:25,29 INFO Experiment.PerfCost-8164: Processed 5730 samples out of 10000, 0 errors
10:52:37,893 INFO Experiment.PerfCost-8164: Processed 5740 samples out of 10000, 0 errors
10:52:50,780 INFO Experiment.PerfCost-8164: Processed 5750 samples out of 10000, 0 errors
10:53:03,682 INFO Experiment.PerfCost-8164: Processed 5760 samples out of 10000, 0 errors
10:53:16,510 INFO Experiment.PerfCost-8164: Processed 5770 samples out of 10000, 0 errors
10:53:29,310 INFO Experiment.PerfCost-8164: Processed 5780 samples out of 10000, 0 errors
10:53:42,174 INFO Experiment.PerfCost-8164: Processed 5790 samples out of 10000, 0 errors
10:53:55,18 INFO Experiment.PerfCost-8164: Processed 5800 samples out of 10000, 0 errors
10:54:07,694 INFO Experiment.PerfCost-8164: Processed 5810 samples out of 10000, 0 errors
10:54:20,447 INFO Experiment.PerfCost-8164: Processed 5820 samples out of 10000, 0 errors
10:54:33,221 INFO Experiment.PerfCost-8164: Processed 5830 samples out of 10000, 0 errors
10:54:46,68 INFO Experiment.PerfCost-8164: Processed 5840 samples out of 10000, 0 errors
10:54:58,943 INFO Experiment.PerfCost-8164: Processed 5850 samples out of 10000, 0 errors
10:55:11,761 INFO Experiment.PerfCost-8164: Processed 5860 samples out of 10000, 0 errors
10:55:24,591 INFO Experiment.PerfCost-8164: Processed 5870 samples out of 10000, 0 errors
10:55:37,423 INFO Experiment.PerfCost-8164: Processed 5880 samples out of 10000, 0 errors
10:55:50,151 INFO Experiment.PerfCost-8164: Processed 5890 samples out of 10000, 0 errors
10:56:03,17 INFO Experiment.PerfCost-8164: Processed 5900 samples out of 10000, 0 errors
10:56:15,818 INFO Experiment.PerfCost-8164: Processed 5910 samples out of 10000, 0 errors
10:56:28,577 INFO Experiment.PerfCost-8164: Processed 5920 samples out of 10000, 0 errors
10:56:41,444 INFO Experiment.PerfCost-8164: Processed 5930 samples out of 10000, 0 errors
10:56:54,236 INFO Experiment.PerfCost-8164: Processed 5940 samples out of 10000, 0 errors
10:57:07,210 INFO Experiment.PerfCost-8164: Processed 5950 samples out of 10000, 0 errors
10:57:20,45 INFO Experiment.PerfCost-8164: Processed 5960 samples out of 10000, 0 errors
10:57:32,879 INFO Experiment.PerfCost-8164: Processed 5970 samples out of 10000, 0 errors
10:57:45,693 INFO Experiment.PerfCost-8164: Processed 5980 samples out of 10000, 0 errors
10:57:58,613 INFO Experiment.PerfCost-8164: Processed 5990 samples out of 10000, 0 errors
10:58:11,469 INFO Experiment.PerfCost-8164: Processed 6000 samples out of 10000, 0 errors
10:58:24,354 INFO Experiment.PerfCost-8164: Processed 6010 samples out of 10000, 0 errors
10:58:37,245 INFO Experiment.PerfCost-8164: Processed 6020 samples out of 10000, 0 errors
10:58:50,5 INFO Experiment.PerfCost-8164: Processed 6030 samples out of 10000, 0 errors
10:59:02,819 INFO Experiment.PerfCost-8164: Processed 6040 samples out of 10000, 0 errors
10:59:15,699 INFO Experiment.PerfCost-8164: Processed 6050 samples out of 10000, 0 errors
10:59:28,488 INFO Experiment.PerfCost-8164: Processed 6060 samples out of 10000, 0 errors
10:59:41,269 INFO Experiment.PerfCost-8164: Processed 6070 samples out of 10000, 0 errors
10:59:54,74 INFO Experiment.PerfCost-8164: Processed 6080 samples out of 10000, 0 errors
11:00:06,890 INFO Experiment.PerfCost-8164: Processed 6090 samples out of 10000, 0 errors
11:00:19,658 INFO Experiment.PerfCost-8164: Processed 6100 samples out of 10000, 0 errors
11:00:32,498 INFO Experiment.PerfCost-8164: Processed 6110 samples out of 10000, 0 errors
11:00:45,310 INFO Experiment.PerfCost-8164: Processed 6120 samples out of 10000, 0 errors
11:00:58,150 INFO Experiment.PerfCost-8164: Processed 6130 samples out of 10000, 0 errors
11:01:10,909 INFO Experiment.PerfCost-8164: Processed 6140 samples out of 10000, 0 errors
11:01:23,775 INFO Experiment.PerfCost-8164: Processed 6150 samples out of 10000, 0 errors
11:01:36,669 INFO Experiment.PerfCost-8164: Processed 6160 samples out of 10000, 0 errors
11:01:49,408 INFO Experiment.PerfCost-8164: Processed 6170 samples out of 10000, 0 errors
11:02:02,320 INFO Experiment.PerfCost-8164: Processed 6180 samples out of 10000, 0 errors
11:02:15,123 INFO Experiment.PerfCost-8164: Processed 6190 samples out of 10000, 0 errors
11:02:27,948 INFO Experiment.PerfCost-8164: Processed 6200 samples out of 10000, 0 errors
11:02:40,725 INFO Experiment.PerfCost-8164: Processed 6210 samples out of 10000, 0 errors
11:02:53,565 INFO Experiment.PerfCost-8164: Processed 6220 samples out of 10000, 0 errors
11:03:06,359 INFO Experiment.PerfCost-8164: Processed 6230 samples out of 10000, 0 errors
11:03:19,226 INFO Experiment.PerfCost-8164: Processed 6240 samples out of 10000, 0 errors
11:03:32,128 INFO Experiment.PerfCost-8164: Processed 6250 samples out of 10000, 0 errors
11:03:44,930 INFO Experiment.PerfCost-8164: Processed 6260 samples out of 10000, 0 errors
11:03:57,724 INFO Experiment.PerfCost-8164: Processed 6270 samples out of 10000, 0 errors
11:04:10,451 INFO Experiment.PerfCost-8164: Processed 6280 samples out of 10000, 0 errors
11:04:23,293 INFO Experiment.PerfCost-8164: Processed 6290 samples out of 10000, 0 errors
11:04:36,173 INFO Experiment.PerfCost-8164: Processed 6300 samples out of 10000, 0 errors
11:04:48,994 INFO Experiment.PerfCost-8164: Processed 6310 samples out of 10000, 0 errors
11:05:01,903 INFO Experiment.PerfCost-8164: Processed 6320 samples out of 10000, 0 errors
11:05:14,812 INFO Experiment.PerfCost-8164: Processed 6330 samples out of 10000, 0 errors
11:05:27,673 INFO Experiment.PerfCost-8164: Processed 6340 samples out of 10000, 0 errors
11:05:40,530 INFO Experiment.PerfCost-8164: Processed 6350 samples out of 10000, 0 errors
11:05:53,420 INFO Experiment.PerfCost-8164: Processed 6360 samples out of 10000, 0 errors
11:06:06,232 INFO Experiment.PerfCost-8164: Processed 6370 samples out of 10000, 0 errors
11:06:18,971 INFO Experiment.PerfCost-8164: Processed 6380 samples out of 10000, 0 errors
11:06:31,808 INFO Experiment.PerfCost-8164: Processed 6390 samples out of 10000, 0 errors
11:06:44,584 INFO Experiment.PerfCost-8164: Processed 6400 samples out of 10000, 0 errors
11:06:57,433 INFO Experiment.PerfCost-8164: Processed 6410 samples out of 10000, 0 errors
11:07:10,257 INFO Experiment.PerfCost-8164: Processed 6420 samples out of 10000, 0 errors
11:07:23,122 INFO Experiment.PerfCost-8164: Processed 6430 samples out of 10000, 0 errors
11:07:35,939 INFO Experiment.PerfCost-8164: Processed 6440 samples out of 10000, 0 errors
11:07:48,665 INFO Experiment.PerfCost-8164: Processed 6450 samples out of 10000, 0 errors
11:08:01,493 INFO Experiment.PerfCost-8164: Processed 6460 samples out of 10000, 0 errors
11:08:14,232 INFO Experiment.PerfCost-8164: Processed 6470 samples out of 10000, 0 errors
11:08:27,147 INFO Experiment.PerfCost-8164: Processed 6480 samples out of 10000, 0 errors
11:08:40,26 INFO Experiment.PerfCost-8164: Processed 6490 samples out of 10000, 0 errors
11:08:52,817 INFO Experiment.PerfCost-8164: Processed 6500 samples out of 10000, 0 errors
11:09:05,700 INFO Experiment.PerfCost-8164: Processed 6510 samples out of 10000, 0 errors
11:09:18,579 INFO Experiment.PerfCost-8164: Processed 6520 samples out of 10000, 0 errors
11:09:31,372 INFO Experiment.PerfCost-8164: Processed 6530 samples out of 10000, 0 errors
11:09:44,228 INFO Experiment.PerfCost-8164: Processed 6540 samples out of 10000, 0 errors
11:09:57,95 INFO Experiment.PerfCost-8164: Processed 6550 samples out of 10000, 0 errors
11:10:09,897 INFO Experiment.PerfCost-8164: Processed 6560 samples out of 10000, 0 errors
11:10:22,776 INFO Experiment.PerfCost-8164: Processed 6570 samples out of 10000, 0 errors
11:10:35,744 INFO Experiment.PerfCost-8164: Processed 6580 samples out of 10000, 0 errors
11:10:48,620 INFO Experiment.PerfCost-8164: Processed 6590 samples out of 10000, 0 errors
11:11:01,430 INFO Experiment.PerfCost-8164: Processed 6600 samples out of 10000, 0 errors
11:11:14,229 INFO Experiment.PerfCost-8164: Processed 6610 samples out of 10000, 0 errors
11:11:27,70 INFO Experiment.PerfCost-8164: Processed 6620 samples out of 10000, 0 errors
11:11:39,882 INFO Experiment.PerfCost-8164: Processed 6630 samples out of 10000, 0 errors
11:11:52,706 INFO Experiment.PerfCost-8164: Processed 6640 samples out of 10000, 0 errors
11:12:05,519 INFO Experiment.PerfCost-8164: Processed 6650 samples out of 10000, 0 errors
11:12:18,432 INFO Experiment.PerfCost-8164: Processed 6660 samples out of 10000, 0 errors
11:12:31,274 INFO Experiment.PerfCost-8164: Processed 6670 samples out of 10000, 0 errors
11:12:44,244 INFO Experiment.PerfCost-8164: Processed 6680 samples out of 10000, 0 errors
11:12:57,127 INFO Experiment.PerfCost-8164: Processed 6690 samples out of 10000, 0 errors
11:13:09,886 INFO Experiment.PerfCost-8164: Processed 6700 samples out of 10000, 0 errors
11:13:22,717 INFO Experiment.PerfCost-8164: Processed 6710 samples out of 10000, 0 errors
11:13:35,677 INFO Experiment.PerfCost-8164: Processed 6720 samples out of 10000, 0 errors
11:13:48,566 INFO Experiment.PerfCost-8164: Processed 6730 samples out of 10000, 0 errors
11:14:01,382 INFO Experiment.PerfCost-8164: Processed 6740 samples out of 10000, 0 errors
11:14:14,331 INFO Experiment.PerfCost-8164: Processed 6750 samples out of 10000, 0 errors
11:14:27,175 INFO Experiment.PerfCost-8164: Processed 6760 samples out of 10000, 0 errors
11:14:39,978 INFO Experiment.PerfCost-8164: Processed 6770 samples out of 10000, 0 errors
11:14:52,898 INFO Experiment.PerfCost-8164: Processed 6780 samples out of 10000, 0 errors
11:15:05,778 INFO Experiment.PerfCost-8164: Processed 6790 samples out of 10000, 0 errors
11:15:18,655 INFO Experiment.PerfCost-8164: Processed 6800 samples out of 10000, 0 errors
11:15:31,485 INFO Experiment.PerfCost-8164: Processed 6810 samples out of 10000, 0 errors
11:15:44,291 INFO Experiment.PerfCost-8164: Processed 6820 samples out of 10000, 0 errors
11:15:57,115 INFO Experiment.PerfCost-8164: Processed 6830 samples out of 10000, 0 errors
11:16:10,4 INFO Experiment.PerfCost-8164: Processed 6840 samples out of 10000, 0 errors
11:16:23,2 INFO Experiment.PerfCost-8164: Processed 6850 samples out of 10000, 0 errors
11:16:35,763 INFO Experiment.PerfCost-8164: Processed 6860 samples out of 10000, 0 errors
11:16:48,582 INFO Experiment.PerfCost-8164: Processed 6870 samples out of 10000, 0 errors
11:17:01,392 INFO Experiment.PerfCost-8164: Processed 6880 samples out of 10000, 0 errors
11:17:14,202 INFO Experiment.PerfCost-8164: Processed 6890 samples out of 10000, 0 errors
11:17:27,28 INFO Experiment.PerfCost-8164: Processed 6900 samples out of 10000, 0 errors
11:17:39,779 INFO Experiment.PerfCost-8164: Processed 6910 samples out of 10000, 0 errors
11:17:52,626 INFO Experiment.PerfCost-8164: Processed 6920 samples out of 10000, 0 errors
11:18:05,467 INFO Experiment.PerfCost-8164: Processed 6930 samples out of 10000, 0 errors
11:18:18,398 INFO Experiment.PerfCost-8164: Processed 6940 samples out of 10000, 0 errors
11:18:31,297 INFO Experiment.PerfCost-8164: Processed 6950 samples out of 10000, 0 errors
11:18:44,144 INFO Experiment.PerfCost-8164: Processed 6960 samples out of 10000, 0 errors
11:18:56,975 INFO Experiment.PerfCost-8164: Processed 6970 samples out of 10000, 0 errors
11:19:09,760 INFO Experiment.PerfCost-8164: Processed 6980 samples out of 10000, 0 errors
11:19:22,689 INFO Experiment.PerfCost-8164: Processed 6990 samples out of 10000, 0 errors
11:19:35,533 INFO Experiment.PerfCost-8164: Processed 7000 samples out of 10000, 0 errors
11:19:48,346 INFO Experiment.PerfCost-8164: Processed 7010 samples out of 10000, 0 errors
11:20:01,248 INFO Experiment.PerfCost-8164: Processed 7020 samples out of 10000, 0 errors
11:20:14,22 INFO Experiment.PerfCost-8164: Processed 7030 samples out of 10000, 0 errors
11:20:26,794 INFO Experiment.PerfCost-8164: Processed 7040 samples out of 10000, 0 errors
11:20:39,675 INFO Experiment.PerfCost-8164: Processed 7050 samples out of 10000, 0 errors
11:20:52,569 INFO Experiment.PerfCost-8164: Processed 7060 samples out of 10000, 0 errors
11:21:05,401 INFO Experiment.PerfCost-8164: Processed 7070 samples out of 10000, 0 errors
11:21:18,320 INFO Experiment.PerfCost-8164: Processed 7080 samples out of 10000, 0 errors
11:21:31,211 INFO Experiment.PerfCost-8164: Processed 7090 samples out of 10000, 0 errors
11:21:44,120 INFO Experiment.PerfCost-8164: Processed 7100 samples out of 10000, 0 errors
11:21:56,944 INFO Experiment.PerfCost-8164: Processed 7110 samples out of 10000, 0 errors
11:22:09,739 INFO Experiment.PerfCost-8164: Processed 7120 samples out of 10000, 0 errors
11:22:22,694 INFO Experiment.PerfCost-8164: Processed 7130 samples out of 10000, 0 errors
11:22:35,526 INFO Experiment.PerfCost-8164: Processed 7140 samples out of 10000, 0 errors
11:22:48,381 INFO Experiment.PerfCost-8164: Processed 7150 samples out of 10000, 0 errors
11:23:01,203 INFO Experiment.PerfCost-8164: Processed 7160 samples out of 10000, 0 errors
11:23:14,109 INFO Experiment.PerfCost-8164: Processed 7170 samples out of 10000, 0 errors
11:23:26,925 INFO Experiment.PerfCost-8164: Processed 7180 samples out of 10000, 0 errors
11:23:39,573 INFO Experiment.PerfCost-8164: Processed 7190 samples out of 10000, 0 errors
11:23:52,492 INFO Experiment.PerfCost-8164: Processed 7200 samples out of 10000, 0 errors
11:24:05,429 INFO Experiment.PerfCost-8164: Processed 7210 samples out of 10000, 0 errors
11:24:18,305 INFO Experiment.PerfCost-8164: Processed 7220 samples out of 10000, 0 errors
11:24:31,124 INFO Experiment.PerfCost-8164: Processed 7230 samples out of 10000, 0 errors
11:24:43,906 INFO Experiment.PerfCost-8164: Processed 7240 samples out of 10000, 0 errors
11:24:56,859 INFO Experiment.PerfCost-8164: Processed 7250 samples out of 10000, 0 errors
11:25:09,652 INFO Experiment.PerfCost-8164: Processed 7260 samples out of 10000, 0 errors
11:25:22,583 INFO Experiment.PerfCost-8164: Processed 7270 samples out of 10000, 0 errors
11:25:35,396 INFO Experiment.PerfCost-8164: Processed 7280 samples out of 10000, 0 errors
11:25:48,308 INFO Experiment.PerfCost-8164: Processed 7290 samples out of 10000, 0 errors
11:26:01,75 INFO Experiment.PerfCost-8164: Processed 7300 samples out of 10000, 0 errors
11:26:13,891 INFO Experiment.PerfCost-8164: Processed 7310 samples out of 10000, 0 errors
11:26:26,842 INFO Experiment.PerfCost-8164: Processed 7320 samples out of 10000, 0 errors
11:26:39,699 INFO Experiment.PerfCost-8164: Processed 7330 samples out of 10000, 0 errors
11:26:52,508 INFO Experiment.PerfCost-8164: Processed 7340 samples out of 10000, 0 errors
11:27:05,404 INFO Experiment.PerfCost-8164: Processed 7350 samples out of 10000, 0 errors
11:27:18,316 INFO Experiment.PerfCost-8164: Processed 7360 samples out of 10000, 0 errors
11:27:31,106 INFO Experiment.PerfCost-8164: Processed 7370 samples out of 10000, 0 errors
11:27:43,957 INFO Experiment.PerfCost-8164: Processed 7380 samples out of 10000, 0 errors
11:27:56,816 INFO Experiment.PerfCost-8164: Processed 7390 samples out of 10000, 0 errors
11:28:09,680 INFO Experiment.PerfCost-8164: Processed 7400 samples out of 10000, 0 errors
11:28:22,650 INFO Experiment.PerfCost-8164: Processed 7410 samples out of 10000, 0 errors
11:28:35,476 INFO Experiment.PerfCost-8164: Processed 7420 samples out of 10000, 0 errors
11:28:48,390 INFO Experiment.PerfCost-8164: Processed 7430 samples out of 10000, 0 errors
11:29:01,195 INFO Experiment.PerfCost-8164: Processed 7440 samples out of 10000, 0 errors
11:29:14,51 INFO Experiment.PerfCost-8164: Processed 7450 samples out of 10000, 0 errors
11:29:27,1 INFO Experiment.PerfCost-8164: Processed 7460 samples out of 10000, 0 errors
11:29:39,823 INFO Experiment.PerfCost-8164: Processed 7470 samples out of 10000, 0 errors
11:29:52,680 INFO Experiment.PerfCost-8164: Processed 7480 samples out of 10000, 0 errors
11:30:05,450 INFO Experiment.PerfCost-8164: Processed 7490 samples out of 10000, 0 errors
11:30:18,411 INFO Experiment.PerfCost-8164: Processed 7500 samples out of 10000, 0 errors
11:30:31,172 INFO Experiment.PerfCost-8164: Processed 7510 samples out of 10000, 0 errors
11:30:43,977 INFO Experiment.PerfCost-8164: Processed 7520 samples out of 10000, 0 errors
11:30:56,909 INFO Experiment.PerfCost-8164: Processed 7530 samples out of 10000, 0 errors
11:31:09,705 INFO Experiment.PerfCost-8164: Processed 7540 samples out of 10000, 0 errors
11:31:22,601 INFO Experiment.PerfCost-8164: Processed 7550 samples out of 10000, 0 errors
11:31:35,483 INFO Experiment.PerfCost-8164: Processed 7560 samples out of 10000, 0 errors
11:31:48,526 INFO Experiment.PerfCost-8164: Processed 7570 samples out of 10000, 0 errors
11:32:01,293 INFO Experiment.PerfCost-8164: Processed 7580 samples out of 10000, 0 errors
11:32:14,238 INFO Experiment.PerfCost-8164: Processed 7590 samples out of 10000, 0 errors
11:32:27,136 INFO Experiment.PerfCost-8164: Processed 7600 samples out of 10000, 0 errors
11:32:39,954 INFO Experiment.PerfCost-8164: Processed 7610 samples out of 10000, 0 errors
11:32:52,847 INFO Experiment.PerfCost-8164: Processed 7620 samples out of 10000, 0 errors
11:33:05,757 INFO Experiment.PerfCost-8164: Processed 7630 samples out of 10000, 0 errors
11:33:18,598 INFO Experiment.PerfCost-8164: Processed 7640 samples out of 10000, 0 errors
11:33:31,450 INFO Experiment.PerfCost-8164: Processed 7650 samples out of 10000, 0 errors
11:33:44,288 INFO Experiment.PerfCost-8164: Processed 7660 samples out of 10000, 0 errors
11:33:57,140 INFO Experiment.PerfCost-8164: Processed 7670 samples out of 10000, 0 errors
11:34:09,962 INFO Experiment.PerfCost-8164: Processed 7680 samples out of 10000, 0 errors
11:34:22,845 INFO Experiment.PerfCost-8164: Processed 7690 samples out of 10000, 0 errors
11:34:35,778 INFO Experiment.PerfCost-8164: Processed 7700 samples out of 10000, 0 errors
11:34:48,653 INFO Experiment.PerfCost-8164: Processed 7710 samples out of 10000, 0 errors
11:35:01,484 INFO Experiment.PerfCost-8164: Processed 7720 samples out of 10000, 0 errors
11:35:14,361 INFO Experiment.PerfCost-8164: Processed 7730 samples out of 10000, 0 errors
11:35:27,163 INFO Experiment.PerfCost-8164: Processed 7740 samples out of 10000, 0 errors
11:35:39,958 INFO Experiment.PerfCost-8164: Processed 7750 samples out of 10000, 0 errors
11:35:52,858 INFO Experiment.PerfCost-8164: Processed 7760 samples out of 10000, 0 errors
11:36:05,747 INFO Experiment.PerfCost-8164: Processed 7770 samples out of 10000, 0 errors
11:36:18,583 INFO Experiment.PerfCost-8164: Processed 7780 samples out of 10000, 0 errors
11:36:31,515 INFO Experiment.PerfCost-8164: Processed 7790 samples out of 10000, 0 errors
11:36:44,369 INFO Experiment.PerfCost-8164: Processed 7800 samples out of 10000, 0 errors
11:36:57,216 INFO Experiment.PerfCost-8164: Processed 7810 samples out of 10000, 0 errors
11:37:09,989 INFO Experiment.PerfCost-8164: Processed 7820 samples out of 10000, 0 errors
11:37:22,852 INFO Experiment.PerfCost-8164: Processed 7830 samples out of 10000, 0 errors
11:37:35,705 INFO Experiment.PerfCost-8164: Processed 7840 samples out of 10000, 0 errors
11:37:48,553 INFO Experiment.PerfCost-8164: Processed 7850 samples out of 10000, 0 errors
11:38:01,401 INFO Experiment.PerfCost-8164: Processed 7860 samples out of 10000, 0 errors
11:38:14,344 INFO Experiment.PerfCost-8164: Processed 7870 samples out of 10000, 0 errors
11:38:27,277 INFO Experiment.PerfCost-8164: Processed 7880 samples out of 10000, 0 errors
11:38:40,56 INFO Experiment.PerfCost-8164: Processed 7890 samples out of 10000, 0 errors
11:38:52,908 INFO Experiment.PerfCost-8164: Processed 7900 samples out of 10000, 0 errors
11:39:05,867 INFO Experiment.PerfCost-8164: Processed 7910 samples out of 10000, 0 errors
11:39:18,656 INFO Experiment.PerfCost-8164: Processed 7920 samples out of 10000, 0 errors
11:39:31,415 INFO Experiment.PerfCost-8164: Processed 7930 samples out of 10000, 0 errors
11:39:44,329 INFO Experiment.PerfCost-8164: Processed 7940 samples out of 10000, 0 errors
11:39:57,223 INFO Experiment.PerfCost-8164: Processed 7950 samples out of 10000, 0 errors
11:40:10,9 INFO Experiment.PerfCost-8164: Processed 7960 samples out of 10000, 0 errors
11:40:22,813 INFO Experiment.PerfCost-8164: Processed 7970 samples out of 10000, 0 errors
11:40:35,650 INFO Experiment.PerfCost-8164: Processed 7980 samples out of 10000, 0 errors
11:40:48,439 INFO Experiment.PerfCost-8164: Processed 7990 samples out of 10000, 0 errors
11:41:01,311 INFO Experiment.PerfCost-8164: Processed 8000 samples out of 10000, 0 errors
11:41:14,207 INFO Experiment.PerfCost-8164: Processed 8010 samples out of 10000, 0 errors
11:41:26,969 INFO Experiment.PerfCost-8164: Processed 8020 samples out of 10000, 0 errors
11:41:39,690 INFO Experiment.PerfCost-8164: Processed 8030 samples out of 10000, 0 errors
11:41:52,567 INFO Experiment.PerfCost-8164: Processed 8040 samples out of 10000, 0 errors
11:42:05,473 INFO Experiment.PerfCost-8164: Processed 8050 samples out of 10000, 0 errors
11:42:18,377 INFO Experiment.PerfCost-8164: Processed 8060 samples out of 10000, 0 errors
11:42:31,206 INFO Experiment.PerfCost-8164: Processed 8070 samples out of 10000, 0 errors
11:42:44,85 INFO Experiment.PerfCost-8164: Processed 8080 samples out of 10000, 0 errors
11:42:56,918 INFO Experiment.PerfCost-8164: Processed 8090 samples out of 10000, 0 errors
11:43:09,724 INFO Experiment.PerfCost-8164: Processed 8100 samples out of 10000, 0 errors
11:43:22,560 INFO Experiment.PerfCost-8164: Processed 8110 samples out of 10000, 0 errors
11:43:35,403 INFO Experiment.PerfCost-8164: Processed 8120 samples out of 10000, 0 errors
11:43:48,166 INFO Experiment.PerfCost-8164: Processed 8130 samples out of 10000, 0 errors
11:44:01,36 INFO Experiment.PerfCost-8164: Processed 8140 samples out of 10000, 0 errors
11:44:13,891 INFO Experiment.PerfCost-8164: Processed 8150 samples out of 10000, 0 errors
11:44:26,708 INFO Experiment.PerfCost-8164: Processed 8160 samples out of 10000, 0 errors
11:44:39,511 INFO Experiment.PerfCost-8164: Processed 8170 samples out of 10000, 0 errors
11:44:52,464 INFO Experiment.PerfCost-8164: Processed 8180 samples out of 10000, 0 errors
11:45:05,290 INFO Experiment.PerfCost-8164: Processed 8190 samples out of 10000, 0 errors
11:45:18,138 INFO Experiment.PerfCost-8164: Processed 8200 samples out of 10000, 0 errors
11:45:30,982 INFO Experiment.PerfCost-8164: Processed 8210 samples out of 10000, 0 errors
11:45:43,826 INFO Experiment.PerfCost-8164: Processed 8220 samples out of 10000, 0 errors
11:45:56,661 INFO Experiment.PerfCost-8164: Processed 8230 samples out of 10000, 0 errors
11:46:09,514 INFO Experiment.PerfCost-8164: Processed 8240 samples out of 10000, 0 errors
11:46:22,367 INFO Experiment.PerfCost-8164: Processed 8250 samples out of 10000, 0 errors
11:46:35,240 INFO Experiment.PerfCost-8164: Processed 8260 samples out of 10000, 0 errors
11:46:48,133 INFO Experiment.PerfCost-8164: Processed 8270 samples out of 10000, 0 errors
11:47:00,931 INFO Experiment.PerfCost-8164: Processed 8280 samples out of 10000, 0 errors
11:47:13,764 INFO Experiment.PerfCost-8164: Processed 8290 samples out of 10000, 0 errors
11:47:26,670 INFO Experiment.PerfCost-8164: Processed 8300 samples out of 10000, 0 errors
11:47:39,506 INFO Experiment.PerfCost-8164: Processed 8310 samples out of 10000, 0 errors
11:47:52,386 INFO Experiment.PerfCost-8164: Processed 8320 samples out of 10000, 0 errors
11:48:05,279 INFO Experiment.PerfCost-8164: Processed 8330 samples out of 10000, 0 errors
11:48:18,74 INFO Experiment.PerfCost-8164: Processed 8340 samples out of 10000, 0 errors
11:48:30,824 INFO Experiment.PerfCost-8164: Processed 8350 samples out of 10000, 0 errors
11:48:43,581 INFO Experiment.PerfCost-8164: Processed 8360 samples out of 10000, 0 errors
11:48:56,450 INFO Experiment.PerfCost-8164: Processed 8370 samples out of 10000, 0 errors
11:49:09,347 INFO Experiment.PerfCost-8164: Processed 8380 samples out of 10000, 0 errors
11:49:22,212 INFO Experiment.PerfCost-8164: Processed 8390 samples out of 10000, 0 errors
11:49:35,26 INFO Experiment.PerfCost-8164: Processed 8400 samples out of 10000, 0 errors
11:49:47,953 INFO Experiment.PerfCost-8164: Processed 8410 samples out of 10000, 0 errors
11:50:00,741 INFO Experiment.PerfCost-8164: Processed 8420 samples out of 10000, 0 errors
11:50:13,638 INFO Experiment.PerfCost-8164: Processed 8430 samples out of 10000, 0 errors
11:50:26,464 INFO Experiment.PerfCost-8164: Processed 8440 samples out of 10000, 0 errors
11:50:39,353 INFO Experiment.PerfCost-8164: Processed 8450 samples out of 10000, 0 errors
11:50:52,184 INFO Experiment.PerfCost-8164: Processed 8460 samples out of 10000, 0 errors
11:51:05,24 INFO Experiment.PerfCost-8164: Processed 8470 samples out of 10000, 0 errors
11:51:17,831 INFO Experiment.PerfCost-8164: Processed 8480 samples out of 10000, 0 errors
11:51:30,636 INFO Experiment.PerfCost-8164: Processed 8490 samples out of 10000, 0 errors
11:51:43,537 INFO Experiment.PerfCost-8164: Processed 8500 samples out of 10000, 0 errors
11:51:56,437 INFO Experiment.PerfCost-8164: Processed 8510 samples out of 10000, 0 errors
11:52:09,265 INFO Experiment.PerfCost-8164: Processed 8520 samples out of 10000, 0 errors
11:52:22,135 INFO Experiment.PerfCost-8164: Processed 8530 samples out of 10000, 0 errors
11:52:34,977 INFO Experiment.PerfCost-8164: Processed 8540 samples out of 10000, 0 errors
11:52:47,874 INFO Experiment.PerfCost-8164: Processed 8550 samples out of 10000, 0 errors
11:53:00,568 INFO Experiment.PerfCost-8164: Processed 8560 samples out of 10000, 0 errors
11:53:13,410 INFO Experiment.PerfCost-8164: Processed 8570 samples out of 10000, 0 errors
11:53:26,293 INFO Experiment.PerfCost-8164: Processed 8580 samples out of 10000, 0 errors
11:53:39,95 INFO Experiment.PerfCost-8164: Processed 8590 samples out of 10000, 0 errors
11:53:51,964 INFO Experiment.PerfCost-8164: Processed 8600 samples out of 10000, 0 errors
11:54:04,776 INFO Experiment.PerfCost-8164: Processed 8610 samples out of 10000, 0 errors
11:54:17,665 INFO Experiment.PerfCost-8164: Processed 8620 samples out of 10000, 0 errors
11:54:30,497 INFO Experiment.PerfCost-8164: Processed 8630 samples out of 10000, 0 errors
11:54:43,386 INFO Experiment.PerfCost-8164: Processed 8640 samples out of 10000, 0 errors
11:54:56,338 INFO Experiment.PerfCost-8164: Processed 8650 samples out of 10000, 0 errors
11:55:09,172 INFO Experiment.PerfCost-8164: Processed 8660 samples out of 10000, 0 errors
11:55:21,986 INFO Experiment.PerfCost-8164: Processed 8670 samples out of 10000, 0 errors
11:55:34,790 INFO Experiment.PerfCost-8164: Processed 8680 samples out of 10000, 0 errors
11:55:47,645 INFO Experiment.PerfCost-8164: Processed 8690 samples out of 10000, 0 errors
11:56:00,431 INFO Experiment.PerfCost-8164: Processed 8700 samples out of 10000, 0 errors
11:56:13,284 INFO Experiment.PerfCost-8164: Processed 8710 samples out of 10000, 0 errors
11:56:26,133 INFO Experiment.PerfCost-8164: Processed 8720 samples out of 10000, 0 errors
11:56:39,58 INFO Experiment.PerfCost-8164: Processed 8730 samples out of 10000, 0 errors
11:56:51,898 INFO Experiment.PerfCost-8164: Processed 8740 samples out of 10000, 0 errors
11:57:04,825 INFO Experiment.PerfCost-8164: Processed 8750 samples out of 10000, 0 errors
11:57:17,636 INFO Experiment.PerfCost-8164: Processed 8760 samples out of 10000, 0 errors
11:57:30,396 INFO Experiment.PerfCost-8164: Processed 8770 samples out of 10000, 0 errors
11:57:43,360 INFO Experiment.PerfCost-8164: Processed 8780 samples out of 10000, 0 errors
11:57:56,218 INFO Experiment.PerfCost-8164: Processed 8790 samples out of 10000, 0 errors
11:58:09,24 INFO Experiment.PerfCost-8164: Processed 8800 samples out of 10000, 0 errors
11:58:21,951 INFO Experiment.PerfCost-8164: Processed 8810 samples out of 10000, 0 errors
11:58:34,887 INFO Experiment.PerfCost-8164: Processed 8820 samples out of 10000, 0 errors
11:58:47,663 INFO Experiment.PerfCost-8164: Processed 8830 samples out of 10000, 0 errors
11:59:00,432 INFO Experiment.PerfCost-8164: Processed 8840 samples out of 10000, 0 errors
11:59:13,329 INFO Experiment.PerfCost-8164: Processed 8850 samples out of 10000, 0 errors
11:59:26,241 INFO Experiment.PerfCost-8164: Processed 8860 samples out of 10000, 0 errors
11:59:39,7 INFO Experiment.PerfCost-8164: Processed 8870 samples out of 10000, 0 errors
11:59:51,815 INFO Experiment.PerfCost-8164: Processed 8880 samples out of 10000, 0 errors
12:00:04,720 INFO Experiment.PerfCost-8164: Processed 8890 samples out of 10000, 0 errors
12:00:17,529 INFO Experiment.PerfCost-8164: Processed 8900 samples out of 10000, 0 errors
12:00:30,250 INFO Experiment.PerfCost-8164: Processed 8910 samples out of 10000, 0 errors
12:00:43,156 INFO Experiment.PerfCost-8164: Processed 8920 samples out of 10000, 0 errors
12:00:56,49 INFO Experiment.PerfCost-8164: Processed 8930 samples out of 10000, 0 errors
12:01:08,910 INFO Experiment.PerfCost-8164: Processed 8940 samples out of 10000, 0 errors
12:01:21,744 INFO Experiment.PerfCost-8164: Processed 8950 samples out of 10000, 0 errors
12:01:34,731 INFO Experiment.PerfCost-8164: Processed 8960 samples out of 10000, 0 errors
12:01:47,690 INFO Experiment.PerfCost-8164: Processed 8970 samples out of 10000, 0 errors
12:02:00,392 INFO Experiment.PerfCost-8164: Processed 8980 samples out of 10000, 0 errors
12:02:13,294 INFO Experiment.PerfCost-8164: Processed 8990 samples out of 10000, 0 errors
12:02:26,183 INFO Experiment.PerfCost-8164: Processed 9000 samples out of 10000, 0 errors
12:02:38,922 INFO Experiment.PerfCost-8164: Processed 9010 samples out of 10000, 0 errors
12:02:51,776 INFO Experiment.PerfCost-8164: Processed 9020 samples out of 10000, 0 errors
12:03:04,746 INFO Experiment.PerfCost-8164: Processed 9030 samples out of 10000, 0 errors
12:03:17,697 INFO Experiment.PerfCost-8164: Processed 9040 samples out of 10000, 0 errors
12:03:30,540 INFO Experiment.PerfCost-8164: Processed 9050 samples out of 10000, 0 errors
12:03:43,310 INFO Experiment.PerfCost-8164: Processed 9060 samples out of 10000, 0 errors
12:03:56,150 INFO Experiment.PerfCost-8164: Processed 9070 samples out of 10000, 0 errors
12:04:09,59 INFO Experiment.PerfCost-8164: Processed 9080 samples out of 10000, 0 errors
12:04:21,844 INFO Experiment.PerfCost-8164: Processed 9090 samples out of 10000, 0 errors
12:04:34,795 INFO Experiment.PerfCost-8164: Processed 9100 samples out of 10000, 0 errors
12:04:47,650 INFO Experiment.PerfCost-8164: Processed 9110 samples out of 10000, 0 errors
12:05:00,416 INFO Experiment.PerfCost-8164: Processed 9120 samples out of 10000, 0 errors
12:05:13,253 INFO Experiment.PerfCost-8164: Processed 9130 samples out of 10000, 0 errors
12:05:26,101 INFO Experiment.PerfCost-8164: Processed 9140 samples out of 10000, 0 errors
12:05:38,933 INFO Experiment.PerfCost-8164: Processed 9150 samples out of 10000, 0 errors
12:05:51,682 INFO Experiment.PerfCost-8164: Processed 9160 samples out of 10000, 0 errors
12:06:04,494 INFO Experiment.PerfCost-8164: Processed 9170 samples out of 10000, 0 errors
12:06:17,396 INFO Experiment.PerfCost-8164: Processed 9180 samples out of 10000, 0 errors
12:06:30,161 INFO Experiment.PerfCost-8164: Processed 9190 samples out of 10000, 0 errors
12:06:43,39 INFO Experiment.PerfCost-8164: Processed 9200 samples out of 10000, 0 errors
12:06:55,903 INFO Experiment.PerfCost-8164: Processed 9210 samples out of 10000, 0 errors
12:07:08,789 INFO Experiment.PerfCost-8164: Processed 9220 samples out of 10000, 0 errors
12:07:21,658 INFO Experiment.PerfCost-8164: Processed 9230 samples out of 10000, 0 errors
12:07:34,496 INFO Experiment.PerfCost-8164: Processed 9240 samples out of 10000, 0 errors
12:07:47,123 INFO Experiment.PerfCost-8164: Processed 9250 samples out of 10000, 0 errors
12:07:59,799 INFO Experiment.PerfCost-8164: Processed 9260 samples out of 10000, 0 errors
12:08:12,664 INFO Experiment.PerfCost-8164: Processed 9270 samples out of 10000, 0 errors
12:08:25,515 INFO Experiment.PerfCost-8164: Processed 9280 samples out of 10000, 0 errors
12:08:38,329 INFO Experiment.PerfCost-8164: Processed 9290 samples out of 10000, 0 errors
12:08:51,146 INFO Experiment.PerfCost-8164: Processed 9300 samples out of 10000, 0 errors
12:09:04,23 INFO Experiment.PerfCost-8164: Processed 9310 samples out of 10000, 0 errors
12:09:16,879 INFO Experiment.PerfCost-8164: Processed 9320 samples out of 10000, 0 errors
12:09:29,668 INFO Experiment.PerfCost-8164: Processed 9330 samples out of 10000, 0 errors
12:09:42,554 INFO Experiment.PerfCost-8164: Processed 9340 samples out of 10000, 0 errors
12:09:55,393 INFO Experiment.PerfCost-8164: Processed 9350 samples out of 10000, 0 errors
12:10:08,171 INFO Experiment.PerfCost-8164: Processed 9360 samples out of 10000, 0 errors
12:10:20,934 INFO Experiment.PerfCost-8164: Processed 9370 samples out of 10000, 0 errors
12:10:33,717 INFO Experiment.PerfCost-8164: Processed 9380 samples out of 10000, 0 errors
12:10:46,684 INFO Experiment.PerfCost-8164: Processed 9390 samples out of 10000, 0 errors
12:10:59,121 INFO Experiment.PerfCost-8164: Processed 9400 samples out of 10000, 0 errors
12:11:11,922 INFO Experiment.PerfCost-8164: Processed 9410 samples out of 10000, 0 errors
12:11:24,652 INFO Experiment.PerfCost-8164: Processed 9420 samples out of 10000, 0 errors
12:11:37,445 INFO Experiment.PerfCost-8164: Processed 9430 samples out of 10000, 0 errors
12:11:50,194 INFO Experiment.PerfCost-8164: Processed 9440 samples out of 10000, 0 errors
12:12:03,66 INFO Experiment.PerfCost-8164: Processed 9450 samples out of 10000, 0 errors
12:12:15,745 INFO Experiment.PerfCost-8164: Processed 9460 samples out of 10000, 0 errors
12:12:28,347 INFO Experiment.PerfCost-8164: Processed 9470 samples out of 10000, 0 errors
12:12:40,855 INFO Experiment.PerfCost-8164: Processed 9480 samples out of 10000, 0 errors
12:12:53,771 INFO Experiment.PerfCost-8164: Processed 9490 samples out of 10000, 0 errors
12:13:06,596 INFO Experiment.PerfCost-8164: Processed 9500 samples out of 10000, 0 errors
12:13:19,367 INFO Experiment.PerfCost-8164: Processed 9510 samples out of 10000, 0 errors
12:13:32,228 INFO Experiment.PerfCost-8164: Processed 9520 samples out of 10000, 0 errors
12:13:45,114 INFO Experiment.PerfCost-8164: Processed 9530 samples out of 10000, 0 errors
12:13:57,947 INFO Experiment.PerfCost-8164: Processed 9540 samples out of 10000, 0 errors
12:14:10,628 INFO Experiment.PerfCost-8164: Processed 9550 samples out of 10000, 0 errors
12:14:23,385 INFO Experiment.PerfCost-8164: Processed 9560 samples out of 10000, 0 errors
12:14:36,304 INFO Experiment.PerfCost-8164: Processed 9570 samples out of 10000, 0 errors
12:14:49,194 INFO Experiment.PerfCost-8164: Processed 9580 samples out of 10000, 0 errors
12:15:01,980 INFO Experiment.PerfCost-8164: Processed 9590 samples out of 10000, 0 errors
12:15:14,825 INFO Experiment.PerfCost-8164: Processed 9600 samples out of 10000, 0 errors
12:15:27,741 INFO Experiment.PerfCost-8164: Processed 9610 samples out of 10000, 0 errors
12:15:40,472 INFO Experiment.PerfCost-8164: Processed 9620 samples out of 10000, 0 errors
12:15:53,277 INFO Experiment.PerfCost-8164: Processed 9630 samples out of 10000, 0 errors
12:16:06,17 INFO Experiment.PerfCost-8164: Processed 9640 samples out of 10000, 0 errors
12:16:18,811 INFO Experiment.PerfCost-8164: Processed 9650 samples out of 10000, 0 errors
12:16:31,443 INFO Experiment.PerfCost-8164: Processed 9660 samples out of 10000, 0 errors
12:16:44,166 INFO Experiment.PerfCost-8164: Processed 9670 samples out of 10000, 0 errors
12:16:56,897 INFO Experiment.PerfCost-8164: Processed 9680 samples out of 10000, 0 errors
12:17:09,634 INFO Experiment.PerfCost-8164: Processed 9690 samples out of 10000, 0 errors
12:17:22,329 INFO Experiment.PerfCost-8164: Processed 9700 samples out of 10000, 0 errors
12:17:34,998 INFO Experiment.PerfCost-8164: Processed 9710 samples out of 10000, 0 errors
12:17:47,796 INFO Experiment.PerfCost-8164: Processed 9720 samples out of 10000, 0 errors
12:18:00,353 INFO Experiment.PerfCost-8164: Processed 9730 samples out of 10000, 0 errors
12:18:13,12 INFO Experiment.PerfCost-8164: Processed 9740 samples out of 10000, 0 errors
12:18:25,601 INFO Experiment.PerfCost-8164: Processed 9750 samples out of 10000, 0 errors
12:18:38,188 INFO Experiment.PerfCost-8164: Processed 9760 samples out of 10000, 0 errors
12:18:50,721 INFO Experiment.PerfCost-8164: Processed 9770 samples out of 10000, 0 errors
12:19:03,342 INFO Experiment.PerfCost-8164: Processed 9780 samples out of 10000, 0 errors
12:19:15,960 INFO Experiment.PerfCost-8164: Processed 9790 samples out of 10000, 0 errors
12:19:28,738 INFO Experiment.PerfCost-8164: Processed 9800 samples out of 10000, 0 errors
12:19:41,224 INFO Experiment.PerfCost-8164: Processed 9810 samples out of 10000, 0 errors
12:19:54,28 INFO Experiment.PerfCost-8164: Processed 9820 samples out of 10000, 0 errors
12:20:06,644 INFO Experiment.PerfCost-8164: Processed 9830 samples out of 10000, 0 errors
12:20:19,325 INFO Experiment.PerfCost-8164: Processed 9840 samples out of 10000, 0 errors
12:20:32,72 INFO Experiment.PerfCost-8164: Processed 9850 samples out of 10000, 0 errors
12:20:44,696 INFO Experiment.PerfCost-8164: Processed 9860 samples out of 10000, 0 errors
12:20:57,380 INFO Experiment.PerfCost-8164: Processed 9870 samples out of 10000, 0 errors
12:21:09,991 INFO Experiment.PerfCost-8164: Processed 9880 samples out of 10000, 0 errors
12:21:22,801 INFO Experiment.PerfCost-8164: Processed 9890 samples out of 10000, 0 errors
12:21:35,689 INFO Experiment.PerfCost-8164: Processed 9900 samples out of 10000, 0 errors
12:21:48,555 INFO Experiment.PerfCost-8164: Processed 9910 samples out of 10000, 0 errors
12:22:01,366 INFO Experiment.PerfCost-8164: Processed 9920 samples out of 10000, 0 errors
12:22:14,164 INFO Experiment.PerfCost-8164: Processed 9930 samples out of 10000, 0 errors
12:22:27,22 INFO Experiment.PerfCost-8164: Processed 9940 samples out of 10000, 0 errors
12:22:39,856 INFO Experiment.PerfCost-8164: Processed 9950 samples out of 10000, 0 errors
12:22:52,665 INFO Experiment.PerfCost-8164: Processed 9960 samples out of 10000, 0 errors
12:23:05,551 INFO Experiment.PerfCost-8164: Processed 9970 samples out of 10000, 0 errors
12:23:18,365 INFO Experiment.PerfCost-8164: Processed 9980 samples out of 10000, 0 errors
12:23:31,144 INFO Experiment.PerfCost-8164: Processed 9990 samples out of 10000, 0 errors
12:23:44,9 INFO Experiment.PerfCost-8164: Processed 10000 samples out of 10000, 0 errors
12:23:49,21 INFO Experiment.PerfCost-8164: Mean 1710.7746898000003 [ms], median 1873.58 [ms], std 693.2835817133653, CV 40.524540481389415
12:23:49,26 INFO Experiment.PerfCost-8164: Parametric CI (Student's t-distribution) 0.95 from 1697.1842567321332 to 1724.3651228678673, within 0.7944022756997783% of mean
12:23:49,29 INFO Experiment.PerfCost-8164: Non-parametric CI 0.95 from 1870.51 to 1877.792, within 0.19433384216312957% of median
12:23:49,32 INFO Experiment.PerfCost-8164: Parametric CI (Student's t-distribution) 0.99 from 1692.912585502665 to 1728.6367940973355, within 1.044094491450737% of mean
12:23:49,35 INFO Experiment.PerfCost-8164: Non-parametric CI 0.99 from 1869.203 to 1878.841, within 0.2572081256204678% of median
