01:32:40,831 INFO SeBS-6b5f: Created experiment output at /home/anou/msc-thesis/task-based-experiment/experiment-results/python/instrumented/640.video-processing-otel
01:32:41,157 INFO OpenWhisk.Resources-6348: Using user-provided configuration of storage for OpenWhisk.
01:32:41,158 INFO OpenWhisk-cf5b: Using existing resource name: fd5e1ae0.
01:32:41,160 INFO Benchmark-726d: Building benchmark 640.video-processing-opentelemetry. Reason: no cached code package.
01:32:48,161 INFO Benchmark-726d: There is no Docker build image for openwhisk run in python, thus skipping the Docker-based installation of dependencies.
01:32:48,162 INFO OpenWhisk-cf5b: Build the benchmark base image andersnou/msc-thesis:function.openwhisk.640.video-processing-opentelemetry.python-3.7.
01:32:49,80 INFO OpenWhisk-cf5b: Push the benchmark base image andersnou/msc-thesis:function.openwhisk.640.video-processing-opentelemetry.python-3.7 to registry: Docker Hub.
01:32:50,513 INFO OpenWhisk-cf5b: Created /home/anou/msc-thesis/task-based-experiment/experiment-results/python/instrumented/640.video-processing-otel/640.video-processing-opentelemetry_code/python/3.7/640.video-processing-opentelemetry.zip archive
01:32:50,513 INFO OpenWhisk-cf5b: Zip archive size 0.000734 MB
01:32:50,516 INFO Benchmark-726d: Created code package (source hash: 19de9aee1d098656bfd1013f881a1da4), for run on openwhisk with python:3.7
01:32:50,519 INFO OpenWhisk-cf5b: Creating new function! Reason: function 640.video-processing-opentelemetry-python-3.7 not found in cache.
01:32:50,519 INFO OpenWhisk-cf5b: Creating function as an action in OpenWhisk.
01:32:50,692 INFO OpenWhisk-cf5b: Retrieved existing OpenWhisk action 640.video-processing-opentelemetry-python-3.7.
01:32:50,693 INFO OpenWhisk-cf5b: Update an existing OpenWhisk action 640.video-processing-opentelemetry-python-3.7.
01:32:51,227 INFO Experiment.PerfCost-3479: Begin experiment on memory size 512
01:32:51,227 INFO OpenWhisk-cf5b: Update an existing OpenWhisk action 640.video-processing-opentelemetry-python-3.7.
01:32:51,386 INFO Experiment.PerfCost-3479: Begin warm experiments
01:33:07,456 INFO Experiment.PerfCost-3479: Processed 0 warm-up samples, ignoring these results.
01:33:19,772 INFO Experiment.PerfCost-3479: Processed 10 samples out of 10000, 0 errors
01:33:33,531 INFO Experiment.PerfCost-3479: Processed 20 samples out of 10000, 0 errors
01:33:48,40 INFO Experiment.PerfCost-3479: Processed 30 samples out of 10000, 0 errors
01:34:01,790 INFO Experiment.PerfCost-3479: Processed 40 samples out of 10000, 0 errors
01:34:15,549 INFO Experiment.PerfCost-3479: Processed 50 samples out of 10000, 0 errors
01:34:27,975 INFO Experiment.PerfCost-3479: Processed 60 samples out of 10000, 0 errors
01:34:41,757 INFO Experiment.PerfCost-3479: Processed 70 samples out of 10000, 0 errors
01:34:55,526 INFO Experiment.PerfCost-3479: Processed 80 samples out of 10000, 0 errors
01:35:09,272 INFO Experiment.PerfCost-3479: Processed 90 samples out of 10000, 0 errors
01:35:22,609 INFO Experiment.PerfCost-3479: Processed 100 samples out of 10000, 0 errors
01:35:36,373 INFO Experiment.PerfCost-3479: Processed 110 samples out of 10000, 0 errors
01:35:50,94 INFO Experiment.PerfCost-3479: Processed 120 samples out of 10000, 0 errors
01:36:03,865 INFO Experiment.PerfCost-3479: Processed 130 samples out of 10000, 0 errors
01:36:17,609 INFO Experiment.PerfCost-3479: Processed 140 samples out of 10000, 0 errors
01:36:32,844 INFO Experiment.PerfCost-3479: Processed 150 samples out of 10000, 0 errors
01:36:46,601 INFO Experiment.PerfCost-3479: Processed 160 samples out of 10000, 0 errors
01:37:00,337 INFO Experiment.PerfCost-3479: Processed 170 samples out of 10000, 0 errors
01:37:14,82 INFO Experiment.PerfCost-3479: Processed 180 samples out of 10000, 0 errors
01:37:27,834 INFO Experiment.PerfCost-3479: Processed 190 samples out of 10000, 0 errors
01:37:42,478 INFO Experiment.PerfCost-3479: Processed 200 samples out of 10000, 0 errors
01:37:56,209 INFO Experiment.PerfCost-3479: Processed 210 samples out of 10000, 0 errors
01:38:09,954 INFO Experiment.PerfCost-3479: Processed 220 samples out of 10000, 0 errors
01:38:24,488 INFO Experiment.PerfCost-3479: Processed 230 samples out of 10000, 0 errors
01:38:39,192 INFO Experiment.PerfCost-3479: Processed 240 samples out of 10000, 0 errors
01:38:53,676 INFO Experiment.PerfCost-3479: Processed 250 samples out of 10000, 0 errors
01:39:07,423 INFO Experiment.PerfCost-3479: Processed 260 samples out of 10000, 0 errors
01:39:22,300 INFO Experiment.PerfCost-3479: Processed 270 samples out of 10000, 0 errors
01:39:37,213 INFO Experiment.PerfCost-3479: Processed 280 samples out of 10000, 0 errors
01:39:51,1 INFO Experiment.PerfCost-3479: Processed 290 samples out of 10000, 0 errors
01:40:04,718 INFO Experiment.PerfCost-3479: Processed 300 samples out of 10000, 0 errors
01:40:19,242 INFO Experiment.PerfCost-3479: Processed 310 samples out of 10000, 0 errors
01:40:33,4 INFO Experiment.PerfCost-3479: Processed 320 samples out of 10000, 0 errors
01:40:46,746 INFO Experiment.PerfCost-3479: Processed 330 samples out of 10000, 0 errors
01:41:00,516 INFO Experiment.PerfCost-3479: Processed 340 samples out of 10000, 0 errors
01:41:14,271 INFO Experiment.PerfCost-3479: Processed 350 samples out of 10000, 0 errors
01:41:28,47 INFO Experiment.PerfCost-3479: Processed 360 samples out of 10000, 0 errors
01:41:41,774 INFO Experiment.PerfCost-3479: Processed 370 samples out of 10000, 0 errors
01:41:56,324 INFO Experiment.PerfCost-3479: Processed 380 samples out of 10000, 0 errors
01:42:10,828 INFO Experiment.PerfCost-3479: Processed 390 samples out of 10000, 0 errors
01:42:24,620 INFO Experiment.PerfCost-3479: Processed 400 samples out of 10000, 0 errors
01:42:37,70 INFO Experiment.PerfCost-3479: Processed 410 samples out of 10000, 0 errors
01:42:50,789 INFO Experiment.PerfCost-3479: Processed 420 samples out of 10000, 0 errors
01:43:04,557 INFO Experiment.PerfCost-3479: Processed 430 samples out of 10000, 0 errors
01:43:18,338 INFO Experiment.PerfCost-3479: Processed 440 samples out of 10000, 0 errors
01:43:30,644 INFO Experiment.PerfCost-3479: Processed 450 samples out of 10000, 0 errors
01:43:44,385 INFO Experiment.PerfCost-3479: Processed 460 samples out of 10000, 0 errors
01:43:58,141 INFO Experiment.PerfCost-3479: Processed 470 samples out of 10000, 0 errors
01:44:12,627 INFO Experiment.PerfCost-3479: Processed 480 samples out of 10000, 0 errors
01:44:26,356 INFO Experiment.PerfCost-3479: Processed 490 samples out of 10000, 0 errors
01:44:41,602 INFO Experiment.PerfCost-3479: Processed 500 samples out of 10000, 0 errors
01:44:55,352 INFO Experiment.PerfCost-3479: Processed 510 samples out of 10000, 0 errors
01:45:07,904 INFO Experiment.PerfCost-3479: Processed 520 samples out of 10000, 0 errors
01:45:22,790 INFO Experiment.PerfCost-3479: Processed 530 samples out of 10000, 0 errors
01:45:37,654 INFO Experiment.PerfCost-3479: Processed 540 samples out of 10000, 0 errors
01:45:52,383 INFO Experiment.PerfCost-3479: Processed 550 samples out of 10000, 0 errors
01:46:06,141 INFO Experiment.PerfCost-3479: Processed 560 samples out of 10000, 0 errors
01:46:18,285 INFO Experiment.PerfCost-3479: Processed 570 samples out of 10000, 0 errors
01:46:33,8 INFO Experiment.PerfCost-3479: Processed 580 samples out of 10000, 0 errors
01:46:46,787 INFO Experiment.PerfCost-3479: Processed 590 samples out of 10000, 0 errors
01:47:01,492 INFO Experiment.PerfCost-3479: Processed 600 samples out of 10000, 0 errors
01:47:15,312 INFO Experiment.PerfCost-3479: Processed 610 samples out of 10000, 0 errors
01:47:27,784 INFO Experiment.PerfCost-3479: Processed 620 samples out of 10000, 0 errors
01:47:43,215 INFO Experiment.PerfCost-3479: Processed 630 samples out of 10000, 0 errors
01:47:57,669 INFO Experiment.PerfCost-3479: Processed 640 samples out of 10000, 0 errors
01:48:10,599 INFO Experiment.PerfCost-3479: Processed 650 samples out of 10000, 0 errors
01:48:24,352 INFO Experiment.PerfCost-3479: Processed 660 samples out of 10000, 0 errors
01:48:38,133 INFO Experiment.PerfCost-3479: Processed 670 samples out of 10000, 0 errors
01:48:51,896 INFO Experiment.PerfCost-3479: Processed 680 samples out of 10000, 0 errors
01:49:06,508 INFO Experiment.PerfCost-3479: Processed 690 samples out of 10000, 0 errors
01:49:20,257 INFO Experiment.PerfCost-3479: Processed 700 samples out of 10000, 0 errors
01:49:34,37 INFO Experiment.PerfCost-3479: Processed 710 samples out of 10000, 0 errors
01:49:47,828 INFO Experiment.PerfCost-3479: Processed 720 samples out of 10000, 0 errors
01:50:01,551 INFO Experiment.PerfCost-3479: Processed 730 samples out of 10000, 0 errors
01:50:15,345 INFO Experiment.PerfCost-3479: Processed 740 samples out of 10000, 0 errors
01:50:29,157 INFO Experiment.PerfCost-3479: Processed 750 samples out of 10000, 0 errors
01:50:42,910 INFO Experiment.PerfCost-3479: Processed 760 samples out of 10000, 0 errors
01:50:56,679 INFO Experiment.PerfCost-3479: Processed 770 samples out of 10000, 0 errors
01:51:10,423 INFO Experiment.PerfCost-3479: Processed 780 samples out of 10000, 0 errors
01:51:25,354 INFO Experiment.PerfCost-3479: Processed 790 samples out of 10000, 0 errors
01:51:40,219 INFO Experiment.PerfCost-3479: Processed 800 samples out of 10000, 0 errors
01:51:53,953 INFO Experiment.PerfCost-3479: Processed 810 samples out of 10000, 0 errors
01:52:07,695 INFO Experiment.PerfCost-3479: Processed 820 samples out of 10000, 0 errors
01:52:21,440 INFO Experiment.PerfCost-3479: Processed 830 samples out of 10000, 0 errors
01:52:35,185 INFO Experiment.PerfCost-3479: Processed 840 samples out of 10000, 0 errors
01:52:48,949 INFO Experiment.PerfCost-3479: Processed 850 samples out of 10000, 0 errors
01:53:02,695 INFO Experiment.PerfCost-3479: Processed 860 samples out of 10000, 0 errors
01:53:16,452 INFO Experiment.PerfCost-3479: Processed 870 samples out of 10000, 0 errors
01:53:30,211 INFO Experiment.PerfCost-3479: Processed 880 samples out of 10000, 0 errors
01:53:43,960 INFO Experiment.PerfCost-3479: Processed 890 samples out of 10000, 0 errors
01:53:57,685 INFO Experiment.PerfCost-3479: Processed 900 samples out of 10000, 0 errors
01:54:11,467 INFO Experiment.PerfCost-3479: Processed 910 samples out of 10000, 0 errors
01:54:26,137 INFO Experiment.PerfCost-3479: Processed 920 samples out of 10000, 0 errors
01:54:38,663 INFO Experiment.PerfCost-3479: Processed 930 samples out of 10000, 0 errors
01:54:52,428 INFO Experiment.PerfCost-3479: Processed 940 samples out of 10000, 0 errors
01:55:04,961 INFO Experiment.PerfCost-3479: Processed 950 samples out of 10000, 0 errors
01:55:18,709 INFO Experiment.PerfCost-3479: Processed 960 samples out of 10000, 0 errors
01:55:32,436 INFO Experiment.PerfCost-3479: Processed 970 samples out of 10000, 0 errors
01:55:46,228 INFO Experiment.PerfCost-3479: Processed 980 samples out of 10000, 0 errors
01:55:58,834 INFO Experiment.PerfCost-3479: Processed 990 samples out of 10000, 0 errors
01:56:13,575 INFO Experiment.PerfCost-3479: Processed 1000 samples out of 10000, 0 errors
01:56:28,949 INFO Experiment.PerfCost-3479: Processed 1010 samples out of 10000, 0 errors
01:56:42,737 INFO Experiment.PerfCost-3479: Processed 1020 samples out of 10000, 0 errors
01:56:57,279 INFO Experiment.PerfCost-3479: Processed 1030 samples out of 10000, 0 errors
01:57:11,38 INFO Experiment.PerfCost-3479: Processed 1040 samples out of 10000, 0 errors
01:57:24,817 INFO Experiment.PerfCost-3479: Processed 1050 samples out of 10000, 0 errors
01:57:38,552 INFO Experiment.PerfCost-3479: Processed 1060 samples out of 10000, 0 errors
01:57:52,297 INFO Experiment.PerfCost-3479: Processed 1070 samples out of 10000, 0 errors
01:58:06,990 INFO Experiment.PerfCost-3479: Processed 1080 samples out of 10000, 0 errors
01:58:19,528 INFO Experiment.PerfCost-3479: Processed 1090 samples out of 10000, 0 errors
01:58:34,284 INFO Experiment.PerfCost-3479: Processed 1100 samples out of 10000, 0 errors
01:58:48,21 INFO Experiment.PerfCost-3479: Processed 1110 samples out of 10000, 0 errors
01:59:02,497 INFO Experiment.PerfCost-3479: Processed 1120 samples out of 10000, 0 errors
01:59:16,214 INFO Experiment.PerfCost-3479: Processed 1130 samples out of 10000, 0 errors
01:59:29,981 INFO Experiment.PerfCost-3479: Processed 1140 samples out of 10000, 0 errors
01:59:43,688 INFO Experiment.PerfCost-3479: Processed 1150 samples out of 10000, 0 errors
01:59:57,457 INFO Experiment.PerfCost-3479: Processed 1160 samples out of 10000, 0 errors
02:00:11,945 INFO Experiment.PerfCost-3479: Processed 1170 samples out of 10000, 0 errors
02:00:24,400 INFO Experiment.PerfCost-3479: Processed 1180 samples out of 10000, 0 errors
02:00:38,146 INFO Experiment.PerfCost-3479: Processed 1190 samples out of 10000, 0 errors
02:00:51,897 INFO Experiment.PerfCost-3479: Processed 1200 samples out of 10000, 0 errors
02:01:05,633 INFO Experiment.PerfCost-3479: Processed 1210 samples out of 10000, 0 errors
02:01:19,413 INFO Experiment.PerfCost-3479: Processed 1220 samples out of 10000, 0 errors
02:01:33,175 INFO Experiment.PerfCost-3479: Processed 1230 samples out of 10000, 0 errors
02:01:46,875 INFO Experiment.PerfCost-3479: Processed 1240 samples out of 10000, 0 errors
02:02:00,599 INFO Experiment.PerfCost-3479: Processed 1250 samples out of 10000, 0 errors
02:02:15,98 INFO Experiment.PerfCost-3479: Processed 1260 samples out of 10000, 0 errors
02:02:28,878 INFO Experiment.PerfCost-3479: Processed 1270 samples out of 10000, 0 errors
02:02:42,634 INFO Experiment.PerfCost-3479: Processed 1280 samples out of 10000, 0 errors
02:02:57,309 INFO Experiment.PerfCost-3479: Processed 1290 samples out of 10000, 0 errors
02:03:11,82 INFO Experiment.PerfCost-3479: Processed 1300 samples out of 10000, 0 errors
02:03:23,467 INFO Experiment.PerfCost-3479: Processed 1310 samples out of 10000, 0 errors
02:03:38,321 INFO Experiment.PerfCost-3479: Processed 1320 samples out of 10000, 0 errors
02:03:52,72 INFO Experiment.PerfCost-3479: Processed 1330 samples out of 10000, 0 errors
02:04:05,824 INFO Experiment.PerfCost-3479: Processed 1340 samples out of 10000, 0 errors
02:04:20,688 INFO Experiment.PerfCost-3479: Processed 1350 samples out of 10000, 0 errors
02:04:34,442 INFO Experiment.PerfCost-3479: Processed 1360 samples out of 10000, 0 errors
02:04:49,974 INFO Experiment.PerfCost-3479: Processed 1370 samples out of 10000, 0 errors
02:05:03,703 INFO Experiment.PerfCost-3479: Processed 1380 samples out of 10000, 0 errors
02:05:18,348 INFO Experiment.PerfCost-3479: Processed 1390 samples out of 10000, 0 errors
02:05:32,103 INFO Experiment.PerfCost-3479: Processed 1400 samples out of 10000, 0 errors
02:05:45,871 INFO Experiment.PerfCost-3479: Processed 1410 samples out of 10000, 0 errors
02:05:59,609 INFO Experiment.PerfCost-3479: Processed 1420 samples out of 10000, 0 errors
02:06:14,458 INFO Experiment.PerfCost-3479: Processed 1430 samples out of 10000, 0 errors
02:06:28,201 INFO Experiment.PerfCost-3479: Processed 1440 samples out of 10000, 0 errors
02:06:42,677 INFO Experiment.PerfCost-3479: Processed 1450 samples out of 10000, 0 errors
02:06:56,426 INFO Experiment.PerfCost-3479: Processed 1460 samples out of 10000, 0 errors
02:07:10,194 INFO Experiment.PerfCost-3479: Processed 1470 samples out of 10000, 0 errors
02:07:23,920 INFO Experiment.PerfCost-3479: Processed 1480 samples out of 10000, 0 errors
02:07:37,685 INFO Experiment.PerfCost-3479: Processed 1490 samples out of 10000, 0 errors
02:07:52,377 INFO Experiment.PerfCost-3479: Processed 1500 samples out of 10000, 0 errors
02:08:06,130 INFO Experiment.PerfCost-3479: Processed 1510 samples out of 10000, 0 errors
02:08:19,876 INFO Experiment.PerfCost-3479: Processed 1520 samples out of 10000, 0 errors
02:08:33,634 INFO Experiment.PerfCost-3479: Processed 1530 samples out of 10000, 0 errors
02:08:47,357 INFO Experiment.PerfCost-3479: Processed 1540 samples out of 10000, 0 errors
02:09:01,918 INFO Experiment.PerfCost-3479: Processed 1550 samples out of 10000, 0 errors
02:09:16,662 INFO Experiment.PerfCost-3479: Processed 1560 samples out of 10000, 0 errors
02:09:29,285 INFO Experiment.PerfCost-3479: Processed 1570 samples out of 10000, 0 errors
02:09:43,121 INFO Experiment.PerfCost-3479: Processed 1580 samples out of 10000, 0 errors
02:09:56,831 INFO Experiment.PerfCost-3479: Processed 1590 samples out of 10000, 0 errors
02:10:10,562 INFO Experiment.PerfCost-3479: Processed 1600 samples out of 10000, 0 errors
02:10:24,339 INFO Experiment.PerfCost-3479: Processed 1610 samples out of 10000, 0 errors
02:10:38,22 INFO Experiment.PerfCost-3479: Processed 1620 samples out of 10000, 0 errors
02:10:51,825 INFO Experiment.PerfCost-3479: Processed 1630 samples out of 10000, 0 errors
02:11:05,584 INFO Experiment.PerfCost-3479: Processed 1640 samples out of 10000, 0 errors
02:11:21,424 INFO Experiment.PerfCost-3479: Processed 1650 samples out of 10000, 0 errors
02:11:35,156 INFO Experiment.PerfCost-3479: Processed 1660 samples out of 10000, 0 errors
02:11:49,674 INFO Experiment.PerfCost-3479: Processed 1670 samples out of 10000, 0 errors
02:12:03,425 INFO Experiment.PerfCost-3479: Processed 1680 samples out of 10000, 0 errors
02:12:17,186 INFO Experiment.PerfCost-3479: Processed 1690 samples out of 10000, 0 errors
02:12:30,942 INFO Experiment.PerfCost-3479: Processed 1700 samples out of 10000, 0 errors
02:12:44,715 INFO Experiment.PerfCost-3479: Processed 1710 samples out of 10000, 0 errors
02:12:59,564 INFO Experiment.PerfCost-3479: Processed 1720 samples out of 10000, 0 errors
02:13:13,330 INFO Experiment.PerfCost-3479: Processed 1730 samples out of 10000, 0 errors
02:13:28,76 INFO Experiment.PerfCost-3479: Processed 1740 samples out of 10000, 0 errors
02:13:40,371 INFO Experiment.PerfCost-3479: Processed 1750 samples out of 10000, 0 errors
02:13:54,146 INFO Experiment.PerfCost-3479: Processed 1760 samples out of 10000, 0 errors
02:14:09,640 INFO Experiment.PerfCost-3479: Processed 1770 samples out of 10000, 0 errors
02:14:23,396 INFO Experiment.PerfCost-3479: Processed 1780 samples out of 10000, 0 errors
02:14:37,170 INFO Experiment.PerfCost-3479: Processed 1790 samples out of 10000, 0 errors
02:14:50,961 INFO Experiment.PerfCost-3479: Processed 1800 samples out of 10000, 0 errors
02:15:05,421 INFO Experiment.PerfCost-3479: Processed 1810 samples out of 10000, 0 errors
02:15:19,124 INFO Experiment.PerfCost-3479: Processed 1820 samples out of 10000, 0 errors
02:15:33,827 INFO Experiment.PerfCost-3479: Processed 1830 samples out of 10000, 0 errors
02:15:47,589 INFO Experiment.PerfCost-3479: Processed 1840 samples out of 10000, 0 errors
02:16:01,383 INFO Experiment.PerfCost-3479: Processed 1850 samples out of 10000, 0 errors
02:16:15,105 INFO Experiment.PerfCost-3479: Processed 1860 samples out of 10000, 0 errors
02:16:28,856 INFO Experiment.PerfCost-3479: Processed 1870 samples out of 10000, 0 errors
02:16:42,628 INFO Experiment.PerfCost-3479: Processed 1880 samples out of 10000, 0 errors
02:16:57,353 INFO Experiment.PerfCost-3479: Processed 1890 samples out of 10000, 0 errors
02:17:11,118 INFO Experiment.PerfCost-3479: Processed 1900 samples out of 10000, 0 errors
02:17:24,904 INFO Experiment.PerfCost-3479: Processed 1910 samples out of 10000, 0 errors
02:17:39,428 INFO Experiment.PerfCost-3479: Processed 1920 samples out of 10000, 0 errors
02:17:53,159 INFO Experiment.PerfCost-3479: Processed 1930 samples out of 10000, 0 errors
02:18:07,890 INFO Experiment.PerfCost-3479: Processed 1940 samples out of 10000, 0 errors
02:18:21,680 INFO Experiment.PerfCost-3479: Processed 1950 samples out of 10000, 0 errors
02:18:36,343 INFO Experiment.PerfCost-3479: Processed 1960 samples out of 10000, 0 errors
02:18:50,169 INFO Experiment.PerfCost-3479: Processed 1970 samples out of 10000, 0 errors
02:19:03,918 INFO Experiment.PerfCost-3479: Processed 1980 samples out of 10000, 0 errors
02:19:17,705 INFO Experiment.PerfCost-3479: Processed 1990 samples out of 10000, 0 errors
02:19:32,210 INFO Experiment.PerfCost-3479: Processed 2000 samples out of 10000, 0 errors
02:19:45,969 INFO Experiment.PerfCost-3479: Processed 2010 samples out of 10000, 0 errors
02:19:59,730 INFO Experiment.PerfCost-3479: Processed 2020 samples out of 10000, 0 errors
02:20:13,472 INFO Experiment.PerfCost-3479: Processed 2030 samples out of 10000, 0 errors
02:20:25,754 INFO Experiment.PerfCost-3479: Processed 2040 samples out of 10000, 0 errors
02:20:39,507 INFO Experiment.PerfCost-3479: Processed 2050 samples out of 10000, 0 errors
02:20:53,279 INFO Experiment.PerfCost-3479: Processed 2060 samples out of 10000, 0 errors
02:21:07,33 INFO Experiment.PerfCost-3479: Processed 2070 samples out of 10000, 0 errors
02:21:20,794 INFO Experiment.PerfCost-3479: Processed 2080 samples out of 10000, 0 errors
02:21:34,514 INFO Experiment.PerfCost-3479: Processed 2090 samples out of 10000, 0 errors
02:21:48,327 INFO Experiment.PerfCost-3479: Processed 2100 samples out of 10000, 0 errors
02:22:02,60 INFO Experiment.PerfCost-3479: Processed 2110 samples out of 10000, 0 errors
02:22:15,772 INFO Experiment.PerfCost-3479: Processed 2120 samples out of 10000, 0 errors
02:22:29,497 INFO Experiment.PerfCost-3479: Processed 2130 samples out of 10000, 0 errors
02:22:43,244 INFO Experiment.PerfCost-3479: Processed 2140 samples out of 10000, 0 errors
02:22:55,514 INFO Experiment.PerfCost-3479: Processed 2150 samples out of 10000, 0 errors
02:23:09,229 INFO Experiment.PerfCost-3479: Processed 2160 samples out of 10000, 0 errors
02:23:22,967 INFO Experiment.PerfCost-3479: Processed 2170 samples out of 10000, 0 errors
02:23:36,688 INFO Experiment.PerfCost-3479: Processed 2180 samples out of 10000, 0 errors
02:23:50,482 INFO Experiment.PerfCost-3479: Processed 2190 samples out of 10000, 0 errors
02:24:04,217 INFO Experiment.PerfCost-3479: Processed 2200 samples out of 10000, 0 errors
02:24:16,709 INFO Experiment.PerfCost-3479: Processed 2210 samples out of 10000, 0 errors
02:24:30,471 INFO Experiment.PerfCost-3479: Processed 2220 samples out of 10000, 0 errors
02:24:44,216 INFO Experiment.PerfCost-3479: Processed 2230 samples out of 10000, 0 errors
02:24:58,679 INFO Experiment.PerfCost-3479: Processed 2240 samples out of 10000, 0 errors
02:25:12,414 INFO Experiment.PerfCost-3479: Processed 2250 samples out of 10000, 0 errors
02:25:26,169 INFO Experiment.PerfCost-3479: Processed 2260 samples out of 10000, 0 errors
02:25:40,955 INFO Experiment.PerfCost-3479: Processed 2270 samples out of 10000, 0 errors
02:25:56,280 INFO Experiment.PerfCost-3479: Processed 2280 samples out of 10000, 0 errors
02:26:09,994 INFO Experiment.PerfCost-3479: Processed 2290 samples out of 10000, 0 errors
02:26:24,503 INFO Experiment.PerfCost-3479: Processed 2300 samples out of 10000, 0 errors
02:26:38,208 INFO Experiment.PerfCost-3479: Processed 2310 samples out of 10000, 0 errors
02:26:52,845 INFO Experiment.PerfCost-3479: Processed 2320 samples out of 10000, 0 errors
02:27:06,579 INFO Experiment.PerfCost-3479: Processed 2330 samples out of 10000, 0 errors
02:27:20,312 INFO Experiment.PerfCost-3479: Processed 2340 samples out of 10000, 0 errors
02:27:34,43 INFO Experiment.PerfCost-3479: Processed 2350 samples out of 10000, 0 errors
02:27:47,795 INFO Experiment.PerfCost-3479: Processed 2360 samples out of 10000, 0 errors
02:28:01,513 INFO Experiment.PerfCost-3479: Processed 2370 samples out of 10000, 0 errors
02:28:17,166 INFO Experiment.PerfCost-3479: Processed 2380 samples out of 10000, 0 errors
02:28:32,20 INFO Experiment.PerfCost-3479: Processed 2390 samples out of 10000, 0 errors
02:28:45,760 INFO Experiment.PerfCost-3479: Processed 2400 samples out of 10000, 0 errors
02:28:59,533 INFO Experiment.PerfCost-3479: Processed 2410 samples out of 10000, 0 errors
02:29:11,858 INFO Experiment.PerfCost-3479: Processed 2420 samples out of 10000, 0 errors
02:29:25,555 INFO Experiment.PerfCost-3479: Processed 2430 samples out of 10000, 0 errors
02:29:39,284 INFO Experiment.PerfCost-3479: Processed 2440 samples out of 10000, 0 errors
02:29:53,11 INFO Experiment.PerfCost-3479: Processed 2450 samples out of 10000, 0 errors
02:30:06,784 INFO Experiment.PerfCost-3479: Processed 2460 samples out of 10000, 0 errors
02:30:20,560 INFO Experiment.PerfCost-3479: Processed 2470 samples out of 10000, 0 errors
02:30:34,312 INFO Experiment.PerfCost-3479: Processed 2480 samples out of 10000, 0 errors
02:30:46,591 INFO Experiment.PerfCost-3479: Processed 2490 samples out of 10000, 0 errors
02:31:00,297 INFO Experiment.PerfCost-3479: Processed 2500 samples out of 10000, 0 errors
02:31:14,60 INFO Experiment.PerfCost-3479: Processed 2510 samples out of 10000, 0 errors
02:31:27,833 INFO Experiment.PerfCost-3479: Processed 2520 samples out of 10000, 0 errors
02:31:41,589 INFO Experiment.PerfCost-3479: Processed 2530 samples out of 10000, 0 errors
02:31:55,334 INFO Experiment.PerfCost-3479: Processed 2540 samples out of 10000, 0 errors
02:32:09,88 INFO Experiment.PerfCost-3479: Processed 2550 samples out of 10000, 0 errors
02:32:22,832 INFO Experiment.PerfCost-3479: Processed 2560 samples out of 10000, 0 errors
02:32:36,587 INFO Experiment.PerfCost-3479: Processed 2570 samples out of 10000, 0 errors
02:32:48,963 INFO Experiment.PerfCost-3479: Processed 2580 samples out of 10000, 0 errors
02:33:02,691 INFO Experiment.PerfCost-3479: Processed 2590 samples out of 10000, 0 errors
02:33:16,424 INFO Experiment.PerfCost-3479: Processed 2600 samples out of 10000, 0 errors
02:33:30,148 INFO Experiment.PerfCost-3479: Processed 2610 samples out of 10000, 0 errors
02:33:43,925 INFO Experiment.PerfCost-3479: Processed 2620 samples out of 10000, 0 errors
02:33:57,714 INFO Experiment.PerfCost-3479: Processed 2630 samples out of 10000, 0 errors
02:34:10,268 INFO Experiment.PerfCost-3479: Processed 2640 samples out of 10000, 0 errors
02:34:23,955 INFO Experiment.PerfCost-3479: Processed 2650 samples out of 10000, 0 errors
02:34:37,705 INFO Experiment.PerfCost-3479: Processed 2660 samples out of 10000, 0 errors
02:34:51,448 INFO Experiment.PerfCost-3479: Processed 2670 samples out of 10000, 0 errors
02:35:06,761 INFO Experiment.PerfCost-3479: Processed 2680 samples out of 10000, 0 errors
02:35:20,533 INFO Experiment.PerfCost-3479: Processed 2690 samples out of 10000, 0 errors
02:35:34,320 INFO Experiment.PerfCost-3479: Processed 2700 samples out of 10000, 0 errors
02:35:48,56 INFO Experiment.PerfCost-3479: Processed 2710 samples out of 10000, 0 errors
02:36:01,799 INFO Experiment.PerfCost-3479: Processed 2720 samples out of 10000, 0 errors
02:36:15,510 INFO Experiment.PerfCost-3479: Processed 2730 samples out of 10000, 0 errors
02:36:29,237 INFO Experiment.PerfCost-3479: Processed 2740 samples out of 10000, 0 errors
02:36:42,967 INFO Experiment.PerfCost-3479: Processed 2750 samples out of 10000, 0 errors
02:36:56,722 INFO Experiment.PerfCost-3479: Processed 2760 samples out of 10000, 0 errors
02:37:12,75 INFO Experiment.PerfCost-3479: Processed 2770 samples out of 10000, 0 errors
02:37:25,765 INFO Experiment.PerfCost-3479: Processed 2780 samples out of 10000, 0 errors
02:37:39,474 INFO Experiment.PerfCost-3479: Processed 2790 samples out of 10000, 0 errors
02:37:52,29 INFO Experiment.PerfCost-3479: Processed 2800 samples out of 10000, 0 errors
02:38:06,698 INFO Experiment.PerfCost-3479: Processed 2810 samples out of 10000, 0 errors
02:38:19,222 INFO Experiment.PerfCost-3479: Processed 2820 samples out of 10000, 0 errors
02:38:31,679 INFO Experiment.PerfCost-3479: Processed 2830 samples out of 10000, 0 errors
02:38:45,405 INFO Experiment.PerfCost-3479: Processed 2840 samples out of 10000, 0 errors
02:38:59,134 INFO Experiment.PerfCost-3479: Processed 2850 samples out of 10000, 0 errors
02:39:12,890 INFO Experiment.PerfCost-3479: Processed 2860 samples out of 10000, 0 errors
02:39:26,649 INFO Experiment.PerfCost-3479: Processed 2870 samples out of 10000, 0 errors
02:39:39,213 INFO Experiment.PerfCost-3479: Processed 2880 samples out of 10000, 0 errors
02:39:53,671 INFO Experiment.PerfCost-3479: Processed 2890 samples out of 10000, 0 errors
02:40:07,441 INFO Experiment.PerfCost-3479: Processed 2900 samples out of 10000, 0 errors
02:40:21,208 INFO Experiment.PerfCost-3479: Processed 2910 samples out of 10000, 0 errors
02:40:36,531 INFO Experiment.PerfCost-3479: Processed 2920 samples out of 10000, 0 errors
02:40:50,289 INFO Experiment.PerfCost-3479: Processed 2930 samples out of 10000, 0 errors
02:41:05,639 INFO Experiment.PerfCost-3479: Processed 2940 samples out of 10000, 0 errors
02:41:17,899 INFO Experiment.PerfCost-3479: Processed 2950 samples out of 10000, 0 errors
02:41:31,601 INFO Experiment.PerfCost-3479: Processed 2960 samples out of 10000, 0 errors
02:41:45,370 INFO Experiment.PerfCost-3479: Processed 2970 samples out of 10000, 0 errors
02:41:59,142 INFO Experiment.PerfCost-3479: Processed 2980 samples out of 10000, 0 errors
02:42:12,904 INFO Experiment.PerfCost-3479: Processed 2990 samples out of 10000, 0 errors
02:42:26,649 INFO Experiment.PerfCost-3479: Processed 3000 samples out of 10000, 0 errors
02:42:40,437 INFO Experiment.PerfCost-3479: Processed 3010 samples out of 10000, 0 errors
02:42:54,214 INFO Experiment.PerfCost-3479: Processed 3020 samples out of 10000, 0 errors
02:43:07,972 INFO Experiment.PerfCost-3479: Processed 3030 samples out of 10000, 0 errors
02:43:22,705 INFO Experiment.PerfCost-3479: Processed 3040 samples out of 10000, 0 errors
02:43:35,355 INFO Experiment.PerfCost-3479: Processed 3050 samples out of 10000, 0 errors
02:43:49,114 INFO Experiment.PerfCost-3479: Processed 3060 samples out of 10000, 0 errors
02:44:02,836 INFO Experiment.PerfCost-3479: Processed 3070 samples out of 10000, 0 errors
02:44:16,585 INFO Experiment.PerfCost-3479: Processed 3080 samples out of 10000, 0 errors
02:44:30,350 INFO Experiment.PerfCost-3479: Processed 3090 samples out of 10000, 0 errors
02:44:44,97 INFO Experiment.PerfCost-3479: Processed 3100 samples out of 10000, 0 errors
02:44:57,859 INFO Experiment.PerfCost-3479: Processed 3110 samples out of 10000, 0 errors
02:45:11,623 INFO Experiment.PerfCost-3479: Processed 3120 samples out of 10000, 0 errors
02:45:25,402 INFO Experiment.PerfCost-3479: Processed 3130 samples out of 10000, 0 errors
02:45:39,181 INFO Experiment.PerfCost-3479: Processed 3140 samples out of 10000, 0 errors
02:45:52,927 INFO Experiment.PerfCost-3479: Processed 3150 samples out of 10000, 0 errors
02:46:07,658 INFO Experiment.PerfCost-3479: Processed 3160 samples out of 10000, 0 errors
02:46:21,431 INFO Experiment.PerfCost-3479: Processed 3170 samples out of 10000, 0 errors
02:46:35,190 INFO Experiment.PerfCost-3479: Processed 3180 samples out of 10000, 0 errors
02:46:49,693 INFO Experiment.PerfCost-3479: Processed 3190 samples out of 10000, 0 errors
02:47:03,460 INFO Experiment.PerfCost-3479: Processed 3200 samples out of 10000, 0 errors
02:47:17,218 INFO Experiment.PerfCost-3479: Processed 3210 samples out of 10000, 0 errors
02:47:30,970 INFO Experiment.PerfCost-3479: Processed 3220 samples out of 10000, 0 errors
02:47:44,739 INFO Experiment.PerfCost-3479: Processed 3230 samples out of 10000, 0 errors
02:47:58,485 INFO Experiment.PerfCost-3479: Processed 3240 samples out of 10000, 0 errors
02:48:12,255 INFO Experiment.PerfCost-3479: Processed 3250 samples out of 10000, 0 errors
02:48:26,13 INFO Experiment.PerfCost-3479: Processed 3260 samples out of 10000, 0 errors
02:48:39,817 INFO Experiment.PerfCost-3479: Processed 3270 samples out of 10000, 0 errors
02:48:52,396 INFO Experiment.PerfCost-3479: Processed 3280 samples out of 10000, 0 errors
02:49:06,145 INFO Experiment.PerfCost-3479: Processed 3290 samples out of 10000, 0 errors
02:49:18,905 INFO Experiment.PerfCost-3479: Processed 3300 samples out of 10000, 0 errors
02:49:32,657 INFO Experiment.PerfCost-3479: Processed 3310 samples out of 10000, 0 errors
02:49:46,385 INFO Experiment.PerfCost-3479: Processed 3320 samples out of 10000, 0 errors
02:50:00,145 INFO Experiment.PerfCost-3479: Processed 3330 samples out of 10000, 0 errors
02:50:14,632 INFO Experiment.PerfCost-3479: Processed 3340 samples out of 10000, 0 errors
02:50:29,141 INFO Experiment.PerfCost-3479: Processed 3350 samples out of 10000, 0 errors
02:50:43,934 INFO Experiment.PerfCost-3479: Processed 3360 samples out of 10000, 0 errors
02:50:59,558 INFO Experiment.PerfCost-3479: Processed 3370 samples out of 10000, 0 errors
02:51:13,298 INFO Experiment.PerfCost-3479: Processed 3380 samples out of 10000, 0 errors
02:51:27,35 INFO Experiment.PerfCost-3479: Processed 3390 samples out of 10000, 0 errors
02:51:41,795 INFO Experiment.PerfCost-3479: Processed 3400 samples out of 10000, 0 errors
02:51:56,243 INFO Experiment.PerfCost-3479: Processed 3410 samples out of 10000, 0 errors
02:52:08,544 INFO Experiment.PerfCost-3479: Processed 3420 samples out of 10000, 0 errors
02:52:22,293 INFO Experiment.PerfCost-3479: Processed 3430 samples out of 10000, 0 errors
02:52:36,35 INFO Experiment.PerfCost-3479: Processed 3440 samples out of 10000, 0 errors
02:52:49,779 INFO Experiment.PerfCost-3479: Processed 3450 samples out of 10000, 0 errors
02:53:03,549 INFO Experiment.PerfCost-3479: Processed 3460 samples out of 10000, 0 errors
02:53:18,42 INFO Experiment.PerfCost-3479: Processed 3470 samples out of 10000, 0 errors
02:53:31,781 INFO Experiment.PerfCost-3479: Processed 3480 samples out of 10000, 0 errors
02:53:44,262 INFO Experiment.PerfCost-3479: Processed 3490 samples out of 10000, 0 errors
02:53:58,1 INFO Experiment.PerfCost-3479: Processed 3500 samples out of 10000, 0 errors
02:54:12,631 INFO Experiment.PerfCost-3479: Processed 3510 samples out of 10000, 0 errors
02:54:26,358 INFO Experiment.PerfCost-3479: Processed 3520 samples out of 10000, 0 errors
02:54:40,104 INFO Experiment.PerfCost-3479: Processed 3530 samples out of 10000, 0 errors
02:54:52,400 INFO Experiment.PerfCost-3479: Processed 3540 samples out of 10000, 0 errors
02:55:06,176 INFO Experiment.PerfCost-3479: Processed 3550 samples out of 10000, 0 errors
02:55:20,682 INFO Experiment.PerfCost-3479: Processed 3560 samples out of 10000, 0 errors
02:55:34,405 INFO Experiment.PerfCost-3479: Processed 3570 samples out of 10000, 0 errors
02:55:48,188 INFO Experiment.PerfCost-3479: Processed 3580 samples out of 10000, 0 errors
02:56:01,901 INFO Experiment.PerfCost-3479: Processed 3590 samples out of 10000, 0 errors
02:56:16,672 INFO Experiment.PerfCost-3479: Processed 3600 samples out of 10000, 0 errors
02:56:31,395 INFO Experiment.PerfCost-3479: Processed 3610 samples out of 10000, 0 errors
02:56:45,173 INFO Experiment.PerfCost-3479: Processed 3620 samples out of 10000, 0 errors
02:56:59,931 INFO Experiment.PerfCost-3479: Processed 3630 samples out of 10000, 0 errors
02:57:12,196 INFO Experiment.PerfCost-3479: Processed 3640 samples out of 10000, 0 errors
02:57:25,959 INFO Experiment.PerfCost-3479: Processed 3650 samples out of 10000, 0 errors
02:57:39,700 INFO Experiment.PerfCost-3479: Processed 3660 samples out of 10000, 0 errors
02:57:53,440 INFO Experiment.PerfCost-3479: Processed 3670 samples out of 10000, 0 errors
02:58:07,200 INFO Experiment.PerfCost-3479: Processed 3680 samples out of 10000, 0 errors
02:58:20,965 INFO Experiment.PerfCost-3479: Processed 3690 samples out of 10000, 0 errors
02:58:34,270 INFO Experiment.PerfCost-3479: Processed 3700 samples out of 10000, 0 errors
02:58:48,11 INFO Experiment.PerfCost-3479: Processed 3710 samples out of 10000, 0 errors
02:59:01,744 INFO Experiment.PerfCost-3479: Processed 3720 samples out of 10000, 0 errors
02:59:15,429 INFO Experiment.PerfCost-3479: Processed 3730 samples out of 10000, 0 errors
02:59:29,178 INFO Experiment.PerfCost-3479: Processed 3740 samples out of 10000, 0 errors
02:59:42,935 INFO Experiment.PerfCost-3479: Processed 3750 samples out of 10000, 0 errors
02:59:56,673 INFO Experiment.PerfCost-3479: Processed 3760 samples out of 10000, 0 errors
03:00:11,248 INFO Experiment.PerfCost-3479: Processed 3770 samples out of 10000, 0 errors
03:00:24,974 INFO Experiment.PerfCost-3479: Processed 3780 samples out of 10000, 0 errors
03:00:39,727 INFO Experiment.PerfCost-3479: Processed 3790 samples out of 10000, 0 errors
03:00:53,532 INFO Experiment.PerfCost-3479: Processed 3800 samples out of 10000, 0 errors
03:01:07,297 INFO Experiment.PerfCost-3479: Processed 3810 samples out of 10000, 0 errors
03:01:21,84 INFO Experiment.PerfCost-3479: Processed 3820 samples out of 10000, 0 errors
03:01:35,782 INFO Experiment.PerfCost-3479: Processed 3830 samples out of 10000, 0 errors
03:01:49,524 INFO Experiment.PerfCost-3479: Processed 3840 samples out of 10000, 0 errors
03:02:04,231 INFO Experiment.PerfCost-3479: Processed 3850 samples out of 10000, 0 errors
03:02:18,0 INFO Experiment.PerfCost-3479: Processed 3860 samples out of 10000, 0 errors
03:02:31,715 INFO Experiment.PerfCost-3479: Processed 3870 samples out of 10000, 0 errors
03:02:44,35 INFO Experiment.PerfCost-3479: Processed 3880 samples out of 10000, 0 errors
03:02:58,577 INFO Experiment.PerfCost-3479: Processed 3890 samples out of 10000, 0 errors
03:03:13,106 INFO Experiment.PerfCost-3479: Processed 3900 samples out of 10000, 0 errors
03:03:26,873 INFO Experiment.PerfCost-3479: Processed 3910 samples out of 10000, 0 errors
03:03:40,600 INFO Experiment.PerfCost-3479: Processed 3920 samples out of 10000, 0 errors
03:03:54,388 INFO Experiment.PerfCost-3479: Processed 3930 samples out of 10000, 0 errors
03:04:08,134 INFO Experiment.PerfCost-3479: Processed 3940 samples out of 10000, 0 errors
03:04:20,414 INFO Experiment.PerfCost-3479: Processed 3950 samples out of 10000, 0 errors
03:04:34,157 INFO Experiment.PerfCost-3479: Processed 3960 samples out of 10000, 0 errors
03:04:47,900 INFO Experiment.PerfCost-3479: Processed 3970 samples out of 10000, 0 errors
03:05:01,624 INFO Experiment.PerfCost-3479: Processed 3980 samples out of 10000, 0 errors
03:05:15,368 INFO Experiment.PerfCost-3479: Processed 3990 samples out of 10000, 0 errors
03:05:29,107 INFO Experiment.PerfCost-3479: Processed 4000 samples out of 10000, 0 errors
03:05:42,854 INFO Experiment.PerfCost-3479: Processed 4010 samples out of 10000, 0 errors
03:05:57,703 INFO Experiment.PerfCost-3479: Processed 4020 samples out of 10000, 0 errors
03:06:12,456 INFO Experiment.PerfCost-3479: Processed 4030 samples out of 10000, 0 errors
03:06:26,243 INFO Experiment.PerfCost-3479: Processed 4040 samples out of 10000, 0 errors
03:06:39,989 INFO Experiment.PerfCost-3479: Processed 4050 samples out of 10000, 0 errors
03:06:53,771 INFO Experiment.PerfCost-3479: Processed 4060 samples out of 10000, 0 errors
03:07:07,521 INFO Experiment.PerfCost-3479: Processed 4070 samples out of 10000, 0 errors
03:07:21,252 INFO Experiment.PerfCost-3479: Processed 4080 samples out of 10000, 0 errors
03:07:34,973 INFO Experiment.PerfCost-3479: Processed 4090 samples out of 10000, 0 errors
03:07:48,710 INFO Experiment.PerfCost-3479: Processed 4100 samples out of 10000, 0 errors
03:08:02,503 INFO Experiment.PerfCost-3479: Processed 4110 samples out of 10000, 0 errors
03:08:16,265 INFO Experiment.PerfCost-3479: Processed 4120 samples out of 10000, 0 errors
03:08:30,33 INFO Experiment.PerfCost-3479: Processed 4130 samples out of 10000, 0 errors
03:08:42,366 INFO Experiment.PerfCost-3479: Processed 4140 samples out of 10000, 0 errors
03:08:56,115 INFO Experiment.PerfCost-3479: Processed 4150 samples out of 10000, 0 errors
03:09:10,827 INFO Experiment.PerfCost-3479: Processed 4160 samples out of 10000, 0 errors
03:09:24,570 INFO Experiment.PerfCost-3479: Processed 4170 samples out of 10000, 0 errors
03:09:38,317 INFO Experiment.PerfCost-3479: Processed 4180 samples out of 10000, 0 errors
03:09:52,33 INFO Experiment.PerfCost-3479: Processed 4190 samples out of 10000, 0 errors
03:10:06,578 INFO Experiment.PerfCost-3479: Processed 4200 samples out of 10000, 0 errors
03:10:20,309 INFO Experiment.PerfCost-3479: Processed 4210 samples out of 10000, 0 errors
03:10:34,39 INFO Experiment.PerfCost-3479: Processed 4220 samples out of 10000, 0 errors
03:10:47,887 INFO Experiment.PerfCost-3479: Processed 4230 samples out of 10000, 0 errors
03:11:02,622 INFO Experiment.PerfCost-3479: Processed 4240 samples out of 10000, 0 errors
03:11:16,384 INFO Experiment.PerfCost-3479: Processed 4250 samples out of 10000, 0 errors
03:11:30,147 INFO Experiment.PerfCost-3479: Processed 4260 samples out of 10000, 0 errors
03:11:43,941 INFO Experiment.PerfCost-3479: Processed 4270 samples out of 10000, 0 errors
03:11:57,673 INFO Experiment.PerfCost-3479: Processed 4280 samples out of 10000, 0 errors
03:12:11,415 INFO Experiment.PerfCost-3479: Processed 4290 samples out of 10000, 0 errors
03:12:25,166 INFO Experiment.PerfCost-3479: Processed 4300 samples out of 10000, 0 errors
03:12:37,772 INFO Experiment.PerfCost-3479: Processed 4310 samples out of 10000, 0 errors
03:12:50,51 INFO Experiment.PerfCost-3479: Processed 4320 samples out of 10000, 0 errors
03:13:04,590 INFO Experiment.PerfCost-3479: Processed 4330 samples out of 10000, 0 errors
03:13:18,358 INFO Experiment.PerfCost-3479: Processed 4340 samples out of 10000, 0 errors
03:13:32,148 INFO Experiment.PerfCost-3479: Processed 4350 samples out of 10000, 0 errors
03:13:46,762 INFO Experiment.PerfCost-3479: Processed 4360 samples out of 10000, 0 errors
03:13:59,37 INFO Experiment.PerfCost-3479: Processed 4370 samples out of 10000, 0 errors
03:14:12,780 INFO Experiment.PerfCost-3479: Processed 4380 samples out of 10000, 0 errors
03:14:27,395 INFO Experiment.PerfCost-3479: Processed 4390 samples out of 10000, 0 errors
03:14:39,858 INFO Experiment.PerfCost-3479: Processed 4400 samples out of 10000, 0 errors
03:14:52,90 INFO Experiment.PerfCost-3479: Processed 4410 samples out of 10000, 0 errors
03:15:05,880 INFO Experiment.PerfCost-3479: Processed 4420 samples out of 10000, 0 errors
03:15:19,645 INFO Experiment.PerfCost-3479: Processed 4430 samples out of 10000, 0 errors
03:15:33,402 INFO Experiment.PerfCost-3479: Processed 4440 samples out of 10000, 0 errors
03:15:47,149 INFO Experiment.PerfCost-3479: Processed 4450 samples out of 10000, 0 errors
03:16:01,637 INFO Experiment.PerfCost-3479: Processed 4460 samples out of 10000, 0 errors
03:16:15,414 INFO Experiment.PerfCost-3479: Processed 4470 samples out of 10000, 0 errors
03:16:29,151 INFO Experiment.PerfCost-3479: Processed 4480 samples out of 10000, 0 errors
03:16:44,1 INFO Experiment.PerfCost-3479: Processed 4490 samples out of 10000, 0 errors
03:16:59,665 INFO Experiment.PerfCost-3479: Processed 4500 samples out of 10000, 0 errors
03:17:13,424 INFO Experiment.PerfCost-3479: Processed 4510 samples out of 10000, 0 errors
03:17:28,111 INFO Experiment.PerfCost-3479: Processed 4520 samples out of 10000, 0 errors
03:17:41,891 INFO Experiment.PerfCost-3479: Processed 4530 samples out of 10000, 0 errors
03:17:55,673 INFO Experiment.PerfCost-3479: Processed 4540 samples out of 10000, 0 errors
03:18:09,405 INFO Experiment.PerfCost-3479: Processed 4550 samples out of 10000, 0 errors
03:18:23,175 INFO Experiment.PerfCost-3479: Processed 4560 samples out of 10000, 0 errors
03:18:36,909 INFO Experiment.PerfCost-3479: Processed 4570 samples out of 10000, 0 errors
03:18:49,486 INFO Experiment.PerfCost-3479: Processed 4580 samples out of 10000, 0 errors
03:19:04,107 INFO Experiment.PerfCost-3479: Processed 4590 samples out of 10000, 0 errors
03:19:17,872 INFO Experiment.PerfCost-3479: Processed 4600 samples out of 10000, 0 errors
03:19:31,647 INFO Experiment.PerfCost-3479: Processed 4610 samples out of 10000, 0 errors
03:19:45,423 INFO Experiment.PerfCost-3479: Processed 4620 samples out of 10000, 0 errors
03:19:59,187 INFO Experiment.PerfCost-3479: Processed 4630 samples out of 10000, 0 errors
03:20:12,943 INFO Experiment.PerfCost-3479: Processed 4640 samples out of 10000, 0 errors
03:20:26,666 INFO Experiment.PerfCost-3479: Processed 4650 samples out of 10000, 0 errors
03:20:40,390 INFO Experiment.PerfCost-3479: Processed 4660 samples out of 10000, 0 errors
03:20:54,140 INFO Experiment.PerfCost-3479: Processed 4670 samples out of 10000, 0 errors
03:21:07,883 INFO Experiment.PerfCost-3479: Processed 4680 samples out of 10000, 0 errors
03:21:21,647 INFO Experiment.PerfCost-3479: Processed 4690 samples out of 10000, 0 errors
03:21:36,530 INFO Experiment.PerfCost-3479: Processed 4700 samples out of 10000, 0 errors
03:21:50,295 INFO Experiment.PerfCost-3479: Processed 4710 samples out of 10000, 0 errors
03:22:04,781 INFO Experiment.PerfCost-3479: Processed 4720 samples out of 10000, 0 errors
03:22:18,568 INFO Experiment.PerfCost-3479: Processed 4730 samples out of 10000, 0 errors
03:22:31,87 INFO Experiment.PerfCost-3479: Processed 4740 samples out of 10000, 0 errors
03:22:43,379 INFO Experiment.PerfCost-3479: Processed 4750 samples out of 10000, 0 errors
03:22:57,131 INFO Experiment.PerfCost-3479: Processed 4760 samples out of 10000, 0 errors
03:23:10,899 INFO Experiment.PerfCost-3479: Processed 4770 samples out of 10000, 0 errors
03:23:24,603 INFO Experiment.PerfCost-3479: Processed 4780 samples out of 10000, 0 errors
03:23:36,900 INFO Experiment.PerfCost-3479: Processed 4790 samples out of 10000, 0 errors
03:23:50,682 INFO Experiment.PerfCost-3479: Processed 4800 samples out of 10000, 0 errors
03:24:04,423 INFO Experiment.PerfCost-3479: Processed 4810 samples out of 10000, 0 errors
03:24:18,149 INFO Experiment.PerfCost-3479: Processed 4820 samples out of 10000, 0 errors
03:24:30,455 INFO Experiment.PerfCost-3479: Processed 4830 samples out of 10000, 0 errors
03:24:44,212 INFO Experiment.PerfCost-3479: Processed 4840 samples out of 10000, 0 errors
03:24:57,953 INFO Experiment.PerfCost-3479: Processed 4850 samples out of 10000, 0 errors
03:25:11,708 INFO Experiment.PerfCost-3479: Processed 4860 samples out of 10000, 0 errors
03:25:25,473 INFO Experiment.PerfCost-3479: Processed 4870 samples out of 10000, 0 errors
03:25:39,226 INFO Experiment.PerfCost-3479: Processed 4880 samples out of 10000, 0 errors
03:25:52,987 INFO Experiment.PerfCost-3479: Processed 4890 samples out of 10000, 0 errors
03:26:06,708 INFO Experiment.PerfCost-3479: Processed 4900 samples out of 10000, 0 errors
03:26:20,446 INFO Experiment.PerfCost-3479: Processed 4910 samples out of 10000, 0 errors
03:26:34,208 INFO Experiment.PerfCost-3479: Processed 4920 samples out of 10000, 0 errors
03:26:47,947 INFO Experiment.PerfCost-3479: Processed 4930 samples out of 10000, 0 errors
03:27:00,380 INFO Experiment.PerfCost-3479: Processed 4940 samples out of 10000, 0 errors
03:27:14,114 INFO Experiment.PerfCost-3479: Processed 4950 samples out of 10000, 0 errors
03:27:28,644 INFO Experiment.PerfCost-3479: Processed 4960 samples out of 10000, 0 errors
03:27:42,390 INFO Experiment.PerfCost-3479: Processed 4970 samples out of 10000, 0 errors
03:27:56,142 INFO Experiment.PerfCost-3479: Processed 4980 samples out of 10000, 0 errors
03:28:09,905 INFO Experiment.PerfCost-3479: Processed 4990 samples out of 10000, 0 errors
03:28:24,625 INFO Experiment.PerfCost-3479: Processed 5000 samples out of 10000, 0 errors
03:28:38,362 INFO Experiment.PerfCost-3479: Processed 5010 samples out of 10000, 0 errors
03:28:50,792 INFO Experiment.PerfCost-3479: Processed 5020 samples out of 10000, 0 errors
03:29:04,563 INFO Experiment.PerfCost-3479: Processed 5030 samples out of 10000, 0 errors
03:29:18,346 INFO Experiment.PerfCost-3479: Processed 5040 samples out of 10000, 0 errors
03:29:32,149 INFO Experiment.PerfCost-3479: Processed 5050 samples out of 10000, 0 errors
03:29:46,863 INFO Experiment.PerfCost-3479: Processed 5060 samples out of 10000, 0 errors
03:30:00,600 INFO Experiment.PerfCost-3479: Processed 5070 samples out of 10000, 0 errors
03:30:14,390 INFO Experiment.PerfCost-3479: Processed 5080 samples out of 10000, 0 errors
03:30:28,206 INFO Experiment.PerfCost-3479: Processed 5090 samples out of 10000, 0 errors
03:30:42,710 INFO Experiment.PerfCost-3479: Processed 5100 samples out of 10000, 0 errors
03:30:56,471 INFO Experiment.PerfCost-3479: Processed 5110 samples out of 10000, 0 errors
03:31:10,178 INFO Experiment.PerfCost-3479: Processed 5120 samples out of 10000, 0 errors
03:31:23,942 INFO Experiment.PerfCost-3479: Processed 5130 samples out of 10000, 0 errors
03:31:37,720 INFO Experiment.PerfCost-3479: Processed 5140 samples out of 10000, 0 errors
03:31:52,177 INFO Experiment.PerfCost-3479: Processed 5150 samples out of 10000, 0 errors
03:32:05,919 INFO Experiment.PerfCost-3479: Processed 5160 samples out of 10000, 0 errors
03:32:19,682 INFO Experiment.PerfCost-3479: Processed 5170 samples out of 10000, 0 errors
03:32:33,413 INFO Experiment.PerfCost-3479: Processed 5180 samples out of 10000, 0 errors
03:32:48,259 INFO Experiment.PerfCost-3479: Processed 5190 samples out of 10000, 0 errors
03:33:03,25 INFO Experiment.PerfCost-3479: Processed 5200 samples out of 10000, 0 errors
03:33:16,793 INFO Experiment.PerfCost-3479: Processed 5210 samples out of 10000, 0 errors
03:33:31,452 INFO Experiment.PerfCost-3479: Processed 5220 samples out of 10000, 0 errors
03:33:45,202 INFO Experiment.PerfCost-3479: Processed 5230 samples out of 10000, 0 errors
03:33:58,929 INFO Experiment.PerfCost-3479: Processed 5240 samples out of 10000, 0 errors
03:34:12,682 INFO Experiment.PerfCost-3479: Processed 5250 samples out of 10000, 0 errors
03:34:26,409 INFO Experiment.PerfCost-3479: Processed 5260 samples out of 10000, 0 errors
03:34:40,142 INFO Experiment.PerfCost-3479: Processed 5270 samples out of 10000, 0 errors
03:34:53,878 INFO Experiment.PerfCost-3479: Processed 5280 samples out of 10000, 0 errors
03:35:07,598 INFO Experiment.PerfCost-3479: Processed 5290 samples out of 10000, 0 errors
03:35:21,351 INFO Experiment.PerfCost-3479: Processed 5300 samples out of 10000, 0 errors
03:35:35,108 INFO Experiment.PerfCost-3479: Processed 5310 samples out of 10000, 0 errors
03:35:49,723 INFO Experiment.PerfCost-3479: Processed 5320 samples out of 10000, 0 errors
03:36:04,405 INFO Experiment.PerfCost-3479: Processed 5330 samples out of 10000, 0 errors
03:36:18,152 INFO Experiment.PerfCost-3479: Processed 5340 samples out of 10000, 0 errors
03:36:30,589 INFO Experiment.PerfCost-3479: Processed 5350 samples out of 10000, 0 errors
03:36:44,395 INFO Experiment.PerfCost-3479: Processed 5360 samples out of 10000, 0 errors
03:36:58,154 INFO Experiment.PerfCost-3479: Processed 5370 samples out of 10000, 0 errors
03:37:11,871 INFO Experiment.PerfCost-3479: Processed 5380 samples out of 10000, 0 errors
03:37:24,418 INFO Experiment.PerfCost-3479: Processed 5390 samples out of 10000, 0 errors
03:37:39,158 INFO Experiment.PerfCost-3479: Processed 5400 samples out of 10000, 0 errors
03:37:54,496 INFO Experiment.PerfCost-3479: Processed 5410 samples out of 10000, 0 errors
03:38:08,232 INFO Experiment.PerfCost-3479: Processed 5420 samples out of 10000, 0 errors
03:38:22,727 INFO Experiment.PerfCost-3479: Processed 5430 samples out of 10000, 0 errors
03:38:36,482 INFO Experiment.PerfCost-3479: Processed 5440 samples out of 10000, 0 errors
03:38:50,245 INFO Experiment.PerfCost-3479: Processed 5450 samples out of 10000, 0 errors
03:39:04,941 INFO Experiment.PerfCost-3479: Processed 5460 samples out of 10000, 0 errors
03:39:18,672 INFO Experiment.PerfCost-3479: Processed 5470 samples out of 10000, 0 errors
03:39:32,400 INFO Experiment.PerfCost-3479: Processed 5480 samples out of 10000, 0 errors
03:39:46,142 INFO Experiment.PerfCost-3479: Processed 5490 samples out of 10000, 0 errors
03:39:58,702 INFO Experiment.PerfCost-3479: Processed 5500 samples out of 10000, 0 errors
03:40:11,148 INFO Experiment.PerfCost-3479: Processed 5510 samples out of 10000, 0 errors
03:40:24,865 INFO Experiment.PerfCost-3479: Processed 5520 samples out of 10000, 0 errors
03:40:38,613 INFO Experiment.PerfCost-3479: Processed 5530 samples out of 10000, 0 errors
03:40:52,385 INFO Experiment.PerfCost-3479: Processed 5540 samples out of 10000, 0 errors
03:41:06,112 INFO Experiment.PerfCost-3479: Processed 5550 samples out of 10000, 0 errors
03:41:19,839 INFO Experiment.PerfCost-3479: Processed 5560 samples out of 10000, 0 errors
03:41:34,533 INFO Experiment.PerfCost-3479: Processed 5570 samples out of 10000, 0 errors
03:41:48,330 INFO Experiment.PerfCost-3479: Processed 5580 samples out of 10000, 0 errors
03:42:02,120 INFO Experiment.PerfCost-3479: Processed 5590 samples out of 10000, 0 errors
03:42:17,601 INFO Experiment.PerfCost-3479: Processed 5600 samples out of 10000, 0 errors
03:42:31,355 INFO Experiment.PerfCost-3479: Processed 5610 samples out of 10000, 0 errors
03:42:46,161 INFO Experiment.PerfCost-3479: Processed 5620 samples out of 10000, 0 errors
03:42:59,923 INFO Experiment.PerfCost-3479: Processed 5630 samples out of 10000, 0 errors
03:43:12,468 INFO Experiment.PerfCost-3479: Processed 5640 samples out of 10000, 0 errors
03:43:24,787 INFO Experiment.PerfCost-3479: Processed 5650 samples out of 10000, 0 errors
03:43:38,541 INFO Experiment.PerfCost-3479: Processed 5660 samples out of 10000, 0 errors
03:43:53,12 INFO Experiment.PerfCost-3479: Processed 5670 samples out of 10000, 0 errors
03:44:05,693 INFO Experiment.PerfCost-3479: Processed 5680 samples out of 10000, 0 errors
03:44:19,445 INFO Experiment.PerfCost-3479: Processed 5690 samples out of 10000, 0 errors
03:44:33,190 INFO Experiment.PerfCost-3479: Processed 5700 samples out of 10000, 0 errors
03:44:46,919 INFO Experiment.PerfCost-3479: Processed 5710 samples out of 10000, 0 errors
03:45:00,655 INFO Experiment.PerfCost-3479: Processed 5720 samples out of 10000, 0 errors
03:45:14,405 INFO Experiment.PerfCost-3479: Processed 5730 samples out of 10000, 0 errors
03:45:28,146 INFO Experiment.PerfCost-3479: Processed 5740 samples out of 10000, 0 errors
03:45:41,934 INFO Experiment.PerfCost-3479: Processed 5750 samples out of 10000, 0 errors
03:45:55,628 INFO Experiment.PerfCost-3479: Processed 5760 samples out of 10000, 0 errors
03:46:09,412 INFO Experiment.PerfCost-3479: Processed 5770 samples out of 10000, 0 errors
03:46:23,138 INFO Experiment.PerfCost-3479: Processed 5780 samples out of 10000, 0 errors
03:46:36,908 INFO Experiment.PerfCost-3479: Processed 5790 samples out of 10000, 0 errors
03:46:49,255 INFO Experiment.PerfCost-3479: Processed 5800 samples out of 10000, 0 errors
03:47:02,984 INFO Experiment.PerfCost-3479: Processed 5810 samples out of 10000, 0 errors
03:47:16,736 INFO Experiment.PerfCost-3479: Processed 5820 samples out of 10000, 0 errors
03:47:30,488 INFO Experiment.PerfCost-3479: Processed 5830 samples out of 10000, 0 errors
03:47:44,190 INFO Experiment.PerfCost-3479: Processed 5840 samples out of 10000, 0 errors
03:47:57,933 INFO Experiment.PerfCost-3479: Processed 5850 samples out of 10000, 0 errors
03:48:11,675 INFO Experiment.PerfCost-3479: Processed 5860 samples out of 10000, 0 errors
03:48:25,414 INFO Experiment.PerfCost-3479: Processed 5870 samples out of 10000, 0 errors
03:48:39,166 INFO Experiment.PerfCost-3479: Processed 5880 samples out of 10000, 0 errors
03:48:52,915 INFO Experiment.PerfCost-3479: Processed 5890 samples out of 10000, 0 errors
03:49:06,694 INFO Experiment.PerfCost-3479: Processed 5900 samples out of 10000, 0 errors
03:49:22,253 INFO Experiment.PerfCost-3479: Processed 5910 samples out of 10000, 0 errors
03:49:35,993 INFO Experiment.PerfCost-3479: Processed 5920 samples out of 10000, 0 errors
03:49:49,744 INFO Experiment.PerfCost-3479: Processed 5930 samples out of 10000, 0 errors
03:50:04,520 INFO Experiment.PerfCost-3479: Processed 5940 samples out of 10000, 0 errors
03:50:18,304 INFO Experiment.PerfCost-3479: Processed 5950 samples out of 10000, 0 errors
03:50:32,74 INFO Experiment.PerfCost-3479: Processed 5960 samples out of 10000, 0 errors
03:50:45,826 INFO Experiment.PerfCost-3479: Processed 5970 samples out of 10000, 0 errors
03:50:59,574 INFO Experiment.PerfCost-3479: Processed 5980 samples out of 10000, 0 errors
03:51:13,350 INFO Experiment.PerfCost-3479: Processed 5990 samples out of 10000, 0 errors
03:51:28,63 INFO Experiment.PerfCost-3479: Processed 6000 samples out of 10000, 0 errors
03:51:41,801 INFO Experiment.PerfCost-3479: Processed 6010 samples out of 10000, 0 errors
03:51:55,574 INFO Experiment.PerfCost-3479: Processed 6020 samples out of 10000, 0 errors
03:52:09,289 INFO Experiment.PerfCost-3479: Processed 6030 samples out of 10000, 0 errors
03:52:23,861 INFO Experiment.PerfCost-3479: Processed 6040 samples out of 10000, 0 errors
03:52:37,610 INFO Experiment.PerfCost-3479: Processed 6050 samples out of 10000, 0 errors
03:52:51,356 INFO Experiment.PerfCost-3479: Processed 6060 samples out of 10000, 0 errors
03:53:05,154 INFO Experiment.PerfCost-3479: Processed 6070 samples out of 10000, 0 errors
03:53:17,449 INFO Experiment.PerfCost-3479: Processed 6080 samples out of 10000, 0 errors
03:53:31,208 INFO Experiment.PerfCost-3479: Processed 6090 samples out of 10000, 0 errors
03:53:46,69 INFO Experiment.PerfCost-3479: Processed 6100 samples out of 10000, 0 errors
03:53:59,809 INFO Experiment.PerfCost-3479: Processed 6110 samples out of 10000, 0 errors
03:54:13,538 INFO Experiment.PerfCost-3479: Processed 6120 samples out of 10000, 0 errors
03:54:27,299 INFO Experiment.PerfCost-3479: Processed 6130 samples out of 10000, 0 errors
03:54:42,863 INFO Experiment.PerfCost-3479: Processed 6140 samples out of 10000, 0 errors
03:54:56,601 INFO Experiment.PerfCost-3479: Processed 6150 samples out of 10000, 0 errors
03:55:10,343 INFO Experiment.PerfCost-3479: Processed 6160 samples out of 10000, 0 errors
03:55:24,131 INFO Experiment.PerfCost-3479: Processed 6170 samples out of 10000, 0 errors
03:55:37,842 INFO Experiment.PerfCost-3479: Processed 6180 samples out of 10000, 0 errors
03:55:51,588 INFO Experiment.PerfCost-3479: Processed 6190 samples out of 10000, 0 errors
03:56:05,301 INFO Experiment.PerfCost-3479: Processed 6200 samples out of 10000, 0 errors
03:56:20,209 INFO Experiment.PerfCost-3479: Processed 6210 samples out of 10000, 0 errors
03:56:33,922 INFO Experiment.PerfCost-3479: Processed 6220 samples out of 10000, 0 errors
03:56:47,670 INFO Experiment.PerfCost-3479: Processed 6230 samples out of 10000, 0 errors
03:57:02,232 INFO Experiment.PerfCost-3479: Processed 6240 samples out of 10000, 0 errors
03:57:15,996 INFO Experiment.PerfCost-3479: Processed 6250 samples out of 10000, 0 errors
03:57:29,746 INFO Experiment.PerfCost-3479: Processed 6260 samples out of 10000, 0 errors
03:57:43,487 INFO Experiment.PerfCost-3479: Processed 6270 samples out of 10000, 0 errors
03:57:57,269 INFO Experiment.PerfCost-3479: Processed 6280 samples out of 10000, 0 errors
03:58:10,974 INFO Experiment.PerfCost-3479: Processed 6290 samples out of 10000, 0 errors
03:58:24,728 INFO Experiment.PerfCost-3479: Processed 6300 samples out of 10000, 0 errors
03:58:38,479 INFO Experiment.PerfCost-3479: Processed 6310 samples out of 10000, 0 errors
03:58:52,992 INFO Experiment.PerfCost-3479: Processed 6320 samples out of 10000, 0 errors
03:59:07,752 INFO Experiment.PerfCost-3479: Processed 6330 samples out of 10000, 0 errors
03:59:21,539 INFO Experiment.PerfCost-3479: Processed 6340 samples out of 10000, 0 errors
03:59:35,317 INFO Experiment.PerfCost-3479: Processed 6350 samples out of 10000, 0 errors
03:59:49,104 INFO Experiment.PerfCost-3479: Processed 6360 samples out of 10000, 0 errors
04:00:02,826 INFO Experiment.PerfCost-3479: Processed 6370 samples out of 10000, 0 errors
04:00:16,577 INFO Experiment.PerfCost-3479: Processed 6380 samples out of 10000, 0 errors
04:00:30,327 INFO Experiment.PerfCost-3479: Processed 6390 samples out of 10000, 0 errors
04:00:44,96 INFO Experiment.PerfCost-3479: Processed 6400 samples out of 10000, 0 errors
04:00:57,816 INFO Experiment.PerfCost-3479: Processed 6410 samples out of 10000, 0 errors
04:01:11,542 INFO Experiment.PerfCost-3479: Processed 6420 samples out of 10000, 0 errors
04:01:25,247 INFO Experiment.PerfCost-3479: Processed 6430 samples out of 10000, 0 errors
04:01:38,982 INFO Experiment.PerfCost-3479: Processed 6440 samples out of 10000, 0 errors
04:01:52,708 INFO Experiment.PerfCost-3479: Processed 6450 samples out of 10000, 0 errors
04:02:07,197 INFO Experiment.PerfCost-3479: Processed 6460 samples out of 10000, 0 errors
04:02:22,585 INFO Experiment.PerfCost-3479: Processed 6470 samples out of 10000, 0 errors
04:02:36,295 INFO Experiment.PerfCost-3479: Processed 6480 samples out of 10000, 0 errors
04:02:50,133 INFO Experiment.PerfCost-3479: Processed 6490 samples out of 10000, 0 errors
04:03:03,845 INFO Experiment.PerfCost-3479: Processed 6500 samples out of 10000, 0 errors
04:03:16,192 INFO Experiment.PerfCost-3479: Processed 6510 samples out of 10000, 0 errors
04:03:29,902 INFO Experiment.PerfCost-3479: Processed 6520 samples out of 10000, 0 errors
04:03:43,618 INFO Experiment.PerfCost-3479: Processed 6530 samples out of 10000, 0 errors
04:03:59,72 INFO Experiment.PerfCost-3479: Processed 6540 samples out of 10000, 0 errors
04:04:13,820 INFO Experiment.PerfCost-3479: Processed 6550 samples out of 10000, 0 errors
04:04:27,555 INFO Experiment.PerfCost-3479: Processed 6560 samples out of 10000, 0 errors
04:04:41,299 INFO Experiment.PerfCost-3479: Processed 6570 samples out of 10000, 0 errors
04:04:53,807 INFO Experiment.PerfCost-3479: Processed 6580 samples out of 10000, 0 errors
04:05:07,533 INFO Experiment.PerfCost-3479: Processed 6590 samples out of 10000, 0 errors
04:05:21,318 INFO Experiment.PerfCost-3479: Processed 6600 samples out of 10000, 0 errors
04:05:35,817 INFO Experiment.PerfCost-3479: Processed 6610 samples out of 10000, 0 errors
04:05:51,377 INFO Experiment.PerfCost-3479: Processed 6620 samples out of 10000, 0 errors
04:06:06,262 INFO Experiment.PerfCost-3479: Processed 6630 samples out of 10000, 0 errors
04:06:20,11 INFO Experiment.PerfCost-3479: Processed 6640 samples out of 10000, 0 errors
04:06:33,758 INFO Experiment.PerfCost-3479: Processed 6650 samples out of 10000, 0 errors
04:06:47,520 INFO Experiment.PerfCost-3479: Processed 6660 samples out of 10000, 0 errors
04:07:01,281 INFO Experiment.PerfCost-3479: Processed 6670 samples out of 10000, 0 errors
04:07:15,41 INFO Experiment.PerfCost-3479: Processed 6680 samples out of 10000, 0 errors
04:07:28,839 INFO Experiment.PerfCost-3479: Processed 6690 samples out of 10000, 0 errors
04:07:42,556 INFO Experiment.PerfCost-3479: Processed 6700 samples out of 10000, 0 errors
04:07:57,271 INFO Experiment.PerfCost-3479: Processed 6710 samples out of 10000, 0 errors
04:08:11,0 INFO Experiment.PerfCost-3479: Processed 6720 samples out of 10000, 0 errors
04:08:24,757 INFO Experiment.PerfCost-3479: Processed 6730 samples out of 10000, 0 errors
04:08:39,484 INFO Experiment.PerfCost-3479: Processed 6740 samples out of 10000, 0 errors
04:08:53,237 INFO Experiment.PerfCost-3479: Processed 6750 samples out of 10000, 0 errors
04:09:07,816 INFO Experiment.PerfCost-3479: Processed 6760 samples out of 10000, 0 errors
04:09:21,547 INFO Experiment.PerfCost-3479: Processed 6770 samples out of 10000, 0 errors
04:09:36,373 INFO Experiment.PerfCost-3479: Processed 6780 samples out of 10000, 0 errors
04:09:50,887 INFO Experiment.PerfCost-3479: Processed 6790 samples out of 10000, 0 errors
04:10:04,629 INFO Experiment.PerfCost-3479: Processed 6800 samples out of 10000, 0 errors
04:10:18,381 INFO Experiment.PerfCost-3479: Processed 6810 samples out of 10000, 0 errors
04:10:30,656 INFO Experiment.PerfCost-3479: Processed 6820 samples out of 10000, 0 errors
04:10:44,386 INFO Experiment.PerfCost-3479: Processed 6830 samples out of 10000, 0 errors
04:10:58,122 INFO Experiment.PerfCost-3479: Processed 6840 samples out of 10000, 0 errors
04:11:11,890 INFO Experiment.PerfCost-3479: Processed 6850 samples out of 10000, 0 errors
04:11:25,644 INFO Experiment.PerfCost-3479: Processed 6860 samples out of 10000, 0 errors
04:11:39,365 INFO Experiment.PerfCost-3479: Processed 6870 samples out of 10000, 0 errors
04:11:53,147 INFO Experiment.PerfCost-3479: Processed 6880 samples out of 10000, 0 errors
04:12:06,894 INFO Experiment.PerfCost-3479: Processed 6890 samples out of 10000, 0 errors
04:12:21,446 INFO Experiment.PerfCost-3479: Processed 6900 samples out of 10000, 0 errors
04:12:35,196 INFO Experiment.PerfCost-3479: Processed 6910 samples out of 10000, 0 errors
04:12:49,695 INFO Experiment.PerfCost-3479: Processed 6920 samples out of 10000, 0 errors
04:13:03,390 INFO Experiment.PerfCost-3479: Processed 6930 samples out of 10000, 0 errors
04:13:17,130 INFO Experiment.PerfCost-3479: Processed 6940 samples out of 10000, 0 errors
04:13:30,841 INFO Experiment.PerfCost-3479: Processed 6950 samples out of 10000, 0 errors
04:13:43,147 INFO Experiment.PerfCost-3479: Processed 6960 samples out of 10000, 0 errors
04:13:56,850 INFO Experiment.PerfCost-3479: Processed 6970 samples out of 10000, 0 errors
04:14:11,588 INFO Experiment.PerfCost-3479: Processed 6980 samples out of 10000, 0 errors
04:14:25,317 INFO Experiment.PerfCost-3479: Processed 6990 samples out of 10000, 0 errors
04:14:39,25 INFO Experiment.PerfCost-3479: Processed 7000 samples out of 10000, 0 errors
04:14:51,416 INFO Experiment.PerfCost-3479: Processed 7010 samples out of 10000, 0 errors
04:15:05,181 INFO Experiment.PerfCost-3479: Processed 7020 samples out of 10000, 0 errors
04:15:20,567 INFO Experiment.PerfCost-3479: Processed 7030 samples out of 10000, 0 errors
04:15:34,298 INFO Experiment.PerfCost-3479: Processed 7040 samples out of 10000, 0 errors
04:15:48,57 INFO Experiment.PerfCost-3479: Processed 7050 samples out of 10000, 0 errors
04:16:01,770 INFO Experiment.PerfCost-3479: Processed 7060 samples out of 10000, 0 errors
04:16:16,251 INFO Experiment.PerfCost-3479: Processed 7070 samples out of 10000, 0 errors
04:16:29,959 INFO Experiment.PerfCost-3479: Processed 7080 samples out of 10000, 0 errors
04:16:43,746 INFO Experiment.PerfCost-3479: Processed 7090 samples out of 10000, 0 errors
04:16:57,490 INFO Experiment.PerfCost-3479: Processed 7100 samples out of 10000, 0 errors
04:17:12,313 INFO Experiment.PerfCost-3479: Processed 7110 samples out of 10000, 0 errors
04:17:27,76 INFO Experiment.PerfCost-3479: Processed 7120 samples out of 10000, 0 errors
04:17:40,846 INFO Experiment.PerfCost-3479: Processed 7130 samples out of 10000, 0 errors
04:17:54,601 INFO Experiment.PerfCost-3479: Processed 7140 samples out of 10000, 0 errors
04:18:09,434 INFO Experiment.PerfCost-3479: Processed 7150 samples out of 10000, 0 errors
04:18:23,961 INFO Experiment.PerfCost-3479: Processed 7160 samples out of 10000, 0 errors
04:18:37,713 INFO Experiment.PerfCost-3479: Processed 7170 samples out of 10000, 0 errors
04:18:51,463 INFO Experiment.PerfCost-3479: Processed 7180 samples out of 10000, 0 errors
04:19:04,1 INFO Experiment.PerfCost-3479: Processed 7190 samples out of 10000, 0 errors
04:19:18,495 INFO Experiment.PerfCost-3479: Processed 7200 samples out of 10000, 0 errors
04:19:32,276 INFO Experiment.PerfCost-3479: Processed 7210 samples out of 10000, 0 errors
04:19:46,11 INFO Experiment.PerfCost-3479: Processed 7220 samples out of 10000, 0 errors
04:19:59,737 INFO Experiment.PerfCost-3479: Processed 7230 samples out of 10000, 0 errors
04:20:14,154 INFO Experiment.PerfCost-3479: Processed 7240 samples out of 10000, 0 errors
04:20:28,803 INFO Experiment.PerfCost-3479: Processed 7250 samples out of 10000, 0 errors
04:20:42,573 INFO Experiment.PerfCost-3479: Processed 7260 samples out of 10000, 0 errors
04:20:57,122 INFO Experiment.PerfCost-3479: Processed 7270 samples out of 10000, 0 errors
04:21:11,782 INFO Experiment.PerfCost-3479: Processed 7280 samples out of 10000, 0 errors
04:21:27,202 INFO Experiment.PerfCost-3479: Processed 7290 samples out of 10000, 0 errors
04:21:40,964 INFO Experiment.PerfCost-3479: Processed 7300 samples out of 10000, 0 errors
04:21:54,734 INFO Experiment.PerfCost-3479: Processed 7310 samples out of 10000, 0 errors
04:22:10,71 INFO Experiment.PerfCost-3479: Processed 7320 samples out of 10000, 0 errors
04:22:25,979 INFO Experiment.PerfCost-3479: Processed 7330 samples out of 10000, 0 errors
04:22:39,773 INFO Experiment.PerfCost-3479: Processed 7340 samples out of 10000, 0 errors
04:22:51,953 INFO Experiment.PerfCost-3479: Processed 7350 samples out of 10000, 0 errors
04:23:05,721 INFO Experiment.PerfCost-3479: Processed 7360 samples out of 10000, 0 errors
04:23:19,474 INFO Experiment.PerfCost-3479: Processed 7370 samples out of 10000, 0 errors
04:23:34,233 INFO Experiment.PerfCost-3479: Processed 7380 samples out of 10000, 0 errors
04:23:47,997 INFO Experiment.PerfCost-3479: Processed 7390 samples out of 10000, 0 errors
04:24:01,718 INFO Experiment.PerfCost-3479: Processed 7400 samples out of 10000, 0 errors
04:24:15,471 INFO Experiment.PerfCost-3479: Processed 7410 samples out of 10000, 0 errors
04:24:29,229 INFO Experiment.PerfCost-3479: Processed 7420 samples out of 10000, 0 errors
04:24:42,964 INFO Experiment.PerfCost-3479: Processed 7430 samples out of 10000, 0 errors
04:24:56,763 INFO Experiment.PerfCost-3479: Processed 7440 samples out of 10000, 0 errors
04:25:10,479 INFO Experiment.PerfCost-3479: Processed 7450 samples out of 10000, 0 errors
04:25:24,204 INFO Experiment.PerfCost-3479: Processed 7460 samples out of 10000, 0 errors
04:25:37,933 INFO Experiment.PerfCost-3479: Processed 7470 samples out of 10000, 0 errors
04:25:51,669 INFO Experiment.PerfCost-3479: Processed 7480 samples out of 10000, 0 errors
04:26:04,203 INFO Experiment.PerfCost-3479: Processed 7490 samples out of 10000, 0 errors
04:26:19,670 INFO Experiment.PerfCost-3479: Processed 7500 samples out of 10000, 0 errors
04:26:33,430 INFO Experiment.PerfCost-3479: Processed 7510 samples out of 10000, 0 errors
04:26:47,175 INFO Experiment.PerfCost-3479: Processed 7520 samples out of 10000, 0 errors
04:27:00,907 INFO Experiment.PerfCost-3479: Processed 7530 samples out of 10000, 0 errors
04:27:14,712 INFO Experiment.PerfCost-3479: Processed 7540 samples out of 10000, 0 errors
04:27:29,270 INFO Experiment.PerfCost-3479: Processed 7550 samples out of 10000, 0 errors
04:27:43,69 INFO Experiment.PerfCost-3479: Processed 7560 samples out of 10000, 0 errors
04:27:56,797 INFO Experiment.PerfCost-3479: Processed 7570 samples out of 10000, 0 errors
04:28:10,559 INFO Experiment.PerfCost-3479: Processed 7580 samples out of 10000, 0 errors
04:28:25,299 INFO Experiment.PerfCost-3479: Processed 7590 samples out of 10000, 0 errors
04:28:39,798 INFO Experiment.PerfCost-3479: Processed 7600 samples out of 10000, 0 errors
04:28:53,531 INFO Experiment.PerfCost-3479: Processed 7610 samples out of 10000, 0 errors
04:29:07,301 INFO Experiment.PerfCost-3479: Processed 7620 samples out of 10000, 0 errors
04:29:21,43 INFO Experiment.PerfCost-3479: Processed 7630 samples out of 10000, 0 errors
04:29:34,817 INFO Experiment.PerfCost-3479: Processed 7640 samples out of 10000, 0 errors
04:29:48,583 INFO Experiment.PerfCost-3479: Processed 7650 samples out of 10000, 0 errors
04:30:03,66 INFO Experiment.PerfCost-3479: Processed 7660 samples out of 10000, 0 errors
04:30:16,812 INFO Experiment.PerfCost-3479: Processed 7670 samples out of 10000, 0 errors
04:30:31,281 INFO Experiment.PerfCost-3479: Processed 7680 samples out of 10000, 0 errors
04:30:45,19 INFO Experiment.PerfCost-3479: Processed 7690 samples out of 10000, 0 errors
04:30:58,773 INFO Experiment.PerfCost-3479: Processed 7700 samples out of 10000, 0 errors
04:31:12,523 INFO Experiment.PerfCost-3479: Processed 7710 samples out of 10000, 0 errors
04:31:26,238 INFO Experiment.PerfCost-3479: Processed 7720 samples out of 10000, 0 errors
04:31:40,41 INFO Experiment.PerfCost-3479: Processed 7730 samples out of 10000, 0 errors
04:31:53,767 INFO Experiment.PerfCost-3479: Processed 7740 samples out of 10000, 0 errors
04:32:07,534 INFO Experiment.PerfCost-3479: Processed 7750 samples out of 10000, 0 errors
04:32:22,265 INFO Experiment.PerfCost-3479: Processed 7760 samples out of 10000, 0 errors
04:32:36,10 INFO Experiment.PerfCost-3479: Processed 7770 samples out of 10000, 0 errors
04:32:49,790 INFO Experiment.PerfCost-3479: Processed 7780 samples out of 10000, 0 errors
04:33:03,571 INFO Experiment.PerfCost-3479: Processed 7790 samples out of 10000, 0 errors
04:33:17,364 INFO Experiment.PerfCost-3479: Processed 7800 samples out of 10000, 0 errors
04:33:31,166 INFO Experiment.PerfCost-3479: Processed 7810 samples out of 10000, 0 errors
04:33:45,811 INFO Experiment.PerfCost-3479: Processed 7820 samples out of 10000, 0 errors
04:33:59,622 INFO Experiment.PerfCost-3479: Processed 7830 samples out of 10000, 0 errors
04:34:14,125 INFO Experiment.PerfCost-3479: Processed 7840 samples out of 10000, 0 errors
04:34:27,901 INFO Experiment.PerfCost-3479: Processed 7850 samples out of 10000, 0 errors
04:34:41,656 INFO Experiment.PerfCost-3479: Processed 7860 samples out of 10000, 0 errors
04:34:56,473 INFO Experiment.PerfCost-3479: Processed 7870 samples out of 10000, 0 errors
04:35:10,215 INFO Experiment.PerfCost-3479: Processed 7880 samples out of 10000, 0 errors
04:35:23,952 INFO Experiment.PerfCost-3479: Processed 7890 samples out of 10000, 0 errors
04:35:37,700 INFO Experiment.PerfCost-3479: Processed 7900 samples out of 10000, 0 errors
04:35:51,455 INFO Experiment.PerfCost-3479: Processed 7910 samples out of 10000, 0 errors
04:36:05,266 INFO Experiment.PerfCost-3479: Processed 7920 samples out of 10000, 0 errors
04:36:19,60 INFO Experiment.PerfCost-3479: Processed 7930 samples out of 10000, 0 errors
04:36:32,821 INFO Experiment.PerfCost-3479: Processed 7940 samples out of 10000, 0 errors
04:36:46,613 INFO Experiment.PerfCost-3479: Processed 7950 samples out of 10000, 0 errors
04:37:00,344 INFO Experiment.PerfCost-3479: Processed 7960 samples out of 10000, 0 errors
04:37:14,70 INFO Experiment.PerfCost-3479: Processed 7970 samples out of 10000, 0 errors
04:37:27,771 INFO Experiment.PerfCost-3479: Processed 7980 samples out of 10000, 0 errors
04:37:41,522 INFO Experiment.PerfCost-3479: Processed 7990 samples out of 10000, 0 errors
04:37:56,366 INFO Experiment.PerfCost-3479: Processed 8000 samples out of 10000, 0 errors
04:38:09,57 INFO Experiment.PerfCost-3479: Processed 8010 samples out of 10000, 0 errors
04:38:23,519 INFO Experiment.PerfCost-3479: Processed 8020 samples out of 10000, 0 errors
04:38:37,265 INFO Experiment.PerfCost-3479: Processed 8030 samples out of 10000, 0 errors
04:38:51,48 INFO Experiment.PerfCost-3479: Processed 8040 samples out of 10000, 0 errors
04:39:04,803 INFO Experiment.PerfCost-3479: Processed 8050 samples out of 10000, 0 errors
04:39:19,537 INFO Experiment.PerfCost-3479: Processed 8060 samples out of 10000, 0 errors
04:39:31,764 INFO Experiment.PerfCost-3479: Processed 8070 samples out of 10000, 0 errors
04:39:45,522 INFO Experiment.PerfCost-3479: Processed 8080 samples out of 10000, 0 errors
04:39:59,256 INFO Experiment.PerfCost-3479: Processed 8090 samples out of 10000, 0 errors
04:40:12,979 INFO Experiment.PerfCost-3479: Processed 8100 samples out of 10000, 0 errors
04:40:26,737 INFO Experiment.PerfCost-3479: Processed 8110 samples out of 10000, 0 errors
04:40:41,499 INFO Experiment.PerfCost-3479: Processed 8120 samples out of 10000, 0 errors
04:40:56,287 INFO Experiment.PerfCost-3479: Processed 8130 samples out of 10000, 0 errors
04:41:11,58 INFO Experiment.PerfCost-3479: Processed 8140 samples out of 10000, 0 errors
04:41:24,801 INFO Experiment.PerfCost-3479: Processed 8150 samples out of 10000, 0 errors
04:41:38,550 INFO Experiment.PerfCost-3479: Processed 8160 samples out of 10000, 0 errors
04:41:50,869 INFO Experiment.PerfCost-3479: Processed 8170 samples out of 10000, 0 errors
04:42:06,859 INFO Experiment.PerfCost-3479: Processed 8180 samples out of 10000, 0 errors
04:42:20,584 INFO Experiment.PerfCost-3479: Processed 8190 samples out of 10000, 0 errors
04:42:34,339 INFO Experiment.PerfCost-3479: Processed 8200 samples out of 10000, 0 errors
04:42:48,104 INFO Experiment.PerfCost-3479: Processed 8210 samples out of 10000, 0 errors
04:43:01,880 INFO Experiment.PerfCost-3479: Processed 8220 samples out of 10000, 0 errors
04:43:15,647 INFO Experiment.PerfCost-3479: Processed 8230 samples out of 10000, 0 errors
04:43:27,838 INFO Experiment.PerfCost-3479: Processed 8240 samples out of 10000, 0 errors
04:43:42,412 INFO Experiment.PerfCost-3479: Processed 8250 samples out of 10000, 0 errors
04:43:54,704 INFO Experiment.PerfCost-3479: Processed 8260 samples out of 10000, 0 errors
04:44:07,193 INFO Experiment.PerfCost-3479: Processed 8270 samples out of 10000, 0 errors
04:44:20,929 INFO Experiment.PerfCost-3479: Processed 8280 samples out of 10000, 0 errors
04:44:34,701 INFO Experiment.PerfCost-3479: Processed 8290 samples out of 10000, 0 errors
04:44:48,428 INFO Experiment.PerfCost-3479: Processed 8300 samples out of 10000, 0 errors
04:45:02,189 INFO Experiment.PerfCost-3479: Processed 8310 samples out of 10000, 0 errors
04:45:15,879 INFO Experiment.PerfCost-3479: Processed 8320 samples out of 10000, 0 errors
04:45:29,664 INFO Experiment.PerfCost-3479: Processed 8330 samples out of 10000, 0 errors
04:45:43,410 INFO Experiment.PerfCost-3479: Processed 8340 samples out of 10000, 0 errors
04:45:56,68 INFO Experiment.PerfCost-3479: Processed 8350 samples out of 10000, 0 errors
04:46:09,793 INFO Experiment.PerfCost-3479: Processed 8360 samples out of 10000, 0 errors
04:46:23,562 INFO Experiment.PerfCost-3479: Processed 8370 samples out of 10000, 0 errors
04:46:36,82 INFO Experiment.PerfCost-3479: Processed 8380 samples out of 10000, 0 errors
04:46:49,821 INFO Experiment.PerfCost-3479: Processed 8390 samples out of 10000, 0 errors
04:47:04,586 INFO Experiment.PerfCost-3479: Processed 8400 samples out of 10000, 0 errors
04:47:18,377 INFO Experiment.PerfCost-3479: Processed 8410 samples out of 10000, 0 errors
04:47:30,946 INFO Experiment.PerfCost-3479: Processed 8420 samples out of 10000, 0 errors
04:47:44,701 INFO Experiment.PerfCost-3479: Processed 8430 samples out of 10000, 0 errors
04:47:58,527 INFO Experiment.PerfCost-3479: Processed 8440 samples out of 10000, 0 errors
04:48:10,916 INFO Experiment.PerfCost-3479: Processed 8450 samples out of 10000, 0 errors
04:48:24,700 INFO Experiment.PerfCost-3479: Processed 8460 samples out of 10000, 0 errors
04:48:39,567 INFO Experiment.PerfCost-3479: Processed 8470 samples out of 10000, 0 errors
04:48:53,297 INFO Experiment.PerfCost-3479: Processed 8480 samples out of 10000, 0 errors
04:49:07,50 INFO Experiment.PerfCost-3479: Processed 8490 samples out of 10000, 0 errors
04:49:21,524 INFO Experiment.PerfCost-3479: Processed 8500 samples out of 10000, 0 errors
04:49:35,282 INFO Experiment.PerfCost-3479: Processed 8510 samples out of 10000, 0 errors
04:49:48,965 INFO Experiment.PerfCost-3479: Processed 8520 samples out of 10000, 0 errors
04:50:01,534 INFO Experiment.PerfCost-3479: Processed 8530 samples out of 10000, 0 errors
04:50:15,267 INFO Experiment.PerfCost-3479: Processed 8540 samples out of 10000, 0 errors
04:50:29,39 INFO Experiment.PerfCost-3479: Processed 8550 samples out of 10000, 0 errors
04:50:42,786 INFO Experiment.PerfCost-3479: Processed 8560 samples out of 10000, 0 errors
04:50:56,512 INFO Experiment.PerfCost-3479: Processed 8570 samples out of 10000, 0 errors
04:51:11,271 INFO Experiment.PerfCost-3479: Processed 8580 samples out of 10000, 0 errors
04:51:25,64 INFO Experiment.PerfCost-3479: Processed 8590 samples out of 10000, 0 errors
04:51:38,796 INFO Experiment.PerfCost-3479: Processed 8600 samples out of 10000, 0 errors
04:51:52,509 INFO Experiment.PerfCost-3479: Processed 8610 samples out of 10000, 0 errors
04:52:06,235 INFO Experiment.PerfCost-3479: Processed 8620 samples out of 10000, 0 errors
04:52:19,998 INFO Experiment.PerfCost-3479: Processed 8630 samples out of 10000, 0 errors
04:52:33,723 INFO Experiment.PerfCost-3479: Processed 8640 samples out of 10000, 0 errors
04:52:47,467 INFO Experiment.PerfCost-3479: Processed 8650 samples out of 10000, 0 errors
04:52:59,710 INFO Experiment.PerfCost-3479: Processed 8660 samples out of 10000, 0 errors
04:53:14,217 INFO Experiment.PerfCost-3479: Processed 8670 samples out of 10000, 0 errors
04:53:27,999 INFO Experiment.PerfCost-3479: Processed 8680 samples out of 10000, 0 errors
04:53:41,761 INFO Experiment.PerfCost-3479: Processed 8690 samples out of 10000, 0 errors
04:53:55,529 INFO Experiment.PerfCost-3479: Processed 8700 samples out of 10000, 0 errors
04:54:10,103 INFO Experiment.PerfCost-3479: Processed 8710 samples out of 10000, 0 errors
04:54:22,332 INFO Experiment.PerfCost-3479: Processed 8720 samples out of 10000, 0 errors
04:54:36,129 INFO Experiment.PerfCost-3479: Processed 8730 samples out of 10000, 0 errors
04:54:49,949 INFO Experiment.PerfCost-3479: Processed 8740 samples out of 10000, 0 errors
04:55:04,448 INFO Experiment.PerfCost-3479: Processed 8750 samples out of 10000, 0 errors
04:55:18,206 INFO Experiment.PerfCost-3479: Processed 8760 samples out of 10000, 0 errors
04:55:32,949 INFO Experiment.PerfCost-3479: Processed 8770 samples out of 10000, 0 errors
04:55:46,723 INFO Experiment.PerfCost-3479: Processed 8780 samples out of 10000, 0 errors
04:56:00,497 INFO Experiment.PerfCost-3479: Processed 8790 samples out of 10000, 0 errors
04:56:14,227 INFO Experiment.PerfCost-3479: Processed 8800 samples out of 10000, 0 errors
04:56:27,974 INFO Experiment.PerfCost-3479: Processed 8810 samples out of 10000, 0 errors
04:56:41,687 INFO Experiment.PerfCost-3479: Processed 8820 samples out of 10000, 0 errors
04:56:55,485 INFO Experiment.PerfCost-3479: Processed 8830 samples out of 10000, 0 errors
04:57:07,983 INFO Experiment.PerfCost-3479: Processed 8840 samples out of 10000, 0 errors
04:57:21,728 INFO Experiment.PerfCost-3479: Processed 8850 samples out of 10000, 0 errors
04:57:36,203 INFO Experiment.PerfCost-3479: Processed 8860 samples out of 10000, 0 errors
04:57:50,955 INFO Experiment.PerfCost-3479: Processed 8870 samples out of 10000, 0 errors
04:58:04,715 INFO Experiment.PerfCost-3479: Processed 8880 samples out of 10000, 0 errors
04:58:18,500 INFO Experiment.PerfCost-3479: Processed 8890 samples out of 10000, 0 errors
04:58:32,248 INFO Experiment.PerfCost-3479: Processed 8900 samples out of 10000, 0 errors
04:58:46,5 INFO Experiment.PerfCost-3479: Processed 8910 samples out of 10000, 0 errors
04:59:00,479 INFO Experiment.PerfCost-3479: Processed 8920 samples out of 10000, 0 errors
04:59:15,209 INFO Experiment.PerfCost-3479: Processed 8930 samples out of 10000, 0 errors
04:59:27,771 INFO Experiment.PerfCost-3479: Processed 8940 samples out of 10000, 0 errors
04:59:41,501 INFO Experiment.PerfCost-3479: Processed 8950 samples out of 10000, 0 errors
04:59:55,257 INFO Experiment.PerfCost-3479: Processed 8960 samples out of 10000, 0 errors
05:00:08,951 INFO Experiment.PerfCost-3479: Processed 8970 samples out of 10000, 0 errors
05:00:22,723 INFO Experiment.PerfCost-3479: Processed 8980 samples out of 10000, 0 errors
05:00:37,445 INFO Experiment.PerfCost-3479: Processed 8990 samples out of 10000, 0 errors
05:00:52,223 INFO Experiment.PerfCost-3479: Processed 9000 samples out of 10000, 0 errors
05:01:05,989 INFO Experiment.PerfCost-3479: Processed 9010 samples out of 10000, 0 errors
05:01:19,764 INFO Experiment.PerfCost-3479: Processed 9020 samples out of 10000, 0 errors
05:01:33,528 INFO Experiment.PerfCost-3479: Processed 9030 samples out of 10000, 0 errors
05:01:47,275 INFO Experiment.PerfCost-3479: Processed 9040 samples out of 10000, 0 errors
05:01:59,969 INFO Experiment.PerfCost-3479: Processed 9050 samples out of 10000, 0 errors
05:02:13,806 INFO Experiment.PerfCost-3479: Processed 9060 samples out of 10000, 0 errors
05:02:27,541 INFO Experiment.PerfCost-3479: Processed 9070 samples out of 10000, 0 errors
05:02:41,225 INFO Experiment.PerfCost-3479: Processed 9080 samples out of 10000, 0 errors
05:02:54,967 INFO Experiment.PerfCost-3479: Processed 9090 samples out of 10000, 0 errors
05:03:07,901 INFO Experiment.PerfCost-3479: Processed 9100 samples out of 10000, 0 errors
05:03:21,671 INFO Experiment.PerfCost-3479: Processed 9110 samples out of 10000, 0 errors
05:03:35,412 INFO Experiment.PerfCost-3479: Processed 9120 samples out of 10000, 0 errors
05:03:49,948 INFO Experiment.PerfCost-3479: Processed 9130 samples out of 10000, 0 errors
05:04:03,712 INFO Experiment.PerfCost-3479: Processed 9140 samples out of 10000, 0 errors
05:04:18,203 INFO Experiment.PerfCost-3479: Processed 9150 samples out of 10000, 0 errors
05:04:31,899 INFO Experiment.PerfCost-3479: Processed 9160 samples out of 10000, 0 errors
05:04:45,612 INFO Experiment.PerfCost-3479: Processed 9170 samples out of 10000, 0 errors
05:04:59,378 INFO Experiment.PerfCost-3479: Processed 9180 samples out of 10000, 0 errors
05:05:13,116 INFO Experiment.PerfCost-3479: Processed 9190 samples out of 10000, 0 errors
05:05:27,646 INFO Experiment.PerfCost-3479: Processed 9200 samples out of 10000, 0 errors
05:05:41,372 INFO Experiment.PerfCost-3479: Processed 9210 samples out of 10000, 0 errors
05:05:55,150 INFO Experiment.PerfCost-3479: Processed 9220 samples out of 10000, 0 errors
05:06:08,912 INFO Experiment.PerfCost-3479: Processed 9230 samples out of 10000, 0 errors
05:06:22,671 INFO Experiment.PerfCost-3479: Processed 9240 samples out of 10000, 0 errors
05:06:36,421 INFO Experiment.PerfCost-3479: Processed 9250 samples out of 10000, 0 errors
05:06:50,171 INFO Experiment.PerfCost-3479: Processed 9260 samples out of 10000, 0 errors
05:07:04,910 INFO Experiment.PerfCost-3479: Processed 9270 samples out of 10000, 0 errors
05:07:18,679 INFO Experiment.PerfCost-3479: Processed 9280 samples out of 10000, 0 errors
05:07:32,398 INFO Experiment.PerfCost-3479: Processed 9290 samples out of 10000, 0 errors
05:07:47,123 INFO Experiment.PerfCost-3479: Processed 9300 samples out of 10000, 0 errors
05:08:00,881 INFO Experiment.PerfCost-3479: Processed 9310 samples out of 10000, 0 errors
05:08:14,618 INFO Experiment.PerfCost-3479: Processed 9320 samples out of 10000, 0 errors
05:08:29,298 INFO Experiment.PerfCost-3479: Processed 9330 samples out of 10000, 0 errors
05:08:43,104 INFO Experiment.PerfCost-3479: Processed 9340 samples out of 10000, 0 errors
05:08:56,822 INFO Experiment.PerfCost-3479: Processed 9350 samples out of 10000, 0 errors
05:09:10,556 INFO Experiment.PerfCost-3479: Processed 9360 samples out of 10000, 0 errors
05:09:24,254 INFO Experiment.PerfCost-3479: Processed 9370 samples out of 10000, 0 errors
05:09:38,726 INFO Experiment.PerfCost-3479: Processed 9380 samples out of 10000, 0 errors
05:09:52,482 INFO Experiment.PerfCost-3479: Processed 9390 samples out of 10000, 0 errors
05:10:06,219 INFO Experiment.PerfCost-3479: Processed 9400 samples out of 10000, 0 errors
05:10:19,964 INFO Experiment.PerfCost-3479: Processed 9410 samples out of 10000, 0 errors
05:10:33,720 INFO Experiment.PerfCost-3479: Processed 9420 samples out of 10000, 0 errors
05:10:48,468 INFO Experiment.PerfCost-3479: Processed 9430 samples out of 10000, 0 errors
05:11:02,176 INFO Experiment.PerfCost-3479: Processed 9440 samples out of 10000, 0 errors
05:11:15,909 INFO Experiment.PerfCost-3479: Processed 9450 samples out of 10000, 0 errors
05:11:29,668 INFO Experiment.PerfCost-3479: Processed 9460 samples out of 10000, 0 errors
05:11:41,937 INFO Experiment.PerfCost-3479: Processed 9470 samples out of 10000, 0 errors
05:11:55,733 INFO Experiment.PerfCost-3479: Processed 9480 samples out of 10000, 0 errors
05:12:09,458 INFO Experiment.PerfCost-3479: Processed 9490 samples out of 10000, 0 errors
05:12:23,243 INFO Experiment.PerfCost-3479: Processed 9500 samples out of 10000, 0 errors
05:12:36,983 INFO Experiment.PerfCost-3479: Processed 9510 samples out of 10000, 0 errors
05:12:50,735 INFO Experiment.PerfCost-3479: Processed 9520 samples out of 10000, 0 errors
05:13:05,204 INFO Experiment.PerfCost-3479: Processed 9530 samples out of 10000, 0 errors
05:13:18,940 INFO Experiment.PerfCost-3479: Processed 9540 samples out of 10000, 0 errors
05:13:32,732 INFO Experiment.PerfCost-3479: Processed 9550 samples out of 10000, 0 errors
05:13:46,521 INFO Experiment.PerfCost-3479: Processed 9560 samples out of 10000, 0 errors
05:14:00,303 INFO Experiment.PerfCost-3479: Processed 9570 samples out of 10000, 0 errors
05:14:14,34 INFO Experiment.PerfCost-3479: Processed 9580 samples out of 10000, 0 errors
05:14:27,798 INFO Experiment.PerfCost-3479: Processed 9590 samples out of 10000, 0 errors
05:14:42,425 INFO Experiment.PerfCost-3479: Processed 9600 samples out of 10000, 0 errors
05:14:56,183 INFO Experiment.PerfCost-3479: Processed 9610 samples out of 10000, 0 errors
05:15:10,916 INFO Experiment.PerfCost-3479: Processed 9620 samples out of 10000, 0 errors
05:15:24,679 INFO Experiment.PerfCost-3479: Processed 9630 samples out of 10000, 0 errors
05:15:37,211 INFO Experiment.PerfCost-3479: Processed 9640 samples out of 10000, 0 errors
05:15:50,980 INFO Experiment.PerfCost-3479: Processed 9650 samples out of 10000, 0 errors
05:16:06,591 INFO Experiment.PerfCost-3479: Processed 9660 samples out of 10000, 0 errors
05:16:20,426 INFO Experiment.PerfCost-3479: Processed 9670 samples out of 10000, 0 errors
05:16:32,665 INFO Experiment.PerfCost-3479: Processed 9680 samples out of 10000, 0 errors
05:16:46,438 INFO Experiment.PerfCost-3479: Processed 9690 samples out of 10000, 0 errors
05:17:00,212 INFO Experiment.PerfCost-3479: Processed 9700 samples out of 10000, 0 errors
05:17:13,976 INFO Experiment.PerfCost-3479: Processed 9710 samples out of 10000, 0 errors
05:17:27,721 INFO Experiment.PerfCost-3479: Processed 9720 samples out of 10000, 0 errors
05:17:41,511 INFO Experiment.PerfCost-3479: Processed 9730 samples out of 10000, 0 errors
05:17:54,13 INFO Experiment.PerfCost-3479: Processed 9740 samples out of 10000, 0 errors
05:18:07,810 INFO Experiment.PerfCost-3479: Processed 9750 samples out of 10000, 0 errors
05:18:21,543 INFO Experiment.PerfCost-3479: Processed 9760 samples out of 10000, 0 errors
05:18:35,330 INFO Experiment.PerfCost-3479: Processed 9770 samples out of 10000, 0 errors
05:18:49,65 INFO Experiment.PerfCost-3479: Processed 9780 samples out of 10000, 0 errors
05:19:03,596 INFO Experiment.PerfCost-3479: Processed 9790 samples out of 10000, 0 errors
05:19:17,301 INFO Experiment.PerfCost-3479: Processed 9800 samples out of 10000, 0 errors
05:19:31,35 INFO Experiment.PerfCost-3479: Processed 9810 samples out of 10000, 0 errors
05:19:44,786 INFO Experiment.PerfCost-3479: Processed 9820 samples out of 10000, 0 errors
05:19:57,56 INFO Experiment.PerfCost-3479: Processed 9830 samples out of 10000, 0 errors
05:20:10,824 INFO Experiment.PerfCost-3479: Processed 9840 samples out of 10000, 0 errors
05:20:25,370 INFO Experiment.PerfCost-3479: Processed 9850 samples out of 10000, 0 errors
05:20:39,159 INFO Experiment.PerfCost-3479: Processed 9860 samples out of 10000, 0 errors
05:20:51,417 INFO Experiment.PerfCost-3479: Processed 9870 samples out of 10000, 0 errors
05:21:03,798 INFO Experiment.PerfCost-3479: Processed 9880 samples out of 10000, 0 errors
05:21:18,476 INFO Experiment.PerfCost-3479: Processed 9890 samples out of 10000, 0 errors
05:21:32,208 INFO Experiment.PerfCost-3479: Processed 9900 samples out of 10000, 0 errors
05:21:44,659 INFO Experiment.PerfCost-3479: Processed 9910 samples out of 10000, 0 errors
05:21:58,404 INFO Experiment.PerfCost-3479: Processed 9920 samples out of 10000, 0 errors
05:22:12,107 INFO Experiment.PerfCost-3479: Processed 9930 samples out of 10000, 0 errors
05:22:25,868 INFO Experiment.PerfCost-3479: Processed 9940 samples out of 10000, 0 errors
05:22:39,660 INFO Experiment.PerfCost-3479: Processed 9950 samples out of 10000, 0 errors
05:22:53,422 INFO Experiment.PerfCost-3479: Processed 9960 samples out of 10000, 0 errors
05:23:07,192 INFO Experiment.PerfCost-3479: Processed 9970 samples out of 10000, 0 errors
05:23:20,950 INFO Experiment.PerfCost-3479: Processed 9980 samples out of 10000, 0 errors
05:23:35,479 INFO Experiment.PerfCost-3479: Processed 9990 samples out of 10000, 0 errors
05:23:49,244 INFO Experiment.PerfCost-3479: Processed 10000 samples out of 10000, 0 errors
05:23:54,262 INFO Experiment.PerfCost-3479: Mean 2274.9356674 [ms], median 2147.313 [ms], std 1205.8019358552247, CV 53.003781739169916
05:23:54,268 INFO Experiment.PerfCost-3479: Parametric CI (Student's t-distribution) 0.95 from 2251.298340720713 to 2298.572994079287, within 1.0390327523547918% of mean
05:23:54,271 INFO Experiment.PerfCost-3479: Non-parametric CI 0.95 from 2123.514 to 2179.237, within 1.2975053008108262% of median
05:23:54,274 INFO Experiment.PerfCost-3479: Parametric CI (Student's t-distribution) 0.99 from 2243.8687843693274 to 2306.0025504306727, within 1.3656158930497881% of mean
05:23:54,276 INFO Experiment.PerfCost-3479: Non-parametric CI 0.99 from 2115.3 to 2187.526, within 1.6817762478036424% of median
