22:39:25,509 INFO SeBS-4c50: Created experiment output at /home/anou/msc-thesis/task-based-experiment/experiment-results/nodejs/instrumented/640.video-processing-otel
22:39:25,857 INFO OpenWhisk.Resources-8467: Using user-provided configuration of storage for OpenWhisk.
22:39:25,858 INFO OpenWhisk-79fb: Using existing resource name: 8504288e.
22:39:25,862 INFO Benchmark-689a: Building benchmark 640.video-processing-opentelemetry. Reason: no cached code package.
22:39:32,890 INFO Benchmark-689a: There is no Docker build image for openwhisk run in nodejs, thus skipping the Docker-based installation of dependencies.
22:39:32,891 INFO OpenWhisk-79fb: Build the benchmark base image andersnou/msc-thesis:function.openwhisk.640.video-processing-opentelemetry.nodejs-12.
22:39:34,214 INFO OpenWhisk-79fb: Push the benchmark base image andersnou/msc-thesis:function.openwhisk.640.video-processing-opentelemetry.nodejs-12 to registry: Docker Hub.
22:39:35,766 INFO OpenWhisk-79fb: Created /home/anou/msc-thesis/task-based-experiment/experiment-results/nodejs/instrumented/640.video-processing-otel/640.video-processing-opentelemetry_code/nodejs/12/640.video-processing-opentelemetry.zip archive
22:39:35,767 INFO OpenWhisk-79fb: Zip archive size 0.000621 MB
22:39:35,769 INFO Benchmark-689a: Created code package (source hash: 15b121255d463fa80a16151eedd6195d), for run on openwhisk with nodejs:12
22:39:35,772 INFO OpenWhisk-79fb: Creating new function! Reason: function 640.video-processing-opentelemetry-nodejs-12 not found in cache.
22:39:35,773 INFO OpenWhisk-79fb: Creating function as an action in OpenWhisk.
22:39:35,949 INFO OpenWhisk-79fb: Creating new OpenWhisk action 640.video-processing-opentelemetry-nodejs-12
22:39:36,386 INFO Experiment.PerfCost-3361: Begin experiment on memory size 512
22:39:36,386 INFO OpenWhisk-79fb: Update an existing OpenWhisk action 640.video-processing-opentelemetry-nodejs-12.
22:39:36,556 INFO Experiment.PerfCost-3361: Begin warm experiments
22:39:54,874 INFO Experiment.PerfCost-3361: Processed 0 warm-up samples, ignoring these results.
22:40:07,858 INFO Experiment.PerfCost-3361: Processed 10 samples out of 10000, 0 errors
22:40:20,857 INFO Experiment.PerfCost-3361: Processed 20 samples out of 10000, 0 errors
22:40:33,783 INFO Experiment.PerfCost-3361: Processed 30 samples out of 10000, 0 errors
22:40:46,849 INFO Experiment.PerfCost-3361: Processed 40 samples out of 10000, 0 errors
22:40:59,880 INFO Experiment.PerfCost-3361: Processed 50 samples out of 10000, 0 errors
22:41:12,721 INFO Experiment.PerfCost-3361: Processed 60 samples out of 10000, 0 errors
22:41:25,804 INFO Experiment.PerfCost-3361: Processed 70 samples out of 10000, 0 errors
22:41:38,743 INFO Experiment.PerfCost-3361: Processed 80 samples out of 10000, 0 errors
22:41:51,683 INFO Experiment.PerfCost-3361: Processed 90 samples out of 10000, 0 errors
22:42:04,511 INFO Experiment.PerfCost-3361: Processed 100 samples out of 10000, 0 errors
22:42:17,401 INFO Experiment.PerfCost-3361: Processed 110 samples out of 10000, 0 errors
22:42:30,103 INFO Experiment.PerfCost-3361: Processed 120 samples out of 10000, 0 errors
22:42:42,891 INFO Experiment.PerfCost-3361: Processed 130 samples out of 10000, 0 errors
22:42:55,802 INFO Experiment.PerfCost-3361: Processed 140 samples out of 10000, 0 errors
22:43:08,623 INFO Experiment.PerfCost-3361: Processed 150 samples out of 10000, 0 errors
22:43:21,598 INFO Experiment.PerfCost-3361: Processed 160 samples out of 10000, 0 errors
22:43:34,423 INFO Experiment.PerfCost-3361: Processed 170 samples out of 10000, 0 errors
22:43:47,281 INFO Experiment.PerfCost-3361: Processed 180 samples out of 10000, 0 errors
22:44:00,196 INFO Experiment.PerfCost-3361: Processed 190 samples out of 10000, 0 errors
22:44:12,960 INFO Experiment.PerfCost-3361: Processed 200 samples out of 10000, 0 errors
22:44:25,992 INFO Experiment.PerfCost-3361: Processed 210 samples out of 10000, 0 errors
22:44:38,705 INFO Experiment.PerfCost-3361: Processed 220 samples out of 10000, 0 errors
22:44:51,538 INFO Experiment.PerfCost-3361: Processed 230 samples out of 10000, 0 errors
22:45:04,488 INFO Experiment.PerfCost-3361: Processed 240 samples out of 10000, 0 errors
22:45:17,404 INFO Experiment.PerfCost-3361: Processed 250 samples out of 10000, 0 errors
22:45:30,284 INFO Experiment.PerfCost-3361: Processed 260 samples out of 10000, 0 errors
22:45:43,272 INFO Experiment.PerfCost-3361: Processed 270 samples out of 10000, 0 errors
22:45:56,288 INFO Experiment.PerfCost-3361: Processed 280 samples out of 10000, 0 errors
22:46:09,109 INFO Experiment.PerfCost-3361: Processed 290 samples out of 10000, 0 errors
22:46:21,985 INFO Experiment.PerfCost-3361: Processed 300 samples out of 10000, 0 errors
22:46:34,770 INFO Experiment.PerfCost-3361: Processed 310 samples out of 10000, 0 errors
22:46:47,613 INFO Experiment.PerfCost-3361: Processed 320 samples out of 10000, 0 errors
22:47:00,504 INFO Experiment.PerfCost-3361: Processed 330 samples out of 10000, 0 errors
22:47:13,483 INFO Experiment.PerfCost-3361: Processed 340 samples out of 10000, 0 errors
22:47:26,243 INFO Experiment.PerfCost-3361: Processed 350 samples out of 10000, 0 errors
22:47:39,151 INFO Experiment.PerfCost-3361: Processed 360 samples out of 10000, 0 errors
22:47:51,868 INFO Experiment.PerfCost-3361: Processed 370 samples out of 10000, 0 errors
22:48:04,673 INFO Experiment.PerfCost-3361: Processed 380 samples out of 10000, 0 errors
22:48:17,458 INFO Experiment.PerfCost-3361: Processed 390 samples out of 10000, 0 errors
22:48:30,330 INFO Experiment.PerfCost-3361: Processed 400 samples out of 10000, 0 errors
22:48:43,216 INFO Experiment.PerfCost-3361: Processed 410 samples out of 10000, 0 errors
22:48:56,108 INFO Experiment.PerfCost-3361: Processed 420 samples out of 10000, 0 errors
22:49:08,874 INFO Experiment.PerfCost-3361: Processed 430 samples out of 10000, 0 errors
22:49:21,831 INFO Experiment.PerfCost-3361: Processed 440 samples out of 10000, 0 errors
22:49:34,957 INFO Experiment.PerfCost-3361: Processed 450 samples out of 10000, 0 errors
22:49:47,715 INFO Experiment.PerfCost-3361: Processed 460 samples out of 10000, 0 errors
22:50:00,577 INFO Experiment.PerfCost-3361: Processed 470 samples out of 10000, 0 errors
22:50:13,346 INFO Experiment.PerfCost-3361: Processed 480 samples out of 10000, 0 errors
22:50:26,199 INFO Experiment.PerfCost-3361: Processed 490 samples out of 10000, 0 errors
22:50:39,51 INFO Experiment.PerfCost-3361: Processed 500 samples out of 10000, 0 errors
22:50:52,62 INFO Experiment.PerfCost-3361: Processed 510 samples out of 10000, 0 errors
22:51:04,878 INFO Experiment.PerfCost-3361: Processed 520 samples out of 10000, 0 errors
22:51:17,819 INFO Experiment.PerfCost-3361: Processed 530 samples out of 10000, 0 errors
22:51:30,625 INFO Experiment.PerfCost-3361: Processed 540 samples out of 10000, 0 errors
22:51:43,757 INFO Experiment.PerfCost-3361: Processed 550 samples out of 10000, 0 errors
22:51:56,563 INFO Experiment.PerfCost-3361: Processed 560 samples out of 10000, 0 errors
22:52:09,377 INFO Experiment.PerfCost-3361: Processed 570 samples out of 10000, 0 errors
22:52:22,238 INFO Experiment.PerfCost-3361: Processed 580 samples out of 10000, 0 errors
22:52:35,186 INFO Experiment.PerfCost-3361: Processed 590 samples out of 10000, 0 errors
22:52:48,91 INFO Experiment.PerfCost-3361: Processed 600 samples out of 10000, 0 errors
22:53:01,0 INFO Experiment.PerfCost-3361: Processed 610 samples out of 10000, 0 errors
22:53:13,698 INFO Experiment.PerfCost-3361: Processed 620 samples out of 10000, 0 errors
22:53:26,430 INFO Experiment.PerfCost-3361: Processed 630 samples out of 10000, 0 errors
22:53:39,196 INFO Experiment.PerfCost-3361: Processed 640 samples out of 10000, 0 errors
22:53:51,946 INFO Experiment.PerfCost-3361: Processed 650 samples out of 10000, 0 errors
22:54:04,785 INFO Experiment.PerfCost-3361: Processed 660 samples out of 10000, 0 errors
22:54:17,723 INFO Experiment.PerfCost-3361: Processed 670 samples out of 10000, 0 errors
22:54:30,540 INFO Experiment.PerfCost-3361: Processed 680 samples out of 10000, 0 errors
22:54:43,346 INFO Experiment.PerfCost-3361: Processed 690 samples out of 10000, 0 errors
22:54:56,252 INFO Experiment.PerfCost-3361: Processed 700 samples out of 10000, 0 errors
22:55:09,8 INFO Experiment.PerfCost-3361: Processed 710 samples out of 10000, 0 errors
22:55:21,894 INFO Experiment.PerfCost-3361: Processed 720 samples out of 10000, 0 errors
22:55:34,902 INFO Experiment.PerfCost-3361: Processed 730 samples out of 10000, 0 errors
22:55:47,711 INFO Experiment.PerfCost-3361: Processed 740 samples out of 10000, 0 errors
22:56:00,709 INFO Experiment.PerfCost-3361: Processed 750 samples out of 10000, 0 errors
22:56:13,604 INFO Experiment.PerfCost-3361: Processed 760 samples out of 10000, 0 errors
22:56:26,531 INFO Experiment.PerfCost-3361: Processed 770 samples out of 10000, 0 errors
22:56:39,427 INFO Experiment.PerfCost-3361: Processed 780 samples out of 10000, 0 errors
22:56:52,196 INFO Experiment.PerfCost-3361: Processed 790 samples out of 10000, 0 errors
22:57:05,90 INFO Experiment.PerfCost-3361: Processed 800 samples out of 10000, 0 errors
22:57:18,89 INFO Experiment.PerfCost-3361: Processed 810 samples out of 10000, 0 errors
22:57:30,905 INFO Experiment.PerfCost-3361: Processed 820 samples out of 10000, 0 errors
22:57:43,774 INFO Experiment.PerfCost-3361: Processed 830 samples out of 10000, 0 errors
22:57:56,676 INFO Experiment.PerfCost-3361: Processed 840 samples out of 10000, 0 errors
22:58:09,494 INFO Experiment.PerfCost-3361: Processed 850 samples out of 10000, 0 errors
22:58:22,351 INFO Experiment.PerfCost-3361: Processed 860 samples out of 10000, 0 errors
22:58:35,65 INFO Experiment.PerfCost-3361: Processed 870 samples out of 10000, 0 errors
22:58:47,840 INFO Experiment.PerfCost-3361: Processed 880 samples out of 10000, 0 errors
22:59:00,791 INFO Experiment.PerfCost-3361: Processed 890 samples out of 10000, 0 errors
22:59:13,713 INFO Experiment.PerfCost-3361: Processed 900 samples out of 10000, 0 errors
22:59:26,457 INFO Experiment.PerfCost-3361: Processed 910 samples out of 10000, 0 errors
22:59:39,391 INFO Experiment.PerfCost-3361: Processed 920 samples out of 10000, 0 errors
22:59:52,168 INFO Experiment.PerfCost-3361: Processed 930 samples out of 10000, 0 errors
23:00:05,225 INFO Experiment.PerfCost-3361: Processed 940 samples out of 10000, 0 errors
23:00:18,113 INFO Experiment.PerfCost-3361: Processed 950 samples out of 10000, 0 errors
23:00:31,55 INFO Experiment.PerfCost-3361: Processed 960 samples out of 10000, 0 errors
23:00:43,833 INFO Experiment.PerfCost-3361: Processed 970 samples out of 10000, 0 errors
23:00:56,750 INFO Experiment.PerfCost-3361: Processed 980 samples out of 10000, 0 errors
23:01:09,633 INFO Experiment.PerfCost-3361: Processed 990 samples out of 10000, 0 errors
23:01:22,490 INFO Experiment.PerfCost-3361: Processed 1000 samples out of 10000, 0 errors
23:01:35,487 INFO Experiment.PerfCost-3361: Processed 1010 samples out of 10000, 0 errors
23:01:48,467 INFO Experiment.PerfCost-3361: Processed 1020 samples out of 10000, 0 errors
23:02:01,435 INFO Experiment.PerfCost-3361: Processed 1030 samples out of 10000, 0 errors
23:02:14,315 INFO Experiment.PerfCost-3361: Processed 1040 samples out of 10000, 0 errors
23:02:27,287 INFO Experiment.PerfCost-3361: Processed 1050 samples out of 10000, 0 errors
23:02:40,275 INFO Experiment.PerfCost-3361: Processed 1060 samples out of 10000, 0 errors
23:02:53,178 INFO Experiment.PerfCost-3361: Processed 1070 samples out of 10000, 0 errors
23:03:05,840 INFO Experiment.PerfCost-3361: Processed 1080 samples out of 10000, 0 errors
23:03:18,655 INFO Experiment.PerfCost-3361: Processed 1090 samples out of 10000, 0 errors
23:03:31,484 INFO Experiment.PerfCost-3361: Processed 1100 samples out of 10000, 0 errors
23:03:44,355 INFO Experiment.PerfCost-3361: Processed 1110 samples out of 10000, 0 errors
23:03:57,299 INFO Experiment.PerfCost-3361: Processed 1120 samples out of 10000, 0 errors
23:04:10,271 INFO Experiment.PerfCost-3361: Processed 1130 samples out of 10000, 0 errors
23:04:23,229 INFO Experiment.PerfCost-3361: Processed 1140 samples out of 10000, 0 errors
23:04:36,57 INFO Experiment.PerfCost-3361: Processed 1150 samples out of 10000, 0 errors
23:04:48,744 INFO Experiment.PerfCost-3361: Processed 1160 samples out of 10000, 0 errors
23:05:01,509 INFO Experiment.PerfCost-3361: Processed 1170 samples out of 10000, 0 errors
23:05:14,433 INFO Experiment.PerfCost-3361: Processed 1180 samples out of 10000, 0 errors
23:05:27,206 INFO Experiment.PerfCost-3361: Processed 1190 samples out of 10000, 0 errors
23:05:39,963 INFO Experiment.PerfCost-3361: Processed 1200 samples out of 10000, 0 errors
23:05:52,817 INFO Experiment.PerfCost-3361: Processed 1210 samples out of 10000, 0 errors
23:06:05,653 INFO Experiment.PerfCost-3361: Processed 1220 samples out of 10000, 0 errors
23:06:18,389 INFO Experiment.PerfCost-3361: Processed 1230 samples out of 10000, 0 errors
23:06:31,139 INFO Experiment.PerfCost-3361: Processed 1240 samples out of 10000, 0 errors
23:06:44,110 INFO Experiment.PerfCost-3361: Processed 1250 samples out of 10000, 0 errors
23:06:56,940 INFO Experiment.PerfCost-3361: Processed 1260 samples out of 10000, 0 errors
23:07:09,603 INFO Experiment.PerfCost-3361: Processed 1270 samples out of 10000, 0 errors
23:07:22,553 INFO Experiment.PerfCost-3361: Processed 1280 samples out of 10000, 0 errors
23:07:35,499 INFO Experiment.PerfCost-3361: Processed 1290 samples out of 10000, 0 errors
23:07:48,571 INFO Experiment.PerfCost-3361: Processed 1300 samples out of 10000, 0 errors
23:08:01,458 INFO Experiment.PerfCost-3361: Processed 1310 samples out of 10000, 0 errors
23:08:14,490 INFO Experiment.PerfCost-3361: Processed 1320 samples out of 10000, 0 errors
23:08:27,418 INFO Experiment.PerfCost-3361: Processed 1330 samples out of 10000, 0 errors
23:08:40,320 INFO Experiment.PerfCost-3361: Processed 1340 samples out of 10000, 0 errors
23:08:53,398 INFO Experiment.PerfCost-3361: Processed 1350 samples out of 10000, 0 errors
23:09:06,250 INFO Experiment.PerfCost-3361: Processed 1360 samples out of 10000, 0 errors
23:09:19,45 INFO Experiment.PerfCost-3361: Processed 1370 samples out of 10000, 0 errors
23:09:32,10 INFO Experiment.PerfCost-3361: Processed 1380 samples out of 10000, 0 errors
23:09:44,928 INFO Experiment.PerfCost-3361: Processed 1390 samples out of 10000, 0 errors
23:09:57,655 INFO Experiment.PerfCost-3361: Processed 1400 samples out of 10000, 0 errors
23:10:10,479 INFO Experiment.PerfCost-3361: Processed 1410 samples out of 10000, 0 errors
23:10:23,346 INFO Experiment.PerfCost-3361: Processed 1420 samples out of 10000, 0 errors
23:10:36,340 INFO Experiment.PerfCost-3361: Processed 1430 samples out of 10000, 0 errors
23:10:49,104 INFO Experiment.PerfCost-3361: Processed 1440 samples out of 10000, 0 errors
23:11:01,991 INFO Experiment.PerfCost-3361: Processed 1450 samples out of 10000, 0 errors
23:11:14,668 INFO Experiment.PerfCost-3361: Processed 1460 samples out of 10000, 0 errors
23:11:27,660 INFO Experiment.PerfCost-3361: Processed 1470 samples out of 10000, 0 errors
23:11:40,630 INFO Experiment.PerfCost-3361: Processed 1480 samples out of 10000, 0 errors
23:11:53,603 INFO Experiment.PerfCost-3361: Processed 1490 samples out of 10000, 0 errors
23:12:06,485 INFO Experiment.PerfCost-3361: Processed 1500 samples out of 10000, 0 errors
23:12:19,251 INFO Experiment.PerfCost-3361: Processed 1510 samples out of 10000, 0 errors
23:12:32,226 INFO Experiment.PerfCost-3361: Processed 1520 samples out of 10000, 0 errors
23:12:45,245 INFO Experiment.PerfCost-3361: Processed 1530 samples out of 10000, 0 errors
23:12:58,154 INFO Experiment.PerfCost-3361: Processed 1540 samples out of 10000, 0 errors
23:13:11,158 INFO Experiment.PerfCost-3361: Processed 1550 samples out of 10000, 0 errors
23:13:23,800 INFO Experiment.PerfCost-3361: Processed 1560 samples out of 10000, 0 errors
23:13:36,810 INFO Experiment.PerfCost-3361: Processed 1570 samples out of 10000, 0 errors
23:13:49,669 INFO Experiment.PerfCost-3361: Processed 1580 samples out of 10000, 0 errors
23:14:02,706 INFO Experiment.PerfCost-3361: Processed 1590 samples out of 10000, 0 errors
23:14:15,549 INFO Experiment.PerfCost-3361: Processed 1600 samples out of 10000, 0 errors
23:14:28,421 INFO Experiment.PerfCost-3361: Processed 1610 samples out of 10000, 0 errors
23:14:41,329 INFO Experiment.PerfCost-3361: Processed 1620 samples out of 10000, 0 errors
23:14:54,323 INFO Experiment.PerfCost-3361: Processed 1630 samples out of 10000, 0 errors
23:15:07,240 INFO Experiment.PerfCost-3361: Processed 1640 samples out of 10000, 0 errors
23:15:20,136 INFO Experiment.PerfCost-3361: Processed 1650 samples out of 10000, 0 errors
23:15:33,135 INFO Experiment.PerfCost-3361: Processed 1660 samples out of 10000, 0 errors
23:15:45,931 INFO Experiment.PerfCost-3361: Processed 1670 samples out of 10000, 0 errors
23:15:58,666 INFO Experiment.PerfCost-3361: Processed 1680 samples out of 10000, 0 errors
23:16:11,535 INFO Experiment.PerfCost-3361: Processed 1690 samples out of 10000, 0 errors
23:16:24,622 INFO Experiment.PerfCost-3361: Processed 1700 samples out of 10000, 0 errors
23:16:37,444 INFO Experiment.PerfCost-3361: Processed 1710 samples out of 10000, 0 errors
23:16:50,325 INFO Experiment.PerfCost-3361: Processed 1720 samples out of 10000, 0 errors
23:17:03,247 INFO Experiment.PerfCost-3361: Processed 1730 samples out of 10000, 0 errors
23:17:15,985 INFO Experiment.PerfCost-3361: Processed 1740 samples out of 10000, 0 errors
23:17:28,802 INFO Experiment.PerfCost-3361: Processed 1750 samples out of 10000, 0 errors
23:17:41,640 INFO Experiment.PerfCost-3361: Processed 1760 samples out of 10000, 0 errors
23:17:54,494 INFO Experiment.PerfCost-3361: Processed 1770 samples out of 10000, 0 errors
23:18:07,475 INFO Experiment.PerfCost-3361: Processed 1780 samples out of 10000, 0 errors
23:18:20,486 INFO Experiment.PerfCost-3361: Processed 1790 samples out of 10000, 0 errors
23:18:33,490 INFO Experiment.PerfCost-3361: Processed 1800 samples out of 10000, 0 errors
23:18:46,219 INFO Experiment.PerfCost-3361: Processed 1810 samples out of 10000, 0 errors
23:18:59,89 INFO Experiment.PerfCost-3361: Processed 1820 samples out of 10000, 0 errors
23:19:11,826 INFO Experiment.PerfCost-3361: Processed 1830 samples out of 10000, 0 errors
23:19:24,641 INFO Experiment.PerfCost-3361: Processed 1840 samples out of 10000, 0 errors
23:19:37,552 INFO Experiment.PerfCost-3361: Processed 1850 samples out of 10000, 0 errors
23:19:50,429 INFO Experiment.PerfCost-3361: Processed 1860 samples out of 10000, 0 errors
23:20:03,294 INFO Experiment.PerfCost-3361: Processed 1870 samples out of 10000, 0 errors
23:20:16,129 INFO Experiment.PerfCost-3361: Processed 1880 samples out of 10000, 0 errors
23:20:28,922 INFO Experiment.PerfCost-3361: Processed 1890 samples out of 10000, 0 errors
23:20:41,898 INFO Experiment.PerfCost-3361: Processed 1900 samples out of 10000, 0 errors
23:20:54,562 INFO Experiment.PerfCost-3361: Processed 1910 samples out of 10000, 0 errors
23:21:07,398 INFO Experiment.PerfCost-3361: Processed 1920 samples out of 10000, 0 errors
23:21:20,192 INFO Experiment.PerfCost-3361: Processed 1930 samples out of 10000, 0 errors
23:21:33,100 INFO Experiment.PerfCost-3361: Processed 1940 samples out of 10000, 0 errors
23:21:45,991 INFO Experiment.PerfCost-3361: Processed 1950 samples out of 10000, 0 errors
23:21:58,921 INFO Experiment.PerfCost-3361: Processed 1960 samples out of 10000, 0 errors
23:22:11,842 INFO Experiment.PerfCost-3361: Processed 1970 samples out of 10000, 0 errors
23:22:24,743 INFO Experiment.PerfCost-3361: Processed 1980 samples out of 10000, 0 errors
23:22:37,654 INFO Experiment.PerfCost-3361: Processed 1990 samples out of 10000, 0 errors
23:22:50,409 INFO Experiment.PerfCost-3361: Processed 2000 samples out of 10000, 0 errors
23:23:03,379 INFO Experiment.PerfCost-3361: Processed 2010 samples out of 10000, 0 errors
23:23:16,432 INFO Experiment.PerfCost-3361: Processed 2020 samples out of 10000, 0 errors
23:23:29,435 INFO Experiment.PerfCost-3361: Processed 2030 samples out of 10000, 0 errors
23:23:42,107 INFO Experiment.PerfCost-3361: Processed 2040 samples out of 10000, 0 errors
23:23:54,853 INFO Experiment.PerfCost-3361: Processed 2050 samples out of 10000, 0 errors
23:24:07,701 INFO Experiment.PerfCost-3361: Processed 2060 samples out of 10000, 0 errors
23:24:20,466 INFO Experiment.PerfCost-3361: Processed 2070 samples out of 10000, 0 errors
23:24:33,176 INFO Experiment.PerfCost-3361: Processed 2080 samples out of 10000, 0 errors
23:24:45,919 INFO Experiment.PerfCost-3361: Processed 2090 samples out of 10000, 0 errors
23:24:58,856 INFO Experiment.PerfCost-3361: Processed 2100 samples out of 10000, 0 errors
23:25:11,702 INFO Experiment.PerfCost-3361: Processed 2110 samples out of 10000, 0 errors
23:25:24,526 INFO Experiment.PerfCost-3361: Processed 2120 samples out of 10000, 0 errors
23:25:37,328 INFO Experiment.PerfCost-3361: Processed 2130 samples out of 10000, 0 errors
23:25:50,234 INFO Experiment.PerfCost-3361: Processed 2140 samples out of 10000, 0 errors
23:26:02,947 INFO Experiment.PerfCost-3361: Processed 2150 samples out of 10000, 0 errors
23:26:15,626 INFO Experiment.PerfCost-3361: Processed 2160 samples out of 10000, 0 errors
23:26:28,561 INFO Experiment.PerfCost-3361: Processed 2170 samples out of 10000, 0 errors
23:26:41,422 INFO Experiment.PerfCost-3361: Processed 2180 samples out of 10000, 0 errors
23:26:54,469 INFO Experiment.PerfCost-3361: Processed 2190 samples out of 10000, 0 errors
23:27:07,176 INFO Experiment.PerfCost-3361: Processed 2200 samples out of 10000, 0 errors
23:27:20,187 INFO Experiment.PerfCost-3361: Processed 2210 samples out of 10000, 0 errors
23:27:33,19 INFO Experiment.PerfCost-3361: Processed 2220 samples out of 10000, 0 errors
23:27:45,722 INFO Experiment.PerfCost-3361: Processed 2230 samples out of 10000, 0 errors
23:27:58,613 INFO Experiment.PerfCost-3361: Processed 2240 samples out of 10000, 0 errors
23:28:11,460 INFO Experiment.PerfCost-3361: Processed 2250 samples out of 10000, 0 errors
23:28:24,536 INFO Experiment.PerfCost-3361: Processed 2260 samples out of 10000, 0 errors
23:28:37,438 INFO Experiment.PerfCost-3361: Processed 2270 samples out of 10000, 0 errors
23:28:50,311 INFO Experiment.PerfCost-3361: Processed 2280 samples out of 10000, 0 errors
23:29:03,104 INFO Experiment.PerfCost-3361: Processed 2290 samples out of 10000, 0 errors
23:29:16,46 INFO Experiment.PerfCost-3361: Processed 2300 samples out of 10000, 0 errors
23:29:28,850 INFO Experiment.PerfCost-3361: Processed 2310 samples out of 10000, 0 errors
23:29:41,727 INFO Experiment.PerfCost-3361: Processed 2320 samples out of 10000, 0 errors
23:29:54,505 INFO Experiment.PerfCost-3361: Processed 2330 samples out of 10000, 0 errors
23:30:07,324 INFO Experiment.PerfCost-3361: Processed 2340 samples out of 10000, 0 errors
23:30:20,166 INFO Experiment.PerfCost-3361: Processed 2350 samples out of 10000, 0 errors
23:30:33,56 INFO Experiment.PerfCost-3361: Processed 2360 samples out of 10000, 0 errors
23:30:45,891 INFO Experiment.PerfCost-3361: Processed 2370 samples out of 10000, 0 errors
23:30:58,695 INFO Experiment.PerfCost-3361: Processed 2380 samples out of 10000, 0 errors
23:31:11,597 INFO Experiment.PerfCost-3361: Processed 2390 samples out of 10000, 0 errors
23:31:24,511 INFO Experiment.PerfCost-3361: Processed 2400 samples out of 10000, 0 errors
23:31:37,462 INFO Experiment.PerfCost-3361: Processed 2410 samples out of 10000, 0 errors
23:31:50,425 INFO Experiment.PerfCost-3361: Processed 2420 samples out of 10000, 0 errors
23:32:03,303 INFO Experiment.PerfCost-3361: Processed 2430 samples out of 10000, 0 errors
23:32:16,107 INFO Experiment.PerfCost-3361: Processed 2440 samples out of 10000, 0 errors
23:32:28,840 INFO Experiment.PerfCost-3361: Processed 2450 samples out of 10000, 0 errors
23:32:41,630 INFO Experiment.PerfCost-3361: Processed 2460 samples out of 10000, 0 errors
23:32:54,526 INFO Experiment.PerfCost-3361: Processed 2470 samples out of 10000, 0 errors
23:33:07,472 INFO Experiment.PerfCost-3361: Processed 2480 samples out of 10000, 0 errors
23:33:20,412 INFO Experiment.PerfCost-3361: Processed 2490 samples out of 10000, 0 errors
23:33:33,431 INFO Experiment.PerfCost-3361: Processed 2500 samples out of 10000, 0 errors
23:33:46,204 INFO Experiment.PerfCost-3361: Processed 2510 samples out of 10000, 0 errors
23:33:58,843 INFO Experiment.PerfCost-3361: Processed 2520 samples out of 10000, 0 errors
23:34:11,769 INFO Experiment.PerfCost-3361: Processed 2530 samples out of 10000, 0 errors
23:34:24,688 INFO Experiment.PerfCost-3361: Processed 2540 samples out of 10000, 0 errors
23:34:37,697 INFO Experiment.PerfCost-3361: Processed 2550 samples out of 10000, 0 errors
23:34:50,716 INFO Experiment.PerfCost-3361: Processed 2560 samples out of 10000, 0 errors
23:35:03,499 INFO Experiment.PerfCost-3361: Processed 2570 samples out of 10000, 0 errors
23:35:16,444 INFO Experiment.PerfCost-3361: Processed 2580 samples out of 10000, 0 errors
23:35:29,349 INFO Experiment.PerfCost-3361: Processed 2590 samples out of 10000, 0 errors
23:35:42,99 INFO Experiment.PerfCost-3361: Processed 2600 samples out of 10000, 0 errors
23:35:55,110 INFO Experiment.PerfCost-3361: Processed 2610 samples out of 10000, 0 errors
23:36:08,77 INFO Experiment.PerfCost-3361: Processed 2620 samples out of 10000, 0 errors
23:36:20,893 INFO Experiment.PerfCost-3361: Processed 2630 samples out of 10000, 0 errors
23:36:33,756 INFO Experiment.PerfCost-3361: Processed 2640 samples out of 10000, 0 errors
23:36:46,854 INFO Experiment.PerfCost-3361: Processed 2650 samples out of 10000, 0 errors
23:36:59,808 INFO Experiment.PerfCost-3361: Processed 2660 samples out of 10000, 0 errors
23:37:12,549 INFO Experiment.PerfCost-3361: Processed 2670 samples out of 10000, 0 errors
23:37:25,327 INFO Experiment.PerfCost-3361: Processed 2680 samples out of 10000, 0 errors
23:37:38,208 INFO Experiment.PerfCost-3361: Processed 2690 samples out of 10000, 0 errors
23:37:51,57 INFO Experiment.PerfCost-3361: Processed 2700 samples out of 10000, 0 errors
23:38:03,949 INFO Experiment.PerfCost-3361: Processed 2710 samples out of 10000, 0 errors
23:38:16,789 INFO Experiment.PerfCost-3361: Processed 2720 samples out of 10000, 0 errors
23:38:29,813 INFO Experiment.PerfCost-3361: Processed 2730 samples out of 10000, 0 errors
23:38:42,791 INFO Experiment.PerfCost-3361: Processed 2740 samples out of 10000, 0 errors
23:38:55,786 INFO Experiment.PerfCost-3361: Processed 2750 samples out of 10000, 0 errors
23:39:08,662 INFO Experiment.PerfCost-3361: Processed 2760 samples out of 10000, 0 errors
23:39:21,660 INFO Experiment.PerfCost-3361: Processed 2770 samples out of 10000, 0 errors
23:39:34,608 INFO Experiment.PerfCost-3361: Processed 2780 samples out of 10000, 0 errors
23:39:47,507 INFO Experiment.PerfCost-3361: Processed 2790 samples out of 10000, 0 errors
23:40:00,360 INFO Experiment.PerfCost-3361: Processed 2800 samples out of 10000, 0 errors
23:40:13,48 INFO Experiment.PerfCost-3361: Processed 2810 samples out of 10000, 0 errors
23:40:26,158 INFO Experiment.PerfCost-3361: Processed 2820 samples out of 10000, 0 errors
23:40:39,190 INFO Experiment.PerfCost-3361: Processed 2830 samples out of 10000, 0 errors
23:40:52,148 INFO Experiment.PerfCost-3361: Processed 2840 samples out of 10000, 0 errors
23:41:04,998 INFO Experiment.PerfCost-3361: Processed 2850 samples out of 10000, 0 errors
23:41:17,806 INFO Experiment.PerfCost-3361: Processed 2860 samples out of 10000, 0 errors
23:41:30,774 INFO Experiment.PerfCost-3361: Processed 2870 samples out of 10000, 0 errors
23:41:43,724 INFO Experiment.PerfCost-3361: Processed 2880 samples out of 10000, 0 errors
23:41:56,689 INFO Experiment.PerfCost-3361: Processed 2890 samples out of 10000, 0 errors
23:42:09,713 INFO Experiment.PerfCost-3361: Processed 2900 samples out of 10000, 0 errors
23:42:22,690 INFO Experiment.PerfCost-3361: Processed 2910 samples out of 10000, 0 errors
23:42:35,512 INFO Experiment.PerfCost-3361: Processed 2920 samples out of 10000, 0 errors
23:42:48,301 INFO Experiment.PerfCost-3361: Processed 2930 samples out of 10000, 0 errors
23:43:01,246 INFO Experiment.PerfCost-3361: Processed 2940 samples out of 10000, 0 errors
23:43:14,273 INFO Experiment.PerfCost-3361: Processed 2950 samples out of 10000, 0 errors
23:43:27,92 INFO Experiment.PerfCost-3361: Processed 2960 samples out of 10000, 0 errors
23:43:39,772 INFO Experiment.PerfCost-3361: Processed 2970 samples out of 10000, 0 errors
23:43:52,705 INFO Experiment.PerfCost-3361: Processed 2980 samples out of 10000, 0 errors
23:44:05,635 INFO Experiment.PerfCost-3361: Processed 2990 samples out of 10000, 0 errors
23:44:18,485 INFO Experiment.PerfCost-3361: Processed 3000 samples out of 10000, 0 errors
23:44:31,550 INFO Experiment.PerfCost-3361: Processed 3010 samples out of 10000, 0 errors
23:44:44,486 INFO Experiment.PerfCost-3361: Processed 3020 samples out of 10000, 0 errors
23:44:57,359 INFO Experiment.PerfCost-3361: Processed 3030 samples out of 10000, 0 errors
23:45:10,319 INFO Experiment.PerfCost-3361: Processed 3040 samples out of 10000, 0 errors
23:45:23,256 INFO Experiment.PerfCost-3361: Processed 3050 samples out of 10000, 0 errors
23:45:36,88 INFO Experiment.PerfCost-3361: Processed 3060 samples out of 10000, 0 errors
23:45:48,948 INFO Experiment.PerfCost-3361: Processed 3070 samples out of 10000, 0 errors
23:46:01,991 INFO Experiment.PerfCost-3361: Processed 3080 samples out of 10000, 0 errors
23:46:14,754 INFO Experiment.PerfCost-3361: Processed 3090 samples out of 10000, 0 errors
23:46:27,643 INFO Experiment.PerfCost-3361: Processed 3100 samples out of 10000, 0 errors
23:46:40,608 INFO Experiment.PerfCost-3361: Processed 3110 samples out of 10000, 0 errors
23:46:53,444 INFO Experiment.PerfCost-3361: Processed 3120 samples out of 10000, 0 errors
23:47:06,341 INFO Experiment.PerfCost-3361: Processed 3130 samples out of 10000, 0 errors
23:47:19,258 INFO Experiment.PerfCost-3361: Processed 3140 samples out of 10000, 0 errors
23:47:32,101 INFO Experiment.PerfCost-3361: Processed 3150 samples out of 10000, 0 errors
23:47:45,27 INFO Experiment.PerfCost-3361: Processed 3160 samples out of 10000, 0 errors
23:47:58,23 INFO Experiment.PerfCost-3361: Processed 3170 samples out of 10000, 0 errors
23:48:11,74 INFO Experiment.PerfCost-3361: Processed 3180 samples out of 10000, 0 errors
23:48:24,75 INFO Experiment.PerfCost-3361: Processed 3190 samples out of 10000, 0 errors
23:48:36,929 INFO Experiment.PerfCost-3361: Processed 3200 samples out of 10000, 0 errors
23:48:49,935 INFO Experiment.PerfCost-3361: Processed 3210 samples out of 10000, 0 errors
23:49:02,956 INFO Experiment.PerfCost-3361: Processed 3220 samples out of 10000, 0 errors
23:49:16,6 INFO Experiment.PerfCost-3361: Processed 3230 samples out of 10000, 0 errors
23:49:28,889 INFO Experiment.PerfCost-3361: Processed 3240 samples out of 10000, 0 errors
23:49:41,593 INFO Experiment.PerfCost-3361: Processed 3250 samples out of 10000, 0 errors
23:49:54,445 INFO Experiment.PerfCost-3361: Processed 3260 samples out of 10000, 0 errors
23:50:07,338 INFO Experiment.PerfCost-3361: Processed 3270 samples out of 10000, 0 errors
23:50:20,94 INFO Experiment.PerfCost-3361: Processed 3280 samples out of 10000, 0 errors
23:50:32,869 INFO Experiment.PerfCost-3361: Processed 3290 samples out of 10000, 0 errors
23:50:45,579 INFO Experiment.PerfCost-3361: Processed 3300 samples out of 10000, 0 errors
23:50:58,538 INFO Experiment.PerfCost-3361: Processed 3310 samples out of 10000, 0 errors
23:51:11,439 INFO Experiment.PerfCost-3361: Processed 3320 samples out of 10000, 0 errors
23:51:24,387 INFO Experiment.PerfCost-3361: Processed 3330 samples out of 10000, 0 errors
23:51:37,169 INFO Experiment.PerfCost-3361: Processed 3340 samples out of 10000, 0 errors
23:51:49,953 INFO Experiment.PerfCost-3361: Processed 3350 samples out of 10000, 0 errors
23:52:03,2 INFO Experiment.PerfCost-3361: Processed 3360 samples out of 10000, 0 errors
23:52:15,883 INFO Experiment.PerfCost-3361: Processed 3370 samples out of 10000, 0 errors
23:52:28,796 INFO Experiment.PerfCost-3361: Processed 3380 samples out of 10000, 0 errors
23:52:41,715 INFO Experiment.PerfCost-3361: Processed 3390 samples out of 10000, 0 errors
23:52:54,494 INFO Experiment.PerfCost-3361: Processed 3400 samples out of 10000, 0 errors
23:53:07,420 INFO Experiment.PerfCost-3361: Processed 3410 samples out of 10000, 0 errors
23:53:20,226 INFO Experiment.PerfCost-3361: Processed 3420 samples out of 10000, 0 errors
23:53:33,242 INFO Experiment.PerfCost-3361: Processed 3430 samples out of 10000, 0 errors
23:53:46,216 INFO Experiment.PerfCost-3361: Processed 3440 samples out of 10000, 0 errors
23:53:59,164 INFO Experiment.PerfCost-3361: Processed 3450 samples out of 10000, 0 errors
23:54:12,97 INFO Experiment.PerfCost-3361: Processed 3460 samples out of 10000, 0 errors
23:54:24,898 INFO Experiment.PerfCost-3361: Processed 3470 samples out of 10000, 0 errors
23:54:37,846 INFO Experiment.PerfCost-3361: Processed 3480 samples out of 10000, 0 errors
23:54:50,580 INFO Experiment.PerfCost-3361: Processed 3490 samples out of 10000, 0 errors
23:55:03,547 INFO Experiment.PerfCost-3361: Processed 3500 samples out of 10000, 0 errors
23:55:16,389 INFO Experiment.PerfCost-3361: Processed 3510 samples out of 10000, 0 errors
23:55:29,316 INFO Experiment.PerfCost-3361: Processed 3520 samples out of 10000, 0 errors
23:55:42,281 INFO Experiment.PerfCost-3361: Processed 3530 samples out of 10000, 0 errors
23:55:55,253 INFO Experiment.PerfCost-3361: Processed 3540 samples out of 10000, 0 errors
23:56:08,74 INFO Experiment.PerfCost-3361: Processed 3550 samples out of 10000, 0 errors
23:56:20,999 INFO Experiment.PerfCost-3361: Processed 3560 samples out of 10000, 0 errors
23:56:33,804 INFO Experiment.PerfCost-3361: Processed 3570 samples out of 10000, 0 errors
23:56:46,921 INFO Experiment.PerfCost-3361: Processed 3580 samples out of 10000, 0 errors
23:56:59,815 INFO Experiment.PerfCost-3361: Processed 3590 samples out of 10000, 0 errors
23:57:12,833 INFO Experiment.PerfCost-3361: Processed 3600 samples out of 10000, 0 errors
23:57:26,27 INFO Experiment.PerfCost-3361: Processed 3610 samples out of 10000, 0 errors
23:57:38,772 INFO Experiment.PerfCost-3361: Processed 3620 samples out of 10000, 0 errors
23:57:51,689 INFO Experiment.PerfCost-3361: Processed 3630 samples out of 10000, 0 errors
23:58:04,588 INFO Experiment.PerfCost-3361: Processed 3640 samples out of 10000, 0 errors
23:58:17,636 INFO Experiment.PerfCost-3361: Processed 3650 samples out of 10000, 0 errors
23:58:30,362 INFO Experiment.PerfCost-3361: Processed 3660 samples out of 10000, 0 errors
23:58:43,161 INFO Experiment.PerfCost-3361: Processed 3670 samples out of 10000, 0 errors
23:58:56,199 INFO Experiment.PerfCost-3361: Processed 3680 samples out of 10000, 0 errors
23:59:09,74 INFO Experiment.PerfCost-3361: Processed 3690 samples out of 10000, 0 errors
23:59:21,955 INFO Experiment.PerfCost-3361: Processed 3700 samples out of 10000, 0 errors
23:59:34,949 INFO Experiment.PerfCost-3361: Processed 3710 samples out of 10000, 0 errors
23:59:47,735 INFO Experiment.PerfCost-3361: Processed 3720 samples out of 10000, 0 errors
00:00:00,437 INFO Experiment.PerfCost-3361: Processed 3730 samples out of 10000, 0 errors
00:00:13,308 INFO Experiment.PerfCost-3361: Processed 3740 samples out of 10000, 0 errors
00:00:26,94 INFO Experiment.PerfCost-3361: Processed 3750 samples out of 10000, 0 errors
00:00:39,142 INFO Experiment.PerfCost-3361: Processed 3760 samples out of 10000, 0 errors
00:00:52,58 INFO Experiment.PerfCost-3361: Processed 3770 samples out of 10000, 0 errors
00:01:04,802 INFO Experiment.PerfCost-3361: Processed 3780 samples out of 10000, 0 errors
00:01:17,914 INFO Experiment.PerfCost-3361: Processed 3790 samples out of 10000, 0 errors
00:01:30,666 INFO Experiment.PerfCost-3361: Processed 3800 samples out of 10000, 0 errors
00:01:43,440 INFO Experiment.PerfCost-3361: Processed 3810 samples out of 10000, 0 errors
00:01:56,330 INFO Experiment.PerfCost-3361: Processed 3820 samples out of 10000, 0 errors
00:02:09,254 INFO Experiment.PerfCost-3361: Processed 3830 samples out of 10000, 0 errors
00:02:22,145 INFO Experiment.PerfCost-3361: Processed 3840 samples out of 10000, 0 errors
00:02:35,40 INFO Experiment.PerfCost-3361: Processed 3850 samples out of 10000, 0 errors
00:02:47,937 INFO Experiment.PerfCost-3361: Processed 3860 samples out of 10000, 0 errors
00:03:00,792 INFO Experiment.PerfCost-3361: Processed 3870 samples out of 10000, 0 errors
00:03:13,783 INFO Experiment.PerfCost-3361: Processed 3880 samples out of 10000, 0 errors
00:03:26,617 INFO Experiment.PerfCost-3361: Processed 3890 samples out of 10000, 0 errors
00:03:39,470 INFO Experiment.PerfCost-3361: Processed 3900 samples out of 10000, 0 errors
00:03:52,382 INFO Experiment.PerfCost-3361: Processed 3910 samples out of 10000, 0 errors
00:04:05,250 INFO Experiment.PerfCost-3361: Processed 3920 samples out of 10000, 0 errors
00:04:18,281 INFO Experiment.PerfCost-3361: Processed 3930 samples out of 10000, 0 errors
00:04:31,99 INFO Experiment.PerfCost-3361: Processed 3940 samples out of 10000, 0 errors
00:04:43,996 INFO Experiment.PerfCost-3361: Processed 3950 samples out of 10000, 0 errors
00:04:56,947 INFO Experiment.PerfCost-3361: Processed 3960 samples out of 10000, 0 errors
00:05:09,909 INFO Experiment.PerfCost-3361: Processed 3970 samples out of 10000, 0 errors
00:05:22,708 INFO Experiment.PerfCost-3361: Processed 3980 samples out of 10000, 0 errors
00:05:35,756 INFO Experiment.PerfCost-3361: Processed 3990 samples out of 10000, 0 errors
00:05:48,686 INFO Experiment.PerfCost-3361: Processed 4000 samples out of 10000, 0 errors
00:06:01,663 INFO Experiment.PerfCost-3361: Processed 4010 samples out of 10000, 0 errors
00:06:14,666 INFO Experiment.PerfCost-3361: Processed 4020 samples out of 10000, 0 errors
00:06:27,526 INFO Experiment.PerfCost-3361: Processed 4030 samples out of 10000, 0 errors
00:06:40,628 INFO Experiment.PerfCost-3361: Processed 4040 samples out of 10000, 0 errors
00:06:53,329 INFO Experiment.PerfCost-3361: Processed 4050 samples out of 10000, 0 errors
00:07:05,921 INFO Experiment.PerfCost-3361: Processed 4060 samples out of 10000, 0 errors
00:07:18,867 INFO Experiment.PerfCost-3361: Processed 4070 samples out of 10000, 0 errors
00:07:31,857 INFO Experiment.PerfCost-3361: Processed 4080 samples out of 10000, 0 errors
00:07:44,768 INFO Experiment.PerfCost-3361: Processed 4090 samples out of 10000, 0 errors
00:07:57,800 INFO Experiment.PerfCost-3361: Processed 4100 samples out of 10000, 0 errors
00:08:10,775 INFO Experiment.PerfCost-3361: Processed 4110 samples out of 10000, 0 errors
00:08:23,583 INFO Experiment.PerfCost-3361: Processed 4120 samples out of 10000, 0 errors
00:08:36,466 INFO Experiment.PerfCost-3361: Processed 4130 samples out of 10000, 0 errors
00:08:49,303 INFO Experiment.PerfCost-3361: Processed 4140 samples out of 10000, 0 errors
00:09:02,294 INFO Experiment.PerfCost-3361: Processed 4150 samples out of 10000, 0 errors
00:09:15,232 INFO Experiment.PerfCost-3361: Processed 4160 samples out of 10000, 0 errors
00:09:28,115 INFO Experiment.PerfCost-3361: Processed 4170 samples out of 10000, 0 errors
00:09:40,998 INFO Experiment.PerfCost-3361: Processed 4180 samples out of 10000, 0 errors
00:09:53,879 INFO Experiment.PerfCost-3361: Processed 4190 samples out of 10000, 0 errors
00:10:06,829 INFO Experiment.PerfCost-3361: Processed 4200 samples out of 10000, 0 errors
00:10:19,594 INFO Experiment.PerfCost-3361: Processed 4210 samples out of 10000, 0 errors
00:10:32,683 INFO Experiment.PerfCost-3361: Processed 4220 samples out of 10000, 0 errors
00:10:45,423 INFO Experiment.PerfCost-3361: Processed 4230 samples out of 10000, 0 errors
00:10:58,468 INFO Experiment.PerfCost-3361: Processed 4240 samples out of 10000, 0 errors
00:11:11,274 INFO Experiment.PerfCost-3361: Processed 4250 samples out of 10000, 0 errors
00:11:24,311 INFO Experiment.PerfCost-3361: Processed 4260 samples out of 10000, 0 errors
00:11:37,96 INFO Experiment.PerfCost-3361: Processed 4270 samples out of 10000, 0 errors
00:11:49,853 INFO Experiment.PerfCost-3361: Processed 4280 samples out of 10000, 0 errors
00:12:02,657 INFO Experiment.PerfCost-3361: Processed 4290 samples out of 10000, 0 errors
00:12:15,377 INFO Experiment.PerfCost-3361: Processed 4300 samples out of 10000, 0 errors
00:12:28,322 INFO Experiment.PerfCost-3361: Processed 4310 samples out of 10000, 0 errors
00:12:41,289 INFO Experiment.PerfCost-3361: Processed 4320 samples out of 10000, 0 errors
00:12:54,256 INFO Experiment.PerfCost-3361: Processed 4330 samples out of 10000, 0 errors
00:13:07,184 INFO Experiment.PerfCost-3361: Processed 4340 samples out of 10000, 0 errors
00:13:20,320 INFO Experiment.PerfCost-3361: Processed 4350 samples out of 10000, 0 errors
00:13:33,328 INFO Experiment.PerfCost-3361: Processed 4360 samples out of 10000, 0 errors
00:13:46,294 INFO Experiment.PerfCost-3361: Processed 4370 samples out of 10000, 0 errors
00:13:59,127 INFO Experiment.PerfCost-3361: Processed 4380 samples out of 10000, 0 errors
00:14:12,25 INFO Experiment.PerfCost-3361: Processed 4390 samples out of 10000, 0 errors
00:14:24,989 INFO Experiment.PerfCost-3361: Processed 4400 samples out of 10000, 0 errors
00:14:37,686 INFO Experiment.PerfCost-3361: Processed 4410 samples out of 10000, 0 errors
00:14:50,473 INFO Experiment.PerfCost-3361: Processed 4420 samples out of 10000, 0 errors
00:15:03,205 INFO Experiment.PerfCost-3361: Processed 4430 samples out of 10000, 0 errors
00:15:16,147 INFO Experiment.PerfCost-3361: Processed 4440 samples out of 10000, 0 errors
00:15:28,938 INFO Experiment.PerfCost-3361: Processed 4450 samples out of 10000, 0 errors
00:15:41,828 INFO Experiment.PerfCost-3361: Processed 4460 samples out of 10000, 0 errors
00:15:54,844 INFO Experiment.PerfCost-3361: Processed 4470 samples out of 10000, 0 errors
00:16:07,812 INFO Experiment.PerfCost-3361: Processed 4480 samples out of 10000, 0 errors
00:16:20,731 INFO Experiment.PerfCost-3361: Processed 4490 samples out of 10000, 0 errors
00:16:33,723 INFO Experiment.PerfCost-3361: Processed 4500 samples out of 10000, 0 errors
00:16:46,441 INFO Experiment.PerfCost-3361: Processed 4510 samples out of 10000, 0 errors
00:16:59,177 INFO Experiment.PerfCost-3361: Processed 4520 samples out of 10000, 0 errors
00:17:12,112 INFO Experiment.PerfCost-3361: Processed 4530 samples out of 10000, 0 errors
00:17:25,95 INFO Experiment.PerfCost-3361: Processed 4540 samples out of 10000, 0 errors
00:17:38,62 INFO Experiment.PerfCost-3361: Processed 4550 samples out of 10000, 0 errors
00:17:51,72 INFO Experiment.PerfCost-3361: Processed 4560 samples out of 10000, 0 errors
00:18:04,36 INFO Experiment.PerfCost-3361: Processed 4570 samples out of 10000, 0 errors
00:18:16,958 INFO Experiment.PerfCost-3361: Processed 4580 samples out of 10000, 0 errors
00:18:29,769 INFO Experiment.PerfCost-3361: Processed 4590 samples out of 10000, 0 errors
00:18:42,695 INFO Experiment.PerfCost-3361: Processed 4600 samples out of 10000, 0 errors
00:18:55,686 INFO Experiment.PerfCost-3361: Processed 4610 samples out of 10000, 0 errors
00:19:08,674 INFO Experiment.PerfCost-3361: Processed 4620 samples out of 10000, 0 errors
00:19:21,541 INFO Experiment.PerfCost-3361: Processed 4630 samples out of 10000, 0 errors
00:19:34,309 INFO Experiment.PerfCost-3361: Processed 4640 samples out of 10000, 0 errors
00:19:47,267 INFO Experiment.PerfCost-3361: Processed 4650 samples out of 10000, 0 errors
00:20:00,246 INFO Experiment.PerfCost-3361: Processed 4660 samples out of 10000, 0 errors
00:20:13,172 INFO Experiment.PerfCost-3361: Processed 4670 samples out of 10000, 0 errors
00:20:26,129 INFO Experiment.PerfCost-3361: Processed 4680 samples out of 10000, 0 errors
00:20:38,891 INFO Experiment.PerfCost-3361: Processed 4690 samples out of 10000, 0 errors
00:20:51,653 INFO Experiment.PerfCost-3361: Processed 4700 samples out of 10000, 0 errors
00:21:04,780 INFO Experiment.PerfCost-3361: Processed 4710 samples out of 10000, 0 errors
00:21:17,635 INFO Experiment.PerfCost-3361: Processed 4720 samples out of 10000, 0 errors
00:21:30,580 INFO Experiment.PerfCost-3361: Processed 4730 samples out of 10000, 0 errors
00:21:43,556 INFO Experiment.PerfCost-3361: Processed 4740 samples out of 10000, 0 errors
00:21:56,544 INFO Experiment.PerfCost-3361: Processed 4750 samples out of 10000, 0 errors
00:22:09,578 INFO Experiment.PerfCost-3361: Processed 4760 samples out of 10000, 0 errors
00:22:22,516 INFO Experiment.PerfCost-3361: Processed 4770 samples out of 10000, 0 errors
00:22:35,290 INFO Experiment.PerfCost-3361: Processed 4780 samples out of 10000, 0 errors
00:22:48,185 INFO Experiment.PerfCost-3361: Processed 4790 samples out of 10000, 0 errors
00:23:00,889 INFO Experiment.PerfCost-3361: Processed 4800 samples out of 10000, 0 errors
00:23:13,670 INFO Experiment.PerfCost-3361: Processed 4810 samples out of 10000, 0 errors
00:23:26,697 INFO Experiment.PerfCost-3361: Processed 4820 samples out of 10000, 0 errors
00:23:39,529 INFO Experiment.PerfCost-3361: Processed 4830 samples out of 10000, 0 errors
00:23:52,352 INFO Experiment.PerfCost-3361: Processed 4840 samples out of 10000, 0 errors
00:24:05,144 INFO Experiment.PerfCost-3361: Processed 4850 samples out of 10000, 0 errors
00:24:18,50 INFO Experiment.PerfCost-3361: Processed 4860 samples out of 10000, 0 errors
00:24:30,856 INFO Experiment.PerfCost-3361: Processed 4870 samples out of 10000, 0 errors
00:24:43,841 INFO Experiment.PerfCost-3361: Processed 4880 samples out of 10000, 0 errors
00:24:56,695 INFO Experiment.PerfCost-3361: Processed 4890 samples out of 10000, 0 errors
00:25:09,620 INFO Experiment.PerfCost-3361: Processed 4900 samples out of 10000, 0 errors
00:25:22,705 INFO Experiment.PerfCost-3361: Processed 4910 samples out of 10000, 0 errors
00:25:35,686 INFO Experiment.PerfCost-3361: Processed 4920 samples out of 10000, 0 errors
00:25:48,300 INFO Experiment.PerfCost-3361: Processed 4930 samples out of 10000, 0 errors
00:26:01,61 INFO Experiment.PerfCost-3361: Processed 4940 samples out of 10000, 0 errors
00:26:14,39 INFO Experiment.PerfCost-3361: Processed 4950 samples out of 10000, 0 errors
00:26:26,946 INFO Experiment.PerfCost-3361: Processed 4960 samples out of 10000, 0 errors
00:26:39,885 INFO Experiment.PerfCost-3361: Processed 4970 samples out of 10000, 0 errors
00:26:52,617 INFO Experiment.PerfCost-3361: Processed 4980 samples out of 10000, 0 errors
00:27:05,372 INFO Experiment.PerfCost-3361: Processed 4990 samples out of 10000, 0 errors
00:27:18,135 INFO Experiment.PerfCost-3361: Processed 5000 samples out of 10000, 0 errors
00:27:31,1 INFO Experiment.PerfCost-3361: Processed 5010 samples out of 10000, 0 errors
00:27:43,812 INFO Experiment.PerfCost-3361: Processed 5020 samples out of 10000, 0 errors
00:27:56,648 INFO Experiment.PerfCost-3361: Processed 5030 samples out of 10000, 0 errors
00:28:09,440 INFO Experiment.PerfCost-3361: Processed 5040 samples out of 10000, 0 errors
00:28:22,433 INFO Experiment.PerfCost-3361: Processed 5050 samples out of 10000, 0 errors
00:28:35,146 INFO Experiment.PerfCost-3361: Processed 5060 samples out of 10000, 0 errors
00:28:47,956 INFO Experiment.PerfCost-3361: Processed 5070 samples out of 10000, 0 errors
00:29:00,883 INFO Experiment.PerfCost-3361: Processed 5080 samples out of 10000, 0 errors
00:29:13,889 INFO Experiment.PerfCost-3361: Processed 5090 samples out of 10000, 0 errors
00:29:26,689 INFO Experiment.PerfCost-3361: Processed 5100 samples out of 10000, 0 errors
00:29:39,473 INFO Experiment.PerfCost-3361: Processed 5110 samples out of 10000, 0 errors
00:29:52,394 INFO Experiment.PerfCost-3361: Processed 5120 samples out of 10000, 0 errors
00:30:05,224 INFO Experiment.PerfCost-3361: Processed 5130 samples out of 10000, 0 errors
00:30:18,141 INFO Experiment.PerfCost-3361: Processed 5140 samples out of 10000, 0 errors
00:30:31,36 INFO Experiment.PerfCost-3361: Processed 5150 samples out of 10000, 0 errors
00:30:43,966 INFO Experiment.PerfCost-3361: Processed 5160 samples out of 10000, 0 errors
00:30:56,880 INFO Experiment.PerfCost-3361: Processed 5170 samples out of 10000, 0 errors
00:31:09,773 INFO Experiment.PerfCost-3361: Processed 5180 samples out of 10000, 0 errors
00:31:22,881 INFO Experiment.PerfCost-3361: Processed 5190 samples out of 10000, 0 errors
00:31:35,896 INFO Experiment.PerfCost-3361: Processed 5200 samples out of 10000, 0 errors
00:31:48,642 INFO Experiment.PerfCost-3361: Processed 5210 samples out of 10000, 0 errors
00:32:01,404 INFO Experiment.PerfCost-3361: Processed 5220 samples out of 10000, 0 errors
00:32:14,448 INFO Experiment.PerfCost-3361: Processed 5230 samples out of 10000, 0 errors
00:32:27,302 INFO Experiment.PerfCost-3361: Processed 5240 samples out of 10000, 0 errors
00:32:40,137 INFO Experiment.PerfCost-3361: Processed 5250 samples out of 10000, 0 errors
00:32:53,148 INFO Experiment.PerfCost-3361: Processed 5260 samples out of 10000, 0 errors
00:33:05,976 INFO Experiment.PerfCost-3361: Processed 5270 samples out of 10000, 0 errors
00:33:18,867 INFO Experiment.PerfCost-3361: Processed 5280 samples out of 10000, 0 errors
00:33:31,894 INFO Experiment.PerfCost-3361: Processed 5290 samples out of 10000, 0 errors
00:33:44,804 INFO Experiment.PerfCost-3361: Processed 5300 samples out of 10000, 0 errors
00:33:57,747 INFO Experiment.PerfCost-3361: Processed 5310 samples out of 10000, 0 errors
00:34:10,560 INFO Experiment.PerfCost-3361: Processed 5320 samples out of 10000, 0 errors
00:34:23,504 INFO Experiment.PerfCost-3361: Processed 5330 samples out of 10000, 0 errors
00:34:36,530 INFO Experiment.PerfCost-3361: Processed 5340 samples out of 10000, 0 errors
00:34:49,597 INFO Experiment.PerfCost-3361: Processed 5350 samples out of 10000, 0 errors
00:35:02,319 INFO Experiment.PerfCost-3361: Processed 5360 samples out of 10000, 0 errors
00:35:15,264 INFO Experiment.PerfCost-3361: Processed 5370 samples out of 10000, 0 errors
00:35:28,140 INFO Experiment.PerfCost-3361: Processed 5380 samples out of 10000, 0 errors
00:35:40,909 INFO Experiment.PerfCost-3361: Processed 5390 samples out of 10000, 0 errors
00:35:53,764 INFO Experiment.PerfCost-3361: Processed 5400 samples out of 10000, 0 errors
00:36:06,701 INFO Experiment.PerfCost-3361: Processed 5410 samples out of 10000, 0 errors
00:36:19,574 INFO Experiment.PerfCost-3361: Processed 5420 samples out of 10000, 0 errors
00:36:32,444 INFO Experiment.PerfCost-3361: Processed 5430 samples out of 10000, 0 errors
00:36:45,194 INFO Experiment.PerfCost-3361: Processed 5440 samples out of 10000, 0 errors
00:36:58,165 INFO Experiment.PerfCost-3361: Processed 5450 samples out of 10000, 0 errors
00:37:11,50 INFO Experiment.PerfCost-3361: Processed 5460 samples out of 10000, 0 errors
00:37:24,158 INFO Experiment.PerfCost-3361: Processed 5470 samples out of 10000, 0 errors
00:37:36,936 INFO Experiment.PerfCost-3361: Processed 5480 samples out of 10000, 0 errors
00:37:49,740 INFO Experiment.PerfCost-3361: Processed 5490 samples out of 10000, 0 errors
00:38:02,574 INFO Experiment.PerfCost-3361: Processed 5500 samples out of 10000, 0 errors
00:38:15,380 INFO Experiment.PerfCost-3361: Processed 5510 samples out of 10000, 0 errors
00:38:28,291 INFO Experiment.PerfCost-3361: Processed 5520 samples out of 10000, 0 errors
00:38:41,30 INFO Experiment.PerfCost-3361: Processed 5530 samples out of 10000, 0 errors
00:38:53,933 INFO Experiment.PerfCost-3361: Processed 5540 samples out of 10000, 0 errors
00:39:06,880 INFO Experiment.PerfCost-3361: Processed 5550 samples out of 10000, 0 errors
00:39:19,806 INFO Experiment.PerfCost-3361: Processed 5560 samples out of 10000, 0 errors
00:39:32,687 INFO Experiment.PerfCost-3361: Processed 5570 samples out of 10000, 0 errors
00:39:45,643 INFO Experiment.PerfCost-3361: Processed 5580 samples out of 10000, 0 errors
00:39:58,623 INFO Experiment.PerfCost-3361: Processed 5590 samples out of 10000, 0 errors
00:40:11,550 INFO Experiment.PerfCost-3361: Processed 5600 samples out of 10000, 0 errors
00:40:24,682 INFO Experiment.PerfCost-3361: Processed 5610 samples out of 10000, 0 errors
00:40:37,643 INFO Experiment.PerfCost-3361: Processed 5620 samples out of 10000, 0 errors
00:40:50,556 INFO Experiment.PerfCost-3361: Processed 5630 samples out of 10000, 0 errors
00:41:03,408 INFO Experiment.PerfCost-3361: Processed 5640 samples out of 10000, 0 errors
00:41:16,231 INFO Experiment.PerfCost-3361: Processed 5650 samples out of 10000, 0 errors
00:41:29,176 INFO Experiment.PerfCost-3361: Processed 5660 samples out of 10000, 0 errors
00:41:41,892 INFO Experiment.PerfCost-3361: Processed 5670 samples out of 10000, 0 errors
00:41:54,817 INFO Experiment.PerfCost-3361: Processed 5680 samples out of 10000, 0 errors
00:42:07,821 INFO Experiment.PerfCost-3361: Processed 5690 samples out of 10000, 0 errors
00:42:20,734 INFO Experiment.PerfCost-3361: Processed 5700 samples out of 10000, 0 errors
00:42:33,649 INFO Experiment.PerfCost-3361: Processed 5710 samples out of 10000, 0 errors
00:42:46,489 INFO Experiment.PerfCost-3361: Processed 5720 samples out of 10000, 0 errors
00:42:59,164 INFO Experiment.PerfCost-3361: Processed 5730 samples out of 10000, 0 errors
00:43:12,94 INFO Experiment.PerfCost-3361: Processed 5740 samples out of 10000, 0 errors
00:43:25,30 INFO Experiment.PerfCost-3361: Processed 5750 samples out of 10000, 0 errors
00:43:37,820 INFO Experiment.PerfCost-3361: Processed 5760 samples out of 10000, 0 errors
00:43:50,777 INFO Experiment.PerfCost-3361: Processed 5770 samples out of 10000, 0 errors
00:44:03,442 INFO Experiment.PerfCost-3361: Processed 5780 samples out of 10000, 0 errors
00:44:16,401 INFO Experiment.PerfCost-3361: Processed 5790 samples out of 10000, 0 errors
00:44:29,280 INFO Experiment.PerfCost-3361: Processed 5800 samples out of 10000, 0 errors
00:44:42,29 INFO Experiment.PerfCost-3361: Processed 5810 samples out of 10000, 0 errors
00:44:54,795 INFO Experiment.PerfCost-3361: Processed 5820 samples out of 10000, 0 errors
00:45:07,543 INFO Experiment.PerfCost-3361: Processed 5830 samples out of 10000, 0 errors
00:45:20,314 INFO Experiment.PerfCost-3361: Processed 5840 samples out of 10000, 0 errors
00:45:33,412 INFO Experiment.PerfCost-3361: Processed 5850 samples out of 10000, 0 errors
00:45:46,376 INFO Experiment.PerfCost-3361: Processed 5860 samples out of 10000, 0 errors
00:45:59,362 INFO Experiment.PerfCost-3361: Processed 5870 samples out of 10000, 0 errors
00:46:12,128 INFO Experiment.PerfCost-3361: Processed 5880 samples out of 10000, 0 errors
00:46:25,110 INFO Experiment.PerfCost-3361: Processed 5890 samples out of 10000, 0 errors
00:46:37,993 INFO Experiment.PerfCost-3361: Processed 5900 samples out of 10000, 0 errors
00:46:50,882 INFO Experiment.PerfCost-3361: Processed 5910 samples out of 10000, 0 errors
00:47:03,653 INFO Experiment.PerfCost-3361: Processed 5920 samples out of 10000, 0 errors
00:47:16,539 INFO Experiment.PerfCost-3361: Processed 5930 samples out of 10000, 0 errors
00:47:29,525 INFO Experiment.PerfCost-3361: Processed 5940 samples out of 10000, 0 errors
00:47:42,437 INFO Experiment.PerfCost-3361: Processed 5950 samples out of 10000, 0 errors
00:47:55,252 INFO Experiment.PerfCost-3361: Processed 5960 samples out of 10000, 0 errors
00:48:08,132 INFO Experiment.PerfCost-3361: Processed 5970 samples out of 10000, 0 errors
00:48:20,965 INFO Experiment.PerfCost-3361: Processed 5980 samples out of 10000, 0 errors
00:48:33,818 INFO Experiment.PerfCost-3361: Processed 5990 samples out of 10000, 0 errors
00:48:46,759 INFO Experiment.PerfCost-3361: Processed 6000 samples out of 10000, 0 errors
00:48:59,564 INFO Experiment.PerfCost-3361: Processed 6010 samples out of 10000, 0 errors
00:49:12,402 INFO Experiment.PerfCost-3361: Processed 6020 samples out of 10000, 0 errors
00:49:25,420 INFO Experiment.PerfCost-3361: Processed 6030 samples out of 10000, 0 errors
00:49:38,210 INFO Experiment.PerfCost-3361: Processed 6040 samples out of 10000, 0 errors
00:49:51,92 INFO Experiment.PerfCost-3361: Processed 6050 samples out of 10000, 0 errors
00:50:03,984 INFO Experiment.PerfCost-3361: Processed 6060 samples out of 10000, 0 errors
00:50:16,809 INFO Experiment.PerfCost-3361: Processed 6070 samples out of 10000, 0 errors
00:50:29,732 INFO Experiment.PerfCost-3361: Processed 6080 samples out of 10000, 0 errors
00:50:42,677 INFO Experiment.PerfCost-3361: Processed 6090 samples out of 10000, 0 errors
00:50:55,670 INFO Experiment.PerfCost-3361: Processed 6100 samples out of 10000, 0 errors
00:51:08,358 INFO Experiment.PerfCost-3361: Processed 6110 samples out of 10000, 0 errors
00:51:21,392 INFO Experiment.PerfCost-3361: Processed 6120 samples out of 10000, 0 errors
00:51:34,323 INFO Experiment.PerfCost-3361: Processed 6130 samples out of 10000, 0 errors
00:51:47,258 INFO Experiment.PerfCost-3361: Processed 6140 samples out of 10000, 0 errors
00:52:00,112 INFO Experiment.PerfCost-3361: Processed 6150 samples out of 10000, 0 errors
00:52:13,70 INFO Experiment.PerfCost-3361: Processed 6160 samples out of 10000, 0 errors
00:52:26,53 INFO Experiment.PerfCost-3361: Processed 6170 samples out of 10000, 0 errors
00:52:39,62 INFO Experiment.PerfCost-3361: Processed 6180 samples out of 10000, 0 errors
00:52:52,95 INFO Experiment.PerfCost-3361: Processed 6190 samples out of 10000, 0 errors
00:53:04,850 INFO Experiment.PerfCost-3361: Processed 6200 samples out of 10000, 0 errors
00:53:17,650 INFO Experiment.PerfCost-3361: Processed 6210 samples out of 10000, 0 errors
00:53:30,576 INFO Experiment.PerfCost-3361: Processed 6220 samples out of 10000, 0 errors
00:53:43,396 INFO Experiment.PerfCost-3361: Processed 6230 samples out of 10000, 0 errors
00:53:56,221 INFO Experiment.PerfCost-3361: Processed 6240 samples out of 10000, 0 errors
00:54:09,123 INFO Experiment.PerfCost-3361: Processed 6250 samples out of 10000, 0 errors
00:54:22,74 INFO Experiment.PerfCost-3361: Processed 6260 samples out of 10000, 0 errors
00:54:34,936 INFO Experiment.PerfCost-3361: Processed 6270 samples out of 10000, 0 errors
00:54:47,953 INFO Experiment.PerfCost-3361: Processed 6280 samples out of 10000, 0 errors
00:55:01,4 INFO Experiment.PerfCost-3361: Processed 6290 samples out of 10000, 0 errors
00:55:13,904 INFO Experiment.PerfCost-3361: Processed 6300 samples out of 10000, 0 errors
00:55:26,781 INFO Experiment.PerfCost-3361: Processed 6310 samples out of 10000, 0 errors
00:55:39,610 INFO Experiment.PerfCost-3361: Processed 6320 samples out of 10000, 0 errors
00:55:52,466 INFO Experiment.PerfCost-3361: Processed 6330 samples out of 10000, 0 errors
00:56:05,251 INFO Experiment.PerfCost-3361: Processed 6340 samples out of 10000, 0 errors
00:56:18,145 INFO Experiment.PerfCost-3361: Processed 6350 samples out of 10000, 0 errors
00:56:30,964 INFO Experiment.PerfCost-3361: Processed 6360 samples out of 10000, 0 errors
00:56:43,891 INFO Experiment.PerfCost-3361: Processed 6370 samples out of 10000, 0 errors
00:56:56,820 INFO Experiment.PerfCost-3361: Processed 6380 samples out of 10000, 0 errors
00:57:09,583 INFO Experiment.PerfCost-3361: Processed 6390 samples out of 10000, 0 errors
00:57:22,428 INFO Experiment.PerfCost-3361: Processed 6400 samples out of 10000, 0 errors
00:57:35,250 INFO Experiment.PerfCost-3361: Processed 6410 samples out of 10000, 0 errors
00:57:48,148 INFO Experiment.PerfCost-3361: Processed 6420 samples out of 10000, 0 errors
00:58:00,984 INFO Experiment.PerfCost-3361: Processed 6430 samples out of 10000, 0 errors
00:58:14,36 INFO Experiment.PerfCost-3361: Processed 6440 samples out of 10000, 0 errors
00:58:26,977 INFO Experiment.PerfCost-3361: Processed 6450 samples out of 10000, 0 errors
00:58:39,915 INFO Experiment.PerfCost-3361: Processed 6460 samples out of 10000, 0 errors
00:58:52,862 INFO Experiment.PerfCost-3361: Processed 6470 samples out of 10000, 0 errors
00:59:05,926 INFO Experiment.PerfCost-3361: Processed 6480 samples out of 10000, 0 errors
00:59:18,894 INFO Experiment.PerfCost-3361: Processed 6490 samples out of 10000, 0 errors
00:59:31,650 INFO Experiment.PerfCost-3361: Processed 6500 samples out of 10000, 0 errors
00:59:44,634 INFO Experiment.PerfCost-3361: Processed 6510 samples out of 10000, 0 errors
00:59:57,603 INFO Experiment.PerfCost-3361: Processed 6520 samples out of 10000, 0 errors
01:00:10,510 INFO Experiment.PerfCost-3361: Processed 6530 samples out of 10000, 0 errors
01:00:23,421 INFO Experiment.PerfCost-3361: Processed 6540 samples out of 10000, 0 errors
01:00:36,298 INFO Experiment.PerfCost-3361: Processed 6550 samples out of 10000, 0 errors
01:00:49,179 INFO Experiment.PerfCost-3361: Processed 6560 samples out of 10000, 0 errors
01:01:02,124 INFO Experiment.PerfCost-3361: Processed 6570 samples out of 10000, 0 errors
01:01:14,960 INFO Experiment.PerfCost-3361: Processed 6580 samples out of 10000, 0 errors
01:01:27,939 INFO Experiment.PerfCost-3361: Processed 6590 samples out of 10000, 0 errors
01:01:40,733 INFO Experiment.PerfCost-3361: Processed 6600 samples out of 10000, 0 errors
01:01:53,734 INFO Experiment.PerfCost-3361: Processed 6610 samples out of 10000, 0 errors
01:02:06,670 INFO Experiment.PerfCost-3361: Processed 6620 samples out of 10000, 0 errors
01:02:19,504 INFO Experiment.PerfCost-3361: Processed 6630 samples out of 10000, 0 errors
01:02:32,242 INFO Experiment.PerfCost-3361: Processed 6640 samples out of 10000, 0 errors
01:02:45,98 INFO Experiment.PerfCost-3361: Processed 6650 samples out of 10000, 0 errors
01:02:58,4 INFO Experiment.PerfCost-3361: Processed 6660 samples out of 10000, 0 errors
01:03:10,793 INFO Experiment.PerfCost-3361: Processed 6670 samples out of 10000, 0 errors
01:03:23,510 INFO Experiment.PerfCost-3361: Processed 6680 samples out of 10000, 0 errors
01:03:36,351 INFO Experiment.PerfCost-3361: Processed 6690 samples out of 10000, 0 errors
01:03:49,172 INFO Experiment.PerfCost-3361: Processed 6700 samples out of 10000, 0 errors
01:04:02,22 INFO Experiment.PerfCost-3361: Processed 6710 samples out of 10000, 0 errors
01:04:14,977 INFO Experiment.PerfCost-3361: Processed 6720 samples out of 10000, 0 errors
01:04:27,814 INFO Experiment.PerfCost-3361: Processed 6730 samples out of 10000, 0 errors
01:04:40,773 INFO Experiment.PerfCost-3361: Processed 6740 samples out of 10000, 0 errors
01:04:53,550 INFO Experiment.PerfCost-3361: Processed 6750 samples out of 10000, 0 errors
01:05:06,364 INFO Experiment.PerfCost-3361: Processed 6760 samples out of 10000, 0 errors
01:05:19,335 INFO Experiment.PerfCost-3361: Processed 6770 samples out of 10000, 0 errors
01:05:32,416 INFO Experiment.PerfCost-3361: Processed 6780 samples out of 10000, 0 errors
01:05:45,419 INFO Experiment.PerfCost-3361: Processed 6790 samples out of 10000, 0 errors
01:05:58,383 INFO Experiment.PerfCost-3361: Processed 6800 samples out of 10000, 0 errors
01:06:11,542 INFO Experiment.PerfCost-3361: Processed 6810 samples out of 10000, 0 errors
01:06:24,457 INFO Experiment.PerfCost-3361: Processed 6820 samples out of 10000, 0 errors
01:06:37,429 INFO Experiment.PerfCost-3361: Processed 6830 samples out of 10000, 0 errors
01:06:50,264 INFO Experiment.PerfCost-3361: Processed 6840 samples out of 10000, 0 errors
01:07:03,49 INFO Experiment.PerfCost-3361: Processed 6850 samples out of 10000, 0 errors
01:07:15,870 INFO Experiment.PerfCost-3361: Processed 6860 samples out of 10000, 0 errors
01:07:28,891 INFO Experiment.PerfCost-3361: Processed 6870 samples out of 10000, 0 errors
01:07:42,9 INFO Experiment.PerfCost-3361: Processed 6880 samples out of 10000, 0 errors
01:07:54,809 INFO Experiment.PerfCost-3361: Processed 6890 samples out of 10000, 0 errors
01:08:07,512 INFO Experiment.PerfCost-3361: Processed 6900 samples out of 10000, 0 errors
01:08:20,358 INFO Experiment.PerfCost-3361: Processed 6910 samples out of 10000, 0 errors
01:08:33,291 INFO Experiment.PerfCost-3361: Processed 6920 samples out of 10000, 0 errors
01:08:46,335 INFO Experiment.PerfCost-3361: Processed 6930 samples out of 10000, 0 errors
01:08:59,281 INFO Experiment.PerfCost-3361: Processed 6940 samples out of 10000, 0 errors
01:09:12,67 INFO Experiment.PerfCost-3361: Processed 6950 samples out of 10000, 0 errors
01:09:24,921 INFO Experiment.PerfCost-3361: Processed 6960 samples out of 10000, 0 errors
01:09:37,742 INFO Experiment.PerfCost-3361: Processed 6970 samples out of 10000, 0 errors
01:09:50,790 INFO Experiment.PerfCost-3361: Processed 6980 samples out of 10000, 0 errors
01:10:03,812 INFO Experiment.PerfCost-3361: Processed 6990 samples out of 10000, 0 errors
01:10:16,525 INFO Experiment.PerfCost-3361: Processed 7000 samples out of 10000, 0 errors
01:10:29,390 INFO Experiment.PerfCost-3361: Processed 7010 samples out of 10000, 0 errors
01:10:42,307 INFO Experiment.PerfCost-3361: Processed 7020 samples out of 10000, 0 errors
01:10:55,38 INFO Experiment.PerfCost-3361: Processed 7030 samples out of 10000, 0 errors
01:11:07,999 INFO Experiment.PerfCost-3361: Processed 7040 samples out of 10000, 0 errors
01:11:20,875 INFO Experiment.PerfCost-3361: Processed 7050 samples out of 10000, 0 errors
01:11:33,883 INFO Experiment.PerfCost-3361: Processed 7060 samples out of 10000, 0 errors
01:11:46,780 INFO Experiment.PerfCost-3361: Processed 7070 samples out of 10000, 0 errors
01:11:59,717 INFO Experiment.PerfCost-3361: Processed 7080 samples out of 10000, 0 errors
01:12:12,425 INFO Experiment.PerfCost-3361: Processed 7090 samples out of 10000, 0 errors
01:12:25,195 INFO Experiment.PerfCost-3361: Processed 7100 samples out of 10000, 0 errors
01:12:38,204 INFO Experiment.PerfCost-3361: Processed 7110 samples out of 10000, 0 errors
01:12:50,985 INFO Experiment.PerfCost-3361: Processed 7120 samples out of 10000, 0 errors
01:13:03,780 INFO Experiment.PerfCost-3361: Processed 7130 samples out of 10000, 0 errors
01:13:16,694 INFO Experiment.PerfCost-3361: Processed 7140 samples out of 10000, 0 errors
01:13:29,607 INFO Experiment.PerfCost-3361: Processed 7150 samples out of 10000, 0 errors
01:13:42,448 INFO Experiment.PerfCost-3361: Processed 7160 samples out of 10000, 0 errors
01:13:55,275 INFO Experiment.PerfCost-3361: Processed 7170 samples out of 10000, 0 errors
01:14:08,288 INFO Experiment.PerfCost-3361: Processed 7180 samples out of 10000, 0 errors
01:14:21,274 INFO Experiment.PerfCost-3361: Processed 7190 samples out of 10000, 0 errors
01:14:34,293 INFO Experiment.PerfCost-3361: Processed 7200 samples out of 10000, 0 errors
01:14:47,234 INFO Experiment.PerfCost-3361: Processed 7210 samples out of 10000, 0 errors
01:15:00,46 INFO Experiment.PerfCost-3361: Processed 7220 samples out of 10000, 0 errors
01:15:12,802 INFO Experiment.PerfCost-3361: Processed 7230 samples out of 10000, 0 errors
01:15:25,758 INFO Experiment.PerfCost-3361: Processed 7240 samples out of 10000, 0 errors
01:15:38,559 INFO Experiment.PerfCost-3361: Processed 7250 samples out of 10000, 0 errors
01:15:51,407 INFO Experiment.PerfCost-3361: Processed 7260 samples out of 10000, 0 errors
01:16:04,511 INFO Experiment.PerfCost-3361: Processed 7270 samples out of 10000, 0 errors
01:16:17,349 INFO Experiment.PerfCost-3361: Processed 7280 samples out of 10000, 0 errors
01:16:30,292 INFO Experiment.PerfCost-3361: Processed 7290 samples out of 10000, 0 errors
01:16:43,492 INFO Experiment.PerfCost-3361: Processed 7300 samples out of 10000, 0 errors
01:16:56,286 INFO Experiment.PerfCost-3361: Processed 7310 samples out of 10000, 0 errors
01:17:09,192 INFO Experiment.PerfCost-3361: Processed 7320 samples out of 10000, 0 errors
01:17:22,90 INFO Experiment.PerfCost-3361: Processed 7330 samples out of 10000, 0 errors
01:17:35,100 INFO Experiment.PerfCost-3361: Processed 7340 samples out of 10000, 0 errors
01:17:47,895 INFO Experiment.PerfCost-3361: Processed 7350 samples out of 10000, 0 errors
01:18:00,797 INFO Experiment.PerfCost-3361: Processed 7360 samples out of 10000, 0 errors
01:18:13,587 INFO Experiment.PerfCost-3361: Processed 7370 samples out of 10000, 0 errors
01:18:26,546 INFO Experiment.PerfCost-3361: Processed 7380 samples out of 10000, 0 errors
01:18:39,316 INFO Experiment.PerfCost-3361: Processed 7390 samples out of 10000, 0 errors
01:18:52,138 INFO Experiment.PerfCost-3361: Processed 7400 samples out of 10000, 0 errors
01:19:05,180 INFO Experiment.PerfCost-3361: Processed 7410 samples out of 10000, 0 errors
01:19:17,966 INFO Experiment.PerfCost-3361: Processed 7420 samples out of 10000, 0 errors
01:19:30,924 INFO Experiment.PerfCost-3361: Processed 7430 samples out of 10000, 0 errors
01:19:43,756 INFO Experiment.PerfCost-3361: Processed 7440 samples out of 10000, 0 errors
01:19:56,506 INFO Experiment.PerfCost-3361: Processed 7450 samples out of 10000, 0 errors
01:20:09,427 INFO Experiment.PerfCost-3361: Processed 7460 samples out of 10000, 0 errors
01:20:22,453 INFO Experiment.PerfCost-3361: Processed 7470 samples out of 10000, 0 errors
01:20:35,395 INFO Experiment.PerfCost-3361: Processed 7480 samples out of 10000, 0 errors
01:20:48,317 INFO Experiment.PerfCost-3361: Processed 7490 samples out of 10000, 0 errors
01:21:01,266 INFO Experiment.PerfCost-3361: Processed 7500 samples out of 10000, 0 errors
01:21:14,20 INFO Experiment.PerfCost-3361: Processed 7510 samples out of 10000, 0 errors
01:21:26,843 INFO Experiment.PerfCost-3361: Processed 7520 samples out of 10000, 0 errors
01:21:39,715 INFO Experiment.PerfCost-3361: Processed 7530 samples out of 10000, 0 errors
01:21:52,506 INFO Experiment.PerfCost-3361: Processed 7540 samples out of 10000, 0 errors
01:22:05,442 INFO Experiment.PerfCost-3361: Processed 7550 samples out of 10000, 0 errors
01:22:18,529 INFO Experiment.PerfCost-3361: Processed 7560 samples out of 10000, 0 errors
01:22:31,563 INFO Experiment.PerfCost-3361: Processed 7570 samples out of 10000, 0 errors
01:22:44,537 INFO Experiment.PerfCost-3361: Processed 7580 samples out of 10000, 0 errors
01:22:57,591 INFO Experiment.PerfCost-3361: Processed 7590 samples out of 10000, 0 errors
01:23:10,510 INFO Experiment.PerfCost-3361: Processed 7600 samples out of 10000, 0 errors
01:23:23,348 INFO Experiment.PerfCost-3361: Processed 7610 samples out of 10000, 0 errors
01:23:36,233 INFO Experiment.PerfCost-3361: Processed 7620 samples out of 10000, 0 errors
01:23:49,170 INFO Experiment.PerfCost-3361: Processed 7630 samples out of 10000, 0 errors
01:24:02,81 INFO Experiment.PerfCost-3361: Processed 7640 samples out of 10000, 0 errors
01:24:15,196 INFO Experiment.PerfCost-3361: Processed 7650 samples out of 10000, 0 errors
01:24:28,221 INFO Experiment.PerfCost-3361: Processed 7660 samples out of 10000, 0 errors
01:24:41,6 INFO Experiment.PerfCost-3361: Processed 7670 samples out of 10000, 0 errors
01:24:53,822 INFO Experiment.PerfCost-3361: Processed 7680 samples out of 10000, 0 errors
01:25:06,736 INFO Experiment.PerfCost-3361: Processed 7690 samples out of 10000, 0 errors
01:25:19,503 INFO Experiment.PerfCost-3361: Processed 7700 samples out of 10000, 0 errors
01:25:32,539 INFO Experiment.PerfCost-3361: Processed 7710 samples out of 10000, 0 errors
01:25:45,413 INFO Experiment.PerfCost-3361: Processed 7720 samples out of 10000, 0 errors
01:25:58,283 INFO Experiment.PerfCost-3361: Processed 7730 samples out of 10000, 0 errors
01:26:11,156 INFO Experiment.PerfCost-3361: Processed 7740 samples out of 10000, 0 errors
01:26:24,151 INFO Experiment.PerfCost-3361: Processed 7750 samples out of 10000, 0 errors
01:26:37,19 INFO Experiment.PerfCost-3361: Processed 7760 samples out of 10000, 0 errors
01:26:49,905 INFO Experiment.PerfCost-3361: Processed 7770 samples out of 10000, 0 errors
01:27:02,797 INFO Experiment.PerfCost-3361: Processed 7780 samples out of 10000, 0 errors
01:27:15,644 INFO Experiment.PerfCost-3361: Processed 7790 samples out of 10000, 0 errors
01:27:28,715 INFO Experiment.PerfCost-3361: Processed 7800 samples out of 10000, 0 errors
01:27:41,515 INFO Experiment.PerfCost-3361: Processed 7810 samples out of 10000, 0 errors
01:27:54,279 INFO Experiment.PerfCost-3361: Processed 7820 samples out of 10000, 0 errors
01:28:07,338 INFO Experiment.PerfCost-3361: Processed 7830 samples out of 10000, 0 errors
01:28:20,113 INFO Experiment.PerfCost-3361: Processed 7840 samples out of 10000, 0 errors
01:28:32,965 INFO Experiment.PerfCost-3361: Processed 7850 samples out of 10000, 0 errors
01:28:45,942 INFO Experiment.PerfCost-3361: Processed 7860 samples out of 10000, 0 errors
01:28:58,719 INFO Experiment.PerfCost-3361: Processed 7870 samples out of 10000, 0 errors
01:29:11,698 INFO Experiment.PerfCost-3361: Processed 7880 samples out of 10000, 0 errors
01:29:24,646 INFO Experiment.PerfCost-3361: Processed 7890 samples out of 10000, 0 errors
01:29:37,411 INFO Experiment.PerfCost-3361: Processed 7900 samples out of 10000, 0 errors
01:29:50,341 INFO Experiment.PerfCost-3361: Processed 7910 samples out of 10000, 0 errors
01:30:03,82 INFO Experiment.PerfCost-3361: Processed 7920 samples out of 10000, 0 errors
01:30:16,94 INFO Experiment.PerfCost-3361: Processed 7930 samples out of 10000, 0 errors
01:30:29,41 INFO Experiment.PerfCost-3361: Processed 7940 samples out of 10000, 0 errors
01:30:41,972 INFO Experiment.PerfCost-3361: Processed 7950 samples out of 10000, 0 errors
01:30:54,908 INFO Experiment.PerfCost-3361: Processed 7960 samples out of 10000, 0 errors
01:31:07,764 INFO Experiment.PerfCost-3361: Processed 7970 samples out of 10000, 0 errors
01:31:20,795 INFO Experiment.PerfCost-3361: Processed 7980 samples out of 10000, 0 errors
01:31:33,765 INFO Experiment.PerfCost-3361: Processed 7990 samples out of 10000, 0 errors
01:31:46,745 INFO Experiment.PerfCost-3361: Processed 8000 samples out of 10000, 0 errors
01:31:59,489 INFO Experiment.PerfCost-3361: Processed 8010 samples out of 10000, 0 errors
01:32:12,351 INFO Experiment.PerfCost-3361: Processed 8020 samples out of 10000, 0 errors
01:32:25,170 INFO Experiment.PerfCost-3361: Processed 8030 samples out of 10000, 0 errors
01:32:37,999 INFO Experiment.PerfCost-3361: Processed 8040 samples out of 10000, 0 errors
01:32:50,643 INFO Experiment.PerfCost-3361: Processed 8050 samples out of 10000, 0 errors
01:33:03,621 INFO Experiment.PerfCost-3361: Processed 8060 samples out of 10000, 0 errors
01:33:16,640 INFO Experiment.PerfCost-3361: Processed 8070 samples out of 10000, 0 errors
01:33:29,443 INFO Experiment.PerfCost-3361: Processed 8080 samples out of 10000, 0 errors
01:33:42,484 INFO Experiment.PerfCost-3361: Processed 8090 samples out of 10000, 0 errors
01:33:55,382 INFO Experiment.PerfCost-3361: Processed 8100 samples out of 10000, 0 errors
01:34:08,265 INFO Experiment.PerfCost-3361: Processed 8110 samples out of 10000, 0 errors
01:34:21,252 INFO Experiment.PerfCost-3361: Processed 8120 samples out of 10000, 0 errors
01:34:34,101 INFO Experiment.PerfCost-3361: Processed 8130 samples out of 10000, 0 errors
01:34:47,81 INFO Experiment.PerfCost-3361: Processed 8140 samples out of 10000, 0 errors
01:35:00,51 INFO Experiment.PerfCost-3361: Processed 8150 samples out of 10000, 0 errors
01:35:12,986 INFO Experiment.PerfCost-3361: Processed 8160 samples out of 10000, 0 errors
01:35:25,842 INFO Experiment.PerfCost-3361: Processed 8170 samples out of 10000, 0 errors
01:35:38,677 INFO Experiment.PerfCost-3361: Processed 8180 samples out of 10000, 0 errors
01:35:51,460 INFO Experiment.PerfCost-3361: Processed 8190 samples out of 10000, 0 errors
01:36:04,395 INFO Experiment.PerfCost-3361: Processed 8200 samples out of 10000, 0 errors
01:36:17,395 INFO Experiment.PerfCost-3361: Processed 8210 samples out of 10000, 0 errors
01:36:30,401 INFO Experiment.PerfCost-3361: Processed 8220 samples out of 10000, 0 errors
01:36:43,371 INFO Experiment.PerfCost-3361: Processed 8230 samples out of 10000, 0 errors
01:36:56,458 INFO Experiment.PerfCost-3361: Processed 8240 samples out of 10000, 0 errors
01:37:09,281 INFO Experiment.PerfCost-3361: Processed 8250 samples out of 10000, 0 errors
01:37:22,107 INFO Experiment.PerfCost-3361: Processed 8260 samples out of 10000, 0 errors
01:37:35,13 INFO Experiment.PerfCost-3361: Processed 8270 samples out of 10000, 0 errors
01:37:47,919 INFO Experiment.PerfCost-3361: Processed 8280 samples out of 10000, 0 errors
01:38:00,766 INFO Experiment.PerfCost-3361: Processed 8290 samples out of 10000, 0 errors
01:38:13,695 INFO Experiment.PerfCost-3361: Processed 8300 samples out of 10000, 0 errors
01:38:26,658 INFO Experiment.PerfCost-3361: Processed 8310 samples out of 10000, 0 errors
01:38:39,555 INFO Experiment.PerfCost-3361: Processed 8320 samples out of 10000, 0 errors
01:38:52,497 INFO Experiment.PerfCost-3361: Processed 8330 samples out of 10000, 0 errors
01:39:05,387 INFO Experiment.PerfCost-3361: Processed 8340 samples out of 10000, 0 errors
01:39:18,338 INFO Experiment.PerfCost-3361: Processed 8350 samples out of 10000, 0 errors
01:39:31,162 INFO Experiment.PerfCost-3361: Processed 8360 samples out of 10000, 0 errors
01:39:44,219 INFO Experiment.PerfCost-3361: Processed 8370 samples out of 10000, 0 errors
01:39:56,922 INFO Experiment.PerfCost-3361: Processed 8380 samples out of 10000, 0 errors
01:40:09,729 INFO Experiment.PerfCost-3361: Processed 8390 samples out of 10000, 0 errors
01:40:22,570 INFO Experiment.PerfCost-3361: Processed 8400 samples out of 10000, 0 errors
01:40:35,305 INFO Experiment.PerfCost-3361: Processed 8410 samples out of 10000, 0 errors
01:40:48,110 INFO Experiment.PerfCost-3361: Processed 8420 samples out of 10000, 0 errors
01:41:01,48 INFO Experiment.PerfCost-3361: Processed 8430 samples out of 10000, 0 errors
01:41:14,87 INFO Experiment.PerfCost-3361: Processed 8440 samples out of 10000, 0 errors
01:41:27,42 INFO Experiment.PerfCost-3361: Processed 8450 samples out of 10000, 0 errors
01:41:40,37 INFO Experiment.PerfCost-3361: Processed 8460 samples out of 10000, 0 errors
01:41:52,777 INFO Experiment.PerfCost-3361: Processed 8470 samples out of 10000, 0 errors
01:42:05,576 INFO Experiment.PerfCost-3361: Processed 8480 samples out of 10000, 0 errors
01:42:18,522 INFO Experiment.PerfCost-3361: Processed 8490 samples out of 10000, 0 errors
01:42:31,577 INFO Experiment.PerfCost-3361: Processed 8500 samples out of 10000, 0 errors
01:42:44,453 INFO Experiment.PerfCost-3361: Processed 8510 samples out of 10000, 0 errors
01:42:57,344 INFO Experiment.PerfCost-3361: Processed 8520 samples out of 10000, 0 errors
01:43:10,235 INFO Experiment.PerfCost-3361: Processed 8530 samples out of 10000, 0 errors
01:43:23,133 INFO Experiment.PerfCost-3361: Processed 8540 samples out of 10000, 0 errors
01:43:36,134 INFO Experiment.PerfCost-3361: Processed 8550 samples out of 10000, 0 errors
01:43:49,164 INFO Experiment.PerfCost-3361: Processed 8560 samples out of 10000, 0 errors
01:44:02,19 INFO Experiment.PerfCost-3361: Processed 8570 samples out of 10000, 0 errors
01:44:14,848 INFO Experiment.PerfCost-3361: Processed 8580 samples out of 10000, 0 errors
01:44:27,748 INFO Experiment.PerfCost-3361: Processed 8590 samples out of 10000, 0 errors
01:44:40,565 INFO Experiment.PerfCost-3361: Processed 8600 samples out of 10000, 0 errors
01:44:53,338 INFO Experiment.PerfCost-3361: Processed 8610 samples out of 10000, 0 errors
01:45:06,178 INFO Experiment.PerfCost-3361: Processed 8620 samples out of 10000, 0 errors
01:45:18,991 INFO Experiment.PerfCost-3361: Processed 8630 samples out of 10000, 0 errors
01:45:31,971 INFO Experiment.PerfCost-3361: Processed 8640 samples out of 10000, 0 errors
01:45:45,39 INFO Experiment.PerfCost-3361: Processed 8650 samples out of 10000, 0 errors
01:45:57,922 INFO Experiment.PerfCost-3361: Processed 8660 samples out of 10000, 0 errors
01:46:10,808 INFO Experiment.PerfCost-3361: Processed 8670 samples out of 10000, 0 errors
01:46:23,877 INFO Experiment.PerfCost-3361: Processed 8680 samples out of 10000, 0 errors
01:46:36,873 INFO Experiment.PerfCost-3361: Processed 8690 samples out of 10000, 0 errors
01:46:49,793 INFO Experiment.PerfCost-3361: Processed 8700 samples out of 10000, 0 errors
01:47:02,718 INFO Experiment.PerfCost-3361: Processed 8710 samples out of 10000, 0 errors
01:47:15,791 INFO Experiment.PerfCost-3361: Processed 8720 samples out of 10000, 0 errors
01:47:28,894 INFO Experiment.PerfCost-3361: Processed 8730 samples out of 10000, 0 errors
01:47:41,852 INFO Experiment.PerfCost-3361: Processed 8740 samples out of 10000, 0 errors
01:47:54,966 INFO Experiment.PerfCost-3361: Processed 8750 samples out of 10000, 0 errors
01:48:07,805 INFO Experiment.PerfCost-3361: Processed 8760 samples out of 10000, 0 errors
01:48:20,637 INFO Experiment.PerfCost-3361: Processed 8770 samples out of 10000, 0 errors
01:48:33,611 INFO Experiment.PerfCost-3361: Processed 8780 samples out of 10000, 0 errors
01:48:46,395 INFO Experiment.PerfCost-3361: Processed 8790 samples out of 10000, 0 errors
01:48:59,47 INFO Experiment.PerfCost-3361: Processed 8800 samples out of 10000, 0 errors
01:49:12,14 INFO Experiment.PerfCost-3361: Processed 8810 samples out of 10000, 0 errors
01:49:25,39 INFO Experiment.PerfCost-3361: Processed 8820 samples out of 10000, 0 errors
01:49:37,807 INFO Experiment.PerfCost-3361: Processed 8830 samples out of 10000, 0 errors
01:49:50,757 INFO Experiment.PerfCost-3361: Processed 8840 samples out of 10000, 0 errors
01:50:03,650 INFO Experiment.PerfCost-3361: Processed 8850 samples out of 10000, 0 errors
01:50:16,686 INFO Experiment.PerfCost-3361: Processed 8860 samples out of 10000, 0 errors
01:50:29,609 INFO Experiment.PerfCost-3361: Processed 8870 samples out of 10000, 0 errors
01:50:42,461 INFO Experiment.PerfCost-3361: Processed 8880 samples out of 10000, 0 errors
01:50:55,332 INFO Experiment.PerfCost-3361: Processed 8890 samples out of 10000, 0 errors
01:51:08,278 INFO Experiment.PerfCost-3361: Processed 8900 samples out of 10000, 0 errors
01:51:21,291 INFO Experiment.PerfCost-3361: Processed 8910 samples out of 10000, 0 errors
01:51:34,249 INFO Experiment.PerfCost-3361: Processed 8920 samples out of 10000, 0 errors
01:51:47,151 INFO Experiment.PerfCost-3361: Processed 8930 samples out of 10000, 0 errors
01:52:00,44 INFO Experiment.PerfCost-3361: Processed 8940 samples out of 10000, 0 errors
01:52:13,13 INFO Experiment.PerfCost-3361: Processed 8950 samples out of 10000, 0 errors
01:52:26,4 INFO Experiment.PerfCost-3361: Processed 8960 samples out of 10000, 0 errors
01:52:38,970 INFO Experiment.PerfCost-3361: Processed 8970 samples out of 10000, 0 errors
01:52:51,755 INFO Experiment.PerfCost-3361: Processed 8980 samples out of 10000, 0 errors
01:53:04,622 INFO Experiment.PerfCost-3361: Processed 8990 samples out of 10000, 0 errors
01:53:17,544 INFO Experiment.PerfCost-3361: Processed 9000 samples out of 10000, 0 errors
01:53:30,339 INFO Experiment.PerfCost-3361: Processed 9010 samples out of 10000, 0 errors
01:53:43,297 INFO Experiment.PerfCost-3361: Processed 9020 samples out of 10000, 0 errors
01:53:56,91 INFO Experiment.PerfCost-3361: Processed 9030 samples out of 10000, 0 errors
01:54:09,74 INFO Experiment.PerfCost-3361: Processed 9040 samples out of 10000, 0 errors
01:54:22,27 INFO Experiment.PerfCost-3361: Processed 9050 samples out of 10000, 0 errors
01:54:35,76 INFO Experiment.PerfCost-3361: Processed 9060 samples out of 10000, 0 errors
01:54:47,847 INFO Experiment.PerfCost-3361: Processed 9070 samples out of 10000, 0 errors
01:55:00,940 INFO Experiment.PerfCost-3361: Processed 9080 samples out of 10000, 0 errors
01:55:13,853 INFO Experiment.PerfCost-3361: Processed 9090 samples out of 10000, 0 errors
01:55:26,631 INFO Experiment.PerfCost-3361: Processed 9100 samples out of 10000, 0 errors
01:55:39,481 INFO Experiment.PerfCost-3361: Processed 9110 samples out of 10000, 0 errors
01:55:52,321 INFO Experiment.PerfCost-3361: Processed 9120 samples out of 10000, 0 errors
01:56:05,114 INFO Experiment.PerfCost-3361: Processed 9130 samples out of 10000, 0 errors
01:56:18,73 INFO Experiment.PerfCost-3361: Processed 9140 samples out of 10000, 0 errors
01:56:30,831 INFO Experiment.PerfCost-3361: Processed 9150 samples out of 10000, 0 errors
01:56:43,826 INFO Experiment.PerfCost-3361: Processed 9160 samples out of 10000, 0 errors
01:56:56,880 INFO Experiment.PerfCost-3361: Processed 9170 samples out of 10000, 0 errors
01:57:09,893 INFO Experiment.PerfCost-3361: Processed 9180 samples out of 10000, 0 errors
01:57:22,682 INFO Experiment.PerfCost-3361: Processed 9190 samples out of 10000, 0 errors
01:57:35,473 INFO Experiment.PerfCost-3361: Processed 9200 samples out of 10000, 0 errors
01:57:48,555 INFO Experiment.PerfCost-3361: Processed 9210 samples out of 10000, 0 errors
01:58:01,457 INFO Experiment.PerfCost-3361: Processed 9220 samples out of 10000, 0 errors
01:58:14,338 INFO Experiment.PerfCost-3361: Processed 9230 samples out of 10000, 0 errors
01:58:27,367 INFO Experiment.PerfCost-3361: Processed 9240 samples out of 10000, 0 errors
01:58:40,174 INFO Experiment.PerfCost-3361: Processed 9250 samples out of 10000, 0 errors
01:58:52,982 INFO Experiment.PerfCost-3361: Processed 9260 samples out of 10000, 0 errors
01:59:05,949 INFO Experiment.PerfCost-3361: Processed 9270 samples out of 10000, 0 errors
01:59:18,918 INFO Experiment.PerfCost-3361: Processed 9280 samples out of 10000, 0 errors
01:59:31,943 INFO Experiment.PerfCost-3361: Processed 9290 samples out of 10000, 0 errors
01:59:44,788 INFO Experiment.PerfCost-3361: Processed 9300 samples out of 10000, 0 errors
01:59:57,713 INFO Experiment.PerfCost-3361: Processed 9310 samples out of 10000, 0 errors
02:00:10,621 INFO Experiment.PerfCost-3361: Processed 9320 samples out of 10000, 0 errors
02:00:23,651 INFO Experiment.PerfCost-3361: Processed 9330 samples out of 10000, 0 errors
02:00:36,471 INFO Experiment.PerfCost-3361: Processed 9340 samples out of 10000, 0 errors
02:00:49,436 INFO Experiment.PerfCost-3361: Processed 9350 samples out of 10000, 0 errors
02:01:02,452 INFO Experiment.PerfCost-3361: Processed 9360 samples out of 10000, 0 errors
02:01:15,412 INFO Experiment.PerfCost-3361: Processed 9370 samples out of 10000, 0 errors
02:01:28,365 INFO Experiment.PerfCost-3361: Processed 9380 samples out of 10000, 0 errors
02:01:41,280 INFO Experiment.PerfCost-3361: Processed 9390 samples out of 10000, 0 errors
02:01:54,158 INFO Experiment.PerfCost-3361: Processed 9400 samples out of 10000, 0 errors
02:02:07,11 INFO Experiment.PerfCost-3361: Processed 9410 samples out of 10000, 0 errors
02:02:19,951 INFO Experiment.PerfCost-3361: Processed 9420 samples out of 10000, 0 errors
02:02:32,905 INFO Experiment.PerfCost-3361: Processed 9430 samples out of 10000, 0 errors
02:02:46,25 INFO Experiment.PerfCost-3361: Processed 9440 samples out of 10000, 0 errors
02:02:58,798 INFO Experiment.PerfCost-3361: Processed 9450 samples out of 10000, 0 errors
02:03:11,688 INFO Experiment.PerfCost-3361: Processed 9460 samples out of 10000, 0 errors
02:03:24,518 INFO Experiment.PerfCost-3361: Processed 9470 samples out of 10000, 0 errors
02:03:37,259 INFO Experiment.PerfCost-3361: Processed 9480 samples out of 10000, 0 errors
02:03:50,38 INFO Experiment.PerfCost-3361: Processed 9490 samples out of 10000, 0 errors
02:04:02,985 INFO Experiment.PerfCost-3361: Processed 9500 samples out of 10000, 0 errors
02:04:16,122 INFO Experiment.PerfCost-3361: Processed 9510 samples out of 10000, 0 errors
02:04:29,75 INFO Experiment.PerfCost-3361: Processed 9520 samples out of 10000, 0 errors
02:04:42,24 INFO Experiment.PerfCost-3361: Processed 9530 samples out of 10000, 0 errors
02:04:55,1 INFO Experiment.PerfCost-3361: Processed 9540 samples out of 10000, 0 errors
02:05:07,762 INFO Experiment.PerfCost-3361: Processed 9550 samples out of 10000, 0 errors
02:05:20,724 INFO Experiment.PerfCost-3361: Processed 9560 samples out of 10000, 0 errors
02:05:33,562 INFO Experiment.PerfCost-3361: Processed 9570 samples out of 10000, 0 errors
02:05:46,504 INFO Experiment.PerfCost-3361: Processed 9580 samples out of 10000, 0 errors
02:05:59,334 INFO Experiment.PerfCost-3361: Processed 9590 samples out of 10000, 0 errors
02:06:12,190 INFO Experiment.PerfCost-3361: Processed 9600 samples out of 10000, 0 errors
02:06:24,954 INFO Experiment.PerfCost-3361: Processed 9610 samples out of 10000, 0 errors
02:06:38,36 INFO Experiment.PerfCost-3361: Processed 9620 samples out of 10000, 0 errors
02:06:50,905 INFO Experiment.PerfCost-3361: Processed 9630 samples out of 10000, 0 errors
02:07:03,912 INFO Experiment.PerfCost-3361: Processed 9640 samples out of 10000, 0 errors
02:07:16,727 INFO Experiment.PerfCost-3361: Processed 9650 samples out of 10000, 0 errors
02:07:29,840 INFO Experiment.PerfCost-3361: Processed 9660 samples out of 10000, 0 errors
02:07:42,672 INFO Experiment.PerfCost-3361: Processed 9670 samples out of 10000, 0 errors
02:07:55,429 INFO Experiment.PerfCost-3361: Processed 9680 samples out of 10000, 0 errors
02:08:08,183 INFO Experiment.PerfCost-3361: Processed 9690 samples out of 10000, 0 errors
02:08:21,71 INFO Experiment.PerfCost-3361: Processed 9700 samples out of 10000, 0 errors
02:08:33,863 INFO Experiment.PerfCost-3361: Processed 9710 samples out of 10000, 0 errors
02:08:46,814 INFO Experiment.PerfCost-3361: Processed 9720 samples out of 10000, 0 errors
02:08:59,600 INFO Experiment.PerfCost-3361: Processed 9730 samples out of 10000, 0 errors
02:09:12,655 INFO Experiment.PerfCost-3361: Processed 9740 samples out of 10000, 0 errors
02:09:25,572 INFO Experiment.PerfCost-3361: Processed 9750 samples out of 10000, 0 errors
02:09:38,538 INFO Experiment.PerfCost-3361: Processed 9760 samples out of 10000, 0 errors
02:09:51,515 INFO Experiment.PerfCost-3361: Processed 9770 samples out of 10000, 0 errors
02:10:04,449 INFO Experiment.PerfCost-3361: Processed 9780 samples out of 10000, 0 errors
02:10:17,351 INFO Experiment.PerfCost-3361: Processed 9790 samples out of 10000, 0 errors
02:10:30,288 INFO Experiment.PerfCost-3361: Processed 9800 samples out of 10000, 0 errors
02:10:43,151 INFO Experiment.PerfCost-3361: Processed 9810 samples out of 10000, 0 errors
02:10:56,67 INFO Experiment.PerfCost-3361: Processed 9820 samples out of 10000, 0 errors
02:11:08,928 INFO Experiment.PerfCost-3361: Processed 9830 samples out of 10000, 0 errors
02:11:21,728 INFO Experiment.PerfCost-3361: Processed 9840 samples out of 10000, 0 errors
02:11:34,740 INFO Experiment.PerfCost-3361: Processed 9850 samples out of 10000, 0 errors
02:11:47,525 INFO Experiment.PerfCost-3361: Processed 9860 samples out of 10000, 0 errors
02:12:00,397 INFO Experiment.PerfCost-3361: Processed 9870 samples out of 10000, 0 errors
02:12:13,310 INFO Experiment.PerfCost-3361: Processed 9880 samples out of 10000, 0 errors
02:12:26,242 INFO Experiment.PerfCost-3361: Processed 9890 samples out of 10000, 0 errors
02:12:39,145 INFO Experiment.PerfCost-3361: Processed 9900 samples out of 10000, 0 errors
02:12:52,139 INFO Experiment.PerfCost-3361: Processed 9910 samples out of 10000, 0 errors
02:13:04,880 INFO Experiment.PerfCost-3361: Processed 9920 samples out of 10000, 0 errors
02:13:17,829 INFO Experiment.PerfCost-3361: Processed 9930 samples out of 10000, 0 errors
02:13:30,603 INFO Experiment.PerfCost-3361: Processed 9940 samples out of 10000, 0 errors
02:13:43,526 INFO Experiment.PerfCost-3361: Processed 9950 samples out of 10000, 0 errors
02:13:56,376 INFO Experiment.PerfCost-3361: Processed 9960 samples out of 10000, 0 errors
02:14:09,352 INFO Experiment.PerfCost-3361: Processed 9970 samples out of 10000, 0 errors
02:14:22,285 INFO Experiment.PerfCost-3361: Processed 9980 samples out of 10000, 0 errors
02:14:35,227 INFO Experiment.PerfCost-3361: Processed 9990 samples out of 10000, 0 errors
02:14:48,4 INFO Experiment.PerfCost-3361: Processed 10000 samples out of 10000, 0 errors
02:14:53,23 INFO Experiment.PerfCost-3361: Mean 1713.1333347000002 [ms], median 1638.7635 [ms], std 691.3453671057429, CV 40.35560765191751
02:14:53,28 INFO Experiment.PerfCost-3361: Parametric CI (Student's t-distribution) 0.95 from 1699.5808964391513 to 1726.6857729608491, within 0.7910906866582105% of mean
02:14:53,31 INFO Experiment.PerfCost-3361: Non-parametric CI 0.95 from 1631.115 to 1645.785, within 0.44759356673492157% of median
02:14:53,34 INFO Experiment.PerfCost-3361: Parametric CI (Student's t-distribution) 0.99 from 1695.321167531403 to 1730.9455018685974, within 1.0397420216982933% of mean
02:14:53,36 INFO Experiment.PerfCost-3361: Non-parametric CI 0.99 from 1629.097 to 1647.699, within 0.5675620673758016% of median
