19:39:34,775 INFO SeBS-c6b9: Created experiment output at /home/anou/msc-thesis/task-based-experiment/experiment-results/nodejs/instrumented/630.thumbnailer-otel
19:39:35,93 INFO OpenWhisk.Resources-151e: Using user-provided configuration of storage for OpenWhisk.
19:39:35,94 INFO OpenWhisk-24e9: Using existing resource name: 8504288e.
19:39:35,98 INFO Benchmark-0fec: Building benchmark 630.thumbnailer-opentelemetry. Reason: no cached code package.
19:39:35,99 INFO Benchmark-0fec: There is no Docker build image for openwhisk run in nodejs, thus skipping the Docker-based installation of dependencies.
19:39:35,99 INFO OpenWhisk-24e9: Build the benchmark base image andersnou/msc-thesis:function.openwhisk.630.thumbnailer-opentelemetry.nodejs-12.
19:40:00,718 INFO OpenWhisk-24e9: Push the benchmark base image andersnou/msc-thesis:function.openwhisk.630.thumbnailer-opentelemetry.nodejs-12 to registry: Docker Hub.
19:40:05,102 INFO OpenWhisk-24e9: Created /home/anou/msc-thesis/task-based-experiment/experiment-results/nodejs/instrumented/630.thumbnailer-otel/630.thumbnailer-opentelemetry_code/nodejs/12/630.thumbnailer-opentelemetry.zip archive
19:40:05,102 INFO OpenWhisk-24e9: Zip archive size 0.000621 MB
19:40:05,105 INFO Benchmark-0fec: Created code package (source hash: 2d7216c8f08ed0816b443d8a0444440f), for run on openwhisk with nodejs:12
19:40:05,108 INFO OpenWhisk-24e9: Creating new function! Reason: function 630.thumbnailer-opentelemetry-nodejs-12 not found in cache.
19:40:05,109 INFO OpenWhisk-24e9: Creating function as an action in OpenWhisk.
19:40:05,280 INFO OpenWhisk-24e9: Creating new OpenWhisk action 630.thumbnailer-opentelemetry-nodejs-12
19:40:06,162 INFO Experiment.PerfCost-0e34: Begin experiment on memory size 256
19:40:06,162 INFO OpenWhisk-24e9: Update an existing OpenWhisk action 630.thumbnailer-opentelemetry-nodejs-12.
19:40:06,327 INFO Experiment.PerfCost-0e34: Begin warm experiments
19:40:20,847 INFO Experiment.PerfCost-0e34: Processed 0 warm-up samples, ignoring these results.
19:40:31,663 INFO Experiment.PerfCost-0e34: Processed 10 samples out of 10000, 0 errors
19:40:42,482 INFO Experiment.PerfCost-0e34: Processed 20 samples out of 10000, 0 errors
19:40:53,233 INFO Experiment.PerfCost-0e34: Processed 30 samples out of 10000, 0 errors
19:41:03,985 INFO Experiment.PerfCost-0e34: Processed 40 samples out of 10000, 0 errors
19:41:14,758 INFO Experiment.PerfCost-0e34: Processed 50 samples out of 10000, 0 errors
19:41:25,506 INFO Experiment.PerfCost-0e34: Processed 60 samples out of 10000, 0 errors
19:41:36,259 INFO Experiment.PerfCost-0e34: Processed 70 samples out of 10000, 0 errors
19:41:47,45 INFO Experiment.PerfCost-0e34: Processed 80 samples out of 10000, 0 errors
19:41:57,744 INFO Experiment.PerfCost-0e34: Processed 90 samples out of 10000, 0 errors
19:42:08,461 INFO Experiment.PerfCost-0e34: Processed 100 samples out of 10000, 0 errors
19:42:19,183 INFO Experiment.PerfCost-0e34: Processed 110 samples out of 10000, 0 errors
19:42:29,944 INFO Experiment.PerfCost-0e34: Processed 120 samples out of 10000, 0 errors
19:42:40,671 INFO Experiment.PerfCost-0e34: Processed 130 samples out of 10000, 0 errors
19:42:51,459 INFO Experiment.PerfCost-0e34: Processed 140 samples out of 10000, 0 errors
19:43:02,212 INFO Experiment.PerfCost-0e34: Processed 150 samples out of 10000, 0 errors
19:43:12,975 INFO Experiment.PerfCost-0e34: Processed 160 samples out of 10000, 0 errors
19:43:23,701 INFO Experiment.PerfCost-0e34: Processed 170 samples out of 10000, 0 errors
19:43:34,432 INFO Experiment.PerfCost-0e34: Processed 180 samples out of 10000, 0 errors
19:43:45,171 INFO Experiment.PerfCost-0e34: Processed 190 samples out of 10000, 0 errors
19:43:55,930 INFO Experiment.PerfCost-0e34: Processed 200 samples out of 10000, 0 errors
19:44:06,671 INFO Experiment.PerfCost-0e34: Processed 210 samples out of 10000, 0 errors
19:44:17,439 INFO Experiment.PerfCost-0e34: Processed 220 samples out of 10000, 0 errors
19:44:28,232 INFO Experiment.PerfCost-0e34: Processed 230 samples out of 10000, 0 errors
19:44:38,995 INFO Experiment.PerfCost-0e34: Processed 240 samples out of 10000, 0 errors
19:44:49,717 INFO Experiment.PerfCost-0e34: Processed 250 samples out of 10000, 0 errors
19:45:00,437 INFO Experiment.PerfCost-0e34: Processed 260 samples out of 10000, 0 errors
19:45:11,141 INFO Experiment.PerfCost-0e34: Processed 270 samples out of 10000, 0 errors
19:45:21,870 INFO Experiment.PerfCost-0e34: Processed 280 samples out of 10000, 0 errors
19:45:32,558 INFO Experiment.PerfCost-0e34: Processed 290 samples out of 10000, 0 errors
19:45:43,312 INFO Experiment.PerfCost-0e34: Processed 300 samples out of 10000, 0 errors
19:45:54,21 INFO Experiment.PerfCost-0e34: Processed 310 samples out of 10000, 0 errors
19:46:04,719 INFO Experiment.PerfCost-0e34: Processed 320 samples out of 10000, 0 errors
19:46:15,405 INFO Experiment.PerfCost-0e34: Processed 330 samples out of 10000, 0 errors
19:46:26,112 INFO Experiment.PerfCost-0e34: Processed 340 samples out of 10000, 0 errors
19:46:36,853 INFO Experiment.PerfCost-0e34: Processed 350 samples out of 10000, 0 errors
19:46:47,579 INFO Experiment.PerfCost-0e34: Processed 360 samples out of 10000, 0 errors
19:46:58,311 INFO Experiment.PerfCost-0e34: Processed 370 samples out of 10000, 0 errors
19:47:09,16 INFO Experiment.PerfCost-0e34: Processed 380 samples out of 10000, 0 errors
19:47:19,758 INFO Experiment.PerfCost-0e34: Processed 390 samples out of 10000, 0 errors
19:47:30,468 INFO Experiment.PerfCost-0e34: Processed 400 samples out of 10000, 0 errors
19:47:41,171 INFO Experiment.PerfCost-0e34: Processed 410 samples out of 10000, 0 errors
19:47:51,909 INFO Experiment.PerfCost-0e34: Processed 420 samples out of 10000, 0 errors
19:48:02,660 INFO Experiment.PerfCost-0e34: Processed 430 samples out of 10000, 0 errors
19:48:13,421 INFO Experiment.PerfCost-0e34: Processed 440 samples out of 10000, 0 errors
19:48:24,137 INFO Experiment.PerfCost-0e34: Processed 450 samples out of 10000, 0 errors
19:48:34,864 INFO Experiment.PerfCost-0e34: Processed 460 samples out of 10000, 0 errors
19:48:45,621 INFO Experiment.PerfCost-0e34: Processed 470 samples out of 10000, 0 errors
19:48:56,336 INFO Experiment.PerfCost-0e34: Processed 480 samples out of 10000, 0 errors
19:49:07,55 INFO Experiment.PerfCost-0e34: Processed 490 samples out of 10000, 0 errors
19:49:17,800 INFO Experiment.PerfCost-0e34: Processed 500 samples out of 10000, 0 errors
19:49:28,519 INFO Experiment.PerfCost-0e34: Processed 510 samples out of 10000, 0 errors
19:49:39,242 INFO Experiment.PerfCost-0e34: Processed 520 samples out of 10000, 0 errors
19:49:49,991 INFO Experiment.PerfCost-0e34: Processed 530 samples out of 10000, 0 errors
19:50:00,760 INFO Experiment.PerfCost-0e34: Processed 540 samples out of 10000, 0 errors
19:50:11,438 INFO Experiment.PerfCost-0e34: Processed 550 samples out of 10000, 0 errors
19:50:22,226 INFO Experiment.PerfCost-0e34: Processed 560 samples out of 10000, 0 errors
19:50:32,943 INFO Experiment.PerfCost-0e34: Processed 570 samples out of 10000, 0 errors
19:50:43,712 INFO Experiment.PerfCost-0e34: Processed 580 samples out of 10000, 0 errors
19:50:54,430 INFO Experiment.PerfCost-0e34: Processed 590 samples out of 10000, 0 errors
19:51:05,160 INFO Experiment.PerfCost-0e34: Processed 600 samples out of 10000, 0 errors
19:51:15,877 INFO Experiment.PerfCost-0e34: Processed 610 samples out of 10000, 0 errors
19:51:26,619 INFO Experiment.PerfCost-0e34: Processed 620 samples out of 10000, 0 errors
19:51:37,378 INFO Experiment.PerfCost-0e34: Processed 630 samples out of 10000, 0 errors
19:51:48,137 INFO Experiment.PerfCost-0e34: Processed 640 samples out of 10000, 0 errors
19:51:58,885 INFO Experiment.PerfCost-0e34: Processed 650 samples out of 10000, 0 errors
19:52:09,582 INFO Experiment.PerfCost-0e34: Processed 660 samples out of 10000, 0 errors
19:52:20,321 INFO Experiment.PerfCost-0e34: Processed 670 samples out of 10000, 0 errors
19:52:31,69 INFO Experiment.PerfCost-0e34: Processed 680 samples out of 10000, 0 errors
19:52:41,788 INFO Experiment.PerfCost-0e34: Processed 690 samples out of 10000, 0 errors
19:52:52,496 INFO Experiment.PerfCost-0e34: Processed 700 samples out of 10000, 0 errors
19:53:03,234 INFO Experiment.PerfCost-0e34: Processed 710 samples out of 10000, 0 errors
19:53:13,947 INFO Experiment.PerfCost-0e34: Processed 720 samples out of 10000, 0 errors
19:53:24,683 INFO Experiment.PerfCost-0e34: Processed 730 samples out of 10000, 0 errors
19:53:35,356 INFO Experiment.PerfCost-0e34: Processed 740 samples out of 10000, 0 errors
19:53:46,95 INFO Experiment.PerfCost-0e34: Processed 750 samples out of 10000, 0 errors
19:53:56,788 INFO Experiment.PerfCost-0e34: Processed 760 samples out of 10000, 0 errors
19:54:07,509 INFO Experiment.PerfCost-0e34: Processed 770 samples out of 10000, 0 errors
19:54:18,211 INFO Experiment.PerfCost-0e34: Processed 780 samples out of 10000, 0 errors
19:54:28,916 INFO Experiment.PerfCost-0e34: Processed 790 samples out of 10000, 0 errors
19:54:39,609 INFO Experiment.PerfCost-0e34: Processed 800 samples out of 10000, 0 errors
19:54:50,353 INFO Experiment.PerfCost-0e34: Processed 810 samples out of 10000, 0 errors
19:55:01,103 INFO Experiment.PerfCost-0e34: Processed 820 samples out of 10000, 0 errors
19:55:11,869 INFO Experiment.PerfCost-0e34: Processed 830 samples out of 10000, 0 errors
19:55:22,546 INFO Experiment.PerfCost-0e34: Processed 840 samples out of 10000, 0 errors
19:55:33,220 INFO Experiment.PerfCost-0e34: Processed 850 samples out of 10000, 0 errors
19:55:43,977 INFO Experiment.PerfCost-0e34: Processed 860 samples out of 10000, 0 errors
19:55:54,777 INFO Experiment.PerfCost-0e34: Processed 870 samples out of 10000, 0 errors
19:56:05,482 INFO Experiment.PerfCost-0e34: Processed 880 samples out of 10000, 0 errors
19:56:16,215 INFO Experiment.PerfCost-0e34: Processed 890 samples out of 10000, 0 errors
19:56:26,927 INFO Experiment.PerfCost-0e34: Processed 900 samples out of 10000, 0 errors
19:56:37,649 INFO Experiment.PerfCost-0e34: Processed 910 samples out of 10000, 0 errors
19:56:48,364 INFO Experiment.PerfCost-0e34: Processed 920 samples out of 10000, 0 errors
19:56:59,89 INFO Experiment.PerfCost-0e34: Processed 930 samples out of 10000, 0 errors
19:57:09,835 INFO Experiment.PerfCost-0e34: Processed 940 samples out of 10000, 0 errors
19:57:20,524 INFO Experiment.PerfCost-0e34: Processed 950 samples out of 10000, 0 errors
19:57:31,214 INFO Experiment.PerfCost-0e34: Processed 960 samples out of 10000, 0 errors
19:57:41,951 INFO Experiment.PerfCost-0e34: Processed 970 samples out of 10000, 0 errors
19:57:52,687 INFO Experiment.PerfCost-0e34: Processed 980 samples out of 10000, 0 errors
19:58:03,407 INFO Experiment.PerfCost-0e34: Processed 990 samples out of 10000, 0 errors
19:58:14,158 INFO Experiment.PerfCost-0e34: Processed 1000 samples out of 10000, 0 errors
19:58:24,922 INFO Experiment.PerfCost-0e34: Processed 1010 samples out of 10000, 0 errors
19:58:35,653 INFO Experiment.PerfCost-0e34: Processed 1020 samples out of 10000, 0 errors
19:58:46,363 INFO Experiment.PerfCost-0e34: Processed 1030 samples out of 10000, 0 errors
19:58:57,123 INFO Experiment.PerfCost-0e34: Processed 1040 samples out of 10000, 0 errors
19:59:07,856 INFO Experiment.PerfCost-0e34: Processed 1050 samples out of 10000, 0 errors
19:59:18,565 INFO Experiment.PerfCost-0e34: Processed 1060 samples out of 10000, 0 errors
19:59:29,301 INFO Experiment.PerfCost-0e34: Processed 1070 samples out of 10000, 0 errors
19:59:39,966 INFO Experiment.PerfCost-0e34: Processed 1080 samples out of 10000, 0 errors
19:59:50,678 INFO Experiment.PerfCost-0e34: Processed 1090 samples out of 10000, 0 errors
20:00:01,426 INFO Experiment.PerfCost-0e34: Processed 1100 samples out of 10000, 0 errors
20:00:12,151 INFO Experiment.PerfCost-0e34: Processed 1110 samples out of 10000, 0 errors
20:00:22,873 INFO Experiment.PerfCost-0e34: Processed 1120 samples out of 10000, 0 errors
20:00:33,600 INFO Experiment.PerfCost-0e34: Processed 1130 samples out of 10000, 0 errors
20:00:44,402 INFO Experiment.PerfCost-0e34: Processed 1140 samples out of 10000, 0 errors
20:00:55,140 INFO Experiment.PerfCost-0e34: Processed 1150 samples out of 10000, 0 errors
20:01:05,889 INFO Experiment.PerfCost-0e34: Processed 1160 samples out of 10000, 0 errors
20:01:16,605 INFO Experiment.PerfCost-0e34: Processed 1170 samples out of 10000, 0 errors
20:01:27,309 INFO Experiment.PerfCost-0e34: Processed 1180 samples out of 10000, 0 errors
20:01:38,35 INFO Experiment.PerfCost-0e34: Processed 1190 samples out of 10000, 0 errors
20:01:48,739 INFO Experiment.PerfCost-0e34: Processed 1200 samples out of 10000, 0 errors
20:01:59,470 INFO Experiment.PerfCost-0e34: Processed 1210 samples out of 10000, 0 errors
20:02:10,142 INFO Experiment.PerfCost-0e34: Processed 1220 samples out of 10000, 0 errors
20:02:20,846 INFO Experiment.PerfCost-0e34: Processed 1230 samples out of 10000, 0 errors
20:02:31,564 INFO Experiment.PerfCost-0e34: Processed 1240 samples out of 10000, 0 errors
20:02:42,319 INFO Experiment.PerfCost-0e34: Processed 1250 samples out of 10000, 0 errors
20:02:53,59 INFO Experiment.PerfCost-0e34: Processed 1260 samples out of 10000, 0 errors
20:03:03,777 INFO Experiment.PerfCost-0e34: Processed 1270 samples out of 10000, 0 errors
20:03:14,496 INFO Experiment.PerfCost-0e34: Processed 1280 samples out of 10000, 0 errors
20:03:25,225 INFO Experiment.PerfCost-0e34: Processed 1290 samples out of 10000, 0 errors
20:03:35,949 INFO Experiment.PerfCost-0e34: Processed 1300 samples out of 10000, 0 errors
20:03:46,720 INFO Experiment.PerfCost-0e34: Processed 1310 samples out of 10000, 0 errors
20:03:57,443 INFO Experiment.PerfCost-0e34: Processed 1320 samples out of 10000, 0 errors
20:04:08,181 INFO Experiment.PerfCost-0e34: Processed 1330 samples out of 10000, 0 errors
20:04:18,938 INFO Experiment.PerfCost-0e34: Processed 1340 samples out of 10000, 0 errors
20:04:29,693 INFO Experiment.PerfCost-0e34: Processed 1350 samples out of 10000, 0 errors
20:04:40,423 INFO Experiment.PerfCost-0e34: Processed 1360 samples out of 10000, 0 errors
20:04:51,161 INFO Experiment.PerfCost-0e34: Processed 1370 samples out of 10000, 0 errors
20:05:01,940 INFO Experiment.PerfCost-0e34: Processed 1380 samples out of 10000, 0 errors
20:05:12,681 INFO Experiment.PerfCost-0e34: Processed 1390 samples out of 10000, 0 errors
20:05:23,396 INFO Experiment.PerfCost-0e34: Processed 1400 samples out of 10000, 0 errors
20:05:34,126 INFO Experiment.PerfCost-0e34: Processed 1410 samples out of 10000, 0 errors
20:05:44,908 INFO Experiment.PerfCost-0e34: Processed 1420 samples out of 10000, 0 errors
20:05:55,658 INFO Experiment.PerfCost-0e34: Processed 1430 samples out of 10000, 0 errors
20:06:06,411 INFO Experiment.PerfCost-0e34: Processed 1440 samples out of 10000, 0 errors
20:06:17,162 INFO Experiment.PerfCost-0e34: Processed 1450 samples out of 10000, 0 errors
20:06:27,905 INFO Experiment.PerfCost-0e34: Processed 1460 samples out of 10000, 0 errors
20:06:38,638 INFO Experiment.PerfCost-0e34: Processed 1470 samples out of 10000, 0 errors
20:06:49,336 INFO Experiment.PerfCost-0e34: Processed 1480 samples out of 10000, 0 errors
20:07:00,87 INFO Experiment.PerfCost-0e34: Processed 1490 samples out of 10000, 0 errors
20:07:10,811 INFO Experiment.PerfCost-0e34: Processed 1500 samples out of 10000, 0 errors
20:07:21,501 INFO Experiment.PerfCost-0e34: Processed 1510 samples out of 10000, 0 errors
20:07:32,239 INFO Experiment.PerfCost-0e34: Processed 1520 samples out of 10000, 0 errors
20:07:42,944 INFO Experiment.PerfCost-0e34: Processed 1530 samples out of 10000, 0 errors
20:07:53,695 INFO Experiment.PerfCost-0e34: Processed 1540 samples out of 10000, 0 errors
20:08:04,409 INFO Experiment.PerfCost-0e34: Processed 1550 samples out of 10000, 0 errors
20:08:15,114 INFO Experiment.PerfCost-0e34: Processed 1560 samples out of 10000, 0 errors
20:08:25,780 INFO Experiment.PerfCost-0e34: Processed 1570 samples out of 10000, 0 errors
20:08:36,546 INFO Experiment.PerfCost-0e34: Processed 1580 samples out of 10000, 0 errors
20:08:47,278 INFO Experiment.PerfCost-0e34: Processed 1590 samples out of 10000, 0 errors
20:08:58,42 INFO Experiment.PerfCost-0e34: Processed 1600 samples out of 10000, 0 errors
20:09:08,812 INFO Experiment.PerfCost-0e34: Processed 1610 samples out of 10000, 0 errors
20:09:19,539 INFO Experiment.PerfCost-0e34: Processed 1620 samples out of 10000, 0 errors
20:09:30,291 INFO Experiment.PerfCost-0e34: Processed 1630 samples out of 10000, 0 errors
20:09:41,9 INFO Experiment.PerfCost-0e34: Processed 1640 samples out of 10000, 0 errors
20:09:51,638 INFO Experiment.PerfCost-0e34: Processed 1650 samples out of 10000, 0 errors
20:10:02,355 INFO Experiment.PerfCost-0e34: Processed 1660 samples out of 10000, 0 errors
20:10:13,99 INFO Experiment.PerfCost-0e34: Processed 1670 samples out of 10000, 0 errors
20:10:23,806 INFO Experiment.PerfCost-0e34: Processed 1680 samples out of 10000, 0 errors
20:10:34,526 INFO Experiment.PerfCost-0e34: Processed 1690 samples out of 10000, 0 errors
20:10:45,340 INFO Experiment.PerfCost-0e34: Processed 1700 samples out of 10000, 0 errors
20:10:56,62 INFO Experiment.PerfCost-0e34: Processed 1710 samples out of 10000, 0 errors
20:11:06,774 INFO Experiment.PerfCost-0e34: Processed 1720 samples out of 10000, 0 errors
20:11:17,492 INFO Experiment.PerfCost-0e34: Processed 1730 samples out of 10000, 0 errors
20:11:28,201 INFO Experiment.PerfCost-0e34: Processed 1740 samples out of 10000, 0 errors
20:11:38,925 INFO Experiment.PerfCost-0e34: Processed 1750 samples out of 10000, 0 errors
20:11:49,669 INFO Experiment.PerfCost-0e34: Processed 1760 samples out of 10000, 0 errors
20:12:00,345 INFO Experiment.PerfCost-0e34: Processed 1770 samples out of 10000, 0 errors
20:12:11,74 INFO Experiment.PerfCost-0e34: Processed 1780 samples out of 10000, 0 errors
20:12:21,806 INFO Experiment.PerfCost-0e34: Processed 1790 samples out of 10000, 0 errors
20:12:32,548 INFO Experiment.PerfCost-0e34: Processed 1800 samples out of 10000, 0 errors
20:12:43,279 INFO Experiment.PerfCost-0e34: Processed 1810 samples out of 10000, 0 errors
20:12:54,23 INFO Experiment.PerfCost-0e34: Processed 1820 samples out of 10000, 0 errors
20:13:04,736 INFO Experiment.PerfCost-0e34: Processed 1830 samples out of 10000, 0 errors
20:13:15,467 INFO Experiment.PerfCost-0e34: Processed 1840 samples out of 10000, 0 errors
20:13:26,173 INFO Experiment.PerfCost-0e34: Processed 1850 samples out of 10000, 0 errors
20:13:36,880 INFO Experiment.PerfCost-0e34: Processed 1860 samples out of 10000, 0 errors
20:13:47,582 INFO Experiment.PerfCost-0e34: Processed 1870 samples out of 10000, 0 errors
20:13:58,313 INFO Experiment.PerfCost-0e34: Processed 1880 samples out of 10000, 0 errors
20:14:08,996 INFO Experiment.PerfCost-0e34: Processed 1890 samples out of 10000, 0 errors
20:14:19,706 INFO Experiment.PerfCost-0e34: Processed 1900 samples out of 10000, 0 errors
20:14:30,405 INFO Experiment.PerfCost-0e34: Processed 1910 samples out of 10000, 0 errors
20:14:41,160 INFO Experiment.PerfCost-0e34: Processed 1920 samples out of 10000, 0 errors
20:14:51,829 INFO Experiment.PerfCost-0e34: Processed 1930 samples out of 10000, 0 errors
20:15:02,569 INFO Experiment.PerfCost-0e34: Processed 1940 samples out of 10000, 0 errors
20:15:13,300 INFO Experiment.PerfCost-0e34: Processed 1950 samples out of 10000, 0 errors
20:15:24,16 INFO Experiment.PerfCost-0e34: Processed 1960 samples out of 10000, 0 errors
20:15:34,753 INFO Experiment.PerfCost-0e34: Processed 1970 samples out of 10000, 0 errors
20:15:45,500 INFO Experiment.PerfCost-0e34: Processed 1980 samples out of 10000, 0 errors
20:15:56,232 INFO Experiment.PerfCost-0e34: Processed 1990 samples out of 10000, 0 errors
20:16:06,984 INFO Experiment.PerfCost-0e34: Processed 2000 samples out of 10000, 0 errors
20:16:17,687 INFO Experiment.PerfCost-0e34: Processed 2010 samples out of 10000, 0 errors
20:16:28,468 INFO Experiment.PerfCost-0e34: Processed 2020 samples out of 10000, 0 errors
20:16:39,167 INFO Experiment.PerfCost-0e34: Processed 2030 samples out of 10000, 0 errors
20:16:49,884 INFO Experiment.PerfCost-0e34: Processed 2040 samples out of 10000, 0 errors
20:17:00,605 INFO Experiment.PerfCost-0e34: Processed 2050 samples out of 10000, 0 errors
20:17:11,349 INFO Experiment.PerfCost-0e34: Processed 2060 samples out of 10000, 0 errors
20:17:22,89 INFO Experiment.PerfCost-0e34: Processed 2070 samples out of 10000, 0 errors
20:17:32,800 INFO Experiment.PerfCost-0e34: Processed 2080 samples out of 10000, 0 errors
20:17:43,498 INFO Experiment.PerfCost-0e34: Processed 2090 samples out of 10000, 0 errors
20:17:54,241 INFO Experiment.PerfCost-0e34: Processed 2100 samples out of 10000, 0 errors
20:18:04,970 INFO Experiment.PerfCost-0e34: Processed 2110 samples out of 10000, 0 errors
20:18:15,680 INFO Experiment.PerfCost-0e34: Processed 2120 samples out of 10000, 0 errors
20:18:26,405 INFO Experiment.PerfCost-0e34: Processed 2130 samples out of 10000, 0 errors
20:18:37,168 INFO Experiment.PerfCost-0e34: Processed 2140 samples out of 10000, 0 errors
20:18:47,940 INFO Experiment.PerfCost-0e34: Processed 2150 samples out of 10000, 0 errors
20:18:58,648 INFO Experiment.PerfCost-0e34: Processed 2160 samples out of 10000, 0 errors
20:19:09,346 INFO Experiment.PerfCost-0e34: Processed 2170 samples out of 10000, 0 errors
20:19:20,92 INFO Experiment.PerfCost-0e34: Processed 2180 samples out of 10000, 0 errors
20:19:30,803 INFO Experiment.PerfCost-0e34: Processed 2190 samples out of 10000, 0 errors
20:19:41,521 INFO Experiment.PerfCost-0e34: Processed 2200 samples out of 10000, 0 errors
20:19:52,263 INFO Experiment.PerfCost-0e34: Processed 2210 samples out of 10000, 0 errors
20:20:02,999 INFO Experiment.PerfCost-0e34: Processed 2220 samples out of 10000, 0 errors
20:20:13,795 INFO Experiment.PerfCost-0e34: Processed 2230 samples out of 10000, 0 errors
20:20:24,549 INFO Experiment.PerfCost-0e34: Processed 2240 samples out of 10000, 0 errors
20:20:35,283 INFO Experiment.PerfCost-0e34: Processed 2250 samples out of 10000, 0 errors
20:20:46,70 INFO Experiment.PerfCost-0e34: Processed 2260 samples out of 10000, 0 errors
20:20:56,813 INFO Experiment.PerfCost-0e34: Processed 2270 samples out of 10000, 0 errors
20:21:07,551 INFO Experiment.PerfCost-0e34: Processed 2280 samples out of 10000, 0 errors
20:21:18,283 INFO Experiment.PerfCost-0e34: Processed 2290 samples out of 10000, 0 errors
20:21:28,961 INFO Experiment.PerfCost-0e34: Processed 2300 samples out of 10000, 0 errors
20:21:39,639 INFO Experiment.PerfCost-0e34: Processed 2310 samples out of 10000, 0 errors
20:21:50,389 INFO Experiment.PerfCost-0e34: Processed 2320 samples out of 10000, 0 errors
20:22:01,150 INFO Experiment.PerfCost-0e34: Processed 2330 samples out of 10000, 0 errors
20:22:11,857 INFO Experiment.PerfCost-0e34: Processed 2340 samples out of 10000, 0 errors
20:22:22,598 INFO Experiment.PerfCost-0e34: Processed 2350 samples out of 10000, 0 errors
20:22:33,337 INFO Experiment.PerfCost-0e34: Processed 2360 samples out of 10000, 0 errors
20:22:44,92 INFO Experiment.PerfCost-0e34: Processed 2370 samples out of 10000, 0 errors
20:22:54,835 INFO Experiment.PerfCost-0e34: Processed 2380 samples out of 10000, 0 errors
20:23:05,560 INFO Experiment.PerfCost-0e34: Processed 2390 samples out of 10000, 0 errors
20:23:16,324 INFO Experiment.PerfCost-0e34: Processed 2400 samples out of 10000, 0 errors
20:23:27,59 INFO Experiment.PerfCost-0e34: Processed 2410 samples out of 10000, 0 errors
20:23:37,780 INFO Experiment.PerfCost-0e34: Processed 2420 samples out of 10000, 0 errors
20:23:48,506 INFO Experiment.PerfCost-0e34: Processed 2430 samples out of 10000, 0 errors
20:23:59,233 INFO Experiment.PerfCost-0e34: Processed 2440 samples out of 10000, 0 errors
20:24:09,939 INFO Experiment.PerfCost-0e34: Processed 2450 samples out of 10000, 0 errors
20:24:20,653 INFO Experiment.PerfCost-0e34: Processed 2460 samples out of 10000, 0 errors
20:24:31,376 INFO Experiment.PerfCost-0e34: Processed 2470 samples out of 10000, 0 errors
20:24:42,88 INFO Experiment.PerfCost-0e34: Processed 2480 samples out of 10000, 0 errors
20:24:52,794 INFO Experiment.PerfCost-0e34: Processed 2490 samples out of 10000, 0 errors
20:25:03,467 INFO Experiment.PerfCost-0e34: Processed 2500 samples out of 10000, 0 errors
20:25:14,224 INFO Experiment.PerfCost-0e34: Processed 2510 samples out of 10000, 0 errors
20:25:24,960 INFO Experiment.PerfCost-0e34: Processed 2520 samples out of 10000, 0 errors
20:25:35,712 INFO Experiment.PerfCost-0e34: Processed 2530 samples out of 10000, 0 errors
20:25:46,446 INFO Experiment.PerfCost-0e34: Processed 2540 samples out of 10000, 0 errors
20:25:57,231 INFO Experiment.PerfCost-0e34: Processed 2550 samples out of 10000, 0 errors
20:26:07,994 INFO Experiment.PerfCost-0e34: Processed 2560 samples out of 10000, 0 errors
20:26:18,665 INFO Experiment.PerfCost-0e34: Processed 2570 samples out of 10000, 0 errors
20:26:29,371 INFO Experiment.PerfCost-0e34: Processed 2580 samples out of 10000, 0 errors
20:26:40,105 INFO Experiment.PerfCost-0e34: Processed 2590 samples out of 10000, 0 errors
20:26:50,801 INFO Experiment.PerfCost-0e34: Processed 2600 samples out of 10000, 0 errors
20:27:01,568 INFO Experiment.PerfCost-0e34: Processed 2610 samples out of 10000, 0 errors
20:27:12,280 INFO Experiment.PerfCost-0e34: Processed 2620 samples out of 10000, 0 errors
20:27:23,36 INFO Experiment.PerfCost-0e34: Processed 2630 samples out of 10000, 0 errors
20:27:33,731 INFO Experiment.PerfCost-0e34: Processed 2640 samples out of 10000, 0 errors
20:27:44,450 INFO Experiment.PerfCost-0e34: Processed 2650 samples out of 10000, 0 errors
20:27:55,167 INFO Experiment.PerfCost-0e34: Processed 2660 samples out of 10000, 0 errors
20:28:05,876 INFO Experiment.PerfCost-0e34: Processed 2670 samples out of 10000, 0 errors
20:28:16,624 INFO Experiment.PerfCost-0e34: Processed 2680 samples out of 10000, 0 errors
20:28:27,288 INFO Experiment.PerfCost-0e34: Processed 2690 samples out of 10000, 0 errors
20:28:38,18 INFO Experiment.PerfCost-0e34: Processed 2700 samples out of 10000, 0 errors
20:28:48,732 INFO Experiment.PerfCost-0e34: Processed 2710 samples out of 10000, 0 errors
20:28:59,488 INFO Experiment.PerfCost-0e34: Processed 2720 samples out of 10000, 0 errors
20:29:10,212 INFO Experiment.PerfCost-0e34: Processed 2730 samples out of 10000, 0 errors
20:29:20,928 INFO Experiment.PerfCost-0e34: Processed 2740 samples out of 10000, 0 errors
20:29:31,669 INFO Experiment.PerfCost-0e34: Processed 2750 samples out of 10000, 0 errors
20:29:42,381 INFO Experiment.PerfCost-0e34: Processed 2760 samples out of 10000, 0 errors
20:29:53,136 INFO Experiment.PerfCost-0e34: Processed 2770 samples out of 10000, 0 errors
20:30:03,868 INFO Experiment.PerfCost-0e34: Processed 2780 samples out of 10000, 0 errors
20:30:14,626 INFO Experiment.PerfCost-0e34: Processed 2790 samples out of 10000, 0 errors
20:30:25,331 INFO Experiment.PerfCost-0e34: Processed 2800 samples out of 10000, 0 errors
20:30:36,69 INFO Experiment.PerfCost-0e34: Processed 2810 samples out of 10000, 0 errors
20:30:46,809 INFO Experiment.PerfCost-0e34: Processed 2820 samples out of 10000, 0 errors
20:30:57,572 INFO Experiment.PerfCost-0e34: Processed 2830 samples out of 10000, 0 errors
20:31:08,285 INFO Experiment.PerfCost-0e34: Processed 2840 samples out of 10000, 0 errors
20:31:18,996 INFO Experiment.PerfCost-0e34: Processed 2850 samples out of 10000, 0 errors
20:31:29,704 INFO Experiment.PerfCost-0e34: Processed 2860 samples out of 10000, 0 errors
20:31:40,457 INFO Experiment.PerfCost-0e34: Processed 2870 samples out of 10000, 0 errors
20:31:51,171 INFO Experiment.PerfCost-0e34: Processed 2880 samples out of 10000, 0 errors
20:32:01,874 INFO Experiment.PerfCost-0e34: Processed 2890 samples out of 10000, 0 errors
20:32:12,599 INFO Experiment.PerfCost-0e34: Processed 2900 samples out of 10000, 0 errors
20:32:23,387 INFO Experiment.PerfCost-0e34: Processed 2910 samples out of 10000, 0 errors
20:32:34,100 INFO Experiment.PerfCost-0e34: Processed 2920 samples out of 10000, 0 errors
20:32:44,865 INFO Experiment.PerfCost-0e34: Processed 2930 samples out of 10000, 0 errors
20:32:55,543 INFO Experiment.PerfCost-0e34: Processed 2940 samples out of 10000, 0 errors
20:33:06,274 INFO Experiment.PerfCost-0e34: Processed 2950 samples out of 10000, 0 errors
20:33:16,965 INFO Experiment.PerfCost-0e34: Processed 2960 samples out of 10000, 0 errors
20:33:27,693 INFO Experiment.PerfCost-0e34: Processed 2970 samples out of 10000, 0 errors
20:33:38,413 INFO Experiment.PerfCost-0e34: Processed 2980 samples out of 10000, 0 errors
20:33:49,157 INFO Experiment.PerfCost-0e34: Processed 2990 samples out of 10000, 0 errors
20:33:59,908 INFO Experiment.PerfCost-0e34: Processed 3000 samples out of 10000, 0 errors
20:34:10,659 INFO Experiment.PerfCost-0e34: Processed 3010 samples out of 10000, 0 errors
20:34:21,357 INFO Experiment.PerfCost-0e34: Processed 3020 samples out of 10000, 0 errors
20:34:32,67 INFO Experiment.PerfCost-0e34: Processed 3030 samples out of 10000, 0 errors
20:34:42,842 INFO Experiment.PerfCost-0e34: Processed 3040 samples out of 10000, 0 errors
20:34:53,536 INFO Experiment.PerfCost-0e34: Processed 3050 samples out of 10000, 0 errors
20:35:04,287 INFO Experiment.PerfCost-0e34: Processed 3060 samples out of 10000, 0 errors
20:35:15,37 INFO Experiment.PerfCost-0e34: Processed 3070 samples out of 10000, 0 errors
20:35:25,833 INFO Experiment.PerfCost-0e34: Processed 3080 samples out of 10000, 0 errors
20:35:36,553 INFO Experiment.PerfCost-0e34: Processed 3090 samples out of 10000, 0 errors
20:35:47,300 INFO Experiment.PerfCost-0e34: Processed 3100 samples out of 10000, 0 errors
20:35:58,48 INFO Experiment.PerfCost-0e34: Processed 3110 samples out of 10000, 0 errors
20:36:08,792 INFO Experiment.PerfCost-0e34: Processed 3120 samples out of 10000, 0 errors
20:36:19,509 INFO Experiment.PerfCost-0e34: Processed 3130 samples out of 10000, 0 errors
20:36:30,297 INFO Experiment.PerfCost-0e34: Processed 3140 samples out of 10000, 0 errors
20:36:41,43 INFO Experiment.PerfCost-0e34: Processed 3150 samples out of 10000, 0 errors
20:36:51,744 INFO Experiment.PerfCost-0e34: Processed 3160 samples out of 10000, 0 errors
20:37:02,461 INFO Experiment.PerfCost-0e34: Processed 3170 samples out of 10000, 0 errors
20:37:13,190 INFO Experiment.PerfCost-0e34: Processed 3180 samples out of 10000, 0 errors
20:37:23,951 INFO Experiment.PerfCost-0e34: Processed 3190 samples out of 10000, 0 errors
20:37:34,619 INFO Experiment.PerfCost-0e34: Processed 3200 samples out of 10000, 0 errors
20:37:45,357 INFO Experiment.PerfCost-0e34: Processed 3210 samples out of 10000, 0 errors
20:37:56,85 INFO Experiment.PerfCost-0e34: Processed 3220 samples out of 10000, 0 errors
20:38:06,837 INFO Experiment.PerfCost-0e34: Processed 3230 samples out of 10000, 0 errors
20:38:17,581 INFO Experiment.PerfCost-0e34: Processed 3240 samples out of 10000, 0 errors
20:38:28,280 INFO Experiment.PerfCost-0e34: Processed 3250 samples out of 10000, 0 errors
20:38:39,22 INFO Experiment.PerfCost-0e34: Processed 3260 samples out of 10000, 0 errors
20:38:49,750 INFO Experiment.PerfCost-0e34: Processed 3270 samples out of 10000, 0 errors
20:39:00,445 INFO Experiment.PerfCost-0e34: Processed 3280 samples out of 10000, 0 errors
20:39:11,166 INFO Experiment.PerfCost-0e34: Processed 3290 samples out of 10000, 0 errors
20:39:21,871 INFO Experiment.PerfCost-0e34: Processed 3300 samples out of 10000, 0 errors
20:39:32,594 INFO Experiment.PerfCost-0e34: Processed 3310 samples out of 10000, 0 errors
20:39:43,345 INFO Experiment.PerfCost-0e34: Processed 3320 samples out of 10000, 0 errors
20:39:54,72 INFO Experiment.PerfCost-0e34: Processed 3330 samples out of 10000, 0 errors
20:40:04,816 INFO Experiment.PerfCost-0e34: Processed 3340 samples out of 10000, 0 errors
20:40:15,551 INFO Experiment.PerfCost-0e34: Processed 3350 samples out of 10000, 0 errors
20:40:26,280 INFO Experiment.PerfCost-0e34: Processed 3360 samples out of 10000, 0 errors
20:40:37,21 INFO Experiment.PerfCost-0e34: Processed 3370 samples out of 10000, 0 errors
20:40:47,769 INFO Experiment.PerfCost-0e34: Processed 3380 samples out of 10000, 0 errors
20:40:58,487 INFO Experiment.PerfCost-0e34: Processed 3390 samples out of 10000, 0 errors
20:41:09,201 INFO Experiment.PerfCost-0e34: Processed 3400 samples out of 10000, 0 errors
20:41:19,929 INFO Experiment.PerfCost-0e34: Processed 3410 samples out of 10000, 0 errors
20:41:30,692 INFO Experiment.PerfCost-0e34: Processed 3420 samples out of 10000, 0 errors
20:41:41,460 INFO Experiment.PerfCost-0e34: Processed 3430 samples out of 10000, 0 errors
20:41:52,223 INFO Experiment.PerfCost-0e34: Processed 3440 samples out of 10000, 0 errors
20:42:02,980 INFO Experiment.PerfCost-0e34: Processed 3450 samples out of 10000, 0 errors
20:42:13,690 INFO Experiment.PerfCost-0e34: Processed 3460 samples out of 10000, 0 errors
20:42:24,492 INFO Experiment.PerfCost-0e34: Processed 3470 samples out of 10000, 0 errors
20:42:35,220 INFO Experiment.PerfCost-0e34: Processed 3480 samples out of 10000, 0 errors
20:42:45,964 INFO Experiment.PerfCost-0e34: Processed 3490 samples out of 10000, 0 errors
20:42:56,684 INFO Experiment.PerfCost-0e34: Processed 3500 samples out of 10000, 0 errors
20:43:07,439 INFO Experiment.PerfCost-0e34: Processed 3510 samples out of 10000, 0 errors
20:43:18,177 INFO Experiment.PerfCost-0e34: Processed 3520 samples out of 10000, 0 errors
20:43:28,940 INFO Experiment.PerfCost-0e34: Processed 3530 samples out of 10000, 0 errors
20:43:39,684 INFO Experiment.PerfCost-0e34: Processed 3540 samples out of 10000, 0 errors
20:43:50,426 INFO Experiment.PerfCost-0e34: Processed 3550 samples out of 10000, 0 errors
20:44:01,169 INFO Experiment.PerfCost-0e34: Processed 3560 samples out of 10000, 0 errors
20:44:11,960 INFO Experiment.PerfCost-0e34: Processed 3570 samples out of 10000, 0 errors
20:44:22,652 INFO Experiment.PerfCost-0e34: Processed 3580 samples out of 10000, 0 errors
20:44:33,374 INFO Experiment.PerfCost-0e34: Processed 3590 samples out of 10000, 0 errors
20:44:44,130 INFO Experiment.PerfCost-0e34: Processed 3600 samples out of 10000, 0 errors
20:44:54,804 INFO Experiment.PerfCost-0e34: Processed 3610 samples out of 10000, 0 errors
20:45:05,547 INFO Experiment.PerfCost-0e34: Processed 3620 samples out of 10000, 0 errors
20:45:16,242 INFO Experiment.PerfCost-0e34: Processed 3630 samples out of 10000, 0 errors
20:45:26,959 INFO Experiment.PerfCost-0e34: Processed 3640 samples out of 10000, 0 errors
20:45:37,703 INFO Experiment.PerfCost-0e34: Processed 3650 samples out of 10000, 0 errors
20:45:48,501 INFO Experiment.PerfCost-0e34: Processed 3660 samples out of 10000, 0 errors
20:45:59,245 INFO Experiment.PerfCost-0e34: Processed 3670 samples out of 10000, 0 errors
20:46:09,995 INFO Experiment.PerfCost-0e34: Processed 3680 samples out of 10000, 0 errors
20:46:20,697 INFO Experiment.PerfCost-0e34: Processed 3690 samples out of 10000, 0 errors
20:46:31,420 INFO Experiment.PerfCost-0e34: Processed 3700 samples out of 10000, 0 errors
20:46:42,149 INFO Experiment.PerfCost-0e34: Processed 3710 samples out of 10000, 0 errors
20:46:52,879 INFO Experiment.PerfCost-0e34: Processed 3720 samples out of 10000, 0 errors
20:47:03,606 INFO Experiment.PerfCost-0e34: Processed 3730 samples out of 10000, 0 errors
20:47:14,400 INFO Experiment.PerfCost-0e34: Processed 3740 samples out of 10000, 0 errors
20:47:25,141 INFO Experiment.PerfCost-0e34: Processed 3750 samples out of 10000, 0 errors
20:47:35,885 INFO Experiment.PerfCost-0e34: Processed 3760 samples out of 10000, 0 errors
20:47:46,582 INFO Experiment.PerfCost-0e34: Processed 3770 samples out of 10000, 0 errors
20:47:57,319 INFO Experiment.PerfCost-0e34: Processed 3780 samples out of 10000, 0 errors
20:48:08,3 INFO Experiment.PerfCost-0e34: Processed 3790 samples out of 10000, 0 errors
20:48:18,740 INFO Experiment.PerfCost-0e34: Processed 3800 samples out of 10000, 0 errors
20:48:29,450 INFO Experiment.PerfCost-0e34: Processed 3810 samples out of 10000, 0 errors
20:48:40,184 INFO Experiment.PerfCost-0e34: Processed 3820 samples out of 10000, 0 errors
20:48:50,936 INFO Experiment.PerfCost-0e34: Processed 3830 samples out of 10000, 0 errors
20:49:01,698 INFO Experiment.PerfCost-0e34: Processed 3840 samples out of 10000, 0 errors
20:49:12,411 INFO Experiment.PerfCost-0e34: Processed 3850 samples out of 10000, 0 errors
20:49:23,112 INFO Experiment.PerfCost-0e34: Processed 3860 samples out of 10000, 0 errors
20:49:33,816 INFO Experiment.PerfCost-0e34: Processed 3870 samples out of 10000, 0 errors
20:49:44,525 INFO Experiment.PerfCost-0e34: Processed 3880 samples out of 10000, 0 errors
20:49:55,295 INFO Experiment.PerfCost-0e34: Processed 3890 samples out of 10000, 0 errors
20:50:06,46 INFO Experiment.PerfCost-0e34: Processed 3900 samples out of 10000, 0 errors
20:50:16,838 INFO Experiment.PerfCost-0e34: Processed 3910 samples out of 10000, 0 errors
20:50:27,545 INFO Experiment.PerfCost-0e34: Processed 3920 samples out of 10000, 0 errors
20:50:38,273 INFO Experiment.PerfCost-0e34: Processed 3930 samples out of 10000, 0 errors
20:50:49,44 INFO Experiment.PerfCost-0e34: Processed 3940 samples out of 10000, 0 errors
20:50:59,782 INFO Experiment.PerfCost-0e34: Processed 3950 samples out of 10000, 0 errors
20:51:10,508 INFO Experiment.PerfCost-0e34: Processed 3960 samples out of 10000, 0 errors
20:51:21,263 INFO Experiment.PerfCost-0e34: Processed 3970 samples out of 10000, 0 errors
20:51:32,2 INFO Experiment.PerfCost-0e34: Processed 3980 samples out of 10000, 0 errors
20:51:42,683 INFO Experiment.PerfCost-0e34: Processed 3990 samples out of 10000, 0 errors
20:51:53,429 INFO Experiment.PerfCost-0e34: Processed 4000 samples out of 10000, 0 errors
20:52:04,178 INFO Experiment.PerfCost-0e34: Processed 4010 samples out of 10000, 0 errors
20:52:14,924 INFO Experiment.PerfCost-0e34: Processed 4020 samples out of 10000, 0 errors
20:52:25,612 INFO Experiment.PerfCost-0e34: Processed 4030 samples out of 10000, 0 errors
20:52:36,404 INFO Experiment.PerfCost-0e34: Processed 4040 samples out of 10000, 0 errors
20:52:47,126 INFO Experiment.PerfCost-0e34: Processed 4050 samples out of 10000, 0 errors
20:52:57,839 INFO Experiment.PerfCost-0e34: Processed 4060 samples out of 10000, 0 errors
20:53:08,569 INFO Experiment.PerfCost-0e34: Processed 4070 samples out of 10000, 0 errors
20:53:19,334 INFO Experiment.PerfCost-0e34: Processed 4080 samples out of 10000, 0 errors
20:53:30,48 INFO Experiment.PerfCost-0e34: Processed 4090 samples out of 10000, 0 errors
20:53:40,777 INFO Experiment.PerfCost-0e34: Processed 4100 samples out of 10000, 0 errors
20:53:51,469 INFO Experiment.PerfCost-0e34: Processed 4110 samples out of 10000, 0 errors
20:54:02,199 INFO Experiment.PerfCost-0e34: Processed 4120 samples out of 10000, 0 errors
20:54:12,963 INFO Experiment.PerfCost-0e34: Processed 4130 samples out of 10000, 0 errors
20:54:23,700 INFO Experiment.PerfCost-0e34: Processed 4140 samples out of 10000, 0 errors
20:54:34,471 INFO Experiment.PerfCost-0e34: Processed 4150 samples out of 10000, 0 errors
20:54:45,267 INFO Experiment.PerfCost-0e34: Processed 4160 samples out of 10000, 0 errors
20:54:56,0 INFO Experiment.PerfCost-0e34: Processed 4170 samples out of 10000, 0 errors
20:55:06,725 INFO Experiment.PerfCost-0e34: Processed 4180 samples out of 10000, 0 errors
20:55:17,423 INFO Experiment.PerfCost-0e34: Processed 4190 samples out of 10000, 0 errors
20:55:28,160 INFO Experiment.PerfCost-0e34: Processed 4200 samples out of 10000, 0 errors
20:55:38,898 INFO Experiment.PerfCost-0e34: Processed 4210 samples out of 10000, 0 errors
20:55:49,662 INFO Experiment.PerfCost-0e34: Processed 4220 samples out of 10000, 0 errors
20:56:00,437 INFO Experiment.PerfCost-0e34: Processed 4230 samples out of 10000, 0 errors
20:56:11,192 INFO Experiment.PerfCost-0e34: Processed 4240 samples out of 10000, 0 errors
20:56:21,927 INFO Experiment.PerfCost-0e34: Processed 4250 samples out of 10000, 0 errors
20:56:32,640 INFO Experiment.PerfCost-0e34: Processed 4260 samples out of 10000, 0 errors
20:56:43,356 INFO Experiment.PerfCost-0e34: Processed 4270 samples out of 10000, 0 errors
20:56:54,112 INFO Experiment.PerfCost-0e34: Processed 4280 samples out of 10000, 0 errors
20:57:04,820 INFO Experiment.PerfCost-0e34: Processed 4290 samples out of 10000, 0 errors
20:57:15,502 INFO Experiment.PerfCost-0e34: Processed 4300 samples out of 10000, 0 errors
20:57:26,221 INFO Experiment.PerfCost-0e34: Processed 4310 samples out of 10000, 0 errors
20:57:36,937 INFO Experiment.PerfCost-0e34: Processed 4320 samples out of 10000, 0 errors
20:57:47,703 INFO Experiment.PerfCost-0e34: Processed 4330 samples out of 10000, 0 errors
20:57:58,468 INFO Experiment.PerfCost-0e34: Processed 4340 samples out of 10000, 0 errors
20:58:09,163 INFO Experiment.PerfCost-0e34: Processed 4350 samples out of 10000, 0 errors
20:58:19,865 INFO Experiment.PerfCost-0e34: Processed 4360 samples out of 10000, 0 errors
20:58:30,591 INFO Experiment.PerfCost-0e34: Processed 4370 samples out of 10000, 0 errors
20:58:41,353 INFO Experiment.PerfCost-0e34: Processed 4380 samples out of 10000, 0 errors
20:58:52,103 INFO Experiment.PerfCost-0e34: Processed 4390 samples out of 10000, 0 errors
20:59:02,825 INFO Experiment.PerfCost-0e34: Processed 4400 samples out of 10000, 0 errors
20:59:13,547 INFO Experiment.PerfCost-0e34: Processed 4410 samples out of 10000, 0 errors
20:59:24,269 INFO Experiment.PerfCost-0e34: Processed 4420 samples out of 10000, 0 errors
20:59:34,977 INFO Experiment.PerfCost-0e34: Processed 4430 samples out of 10000, 0 errors
20:59:45,698 INFO Experiment.PerfCost-0e34: Processed 4440 samples out of 10000, 0 errors
20:59:56,433 INFO Experiment.PerfCost-0e34: Processed 4450 samples out of 10000, 0 errors
21:00:07,211 INFO Experiment.PerfCost-0e34: Processed 4460 samples out of 10000, 0 errors
21:00:17,954 INFO Experiment.PerfCost-0e34: Processed 4470 samples out of 10000, 0 errors
21:00:28,700 INFO Experiment.PerfCost-0e34: Processed 4480 samples out of 10000, 0 errors
21:00:39,446 INFO Experiment.PerfCost-0e34: Processed 4490 samples out of 10000, 0 errors
21:00:50,200 INFO Experiment.PerfCost-0e34: Processed 4500 samples out of 10000, 0 errors
21:01:00,992 INFO Experiment.PerfCost-0e34: Processed 4510 samples out of 10000, 0 errors
21:01:11,729 INFO Experiment.PerfCost-0e34: Processed 4520 samples out of 10000, 0 errors
21:01:22,436 INFO Experiment.PerfCost-0e34: Processed 4530 samples out of 10000, 0 errors
21:01:33,185 INFO Experiment.PerfCost-0e34: Processed 4540 samples out of 10000, 0 errors
21:01:43,980 INFO Experiment.PerfCost-0e34: Processed 4550 samples out of 10000, 0 errors
21:01:54,682 INFO Experiment.PerfCost-0e34: Processed 4560 samples out of 10000, 0 errors
21:02:05,413 INFO Experiment.PerfCost-0e34: Processed 4570 samples out of 10000, 0 errors
21:02:16,200 INFO Experiment.PerfCost-0e34: Processed 4580 samples out of 10000, 0 errors
21:02:26,966 INFO Experiment.PerfCost-0e34: Processed 4590 samples out of 10000, 0 errors
21:02:37,704 INFO Experiment.PerfCost-0e34: Processed 4600 samples out of 10000, 0 errors
21:02:48,465 INFO Experiment.PerfCost-0e34: Processed 4610 samples out of 10000, 0 errors
21:02:59,243 INFO Experiment.PerfCost-0e34: Processed 4620 samples out of 10000, 0 errors
21:03:10,19 INFO Experiment.PerfCost-0e34: Processed 4630 samples out of 10000, 0 errors
21:03:20,756 INFO Experiment.PerfCost-0e34: Processed 4640 samples out of 10000, 0 errors
21:03:31,504 INFO Experiment.PerfCost-0e34: Processed 4650 samples out of 10000, 0 errors
21:03:42,226 INFO Experiment.PerfCost-0e34: Processed 4660 samples out of 10000, 0 errors
21:03:52,938 INFO Experiment.PerfCost-0e34: Processed 4670 samples out of 10000, 0 errors
21:04:03,638 INFO Experiment.PerfCost-0e34: Processed 4680 samples out of 10000, 0 errors
21:04:14,381 INFO Experiment.PerfCost-0e34: Processed 4690 samples out of 10000, 0 errors
21:04:25,126 INFO Experiment.PerfCost-0e34: Processed 4700 samples out of 10000, 0 errors
21:04:35,907 INFO Experiment.PerfCost-0e34: Processed 4710 samples out of 10000, 0 errors
21:04:46,599 INFO Experiment.PerfCost-0e34: Processed 4720 samples out of 10000, 0 errors
21:04:57,321 INFO Experiment.PerfCost-0e34: Processed 4730 samples out of 10000, 0 errors
21:05:08,64 INFO Experiment.PerfCost-0e34: Processed 4740 samples out of 10000, 0 errors
21:05:18,841 INFO Experiment.PerfCost-0e34: Processed 4750 samples out of 10000, 0 errors
21:05:29,572 INFO Experiment.PerfCost-0e34: Processed 4760 samples out of 10000, 0 errors
21:05:40,246 INFO Experiment.PerfCost-0e34: Processed 4770 samples out of 10000, 0 errors
21:05:50,984 INFO Experiment.PerfCost-0e34: Processed 4780 samples out of 10000, 0 errors
21:06:01,731 INFO Experiment.PerfCost-0e34: Processed 4790 samples out of 10000, 0 errors
21:06:12,408 INFO Experiment.PerfCost-0e34: Processed 4800 samples out of 10000, 0 errors
21:06:23,98 INFO Experiment.PerfCost-0e34: Processed 4810 samples out of 10000, 0 errors
21:06:33,825 INFO Experiment.PerfCost-0e34: Processed 4820 samples out of 10000, 0 errors
21:06:44,541 INFO Experiment.PerfCost-0e34: Processed 4830 samples out of 10000, 0 errors
21:06:55,338 INFO Experiment.PerfCost-0e34: Processed 4840 samples out of 10000, 0 errors
21:07:06,90 INFO Experiment.PerfCost-0e34: Processed 4850 samples out of 10000, 0 errors
21:07:16,775 INFO Experiment.PerfCost-0e34: Processed 4860 samples out of 10000, 0 errors
21:07:27,481 INFO Experiment.PerfCost-0e34: Processed 4870 samples out of 10000, 0 errors
21:07:38,226 INFO Experiment.PerfCost-0e34: Processed 4880 samples out of 10000, 0 errors
21:07:48,988 INFO Experiment.PerfCost-0e34: Processed 4890 samples out of 10000, 0 errors
21:07:59,716 INFO Experiment.PerfCost-0e34: Processed 4900 samples out of 10000, 0 errors
21:08:10,419 INFO Experiment.PerfCost-0e34: Processed 4910 samples out of 10000, 0 errors
21:08:21,134 INFO Experiment.PerfCost-0e34: Processed 4920 samples out of 10000, 0 errors
21:08:31,855 INFO Experiment.PerfCost-0e34: Processed 4930 samples out of 10000, 0 errors
21:08:42,592 INFO Experiment.PerfCost-0e34: Processed 4940 samples out of 10000, 0 errors
21:08:53,350 INFO Experiment.PerfCost-0e34: Processed 4950 samples out of 10000, 0 errors
21:09:04,111 INFO Experiment.PerfCost-0e34: Processed 4960 samples out of 10000, 0 errors
21:09:14,861 INFO Experiment.PerfCost-0e34: Processed 4970 samples out of 10000, 0 errors
21:09:25,557 INFO Experiment.PerfCost-0e34: Processed 4980 samples out of 10000, 0 errors
21:09:36,298 INFO Experiment.PerfCost-0e34: Processed 4990 samples out of 10000, 0 errors
21:09:47,72 INFO Experiment.PerfCost-0e34: Processed 5000 samples out of 10000, 0 errors
21:09:57,782 INFO Experiment.PerfCost-0e34: Processed 5010 samples out of 10000, 0 errors
21:10:08,515 INFO Experiment.PerfCost-0e34: Processed 5020 samples out of 10000, 0 errors
21:10:19,267 INFO Experiment.PerfCost-0e34: Processed 5030 samples out of 10000, 0 errors
21:10:30,47 INFO Experiment.PerfCost-0e34: Processed 5040 samples out of 10000, 0 errors
21:10:40,800 INFO Experiment.PerfCost-0e34: Processed 5050 samples out of 10000, 0 errors
21:10:51,511 INFO Experiment.PerfCost-0e34: Processed 5060 samples out of 10000, 0 errors
21:11:02,272 INFO Experiment.PerfCost-0e34: Processed 5070 samples out of 10000, 0 errors
21:11:13,26 INFO Experiment.PerfCost-0e34: Processed 5080 samples out of 10000, 0 errors
21:11:23,791 INFO Experiment.PerfCost-0e34: Processed 5090 samples out of 10000, 0 errors
21:11:34,521 INFO Experiment.PerfCost-0e34: Processed 5100 samples out of 10000, 0 errors
21:11:45,251 INFO Experiment.PerfCost-0e34: Processed 5110 samples out of 10000, 0 errors
21:11:56,19 INFO Experiment.PerfCost-0e34: Processed 5120 samples out of 10000, 0 errors
21:12:06,705 INFO Experiment.PerfCost-0e34: Processed 5130 samples out of 10000, 0 errors
21:12:17,399 INFO Experiment.PerfCost-0e34: Processed 5140 samples out of 10000, 0 errors
21:12:28,134 INFO Experiment.PerfCost-0e34: Processed 5150 samples out of 10000, 0 errors
21:12:38,842 INFO Experiment.PerfCost-0e34: Processed 5160 samples out of 10000, 0 errors
21:12:49,612 INFO Experiment.PerfCost-0e34: Processed 5170 samples out of 10000, 0 errors
21:13:00,351 INFO Experiment.PerfCost-0e34: Processed 5180 samples out of 10000, 0 errors
21:13:11,109 INFO Experiment.PerfCost-0e34: Processed 5190 samples out of 10000, 0 errors
21:13:21,835 INFO Experiment.PerfCost-0e34: Processed 5200 samples out of 10000, 0 errors
21:13:32,554 INFO Experiment.PerfCost-0e34: Processed 5210 samples out of 10000, 0 errors
21:13:43,305 INFO Experiment.PerfCost-0e34: Processed 5220 samples out of 10000, 0 errors
21:13:54,53 INFO Experiment.PerfCost-0e34: Processed 5230 samples out of 10000, 0 errors
21:14:04,764 INFO Experiment.PerfCost-0e34: Processed 5240 samples out of 10000, 0 errors
21:14:15,555 INFO Experiment.PerfCost-0e34: Processed 5250 samples out of 10000, 0 errors
21:14:26,289 INFO Experiment.PerfCost-0e34: Processed 5260 samples out of 10000, 0 errors
21:14:37,28 INFO Experiment.PerfCost-0e34: Processed 5270 samples out of 10000, 0 errors
21:14:47,768 INFO Experiment.PerfCost-0e34: Processed 5280 samples out of 10000, 0 errors
21:14:58,507 INFO Experiment.PerfCost-0e34: Processed 5290 samples out of 10000, 0 errors
21:15:09,247 INFO Experiment.PerfCost-0e34: Processed 5300 samples out of 10000, 0 errors
21:15:19,969 INFO Experiment.PerfCost-0e34: Processed 5310 samples out of 10000, 0 errors
21:15:30,672 INFO Experiment.PerfCost-0e34: Processed 5320 samples out of 10000, 0 errors
21:15:41,419 INFO Experiment.PerfCost-0e34: Processed 5330 samples out of 10000, 0 errors
21:15:52,128 INFO Experiment.PerfCost-0e34: Processed 5340 samples out of 10000, 0 errors
21:16:02,853 INFO Experiment.PerfCost-0e34: Processed 5350 samples out of 10000, 0 errors
21:16:13,606 INFO Experiment.PerfCost-0e34: Processed 5360 samples out of 10000, 0 errors
21:16:24,296 INFO Experiment.PerfCost-0e34: Processed 5370 samples out of 10000, 0 errors
21:16:34,998 INFO Experiment.PerfCost-0e34: Processed 5380 samples out of 10000, 0 errors
21:16:45,717 INFO Experiment.PerfCost-0e34: Processed 5390 samples out of 10000, 0 errors
21:16:56,459 INFO Experiment.PerfCost-0e34: Processed 5400 samples out of 10000, 0 errors
21:17:07,248 INFO Experiment.PerfCost-0e34: Processed 5410 samples out of 10000, 0 errors
21:17:18,19 INFO Experiment.PerfCost-0e34: Processed 5420 samples out of 10000, 0 errors
21:17:28,763 INFO Experiment.PerfCost-0e34: Processed 5430 samples out of 10000, 0 errors
21:17:39,499 INFO Experiment.PerfCost-0e34: Processed 5440 samples out of 10000, 0 errors
21:17:50,234 INFO Experiment.PerfCost-0e34: Processed 5450 samples out of 10000, 0 errors
21:18:00,958 INFO Experiment.PerfCost-0e34: Processed 5460 samples out of 10000, 0 errors
21:18:11,679 INFO Experiment.PerfCost-0e34: Processed 5470 samples out of 10000, 0 errors
21:18:22,394 INFO Experiment.PerfCost-0e34: Processed 5480 samples out of 10000, 0 errors
21:18:33,114 INFO Experiment.PerfCost-0e34: Processed 5490 samples out of 10000, 0 errors
21:18:43,862 INFO Experiment.PerfCost-0e34: Processed 5500 samples out of 10000, 0 errors
21:18:54,585 INFO Experiment.PerfCost-0e34: Processed 5510 samples out of 10000, 0 errors
21:19:05,322 INFO Experiment.PerfCost-0e34: Processed 5520 samples out of 10000, 0 errors
21:19:16,104 INFO Experiment.PerfCost-0e34: Processed 5530 samples out of 10000, 0 errors
21:19:26,849 INFO Experiment.PerfCost-0e34: Processed 5540 samples out of 10000, 0 errors
21:19:37,541 INFO Experiment.PerfCost-0e34: Processed 5550 samples out of 10000, 0 errors
21:19:48,266 INFO Experiment.PerfCost-0e34: Processed 5560 samples out of 10000, 0 errors
21:19:58,973 INFO Experiment.PerfCost-0e34: Processed 5570 samples out of 10000, 0 errors
21:20:09,686 INFO Experiment.PerfCost-0e34: Processed 5580 samples out of 10000, 0 errors
21:20:20,495 INFO Experiment.PerfCost-0e34: Processed 5590 samples out of 10000, 0 errors
21:20:31,229 INFO Experiment.PerfCost-0e34: Processed 5600 samples out of 10000, 0 errors
21:20:41,963 INFO Experiment.PerfCost-0e34: Processed 5610 samples out of 10000, 0 errors
21:20:52,759 INFO Experiment.PerfCost-0e34: Processed 5620 samples out of 10000, 0 errors
21:21:03,516 INFO Experiment.PerfCost-0e34: Processed 5630 samples out of 10000, 0 errors
21:21:14,321 INFO Experiment.PerfCost-0e34: Processed 5640 samples out of 10000, 0 errors
21:21:25,45 INFO Experiment.PerfCost-0e34: Processed 5650 samples out of 10000, 0 errors
21:21:35,785 INFO Experiment.PerfCost-0e34: Processed 5660 samples out of 10000, 0 errors
21:21:46,528 INFO Experiment.PerfCost-0e34: Processed 5670 samples out of 10000, 0 errors
21:21:57,270 INFO Experiment.PerfCost-0e34: Processed 5680 samples out of 10000, 0 errors
21:22:08,40 INFO Experiment.PerfCost-0e34: Processed 5690 samples out of 10000, 0 errors
21:22:18,738 INFO Experiment.PerfCost-0e34: Processed 5700 samples out of 10000, 0 errors
21:22:29,435 INFO Experiment.PerfCost-0e34: Processed 5710 samples out of 10000, 0 errors
21:22:40,144 INFO Experiment.PerfCost-0e34: Processed 5720 samples out of 10000, 0 errors
21:22:50,849 INFO Experiment.PerfCost-0e34: Processed 5730 samples out of 10000, 0 errors
21:23:01,609 INFO Experiment.PerfCost-0e34: Processed 5740 samples out of 10000, 0 errors
21:23:12,324 INFO Experiment.PerfCost-0e34: Processed 5750 samples out of 10000, 0 errors
21:23:23,116 INFO Experiment.PerfCost-0e34: Processed 5760 samples out of 10000, 0 errors
21:23:33,863 INFO Experiment.PerfCost-0e34: Processed 5770 samples out of 10000, 0 errors
21:23:44,577 INFO Experiment.PerfCost-0e34: Processed 5780 samples out of 10000, 0 errors
21:23:55,319 INFO Experiment.PerfCost-0e34: Processed 5790 samples out of 10000, 0 errors
21:24:06,36 INFO Experiment.PerfCost-0e34: Processed 5800 samples out of 10000, 0 errors
21:24:16,770 INFO Experiment.PerfCost-0e34: Processed 5810 samples out of 10000, 0 errors
21:24:27,532 INFO Experiment.PerfCost-0e34: Processed 5820 samples out of 10000, 0 errors
21:24:38,309 INFO Experiment.PerfCost-0e34: Processed 5830 samples out of 10000, 0 errors
21:24:49,49 INFO Experiment.PerfCost-0e34: Processed 5840 samples out of 10000, 0 errors
21:24:59,794 INFO Experiment.PerfCost-0e34: Processed 5850 samples out of 10000, 0 errors
21:25:10,559 INFO Experiment.PerfCost-0e34: Processed 5860 samples out of 10000, 0 errors
21:25:21,303 INFO Experiment.PerfCost-0e34: Processed 5870 samples out of 10000, 0 errors
21:25:32,30 INFO Experiment.PerfCost-0e34: Processed 5880 samples out of 10000, 0 errors
21:25:42,773 INFO Experiment.PerfCost-0e34: Processed 5890 samples out of 10000, 0 errors
21:25:53,560 INFO Experiment.PerfCost-0e34: Processed 5900 samples out of 10000, 0 errors
21:26:04,281 INFO Experiment.PerfCost-0e34: Processed 5910 samples out of 10000, 0 errors
21:26:15,33 INFO Experiment.PerfCost-0e34: Processed 5920 samples out of 10000, 0 errors
21:26:25,755 INFO Experiment.PerfCost-0e34: Processed 5930 samples out of 10000, 0 errors
21:26:36,453 INFO Experiment.PerfCost-0e34: Processed 5940 samples out of 10000, 0 errors
21:26:47,215 INFO Experiment.PerfCost-0e34: Processed 5950 samples out of 10000, 0 errors
21:26:57,953 INFO Experiment.PerfCost-0e34: Processed 5960 samples out of 10000, 0 errors
21:27:08,723 INFO Experiment.PerfCost-0e34: Processed 5970 samples out of 10000, 0 errors
21:27:19,470 INFO Experiment.PerfCost-0e34: Processed 5980 samples out of 10000, 0 errors
21:27:30,223 INFO Experiment.PerfCost-0e34: Processed 5990 samples out of 10000, 0 errors
21:27:40,977 INFO Experiment.PerfCost-0e34: Processed 6000 samples out of 10000, 0 errors
21:27:51,712 INFO Experiment.PerfCost-0e34: Processed 6010 samples out of 10000, 0 errors
21:28:02,432 INFO Experiment.PerfCost-0e34: Processed 6020 samples out of 10000, 0 errors
21:28:13,142 INFO Experiment.PerfCost-0e34: Processed 6030 samples out of 10000, 0 errors
21:28:23,935 INFO Experiment.PerfCost-0e34: Processed 6040 samples out of 10000, 0 errors
21:28:34,689 INFO Experiment.PerfCost-0e34: Processed 6050 samples out of 10000, 0 errors
21:28:45,473 INFO Experiment.PerfCost-0e34: Processed 6060 samples out of 10000, 0 errors
21:28:56,227 INFO Experiment.PerfCost-0e34: Processed 6070 samples out of 10000, 0 errors
21:29:06,946 INFO Experiment.PerfCost-0e34: Processed 6080 samples out of 10000, 0 errors
21:29:17,680 INFO Experiment.PerfCost-0e34: Processed 6090 samples out of 10000, 0 errors
21:29:28,405 INFO Experiment.PerfCost-0e34: Processed 6100 samples out of 10000, 0 errors
21:29:39,113 INFO Experiment.PerfCost-0e34: Processed 6110 samples out of 10000, 0 errors
21:29:49,850 INFO Experiment.PerfCost-0e34: Processed 6120 samples out of 10000, 0 errors
21:30:00,587 INFO Experiment.PerfCost-0e34: Processed 6130 samples out of 10000, 0 errors
21:30:11,345 INFO Experiment.PerfCost-0e34: Processed 6140 samples out of 10000, 0 errors
21:30:22,88 INFO Experiment.PerfCost-0e34: Processed 6150 samples out of 10000, 0 errors
21:30:32,837 INFO Experiment.PerfCost-0e34: Processed 6160 samples out of 10000, 0 errors
21:30:43,540 INFO Experiment.PerfCost-0e34: Processed 6170 samples out of 10000, 0 errors
21:30:54,294 INFO Experiment.PerfCost-0e34: Processed 6180 samples out of 10000, 0 errors
21:31:05,94 INFO Experiment.PerfCost-0e34: Processed 6190 samples out of 10000, 0 errors
21:31:15,845 INFO Experiment.PerfCost-0e34: Processed 6200 samples out of 10000, 0 errors
21:31:26,596 INFO Experiment.PerfCost-0e34: Processed 6210 samples out of 10000, 0 errors
21:31:37,372 INFO Experiment.PerfCost-0e34: Processed 6220 samples out of 10000, 0 errors
21:31:48,61 INFO Experiment.PerfCost-0e34: Processed 6230 samples out of 10000, 0 errors
21:31:58,793 INFO Experiment.PerfCost-0e34: Processed 6240 samples out of 10000, 0 errors
21:32:09,525 INFO Experiment.PerfCost-0e34: Processed 6250 samples out of 10000, 0 errors
21:32:20,273 INFO Experiment.PerfCost-0e34: Processed 6260 samples out of 10000, 0 errors
21:32:31,3 INFO Experiment.PerfCost-0e34: Processed 6270 samples out of 10000, 0 errors
21:32:41,740 INFO Experiment.PerfCost-0e34: Processed 6280 samples out of 10000, 0 errors
21:32:52,500 INFO Experiment.PerfCost-0e34: Processed 6290 samples out of 10000, 0 errors
21:33:03,274 INFO Experiment.PerfCost-0e34: Processed 6300 samples out of 10000, 0 errors
21:33:14,52 INFO Experiment.PerfCost-0e34: Processed 6310 samples out of 10000, 0 errors
21:33:24,813 INFO Experiment.PerfCost-0e34: Processed 6320 samples out of 10000, 0 errors
21:33:35,535 INFO Experiment.PerfCost-0e34: Processed 6330 samples out of 10000, 0 errors
21:33:46,312 INFO Experiment.PerfCost-0e34: Processed 6340 samples out of 10000, 0 errors
21:33:57,29 INFO Experiment.PerfCost-0e34: Processed 6350 samples out of 10000, 0 errors
21:34:07,706 INFO Experiment.PerfCost-0e34: Processed 6360 samples out of 10000, 0 errors
21:34:18,419 INFO Experiment.PerfCost-0e34: Processed 6370 samples out of 10000, 0 errors
21:34:29,173 INFO Experiment.PerfCost-0e34: Processed 6380 samples out of 10000, 0 errors
21:34:39,902 INFO Experiment.PerfCost-0e34: Processed 6390 samples out of 10000, 0 errors
21:34:50,630 INFO Experiment.PerfCost-0e34: Processed 6400 samples out of 10000, 0 errors
21:35:01,362 INFO Experiment.PerfCost-0e34: Processed 6410 samples out of 10000, 0 errors
21:35:12,130 INFO Experiment.PerfCost-0e34: Processed 6420 samples out of 10000, 0 errors
21:35:22,841 INFO Experiment.PerfCost-0e34: Processed 6430 samples out of 10000, 0 errors
21:35:33,569 INFO Experiment.PerfCost-0e34: Processed 6440 samples out of 10000, 0 errors
21:35:44,321 INFO Experiment.PerfCost-0e34: Processed 6450 samples out of 10000, 0 errors
21:35:55,120 INFO Experiment.PerfCost-0e34: Processed 6460 samples out of 10000, 0 errors
21:36:05,834 INFO Experiment.PerfCost-0e34: Processed 6470 samples out of 10000, 0 errors
21:36:16,550 INFO Experiment.PerfCost-0e34: Processed 6480 samples out of 10000, 0 errors
21:36:27,324 INFO Experiment.PerfCost-0e34: Processed 6490 samples out of 10000, 0 errors
21:36:38,88 INFO Experiment.PerfCost-0e34: Processed 6500 samples out of 10000, 0 errors
21:36:48,830 INFO Experiment.PerfCost-0e34: Processed 6510 samples out of 10000, 0 errors
21:36:59,566 INFO Experiment.PerfCost-0e34: Processed 6520 samples out of 10000, 0 errors
21:37:10,318 INFO Experiment.PerfCost-0e34: Processed 6530 samples out of 10000, 0 errors
21:37:21,63 INFO Experiment.PerfCost-0e34: Processed 6540 samples out of 10000, 0 errors
21:37:31,789 INFO Experiment.PerfCost-0e34: Processed 6550 samples out of 10000, 0 errors
21:37:42,504 INFO Experiment.PerfCost-0e34: Processed 6560 samples out of 10000, 0 errors
21:37:53,249 INFO Experiment.PerfCost-0e34: Processed 6570 samples out of 10000, 0 errors
21:38:03,961 INFO Experiment.PerfCost-0e34: Processed 6580 samples out of 10000, 0 errors
21:38:14,689 INFO Experiment.PerfCost-0e34: Processed 6590 samples out of 10000, 0 errors
21:38:25,396 INFO Experiment.PerfCost-0e34: Processed 6600 samples out of 10000, 0 errors
21:38:36,123 INFO Experiment.PerfCost-0e34: Processed 6610 samples out of 10000, 0 errors
21:38:46,807 INFO Experiment.PerfCost-0e34: Processed 6620 samples out of 10000, 0 errors
21:38:57,547 INFO Experiment.PerfCost-0e34: Processed 6630 samples out of 10000, 0 errors
21:39:08,296 INFO Experiment.PerfCost-0e34: Processed 6640 samples out of 10000, 0 errors
21:39:19,52 INFO Experiment.PerfCost-0e34: Processed 6650 samples out of 10000, 0 errors
21:39:29,809 INFO Experiment.PerfCost-0e34: Processed 6660 samples out of 10000, 0 errors
21:39:40,530 INFO Experiment.PerfCost-0e34: Processed 6670 samples out of 10000, 0 errors
21:39:51,311 INFO Experiment.PerfCost-0e34: Processed 6680 samples out of 10000, 0 errors
21:40:02,33 INFO Experiment.PerfCost-0e34: Processed 6690 samples out of 10000, 0 errors
21:40:12,786 INFO Experiment.PerfCost-0e34: Processed 6700 samples out of 10000, 0 errors
21:40:23,531 INFO Experiment.PerfCost-0e34: Processed 6710 samples out of 10000, 0 errors
21:40:34,276 INFO Experiment.PerfCost-0e34: Processed 6720 samples out of 10000, 0 errors
21:40:44,962 INFO Experiment.PerfCost-0e34: Processed 6730 samples out of 10000, 0 errors
21:40:55,797 INFO Experiment.PerfCost-0e34: Processed 6740 samples out of 10000, 0 errors
21:41:06,523 INFO Experiment.PerfCost-0e34: Processed 6750 samples out of 10000, 0 errors
21:41:17,266 INFO Experiment.PerfCost-0e34: Processed 6760 samples out of 10000, 0 errors
21:41:27,999 INFO Experiment.PerfCost-0e34: Processed 6770 samples out of 10000, 0 errors
21:41:38,754 INFO Experiment.PerfCost-0e34: Processed 6780 samples out of 10000, 0 errors
21:41:49,447 INFO Experiment.PerfCost-0e34: Processed 6790 samples out of 10000, 0 errors
21:42:00,192 INFO Experiment.PerfCost-0e34: Processed 6800 samples out of 10000, 0 errors
21:42:10,904 INFO Experiment.PerfCost-0e34: Processed 6810 samples out of 10000, 0 errors
21:42:21,644 INFO Experiment.PerfCost-0e34: Processed 6820 samples out of 10000, 0 errors
21:42:32,391 INFO Experiment.PerfCost-0e34: Processed 6830 samples out of 10000, 0 errors
21:42:43,158 INFO Experiment.PerfCost-0e34: Processed 6840 samples out of 10000, 0 errors
21:42:53,946 INFO Experiment.PerfCost-0e34: Processed 6850 samples out of 10000, 0 errors
21:43:04,705 INFO Experiment.PerfCost-0e34: Processed 6860 samples out of 10000, 0 errors
21:43:15,416 INFO Experiment.PerfCost-0e34: Processed 6870 samples out of 10000, 0 errors
21:43:26,139 INFO Experiment.PerfCost-0e34: Processed 6880 samples out of 10000, 0 errors
21:43:36,876 INFO Experiment.PerfCost-0e34: Processed 6890 samples out of 10000, 0 errors
21:43:47,583 INFO Experiment.PerfCost-0e34: Processed 6900 samples out of 10000, 0 errors
21:43:58,322 INFO Experiment.PerfCost-0e34: Processed 6910 samples out of 10000, 0 errors
21:44:09,47 INFO Experiment.PerfCost-0e34: Processed 6920 samples out of 10000, 0 errors
21:44:19,752 INFO Experiment.PerfCost-0e34: Processed 6930 samples out of 10000, 0 errors
21:44:30,478 INFO Experiment.PerfCost-0e34: Processed 6940 samples out of 10000, 0 errors
21:44:41,224 INFO Experiment.PerfCost-0e34: Processed 6950 samples out of 10000, 0 errors
21:44:51,941 INFO Experiment.PerfCost-0e34: Processed 6960 samples out of 10000, 0 errors
21:45:02,681 INFO Experiment.PerfCost-0e34: Processed 6970 samples out of 10000, 0 errors
21:45:13,433 INFO Experiment.PerfCost-0e34: Processed 6980 samples out of 10000, 0 errors
21:45:24,138 INFO Experiment.PerfCost-0e34: Processed 6990 samples out of 10000, 0 errors
21:45:34,896 INFO Experiment.PerfCost-0e34: Processed 7000 samples out of 10000, 0 errors
21:45:45,595 INFO Experiment.PerfCost-0e34: Processed 7010 samples out of 10000, 0 errors
21:45:56,392 INFO Experiment.PerfCost-0e34: Processed 7020 samples out of 10000, 0 errors
21:46:07,185 INFO Experiment.PerfCost-0e34: Processed 7030 samples out of 10000, 0 errors
21:46:17,961 INFO Experiment.PerfCost-0e34: Processed 7040 samples out of 10000, 0 errors
21:46:28,717 INFO Experiment.PerfCost-0e34: Processed 7050 samples out of 10000, 0 errors
21:46:39,454 INFO Experiment.PerfCost-0e34: Processed 7060 samples out of 10000, 0 errors
21:46:50,239 INFO Experiment.PerfCost-0e34: Processed 7070 samples out of 10000, 0 errors
21:47:00,970 INFO Experiment.PerfCost-0e34: Processed 7080 samples out of 10000, 0 errors
21:47:11,712 INFO Experiment.PerfCost-0e34: Processed 7090 samples out of 10000, 0 errors
21:47:22,447 INFO Experiment.PerfCost-0e34: Processed 7100 samples out of 10000, 0 errors
21:47:33,204 INFO Experiment.PerfCost-0e34: Processed 7110 samples out of 10000, 0 errors
21:47:43,964 INFO Experiment.PerfCost-0e34: Processed 7120 samples out of 10000, 0 errors
21:47:54,708 INFO Experiment.PerfCost-0e34: Processed 7130 samples out of 10000, 0 errors
21:48:05,459 INFO Experiment.PerfCost-0e34: Processed 7140 samples out of 10000, 0 errors
21:48:16,223 INFO Experiment.PerfCost-0e34: Processed 7150 samples out of 10000, 0 errors
21:48:26,954 INFO Experiment.PerfCost-0e34: Processed 7160 samples out of 10000, 0 errors
21:48:37,685 INFO Experiment.PerfCost-0e34: Processed 7170 samples out of 10000, 0 errors
21:48:48,431 INFO Experiment.PerfCost-0e34: Processed 7180 samples out of 10000, 0 errors
21:48:59,155 INFO Experiment.PerfCost-0e34: Processed 7190 samples out of 10000, 0 errors
21:49:09,876 INFO Experiment.PerfCost-0e34: Processed 7200 samples out of 10000, 0 errors
21:49:20,577 INFO Experiment.PerfCost-0e34: Processed 7210 samples out of 10000, 0 errors
21:49:31,368 INFO Experiment.PerfCost-0e34: Processed 7220 samples out of 10000, 0 errors
21:49:42,148 INFO Experiment.PerfCost-0e34: Processed 7230 samples out of 10000, 0 errors
21:49:52,882 INFO Experiment.PerfCost-0e34: Processed 7240 samples out of 10000, 0 errors
21:50:03,588 INFO Experiment.PerfCost-0e34: Processed 7250 samples out of 10000, 0 errors
21:50:14,307 INFO Experiment.PerfCost-0e34: Processed 7260 samples out of 10000, 0 errors
21:50:25,61 INFO Experiment.PerfCost-0e34: Processed 7270 samples out of 10000, 0 errors
21:50:35,802 INFO Experiment.PerfCost-0e34: Processed 7280 samples out of 10000, 0 errors
21:50:46,520 INFO Experiment.PerfCost-0e34: Processed 7290 samples out of 10000, 0 errors
21:50:57,366 INFO Experiment.PerfCost-0e34: Processed 7300 samples out of 10000, 0 errors
21:51:08,82 INFO Experiment.PerfCost-0e34: Processed 7310 samples out of 10000, 0 errors
21:51:18,778 INFO Experiment.PerfCost-0e34: Processed 7320 samples out of 10000, 0 errors
21:51:29,507 INFO Experiment.PerfCost-0e34: Processed 7330 samples out of 10000, 0 errors
21:51:40,237 INFO Experiment.PerfCost-0e34: Processed 7340 samples out of 10000, 0 errors
21:51:50,975 INFO Experiment.PerfCost-0e34: Processed 7350 samples out of 10000, 0 errors
21:52:01,659 INFO Experiment.PerfCost-0e34: Processed 7360 samples out of 10000, 0 errors
21:52:12,394 INFO Experiment.PerfCost-0e34: Processed 7370 samples out of 10000, 0 errors
21:52:23,143 INFO Experiment.PerfCost-0e34: Processed 7380 samples out of 10000, 0 errors
21:52:33,829 INFO Experiment.PerfCost-0e34: Processed 7390 samples out of 10000, 0 errors
21:52:44,553 INFO Experiment.PerfCost-0e34: Processed 7400 samples out of 10000, 0 errors
21:52:55,308 INFO Experiment.PerfCost-0e34: Processed 7410 samples out of 10000, 0 errors
21:53:06,45 INFO Experiment.PerfCost-0e34: Processed 7420 samples out of 10000, 0 errors
21:53:16,801 INFO Experiment.PerfCost-0e34: Processed 7430 samples out of 10000, 0 errors
21:53:27,528 INFO Experiment.PerfCost-0e34: Processed 7440 samples out of 10000, 0 errors
21:53:38,229 INFO Experiment.PerfCost-0e34: Processed 7450 samples out of 10000, 0 errors
21:53:48,959 INFO Experiment.PerfCost-0e34: Processed 7460 samples out of 10000, 0 errors
21:53:59,687 INFO Experiment.PerfCost-0e34: Processed 7470 samples out of 10000, 0 errors
21:54:10,398 INFO Experiment.PerfCost-0e34: Processed 7480 samples out of 10000, 0 errors
21:54:21,148 INFO Experiment.PerfCost-0e34: Processed 7490 samples out of 10000, 0 errors
21:54:31,876 INFO Experiment.PerfCost-0e34: Processed 7500 samples out of 10000, 0 errors
21:54:42,603 INFO Experiment.PerfCost-0e34: Processed 7510 samples out of 10000, 0 errors
21:54:53,340 INFO Experiment.PerfCost-0e34: Processed 7520 samples out of 10000, 0 errors
21:55:04,92 INFO Experiment.PerfCost-0e34: Processed 7530 samples out of 10000, 0 errors
21:55:14,825 INFO Experiment.PerfCost-0e34: Processed 7540 samples out of 10000, 0 errors
21:55:25,542 INFO Experiment.PerfCost-0e34: Processed 7550 samples out of 10000, 0 errors
21:55:36,306 INFO Experiment.PerfCost-0e34: Processed 7560 samples out of 10000, 0 errors
21:55:47,60 INFO Experiment.PerfCost-0e34: Processed 7570 samples out of 10000, 0 errors
21:55:57,850 INFO Experiment.PerfCost-0e34: Processed 7580 samples out of 10000, 0 errors
21:56:08,601 INFO Experiment.PerfCost-0e34: Processed 7590 samples out of 10000, 0 errors
21:56:19,332 INFO Experiment.PerfCost-0e34: Processed 7600 samples out of 10000, 0 errors
21:56:30,29 INFO Experiment.PerfCost-0e34: Processed 7610 samples out of 10000, 0 errors
21:56:40,810 INFO Experiment.PerfCost-0e34: Processed 7620 samples out of 10000, 0 errors
21:56:51,579 INFO Experiment.PerfCost-0e34: Processed 7630 samples out of 10000, 0 errors
21:57:02,338 INFO Experiment.PerfCost-0e34: Processed 7640 samples out of 10000, 0 errors
21:57:13,82 INFO Experiment.PerfCost-0e34: Processed 7650 samples out of 10000, 0 errors
21:57:23,832 INFO Experiment.PerfCost-0e34: Processed 7660 samples out of 10000, 0 errors
21:57:34,552 INFO Experiment.PerfCost-0e34: Processed 7670 samples out of 10000, 0 errors
21:57:45,293 INFO Experiment.PerfCost-0e34: Processed 7680 samples out of 10000, 0 errors
21:57:56,67 INFO Experiment.PerfCost-0e34: Processed 7690 samples out of 10000, 0 errors
21:58:06,820 INFO Experiment.PerfCost-0e34: Processed 7700 samples out of 10000, 0 errors
21:58:17,538 INFO Experiment.PerfCost-0e34: Processed 7710 samples out of 10000, 0 errors
21:58:28,264 INFO Experiment.PerfCost-0e34: Processed 7720 samples out of 10000, 0 errors
21:58:38,973 INFO Experiment.PerfCost-0e34: Processed 7730 samples out of 10000, 0 errors
21:58:49,705 INFO Experiment.PerfCost-0e34: Processed 7740 samples out of 10000, 0 errors
21:59:00,401 INFO Experiment.PerfCost-0e34: Processed 7750 samples out of 10000, 0 errors
21:59:11,106 INFO Experiment.PerfCost-0e34: Processed 7760 samples out of 10000, 0 errors
21:59:21,814 INFO Experiment.PerfCost-0e34: Processed 7770 samples out of 10000, 0 errors
21:59:32,545 INFO Experiment.PerfCost-0e34: Processed 7780 samples out of 10000, 0 errors
21:59:43,315 INFO Experiment.PerfCost-0e34: Processed 7790 samples out of 10000, 0 errors
21:59:54,27 INFO Experiment.PerfCost-0e34: Processed 7800 samples out of 10000, 0 errors
22:00:04,763 INFO Experiment.PerfCost-0e34: Processed 7810 samples out of 10000, 0 errors
22:00:15,499 INFO Experiment.PerfCost-0e34: Processed 7820 samples out of 10000, 0 errors
22:00:26,244 INFO Experiment.PerfCost-0e34: Processed 7830 samples out of 10000, 0 errors
22:00:36,985 INFO Experiment.PerfCost-0e34: Processed 7840 samples out of 10000, 0 errors
22:00:47,732 INFO Experiment.PerfCost-0e34: Processed 7850 samples out of 10000, 0 errors
22:00:58,507 INFO Experiment.PerfCost-0e34: Processed 7860 samples out of 10000, 0 errors
22:01:09,266 INFO Experiment.PerfCost-0e34: Processed 7870 samples out of 10000, 0 errors
22:01:20,35 INFO Experiment.PerfCost-0e34: Processed 7880 samples out of 10000, 0 errors
22:01:30,754 INFO Experiment.PerfCost-0e34: Processed 7890 samples out of 10000, 0 errors
22:01:41,459 INFO Experiment.PerfCost-0e34: Processed 7900 samples out of 10000, 0 errors
22:01:52,206 INFO Experiment.PerfCost-0e34: Processed 7910 samples out of 10000, 0 errors
22:02:02,948 INFO Experiment.PerfCost-0e34: Processed 7920 samples out of 10000, 0 errors
22:02:13,688 INFO Experiment.PerfCost-0e34: Processed 7930 samples out of 10000, 0 errors
22:02:24,395 INFO Experiment.PerfCost-0e34: Processed 7940 samples out of 10000, 0 errors
22:02:35,131 INFO Experiment.PerfCost-0e34: Processed 7950 samples out of 10000, 0 errors
22:02:45,833 INFO Experiment.PerfCost-0e34: Processed 7960 samples out of 10000, 0 errors
22:02:56,554 INFO Experiment.PerfCost-0e34: Processed 7970 samples out of 10000, 0 errors
22:03:07,312 INFO Experiment.PerfCost-0e34: Processed 7980 samples out of 10000, 0 errors
22:03:18,40 INFO Experiment.PerfCost-0e34: Processed 7990 samples out of 10000, 0 errors
22:03:28,777 INFO Experiment.PerfCost-0e34: Processed 8000 samples out of 10000, 0 errors
22:03:39,505 INFO Experiment.PerfCost-0e34: Processed 8010 samples out of 10000, 0 errors
22:03:50,229 INFO Experiment.PerfCost-0e34: Processed 8020 samples out of 10000, 0 errors
22:04:00,959 INFO Experiment.PerfCost-0e34: Processed 8030 samples out of 10000, 0 errors
22:04:11,703 INFO Experiment.PerfCost-0e34: Processed 8040 samples out of 10000, 0 errors
22:04:22,440 INFO Experiment.PerfCost-0e34: Processed 8050 samples out of 10000, 0 errors
22:04:33,186 INFO Experiment.PerfCost-0e34: Processed 8060 samples out of 10000, 0 errors
22:04:43,933 INFO Experiment.PerfCost-0e34: Processed 8070 samples out of 10000, 0 errors
22:04:54,744 INFO Experiment.PerfCost-0e34: Processed 8080 samples out of 10000, 0 errors
22:05:05,502 INFO Experiment.PerfCost-0e34: Processed 8090 samples out of 10000, 0 errors
22:05:16,285 INFO Experiment.PerfCost-0e34: Processed 8100 samples out of 10000, 0 errors
22:05:27,3 INFO Experiment.PerfCost-0e34: Processed 8110 samples out of 10000, 0 errors
22:05:37,728 INFO Experiment.PerfCost-0e34: Processed 8120 samples out of 10000, 0 errors
22:05:48,503 INFO Experiment.PerfCost-0e34: Processed 8130 samples out of 10000, 0 errors
22:05:59,262 INFO Experiment.PerfCost-0e34: Processed 8140 samples out of 10000, 0 errors
22:06:10,54 INFO Experiment.PerfCost-0e34: Processed 8150 samples out of 10000, 0 errors
22:06:20,771 INFO Experiment.PerfCost-0e34: Processed 8160 samples out of 10000, 0 errors
22:06:31,508 INFO Experiment.PerfCost-0e34: Processed 8170 samples out of 10000, 0 errors
22:06:42,293 INFO Experiment.PerfCost-0e34: Processed 8180 samples out of 10000, 0 errors
22:06:53,32 INFO Experiment.PerfCost-0e34: Processed 8190 samples out of 10000, 0 errors
22:07:03,774 INFO Experiment.PerfCost-0e34: Processed 8200 samples out of 10000, 0 errors
22:07:14,505 INFO Experiment.PerfCost-0e34: Processed 8210 samples out of 10000, 0 errors
22:07:25,218 INFO Experiment.PerfCost-0e34: Processed 8220 samples out of 10000, 0 errors
22:07:35,964 INFO Experiment.PerfCost-0e34: Processed 8230 samples out of 10000, 0 errors
22:07:46,704 INFO Experiment.PerfCost-0e34: Processed 8240 samples out of 10000, 0 errors
22:07:57,456 INFO Experiment.PerfCost-0e34: Processed 8250 samples out of 10000, 0 errors
22:08:08,156 INFO Experiment.PerfCost-0e34: Processed 8260 samples out of 10000, 0 errors
22:08:18,836 INFO Experiment.PerfCost-0e34: Processed 8270 samples out of 10000, 0 errors
22:08:29,568 INFO Experiment.PerfCost-0e34: Processed 8280 samples out of 10000, 0 errors
22:08:40,300 INFO Experiment.PerfCost-0e34: Processed 8290 samples out of 10000, 0 errors
22:08:51,38 INFO Experiment.PerfCost-0e34: Processed 8300 samples out of 10000, 0 errors
22:09:01,794 INFO Experiment.PerfCost-0e34: Processed 8310 samples out of 10000, 0 errors
22:09:12,551 INFO Experiment.PerfCost-0e34: Processed 8320 samples out of 10000, 0 errors
22:09:23,271 INFO Experiment.PerfCost-0e34: Processed 8330 samples out of 10000, 0 errors
22:09:33,987 INFO Experiment.PerfCost-0e34: Processed 8340 samples out of 10000, 0 errors
22:09:44,728 INFO Experiment.PerfCost-0e34: Processed 8350 samples out of 10000, 0 errors
22:09:55,481 INFO Experiment.PerfCost-0e34: Processed 8360 samples out of 10000, 0 errors
22:10:06,249 INFO Experiment.PerfCost-0e34: Processed 8370 samples out of 10000, 0 errors
22:10:17,21 INFO Experiment.PerfCost-0e34: Processed 8380 samples out of 10000, 0 errors
22:10:27,765 INFO Experiment.PerfCost-0e34: Processed 8390 samples out of 10000, 0 errors
22:10:38,540 INFO Experiment.PerfCost-0e34: Processed 8400 samples out of 10000, 0 errors
22:10:49,295 INFO Experiment.PerfCost-0e34: Processed 8410 samples out of 10000, 0 errors
22:11:00,137 INFO Experiment.PerfCost-0e34: Processed 8420 samples out of 10000, 0 errors
22:11:10,860 INFO Experiment.PerfCost-0e34: Processed 8430 samples out of 10000, 0 errors
22:11:21,633 INFO Experiment.PerfCost-0e34: Processed 8440 samples out of 10000, 0 errors
22:11:32,373 INFO Experiment.PerfCost-0e34: Processed 8450 samples out of 10000, 0 errors
22:11:43,135 INFO Experiment.PerfCost-0e34: Processed 8460 samples out of 10000, 0 errors
22:11:53,862 INFO Experiment.PerfCost-0e34: Processed 8470 samples out of 10000, 0 errors
22:12:04,606 INFO Experiment.PerfCost-0e34: Processed 8480 samples out of 10000, 0 errors
22:12:15,358 INFO Experiment.PerfCost-0e34: Processed 8490 samples out of 10000, 0 errors
22:12:26,98 INFO Experiment.PerfCost-0e34: Processed 8500 samples out of 10000, 0 errors
22:12:36,858 INFO Experiment.PerfCost-0e34: Processed 8510 samples out of 10000, 0 errors
22:12:47,602 INFO Experiment.PerfCost-0e34: Processed 8520 samples out of 10000, 0 errors
22:12:58,289 INFO Experiment.PerfCost-0e34: Processed 8530 samples out of 10000, 0 errors
22:13:09,39 INFO Experiment.PerfCost-0e34: Processed 8540 samples out of 10000, 0 errors
22:13:19,819 INFO Experiment.PerfCost-0e34: Processed 8550 samples out of 10000, 0 errors
22:13:30,562 INFO Experiment.PerfCost-0e34: Processed 8560 samples out of 10000, 0 errors
22:13:41,340 INFO Experiment.PerfCost-0e34: Processed 8570 samples out of 10000, 0 errors
22:13:52,124 INFO Experiment.PerfCost-0e34: Processed 8580 samples out of 10000, 0 errors
22:14:02,853 INFO Experiment.PerfCost-0e34: Processed 8590 samples out of 10000, 0 errors
22:14:13,646 INFO Experiment.PerfCost-0e34: Processed 8600 samples out of 10000, 0 errors
22:14:24,404 INFO Experiment.PerfCost-0e34: Processed 8610 samples out of 10000, 0 errors
22:14:35,125 INFO Experiment.PerfCost-0e34: Processed 8620 samples out of 10000, 0 errors
22:14:45,878 INFO Experiment.PerfCost-0e34: Processed 8630 samples out of 10000, 0 errors
22:14:56,580 INFO Experiment.PerfCost-0e34: Processed 8640 samples out of 10000, 0 errors
22:15:07,349 INFO Experiment.PerfCost-0e34: Processed 8650 samples out of 10000, 0 errors
22:15:18,106 INFO Experiment.PerfCost-0e34: Processed 8660 samples out of 10000, 0 errors
22:15:28,840 INFO Experiment.PerfCost-0e34: Processed 8670 samples out of 10000, 0 errors
22:15:39,552 INFO Experiment.PerfCost-0e34: Processed 8680 samples out of 10000, 0 errors
22:15:50,316 INFO Experiment.PerfCost-0e34: Processed 8690 samples out of 10000, 0 errors
22:16:01,91 INFO Experiment.PerfCost-0e34: Processed 8700 samples out of 10000, 0 errors
22:16:11,893 INFO Experiment.PerfCost-0e34: Processed 8710 samples out of 10000, 0 errors
22:16:22,620 INFO Experiment.PerfCost-0e34: Processed 8720 samples out of 10000, 0 errors
22:16:33,360 INFO Experiment.PerfCost-0e34: Processed 8730 samples out of 10000, 0 errors
22:16:44,140 INFO Experiment.PerfCost-0e34: Processed 8740 samples out of 10000, 0 errors
22:16:54,845 INFO Experiment.PerfCost-0e34: Processed 8750 samples out of 10000, 0 errors
22:17:05,542 INFO Experiment.PerfCost-0e34: Processed 8760 samples out of 10000, 0 errors
22:17:16,279 INFO Experiment.PerfCost-0e34: Processed 8770 samples out of 10000, 0 errors
22:17:27,12 INFO Experiment.PerfCost-0e34: Processed 8780 samples out of 10000, 0 errors
22:17:37,742 INFO Experiment.PerfCost-0e34: Processed 8790 samples out of 10000, 0 errors
22:17:48,504 INFO Experiment.PerfCost-0e34: Processed 8800 samples out of 10000, 0 errors
22:17:59,274 INFO Experiment.PerfCost-0e34: Processed 8810 samples out of 10000, 0 errors
22:18:09,993 INFO Experiment.PerfCost-0e34: Processed 8820 samples out of 10000, 0 errors
22:18:20,716 INFO Experiment.PerfCost-0e34: Processed 8830 samples out of 10000, 0 errors
22:18:31,505 INFO Experiment.PerfCost-0e34: Processed 8840 samples out of 10000, 0 errors
22:18:42,204 INFO Experiment.PerfCost-0e34: Processed 8850 samples out of 10000, 0 errors
22:18:52,945 INFO Experiment.PerfCost-0e34: Processed 8860 samples out of 10000, 0 errors
22:19:03,654 INFO Experiment.PerfCost-0e34: Processed 8870 samples out of 10000, 0 errors
22:19:14,424 INFO Experiment.PerfCost-0e34: Processed 8880 samples out of 10000, 0 errors
22:19:25,160 INFO Experiment.PerfCost-0e34: Processed 8890 samples out of 10000, 0 errors
22:19:35,920 INFO Experiment.PerfCost-0e34: Processed 8900 samples out of 10000, 0 errors
22:19:46,688 INFO Experiment.PerfCost-0e34: Processed 8910 samples out of 10000, 0 errors
22:19:57,433 INFO Experiment.PerfCost-0e34: Processed 8920 samples out of 10000, 0 errors
22:20:08,166 INFO Experiment.PerfCost-0e34: Processed 8930 samples out of 10000, 0 errors
22:20:18,859 INFO Experiment.PerfCost-0e34: Processed 8940 samples out of 10000, 0 errors
22:20:29,619 INFO Experiment.PerfCost-0e34: Processed 8950 samples out of 10000, 0 errors
22:20:40,367 INFO Experiment.PerfCost-0e34: Processed 8960 samples out of 10000, 0 errors
22:20:51,122 INFO Experiment.PerfCost-0e34: Processed 8970 samples out of 10000, 0 errors
22:21:01,901 INFO Experiment.PerfCost-0e34: Processed 8980 samples out of 10000, 0 errors
22:21:12,704 INFO Experiment.PerfCost-0e34: Processed 8990 samples out of 10000, 0 errors
22:21:23,450 INFO Experiment.PerfCost-0e34: Processed 9000 samples out of 10000, 0 errors
22:21:34,167 INFO Experiment.PerfCost-0e34: Processed 9010 samples out of 10000, 0 errors
22:21:44,947 INFO Experiment.PerfCost-0e34: Processed 9020 samples out of 10000, 0 errors
22:21:55,649 INFO Experiment.PerfCost-0e34: Processed 9030 samples out of 10000, 0 errors
22:22:06,354 INFO Experiment.PerfCost-0e34: Processed 9040 samples out of 10000, 0 errors
22:22:17,92 INFO Experiment.PerfCost-0e34: Processed 9050 samples out of 10000, 0 errors
22:22:27,800 INFO Experiment.PerfCost-0e34: Processed 9060 samples out of 10000, 0 errors
22:22:38,571 INFO Experiment.PerfCost-0e34: Processed 9070 samples out of 10000, 0 errors
22:22:49,341 INFO Experiment.PerfCost-0e34: Processed 9080 samples out of 10000, 0 errors
22:23:00,105 INFO Experiment.PerfCost-0e34: Processed 9090 samples out of 10000, 0 errors
22:23:10,837 INFO Experiment.PerfCost-0e34: Processed 9100 samples out of 10000, 0 errors
22:23:21,564 INFO Experiment.PerfCost-0e34: Processed 9110 samples out of 10000, 0 errors
22:23:32,297 INFO Experiment.PerfCost-0e34: Processed 9120 samples out of 10000, 0 errors
22:23:43,14 INFO Experiment.PerfCost-0e34: Processed 9130 samples out of 10000, 0 errors
22:23:53,747 INFO Experiment.PerfCost-0e34: Processed 9140 samples out of 10000, 0 errors
22:24:04,507 INFO Experiment.PerfCost-0e34: Processed 9150 samples out of 10000, 0 errors
22:24:15,223 INFO Experiment.PerfCost-0e34: Processed 9160 samples out of 10000, 0 errors
22:24:25,991 INFO Experiment.PerfCost-0e34: Processed 9170 samples out of 10000, 0 errors
22:24:36,773 INFO Experiment.PerfCost-0e34: Processed 9180 samples out of 10000, 0 errors
22:24:47,510 INFO Experiment.PerfCost-0e34: Processed 9190 samples out of 10000, 0 errors
22:24:58,188 INFO Experiment.PerfCost-0e34: Processed 9200 samples out of 10000, 0 errors
22:25:08,936 INFO Experiment.PerfCost-0e34: Processed 9210 samples out of 10000, 0 errors
22:25:19,677 INFO Experiment.PerfCost-0e34: Processed 9220 samples out of 10000, 0 errors
22:25:30,413 INFO Experiment.PerfCost-0e34: Processed 9230 samples out of 10000, 0 errors
22:25:41,212 INFO Experiment.PerfCost-0e34: Processed 9240 samples out of 10000, 0 errors
22:25:51,927 INFO Experiment.PerfCost-0e34: Processed 9250 samples out of 10000, 0 errors
22:26:02,744 INFO Experiment.PerfCost-0e34: Processed 9260 samples out of 10000, 0 errors
22:26:13,472 INFO Experiment.PerfCost-0e34: Processed 9270 samples out of 10000, 0 errors
22:26:24,200 INFO Experiment.PerfCost-0e34: Processed 9280 samples out of 10000, 0 errors
22:26:34,954 INFO Experiment.PerfCost-0e34: Processed 9290 samples out of 10000, 0 errors
22:26:45,698 INFO Experiment.PerfCost-0e34: Processed 9300 samples out of 10000, 0 errors
22:26:56,412 INFO Experiment.PerfCost-0e34: Processed 9310 samples out of 10000, 0 errors
22:27:07,121 INFO Experiment.PerfCost-0e34: Processed 9320 samples out of 10000, 0 errors
22:27:17,856 INFO Experiment.PerfCost-0e34: Processed 9330 samples out of 10000, 0 errors
22:27:28,598 INFO Experiment.PerfCost-0e34: Processed 9340 samples out of 10000, 0 errors
22:27:39,289 INFO Experiment.PerfCost-0e34: Processed 9350 samples out of 10000, 0 errors
22:27:50,21 INFO Experiment.PerfCost-0e34: Processed 9360 samples out of 10000, 0 errors
22:28:00,775 INFO Experiment.PerfCost-0e34: Processed 9370 samples out of 10000, 0 errors
22:28:11,484 INFO Experiment.PerfCost-0e34: Processed 9380 samples out of 10000, 0 errors
22:28:22,236 INFO Experiment.PerfCost-0e34: Processed 9390 samples out of 10000, 0 errors
22:28:32,948 INFO Experiment.PerfCost-0e34: Processed 9400 samples out of 10000, 0 errors
22:28:43,671 INFO Experiment.PerfCost-0e34: Processed 9410 samples out of 10000, 0 errors
22:28:54,414 INFO Experiment.PerfCost-0e34: Processed 9420 samples out of 10000, 0 errors
22:29:05,177 INFO Experiment.PerfCost-0e34: Processed 9430 samples out of 10000, 0 errors
22:29:15,865 INFO Experiment.PerfCost-0e34: Processed 9440 samples out of 10000, 0 errors
22:29:26,598 INFO Experiment.PerfCost-0e34: Processed 9450 samples out of 10000, 0 errors
22:29:37,346 INFO Experiment.PerfCost-0e34: Processed 9460 samples out of 10000, 0 errors
22:29:48,105 INFO Experiment.PerfCost-0e34: Processed 9470 samples out of 10000, 0 errors
22:29:58,828 INFO Experiment.PerfCost-0e34: Processed 9480 samples out of 10000, 0 errors
22:30:09,557 INFO Experiment.PerfCost-0e34: Processed 9490 samples out of 10000, 0 errors
22:30:20,333 INFO Experiment.PerfCost-0e34: Processed 9500 samples out of 10000, 0 errors
22:30:31,103 INFO Experiment.PerfCost-0e34: Processed 9510 samples out of 10000, 0 errors
22:30:41,857 INFO Experiment.PerfCost-0e34: Processed 9520 samples out of 10000, 0 errors
22:30:52,586 INFO Experiment.PerfCost-0e34: Processed 9530 samples out of 10000, 0 errors
22:31:03,348 INFO Experiment.PerfCost-0e34: Processed 9540 samples out of 10000, 0 errors
22:31:14,18 INFO Experiment.PerfCost-0e34: Processed 9550 samples out of 10000, 0 errors
22:31:24,775 INFO Experiment.PerfCost-0e34: Processed 9560 samples out of 10000, 0 errors
22:31:35,512 INFO Experiment.PerfCost-0e34: Processed 9570 samples out of 10000, 0 errors
22:31:46,279 INFO Experiment.PerfCost-0e34: Processed 9580 samples out of 10000, 0 errors
22:31:57,23 INFO Experiment.PerfCost-0e34: Processed 9590 samples out of 10000, 0 errors
22:32:07,741 INFO Experiment.PerfCost-0e34: Processed 9600 samples out of 10000, 0 errors
22:32:18,443 INFO Experiment.PerfCost-0e34: Processed 9610 samples out of 10000, 0 errors
22:32:29,195 INFO Experiment.PerfCost-0e34: Processed 9620 samples out of 10000, 0 errors
22:32:39,944 INFO Experiment.PerfCost-0e34: Processed 9630 samples out of 10000, 0 errors
22:32:50,727 INFO Experiment.PerfCost-0e34: Processed 9640 samples out of 10000, 0 errors
22:33:01,492 INFO Experiment.PerfCost-0e34: Processed 9650 samples out of 10000, 0 errors
22:33:12,238 INFO Experiment.PerfCost-0e34: Processed 9660 samples out of 10000, 0 errors
22:33:22,998 INFO Experiment.PerfCost-0e34: Processed 9670 samples out of 10000, 0 errors
22:33:33,769 INFO Experiment.PerfCost-0e34: Processed 9680 samples out of 10000, 0 errors
22:33:44,526 INFO Experiment.PerfCost-0e34: Processed 9690 samples out of 10000, 0 errors
22:33:55,275 INFO Experiment.PerfCost-0e34: Processed 9700 samples out of 10000, 0 errors
22:34:06,5 INFO Experiment.PerfCost-0e34: Processed 9710 samples out of 10000, 0 errors
22:34:16,751 INFO Experiment.PerfCost-0e34: Processed 9720 samples out of 10000, 0 errors
22:34:27,464 INFO Experiment.PerfCost-0e34: Processed 9730 samples out of 10000, 0 errors
22:34:38,241 INFO Experiment.PerfCost-0e34: Processed 9740 samples out of 10000, 0 errors
22:34:48,970 INFO Experiment.PerfCost-0e34: Processed 9750 samples out of 10000, 0 errors
22:34:59,710 INFO Experiment.PerfCost-0e34: Processed 9760 samples out of 10000, 0 errors
22:35:10,448 INFO Experiment.PerfCost-0e34: Processed 9770 samples out of 10000, 0 errors
22:35:21,205 INFO Experiment.PerfCost-0e34: Processed 9780 samples out of 10000, 0 errors
22:35:31,931 INFO Experiment.PerfCost-0e34: Processed 9790 samples out of 10000, 0 errors
22:35:42,631 INFO Experiment.PerfCost-0e34: Processed 9800 samples out of 10000, 0 errors
22:35:53,403 INFO Experiment.PerfCost-0e34: Processed 9810 samples out of 10000, 0 errors
22:36:04,189 INFO Experiment.PerfCost-0e34: Processed 9820 samples out of 10000, 0 errors
22:36:14,889 INFO Experiment.PerfCost-0e34: Processed 9830 samples out of 10000, 0 errors
22:36:25,624 INFO Experiment.PerfCost-0e34: Processed 9840 samples out of 10000, 0 errors
22:36:36,353 INFO Experiment.PerfCost-0e34: Processed 9850 samples out of 10000, 0 errors
22:36:47,95 INFO Experiment.PerfCost-0e34: Processed 9860 samples out of 10000, 0 errors
22:36:57,810 INFO Experiment.PerfCost-0e34: Processed 9870 samples out of 10000, 0 errors
22:37:08,572 INFO Experiment.PerfCost-0e34: Processed 9880 samples out of 10000, 0 errors
22:37:19,307 INFO Experiment.PerfCost-0e34: Processed 9890 samples out of 10000, 0 errors
22:37:30,105 INFO Experiment.PerfCost-0e34: Processed 9900 samples out of 10000, 0 errors
22:37:40,826 INFO Experiment.PerfCost-0e34: Processed 9910 samples out of 10000, 0 errors
22:37:51,555 INFO Experiment.PerfCost-0e34: Processed 9920 samples out of 10000, 0 errors
22:38:02,312 INFO Experiment.PerfCost-0e34: Processed 9930 samples out of 10000, 0 errors
22:38:13,73 INFO Experiment.PerfCost-0e34: Processed 9940 samples out of 10000, 0 errors
22:38:23,775 INFO Experiment.PerfCost-0e34: Processed 9950 samples out of 10000, 0 errors
22:38:34,480 INFO Experiment.PerfCost-0e34: Processed 9960 samples out of 10000, 0 errors
22:38:45,206 INFO Experiment.PerfCost-0e34: Processed 9970 samples out of 10000, 0 errors
22:38:55,995 INFO Experiment.PerfCost-0e34: Processed 9980 samples out of 10000, 0 errors
22:39:06,748 INFO Experiment.PerfCost-0e34: Processed 9990 samples out of 10000, 0 errors
22:39:17,608 INFO Experiment.PerfCost-0e34: Processed 10000 samples out of 10000, 0 errors
22:39:22,622 INFO Experiment.PerfCost-0e34: Mean 418.685746 [ms], median 393.4465 [ms], std 174.14141189009547, CV 41.59239084535146
22:39:22,627 INFO Experiment.PerfCost-0e34: Parametric CI (Student's t-distribution) 0.95 from 415.2720531547327 to 422.0994388452673, within 0.8153353387070627% of mean
22:39:22,631 INFO Experiment.PerfCost-0e34: Non-parametric CI 0.95 from 391.824 to 395.688, within 0.491045161159138% of median
22:39:22,633 INFO Experiment.PerfCost-0e34: Parametric CI (Student's t-distribution) 0.99 from 414.1990797299308 to 423.1724122700692, within 1.0716071213155605% of mean
22:39:22,636 INFO Experiment.PerfCost-0e34: Non-parametric CI 0.99 from 391.156 to 396.22, within 0.6435436584135354% of median
