23:42:22,73 INFO SeBS-5a8e: Created experiment output at /home/anou/msc-thesis/task-based-experiment/experiment-results/python/non-instrumented/120.uploader
23:42:22,419 INFO OpenWhisk.Resources-ecdb: Using user-provided configuration of storage for OpenWhisk.
23:42:22,419 INFO OpenWhisk-c1a7: Using existing resource name: fd5e1ae0.
23:42:22,528 INFO Benchmark-7ca1: Using cached benchmark 120.uploader at /home/anou/msc-thesis/task-based-experiment/cache/120.uploader/openwhisk/python/3.7/120.uploader.zip
23:42:22,529 INFO OpenWhisk-c1a7: Using cached function 120.uploader-python-3.7 in /home/anou/msc-thesis/task-based-experiment/cache/120.uploader/openwhisk/python/3.7/120.uploader.zip
23:42:22,548 INFO OpenWhisk-c1a7: Cached function 120.uploader-python-3.7 is up to date.
23:42:22,552 INFO Experiment.PerfCost-fa65: Begin experiment on memory size 128
23:42:22,552 INFO OpenWhisk-c1a7: Update an existing OpenWhisk action 120.uploader-python-3.7.
23:42:22,780 INFO Experiment.PerfCost-fa65: Begin warm experiments
23:42:30,581 INFO Experiment.PerfCost-fa65: Processed 0 warm-up samples, ignoring these results.
23:42:40,758 INFO Experiment.PerfCost-fa65: Processed 10 samples out of 10000, 0 errors
23:42:50,940 INFO Experiment.PerfCost-fa65: Processed 20 samples out of 10000, 0 errors
23:43:01,120 INFO Experiment.PerfCost-fa65: Processed 30 samples out of 10000, 0 errors
23:43:11,294 INFO Experiment.PerfCost-fa65: Processed 40 samples out of 10000, 0 errors
23:43:21,460 INFO Experiment.PerfCost-fa65: Processed 50 samples out of 10000, 0 errors
23:43:31,639 INFO Experiment.PerfCost-fa65: Processed 60 samples out of 10000, 0 errors
23:43:41,824 INFO Experiment.PerfCost-fa65: Processed 70 samples out of 10000, 0 errors
23:43:52,5 INFO Experiment.PerfCost-fa65: Processed 80 samples out of 10000, 0 errors
23:44:02,199 INFO Experiment.PerfCost-fa65: Processed 90 samples out of 10000, 0 errors
23:44:12,383 INFO Experiment.PerfCost-fa65: Processed 100 samples out of 10000, 0 errors
23:44:22,577 INFO Experiment.PerfCost-fa65: Processed 110 samples out of 10000, 0 errors
23:44:32,772 INFO Experiment.PerfCost-fa65: Processed 120 samples out of 10000, 0 errors
23:44:42,974 INFO Experiment.PerfCost-fa65: Processed 130 samples out of 10000, 0 errors
23:44:53,152 INFO Experiment.PerfCost-fa65: Processed 140 samples out of 10000, 0 errors
23:45:03,332 INFO Experiment.PerfCost-fa65: Processed 150 samples out of 10000, 0 errors
23:45:13,523 INFO Experiment.PerfCost-fa65: Processed 160 samples out of 10000, 0 errors
23:45:23,706 INFO Experiment.PerfCost-fa65: Processed 170 samples out of 10000, 0 errors
23:45:33,884 INFO Experiment.PerfCost-fa65: Processed 180 samples out of 10000, 0 errors
23:45:44,45 INFO Experiment.PerfCost-fa65: Processed 190 samples out of 10000, 0 errors
23:45:54,239 INFO Experiment.PerfCost-fa65: Processed 200 samples out of 10000, 0 errors
23:46:04,430 INFO Experiment.PerfCost-fa65: Processed 210 samples out of 10000, 0 errors
23:46:14,614 INFO Experiment.PerfCost-fa65: Processed 220 samples out of 10000, 0 errors
23:46:24,812 INFO Experiment.PerfCost-fa65: Processed 230 samples out of 10000, 0 errors
23:46:35,1 INFO Experiment.PerfCost-fa65: Processed 240 samples out of 10000, 0 errors
23:46:45,177 INFO Experiment.PerfCost-fa65: Processed 250 samples out of 10000, 0 errors
23:46:55,355 INFO Experiment.PerfCost-fa65: Processed 260 samples out of 10000, 0 errors
23:47:05,551 INFO Experiment.PerfCost-fa65: Processed 270 samples out of 10000, 0 errors
23:47:15,733 INFO Experiment.PerfCost-fa65: Processed 280 samples out of 10000, 0 errors
23:47:25,914 INFO Experiment.PerfCost-fa65: Processed 290 samples out of 10000, 0 errors
23:47:36,147 INFO Experiment.PerfCost-fa65: Processed 300 samples out of 10000, 0 errors
23:47:46,321 INFO Experiment.PerfCost-fa65: Processed 310 samples out of 10000, 0 errors
23:47:56,515 INFO Experiment.PerfCost-fa65: Processed 320 samples out of 10000, 0 errors
23:48:06,696 INFO Experiment.PerfCost-fa65: Processed 330 samples out of 10000, 0 errors
23:48:16,866 INFO Experiment.PerfCost-fa65: Processed 340 samples out of 10000, 0 errors
23:48:27,52 INFO Experiment.PerfCost-fa65: Processed 350 samples out of 10000, 0 errors
23:48:37,232 INFO Experiment.PerfCost-fa65: Processed 360 samples out of 10000, 0 errors
23:48:47,408 INFO Experiment.PerfCost-fa65: Processed 370 samples out of 10000, 0 errors
23:48:57,593 INFO Experiment.PerfCost-fa65: Processed 380 samples out of 10000, 0 errors
23:49:07,777 INFO Experiment.PerfCost-fa65: Processed 390 samples out of 10000, 0 errors
23:49:17,960 INFO Experiment.PerfCost-fa65: Processed 400 samples out of 10000, 0 errors
23:49:28,156 INFO Experiment.PerfCost-fa65: Processed 410 samples out of 10000, 0 errors
23:49:38,341 INFO Experiment.PerfCost-fa65: Processed 420 samples out of 10000, 0 errors
23:49:48,525 INFO Experiment.PerfCost-fa65: Processed 430 samples out of 10000, 0 errors
23:49:58,703 INFO Experiment.PerfCost-fa65: Processed 440 samples out of 10000, 0 errors
23:50:08,895 INFO Experiment.PerfCost-fa65: Processed 450 samples out of 10000, 0 errors
23:50:19,70 INFO Experiment.PerfCost-fa65: Processed 460 samples out of 10000, 0 errors
23:50:29,233 INFO Experiment.PerfCost-fa65: Processed 470 samples out of 10000, 0 errors
23:50:39,423 INFO Experiment.PerfCost-fa65: Processed 480 samples out of 10000, 0 errors
23:50:49,615 INFO Experiment.PerfCost-fa65: Processed 490 samples out of 10000, 0 errors
23:50:59,792 INFO Experiment.PerfCost-fa65: Processed 500 samples out of 10000, 0 errors
23:51:09,963 INFO Experiment.PerfCost-fa65: Processed 510 samples out of 10000, 0 errors
23:51:20,147 INFO Experiment.PerfCost-fa65: Processed 520 samples out of 10000, 0 errors
23:51:30,328 INFO Experiment.PerfCost-fa65: Processed 530 samples out of 10000, 0 errors
23:51:40,513 INFO Experiment.PerfCost-fa65: Processed 540 samples out of 10000, 0 errors
23:51:50,691 INFO Experiment.PerfCost-fa65: Processed 550 samples out of 10000, 0 errors
23:52:00,877 INFO Experiment.PerfCost-fa65: Processed 560 samples out of 10000, 0 errors
23:52:11,50 INFO Experiment.PerfCost-fa65: Processed 570 samples out of 10000, 0 errors
23:52:21,237 INFO Experiment.PerfCost-fa65: Processed 580 samples out of 10000, 0 errors
23:52:31,427 INFO Experiment.PerfCost-fa65: Processed 590 samples out of 10000, 0 errors
23:52:41,680 INFO Experiment.PerfCost-fa65: Processed 600 samples out of 10000, 0 errors
23:52:51,852 INFO Experiment.PerfCost-fa65: Processed 610 samples out of 10000, 0 errors
23:53:02,28 INFO Experiment.PerfCost-fa65: Processed 620 samples out of 10000, 0 errors
23:53:12,211 INFO Experiment.PerfCost-fa65: Processed 630 samples out of 10000, 0 errors
23:53:22,390 INFO Experiment.PerfCost-fa65: Processed 640 samples out of 10000, 0 errors
23:53:32,586 INFO Experiment.PerfCost-fa65: Processed 650 samples out of 10000, 0 errors
23:53:42,770 INFO Experiment.PerfCost-fa65: Processed 660 samples out of 10000, 0 errors
23:53:52,943 INFO Experiment.PerfCost-fa65: Processed 670 samples out of 10000, 0 errors
23:54:03,141 INFO Experiment.PerfCost-fa65: Processed 680 samples out of 10000, 0 errors
23:54:13,345 INFO Experiment.PerfCost-fa65: Processed 690 samples out of 10000, 0 errors
23:54:23,557 INFO Experiment.PerfCost-fa65: Processed 700 samples out of 10000, 0 errors
23:54:33,741 INFO Experiment.PerfCost-fa65: Processed 710 samples out of 10000, 0 errors
23:54:43,927 INFO Experiment.PerfCost-fa65: Processed 720 samples out of 10000, 0 errors
23:54:54,127 INFO Experiment.PerfCost-fa65: Processed 730 samples out of 10000, 0 errors
23:55:04,306 INFO Experiment.PerfCost-fa65: Processed 740 samples out of 10000, 0 errors
23:55:14,475 INFO Experiment.PerfCost-fa65: Processed 750 samples out of 10000, 0 errors
23:55:24,682 INFO Experiment.PerfCost-fa65: Processed 760 samples out of 10000, 0 errors
23:55:34,862 INFO Experiment.PerfCost-fa65: Processed 770 samples out of 10000, 0 errors
23:55:45,46 INFO Experiment.PerfCost-fa65: Processed 780 samples out of 10000, 0 errors
23:55:55,241 INFO Experiment.PerfCost-fa65: Processed 790 samples out of 10000, 0 errors
23:56:05,419 INFO Experiment.PerfCost-fa65: Processed 800 samples out of 10000, 0 errors
23:56:15,601 INFO Experiment.PerfCost-fa65: Processed 810 samples out of 10000, 0 errors
23:56:25,791 INFO Experiment.PerfCost-fa65: Processed 820 samples out of 10000, 0 errors
23:56:35,971 INFO Experiment.PerfCost-fa65: Processed 830 samples out of 10000, 0 errors
23:56:46,158 INFO Experiment.PerfCost-fa65: Processed 840 samples out of 10000, 0 errors
23:56:56,345 INFO Experiment.PerfCost-fa65: Processed 850 samples out of 10000, 0 errors
23:57:06,526 INFO Experiment.PerfCost-fa65: Processed 860 samples out of 10000, 0 errors
23:57:16,713 INFO Experiment.PerfCost-fa65: Processed 870 samples out of 10000, 0 errors
23:57:26,894 INFO Experiment.PerfCost-fa65: Processed 880 samples out of 10000, 0 errors
23:57:37,93 INFO Experiment.PerfCost-fa65: Processed 890 samples out of 10000, 0 errors
23:57:47,332 INFO Experiment.PerfCost-fa65: Processed 900 samples out of 10000, 0 errors
23:57:57,519 INFO Experiment.PerfCost-fa65: Processed 910 samples out of 10000, 0 errors
23:58:07,705 INFO Experiment.PerfCost-fa65: Processed 920 samples out of 10000, 0 errors
23:58:17,882 INFO Experiment.PerfCost-fa65: Processed 930 samples out of 10000, 0 errors
23:58:28,82 INFO Experiment.PerfCost-fa65: Processed 940 samples out of 10000, 0 errors
23:58:38,259 INFO Experiment.PerfCost-fa65: Processed 950 samples out of 10000, 0 errors
23:58:48,448 INFO Experiment.PerfCost-fa65: Processed 960 samples out of 10000, 0 errors
23:58:58,637 INFO Experiment.PerfCost-fa65: Processed 970 samples out of 10000, 0 errors
23:59:08,826 INFO Experiment.PerfCost-fa65: Processed 980 samples out of 10000, 0 errors
23:59:19,7 INFO Experiment.PerfCost-fa65: Processed 990 samples out of 10000, 0 errors
23:59:29,191 INFO Experiment.PerfCost-fa65: Processed 1000 samples out of 10000, 0 errors
23:59:39,376 INFO Experiment.PerfCost-fa65: Processed 1010 samples out of 10000, 0 errors
23:59:49,557 INFO Experiment.PerfCost-fa65: Processed 1020 samples out of 10000, 0 errors
23:59:59,740 INFO Experiment.PerfCost-fa65: Processed 1030 samples out of 10000, 0 errors
00:00:09,913 INFO Experiment.PerfCost-fa65: Processed 1040 samples out of 10000, 0 errors
00:00:20,99 INFO Experiment.PerfCost-fa65: Processed 1050 samples out of 10000, 0 errors
00:00:30,266 INFO Experiment.PerfCost-fa65: Processed 1060 samples out of 10000, 0 errors
00:00:40,460 INFO Experiment.PerfCost-fa65: Processed 1070 samples out of 10000, 0 errors
00:00:50,684 INFO Experiment.PerfCost-fa65: Processed 1080 samples out of 10000, 0 errors
00:01:00,859 INFO Experiment.PerfCost-fa65: Processed 1090 samples out of 10000, 0 errors
00:01:11,31 INFO Experiment.PerfCost-fa65: Processed 1100 samples out of 10000, 0 errors
00:01:21,221 INFO Experiment.PerfCost-fa65: Processed 1110 samples out of 10000, 0 errors
00:01:31,414 INFO Experiment.PerfCost-fa65: Processed 1120 samples out of 10000, 0 errors
00:01:41,585 INFO Experiment.PerfCost-fa65: Processed 1130 samples out of 10000, 0 errors
00:01:51,780 INFO Experiment.PerfCost-fa65: Processed 1140 samples out of 10000, 0 errors
00:02:01,967 INFO Experiment.PerfCost-fa65: Processed 1150 samples out of 10000, 0 errors
00:02:12,151 INFO Experiment.PerfCost-fa65: Processed 1160 samples out of 10000, 0 errors
00:02:22,347 INFO Experiment.PerfCost-fa65: Processed 1170 samples out of 10000, 0 errors
00:02:32,535 INFO Experiment.PerfCost-fa65: Processed 1180 samples out of 10000, 0 errors
00:02:42,727 INFO Experiment.PerfCost-fa65: Processed 1190 samples out of 10000, 0 errors
00:02:52,983 INFO Experiment.PerfCost-fa65: Processed 1200 samples out of 10000, 0 errors
00:03:03,185 INFO Experiment.PerfCost-fa65: Processed 1210 samples out of 10000, 0 errors
00:03:13,361 INFO Experiment.PerfCost-fa65: Processed 1220 samples out of 10000, 0 errors
00:03:23,548 INFO Experiment.PerfCost-fa65: Processed 1230 samples out of 10000, 0 errors
00:03:33,725 INFO Experiment.PerfCost-fa65: Processed 1240 samples out of 10000, 0 errors
00:03:43,908 INFO Experiment.PerfCost-fa65: Processed 1250 samples out of 10000, 0 errors
00:03:54,85 INFO Experiment.PerfCost-fa65: Processed 1260 samples out of 10000, 0 errors
00:04:04,272 INFO Experiment.PerfCost-fa65: Processed 1270 samples out of 10000, 0 errors
00:04:14,466 INFO Experiment.PerfCost-fa65: Processed 1280 samples out of 10000, 0 errors
00:04:24,643 INFO Experiment.PerfCost-fa65: Processed 1290 samples out of 10000, 0 errors
00:04:34,826 INFO Experiment.PerfCost-fa65: Processed 1300 samples out of 10000, 0 errors
00:04:45,6 INFO Experiment.PerfCost-fa65: Processed 1310 samples out of 10000, 0 errors
00:04:55,194 INFO Experiment.PerfCost-fa65: Processed 1320 samples out of 10000, 0 errors
00:05:05,385 INFO Experiment.PerfCost-fa65: Processed 1330 samples out of 10000, 0 errors
00:05:15,569 INFO Experiment.PerfCost-fa65: Processed 1340 samples out of 10000, 0 errors
00:05:25,771 INFO Experiment.PerfCost-fa65: Processed 1350 samples out of 10000, 0 errors
00:05:35,963 INFO Experiment.PerfCost-fa65: Processed 1360 samples out of 10000, 0 errors
00:05:46,139 INFO Experiment.PerfCost-fa65: Processed 1370 samples out of 10000, 0 errors
00:05:56,325 INFO Experiment.PerfCost-fa65: Processed 1380 samples out of 10000, 0 errors
00:06:06,512 INFO Experiment.PerfCost-fa65: Processed 1390 samples out of 10000, 0 errors
00:06:16,689 INFO Experiment.PerfCost-fa65: Processed 1400 samples out of 10000, 0 errors
00:06:26,874 INFO Experiment.PerfCost-fa65: Processed 1410 samples out of 10000, 0 errors
00:06:37,63 INFO Experiment.PerfCost-fa65: Processed 1420 samples out of 10000, 0 errors
00:06:47,248 INFO Experiment.PerfCost-fa65: Processed 1430 samples out of 10000, 0 errors
00:06:57,417 INFO Experiment.PerfCost-fa65: Processed 1440 samples out of 10000, 0 errors
00:07:07,597 INFO Experiment.PerfCost-fa65: Processed 1450 samples out of 10000, 0 errors
00:07:17,773 INFO Experiment.PerfCost-fa65: Processed 1460 samples out of 10000, 0 errors
00:07:27,958 INFO Experiment.PerfCost-fa65: Processed 1470 samples out of 10000, 0 errors
00:07:38,133 INFO Experiment.PerfCost-fa65: Processed 1480 samples out of 10000, 0 errors
00:07:48,299 INFO Experiment.PerfCost-fa65: Processed 1490 samples out of 10000, 0 errors
00:07:58,550 INFO Experiment.PerfCost-fa65: Processed 1500 samples out of 10000, 0 errors
00:08:08,738 INFO Experiment.PerfCost-fa65: Processed 1510 samples out of 10000, 0 errors
00:08:18,914 INFO Experiment.PerfCost-fa65: Processed 1520 samples out of 10000, 0 errors
00:08:29,90 INFO Experiment.PerfCost-fa65: Processed 1530 samples out of 10000, 0 errors
00:08:39,280 INFO Experiment.PerfCost-fa65: Processed 1540 samples out of 10000, 0 errors
00:08:49,476 INFO Experiment.PerfCost-fa65: Processed 1550 samples out of 10000, 0 errors
00:08:59,695 INFO Experiment.PerfCost-fa65: Processed 1560 samples out of 10000, 0 errors
00:09:09,871 INFO Experiment.PerfCost-fa65: Processed 1570 samples out of 10000, 0 errors
00:09:20,52 INFO Experiment.PerfCost-fa65: Processed 1580 samples out of 10000, 0 errors
00:09:30,244 INFO Experiment.PerfCost-fa65: Processed 1590 samples out of 10000, 0 errors
00:09:40,426 INFO Experiment.PerfCost-fa65: Processed 1600 samples out of 10000, 0 errors
00:09:50,625 INFO Experiment.PerfCost-fa65: Processed 1610 samples out of 10000, 0 errors
00:10:00,812 INFO Experiment.PerfCost-fa65: Processed 1620 samples out of 10000, 0 errors
00:10:10,987 INFO Experiment.PerfCost-fa65: Processed 1630 samples out of 10000, 0 errors
00:10:21,195 INFO Experiment.PerfCost-fa65: Processed 1640 samples out of 10000, 0 errors
00:10:31,372 INFO Experiment.PerfCost-fa65: Processed 1650 samples out of 10000, 0 errors
00:10:41,560 INFO Experiment.PerfCost-fa65: Processed 1660 samples out of 10000, 0 errors
00:10:51,741 INFO Experiment.PerfCost-fa65: Processed 1670 samples out of 10000, 0 errors
00:11:01,918 INFO Experiment.PerfCost-fa65: Processed 1680 samples out of 10000, 0 errors
00:11:12,108 INFO Experiment.PerfCost-fa65: Processed 1690 samples out of 10000, 0 errors
00:11:22,287 INFO Experiment.PerfCost-fa65: Processed 1700 samples out of 10000, 0 errors
00:11:32,477 INFO Experiment.PerfCost-fa65: Processed 1710 samples out of 10000, 0 errors
00:11:42,659 INFO Experiment.PerfCost-fa65: Processed 1720 samples out of 10000, 0 errors
00:11:52,850 INFO Experiment.PerfCost-fa65: Processed 1730 samples out of 10000, 0 errors
00:12:03,29 INFO Experiment.PerfCost-fa65: Processed 1740 samples out of 10000, 0 errors
00:12:13,230 INFO Experiment.PerfCost-fa65: Processed 1750 samples out of 10000, 0 errors
00:12:23,425 INFO Experiment.PerfCost-fa65: Processed 1760 samples out of 10000, 0 errors
00:12:33,603 INFO Experiment.PerfCost-fa65: Processed 1770 samples out of 10000, 0 errors
00:12:43,795 INFO Experiment.PerfCost-fa65: Processed 1780 samples out of 10000, 0 errors
00:12:53,991 INFO Experiment.PerfCost-fa65: Processed 1790 samples out of 10000, 0 errors
00:13:04,230 INFO Experiment.PerfCost-fa65: Processed 1800 samples out of 10000, 0 errors
00:13:14,408 INFO Experiment.PerfCost-fa65: Processed 1810 samples out of 10000, 0 errors
00:13:24,597 INFO Experiment.PerfCost-fa65: Processed 1820 samples out of 10000, 0 errors
00:13:34,798 INFO Experiment.PerfCost-fa65: Processed 1830 samples out of 10000, 0 errors
00:13:44,985 INFO Experiment.PerfCost-fa65: Processed 1840 samples out of 10000, 0 errors
00:13:55,172 INFO Experiment.PerfCost-fa65: Processed 1850 samples out of 10000, 0 errors
00:14:05,368 INFO Experiment.PerfCost-fa65: Processed 1860 samples out of 10000, 0 errors
00:14:15,565 INFO Experiment.PerfCost-fa65: Processed 1870 samples out of 10000, 0 errors
00:14:25,749 INFO Experiment.PerfCost-fa65: Processed 1880 samples out of 10000, 0 errors
00:14:35,932 INFO Experiment.PerfCost-fa65: Processed 1890 samples out of 10000, 0 errors
00:14:46,114 INFO Experiment.PerfCost-fa65: Processed 1900 samples out of 10000, 0 errors
00:14:56,291 INFO Experiment.PerfCost-fa65: Processed 1910 samples out of 10000, 0 errors
00:15:06,471 INFO Experiment.PerfCost-fa65: Processed 1920 samples out of 10000, 0 errors
00:15:16,669 INFO Experiment.PerfCost-fa65: Processed 1930 samples out of 10000, 0 errors
00:15:26,891 INFO Experiment.PerfCost-fa65: Processed 1940 samples out of 10000, 0 errors
00:15:37,74 INFO Experiment.PerfCost-fa65: Processed 1950 samples out of 10000, 0 errors
00:15:47,274 INFO Experiment.PerfCost-fa65: Processed 1960 samples out of 10000, 0 errors
00:15:57,447 INFO Experiment.PerfCost-fa65: Processed 1970 samples out of 10000, 0 errors
00:16:07,627 INFO Experiment.PerfCost-fa65: Processed 1980 samples out of 10000, 0 errors
00:16:17,812 INFO Experiment.PerfCost-fa65: Processed 1990 samples out of 10000, 0 errors
00:16:27,996 INFO Experiment.PerfCost-fa65: Processed 2000 samples out of 10000, 0 errors
00:16:38,171 INFO Experiment.PerfCost-fa65: Processed 2010 samples out of 10000, 0 errors
00:16:48,355 INFO Experiment.PerfCost-fa65: Processed 2020 samples out of 10000, 0 errors
00:16:58,545 INFO Experiment.PerfCost-fa65: Processed 2030 samples out of 10000, 0 errors
00:17:08,738 INFO Experiment.PerfCost-fa65: Processed 2040 samples out of 10000, 0 errors
00:17:18,923 INFO Experiment.PerfCost-fa65: Processed 2050 samples out of 10000, 0 errors
00:17:29,119 INFO Experiment.PerfCost-fa65: Processed 2060 samples out of 10000, 0 errors
00:17:39,299 INFO Experiment.PerfCost-fa65: Processed 2070 samples out of 10000, 0 errors
00:17:49,497 INFO Experiment.PerfCost-fa65: Processed 2080 samples out of 10000, 0 errors
00:17:59,692 INFO Experiment.PerfCost-fa65: Processed 2090 samples out of 10000, 0 errors
00:18:09,921 INFO Experiment.PerfCost-fa65: Processed 2100 samples out of 10000, 0 errors
00:18:20,107 INFO Experiment.PerfCost-fa65: Processed 2110 samples out of 10000, 0 errors
00:18:30,288 INFO Experiment.PerfCost-fa65: Processed 2120 samples out of 10000, 0 errors
00:18:40,477 INFO Experiment.PerfCost-fa65: Processed 2130 samples out of 10000, 0 errors
00:18:50,665 INFO Experiment.PerfCost-fa65: Processed 2140 samples out of 10000, 0 errors
00:19:00,856 INFO Experiment.PerfCost-fa65: Processed 2150 samples out of 10000, 0 errors
00:19:11,46 INFO Experiment.PerfCost-fa65: Processed 2160 samples out of 10000, 0 errors
00:19:21,240 INFO Experiment.PerfCost-fa65: Processed 2170 samples out of 10000, 0 errors
00:19:31,421 INFO Experiment.PerfCost-fa65: Processed 2180 samples out of 10000, 0 errors
00:19:41,612 INFO Experiment.PerfCost-fa65: Processed 2190 samples out of 10000, 0 errors
00:19:51,811 INFO Experiment.PerfCost-fa65: Processed 2200 samples out of 10000, 0 errors
00:20:02,13 INFO Experiment.PerfCost-fa65: Processed 2210 samples out of 10000, 0 errors
00:20:12,199 INFO Experiment.PerfCost-fa65: Processed 2220 samples out of 10000, 0 errors
00:20:22,388 INFO Experiment.PerfCost-fa65: Processed 2230 samples out of 10000, 0 errors
00:20:32,586 INFO Experiment.PerfCost-fa65: Processed 2240 samples out of 10000, 0 errors
00:20:42,786 INFO Experiment.PerfCost-fa65: Processed 2250 samples out of 10000, 0 errors
00:20:52,979 INFO Experiment.PerfCost-fa65: Processed 2260 samples out of 10000, 0 errors
00:21:03,168 INFO Experiment.PerfCost-fa65: Processed 2270 samples out of 10000, 0 errors
00:21:13,354 INFO Experiment.PerfCost-fa65: Processed 2280 samples out of 10000, 0 errors
00:21:23,539 INFO Experiment.PerfCost-fa65: Processed 2290 samples out of 10000, 0 errors
00:21:33,717 INFO Experiment.PerfCost-fa65: Processed 2300 samples out of 10000, 0 errors
00:21:43,910 INFO Experiment.PerfCost-fa65: Processed 2310 samples out of 10000, 0 errors
00:21:54,105 INFO Experiment.PerfCost-fa65: Processed 2320 samples out of 10000, 0 errors
00:22:04,299 INFO Experiment.PerfCost-fa65: Processed 2330 samples out of 10000, 0 errors
00:22:14,486 INFO Experiment.PerfCost-fa65: Processed 2340 samples out of 10000, 0 errors
00:22:24,691 INFO Experiment.PerfCost-fa65: Processed 2350 samples out of 10000, 0 errors
00:22:34,870 INFO Experiment.PerfCost-fa65: Processed 2360 samples out of 10000, 0 errors
00:22:45,55 INFO Experiment.PerfCost-fa65: Processed 2370 samples out of 10000, 0 errors
00:22:55,251 INFO Experiment.PerfCost-fa65: Processed 2380 samples out of 10000, 0 errors
00:23:05,433 INFO Experiment.PerfCost-fa65: Processed 2390 samples out of 10000, 0 errors
00:23:15,770 INFO Experiment.PerfCost-fa65: Processed 2400 samples out of 10000, 0 errors
00:23:25,955 INFO Experiment.PerfCost-fa65: Processed 2410 samples out of 10000, 0 errors
00:23:36,149 INFO Experiment.PerfCost-fa65: Processed 2420 samples out of 10000, 0 errors
00:23:46,334 INFO Experiment.PerfCost-fa65: Processed 2430 samples out of 10000, 0 errors
00:23:56,525 INFO Experiment.PerfCost-fa65: Processed 2440 samples out of 10000, 0 errors
00:24:06,716 INFO Experiment.PerfCost-fa65: Processed 2450 samples out of 10000, 0 errors
00:24:16,912 INFO Experiment.PerfCost-fa65: Processed 2460 samples out of 10000, 0 errors
00:24:27,106 INFO Experiment.PerfCost-fa65: Processed 2470 samples out of 10000, 0 errors
00:24:37,294 INFO Experiment.PerfCost-fa65: Processed 2480 samples out of 10000, 0 errors
00:24:47,472 INFO Experiment.PerfCost-fa65: Processed 2490 samples out of 10000, 0 errors
00:24:57,655 INFO Experiment.PerfCost-fa65: Processed 2500 samples out of 10000, 0 errors
00:25:07,839 INFO Experiment.PerfCost-fa65: Processed 2510 samples out of 10000, 0 errors
00:25:18,43 INFO Experiment.PerfCost-fa65: Processed 2520 samples out of 10000, 0 errors
00:25:28,236 INFO Experiment.PerfCost-fa65: Processed 2530 samples out of 10000, 0 errors
00:25:38,445 INFO Experiment.PerfCost-fa65: Processed 2540 samples out of 10000, 0 errors
00:25:48,677 INFO Experiment.PerfCost-fa65: Processed 2550 samples out of 10000, 0 errors
00:25:58,873 INFO Experiment.PerfCost-fa65: Processed 2560 samples out of 10000, 0 errors
00:26:09,63 INFO Experiment.PerfCost-fa65: Processed 2570 samples out of 10000, 0 errors
00:26:19,256 INFO Experiment.PerfCost-fa65: Processed 2580 samples out of 10000, 0 errors
00:26:29,454 INFO Experiment.PerfCost-fa65: Processed 2590 samples out of 10000, 0 errors
00:26:39,637 INFO Experiment.PerfCost-fa65: Processed 2600 samples out of 10000, 0 errors
00:26:49,830 INFO Experiment.PerfCost-fa65: Processed 2610 samples out of 10000, 0 errors
00:27:00,21 INFO Experiment.PerfCost-fa65: Processed 2620 samples out of 10000, 0 errors
00:27:10,199 INFO Experiment.PerfCost-fa65: Processed 2630 samples out of 10000, 0 errors
00:27:20,380 INFO Experiment.PerfCost-fa65: Processed 2640 samples out of 10000, 0 errors
00:27:30,578 INFO Experiment.PerfCost-fa65: Processed 2650 samples out of 10000, 0 errors
00:27:40,765 INFO Experiment.PerfCost-fa65: Processed 2660 samples out of 10000, 0 errors
00:27:50,961 INFO Experiment.PerfCost-fa65: Processed 2670 samples out of 10000, 0 errors
00:28:01,146 INFO Experiment.PerfCost-fa65: Processed 2680 samples out of 10000, 0 errors
00:28:11,335 INFO Experiment.PerfCost-fa65: Processed 2690 samples out of 10000, 0 errors
00:28:21,590 INFO Experiment.PerfCost-fa65: Processed 2700 samples out of 10000, 0 errors
00:28:31,784 INFO Experiment.PerfCost-fa65: Processed 2710 samples out of 10000, 0 errors
00:28:41,973 INFO Experiment.PerfCost-fa65: Processed 2720 samples out of 10000, 0 errors
00:28:52,164 INFO Experiment.PerfCost-fa65: Processed 2730 samples out of 10000, 0 errors
00:29:02,351 INFO Experiment.PerfCost-fa65: Processed 2740 samples out of 10000, 0 errors
00:29:12,540 INFO Experiment.PerfCost-fa65: Processed 2750 samples out of 10000, 0 errors
00:29:22,738 INFO Experiment.PerfCost-fa65: Processed 2760 samples out of 10000, 0 errors
00:29:32,937 INFO Experiment.PerfCost-fa65: Processed 2770 samples out of 10000, 0 errors
00:29:43,115 INFO Experiment.PerfCost-fa65: Processed 2780 samples out of 10000, 0 errors
00:29:53,297 INFO Experiment.PerfCost-fa65: Processed 2790 samples out of 10000, 0 errors
00:30:03,485 INFO Experiment.PerfCost-fa65: Processed 2800 samples out of 10000, 0 errors
00:30:13,672 INFO Experiment.PerfCost-fa65: Processed 2810 samples out of 10000, 0 errors
00:30:23,861 INFO Experiment.PerfCost-fa65: Processed 2820 samples out of 10000, 0 errors
00:30:34,51 INFO Experiment.PerfCost-fa65: Processed 2830 samples out of 10000, 0 errors
00:30:44,252 INFO Experiment.PerfCost-fa65: Processed 2840 samples out of 10000, 0 errors
00:30:54,448 INFO Experiment.PerfCost-fa65: Processed 2850 samples out of 10000, 0 errors
00:31:04,635 INFO Experiment.PerfCost-fa65: Processed 2860 samples out of 10000, 0 errors
00:31:14,814 INFO Experiment.PerfCost-fa65: Processed 2870 samples out of 10000, 0 errors
00:31:25,6 INFO Experiment.PerfCost-fa65: Processed 2880 samples out of 10000, 0 errors
00:31:35,195 INFO Experiment.PerfCost-fa65: Processed 2890 samples out of 10000, 0 errors
00:31:45,385 INFO Experiment.PerfCost-fa65: Processed 2900 samples out of 10000, 0 errors
00:31:55,570 INFO Experiment.PerfCost-fa65: Processed 2910 samples out of 10000, 0 errors
00:32:05,756 INFO Experiment.PerfCost-fa65: Processed 2920 samples out of 10000, 0 errors
00:32:15,942 INFO Experiment.PerfCost-fa65: Processed 2930 samples out of 10000, 0 errors
00:32:26,135 INFO Experiment.PerfCost-fa65: Processed 2940 samples out of 10000, 0 errors
00:32:36,320 INFO Experiment.PerfCost-fa65: Processed 2950 samples out of 10000, 0 errors
00:32:46,519 INFO Experiment.PerfCost-fa65: Processed 2960 samples out of 10000, 0 errors
00:32:56,710 INFO Experiment.PerfCost-fa65: Processed 2970 samples out of 10000, 0 errors
00:33:06,897 INFO Experiment.PerfCost-fa65: Processed 2980 samples out of 10000, 0 errors
00:33:17,90 INFO Experiment.PerfCost-fa65: Processed 2990 samples out of 10000, 0 errors
00:33:27,347 INFO Experiment.PerfCost-fa65: Processed 3000 samples out of 10000, 0 errors
00:33:37,542 INFO Experiment.PerfCost-fa65: Processed 3010 samples out of 10000, 0 errors
00:33:47,725 INFO Experiment.PerfCost-fa65: Processed 3020 samples out of 10000, 0 errors
00:33:57,922 INFO Experiment.PerfCost-fa65: Processed 3030 samples out of 10000, 0 errors
00:34:08,111 INFO Experiment.PerfCost-fa65: Processed 3040 samples out of 10000, 0 errors
00:34:18,304 INFO Experiment.PerfCost-fa65: Processed 3050 samples out of 10000, 0 errors
00:34:28,502 INFO Experiment.PerfCost-fa65: Processed 3060 samples out of 10000, 0 errors
00:34:38,718 INFO Experiment.PerfCost-fa65: Processed 3070 samples out of 10000, 0 errors
00:34:48,918 INFO Experiment.PerfCost-fa65: Processed 3080 samples out of 10000, 0 errors
00:34:59,120 INFO Experiment.PerfCost-fa65: Processed 3090 samples out of 10000, 0 errors
00:35:09,321 INFO Experiment.PerfCost-fa65: Processed 3100 samples out of 10000, 0 errors
00:35:19,513 INFO Experiment.PerfCost-fa65: Processed 3110 samples out of 10000, 0 errors
00:35:29,709 INFO Experiment.PerfCost-fa65: Processed 3120 samples out of 10000, 0 errors
00:35:39,900 INFO Experiment.PerfCost-fa65: Processed 3130 samples out of 10000, 0 errors
00:35:50,83 INFO Experiment.PerfCost-fa65: Processed 3140 samples out of 10000, 0 errors
00:36:00,274 INFO Experiment.PerfCost-fa65: Processed 3150 samples out of 10000, 0 errors
00:36:10,476 INFO Experiment.PerfCost-fa65: Processed 3160 samples out of 10000, 0 errors
00:36:20,674 INFO Experiment.PerfCost-fa65: Processed 3170 samples out of 10000, 0 errors
00:36:30,865 INFO Experiment.PerfCost-fa65: Processed 3180 samples out of 10000, 0 errors
00:36:41,97 INFO Experiment.PerfCost-fa65: Processed 3190 samples out of 10000, 0 errors
00:36:51,300 INFO Experiment.PerfCost-fa65: Processed 3200 samples out of 10000, 0 errors
00:37:01,499 INFO Experiment.PerfCost-fa65: Processed 3210 samples out of 10000, 0 errors
00:37:11,688 INFO Experiment.PerfCost-fa65: Processed 3220 samples out of 10000, 0 errors
00:37:21,875 INFO Experiment.PerfCost-fa65: Processed 3230 samples out of 10000, 0 errors
00:37:32,69 INFO Experiment.PerfCost-fa65: Processed 3240 samples out of 10000, 0 errors
00:37:42,255 INFO Experiment.PerfCost-fa65: Processed 3250 samples out of 10000, 0 errors
00:37:52,450 INFO Experiment.PerfCost-fa65: Processed 3260 samples out of 10000, 0 errors
00:38:02,651 INFO Experiment.PerfCost-fa65: Processed 3270 samples out of 10000, 0 errors
00:38:12,838 INFO Experiment.PerfCost-fa65: Processed 3280 samples out of 10000, 0 errors
00:38:23,27 INFO Experiment.PerfCost-fa65: Processed 3290 samples out of 10000, 0 errors
00:38:33,268 INFO Experiment.PerfCost-fa65: Processed 3300 samples out of 10000, 0 errors
00:38:43,459 INFO Experiment.PerfCost-fa65: Processed 3310 samples out of 10000, 0 errors
00:38:53,654 INFO Experiment.PerfCost-fa65: Processed 3320 samples out of 10000, 0 errors
00:39:03,847 INFO Experiment.PerfCost-fa65: Processed 3330 samples out of 10000, 0 errors
00:39:14,37 INFO Experiment.PerfCost-fa65: Processed 3340 samples out of 10000, 0 errors
00:39:24,230 INFO Experiment.PerfCost-fa65: Processed 3350 samples out of 10000, 0 errors
00:39:34,424 INFO Experiment.PerfCost-fa65: Processed 3360 samples out of 10000, 0 errors
00:39:44,636 INFO Experiment.PerfCost-fa65: Processed 3370 samples out of 10000, 0 errors
00:39:54,827 INFO Experiment.PerfCost-fa65: Processed 3380 samples out of 10000, 0 errors
00:40:05,18 INFO Experiment.PerfCost-fa65: Processed 3390 samples out of 10000, 0 errors
00:40:15,215 INFO Experiment.PerfCost-fa65: Processed 3400 samples out of 10000, 0 errors
00:40:25,418 INFO Experiment.PerfCost-fa65: Processed 3410 samples out of 10000, 0 errors
00:40:35,613 INFO Experiment.PerfCost-fa65: Processed 3420 samples out of 10000, 0 errors
00:40:45,813 INFO Experiment.PerfCost-fa65: Processed 3430 samples out of 10000, 0 errors
00:40:56,12 INFO Experiment.PerfCost-fa65: Processed 3440 samples out of 10000, 0 errors
00:41:06,225 INFO Experiment.PerfCost-fa65: Processed 3450 samples out of 10000, 0 errors
00:41:16,418 INFO Experiment.PerfCost-fa65: Processed 3460 samples out of 10000, 0 errors
00:41:26,623 INFO Experiment.PerfCost-fa65: Processed 3470 samples out of 10000, 0 errors
00:41:36,809 INFO Experiment.PerfCost-fa65: Processed 3480 samples out of 10000, 0 errors
00:41:46,998 INFO Experiment.PerfCost-fa65: Processed 3490 samples out of 10000, 0 errors
00:41:57,198 INFO Experiment.PerfCost-fa65: Processed 3500 samples out of 10000, 0 errors
00:42:07,406 INFO Experiment.PerfCost-fa65: Processed 3510 samples out of 10000, 0 errors
00:42:17,591 INFO Experiment.PerfCost-fa65: Processed 3520 samples out of 10000, 0 errors
00:42:27,784 INFO Experiment.PerfCost-fa65: Processed 3530 samples out of 10000, 0 errors
00:42:37,983 INFO Experiment.PerfCost-fa65: Processed 3540 samples out of 10000, 0 errors
00:42:48,177 INFO Experiment.PerfCost-fa65: Processed 3550 samples out of 10000, 0 errors
00:42:58,370 INFO Experiment.PerfCost-fa65: Processed 3560 samples out of 10000, 0 errors
00:43:08,571 INFO Experiment.PerfCost-fa65: Processed 3570 samples out of 10000, 0 errors
00:43:18,771 INFO Experiment.PerfCost-fa65: Processed 3580 samples out of 10000, 0 errors
00:43:28,956 INFO Experiment.PerfCost-fa65: Processed 3590 samples out of 10000, 0 errors
00:43:39,211 INFO Experiment.PerfCost-fa65: Processed 3600 samples out of 10000, 0 errors
00:43:49,413 INFO Experiment.PerfCost-fa65: Processed 3610 samples out of 10000, 0 errors
00:43:59,600 INFO Experiment.PerfCost-fa65: Processed 3620 samples out of 10000, 0 errors
00:44:09,787 INFO Experiment.PerfCost-fa65: Processed 3630 samples out of 10000, 0 errors
00:44:19,977 INFO Experiment.PerfCost-fa65: Processed 3640 samples out of 10000, 0 errors
00:44:30,178 INFO Experiment.PerfCost-fa65: Processed 3650 samples out of 10000, 0 errors
00:44:40,367 INFO Experiment.PerfCost-fa65: Processed 3660 samples out of 10000, 0 errors
00:44:50,555 INFO Experiment.PerfCost-fa65: Processed 3670 samples out of 10000, 0 errors
00:45:00,747 INFO Experiment.PerfCost-fa65: Processed 3680 samples out of 10000, 0 errors
00:45:10,951 INFO Experiment.PerfCost-fa65: Processed 3690 samples out of 10000, 0 errors
00:45:21,140 INFO Experiment.PerfCost-fa65: Processed 3700 samples out of 10000, 0 errors
00:45:31,331 INFO Experiment.PerfCost-fa65: Processed 3710 samples out of 10000, 0 errors
00:45:41,545 INFO Experiment.PerfCost-fa65: Processed 3720 samples out of 10000, 0 errors
00:45:51,727 INFO Experiment.PerfCost-fa65: Processed 3730 samples out of 10000, 0 errors
00:46:01,931 INFO Experiment.PerfCost-fa65: Processed 3740 samples out of 10000, 0 errors
00:46:12,126 INFO Experiment.PerfCost-fa65: Processed 3750 samples out of 10000, 0 errors
00:46:22,324 INFO Experiment.PerfCost-fa65: Processed 3760 samples out of 10000, 0 errors
00:46:32,513 INFO Experiment.PerfCost-fa65: Processed 3770 samples out of 10000, 0 errors
00:46:42,705 INFO Experiment.PerfCost-fa65: Processed 3780 samples out of 10000, 0 errors
00:46:52,903 INFO Experiment.PerfCost-fa65: Processed 3790 samples out of 10000, 0 errors
00:47:03,101 INFO Experiment.PerfCost-fa65: Processed 3800 samples out of 10000, 0 errors
00:47:13,289 INFO Experiment.PerfCost-fa65: Processed 3810 samples out of 10000, 0 errors
00:47:23,473 INFO Experiment.PerfCost-fa65: Processed 3820 samples out of 10000, 0 errors
00:47:33,677 INFO Experiment.PerfCost-fa65: Processed 3830 samples out of 10000, 0 errors
00:47:43,870 INFO Experiment.PerfCost-fa65: Processed 3840 samples out of 10000, 0 errors
00:47:54,69 INFO Experiment.PerfCost-fa65: Processed 3850 samples out of 10000, 0 errors
00:48:04,265 INFO Experiment.PerfCost-fa65: Processed 3860 samples out of 10000, 0 errors
00:48:14,448 INFO Experiment.PerfCost-fa65: Processed 3870 samples out of 10000, 0 errors
00:48:24,650 INFO Experiment.PerfCost-fa65: Processed 3880 samples out of 10000, 0 errors
00:48:34,841 INFO Experiment.PerfCost-fa65: Processed 3890 samples out of 10000, 0 errors
00:48:45,126 INFO Experiment.PerfCost-fa65: Processed 3900 samples out of 10000, 0 errors
00:48:55,322 INFO Experiment.PerfCost-fa65: Processed 3910 samples out of 10000, 0 errors
00:49:05,525 INFO Experiment.PerfCost-fa65: Processed 3920 samples out of 10000, 0 errors
00:49:15,718 INFO Experiment.PerfCost-fa65: Processed 3930 samples out of 10000, 0 errors
00:49:25,919 INFO Experiment.PerfCost-fa65: Processed 3940 samples out of 10000, 0 errors
00:49:36,115 INFO Experiment.PerfCost-fa65: Processed 3950 samples out of 10000, 0 errors
00:49:46,318 INFO Experiment.PerfCost-fa65: Processed 3960 samples out of 10000, 0 errors
00:49:56,514 INFO Experiment.PerfCost-fa65: Processed 3970 samples out of 10000, 0 errors
00:50:06,703 INFO Experiment.PerfCost-fa65: Processed 3980 samples out of 10000, 0 errors
00:50:16,904 INFO Experiment.PerfCost-fa65: Processed 3990 samples out of 10000, 0 errors
00:50:27,105 INFO Experiment.PerfCost-fa65: Processed 4000 samples out of 10000, 0 errors
00:50:37,293 INFO Experiment.PerfCost-fa65: Processed 4010 samples out of 10000, 0 errors
00:50:47,483 INFO Experiment.PerfCost-fa65: Processed 4020 samples out of 10000, 0 errors
00:50:57,694 INFO Experiment.PerfCost-fa65: Processed 4030 samples out of 10000, 0 errors
00:51:07,886 INFO Experiment.PerfCost-fa65: Processed 4040 samples out of 10000, 0 errors
00:51:18,79 INFO Experiment.PerfCost-fa65: Processed 4050 samples out of 10000, 0 errors
00:51:28,278 INFO Experiment.PerfCost-fa65: Processed 4060 samples out of 10000, 0 errors
00:51:38,471 INFO Experiment.PerfCost-fa65: Processed 4070 samples out of 10000, 0 errors
00:51:48,665 INFO Experiment.PerfCost-fa65: Processed 4080 samples out of 10000, 0 errors
00:51:58,867 INFO Experiment.PerfCost-fa65: Processed 4090 samples out of 10000, 0 errors
00:52:09,66 INFO Experiment.PerfCost-fa65: Processed 4100 samples out of 10000, 0 errors
00:52:19,266 INFO Experiment.PerfCost-fa65: Processed 4110 samples out of 10000, 0 errors
00:52:29,448 INFO Experiment.PerfCost-fa65: Processed 4120 samples out of 10000, 0 errors
00:52:39,632 INFO Experiment.PerfCost-fa65: Processed 4130 samples out of 10000, 0 errors
00:52:49,824 INFO Experiment.PerfCost-fa65: Processed 4140 samples out of 10000, 0 errors
00:53:00,30 INFO Experiment.PerfCost-fa65: Processed 4150 samples out of 10000, 0 errors
00:53:10,231 INFO Experiment.PerfCost-fa65: Processed 4160 samples out of 10000, 0 errors
00:53:20,432 INFO Experiment.PerfCost-fa65: Processed 4170 samples out of 10000, 0 errors
00:53:30,619 INFO Experiment.PerfCost-fa65: Processed 4180 samples out of 10000, 0 errors
00:53:40,813 INFO Experiment.PerfCost-fa65: Processed 4190 samples out of 10000, 0 errors
00:53:51,79 INFO Experiment.PerfCost-fa65: Processed 4200 samples out of 10000, 0 errors
00:54:01,283 INFO Experiment.PerfCost-fa65: Processed 4210 samples out of 10000, 0 errors
00:54:11,467 INFO Experiment.PerfCost-fa65: Processed 4220 samples out of 10000, 0 errors
00:54:21,710 INFO Experiment.PerfCost-fa65: Processed 4230 samples out of 10000, 0 errors
00:54:31,903 INFO Experiment.PerfCost-fa65: Processed 4240 samples out of 10000, 0 errors
00:54:42,105 INFO Experiment.PerfCost-fa65: Processed 4250 samples out of 10000, 0 errors
00:54:52,310 INFO Experiment.PerfCost-fa65: Processed 4260 samples out of 10000, 0 errors
00:55:02,511 INFO Experiment.PerfCost-fa65: Processed 4270 samples out of 10000, 0 errors
00:55:12,708 INFO Experiment.PerfCost-fa65: Processed 4280 samples out of 10000, 0 errors
00:55:22,906 INFO Experiment.PerfCost-fa65: Processed 4290 samples out of 10000, 0 errors
00:55:33,96 INFO Experiment.PerfCost-fa65: Processed 4300 samples out of 10000, 0 errors
00:55:43,293 INFO Experiment.PerfCost-fa65: Processed 4310 samples out of 10000, 0 errors
00:55:53,492 INFO Experiment.PerfCost-fa65: Processed 4320 samples out of 10000, 0 errors
00:56:03,699 INFO Experiment.PerfCost-fa65: Processed 4330 samples out of 10000, 0 errors
00:56:13,887 INFO Experiment.PerfCost-fa65: Processed 4340 samples out of 10000, 0 errors
00:56:24,85 INFO Experiment.PerfCost-fa65: Processed 4350 samples out of 10000, 0 errors
00:56:34,277 INFO Experiment.PerfCost-fa65: Processed 4360 samples out of 10000, 0 errors
00:56:44,465 INFO Experiment.PerfCost-fa65: Processed 4370 samples out of 10000, 0 errors
00:56:54,687 INFO Experiment.PerfCost-fa65: Processed 4380 samples out of 10000, 0 errors
00:57:04,876 INFO Experiment.PerfCost-fa65: Processed 4390 samples out of 10000, 0 errors
00:57:15,78 INFO Experiment.PerfCost-fa65: Processed 4400 samples out of 10000, 0 errors
00:57:25,284 INFO Experiment.PerfCost-fa65: Processed 4410 samples out of 10000, 0 errors
00:57:35,479 INFO Experiment.PerfCost-fa65: Processed 4420 samples out of 10000, 0 errors
00:57:45,689 INFO Experiment.PerfCost-fa65: Processed 4430 samples out of 10000, 0 errors
00:57:55,876 INFO Experiment.PerfCost-fa65: Processed 4440 samples out of 10000, 0 errors
00:58:06,57 INFO Experiment.PerfCost-fa65: Processed 4450 samples out of 10000, 0 errors
00:58:16,264 INFO Experiment.PerfCost-fa65: Processed 4460 samples out of 10000, 0 errors
00:58:26,454 INFO Experiment.PerfCost-fa65: Processed 4470 samples out of 10000, 0 errors
00:58:36,655 INFO Experiment.PerfCost-fa65: Processed 4480 samples out of 10000, 0 errors
00:58:46,847 INFO Experiment.PerfCost-fa65: Processed 4490 samples out of 10000, 0 errors
00:58:57,93 INFO Experiment.PerfCost-fa65: Processed 4500 samples out of 10000, 0 errors
00:59:07,286 INFO Experiment.PerfCost-fa65: Processed 4510 samples out of 10000, 0 errors
00:59:17,483 INFO Experiment.PerfCost-fa65: Processed 4520 samples out of 10000, 0 errors
00:59:27,690 INFO Experiment.PerfCost-fa65: Processed 4530 samples out of 10000, 0 errors
00:59:37,897 INFO Experiment.PerfCost-fa65: Processed 4540 samples out of 10000, 0 errors
00:59:48,95 INFO Experiment.PerfCost-fa65: Processed 4550 samples out of 10000, 0 errors
00:59:58,300 INFO Experiment.PerfCost-fa65: Processed 4560 samples out of 10000, 0 errors
01:00:08,490 INFO Experiment.PerfCost-fa65: Processed 4570 samples out of 10000, 0 errors
01:00:18,677 INFO Experiment.PerfCost-fa65: Processed 4580 samples out of 10000, 0 errors
01:00:28,887 INFO Experiment.PerfCost-fa65: Processed 4590 samples out of 10000, 0 errors
01:00:39,75 INFO Experiment.PerfCost-fa65: Processed 4600 samples out of 10000, 0 errors
01:00:49,278 INFO Experiment.PerfCost-fa65: Processed 4610 samples out of 10000, 0 errors
01:00:59,468 INFO Experiment.PerfCost-fa65: Processed 4620 samples out of 10000, 0 errors
01:01:09,681 INFO Experiment.PerfCost-fa65: Processed 4630 samples out of 10000, 0 errors
01:01:19,880 INFO Experiment.PerfCost-fa65: Processed 4640 samples out of 10000, 0 errors
01:01:30,73 INFO Experiment.PerfCost-fa65: Processed 4650 samples out of 10000, 0 errors
01:01:40,265 INFO Experiment.PerfCost-fa65: Processed 4660 samples out of 10000, 0 errors
01:01:50,453 INFO Experiment.PerfCost-fa65: Processed 4670 samples out of 10000, 0 errors
01:02:00,651 INFO Experiment.PerfCost-fa65: Processed 4680 samples out of 10000, 0 errors
01:02:10,846 INFO Experiment.PerfCost-fa65: Processed 4690 samples out of 10000, 0 errors
01:02:21,38 INFO Experiment.PerfCost-fa65: Processed 4700 samples out of 10000, 0 errors
01:02:31,229 INFO Experiment.PerfCost-fa65: Processed 4710 samples out of 10000, 0 errors
01:02:41,425 INFO Experiment.PerfCost-fa65: Processed 4720 samples out of 10000, 0 errors
01:02:51,627 INFO Experiment.PerfCost-fa65: Processed 4730 samples out of 10000, 0 errors
01:03:01,826 INFO Experiment.PerfCost-fa65: Processed 4740 samples out of 10000, 0 errors
01:03:12,32 INFO Experiment.PerfCost-fa65: Processed 4750 samples out of 10000, 0 errors
01:03:22,235 INFO Experiment.PerfCost-fa65: Processed 4760 samples out of 10000, 0 errors
01:03:32,423 INFO Experiment.PerfCost-fa65: Processed 4770 samples out of 10000, 0 errors
01:03:42,624 INFO Experiment.PerfCost-fa65: Processed 4780 samples out of 10000, 0 errors
01:03:52,826 INFO Experiment.PerfCost-fa65: Processed 4790 samples out of 10000, 0 errors
01:04:03,76 INFO Experiment.PerfCost-fa65: Processed 4800 samples out of 10000, 0 errors
01:04:13,270 INFO Experiment.PerfCost-fa65: Processed 4810 samples out of 10000, 0 errors
01:04:23,450 INFO Experiment.PerfCost-fa65: Processed 4820 samples out of 10000, 0 errors
01:04:33,659 INFO Experiment.PerfCost-fa65: Processed 4830 samples out of 10000, 0 errors
01:04:43,862 INFO Experiment.PerfCost-fa65: Processed 4840 samples out of 10000, 0 errors
01:04:54,59 INFO Experiment.PerfCost-fa65: Processed 4850 samples out of 10000, 0 errors
01:05:04,268 INFO Experiment.PerfCost-fa65: Processed 4860 samples out of 10000, 0 errors
01:05:14,468 INFO Experiment.PerfCost-fa65: Processed 4870 samples out of 10000, 0 errors
01:05:24,658 INFO Experiment.PerfCost-fa65: Processed 4880 samples out of 10000, 0 errors
01:05:34,854 INFO Experiment.PerfCost-fa65: Processed 4890 samples out of 10000, 0 errors
01:05:45,62 INFO Experiment.PerfCost-fa65: Processed 4900 samples out of 10000, 0 errors
01:05:55,289 INFO Experiment.PerfCost-fa65: Processed 4910 samples out of 10000, 0 errors
01:06:05,485 INFO Experiment.PerfCost-fa65: Processed 4920 samples out of 10000, 0 errors
01:06:15,662 INFO Experiment.PerfCost-fa65: Processed 4930 samples out of 10000, 0 errors
01:06:25,852 INFO Experiment.PerfCost-fa65: Processed 4940 samples out of 10000, 0 errors
01:06:36,48 INFO Experiment.PerfCost-fa65: Processed 4950 samples out of 10000, 0 errors
01:06:46,266 INFO Experiment.PerfCost-fa65: Processed 4960 samples out of 10000, 0 errors
01:06:56,456 INFO Experiment.PerfCost-fa65: Processed 4970 samples out of 10000, 0 errors
01:07:06,664 INFO Experiment.PerfCost-fa65: Processed 4980 samples out of 10000, 0 errors
01:07:16,866 INFO Experiment.PerfCost-fa65: Processed 4990 samples out of 10000, 0 errors
01:07:27,70 INFO Experiment.PerfCost-fa65: Processed 5000 samples out of 10000, 0 errors
01:07:37,281 INFO Experiment.PerfCost-fa65: Processed 5010 samples out of 10000, 0 errors
01:07:47,478 INFO Experiment.PerfCost-fa65: Processed 5020 samples out of 10000, 0 errors
01:07:57,732 INFO Experiment.PerfCost-fa65: Processed 5030 samples out of 10000, 0 errors
01:08:07,944 INFO Experiment.PerfCost-fa65: Processed 5040 samples out of 10000, 0 errors
01:08:18,131 INFO Experiment.PerfCost-fa65: Processed 5050 samples out of 10000, 0 errors
01:08:28,338 INFO Experiment.PerfCost-fa65: Processed 5060 samples out of 10000, 0 errors
01:08:38,528 INFO Experiment.PerfCost-fa65: Processed 5070 samples out of 10000, 0 errors
01:08:48,732 INFO Experiment.PerfCost-fa65: Processed 5080 samples out of 10000, 0 errors
01:08:58,908 INFO Experiment.PerfCost-fa65: Processed 5090 samples out of 10000, 0 errors
01:09:09,172 INFO Experiment.PerfCost-fa65: Processed 5100 samples out of 10000, 0 errors
01:09:19,370 INFO Experiment.PerfCost-fa65: Processed 5110 samples out of 10000, 0 errors
01:09:29,560 INFO Experiment.PerfCost-fa65: Processed 5120 samples out of 10000, 0 errors
01:09:39,761 INFO Experiment.PerfCost-fa65: Processed 5130 samples out of 10000, 0 errors
01:09:49,962 INFO Experiment.PerfCost-fa65: Processed 5140 samples out of 10000, 0 errors
01:10:00,161 INFO Experiment.PerfCost-fa65: Processed 5150 samples out of 10000, 0 errors
01:10:10,370 INFO Experiment.PerfCost-fa65: Processed 5160 samples out of 10000, 0 errors
01:10:20,573 INFO Experiment.PerfCost-fa65: Processed 5170 samples out of 10000, 0 errors
01:10:30,778 INFO Experiment.PerfCost-fa65: Processed 5180 samples out of 10000, 0 errors
01:10:40,982 INFO Experiment.PerfCost-fa65: Processed 5190 samples out of 10000, 0 errors
01:10:51,176 INFO Experiment.PerfCost-fa65: Processed 5200 samples out of 10000, 0 errors
01:11:01,383 INFO Experiment.PerfCost-fa65: Processed 5210 samples out of 10000, 0 errors
01:11:11,572 INFO Experiment.PerfCost-fa65: Processed 5220 samples out of 10000, 0 errors
01:11:21,770 INFO Experiment.PerfCost-fa65: Processed 5230 samples out of 10000, 0 errors
01:11:31,965 INFO Experiment.PerfCost-fa65: Processed 5240 samples out of 10000, 0 errors
01:11:42,161 INFO Experiment.PerfCost-fa65: Processed 5250 samples out of 10000, 0 errors
01:11:52,359 INFO Experiment.PerfCost-fa65: Processed 5260 samples out of 10000, 0 errors
01:12:02,570 INFO Experiment.PerfCost-fa65: Processed 5270 samples out of 10000, 0 errors
01:12:12,762 INFO Experiment.PerfCost-fa65: Processed 5280 samples out of 10000, 0 errors
01:12:22,969 INFO Experiment.PerfCost-fa65: Processed 5290 samples out of 10000, 0 errors
01:12:33,163 INFO Experiment.PerfCost-fa65: Processed 5300 samples out of 10000, 0 errors
01:12:43,363 INFO Experiment.PerfCost-fa65: Processed 5310 samples out of 10000, 0 errors
01:12:53,583 INFO Experiment.PerfCost-fa65: Processed 5320 samples out of 10000, 0 errors
01:13:03,776 INFO Experiment.PerfCost-fa65: Processed 5330 samples out of 10000, 0 errors
01:13:13,981 INFO Experiment.PerfCost-fa65: Processed 5340 samples out of 10000, 0 errors
01:13:24,166 INFO Experiment.PerfCost-fa65: Processed 5350 samples out of 10000, 0 errors
01:13:34,382 INFO Experiment.PerfCost-fa65: Processed 5360 samples out of 10000, 0 errors
01:13:44,584 INFO Experiment.PerfCost-fa65: Processed 5370 samples out of 10000, 0 errors
01:13:54,812 INFO Experiment.PerfCost-fa65: Processed 5380 samples out of 10000, 0 errors
01:14:05,11 INFO Experiment.PerfCost-fa65: Processed 5390 samples out of 10000, 0 errors
01:14:15,275 INFO Experiment.PerfCost-fa65: Processed 5400 samples out of 10000, 0 errors
01:14:25,470 INFO Experiment.PerfCost-fa65: Processed 5410 samples out of 10000, 0 errors
01:14:35,677 INFO Experiment.PerfCost-fa65: Processed 5420 samples out of 10000, 0 errors
01:14:45,867 INFO Experiment.PerfCost-fa65: Processed 5430 samples out of 10000, 0 errors
01:14:56,71 INFO Experiment.PerfCost-fa65: Processed 5440 samples out of 10000, 0 errors
01:15:06,262 INFO Experiment.PerfCost-fa65: Processed 5450 samples out of 10000, 0 errors
01:15:16,459 INFO Experiment.PerfCost-fa65: Processed 5460 samples out of 10000, 0 errors
01:15:26,670 INFO Experiment.PerfCost-fa65: Processed 5470 samples out of 10000, 0 errors
01:15:36,859 INFO Experiment.PerfCost-fa65: Processed 5480 samples out of 10000, 0 errors
01:15:47,57 INFO Experiment.PerfCost-fa65: Processed 5490 samples out of 10000, 0 errors
01:15:57,253 INFO Experiment.PerfCost-fa65: Processed 5500 samples out of 10000, 0 errors
01:16:07,447 INFO Experiment.PerfCost-fa65: Processed 5510 samples out of 10000, 0 errors
01:16:17,634 INFO Experiment.PerfCost-fa65: Processed 5520 samples out of 10000, 0 errors
01:16:27,900 INFO Experiment.PerfCost-fa65: Processed 5530 samples out of 10000, 0 errors
01:16:38,94 INFO Experiment.PerfCost-fa65: Processed 5540 samples out of 10000, 0 errors
01:16:48,378 INFO Experiment.PerfCost-fa65: Processed 5550 samples out of 10000, 0 errors
01:16:58,560 INFO Experiment.PerfCost-fa65: Processed 5560 samples out of 10000, 0 errors
01:17:08,758 INFO Experiment.PerfCost-fa65: Processed 5570 samples out of 10000, 0 errors
01:17:18,970 INFO Experiment.PerfCost-fa65: Processed 5580 samples out of 10000, 0 errors
01:17:29,178 INFO Experiment.PerfCost-fa65: Processed 5590 samples out of 10000, 0 errors
01:17:39,383 INFO Experiment.PerfCost-fa65: Processed 5600 samples out of 10000, 0 errors
01:17:49,578 INFO Experiment.PerfCost-fa65: Processed 5610 samples out of 10000, 0 errors
01:17:59,803 INFO Experiment.PerfCost-fa65: Processed 5620 samples out of 10000, 0 errors
01:18:10,18 INFO Experiment.PerfCost-fa65: Processed 5630 samples out of 10000, 0 errors
01:18:20,225 INFO Experiment.PerfCost-fa65: Processed 5640 samples out of 10000, 0 errors
01:18:30,431 INFO Experiment.PerfCost-fa65: Processed 5650 samples out of 10000, 0 errors
01:18:40,623 INFO Experiment.PerfCost-fa65: Processed 5660 samples out of 10000, 0 errors
01:18:50,828 INFO Experiment.PerfCost-fa65: Processed 5670 samples out of 10000, 0 errors
01:19:01,31 INFO Experiment.PerfCost-fa65: Processed 5680 samples out of 10000, 0 errors
01:19:11,229 INFO Experiment.PerfCost-fa65: Processed 5690 samples out of 10000, 0 errors
01:19:21,495 INFO Experiment.PerfCost-fa65: Processed 5700 samples out of 10000, 0 errors
01:19:31,724 INFO Experiment.PerfCost-fa65: Processed 5710 samples out of 10000, 0 errors
01:19:41,918 INFO Experiment.PerfCost-fa65: Processed 5720 samples out of 10000, 0 errors
01:19:52,106 INFO Experiment.PerfCost-fa65: Processed 5730 samples out of 10000, 0 errors
01:20:02,302 INFO Experiment.PerfCost-fa65: Processed 5740 samples out of 10000, 0 errors
01:20:12,488 INFO Experiment.PerfCost-fa65: Processed 5750 samples out of 10000, 0 errors
01:20:22,695 INFO Experiment.PerfCost-fa65: Processed 5760 samples out of 10000, 0 errors
01:20:32,887 INFO Experiment.PerfCost-fa65: Processed 5770 samples out of 10000, 0 errors
01:20:43,100 INFO Experiment.PerfCost-fa65: Processed 5780 samples out of 10000, 0 errors
01:20:53,339 INFO Experiment.PerfCost-fa65: Processed 5790 samples out of 10000, 0 errors
01:21:03,545 INFO Experiment.PerfCost-fa65: Processed 5800 samples out of 10000, 0 errors
01:21:13,747 INFO Experiment.PerfCost-fa65: Processed 5810 samples out of 10000, 0 errors
01:21:23,958 INFO Experiment.PerfCost-fa65: Processed 5820 samples out of 10000, 0 errors
01:21:34,162 INFO Experiment.PerfCost-fa65: Processed 5830 samples out of 10000, 0 errors
01:21:44,354 INFO Experiment.PerfCost-fa65: Processed 5840 samples out of 10000, 0 errors
01:21:54,558 INFO Experiment.PerfCost-fa65: Processed 5850 samples out of 10000, 0 errors
01:22:04,753 INFO Experiment.PerfCost-fa65: Processed 5860 samples out of 10000, 0 errors
01:22:14,948 INFO Experiment.PerfCost-fa65: Processed 5870 samples out of 10000, 0 errors
01:22:25,164 INFO Experiment.PerfCost-fa65: Processed 5880 samples out of 10000, 0 errors
01:22:35,351 INFO Experiment.PerfCost-fa65: Processed 5890 samples out of 10000, 0 errors
01:22:45,550 INFO Experiment.PerfCost-fa65: Processed 5900 samples out of 10000, 0 errors
01:22:55,769 INFO Experiment.PerfCost-fa65: Processed 5910 samples out of 10000, 0 errors
01:23:05,967 INFO Experiment.PerfCost-fa65: Processed 5920 samples out of 10000, 0 errors
01:23:16,172 INFO Experiment.PerfCost-fa65: Processed 5930 samples out of 10000, 0 errors
01:23:26,376 INFO Experiment.PerfCost-fa65: Processed 5940 samples out of 10000, 0 errors
01:23:36,581 INFO Experiment.PerfCost-fa65: Processed 5950 samples out of 10000, 0 errors
01:23:46,772 INFO Experiment.PerfCost-fa65: Processed 5960 samples out of 10000, 0 errors
01:23:56,969 INFO Experiment.PerfCost-fa65: Processed 5970 samples out of 10000, 0 errors
01:24:07,171 INFO Experiment.PerfCost-fa65: Processed 5980 samples out of 10000, 0 errors
01:24:17,368 INFO Experiment.PerfCost-fa65: Processed 5990 samples out of 10000, 0 errors
01:24:27,620 INFO Experiment.PerfCost-fa65: Processed 6000 samples out of 10000, 0 errors
01:24:37,825 INFO Experiment.PerfCost-fa65: Processed 6010 samples out of 10000, 0 errors
01:24:48,29 INFO Experiment.PerfCost-fa65: Processed 6020 samples out of 10000, 0 errors
01:24:58,235 INFO Experiment.PerfCost-fa65: Processed 6030 samples out of 10000, 0 errors
01:25:08,420 INFO Experiment.PerfCost-fa65: Processed 6040 samples out of 10000, 0 errors
01:25:18,625 INFO Experiment.PerfCost-fa65: Processed 6050 samples out of 10000, 0 errors
01:25:28,901 INFO Experiment.PerfCost-fa65: Processed 6060 samples out of 10000, 0 errors
01:25:39,98 INFO Experiment.PerfCost-fa65: Processed 6070 samples out of 10000, 0 errors
01:25:49,293 INFO Experiment.PerfCost-fa65: Processed 6080 samples out of 10000, 0 errors
01:25:59,483 INFO Experiment.PerfCost-fa65: Processed 6090 samples out of 10000, 0 errors
01:26:09,685 INFO Experiment.PerfCost-fa65: Processed 6100 samples out of 10000, 0 errors
01:26:19,880 INFO Experiment.PerfCost-fa65: Processed 6110 samples out of 10000, 0 errors
01:26:30,88 INFO Experiment.PerfCost-fa65: Processed 6120 samples out of 10000, 0 errors
01:26:40,288 INFO Experiment.PerfCost-fa65: Processed 6130 samples out of 10000, 0 errors
01:26:50,494 INFO Experiment.PerfCost-fa65: Processed 6140 samples out of 10000, 0 errors
01:27:00,706 INFO Experiment.PerfCost-fa65: Processed 6150 samples out of 10000, 0 errors
01:27:10,908 INFO Experiment.PerfCost-fa65: Processed 6160 samples out of 10000, 0 errors
01:27:21,100 INFO Experiment.PerfCost-fa65: Processed 6170 samples out of 10000, 0 errors
01:27:31,307 INFO Experiment.PerfCost-fa65: Processed 6180 samples out of 10000, 0 errors
01:27:41,518 INFO Experiment.PerfCost-fa65: Processed 6190 samples out of 10000, 0 errors
01:27:51,712 INFO Experiment.PerfCost-fa65: Processed 6200 samples out of 10000, 0 errors
01:28:01,909 INFO Experiment.PerfCost-fa65: Processed 6210 samples out of 10000, 0 errors
01:28:12,109 INFO Experiment.PerfCost-fa65: Processed 6220 samples out of 10000, 0 errors
01:28:22,299 INFO Experiment.PerfCost-fa65: Processed 6230 samples out of 10000, 0 errors
01:28:32,506 INFO Experiment.PerfCost-fa65: Processed 6240 samples out of 10000, 0 errors
01:28:42,715 INFO Experiment.PerfCost-fa65: Processed 6250 samples out of 10000, 0 errors
01:28:52,930 INFO Experiment.PerfCost-fa65: Processed 6260 samples out of 10000, 0 errors
01:29:03,123 INFO Experiment.PerfCost-fa65: Processed 6270 samples out of 10000, 0 errors
01:29:13,327 INFO Experiment.PerfCost-fa65: Processed 6280 samples out of 10000, 0 errors
01:29:23,526 INFO Experiment.PerfCost-fa65: Processed 6290 samples out of 10000, 0 errors
01:29:33,775 INFO Experiment.PerfCost-fa65: Processed 6300 samples out of 10000, 0 errors
01:29:43,980 INFO Experiment.PerfCost-fa65: Processed 6310 samples out of 10000, 0 errors
01:29:54,189 INFO Experiment.PerfCost-fa65: Processed 6320 samples out of 10000, 0 errors
01:30:04,382 INFO Experiment.PerfCost-fa65: Processed 6330 samples out of 10000, 0 errors
01:30:14,574 INFO Experiment.PerfCost-fa65: Processed 6340 samples out of 10000, 0 errors
01:30:24,775 INFO Experiment.PerfCost-fa65: Processed 6350 samples out of 10000, 0 errors
01:30:34,978 INFO Experiment.PerfCost-fa65: Processed 6360 samples out of 10000, 0 errors
01:30:45,179 INFO Experiment.PerfCost-fa65: Processed 6370 samples out of 10000, 0 errors
01:30:55,376 INFO Experiment.PerfCost-fa65: Processed 6380 samples out of 10000, 0 errors
01:31:05,581 INFO Experiment.PerfCost-fa65: Processed 6390 samples out of 10000, 0 errors
01:31:15,770 INFO Experiment.PerfCost-fa65: Processed 6400 samples out of 10000, 0 errors
01:31:25,971 INFO Experiment.PerfCost-fa65: Processed 6410 samples out of 10000, 0 errors
01:31:36,173 INFO Experiment.PerfCost-fa65: Processed 6420 samples out of 10000, 0 errors
01:31:46,385 INFO Experiment.PerfCost-fa65: Processed 6430 samples out of 10000, 0 errors
01:31:56,599 INFO Experiment.PerfCost-fa65: Processed 6440 samples out of 10000, 0 errors
01:32:06,809 INFO Experiment.PerfCost-fa65: Processed 6450 samples out of 10000, 0 errors
01:32:17,15 INFO Experiment.PerfCost-fa65: Processed 6460 samples out of 10000, 0 errors
01:32:27,213 INFO Experiment.PerfCost-fa65: Processed 6470 samples out of 10000, 0 errors
01:32:37,417 INFO Experiment.PerfCost-fa65: Processed 6480 samples out of 10000, 0 errors
01:32:47,610 INFO Experiment.PerfCost-fa65: Processed 6490 samples out of 10000, 0 errors
01:32:57,817 INFO Experiment.PerfCost-fa65: Processed 6500 samples out of 10000, 0 errors
01:33:08,28 INFO Experiment.PerfCost-fa65: Processed 6510 samples out of 10000, 0 errors
01:33:18,229 INFO Experiment.PerfCost-fa65: Processed 6520 samples out of 10000, 0 errors
01:33:28,435 INFO Experiment.PerfCost-fa65: Processed 6530 samples out of 10000, 0 errors
01:33:38,627 INFO Experiment.PerfCost-fa65: Processed 6540 samples out of 10000, 0 errors
01:33:48,820 INFO Experiment.PerfCost-fa65: Processed 6550 samples out of 10000, 0 errors
01:33:59,28 INFO Experiment.PerfCost-fa65: Processed 6560 samples out of 10000, 0 errors
01:34:09,226 INFO Experiment.PerfCost-fa65: Processed 6570 samples out of 10000, 0 errors
01:34:19,413 INFO Experiment.PerfCost-fa65: Processed 6580 samples out of 10000, 0 errors
01:34:29,612 INFO Experiment.PerfCost-fa65: Processed 6590 samples out of 10000, 0 errors
01:34:39,875 INFO Experiment.PerfCost-fa65: Processed 6600 samples out of 10000, 0 errors
01:34:50,81 INFO Experiment.PerfCost-fa65: Processed 6610 samples out of 10000, 0 errors
01:35:00,290 INFO Experiment.PerfCost-fa65: Processed 6620 samples out of 10000, 0 errors
01:35:10,499 INFO Experiment.PerfCost-fa65: Processed 6630 samples out of 10000, 0 errors
01:35:20,705 INFO Experiment.PerfCost-fa65: Processed 6640 samples out of 10000, 0 errors
01:35:30,901 INFO Experiment.PerfCost-fa65: Processed 6650 samples out of 10000, 0 errors
01:35:41,111 INFO Experiment.PerfCost-fa65: Processed 6660 samples out of 10000, 0 errors
01:35:51,321 INFO Experiment.PerfCost-fa65: Processed 6670 samples out of 10000, 0 errors
01:36:01,529 INFO Experiment.PerfCost-fa65: Processed 6680 samples out of 10000, 0 errors
01:36:11,735 INFO Experiment.PerfCost-fa65: Processed 6690 samples out of 10000, 0 errors
01:36:21,937 INFO Experiment.PerfCost-fa65: Processed 6700 samples out of 10000, 0 errors
01:36:32,132 INFO Experiment.PerfCost-fa65: Processed 6710 samples out of 10000, 0 errors
01:36:42,340 INFO Experiment.PerfCost-fa65: Processed 6720 samples out of 10000, 0 errors
01:36:52,536 INFO Experiment.PerfCost-fa65: Processed 6730 samples out of 10000, 0 errors
01:37:02,731 INFO Experiment.PerfCost-fa65: Processed 6740 samples out of 10000, 0 errors
01:37:12,940 INFO Experiment.PerfCost-fa65: Processed 6750 samples out of 10000, 0 errors
01:37:23,138 INFO Experiment.PerfCost-fa65: Processed 6760 samples out of 10000, 0 errors
01:37:33,337 INFO Experiment.PerfCost-fa65: Processed 6770 samples out of 10000, 0 errors
01:37:43,554 INFO Experiment.PerfCost-fa65: Processed 6780 samples out of 10000, 0 errors
01:37:53,772 INFO Experiment.PerfCost-fa65: Processed 6790 samples out of 10000, 0 errors
01:38:03,978 INFO Experiment.PerfCost-fa65: Processed 6800 samples out of 10000, 0 errors
01:38:14,184 INFO Experiment.PerfCost-fa65: Processed 6810 samples out of 10000, 0 errors
01:38:24,390 INFO Experiment.PerfCost-fa65: Processed 6820 samples out of 10000, 0 errors
01:38:34,588 INFO Experiment.PerfCost-fa65: Processed 6830 samples out of 10000, 0 errors
01:38:44,813 INFO Experiment.PerfCost-fa65: Processed 6840 samples out of 10000, 0 errors
01:38:55,41 INFO Experiment.PerfCost-fa65: Processed 6850 samples out of 10000, 0 errors
01:39:05,256 INFO Experiment.PerfCost-fa65: Processed 6860 samples out of 10000, 0 errors
01:39:15,450 INFO Experiment.PerfCost-fa65: Processed 6870 samples out of 10000, 0 errors
01:39:25,660 INFO Experiment.PerfCost-fa65: Processed 6880 samples out of 10000, 0 errors
01:39:35,864 INFO Experiment.PerfCost-fa65: Processed 6890 samples out of 10000, 0 errors
01:39:46,158 INFO Experiment.PerfCost-fa65: Processed 6900 samples out of 10000, 0 errors
01:39:56,356 INFO Experiment.PerfCost-fa65: Processed 6910 samples out of 10000, 0 errors
01:40:06,558 INFO Experiment.PerfCost-fa65: Processed 6920 samples out of 10000, 0 errors
01:40:16,782 INFO Experiment.PerfCost-fa65: Processed 6930 samples out of 10000, 0 errors
01:40:26,989 INFO Experiment.PerfCost-fa65: Processed 6940 samples out of 10000, 0 errors
01:40:37,185 INFO Experiment.PerfCost-fa65: Processed 6950 samples out of 10000, 0 errors
01:40:47,394 INFO Experiment.PerfCost-fa65: Processed 6960 samples out of 10000, 0 errors
01:40:57,594 INFO Experiment.PerfCost-fa65: Processed 6970 samples out of 10000, 0 errors
01:41:07,802 INFO Experiment.PerfCost-fa65: Processed 6980 samples out of 10000, 0 errors
01:41:18,10 INFO Experiment.PerfCost-fa65: Processed 6990 samples out of 10000, 0 errors
01:41:28,221 INFO Experiment.PerfCost-fa65: Processed 7000 samples out of 10000, 0 errors
01:41:38,411 INFO Experiment.PerfCost-fa65: Processed 7010 samples out of 10000, 0 errors
01:41:48,623 INFO Experiment.PerfCost-fa65: Processed 7020 samples out of 10000, 0 errors
01:41:58,815 INFO Experiment.PerfCost-fa65: Processed 7030 samples out of 10000, 0 errors
01:42:09,26 INFO Experiment.PerfCost-fa65: Processed 7040 samples out of 10000, 0 errors
01:42:19,234 INFO Experiment.PerfCost-fa65: Processed 7050 samples out of 10000, 0 errors
01:42:29,440 INFO Experiment.PerfCost-fa65: Processed 7060 samples out of 10000, 0 errors
01:42:39,643 INFO Experiment.PerfCost-fa65: Processed 7070 samples out of 10000, 0 errors
01:42:49,846 INFO Experiment.PerfCost-fa65: Processed 7080 samples out of 10000, 0 errors
01:43:00,66 INFO Experiment.PerfCost-fa65: Processed 7090 samples out of 10000, 0 errors
01:43:10,272 INFO Experiment.PerfCost-fa65: Processed 7100 samples out of 10000, 0 errors
01:43:20,476 INFO Experiment.PerfCost-fa65: Processed 7110 samples out of 10000, 0 errors
01:43:30,746 INFO Experiment.PerfCost-fa65: Processed 7120 samples out of 10000, 0 errors
01:43:40,958 INFO Experiment.PerfCost-fa65: Processed 7130 samples out of 10000, 0 errors
01:43:51,180 INFO Experiment.PerfCost-fa65: Processed 7140 samples out of 10000, 0 errors
01:44:01,377 INFO Experiment.PerfCost-fa65: Processed 7150 samples out of 10000, 0 errors
01:44:11,569 INFO Experiment.PerfCost-fa65: Processed 7160 samples out of 10000, 0 errors
01:44:21,777 INFO Experiment.PerfCost-fa65: Processed 7170 samples out of 10000, 0 errors
01:44:31,976 INFO Experiment.PerfCost-fa65: Processed 7180 samples out of 10000, 0 errors
01:44:42,174 INFO Experiment.PerfCost-fa65: Processed 7190 samples out of 10000, 0 errors
01:44:52,438 INFO Experiment.PerfCost-fa65: Processed 7200 samples out of 10000, 0 errors
01:45:02,650 INFO Experiment.PerfCost-fa65: Processed 7210 samples out of 10000, 0 errors
01:45:12,851 INFO Experiment.PerfCost-fa65: Processed 7220 samples out of 10000, 0 errors
01:45:23,53 INFO Experiment.PerfCost-fa65: Processed 7230 samples out of 10000, 0 errors
01:45:33,264 INFO Experiment.PerfCost-fa65: Processed 7240 samples out of 10000, 0 errors
01:45:43,468 INFO Experiment.PerfCost-fa65: Processed 7250 samples out of 10000, 0 errors
01:45:53,664 INFO Experiment.PerfCost-fa65: Processed 7260 samples out of 10000, 0 errors
01:46:03,865 INFO Experiment.PerfCost-fa65: Processed 7270 samples out of 10000, 0 errors
01:46:14,79 INFO Experiment.PerfCost-fa65: Processed 7280 samples out of 10000, 0 errors
01:46:24,285 INFO Experiment.PerfCost-fa65: Processed 7290 samples out of 10000, 0 errors
01:46:34,492 INFO Experiment.PerfCost-fa65: Processed 7300 samples out of 10000, 0 errors
01:46:44,706 INFO Experiment.PerfCost-fa65: Processed 7310 samples out of 10000, 0 errors
01:46:54,903 INFO Experiment.PerfCost-fa65: Processed 7320 samples out of 10000, 0 errors
01:47:05,107 INFO Experiment.PerfCost-fa65: Processed 7330 samples out of 10000, 0 errors
01:47:15,316 INFO Experiment.PerfCost-fa65: Processed 7340 samples out of 10000, 0 errors
01:47:25,523 INFO Experiment.PerfCost-fa65: Processed 7350 samples out of 10000, 0 errors
01:47:35,716 INFO Experiment.PerfCost-fa65: Processed 7360 samples out of 10000, 0 errors
01:47:45,907 INFO Experiment.PerfCost-fa65: Processed 7370 samples out of 10000, 0 errors
01:47:56,129 INFO Experiment.PerfCost-fa65: Processed 7380 samples out of 10000, 0 errors
01:48:06,375 INFO Experiment.PerfCost-fa65: Processed 7390 samples out of 10000, 0 errors
01:48:16,593 INFO Experiment.PerfCost-fa65: Processed 7400 samples out of 10000, 0 errors
01:48:26,805 INFO Experiment.PerfCost-fa65: Processed 7410 samples out of 10000, 0 errors
01:48:37,9 INFO Experiment.PerfCost-fa65: Processed 7420 samples out of 10000, 0 errors
01:48:47,209 INFO Experiment.PerfCost-fa65: Processed 7430 samples out of 10000, 0 errors
01:48:57,421 INFO Experiment.PerfCost-fa65: Processed 7440 samples out of 10000, 0 errors
01:49:07,638 INFO Experiment.PerfCost-fa65: Processed 7450 samples out of 10000, 0 errors
01:49:17,846 INFO Experiment.PerfCost-fa65: Processed 7460 samples out of 10000, 0 errors
01:49:28,53 INFO Experiment.PerfCost-fa65: Processed 7470 samples out of 10000, 0 errors
01:49:38,252 INFO Experiment.PerfCost-fa65: Processed 7480 samples out of 10000, 0 errors
01:49:48,443 INFO Experiment.PerfCost-fa65: Processed 7490 samples out of 10000, 0 errors
01:49:58,712 INFO Experiment.PerfCost-fa65: Processed 7500 samples out of 10000, 0 errors
01:50:08,923 INFO Experiment.PerfCost-fa65: Processed 7510 samples out of 10000, 0 errors
01:50:19,140 INFO Experiment.PerfCost-fa65: Processed 7520 samples out of 10000, 0 errors
01:50:29,340 INFO Experiment.PerfCost-fa65: Processed 7530 samples out of 10000, 0 errors
01:50:39,549 INFO Experiment.PerfCost-fa65: Processed 7540 samples out of 10000, 0 errors
01:50:49,752 INFO Experiment.PerfCost-fa65: Processed 7550 samples out of 10000, 0 errors
01:50:59,955 INFO Experiment.PerfCost-fa65: Processed 7560 samples out of 10000, 0 errors
01:51:10,153 INFO Experiment.PerfCost-fa65: Processed 7570 samples out of 10000, 0 errors
01:51:20,365 INFO Experiment.PerfCost-fa65: Processed 7580 samples out of 10000, 0 errors
01:51:30,574 INFO Experiment.PerfCost-fa65: Processed 7590 samples out of 10000, 0 errors
01:51:40,782 INFO Experiment.PerfCost-fa65: Processed 7600 samples out of 10000, 0 errors
01:51:50,993 INFO Experiment.PerfCost-fa65: Processed 7610 samples out of 10000, 0 errors
01:52:01,199 INFO Experiment.PerfCost-fa65: Processed 7620 samples out of 10000, 0 errors
01:52:11,395 INFO Experiment.PerfCost-fa65: Processed 7630 samples out of 10000, 0 errors
01:52:21,607 INFO Experiment.PerfCost-fa65: Processed 7640 samples out of 10000, 0 errors
01:52:31,813 INFO Experiment.PerfCost-fa65: Processed 7650 samples out of 10000, 0 errors
01:52:42,11 INFO Experiment.PerfCost-fa65: Processed 7660 samples out of 10000, 0 errors
01:52:52,216 INFO Experiment.PerfCost-fa65: Processed 7670 samples out of 10000, 0 errors
01:53:02,432 INFO Experiment.PerfCost-fa65: Processed 7680 samples out of 10000, 0 errors
01:53:12,660 INFO Experiment.PerfCost-fa65: Processed 7690 samples out of 10000, 0 errors
01:53:22,870 INFO Experiment.PerfCost-fa65: Processed 7700 samples out of 10000, 0 errors
01:53:33,77 INFO Experiment.PerfCost-fa65: Processed 7710 samples out of 10000, 0 errors
01:53:43,280 INFO Experiment.PerfCost-fa65: Processed 7720 samples out of 10000, 0 errors
01:53:53,475 INFO Experiment.PerfCost-fa65: Processed 7730 samples out of 10000, 0 errors
01:54:03,688 INFO Experiment.PerfCost-fa65: Processed 7740 samples out of 10000, 0 errors
01:54:13,890 INFO Experiment.PerfCost-fa65: Processed 7750 samples out of 10000, 0 errors
01:54:24,97 INFO Experiment.PerfCost-fa65: Processed 7760 samples out of 10000, 0 errors
01:54:34,305 INFO Experiment.PerfCost-fa65: Processed 7770 samples out of 10000, 0 errors
01:54:44,502 INFO Experiment.PerfCost-fa65: Processed 7780 samples out of 10000, 0 errors
01:54:54,701 INFO Experiment.PerfCost-fa65: Processed 7790 samples out of 10000, 0 errors
01:55:04,967 INFO Experiment.PerfCost-fa65: Processed 7800 samples out of 10000, 0 errors
01:55:15,171 INFO Experiment.PerfCost-fa65: Processed 7810 samples out of 10000, 0 errors
01:55:25,379 INFO Experiment.PerfCost-fa65: Processed 7820 samples out of 10000, 0 errors
01:55:35,581 INFO Experiment.PerfCost-fa65: Processed 7830 samples out of 10000, 0 errors
01:55:45,788 INFO Experiment.PerfCost-fa65: Processed 7840 samples out of 10000, 0 errors
01:55:55,992 INFO Experiment.PerfCost-fa65: Processed 7850 samples out of 10000, 0 errors
01:56:06,211 INFO Experiment.PerfCost-fa65: Processed 7860 samples out of 10000, 0 errors
01:56:16,421 INFO Experiment.PerfCost-fa65: Processed 7870 samples out of 10000, 0 errors
01:56:26,619 INFO Experiment.PerfCost-fa65: Processed 7880 samples out of 10000, 0 errors
01:56:36,795 INFO Experiment.PerfCost-fa65: Processed 7890 samples out of 10000, 0 errors
01:56:47,16 INFO Experiment.PerfCost-fa65: Processed 7900 samples out of 10000, 0 errors
01:56:57,227 INFO Experiment.PerfCost-fa65: Processed 7910 samples out of 10000, 0 errors
01:57:07,446 INFO Experiment.PerfCost-fa65: Processed 7920 samples out of 10000, 0 errors
01:57:17,662 INFO Experiment.PerfCost-fa65: Processed 7930 samples out of 10000, 0 errors
01:57:27,867 INFO Experiment.PerfCost-fa65: Processed 7940 samples out of 10000, 0 errors
01:57:38,75 INFO Experiment.PerfCost-fa65: Processed 7950 samples out of 10000, 0 errors
01:57:48,283 INFO Experiment.PerfCost-fa65: Processed 7960 samples out of 10000, 0 errors
01:57:58,495 INFO Experiment.PerfCost-fa65: Processed 7970 samples out of 10000, 0 errors
01:58:08,699 INFO Experiment.PerfCost-fa65: Processed 7980 samples out of 10000, 0 errors
01:58:18,895 INFO Experiment.PerfCost-fa65: Processed 7990 samples out of 10000, 0 errors
01:58:29,124 INFO Experiment.PerfCost-fa65: Processed 8000 samples out of 10000, 0 errors
01:58:39,315 INFO Experiment.PerfCost-fa65: Processed 8010 samples out of 10000, 0 errors
01:58:49,520 INFO Experiment.PerfCost-fa65: Processed 8020 samples out of 10000, 0 errors
01:58:59,731 INFO Experiment.PerfCost-fa65: Processed 8030 samples out of 10000, 0 errors
01:59:09,952 INFO Experiment.PerfCost-fa65: Processed 8040 samples out of 10000, 0 errors
01:59:20,156 INFO Experiment.PerfCost-fa65: Processed 8050 samples out of 10000, 0 errors
01:59:30,362 INFO Experiment.PerfCost-fa65: Processed 8060 samples out of 10000, 0 errors
01:59:40,582 INFO Experiment.PerfCost-fa65: Processed 8070 samples out of 10000, 0 errors
01:59:50,803 INFO Experiment.PerfCost-fa65: Processed 8080 samples out of 10000, 0 errors
02:00:01,241 INFO Experiment.PerfCost-fa65: Processed 8090 samples out of 10000, 0 errors
02:00:11,525 INFO Experiment.PerfCost-fa65: Processed 8100 samples out of 10000, 0 errors
02:00:21,732 INFO Experiment.PerfCost-fa65: Processed 8110 samples out of 10000, 0 errors
02:00:31,942 INFO Experiment.PerfCost-fa65: Processed 8120 samples out of 10000, 0 errors
02:00:42,141 INFO Experiment.PerfCost-fa65: Processed 8130 samples out of 10000, 0 errors
02:00:52,351 INFO Experiment.PerfCost-fa65: Processed 8140 samples out of 10000, 0 errors
02:01:02,560 INFO Experiment.PerfCost-fa65: Processed 8150 samples out of 10000, 0 errors
02:01:12,780 INFO Experiment.PerfCost-fa65: Processed 8160 samples out of 10000, 0 errors
02:01:22,981 INFO Experiment.PerfCost-fa65: Processed 8170 samples out of 10000, 0 errors
02:01:33,204 INFO Experiment.PerfCost-fa65: Processed 8180 samples out of 10000, 0 errors
02:01:43,426 INFO Experiment.PerfCost-fa65: Processed 8190 samples out of 10000, 0 errors
02:01:53,640 INFO Experiment.PerfCost-fa65: Processed 8200 samples out of 10000, 0 errors
02:02:03,856 INFO Experiment.PerfCost-fa65: Processed 8210 samples out of 10000, 0 errors
02:02:14,70 INFO Experiment.PerfCost-fa65: Processed 8220 samples out of 10000, 0 errors
02:02:24,281 INFO Experiment.PerfCost-fa65: Processed 8230 samples out of 10000, 0 errors
02:02:34,497 INFO Experiment.PerfCost-fa65: Processed 8240 samples out of 10000, 0 errors
02:02:44,709 INFO Experiment.PerfCost-fa65: Processed 8250 samples out of 10000, 0 errors
02:02:54,915 INFO Experiment.PerfCost-fa65: Processed 8260 samples out of 10000, 0 errors
02:03:05,126 INFO Experiment.PerfCost-fa65: Processed 8270 samples out of 10000, 0 errors
02:03:15,337 INFO Experiment.PerfCost-fa65: Processed 8280 samples out of 10000, 0 errors
02:03:25,532 INFO Experiment.PerfCost-fa65: Processed 8290 samples out of 10000, 0 errors
02:03:35,733 INFO Experiment.PerfCost-fa65: Processed 8300 samples out of 10000, 0 errors
02:03:45,929 INFO Experiment.PerfCost-fa65: Processed 8310 samples out of 10000, 0 errors
02:03:56,141 INFO Experiment.PerfCost-fa65: Processed 8320 samples out of 10000, 0 errors
02:04:06,363 INFO Experiment.PerfCost-fa65: Processed 8330 samples out of 10000, 0 errors
02:04:16,567 INFO Experiment.PerfCost-fa65: Processed 8340 samples out of 10000, 0 errors
02:04:26,783 INFO Experiment.PerfCost-fa65: Processed 8350 samples out of 10000, 0 errors
02:04:37,4 INFO Experiment.PerfCost-fa65: Processed 8360 samples out of 10000, 0 errors
02:04:47,213 INFO Experiment.PerfCost-fa65: Processed 8370 samples out of 10000, 0 errors
02:04:57,433 INFO Experiment.PerfCost-fa65: Processed 8380 samples out of 10000, 0 errors
02:05:07,653 INFO Experiment.PerfCost-fa65: Processed 8390 samples out of 10000, 0 errors
02:05:17,907 INFO Experiment.PerfCost-fa65: Processed 8400 samples out of 10000, 0 errors
02:05:28,103 INFO Experiment.PerfCost-fa65: Processed 8410 samples out of 10000, 0 errors
02:05:38,302 INFO Experiment.PerfCost-fa65: Processed 8420 samples out of 10000, 0 errors
02:05:48,511 INFO Experiment.PerfCost-fa65: Processed 8430 samples out of 10000, 0 errors
02:05:58,741 INFO Experiment.PerfCost-fa65: Processed 8440 samples out of 10000, 0 errors
02:06:08,955 INFO Experiment.PerfCost-fa65: Processed 8450 samples out of 10000, 0 errors
02:06:19,184 INFO Experiment.PerfCost-fa65: Processed 8460 samples out of 10000, 0 errors
02:06:29,397 INFO Experiment.PerfCost-fa65: Processed 8470 samples out of 10000, 0 errors
02:06:39,596 INFO Experiment.PerfCost-fa65: Processed 8480 samples out of 10000, 0 errors
02:06:49,804 INFO Experiment.PerfCost-fa65: Processed 8490 samples out of 10000, 0 errors
02:07:00,28 INFO Experiment.PerfCost-fa65: Processed 8500 samples out of 10000, 0 errors
02:07:10,230 INFO Experiment.PerfCost-fa65: Processed 8510 samples out of 10000, 0 errors
02:07:20,437 INFO Experiment.PerfCost-fa65: Processed 8520 samples out of 10000, 0 errors
02:07:30,649 INFO Experiment.PerfCost-fa65: Processed 8530 samples out of 10000, 0 errors
02:07:40,860 INFO Experiment.PerfCost-fa65: Processed 8540 samples out of 10000, 0 errors
02:07:51,59 INFO Experiment.PerfCost-fa65: Processed 8550 samples out of 10000, 0 errors
02:08:01,271 INFO Experiment.PerfCost-fa65: Processed 8560 samples out of 10000, 0 errors
02:08:11,481 INFO Experiment.PerfCost-fa65: Processed 8570 samples out of 10000, 0 errors
02:08:21,686 INFO Experiment.PerfCost-fa65: Processed 8580 samples out of 10000, 0 errors
02:08:31,884 INFO Experiment.PerfCost-fa65: Processed 8590 samples out of 10000, 0 errors
02:08:42,97 INFO Experiment.PerfCost-fa65: Processed 8600 samples out of 10000, 0 errors
02:08:52,328 INFO Experiment.PerfCost-fa65: Processed 8610 samples out of 10000, 0 errors
02:09:02,528 INFO Experiment.PerfCost-fa65: Processed 8620 samples out of 10000, 0 errors
02:09:12,738 INFO Experiment.PerfCost-fa65: Processed 8630 samples out of 10000, 0 errors
02:09:22,926 INFO Experiment.PerfCost-fa65: Processed 8640 samples out of 10000, 0 errors
02:09:33,121 INFO Experiment.PerfCost-fa65: Processed 8650 samples out of 10000, 0 errors
02:09:43,336 INFO Experiment.PerfCost-fa65: Processed 8660 samples out of 10000, 0 errors
02:09:53,542 INFO Experiment.PerfCost-fa65: Processed 8670 samples out of 10000, 0 errors
02:10:03,755 INFO Experiment.PerfCost-fa65: Processed 8680 samples out of 10000, 0 errors
02:10:13,973 INFO Experiment.PerfCost-fa65: Processed 8690 samples out of 10000, 0 errors
02:10:24,241 INFO Experiment.PerfCost-fa65: Processed 8700 samples out of 10000, 0 errors
02:10:34,455 INFO Experiment.PerfCost-fa65: Processed 8710 samples out of 10000, 0 errors
02:10:44,694 INFO Experiment.PerfCost-fa65: Processed 8720 samples out of 10000, 0 errors
02:10:54,910 INFO Experiment.PerfCost-fa65: Processed 8730 samples out of 10000, 0 errors
02:11:05,103 INFO Experiment.PerfCost-fa65: Processed 8740 samples out of 10000, 0 errors
02:11:15,319 INFO Experiment.PerfCost-fa65: Processed 8750 samples out of 10000, 0 errors
02:11:25,531 INFO Experiment.PerfCost-fa65: Processed 8760 samples out of 10000, 0 errors
02:11:35,751 INFO Experiment.PerfCost-fa65: Processed 8770 samples out of 10000, 0 errors
02:11:45,967 INFO Experiment.PerfCost-fa65: Processed 8780 samples out of 10000, 0 errors
02:11:56,183 INFO Experiment.PerfCost-fa65: Processed 8790 samples out of 10000, 0 errors
02:12:06,383 INFO Experiment.PerfCost-fa65: Processed 8800 samples out of 10000, 0 errors
02:12:16,590 INFO Experiment.PerfCost-fa65: Processed 8810 samples out of 10000, 0 errors
02:12:26,801 INFO Experiment.PerfCost-fa65: Processed 8820 samples out of 10000, 0 errors
02:12:37,27 INFO Experiment.PerfCost-fa65: Processed 8830 samples out of 10000, 0 errors
02:12:47,229 INFO Experiment.PerfCost-fa65: Processed 8840 samples out of 10000, 0 errors
02:12:57,440 INFO Experiment.PerfCost-fa65: Processed 8850 samples out of 10000, 0 errors
02:13:07,661 INFO Experiment.PerfCost-fa65: Processed 8860 samples out of 10000, 0 errors
02:13:17,856 INFO Experiment.PerfCost-fa65: Processed 8870 samples out of 10000, 0 errors
02:13:28,77 INFO Experiment.PerfCost-fa65: Processed 8880 samples out of 10000, 0 errors
02:13:38,289 INFO Experiment.PerfCost-fa65: Processed 8890 samples out of 10000, 0 errors
02:13:48,497 INFO Experiment.PerfCost-fa65: Processed 8900 samples out of 10000, 0 errors
02:13:58,704 INFO Experiment.PerfCost-fa65: Processed 8910 samples out of 10000, 0 errors
02:14:08,912 INFO Experiment.PerfCost-fa65: Processed 8920 samples out of 10000, 0 errors
02:14:19,136 INFO Experiment.PerfCost-fa65: Processed 8930 samples out of 10000, 0 errors
02:14:29,335 INFO Experiment.PerfCost-fa65: Processed 8940 samples out of 10000, 0 errors
02:14:39,540 INFO Experiment.PerfCost-fa65: Processed 8950 samples out of 10000, 0 errors
02:14:49,758 INFO Experiment.PerfCost-fa65: Processed 8960 samples out of 10000, 0 errors
02:14:59,974 INFO Experiment.PerfCost-fa65: Processed 8970 samples out of 10000, 0 errors
02:15:10,183 INFO Experiment.PerfCost-fa65: Processed 8980 samples out of 10000, 0 errors
02:15:20,387 INFO Experiment.PerfCost-fa65: Processed 8990 samples out of 10000, 0 errors
02:15:30,649 INFO Experiment.PerfCost-fa65: Processed 9000 samples out of 10000, 0 errors
02:15:40,909 INFO Experiment.PerfCost-fa65: Processed 9010 samples out of 10000, 0 errors
02:15:51,110 INFO Experiment.PerfCost-fa65: Processed 9020 samples out of 10000, 0 errors
02:16:01,321 INFO Experiment.PerfCost-fa65: Processed 9030 samples out of 10000, 0 errors
02:16:11,535 INFO Experiment.PerfCost-fa65: Processed 9040 samples out of 10000, 0 errors
02:16:21,737 INFO Experiment.PerfCost-fa65: Processed 9050 samples out of 10000, 0 errors
02:16:31,950 INFO Experiment.PerfCost-fa65: Processed 9060 samples out of 10000, 0 errors
02:16:42,168 INFO Experiment.PerfCost-fa65: Processed 9070 samples out of 10000, 0 errors
02:16:52,383 INFO Experiment.PerfCost-fa65: Processed 9080 samples out of 10000, 0 errors
02:17:02,591 INFO Experiment.PerfCost-fa65: Processed 9090 samples out of 10000, 0 errors
02:17:12,811 INFO Experiment.PerfCost-fa65: Processed 9100 samples out of 10000, 0 errors
02:17:23,16 INFO Experiment.PerfCost-fa65: Processed 9110 samples out of 10000, 0 errors
02:17:33,230 INFO Experiment.PerfCost-fa65: Processed 9120 samples out of 10000, 0 errors
02:17:43,442 INFO Experiment.PerfCost-fa65: Processed 9130 samples out of 10000, 0 errors
02:17:53,641 INFO Experiment.PerfCost-fa65: Processed 9140 samples out of 10000, 0 errors
02:18:03,846 INFO Experiment.PerfCost-fa65: Processed 9150 samples out of 10000, 0 errors
02:18:14,54 INFO Experiment.PerfCost-fa65: Processed 9160 samples out of 10000, 0 errors
02:18:24,288 INFO Experiment.PerfCost-fa65: Processed 9170 samples out of 10000, 0 errors
02:18:34,493 INFO Experiment.PerfCost-fa65: Processed 9180 samples out of 10000, 0 errors
02:18:44,708 INFO Experiment.PerfCost-fa65: Processed 9190 samples out of 10000, 0 errors
02:18:54,914 INFO Experiment.PerfCost-fa65: Processed 9200 samples out of 10000, 0 errors
02:19:05,139 INFO Experiment.PerfCost-fa65: Processed 9210 samples out of 10000, 0 errors
02:19:15,343 INFO Experiment.PerfCost-fa65: Processed 9220 samples out of 10000, 0 errors
02:19:25,548 INFO Experiment.PerfCost-fa65: Processed 9230 samples out of 10000, 0 errors
02:19:35,763 INFO Experiment.PerfCost-fa65: Processed 9240 samples out of 10000, 0 errors
02:19:45,969 INFO Experiment.PerfCost-fa65: Processed 9250 samples out of 10000, 0 errors
02:19:56,191 INFO Experiment.PerfCost-fa65: Processed 9260 samples out of 10000, 0 errors
02:20:06,407 INFO Experiment.PerfCost-fa65: Processed 9270 samples out of 10000, 0 errors
02:20:16,617 INFO Experiment.PerfCost-fa65: Processed 9280 samples out of 10000, 0 errors
02:20:26,815 INFO Experiment.PerfCost-fa65: Processed 9290 samples out of 10000, 0 errors
02:20:37,75 INFO Experiment.PerfCost-fa65: Processed 9300 samples out of 10000, 0 errors
02:20:47,284 INFO Experiment.PerfCost-fa65: Processed 9310 samples out of 10000, 0 errors
02:20:57,493 INFO Experiment.PerfCost-fa65: Processed 9320 samples out of 10000, 0 errors
02:21:07,690 INFO Experiment.PerfCost-fa65: Processed 9330 samples out of 10000, 0 errors
02:21:17,884 INFO Experiment.PerfCost-fa65: Processed 9340 samples out of 10000, 0 errors
02:21:28,107 INFO Experiment.PerfCost-fa65: Processed 9350 samples out of 10000, 0 errors
02:21:38,327 INFO Experiment.PerfCost-fa65: Processed 9360 samples out of 10000, 0 errors
02:21:48,535 INFO Experiment.PerfCost-fa65: Processed 9370 samples out of 10000, 0 errors
02:21:58,739 INFO Experiment.PerfCost-fa65: Processed 9380 samples out of 10000, 0 errors
02:22:08,953 INFO Experiment.PerfCost-fa65: Processed 9390 samples out of 10000, 0 errors
02:22:19,160 INFO Experiment.PerfCost-fa65: Processed 9400 samples out of 10000, 0 errors
02:22:29,371 INFO Experiment.PerfCost-fa65: Processed 9410 samples out of 10000, 0 errors
02:22:39,578 INFO Experiment.PerfCost-fa65: Processed 9420 samples out of 10000, 0 errors
02:22:49,799 INFO Experiment.PerfCost-fa65: Processed 9430 samples out of 10000, 0 errors
02:23:00,13 INFO Experiment.PerfCost-fa65: Processed 9440 samples out of 10000, 0 errors
02:23:10,232 INFO Experiment.PerfCost-fa65: Processed 9450 samples out of 10000, 0 errors
02:23:20,445 INFO Experiment.PerfCost-fa65: Processed 9460 samples out of 10000, 0 errors
02:23:30,644 INFO Experiment.PerfCost-fa65: Processed 9470 samples out of 10000, 0 errors
02:23:40,857 INFO Experiment.PerfCost-fa65: Processed 9480 samples out of 10000, 0 errors
02:23:51,66 INFO Experiment.PerfCost-fa65: Processed 9490 samples out of 10000, 0 errors
02:24:01,278 INFO Experiment.PerfCost-fa65: Processed 9500 samples out of 10000, 0 errors
02:24:11,469 INFO Experiment.PerfCost-fa65: Processed 9510 samples out of 10000, 0 errors
02:24:21,684 INFO Experiment.PerfCost-fa65: Processed 9520 samples out of 10000, 0 errors
02:24:31,887 INFO Experiment.PerfCost-fa65: Processed 9530 samples out of 10000, 0 errors
02:24:42,89 INFO Experiment.PerfCost-fa65: Processed 9540 samples out of 10000, 0 errors
02:24:52,276 INFO Experiment.PerfCost-fa65: Processed 9550 samples out of 10000, 0 errors
02:25:02,479 INFO Experiment.PerfCost-fa65: Processed 9560 samples out of 10000, 0 errors
02:25:12,704 INFO Experiment.PerfCost-fa65: Processed 9570 samples out of 10000, 0 errors
02:25:22,917 INFO Experiment.PerfCost-fa65: Processed 9580 samples out of 10000, 0 errors
02:25:33,140 INFO Experiment.PerfCost-fa65: Processed 9590 samples out of 10000, 0 errors
02:25:43,397 INFO Experiment.PerfCost-fa65: Processed 9600 samples out of 10000, 0 errors
02:25:53,650 INFO Experiment.PerfCost-fa65: Processed 9610 samples out of 10000, 0 errors
02:26:03,857 INFO Experiment.PerfCost-fa65: Processed 9620 samples out of 10000, 0 errors
02:26:14,52 INFO Experiment.PerfCost-fa65: Processed 9630 samples out of 10000, 0 errors
02:26:24,265 INFO Experiment.PerfCost-fa65: Processed 9640 samples out of 10000, 0 errors
02:26:34,476 INFO Experiment.PerfCost-fa65: Processed 9650 samples out of 10000, 0 errors
02:26:44,681 INFO Experiment.PerfCost-fa65: Processed 9660 samples out of 10000, 0 errors
02:26:54,891 INFO Experiment.PerfCost-fa65: Processed 9670 samples out of 10000, 0 errors
02:27:05,122 INFO Experiment.PerfCost-fa65: Processed 9680 samples out of 10000, 0 errors
02:27:15,371 INFO Experiment.PerfCost-fa65: Processed 9690 samples out of 10000, 0 errors
02:27:25,567 INFO Experiment.PerfCost-fa65: Processed 9700 samples out of 10000, 0 errors
02:27:35,776 INFO Experiment.PerfCost-fa65: Processed 9710 samples out of 10000, 0 errors
02:27:45,990 INFO Experiment.PerfCost-fa65: Processed 9720 samples out of 10000, 0 errors
02:27:56,206 INFO Experiment.PerfCost-fa65: Processed 9730 samples out of 10000, 0 errors
02:28:06,415 INFO Experiment.PerfCost-fa65: Processed 9740 samples out of 10000, 0 errors
02:28:16,612 INFO Experiment.PerfCost-fa65: Processed 9750 samples out of 10000, 0 errors
02:28:26,812 INFO Experiment.PerfCost-fa65: Processed 9760 samples out of 10000, 0 errors
02:28:37,32 INFO Experiment.PerfCost-fa65: Processed 9770 samples out of 10000, 0 errors
02:28:47,260 INFO Experiment.PerfCost-fa65: Processed 9780 samples out of 10000, 0 errors
02:28:57,485 INFO Experiment.PerfCost-fa65: Processed 9790 samples out of 10000, 0 errors
02:29:07,710 INFO Experiment.PerfCost-fa65: Processed 9800 samples out of 10000, 0 errors
02:29:17,927 INFO Experiment.PerfCost-fa65: Processed 9810 samples out of 10000, 0 errors
02:29:28,134 INFO Experiment.PerfCost-fa65: Processed 9820 samples out of 10000, 0 errors
02:29:38,347 INFO Experiment.PerfCost-fa65: Processed 9830 samples out of 10000, 0 errors
02:29:48,561 INFO Experiment.PerfCost-fa65: Processed 9840 samples out of 10000, 0 errors
02:29:58,771 INFO Experiment.PerfCost-fa65: Processed 9850 samples out of 10000, 0 errors
02:30:08,980 INFO Experiment.PerfCost-fa65: Processed 9860 samples out of 10000, 0 errors
02:30:19,201 INFO Experiment.PerfCost-fa65: Processed 9870 samples out of 10000, 0 errors
02:30:29,423 INFO Experiment.PerfCost-fa65: Processed 9880 samples out of 10000, 0 errors
02:30:39,642 INFO Experiment.PerfCost-fa65: Processed 9890 samples out of 10000, 0 errors
02:30:49,899 INFO Experiment.PerfCost-fa65: Processed 9900 samples out of 10000, 0 errors
02:31:00,113 INFO Experiment.PerfCost-fa65: Processed 9910 samples out of 10000, 0 errors
02:31:10,325 INFO Experiment.PerfCost-fa65: Processed 9920 samples out of 10000, 0 errors
02:31:20,530 INFO Experiment.PerfCost-fa65: Processed 9930 samples out of 10000, 0 errors
02:31:30,758 INFO Experiment.PerfCost-fa65: Processed 9940 samples out of 10000, 0 errors
02:31:40,985 INFO Experiment.PerfCost-fa65: Processed 9950 samples out of 10000, 0 errors
02:31:51,204 INFO Experiment.PerfCost-fa65: Processed 9960 samples out of 10000, 0 errors
02:32:01,426 INFO Experiment.PerfCost-fa65: Processed 9970 samples out of 10000, 0 errors
02:32:11,679 INFO Experiment.PerfCost-fa65: Processed 9980 samples out of 10000, 0 errors
02:32:21,887 INFO Experiment.PerfCost-fa65: Processed 9990 samples out of 10000, 0 errors
02:32:32,100 INFO Experiment.PerfCost-fa65: Processed 10000 samples out of 10000, 0 errors
02:32:37,115 INFO Experiment.PerfCost-fa65: Mean 123.7016961 [ms], median 127.914 [ms], std 44.198417108610855, CV 35.72983920356356
02:32:37,120 INFO Experiment.PerfCost-fa65: Parametric CI (Student's t-distribution) 0.95 from 122.83527484719066 to 124.56811735280935, within 0.7004117810227387% of mean
02:32:37,124 INFO Experiment.PerfCost-fa65: Non-parametric CI 0.95 from 127.355 to 128.652, within 0.5069812530293724% of median
02:32:37,127 INFO Experiment.PerfCost-fa65: Parametric CI (Student's t-distribution) 0.99 from 122.56294601706851 to 124.8404461829315, within 0.92056141413852% of mean
02:32:37,130 INFO Experiment.PerfCost-fa65: Non-parametric CI 0.99 from 127.101 to 128.887, within 0.698125302937912% of median
