19:49:16,865 INFO SeBS-74f6: Created experiment output at /home/anou/msc-thesis/task-based-experiment/experiment-results/python/instrumented/620.uploader-otel
19:49:17,229 INFO OpenWhisk.Resources-b49a: Using user-provided configuration of storage for OpenWhisk.
19:49:17,230 INFO OpenWhisk-3384: Using existing resource name: fd5e1ae0.
19:49:17,233 INFO Benchmark-de75: Building benchmark 620.uploader-opentelemetry. Reason: no cached code package.
19:49:17,234 INFO Benchmark-de75: There is no Docker build image for openwhisk run in python, thus skipping the Docker-based installation of dependencies.
19:49:17,235 INFO OpenWhisk-3384: Build the benchmark base image andersnou/msc-thesis:function.openwhisk.620.uploader-opentelemetry.python-3.7.
19:49:17,593 INFO OpenWhisk-3384: Push the benchmark base image andersnou/msc-thesis:function.openwhisk.620.uploader-opentelemetry.python-3.7 to registry: Docker Hub.
19:49:19,74 INFO OpenWhisk-3384: Created /home/anou/msc-thesis/task-based-experiment/experiment-results/python/instrumented/620.uploader-otel/620.uploader-opentelemetry_code/python/3.7/620.uploader-opentelemetry.zip archive
19:49:19,74 INFO OpenWhisk-3384: Zip archive size 0.000734 MB
19:49:19,76 INFO Benchmark-de75: Created code package (source hash: 9ddfddcaa07b8780c0afc4ffce7a393e), for run on openwhisk with python:3.7
19:49:19,79 INFO OpenWhisk-3384: Creating new function! Reason: function 620.uploader-opentelemetry-python-3.7 not found in cache.
19:49:19,80 INFO OpenWhisk-3384: Creating function as an action in OpenWhisk.
19:49:19,242 INFO OpenWhisk-3384: Retrieved existing OpenWhisk action 620.uploader-opentelemetry-python-3.7.
19:49:19,242 INFO OpenWhisk-3384: Update an existing OpenWhisk action 620.uploader-opentelemetry-python-3.7.
19:49:19,615 INFO Experiment.PerfCost-db86: Begin experiment on memory size 128
19:49:19,616 INFO OpenWhisk-3384: Update an existing OpenWhisk action 620.uploader-opentelemetry-python-3.7.
19:49:19,776 INFO Experiment.PerfCost-db86: Begin warm experiments
19:49:30,720 INFO Experiment.PerfCost-db86: Processed 0 warm-up samples, ignoring these results.
19:49:40,911 INFO Experiment.PerfCost-db86: Processed 10 samples out of 10000, 0 errors
19:49:51,96 INFO Experiment.PerfCost-db86: Processed 20 samples out of 10000, 0 errors
19:50:01,301 INFO Experiment.PerfCost-db86: Processed 30 samples out of 10000, 0 errors
19:50:11,498 INFO Experiment.PerfCost-db86: Processed 40 samples out of 10000, 0 errors
19:50:21,699 INFO Experiment.PerfCost-db86: Processed 50 samples out of 10000, 0 errors
19:50:31,893 INFO Experiment.PerfCost-db86: Processed 60 samples out of 10000, 0 errors
19:50:42,77 INFO Experiment.PerfCost-db86: Processed 70 samples out of 10000, 0 errors
19:50:52,275 INFO Experiment.PerfCost-db86: Processed 80 samples out of 10000, 0 errors
19:51:02,462 INFO Experiment.PerfCost-db86: Processed 90 samples out of 10000, 0 errors
19:51:12,662 INFO Experiment.PerfCost-db86: Processed 100 samples out of 10000, 0 errors
19:51:22,903 INFO Experiment.PerfCost-db86: Processed 110 samples out of 10000, 0 errors
19:51:33,131 INFO Experiment.PerfCost-db86: Processed 120 samples out of 10000, 0 errors
19:51:43,318 INFO Experiment.PerfCost-db86: Processed 130 samples out of 10000, 0 errors
19:51:53,497 INFO Experiment.PerfCost-db86: Processed 140 samples out of 10000, 0 errors
19:52:03,708 INFO Experiment.PerfCost-db86: Processed 150 samples out of 10000, 0 errors
19:52:13,900 INFO Experiment.PerfCost-db86: Processed 160 samples out of 10000, 0 errors
19:52:24,94 INFO Experiment.PerfCost-db86: Processed 170 samples out of 10000, 0 errors
19:52:34,327 INFO Experiment.PerfCost-db86: Processed 180 samples out of 10000, 0 errors
19:52:44,529 INFO Experiment.PerfCost-db86: Processed 190 samples out of 10000, 0 errors
19:52:54,744 INFO Experiment.PerfCost-db86: Processed 200 samples out of 10000, 0 errors
19:53:04,936 INFO Experiment.PerfCost-db86: Processed 210 samples out of 10000, 0 errors
19:53:15,126 INFO Experiment.PerfCost-db86: Processed 220 samples out of 10000, 0 errors
19:53:25,324 INFO Experiment.PerfCost-db86: Processed 230 samples out of 10000, 0 errors
19:53:35,505 INFO Experiment.PerfCost-db86: Processed 240 samples out of 10000, 0 errors
19:53:45,700 INFO Experiment.PerfCost-db86: Processed 250 samples out of 10000, 0 errors
19:53:55,889 INFO Experiment.PerfCost-db86: Processed 260 samples out of 10000, 0 errors
19:54:06,77 INFO Experiment.PerfCost-db86: Processed 270 samples out of 10000, 0 errors
19:54:16,274 INFO Experiment.PerfCost-db86: Processed 280 samples out of 10000, 0 errors
19:54:26,472 INFO Experiment.PerfCost-db86: Processed 290 samples out of 10000, 0 errors
19:54:36,686 INFO Experiment.PerfCost-db86: Processed 300 samples out of 10000, 0 errors
19:54:46,886 INFO Experiment.PerfCost-db86: Processed 310 samples out of 10000, 0 errors
19:54:57,87 INFO Experiment.PerfCost-db86: Processed 320 samples out of 10000, 0 errors
19:55:07,282 INFO Experiment.PerfCost-db86: Processed 330 samples out of 10000, 0 errors
19:55:17,480 INFO Experiment.PerfCost-db86: Processed 340 samples out of 10000, 0 errors
19:55:27,690 INFO Experiment.PerfCost-db86: Processed 350 samples out of 10000, 0 errors
19:55:37,896 INFO Experiment.PerfCost-db86: Processed 360 samples out of 10000, 0 errors
19:55:48,84 INFO Experiment.PerfCost-db86: Processed 370 samples out of 10000, 0 errors
19:55:58,270 INFO Experiment.PerfCost-db86: Processed 380 samples out of 10000, 0 errors
19:56:08,455 INFO Experiment.PerfCost-db86: Processed 390 samples out of 10000, 0 errors
19:56:18,658 INFO Experiment.PerfCost-db86: Processed 400 samples out of 10000, 0 errors
19:56:28,855 INFO Experiment.PerfCost-db86: Processed 410 samples out of 10000, 0 errors
19:56:39,48 INFO Experiment.PerfCost-db86: Processed 420 samples out of 10000, 0 errors
19:56:49,246 INFO Experiment.PerfCost-db86: Processed 430 samples out of 10000, 0 errors
19:56:59,437 INFO Experiment.PerfCost-db86: Processed 440 samples out of 10000, 0 errors
19:57:09,627 INFO Experiment.PerfCost-db86: Processed 450 samples out of 10000, 0 errors
19:57:19,816 INFO Experiment.PerfCost-db86: Processed 460 samples out of 10000, 0 errors
19:57:29,999 INFO Experiment.PerfCost-db86: Processed 470 samples out of 10000, 0 errors
19:57:40,254 INFO Experiment.PerfCost-db86: Processed 480 samples out of 10000, 0 errors
19:57:50,444 INFO Experiment.PerfCost-db86: Processed 490 samples out of 10000, 0 errors
19:58:00,658 INFO Experiment.PerfCost-db86: Processed 500 samples out of 10000, 0 errors
19:58:10,846 INFO Experiment.PerfCost-db86: Processed 510 samples out of 10000, 0 errors
19:58:21,41 INFO Experiment.PerfCost-db86: Processed 520 samples out of 10000, 0 errors
19:58:31,221 INFO Experiment.PerfCost-db86: Processed 530 samples out of 10000, 0 errors
19:58:41,403 INFO Experiment.PerfCost-db86: Processed 540 samples out of 10000, 0 errors
19:58:51,602 INFO Experiment.PerfCost-db86: Processed 550 samples out of 10000, 0 errors
19:59:01,786 INFO Experiment.PerfCost-db86: Processed 560 samples out of 10000, 0 errors
19:59:11,982 INFO Experiment.PerfCost-db86: Processed 570 samples out of 10000, 0 errors
19:59:22,183 INFO Experiment.PerfCost-db86: Processed 580 samples out of 10000, 0 errors
19:59:32,378 INFO Experiment.PerfCost-db86: Processed 590 samples out of 10000, 0 errors
19:59:42,606 INFO Experiment.PerfCost-db86: Processed 600 samples out of 10000, 0 errors
19:59:52,790 INFO Experiment.PerfCost-db86: Processed 610 samples out of 10000, 0 errors
20:00:02,989 INFO Experiment.PerfCost-db86: Processed 620 samples out of 10000, 0 errors
20:00:13,172 INFO Experiment.PerfCost-db86: Processed 630 samples out of 10000, 0 errors
20:00:23,366 INFO Experiment.PerfCost-db86: Processed 640 samples out of 10000, 0 errors
20:00:33,561 INFO Experiment.PerfCost-db86: Processed 650 samples out of 10000, 0 errors
20:00:43,750 INFO Experiment.PerfCost-db86: Processed 660 samples out of 10000, 0 errors
20:00:53,943 INFO Experiment.PerfCost-db86: Processed 670 samples out of 10000, 0 errors
20:01:04,138 INFO Experiment.PerfCost-db86: Processed 680 samples out of 10000, 0 errors
20:01:14,333 INFO Experiment.PerfCost-db86: Processed 690 samples out of 10000, 0 errors
20:01:24,534 INFO Experiment.PerfCost-db86: Processed 700 samples out of 10000, 0 errors
20:01:34,739 INFO Experiment.PerfCost-db86: Processed 710 samples out of 10000, 0 errors
20:01:44,926 INFO Experiment.PerfCost-db86: Processed 720 samples out of 10000, 0 errors
20:01:55,107 INFO Experiment.PerfCost-db86: Processed 730 samples out of 10000, 0 errors
20:02:05,294 INFO Experiment.PerfCost-db86: Processed 740 samples out of 10000, 0 errors
20:02:15,481 INFO Experiment.PerfCost-db86: Processed 750 samples out of 10000, 0 errors
20:02:25,674 INFO Experiment.PerfCost-db86: Processed 760 samples out of 10000, 0 errors
20:02:35,879 INFO Experiment.PerfCost-db86: Processed 770 samples out of 10000, 0 errors
20:02:46,120 INFO Experiment.PerfCost-db86: Processed 780 samples out of 10000, 0 errors
20:02:56,318 INFO Experiment.PerfCost-db86: Processed 790 samples out of 10000, 0 errors
20:03:06,509 INFO Experiment.PerfCost-db86: Processed 800 samples out of 10000, 0 errors
20:03:16,714 INFO Experiment.PerfCost-db86: Processed 810 samples out of 10000, 0 errors
20:03:26,917 INFO Experiment.PerfCost-db86: Processed 820 samples out of 10000, 0 errors
20:03:37,101 INFO Experiment.PerfCost-db86: Processed 830 samples out of 10000, 0 errors
20:03:47,294 INFO Experiment.PerfCost-db86: Processed 840 samples out of 10000, 0 errors
20:03:57,478 INFO Experiment.PerfCost-db86: Processed 850 samples out of 10000, 0 errors
20:04:07,683 INFO Experiment.PerfCost-db86: Processed 860 samples out of 10000, 0 errors
20:04:17,873 INFO Experiment.PerfCost-db86: Processed 870 samples out of 10000, 0 errors
20:04:28,54 INFO Experiment.PerfCost-db86: Processed 880 samples out of 10000, 0 errors
20:04:38,254 INFO Experiment.PerfCost-db86: Processed 890 samples out of 10000, 0 errors
20:04:48,497 INFO Experiment.PerfCost-db86: Processed 900 samples out of 10000, 0 errors
20:04:58,683 INFO Experiment.PerfCost-db86: Processed 910 samples out of 10000, 0 errors
20:05:08,877 INFO Experiment.PerfCost-db86: Processed 920 samples out of 10000, 0 errors
20:05:19,69 INFO Experiment.PerfCost-db86: Processed 930 samples out of 10000, 0 errors
20:05:29,318 INFO Experiment.PerfCost-db86: Processed 940 samples out of 10000, 0 errors
20:05:39,516 INFO Experiment.PerfCost-db86: Processed 950 samples out of 10000, 0 errors
20:05:49,728 INFO Experiment.PerfCost-db86: Processed 960 samples out of 10000, 0 errors
20:05:59,907 INFO Experiment.PerfCost-db86: Processed 970 samples out of 10000, 0 errors
20:06:10,90 INFO Experiment.PerfCost-db86: Processed 980 samples out of 10000, 0 errors
20:06:20,293 INFO Experiment.PerfCost-db86: Processed 990 samples out of 10000, 0 errors
20:06:30,485 INFO Experiment.PerfCost-db86: Processed 1000 samples out of 10000, 0 errors
20:06:40,671 INFO Experiment.PerfCost-db86: Processed 1010 samples out of 10000, 0 errors
20:06:50,866 INFO Experiment.PerfCost-db86: Processed 1020 samples out of 10000, 0 errors
20:07:01,91 INFO Experiment.PerfCost-db86: Processed 1030 samples out of 10000, 0 errors
20:07:11,276 INFO Experiment.PerfCost-db86: Processed 1040 samples out of 10000, 0 errors
20:07:21,494 INFO Experiment.PerfCost-db86: Processed 1050 samples out of 10000, 0 errors
20:07:31,698 INFO Experiment.PerfCost-db86: Processed 1060 samples out of 10000, 0 errors
20:07:41,894 INFO Experiment.PerfCost-db86: Processed 1070 samples out of 10000, 0 errors
20:07:52,144 INFO Experiment.PerfCost-db86: Processed 1080 samples out of 10000, 0 errors
20:08:02,348 INFO Experiment.PerfCost-db86: Processed 1090 samples out of 10000, 0 errors
20:08:12,527 INFO Experiment.PerfCost-db86: Processed 1100 samples out of 10000, 0 errors
20:08:22,730 INFO Experiment.PerfCost-db86: Processed 1110 samples out of 10000, 0 errors
20:08:32,919 INFO Experiment.PerfCost-db86: Processed 1120 samples out of 10000, 0 errors
20:08:43,121 INFO Experiment.PerfCost-db86: Processed 1130 samples out of 10000, 0 errors
20:08:53,315 INFO Experiment.PerfCost-db86: Processed 1140 samples out of 10000, 0 errors
20:09:03,501 INFO Experiment.PerfCost-db86: Processed 1150 samples out of 10000, 0 errors
20:09:13,697 INFO Experiment.PerfCost-db86: Processed 1160 samples out of 10000, 0 errors
20:09:23,882 INFO Experiment.PerfCost-db86: Processed 1170 samples out of 10000, 0 errors
20:09:34,72 INFO Experiment.PerfCost-db86: Processed 1180 samples out of 10000, 0 errors
20:09:44,262 INFO Experiment.PerfCost-db86: Processed 1190 samples out of 10000, 0 errors
20:09:54,454 INFO Experiment.PerfCost-db86: Processed 1200 samples out of 10000, 0 errors
20:10:04,640 INFO Experiment.PerfCost-db86: Processed 1210 samples out of 10000, 0 errors
20:10:14,827 INFO Experiment.PerfCost-db86: Processed 1220 samples out of 10000, 0 errors
20:10:25,50 INFO Experiment.PerfCost-db86: Processed 1230 samples out of 10000, 0 errors
20:10:35,237 INFO Experiment.PerfCost-db86: Processed 1240 samples out of 10000, 0 errors
20:10:45,428 INFO Experiment.PerfCost-db86: Processed 1250 samples out of 10000, 0 errors
20:10:55,625 INFO Experiment.PerfCost-db86: Processed 1260 samples out of 10000, 0 errors
20:11:05,828 INFO Experiment.PerfCost-db86: Processed 1270 samples out of 10000, 0 errors
20:11:16,19 INFO Experiment.PerfCost-db86: Processed 1280 samples out of 10000, 0 errors
20:11:26,215 INFO Experiment.PerfCost-db86: Processed 1290 samples out of 10000, 0 errors
20:11:36,421 INFO Experiment.PerfCost-db86: Processed 1300 samples out of 10000, 0 errors
20:11:46,622 INFO Experiment.PerfCost-db86: Processed 1310 samples out of 10000, 0 errors
20:11:56,822 INFO Experiment.PerfCost-db86: Processed 1320 samples out of 10000, 0 errors
20:12:07,16 INFO Experiment.PerfCost-db86: Processed 1330 samples out of 10000, 0 errors
20:12:17,201 INFO Experiment.PerfCost-db86: Processed 1340 samples out of 10000, 0 errors
20:12:27,405 INFO Experiment.PerfCost-db86: Processed 1350 samples out of 10000, 0 errors
20:12:37,606 INFO Experiment.PerfCost-db86: Processed 1360 samples out of 10000, 0 errors
20:12:47,798 INFO Experiment.PerfCost-db86: Processed 1370 samples out of 10000, 0 errors
20:12:58,66 INFO Experiment.PerfCost-db86: Processed 1380 samples out of 10000, 0 errors
20:13:08,272 INFO Experiment.PerfCost-db86: Processed 1390 samples out of 10000, 0 errors
20:13:18,451 INFO Experiment.PerfCost-db86: Processed 1400 samples out of 10000, 0 errors
20:13:28,640 INFO Experiment.PerfCost-db86: Processed 1410 samples out of 10000, 0 errors
20:13:38,838 INFO Experiment.PerfCost-db86: Processed 1420 samples out of 10000, 0 errors
20:13:49,26 INFO Experiment.PerfCost-db86: Processed 1430 samples out of 10000, 0 errors
20:13:59,212 INFO Experiment.PerfCost-db86: Processed 1440 samples out of 10000, 0 errors
20:14:09,406 INFO Experiment.PerfCost-db86: Processed 1450 samples out of 10000, 0 errors
20:14:19,602 INFO Experiment.PerfCost-db86: Processed 1460 samples out of 10000, 0 errors
20:14:29,804 INFO Experiment.PerfCost-db86: Processed 1470 samples out of 10000, 0 errors
20:14:40,6 INFO Experiment.PerfCost-db86: Processed 1480 samples out of 10000, 0 errors
20:14:50,213 INFO Experiment.PerfCost-db86: Processed 1490 samples out of 10000, 0 errors
20:15:00,413 INFO Experiment.PerfCost-db86: Processed 1500 samples out of 10000, 0 errors
20:15:10,601 INFO Experiment.PerfCost-db86: Processed 1510 samples out of 10000, 0 errors
20:15:20,793 INFO Experiment.PerfCost-db86: Processed 1520 samples out of 10000, 0 errors
20:15:31,5 INFO Experiment.PerfCost-db86: Processed 1530 samples out of 10000, 0 errors
20:15:41,193 INFO Experiment.PerfCost-db86: Processed 1540 samples out of 10000, 0 errors
20:15:51,393 INFO Experiment.PerfCost-db86: Processed 1550 samples out of 10000, 0 errors
20:16:01,592 INFO Experiment.PerfCost-db86: Processed 1560 samples out of 10000, 0 errors
20:16:11,798 INFO Experiment.PerfCost-db86: Processed 1570 samples out of 10000, 0 errors
20:16:21,993 INFO Experiment.PerfCost-db86: Processed 1580 samples out of 10000, 0 errors
20:16:32,220 INFO Experiment.PerfCost-db86: Processed 1590 samples out of 10000, 0 errors
20:16:42,428 INFO Experiment.PerfCost-db86: Processed 1600 samples out of 10000, 0 errors
20:16:52,627 INFO Experiment.PerfCost-db86: Processed 1610 samples out of 10000, 0 errors
20:17:02,822 INFO Experiment.PerfCost-db86: Processed 1620 samples out of 10000, 0 errors
20:17:13,13 INFO Experiment.PerfCost-db86: Processed 1630 samples out of 10000, 0 errors
20:17:23,203 INFO Experiment.PerfCost-db86: Processed 1640 samples out of 10000, 0 errors
20:17:33,411 INFO Experiment.PerfCost-db86: Processed 1650 samples out of 10000, 0 errors
20:17:43,619 INFO Experiment.PerfCost-db86: Processed 1660 samples out of 10000, 0 errors
20:17:53,812 INFO Experiment.PerfCost-db86: Processed 1670 samples out of 10000, 0 errors
20:18:04,60 INFO Experiment.PerfCost-db86: Processed 1680 samples out of 10000, 0 errors
20:18:14,255 INFO Experiment.PerfCost-db86: Processed 1690 samples out of 10000, 0 errors
20:18:24,443 INFO Experiment.PerfCost-db86: Processed 1700 samples out of 10000, 0 errors
20:18:34,655 INFO Experiment.PerfCost-db86: Processed 1710 samples out of 10000, 0 errors
20:18:44,854 INFO Experiment.PerfCost-db86: Processed 1720 samples out of 10000, 0 errors
20:18:55,39 INFO Experiment.PerfCost-db86: Processed 1730 samples out of 10000, 0 errors
20:19:05,225 INFO Experiment.PerfCost-db86: Processed 1740 samples out of 10000, 0 errors
20:19:15,420 INFO Experiment.PerfCost-db86: Processed 1750 samples out of 10000, 0 errors
20:19:25,619 INFO Experiment.PerfCost-db86: Processed 1760 samples out of 10000, 0 errors
20:19:35,820 INFO Experiment.PerfCost-db86: Processed 1770 samples out of 10000, 0 errors
20:19:46,10 INFO Experiment.PerfCost-db86: Processed 1780 samples out of 10000, 0 errors
20:19:56,216 INFO Experiment.PerfCost-db86: Processed 1790 samples out of 10000, 0 errors
20:20:06,420 INFO Experiment.PerfCost-db86: Processed 1800 samples out of 10000, 0 errors
20:20:16,605 INFO Experiment.PerfCost-db86: Processed 1810 samples out of 10000, 0 errors
20:20:26,797 INFO Experiment.PerfCost-db86: Processed 1820 samples out of 10000, 0 errors
20:20:36,994 INFO Experiment.PerfCost-db86: Processed 1830 samples out of 10000, 0 errors
20:20:47,196 INFO Experiment.PerfCost-db86: Processed 1840 samples out of 10000, 0 errors
20:20:57,386 INFO Experiment.PerfCost-db86: Processed 1850 samples out of 10000, 0 errors
20:21:07,603 INFO Experiment.PerfCost-db86: Processed 1860 samples out of 10000, 0 errors
20:21:17,805 INFO Experiment.PerfCost-db86: Processed 1870 samples out of 10000, 0 errors
20:21:27,997 INFO Experiment.PerfCost-db86: Processed 1880 samples out of 10000, 0 errors
20:21:38,211 INFO Experiment.PerfCost-db86: Processed 1890 samples out of 10000, 0 errors
20:21:48,402 INFO Experiment.PerfCost-db86: Processed 1900 samples out of 10000, 0 errors
20:21:58,579 INFO Experiment.PerfCost-db86: Processed 1910 samples out of 10000, 0 errors
20:22:08,784 INFO Experiment.PerfCost-db86: Processed 1920 samples out of 10000, 0 errors
20:22:18,985 INFO Experiment.PerfCost-db86: Processed 1930 samples out of 10000, 0 errors
20:22:29,178 INFO Experiment.PerfCost-db86: Processed 1940 samples out of 10000, 0 errors
20:22:39,377 INFO Experiment.PerfCost-db86: Processed 1950 samples out of 10000, 0 errors
20:22:49,579 INFO Experiment.PerfCost-db86: Processed 1960 samples out of 10000, 0 errors
20:22:59,769 INFO Experiment.PerfCost-db86: Processed 1970 samples out of 10000, 0 errors
20:23:10,16 INFO Experiment.PerfCost-db86: Processed 1980 samples out of 10000, 0 errors
20:23:20,224 INFO Experiment.PerfCost-db86: Processed 1990 samples out of 10000, 0 errors
20:23:30,426 INFO Experiment.PerfCost-db86: Processed 2000 samples out of 10000, 0 errors
20:23:40,642 INFO Experiment.PerfCost-db86: Processed 2010 samples out of 10000, 0 errors
20:23:50,846 INFO Experiment.PerfCost-db86: Processed 2020 samples out of 10000, 0 errors
20:24:01,33 INFO Experiment.PerfCost-db86: Processed 2030 samples out of 10000, 0 errors
20:24:11,220 INFO Experiment.PerfCost-db86: Processed 2040 samples out of 10000, 0 errors
20:24:21,410 INFO Experiment.PerfCost-db86: Processed 2050 samples out of 10000, 0 errors
20:24:31,608 INFO Experiment.PerfCost-db86: Processed 2060 samples out of 10000, 0 errors
20:24:41,804 INFO Experiment.PerfCost-db86: Processed 2070 samples out of 10000, 0 errors
20:24:51,997 INFO Experiment.PerfCost-db86: Processed 2080 samples out of 10000, 0 errors
20:25:02,191 INFO Experiment.PerfCost-db86: Processed 2090 samples out of 10000, 0 errors
20:25:12,400 INFO Experiment.PerfCost-db86: Processed 2100 samples out of 10000, 0 errors
20:25:22,587 INFO Experiment.PerfCost-db86: Processed 2110 samples out of 10000, 0 errors
20:25:32,795 INFO Experiment.PerfCost-db86: Processed 2120 samples out of 10000, 0 errors
20:25:43,15 INFO Experiment.PerfCost-db86: Processed 2130 samples out of 10000, 0 errors
20:25:53,230 INFO Experiment.PerfCost-db86: Processed 2140 samples out of 10000, 0 errors
20:26:03,425 INFO Experiment.PerfCost-db86: Processed 2150 samples out of 10000, 0 errors
20:26:13,633 INFO Experiment.PerfCost-db86: Processed 2160 samples out of 10000, 0 errors
20:26:23,833 INFO Experiment.PerfCost-db86: Processed 2170 samples out of 10000, 0 errors
20:26:34,31 INFO Experiment.PerfCost-db86: Processed 2180 samples out of 10000, 0 errors
20:26:44,244 INFO Experiment.PerfCost-db86: Processed 2190 samples out of 10000, 0 errors
20:26:54,432 INFO Experiment.PerfCost-db86: Processed 2200 samples out of 10000, 0 errors
20:27:04,637 INFO Experiment.PerfCost-db86: Processed 2210 samples out of 10000, 0 errors
20:27:14,832 INFO Experiment.PerfCost-db86: Processed 2220 samples out of 10000, 0 errors
20:27:25,37 INFO Experiment.PerfCost-db86: Processed 2230 samples out of 10000, 0 errors
20:27:35,231 INFO Experiment.PerfCost-db86: Processed 2240 samples out of 10000, 0 errors
20:27:45,422 INFO Experiment.PerfCost-db86: Processed 2250 samples out of 10000, 0 errors
20:27:55,613 INFO Experiment.PerfCost-db86: Processed 2260 samples out of 10000, 0 errors
20:28:05,814 INFO Experiment.PerfCost-db86: Processed 2270 samples out of 10000, 0 errors
20:28:16,86 INFO Experiment.PerfCost-db86: Processed 2280 samples out of 10000, 0 errors
20:28:26,292 INFO Experiment.PerfCost-db86: Processed 2290 samples out of 10000, 0 errors
20:28:36,490 INFO Experiment.PerfCost-db86: Processed 2300 samples out of 10000, 0 errors
20:28:46,696 INFO Experiment.PerfCost-db86: Processed 2310 samples out of 10000, 0 errors
20:28:56,897 INFO Experiment.PerfCost-db86: Processed 2320 samples out of 10000, 0 errors
20:29:07,102 INFO Experiment.PerfCost-db86: Processed 2330 samples out of 10000, 0 errors
20:29:17,329 INFO Experiment.PerfCost-db86: Processed 2340 samples out of 10000, 0 errors
20:29:27,524 INFO Experiment.PerfCost-db86: Processed 2350 samples out of 10000, 0 errors
20:29:37,724 INFO Experiment.PerfCost-db86: Processed 2360 samples out of 10000, 0 errors
20:29:47,917 INFO Experiment.PerfCost-db86: Processed 2370 samples out of 10000, 0 errors
20:29:58,105 INFO Experiment.PerfCost-db86: Processed 2380 samples out of 10000, 0 errors
20:30:08,307 INFO Experiment.PerfCost-db86: Processed 2390 samples out of 10000, 0 errors
20:30:18,514 INFO Experiment.PerfCost-db86: Processed 2400 samples out of 10000, 0 errors
20:30:28,705 INFO Experiment.PerfCost-db86: Processed 2410 samples out of 10000, 0 errors
20:30:38,898 INFO Experiment.PerfCost-db86: Processed 2420 samples out of 10000, 0 errors
20:30:49,111 INFO Experiment.PerfCost-db86: Processed 2430 samples out of 10000, 0 errors
20:30:59,321 INFO Experiment.PerfCost-db86: Processed 2440 samples out of 10000, 0 errors
20:31:09,527 INFO Experiment.PerfCost-db86: Processed 2450 samples out of 10000, 0 errors
20:31:19,746 INFO Experiment.PerfCost-db86: Processed 2460 samples out of 10000, 0 errors
20:31:29,979 INFO Experiment.PerfCost-db86: Processed 2470 samples out of 10000, 0 errors
20:31:40,199 INFO Experiment.PerfCost-db86: Processed 2480 samples out of 10000, 0 errors
20:31:50,406 INFO Experiment.PerfCost-db86: Processed 2490 samples out of 10000, 0 errors
20:32:00,603 INFO Experiment.PerfCost-db86: Processed 2500 samples out of 10000, 0 errors
20:32:10,810 INFO Experiment.PerfCost-db86: Processed 2510 samples out of 10000, 0 errors
20:32:20,998 INFO Experiment.PerfCost-db86: Processed 2520 samples out of 10000, 0 errors
20:32:31,199 INFO Experiment.PerfCost-db86: Processed 2530 samples out of 10000, 0 errors
20:32:41,398 INFO Experiment.PerfCost-db86: Processed 2540 samples out of 10000, 0 errors
20:32:51,596 INFO Experiment.PerfCost-db86: Processed 2550 samples out of 10000, 0 errors
20:33:01,786 INFO Experiment.PerfCost-db86: Processed 2560 samples out of 10000, 0 errors
20:33:11,984 INFO Experiment.PerfCost-db86: Processed 2570 samples out of 10000, 0 errors
20:33:22,235 INFO Experiment.PerfCost-db86: Processed 2580 samples out of 10000, 0 errors
20:33:32,441 INFO Experiment.PerfCost-db86: Processed 2590 samples out of 10000, 0 errors
20:33:42,648 INFO Experiment.PerfCost-db86: Processed 2600 samples out of 10000, 0 errors
20:33:52,844 INFO Experiment.PerfCost-db86: Processed 2610 samples out of 10000, 0 errors
20:34:03,37 INFO Experiment.PerfCost-db86: Processed 2620 samples out of 10000, 0 errors
20:34:13,232 INFO Experiment.PerfCost-db86: Processed 2630 samples out of 10000, 0 errors
20:34:23,429 INFO Experiment.PerfCost-db86: Processed 2640 samples out of 10000, 0 errors
20:34:33,621 INFO Experiment.PerfCost-db86: Processed 2650 samples out of 10000, 0 errors
20:34:43,815 INFO Experiment.PerfCost-db86: Processed 2660 samples out of 10000, 0 errors
20:34:54,22 INFO Experiment.PerfCost-db86: Processed 2670 samples out of 10000, 0 errors
20:35:04,222 INFO Experiment.PerfCost-db86: Processed 2680 samples out of 10000, 0 errors
20:35:14,425 INFO Experiment.PerfCost-db86: Processed 2690 samples out of 10000, 0 errors
20:35:24,634 INFO Experiment.PerfCost-db86: Processed 2700 samples out of 10000, 0 errors
20:35:34,838 INFO Experiment.PerfCost-db86: Processed 2710 samples out of 10000, 0 errors
20:35:45,36 INFO Experiment.PerfCost-db86: Processed 2720 samples out of 10000, 0 errors
20:35:55,236 INFO Experiment.PerfCost-db86: Processed 2730 samples out of 10000, 0 errors
20:36:05,436 INFO Experiment.PerfCost-db86: Processed 2740 samples out of 10000, 0 errors
20:36:15,630 INFO Experiment.PerfCost-db86: Processed 2750 samples out of 10000, 0 errors
20:36:25,830 INFO Experiment.PerfCost-db86: Processed 2760 samples out of 10000, 0 errors
20:36:36,26 INFO Experiment.PerfCost-db86: Processed 2770 samples out of 10000, 0 errors
20:36:46,242 INFO Experiment.PerfCost-db86: Processed 2780 samples out of 10000, 0 errors
20:36:56,450 INFO Experiment.PerfCost-db86: Processed 2790 samples out of 10000, 0 errors
20:37:06,659 INFO Experiment.PerfCost-db86: Processed 2800 samples out of 10000, 0 errors
20:37:16,846 INFO Experiment.PerfCost-db86: Processed 2810 samples out of 10000, 0 errors
20:37:27,56 INFO Experiment.PerfCost-db86: Processed 2820 samples out of 10000, 0 errors
20:37:37,255 INFO Experiment.PerfCost-db86: Processed 2830 samples out of 10000, 0 errors
20:37:47,455 INFO Experiment.PerfCost-db86: Processed 2840 samples out of 10000, 0 errors
20:37:57,664 INFO Experiment.PerfCost-db86: Processed 2850 samples out of 10000, 0 errors
20:38:07,854 INFO Experiment.PerfCost-db86: Processed 2860 samples out of 10000, 0 errors
20:38:18,45 INFO Experiment.PerfCost-db86: Processed 2870 samples out of 10000, 0 errors
20:38:28,298 INFO Experiment.PerfCost-db86: Processed 2880 samples out of 10000, 0 errors
20:38:38,505 INFO Experiment.PerfCost-db86: Processed 2890 samples out of 10000, 0 errors
20:38:48,696 INFO Experiment.PerfCost-db86: Processed 2900 samples out of 10000, 0 errors
20:38:58,906 INFO Experiment.PerfCost-db86: Processed 2910 samples out of 10000, 0 errors
20:39:09,90 INFO Experiment.PerfCost-db86: Processed 2920 samples out of 10000, 0 errors
20:39:19,302 INFO Experiment.PerfCost-db86: Processed 2930 samples out of 10000, 0 errors
20:39:29,502 INFO Experiment.PerfCost-db86: Processed 2940 samples out of 10000, 0 errors
20:39:39,709 INFO Experiment.PerfCost-db86: Processed 2950 samples out of 10000, 0 errors
20:39:49,912 INFO Experiment.PerfCost-db86: Processed 2960 samples out of 10000, 0 errors
20:40:00,147 INFO Experiment.PerfCost-db86: Processed 2970 samples out of 10000, 0 errors
20:40:10,385 INFO Experiment.PerfCost-db86: Processed 2980 samples out of 10000, 0 errors
20:40:20,580 INFO Experiment.PerfCost-db86: Processed 2990 samples out of 10000, 0 errors
20:40:30,824 INFO Experiment.PerfCost-db86: Processed 3000 samples out of 10000, 0 errors
20:40:41,42 INFO Experiment.PerfCost-db86: Processed 3010 samples out of 10000, 0 errors
20:40:51,250 INFO Experiment.PerfCost-db86: Processed 3020 samples out of 10000, 0 errors
20:41:01,462 INFO Experiment.PerfCost-db86: Processed 3030 samples out of 10000, 0 errors
20:41:11,652 INFO Experiment.PerfCost-db86: Processed 3040 samples out of 10000, 0 errors
20:41:21,868 INFO Experiment.PerfCost-db86: Processed 3050 samples out of 10000, 0 errors
20:41:32,266 INFO Experiment.PerfCost-db86: Processed 3060 samples out of 10000, 0 errors
20:41:42,466 INFO Experiment.PerfCost-db86: Processed 3070 samples out of 10000, 0 errors
20:41:52,665 INFO Experiment.PerfCost-db86: Processed 3080 samples out of 10000, 0 errors
20:42:02,879 INFO Experiment.PerfCost-db86: Processed 3090 samples out of 10000, 0 errors
20:42:13,94 INFO Experiment.PerfCost-db86: Processed 3100 samples out of 10000, 0 errors
20:42:23,304 INFO Experiment.PerfCost-db86: Processed 3110 samples out of 10000, 0 errors
20:42:33,512 INFO Experiment.PerfCost-db86: Processed 3120 samples out of 10000, 0 errors
20:42:43,708 INFO Experiment.PerfCost-db86: Processed 3130 samples out of 10000, 0 errors
20:42:53,937 INFO Experiment.PerfCost-db86: Processed 3140 samples out of 10000, 0 errors
20:43:04,148 INFO Experiment.PerfCost-db86: Processed 3150 samples out of 10000, 0 errors
20:43:14,343 INFO Experiment.PerfCost-db86: Processed 3160 samples out of 10000, 0 errors
20:43:24,549 INFO Experiment.PerfCost-db86: Processed 3170 samples out of 10000, 0 errors
20:43:34,833 INFO Experiment.PerfCost-db86: Processed 3180 samples out of 10000, 0 errors
20:43:45,29 INFO Experiment.PerfCost-db86: Processed 3190 samples out of 10000, 0 errors
20:43:55,232 INFO Experiment.PerfCost-db86: Processed 3200 samples out of 10000, 0 errors
20:44:05,447 INFO Experiment.PerfCost-db86: Processed 3210 samples out of 10000, 0 errors
20:44:15,649 INFO Experiment.PerfCost-db86: Processed 3220 samples out of 10000, 0 errors
20:44:25,849 INFO Experiment.PerfCost-db86: Processed 3230 samples out of 10000, 0 errors
20:44:36,59 INFO Experiment.PerfCost-db86: Processed 3240 samples out of 10000, 0 errors
20:44:46,269 INFO Experiment.PerfCost-db86: Processed 3250 samples out of 10000, 0 errors
20:44:56,471 INFO Experiment.PerfCost-db86: Processed 3260 samples out of 10000, 0 errors
20:45:06,692 INFO Experiment.PerfCost-db86: Processed 3270 samples out of 10000, 0 errors
20:45:16,899 INFO Experiment.PerfCost-db86: Processed 3280 samples out of 10000, 0 errors
20:45:27,103 INFO Experiment.PerfCost-db86: Processed 3290 samples out of 10000, 0 errors
20:45:37,324 INFO Experiment.PerfCost-db86: Processed 3300 samples out of 10000, 0 errors
20:45:47,533 INFO Experiment.PerfCost-db86: Processed 3310 samples out of 10000, 0 errors
20:45:57,743 INFO Experiment.PerfCost-db86: Processed 3320 samples out of 10000, 0 errors
20:46:07,947 INFO Experiment.PerfCost-db86: Processed 3330 samples out of 10000, 0 errors
20:46:18,149 INFO Experiment.PerfCost-db86: Processed 3340 samples out of 10000, 0 errors
20:46:28,347 INFO Experiment.PerfCost-db86: Processed 3350 samples out of 10000, 0 errors
20:46:38,562 INFO Experiment.PerfCost-db86: Processed 3360 samples out of 10000, 0 errors
20:46:48,772 INFO Experiment.PerfCost-db86: Processed 3370 samples out of 10000, 0 errors
20:46:58,983 INFO Experiment.PerfCost-db86: Processed 3380 samples out of 10000, 0 errors
20:47:09,224 INFO Experiment.PerfCost-db86: Processed 3390 samples out of 10000, 0 errors
20:47:19,410 INFO Experiment.PerfCost-db86: Processed 3400 samples out of 10000, 0 errors
20:47:29,642 INFO Experiment.PerfCost-db86: Processed 3410 samples out of 10000, 0 errors
20:47:39,853 INFO Experiment.PerfCost-db86: Processed 3420 samples out of 10000, 0 errors
20:47:50,70 INFO Experiment.PerfCost-db86: Processed 3430 samples out of 10000, 0 errors
20:48:00,274 INFO Experiment.PerfCost-db86: Processed 3440 samples out of 10000, 0 errors
20:48:10,477 INFO Experiment.PerfCost-db86: Processed 3450 samples out of 10000, 0 errors
20:48:20,706 INFO Experiment.PerfCost-db86: Processed 3460 samples out of 10000, 0 errors
20:48:30,912 INFO Experiment.PerfCost-db86: Processed 3470 samples out of 10000, 0 errors
20:48:41,187 INFO Experiment.PerfCost-db86: Processed 3480 samples out of 10000, 0 errors
20:48:51,405 INFO Experiment.PerfCost-db86: Processed 3490 samples out of 10000, 0 errors
20:49:01,607 INFO Experiment.PerfCost-db86: Processed 3500 samples out of 10000, 0 errors
20:49:11,804 INFO Experiment.PerfCost-db86: Processed 3510 samples out of 10000, 0 errors
20:49:21,994 INFO Experiment.PerfCost-db86: Processed 3520 samples out of 10000, 0 errors
20:49:32,222 INFO Experiment.PerfCost-db86: Processed 3530 samples out of 10000, 0 errors
20:49:42,425 INFO Experiment.PerfCost-db86: Processed 3540 samples out of 10000, 0 errors
20:49:52,617 INFO Experiment.PerfCost-db86: Processed 3550 samples out of 10000, 0 errors
20:50:02,858 INFO Experiment.PerfCost-db86: Processed 3560 samples out of 10000, 0 errors
20:50:13,55 INFO Experiment.PerfCost-db86: Processed 3570 samples out of 10000, 0 errors
20:50:23,267 INFO Experiment.PerfCost-db86: Processed 3580 samples out of 10000, 0 errors
20:50:33,475 INFO Experiment.PerfCost-db86: Processed 3590 samples out of 10000, 0 errors
20:50:43,694 INFO Experiment.PerfCost-db86: Processed 3600 samples out of 10000, 0 errors
20:50:53,899 INFO Experiment.PerfCost-db86: Processed 3610 samples out of 10000, 0 errors
20:51:04,88 INFO Experiment.PerfCost-db86: Processed 3620 samples out of 10000, 0 errors
20:51:14,298 INFO Experiment.PerfCost-db86: Processed 3630 samples out of 10000, 0 errors
20:51:24,524 INFO Experiment.PerfCost-db86: Processed 3640 samples out of 10000, 0 errors
20:51:34,740 INFO Experiment.PerfCost-db86: Processed 3650 samples out of 10000, 0 errors
20:51:44,946 INFO Experiment.PerfCost-db86: Processed 3660 samples out of 10000, 0 errors
20:51:55,147 INFO Experiment.PerfCost-db86: Processed 3670 samples out of 10000, 0 errors
20:52:05,365 INFO Experiment.PerfCost-db86: Processed 3680 samples out of 10000, 0 errors
20:52:15,566 INFO Experiment.PerfCost-db86: Processed 3690 samples out of 10000, 0 errors
20:52:25,777 INFO Experiment.PerfCost-db86: Processed 3700 samples out of 10000, 0 errors
20:52:35,976 INFO Experiment.PerfCost-db86: Processed 3710 samples out of 10000, 0 errors
20:52:46,184 INFO Experiment.PerfCost-db86: Processed 3720 samples out of 10000, 0 errors
20:52:56,393 INFO Experiment.PerfCost-db86: Processed 3730 samples out of 10000, 0 errors
20:53:06,597 INFO Experiment.PerfCost-db86: Processed 3740 samples out of 10000, 0 errors
20:53:16,821 INFO Experiment.PerfCost-db86: Processed 3750 samples out of 10000, 0 errors
20:53:27,19 INFO Experiment.PerfCost-db86: Processed 3760 samples out of 10000, 0 errors
20:53:37,219 INFO Experiment.PerfCost-db86: Processed 3770 samples out of 10000, 0 errors
20:53:47,463 INFO Experiment.PerfCost-db86: Processed 3780 samples out of 10000, 0 errors
20:53:57,674 INFO Experiment.PerfCost-db86: Processed 3790 samples out of 10000, 0 errors
20:54:07,883 INFO Experiment.PerfCost-db86: Processed 3800 samples out of 10000, 0 errors
20:54:18,82 INFO Experiment.PerfCost-db86: Processed 3810 samples out of 10000, 0 errors
20:54:28,285 INFO Experiment.PerfCost-db86: Processed 3820 samples out of 10000, 0 errors
20:54:38,481 INFO Experiment.PerfCost-db86: Processed 3830 samples out of 10000, 0 errors
20:54:48,689 INFO Experiment.PerfCost-db86: Processed 3840 samples out of 10000, 0 errors
20:54:58,893 INFO Experiment.PerfCost-db86: Processed 3850 samples out of 10000, 0 errors
20:55:09,81 INFO Experiment.PerfCost-db86: Processed 3860 samples out of 10000, 0 errors
20:55:19,296 INFO Experiment.PerfCost-db86: Processed 3870 samples out of 10000, 0 errors
20:55:29,494 INFO Experiment.PerfCost-db86: Processed 3880 samples out of 10000, 0 errors
20:55:39,689 INFO Experiment.PerfCost-db86: Processed 3890 samples out of 10000, 0 errors
20:55:49,983 INFO Experiment.PerfCost-db86: Processed 3900 samples out of 10000, 0 errors
20:56:00,175 INFO Experiment.PerfCost-db86: Processed 3910 samples out of 10000, 0 errors
20:56:10,372 INFO Experiment.PerfCost-db86: Processed 3920 samples out of 10000, 0 errors
20:56:20,575 INFO Experiment.PerfCost-db86: Processed 3930 samples out of 10000, 0 errors
20:56:30,783 INFO Experiment.PerfCost-db86: Processed 3940 samples out of 10000, 0 errors
20:56:41,6 INFO Experiment.PerfCost-db86: Processed 3950 samples out of 10000, 0 errors
20:56:51,216 INFO Experiment.PerfCost-db86: Processed 3960 samples out of 10000, 0 errors
20:57:01,408 INFO Experiment.PerfCost-db86: Processed 3970 samples out of 10000, 0 errors
20:57:11,644 INFO Experiment.PerfCost-db86: Processed 3980 samples out of 10000, 0 errors
20:57:21,853 INFO Experiment.PerfCost-db86: Processed 3990 samples out of 10000, 0 errors
20:57:32,57 INFO Experiment.PerfCost-db86: Processed 4000 samples out of 10000, 0 errors
20:57:42,260 INFO Experiment.PerfCost-db86: Processed 4010 samples out of 10000, 0 errors
20:57:52,461 INFO Experiment.PerfCost-db86: Processed 4020 samples out of 10000, 0 errors
20:58:02,663 INFO Experiment.PerfCost-db86: Processed 4030 samples out of 10000, 0 errors
20:58:12,866 INFO Experiment.PerfCost-db86: Processed 4040 samples out of 10000, 0 errors
20:58:23,77 INFO Experiment.PerfCost-db86: Processed 4050 samples out of 10000, 0 errors
20:58:33,292 INFO Experiment.PerfCost-db86: Processed 4060 samples out of 10000, 0 errors
20:58:43,504 INFO Experiment.PerfCost-db86: Processed 4070 samples out of 10000, 0 errors
20:58:53,746 INFO Experiment.PerfCost-db86: Processed 4080 samples out of 10000, 0 errors
20:59:03,943 INFO Experiment.PerfCost-db86: Processed 4090 samples out of 10000, 0 errors
20:59:14,158 INFO Experiment.PerfCost-db86: Processed 4100 samples out of 10000, 0 errors
20:59:24,362 INFO Experiment.PerfCost-db86: Processed 4110 samples out of 10000, 0 errors
20:59:34,560 INFO Experiment.PerfCost-db86: Processed 4120 samples out of 10000, 0 errors
20:59:44,775 INFO Experiment.PerfCost-db86: Processed 4130 samples out of 10000, 0 errors
20:59:54,991 INFO Experiment.PerfCost-db86: Processed 4140 samples out of 10000, 0 errors
21:00:05,195 INFO Experiment.PerfCost-db86: Processed 4150 samples out of 10000, 0 errors
21:00:15,394 INFO Experiment.PerfCost-db86: Processed 4160 samples out of 10000, 0 errors
21:00:25,595 INFO Experiment.PerfCost-db86: Processed 4170 samples out of 10000, 0 errors
21:00:35,793 INFO Experiment.PerfCost-db86: Processed 4180 samples out of 10000, 0 errors
21:00:46,16 INFO Experiment.PerfCost-db86: Processed 4190 samples out of 10000, 0 errors
21:00:56,271 INFO Experiment.PerfCost-db86: Processed 4200 samples out of 10000, 0 errors
21:01:06,479 INFO Experiment.PerfCost-db86: Processed 4210 samples out of 10000, 0 errors
21:01:16,709 INFO Experiment.PerfCost-db86: Processed 4220 samples out of 10000, 0 errors
21:01:26,910 INFO Experiment.PerfCost-db86: Processed 4230 samples out of 10000, 0 errors
21:01:37,111 INFO Experiment.PerfCost-db86: Processed 4240 samples out of 10000, 0 errors
21:01:47,328 INFO Experiment.PerfCost-db86: Processed 4250 samples out of 10000, 0 errors
21:01:57,535 INFO Experiment.PerfCost-db86: Processed 4260 samples out of 10000, 0 errors
21:02:07,742 INFO Experiment.PerfCost-db86: Processed 4270 samples out of 10000, 0 errors
21:02:17,950 INFO Experiment.PerfCost-db86: Processed 4280 samples out of 10000, 0 errors
21:02:28,170 INFO Experiment.PerfCost-db86: Processed 4290 samples out of 10000, 0 errors
21:02:38,373 INFO Experiment.PerfCost-db86: Processed 4300 samples out of 10000, 0 errors
21:02:48,575 INFO Experiment.PerfCost-db86: Processed 4310 samples out of 10000, 0 errors
21:02:58,779 INFO Experiment.PerfCost-db86: Processed 4320 samples out of 10000, 0 errors
21:03:08,985 INFO Experiment.PerfCost-db86: Processed 4330 samples out of 10000, 0 errors
21:03:19,192 INFO Experiment.PerfCost-db86: Processed 4340 samples out of 10000, 0 errors
21:03:29,416 INFO Experiment.PerfCost-db86: Processed 4350 samples out of 10000, 0 errors
21:03:39,618 INFO Experiment.PerfCost-db86: Processed 4360 samples out of 10000, 0 errors
21:03:49,839 INFO Experiment.PerfCost-db86: Processed 4370 samples out of 10000, 0 errors
21:04:00,117 INFO Experiment.PerfCost-db86: Processed 4380 samples out of 10000, 0 errors
21:04:10,323 INFO Experiment.PerfCost-db86: Processed 4390 samples out of 10000, 0 errors
21:04:20,534 INFO Experiment.PerfCost-db86: Processed 4400 samples out of 10000, 0 errors
21:04:30,729 INFO Experiment.PerfCost-db86: Processed 4410 samples out of 10000, 0 errors
21:04:40,942 INFO Experiment.PerfCost-db86: Processed 4420 samples out of 10000, 0 errors
21:04:51,155 INFO Experiment.PerfCost-db86: Processed 4430 samples out of 10000, 0 errors
21:05:01,348 INFO Experiment.PerfCost-db86: Processed 4440 samples out of 10000, 0 errors
21:05:11,544 INFO Experiment.PerfCost-db86: Processed 4450 samples out of 10000, 0 errors
21:05:21,773 INFO Experiment.PerfCost-db86: Processed 4460 samples out of 10000, 0 errors
21:05:31,974 INFO Experiment.PerfCost-db86: Processed 4470 samples out of 10000, 0 errors
21:05:42,152 INFO Experiment.PerfCost-db86: Processed 4480 samples out of 10000, 0 errors
21:05:52,356 INFO Experiment.PerfCost-db86: Processed 4490 samples out of 10000, 0 errors
21:06:02,578 INFO Experiment.PerfCost-db86: Processed 4500 samples out of 10000, 0 errors
21:06:12,800 INFO Experiment.PerfCost-db86: Processed 4510 samples out of 10000, 0 errors
21:06:23,11 INFO Experiment.PerfCost-db86: Processed 4520 samples out of 10000, 0 errors
21:06:33,226 INFO Experiment.PerfCost-db86: Processed 4530 samples out of 10000, 0 errors
21:06:43,438 INFO Experiment.PerfCost-db86: Processed 4540 samples out of 10000, 0 errors
21:06:53,636 INFO Experiment.PerfCost-db86: Processed 4550 samples out of 10000, 0 errors
21:07:03,853 INFO Experiment.PerfCost-db86: Processed 4560 samples out of 10000, 0 errors
21:07:14,65 INFO Experiment.PerfCost-db86: Processed 4570 samples out of 10000, 0 errors
21:07:24,272 INFO Experiment.PerfCost-db86: Processed 4580 samples out of 10000, 0 errors
21:07:34,478 INFO Experiment.PerfCost-db86: Processed 4590 samples out of 10000, 0 errors
21:07:44,689 INFO Experiment.PerfCost-db86: Processed 4600 samples out of 10000, 0 errors
21:07:54,903 INFO Experiment.PerfCost-db86: Processed 4610 samples out of 10000, 0 errors
21:08:05,131 INFO Experiment.PerfCost-db86: Processed 4620 samples out of 10000, 0 errors
21:08:15,336 INFO Experiment.PerfCost-db86: Processed 4630 samples out of 10000, 0 errors
21:08:25,533 INFO Experiment.PerfCost-db86: Processed 4640 samples out of 10000, 0 errors
21:08:35,739 INFO Experiment.PerfCost-db86: Processed 4650 samples out of 10000, 0 errors
21:08:45,929 INFO Experiment.PerfCost-db86: Processed 4660 samples out of 10000, 0 errors
21:08:56,155 INFO Experiment.PerfCost-db86: Processed 4670 samples out of 10000, 0 errors
21:09:06,418 INFO Experiment.PerfCost-db86: Processed 4680 samples out of 10000, 0 errors
21:09:16,621 INFO Experiment.PerfCost-db86: Processed 4690 samples out of 10000, 0 errors
21:09:26,829 INFO Experiment.PerfCost-db86: Processed 4700 samples out of 10000, 0 errors
21:09:37,43 INFO Experiment.PerfCost-db86: Processed 4710 samples out of 10000, 0 errors
21:09:47,241 INFO Experiment.PerfCost-db86: Processed 4720 samples out of 10000, 0 errors
21:09:57,450 INFO Experiment.PerfCost-db86: Processed 4730 samples out of 10000, 0 errors
21:10:07,657 INFO Experiment.PerfCost-db86: Processed 4740 samples out of 10000, 0 errors
21:10:17,866 INFO Experiment.PerfCost-db86: Processed 4750 samples out of 10000, 0 errors
21:10:28,74 INFO Experiment.PerfCost-db86: Processed 4760 samples out of 10000, 0 errors
21:10:38,295 INFO Experiment.PerfCost-db86: Processed 4770 samples out of 10000, 0 errors
21:10:48,521 INFO Experiment.PerfCost-db86: Processed 4780 samples out of 10000, 0 errors
21:10:58,736 INFO Experiment.PerfCost-db86: Processed 4790 samples out of 10000, 0 errors
21:11:08,962 INFO Experiment.PerfCost-db86: Processed 4800 samples out of 10000, 0 errors
21:11:19,172 INFO Experiment.PerfCost-db86: Processed 4810 samples out of 10000, 0 errors
21:11:29,380 INFO Experiment.PerfCost-db86: Processed 4820 samples out of 10000, 0 errors
21:11:39,588 INFO Experiment.PerfCost-db86: Processed 4830 samples out of 10000, 0 errors
21:11:49,803 INFO Experiment.PerfCost-db86: Processed 4840 samples out of 10000, 0 errors
21:12:00,3 INFO Experiment.PerfCost-db86: Processed 4850 samples out of 10000, 0 errors
21:12:10,211 INFO Experiment.PerfCost-db86: Processed 4860 samples out of 10000, 0 errors
21:12:20,443 INFO Experiment.PerfCost-db86: Processed 4870 samples out of 10000, 0 errors
21:12:30,650 INFO Experiment.PerfCost-db86: Processed 4880 samples out of 10000, 0 errors
21:12:40,862 INFO Experiment.PerfCost-db86: Processed 4890 samples out of 10000, 0 errors
21:12:51,85 INFO Experiment.PerfCost-db86: Processed 4900 samples out of 10000, 0 errors
21:13:01,303 INFO Experiment.PerfCost-db86: Processed 4910 samples out of 10000, 0 errors
21:13:11,514 INFO Experiment.PerfCost-db86: Processed 4920 samples out of 10000, 0 errors
21:13:21,726 INFO Experiment.PerfCost-db86: Processed 4930 samples out of 10000, 0 errors
21:13:31,937 INFO Experiment.PerfCost-db86: Processed 4940 samples out of 10000, 0 errors
21:13:42,135 INFO Experiment.PerfCost-db86: Processed 4950 samples out of 10000, 0 errors
21:13:52,346 INFO Experiment.PerfCost-db86: Processed 4960 samples out of 10000, 0 errors
21:14:02,574 INFO Experiment.PerfCost-db86: Processed 4970 samples out of 10000, 0 errors
21:14:12,827 INFO Experiment.PerfCost-db86: Processed 4980 samples out of 10000, 0 errors
21:14:23,33 INFO Experiment.PerfCost-db86: Processed 4990 samples out of 10000, 0 errors
21:14:33,231 INFO Experiment.PerfCost-db86: Processed 5000 samples out of 10000, 0 errors
21:14:43,444 INFO Experiment.PerfCost-db86: Processed 5010 samples out of 10000, 0 errors
21:14:53,658 INFO Experiment.PerfCost-db86: Processed 5020 samples out of 10000, 0 errors
21:15:03,858 INFO Experiment.PerfCost-db86: Processed 5030 samples out of 10000, 0 errors
21:15:14,80 INFO Experiment.PerfCost-db86: Processed 5040 samples out of 10000, 0 errors
21:15:24,286 INFO Experiment.PerfCost-db86: Processed 5050 samples out of 10000, 0 errors
21:15:34,485 INFO Experiment.PerfCost-db86: Processed 5060 samples out of 10000, 0 errors
21:15:44,704 INFO Experiment.PerfCost-db86: Processed 5070 samples out of 10000, 0 errors
21:15:54,912 INFO Experiment.PerfCost-db86: Processed 5080 samples out of 10000, 0 errors
21:16:05,133 INFO Experiment.PerfCost-db86: Processed 5090 samples out of 10000, 0 errors
21:16:15,347 INFO Experiment.PerfCost-db86: Processed 5100 samples out of 10000, 0 errors
21:16:25,556 INFO Experiment.PerfCost-db86: Processed 5110 samples out of 10000, 0 errors
21:16:35,778 INFO Experiment.PerfCost-db86: Processed 5120 samples out of 10000, 0 errors
21:16:45,990 INFO Experiment.PerfCost-db86: Processed 5130 samples out of 10000, 0 errors
21:16:56,208 INFO Experiment.PerfCost-db86: Processed 5140 samples out of 10000, 0 errors
21:17:06,422 INFO Experiment.PerfCost-db86: Processed 5150 samples out of 10000, 0 errors
21:17:16,674 INFO Experiment.PerfCost-db86: Processed 5160 samples out of 10000, 0 errors
21:17:26,885 INFO Experiment.PerfCost-db86: Processed 5170 samples out of 10000, 0 errors
21:17:37,87 INFO Experiment.PerfCost-db86: Processed 5180 samples out of 10000, 0 errors
21:17:47,305 INFO Experiment.PerfCost-db86: Processed 5190 samples out of 10000, 0 errors
21:17:57,526 INFO Experiment.PerfCost-db86: Processed 5200 samples out of 10000, 0 errors
21:18:07,748 INFO Experiment.PerfCost-db86: Processed 5210 samples out of 10000, 0 errors
21:18:17,960 INFO Experiment.PerfCost-db86: Processed 5220 samples out of 10000, 0 errors
21:18:28,184 INFO Experiment.PerfCost-db86: Processed 5230 samples out of 10000, 0 errors
21:18:38,387 INFO Experiment.PerfCost-db86: Processed 5240 samples out of 10000, 0 errors
21:18:48,609 INFO Experiment.PerfCost-db86: Processed 5250 samples out of 10000, 0 errors
21:18:58,825 INFO Experiment.PerfCost-db86: Processed 5260 samples out of 10000, 0 errors
21:19:09,38 INFO Experiment.PerfCost-db86: Processed 5270 samples out of 10000, 0 errors
21:19:19,292 INFO Experiment.PerfCost-db86: Processed 5280 samples out of 10000, 0 errors
21:19:29,508 INFO Experiment.PerfCost-db86: Processed 5290 samples out of 10000, 0 errors
21:19:39,715 INFO Experiment.PerfCost-db86: Processed 5300 samples out of 10000, 0 errors
21:19:49,932 INFO Experiment.PerfCost-db86: Processed 5310 samples out of 10000, 0 errors
21:20:00,121 INFO Experiment.PerfCost-db86: Processed 5320 samples out of 10000, 0 errors
21:20:10,330 INFO Experiment.PerfCost-db86: Processed 5330 samples out of 10000, 0 errors
21:20:20,532 INFO Experiment.PerfCost-db86: Processed 5340 samples out of 10000, 0 errors
21:20:30,739 INFO Experiment.PerfCost-db86: Processed 5350 samples out of 10000, 0 errors
21:20:40,957 INFO Experiment.PerfCost-db86: Processed 5360 samples out of 10000, 0 errors
21:20:51,181 INFO Experiment.PerfCost-db86: Processed 5370 samples out of 10000, 0 errors
21:21:01,384 INFO Experiment.PerfCost-db86: Processed 5380 samples out of 10000, 0 errors
21:21:11,591 INFO Experiment.PerfCost-db86: Processed 5390 samples out of 10000, 0 errors
21:21:21,817 INFO Experiment.PerfCost-db86: Processed 5400 samples out of 10000, 0 errors
21:21:32,25 INFO Experiment.PerfCost-db86: Processed 5410 samples out of 10000, 0 errors
21:21:42,213 INFO Experiment.PerfCost-db86: Processed 5420 samples out of 10000, 0 errors
21:21:52,439 INFO Experiment.PerfCost-db86: Processed 5430 samples out of 10000, 0 errors
21:22:02,636 INFO Experiment.PerfCost-db86: Processed 5440 samples out of 10000, 0 errors
21:22:12,869 INFO Experiment.PerfCost-db86: Processed 5450 samples out of 10000, 0 errors
21:22:23,76 INFO Experiment.PerfCost-db86: Processed 5460 samples out of 10000, 0 errors
21:22:33,300 INFO Experiment.PerfCost-db86: Processed 5470 samples out of 10000, 0 errors
21:22:43,514 INFO Experiment.PerfCost-db86: Processed 5480 samples out of 10000, 0 errors
21:22:53,733 INFO Experiment.PerfCost-db86: Processed 5490 samples out of 10000, 0 errors
21:23:04,38 INFO Experiment.PerfCost-db86: Processed 5500 samples out of 10000, 0 errors
21:23:14,258 INFO Experiment.PerfCost-db86: Processed 5510 samples out of 10000, 0 errors
21:23:24,481 INFO Experiment.PerfCost-db86: Processed 5520 samples out of 10000, 0 errors
21:23:34,695 INFO Experiment.PerfCost-db86: Processed 5530 samples out of 10000, 0 errors
21:23:44,945 INFO Experiment.PerfCost-db86: Processed 5540 samples out of 10000, 0 errors
21:23:55,144 INFO Experiment.PerfCost-db86: Processed 5550 samples out of 10000, 0 errors
21:24:05,337 INFO Experiment.PerfCost-db86: Processed 5560 samples out of 10000, 0 errors
21:24:15,545 INFO Experiment.PerfCost-db86: Processed 5570 samples out of 10000, 0 errors
21:24:25,815 INFO Experiment.PerfCost-db86: Processed 5580 samples out of 10000, 0 errors
21:24:36,33 INFO Experiment.PerfCost-db86: Processed 5590 samples out of 10000, 0 errors
21:24:46,239 INFO Experiment.PerfCost-db86: Processed 5600 samples out of 10000, 0 errors
21:24:56,461 INFO Experiment.PerfCost-db86: Processed 5610 samples out of 10000, 0 errors
21:25:06,690 INFO Experiment.PerfCost-db86: Processed 5620 samples out of 10000, 0 errors
21:25:16,898 INFO Experiment.PerfCost-db86: Processed 5630 samples out of 10000, 0 errors
21:25:27,103 INFO Experiment.PerfCost-db86: Processed 5640 samples out of 10000, 0 errors
21:25:37,328 INFO Experiment.PerfCost-db86: Processed 5650 samples out of 10000, 0 errors
21:25:47,545 INFO Experiment.PerfCost-db86: Processed 5660 samples out of 10000, 0 errors
21:25:57,773 INFO Experiment.PerfCost-db86: Processed 5670 samples out of 10000, 0 errors
21:26:08,2 INFO Experiment.PerfCost-db86: Processed 5680 samples out of 10000, 0 errors
21:26:18,194 INFO Experiment.PerfCost-db86: Processed 5690 samples out of 10000, 0 errors
21:26:28,433 INFO Experiment.PerfCost-db86: Processed 5700 samples out of 10000, 0 errors
21:26:38,649 INFO Experiment.PerfCost-db86: Processed 5710 samples out of 10000, 0 errors
21:26:48,865 INFO Experiment.PerfCost-db86: Processed 5720 samples out of 10000, 0 errors
21:26:59,85 INFO Experiment.PerfCost-db86: Processed 5730 samples out of 10000, 0 errors
21:27:09,289 INFO Experiment.PerfCost-db86: Processed 5740 samples out of 10000, 0 errors
21:27:19,522 INFO Experiment.PerfCost-db86: Processed 5750 samples out of 10000, 0 errors
21:27:29,737 INFO Experiment.PerfCost-db86: Processed 5760 samples out of 10000, 0 errors
21:27:39,949 INFO Experiment.PerfCost-db86: Processed 5770 samples out of 10000, 0 errors
21:27:50,167 INFO Experiment.PerfCost-db86: Processed 5780 samples out of 10000, 0 errors
21:28:00,397 INFO Experiment.PerfCost-db86: Processed 5790 samples out of 10000, 0 errors
21:28:10,603 INFO Experiment.PerfCost-db86: Processed 5800 samples out of 10000, 0 errors
21:28:20,816 INFO Experiment.PerfCost-db86: Processed 5810 samples out of 10000, 0 errors
21:28:31,22 INFO Experiment.PerfCost-db86: Processed 5820 samples out of 10000, 0 errors
21:28:41,253 INFO Experiment.PerfCost-db86: Processed 5830 samples out of 10000, 0 errors
21:28:51,452 INFO Experiment.PerfCost-db86: Processed 5840 samples out of 10000, 0 errors
21:29:01,652 INFO Experiment.PerfCost-db86: Processed 5850 samples out of 10000, 0 errors
21:29:11,872 INFO Experiment.PerfCost-db86: Processed 5860 samples out of 10000, 0 errors
21:29:22,88 INFO Experiment.PerfCost-db86: Processed 5870 samples out of 10000, 0 errors
21:29:32,335 INFO Experiment.PerfCost-db86: Processed 5880 samples out of 10000, 0 errors
21:29:42,570 INFO Experiment.PerfCost-db86: Processed 5890 samples out of 10000, 0 errors
21:29:52,782 INFO Experiment.PerfCost-db86: Processed 5900 samples out of 10000, 0 errors
21:30:03,47 INFO Experiment.PerfCost-db86: Processed 5910 samples out of 10000, 0 errors
21:30:13,261 INFO Experiment.PerfCost-db86: Processed 5920 samples out of 10000, 0 errors
21:30:23,474 INFO Experiment.PerfCost-db86: Processed 5930 samples out of 10000, 0 errors
21:30:33,691 INFO Experiment.PerfCost-db86: Processed 5940 samples out of 10000, 0 errors
21:30:43,896 INFO Experiment.PerfCost-db86: Processed 5950 samples out of 10000, 0 errors
21:30:54,96 INFO Experiment.PerfCost-db86: Processed 5960 samples out of 10000, 0 errors
21:31:04,314 INFO Experiment.PerfCost-db86: Processed 5970 samples out of 10000, 0 errors
21:31:14,521 INFO Experiment.PerfCost-db86: Processed 5980 samples out of 10000, 0 errors
21:31:24,747 INFO Experiment.PerfCost-db86: Processed 5990 samples out of 10000, 0 errors
21:31:34,978 INFO Experiment.PerfCost-db86: Processed 6000 samples out of 10000, 0 errors
21:31:45,179 INFO Experiment.PerfCost-db86: Processed 6010 samples out of 10000, 0 errors
21:31:55,377 INFO Experiment.PerfCost-db86: Processed 6020 samples out of 10000, 0 errors
21:32:05,584 INFO Experiment.PerfCost-db86: Processed 6030 samples out of 10000, 0 errors
21:32:15,796 INFO Experiment.PerfCost-db86: Processed 6040 samples out of 10000, 0 errors
21:32:26,10 INFO Experiment.PerfCost-db86: Processed 6050 samples out of 10000, 0 errors
21:32:36,222 INFO Experiment.PerfCost-db86: Processed 6060 samples out of 10000, 0 errors
21:32:46,427 INFO Experiment.PerfCost-db86: Processed 6070 samples out of 10000, 0 errors
21:32:56,654 INFO Experiment.PerfCost-db86: Processed 6080 samples out of 10000, 0 errors
21:33:06,845 INFO Experiment.PerfCost-db86: Processed 6090 samples out of 10000, 0 errors
21:33:17,54 INFO Experiment.PerfCost-db86: Processed 6100 samples out of 10000, 0 errors
21:33:27,265 INFO Experiment.PerfCost-db86: Processed 6110 samples out of 10000, 0 errors
21:33:37,471 INFO Experiment.PerfCost-db86: Processed 6120 samples out of 10000, 0 errors
21:33:47,681 INFO Experiment.PerfCost-db86: Processed 6130 samples out of 10000, 0 errors
21:33:57,884 INFO Experiment.PerfCost-db86: Processed 6140 samples out of 10000, 0 errors
21:34:08,109 INFO Experiment.PerfCost-db86: Processed 6150 samples out of 10000, 0 errors
21:34:18,298 INFO Experiment.PerfCost-db86: Processed 6160 samples out of 10000, 0 errors
21:34:28,507 INFO Experiment.PerfCost-db86: Processed 6170 samples out of 10000, 0 errors
21:34:38,761 INFO Experiment.PerfCost-db86: Processed 6180 samples out of 10000, 0 errors
21:34:48,978 INFO Experiment.PerfCost-db86: Processed 6190 samples out of 10000, 0 errors
21:34:59,197 INFO Experiment.PerfCost-db86: Processed 6200 samples out of 10000, 0 errors
21:35:09,432 INFO Experiment.PerfCost-db86: Processed 6210 samples out of 10000, 0 errors
21:35:19,643 INFO Experiment.PerfCost-db86: Processed 6220 samples out of 10000, 0 errors
21:35:29,851 INFO Experiment.PerfCost-db86: Processed 6230 samples out of 10000, 0 errors
21:35:40,60 INFO Experiment.PerfCost-db86: Processed 6240 samples out of 10000, 0 errors
21:35:50,274 INFO Experiment.PerfCost-db86: Processed 6250 samples out of 10000, 0 errors
21:36:00,463 INFO Experiment.PerfCost-db86: Processed 6260 samples out of 10000, 0 errors
21:36:10,667 INFO Experiment.PerfCost-db86: Processed 6270 samples out of 10000, 0 errors
21:36:20,926 INFO Experiment.PerfCost-db86: Processed 6280 samples out of 10000, 0 errors
21:36:31,139 INFO Experiment.PerfCost-db86: Processed 6290 samples out of 10000, 0 errors
21:36:41,355 INFO Experiment.PerfCost-db86: Processed 6300 samples out of 10000, 0 errors
21:36:51,558 INFO Experiment.PerfCost-db86: Processed 6310 samples out of 10000, 0 errors
21:37:01,767 INFO Experiment.PerfCost-db86: Processed 6320 samples out of 10000, 0 errors
21:37:11,976 INFO Experiment.PerfCost-db86: Processed 6330 samples out of 10000, 0 errors
21:37:22,158 INFO Experiment.PerfCost-db86: Processed 6340 samples out of 10000, 0 errors
21:37:32,366 INFO Experiment.PerfCost-db86: Processed 6350 samples out of 10000, 0 errors
21:37:42,572 INFO Experiment.PerfCost-db86: Processed 6360 samples out of 10000, 0 errors
21:37:52,778 INFO Experiment.PerfCost-db86: Processed 6370 samples out of 10000, 0 errors
21:38:03,6 INFO Experiment.PerfCost-db86: Processed 6380 samples out of 10000, 0 errors
21:38:13,222 INFO Experiment.PerfCost-db86: Processed 6390 samples out of 10000, 0 errors
21:38:23,448 INFO Experiment.PerfCost-db86: Processed 6400 samples out of 10000, 0 errors
21:38:33,673 INFO Experiment.PerfCost-db86: Processed 6410 samples out of 10000, 0 errors
21:38:43,879 INFO Experiment.PerfCost-db86: Processed 6420 samples out of 10000, 0 errors
21:38:54,104 INFO Experiment.PerfCost-db86: Processed 6430 samples out of 10000, 0 errors
21:39:04,316 INFO Experiment.PerfCost-db86: Processed 6440 samples out of 10000, 0 errors
21:39:14,541 INFO Experiment.PerfCost-db86: Processed 6450 samples out of 10000, 0 errors
21:39:24,757 INFO Experiment.PerfCost-db86: Processed 6460 samples out of 10000, 0 errors
21:39:34,963 INFO Experiment.PerfCost-db86: Processed 6470 samples out of 10000, 0 errors
21:39:45,220 INFO Experiment.PerfCost-db86: Processed 6480 samples out of 10000, 0 errors
21:39:55,439 INFO Experiment.PerfCost-db86: Processed 6490 samples out of 10000, 0 errors
21:40:05,648 INFO Experiment.PerfCost-db86: Processed 6500 samples out of 10000, 0 errors
21:40:15,839 INFO Experiment.PerfCost-db86: Processed 6510 samples out of 10000, 0 errors
21:40:26,52 INFO Experiment.PerfCost-db86: Processed 6520 samples out of 10000, 0 errors
21:40:36,280 INFO Experiment.PerfCost-db86: Processed 6530 samples out of 10000, 0 errors
21:40:46,490 INFO Experiment.PerfCost-db86: Processed 6540 samples out of 10000, 0 errors
21:40:56,692 INFO Experiment.PerfCost-db86: Processed 6550 samples out of 10000, 0 errors
21:41:06,902 INFO Experiment.PerfCost-db86: Processed 6560 samples out of 10000, 0 errors
21:41:17,118 INFO Experiment.PerfCost-db86: Processed 6570 samples out of 10000, 0 errors
21:41:27,331 INFO Experiment.PerfCost-db86: Processed 6580 samples out of 10000, 0 errors
21:41:37,553 INFO Experiment.PerfCost-db86: Processed 6590 samples out of 10000, 0 errors
21:41:47,792 INFO Experiment.PerfCost-db86: Processed 6600 samples out of 10000, 0 errors
21:41:57,999 INFO Experiment.PerfCost-db86: Processed 6610 samples out of 10000, 0 errors
21:42:08,200 INFO Experiment.PerfCost-db86: Processed 6620 samples out of 10000, 0 errors
21:42:18,423 INFO Experiment.PerfCost-db86: Processed 6630 samples out of 10000, 0 errors
21:42:28,650 INFO Experiment.PerfCost-db86: Processed 6640 samples out of 10000, 0 errors
21:42:38,880 INFO Experiment.PerfCost-db86: Processed 6650 samples out of 10000, 0 errors
21:42:49,91 INFO Experiment.PerfCost-db86: Processed 6660 samples out of 10000, 0 errors
21:42:59,313 INFO Experiment.PerfCost-db86: Processed 6670 samples out of 10000, 0 errors
21:43:09,523 INFO Experiment.PerfCost-db86: Processed 6680 samples out of 10000, 0 errors
21:43:19,752 INFO Experiment.PerfCost-db86: Processed 6690 samples out of 10000, 0 errors
21:43:29,953 INFO Experiment.PerfCost-db86: Processed 6700 samples out of 10000, 0 errors
21:43:40,159 INFO Experiment.PerfCost-db86: Processed 6710 samples out of 10000, 0 errors
21:43:50,387 INFO Experiment.PerfCost-db86: Processed 6720 samples out of 10000, 0 errors
21:44:00,643 INFO Experiment.PerfCost-db86: Processed 6730 samples out of 10000, 0 errors
21:44:10,860 INFO Experiment.PerfCost-db86: Processed 6740 samples out of 10000, 0 errors
21:44:21,72 INFO Experiment.PerfCost-db86: Processed 6750 samples out of 10000, 0 errors
21:44:31,288 INFO Experiment.PerfCost-db86: Processed 6760 samples out of 10000, 0 errors
21:44:41,513 INFO Experiment.PerfCost-db86: Processed 6770 samples out of 10000, 0 errors
21:44:51,782 INFO Experiment.PerfCost-db86: Processed 6780 samples out of 10000, 0 errors
21:45:02,0 INFO Experiment.PerfCost-db86: Processed 6790 samples out of 10000, 0 errors
21:45:12,213 INFO Experiment.PerfCost-db86: Processed 6800 samples out of 10000, 0 errors
21:45:22,430 INFO Experiment.PerfCost-db86: Processed 6810 samples out of 10000, 0 errors
21:45:32,639 INFO Experiment.PerfCost-db86: Processed 6820 samples out of 10000, 0 errors
21:45:42,846 INFO Experiment.PerfCost-db86: Processed 6830 samples out of 10000, 0 errors
21:45:53,76 INFO Experiment.PerfCost-db86: Processed 6840 samples out of 10000, 0 errors
21:46:03,282 INFO Experiment.PerfCost-db86: Processed 6850 samples out of 10000, 0 errors
21:46:13,502 INFO Experiment.PerfCost-db86: Processed 6860 samples out of 10000, 0 errors
21:46:23,731 INFO Experiment.PerfCost-db86: Processed 6870 samples out of 10000, 0 errors
21:46:33,945 INFO Experiment.PerfCost-db86: Processed 6880 samples out of 10000, 0 errors
21:46:44,168 INFO Experiment.PerfCost-db86: Processed 6890 samples out of 10000, 0 errors
21:46:54,787 INFO Experiment.PerfCost-db86: Processed 6900 samples out of 10000, 0 errors
21:47:05,5 INFO Experiment.PerfCost-db86: Processed 6910 samples out of 10000, 0 errors
21:47:15,222 INFO Experiment.PerfCost-db86: Processed 6920 samples out of 10000, 0 errors
21:47:25,422 INFO Experiment.PerfCost-db86: Processed 6930 samples out of 10000, 0 errors
21:47:35,641 INFO Experiment.PerfCost-db86: Processed 6940 samples out of 10000, 0 errors
21:47:45,855 INFO Experiment.PerfCost-db86: Processed 6950 samples out of 10000, 0 errors
21:47:56,62 INFO Experiment.PerfCost-db86: Processed 6960 samples out of 10000, 0 errors
21:48:06,271 INFO Experiment.PerfCost-db86: Processed 6970 samples out of 10000, 0 errors
21:48:16,489 INFO Experiment.PerfCost-db86: Processed 6980 samples out of 10000, 0 errors
21:48:26,703 INFO Experiment.PerfCost-db86: Processed 6990 samples out of 10000, 0 errors
21:48:36,911 INFO Experiment.PerfCost-db86: Processed 7000 samples out of 10000, 0 errors
21:48:47,108 INFO Experiment.PerfCost-db86: Processed 7010 samples out of 10000, 0 errors
21:48:57,301 INFO Experiment.PerfCost-db86: Processed 7020 samples out of 10000, 0 errors
21:49:07,507 INFO Experiment.PerfCost-db86: Processed 7030 samples out of 10000, 0 errors
21:49:17,718 INFO Experiment.PerfCost-db86: Processed 7040 samples out of 10000, 0 errors
21:49:27,942 INFO Experiment.PerfCost-db86: Processed 7050 samples out of 10000, 0 errors
21:49:38,139 INFO Experiment.PerfCost-db86: Processed 7060 samples out of 10000, 0 errors
21:49:48,320 INFO Experiment.PerfCost-db86: Processed 7070 samples out of 10000, 0 errors
21:49:58,573 INFO Experiment.PerfCost-db86: Processed 7080 samples out of 10000, 0 errors
21:50:08,757 INFO Experiment.PerfCost-db86: Processed 7090 samples out of 10000, 0 errors
21:50:18,970 INFO Experiment.PerfCost-db86: Processed 7100 samples out of 10000, 0 errors
21:50:29,160 INFO Experiment.PerfCost-db86: Processed 7110 samples out of 10000, 0 errors
21:50:39,376 INFO Experiment.PerfCost-db86: Processed 7120 samples out of 10000, 0 errors
21:50:49,602 INFO Experiment.PerfCost-db86: Processed 7130 samples out of 10000, 0 errors
21:50:59,808 INFO Experiment.PerfCost-db86: Processed 7140 samples out of 10000, 0 errors
21:51:09,991 INFO Experiment.PerfCost-db86: Processed 7150 samples out of 10000, 0 errors
21:51:20,227 INFO Experiment.PerfCost-db86: Processed 7160 samples out of 10000, 0 errors
21:51:30,422 INFO Experiment.PerfCost-db86: Processed 7170 samples out of 10000, 0 errors
21:51:40,622 INFO Experiment.PerfCost-db86: Processed 7180 samples out of 10000, 0 errors
21:51:50,819 INFO Experiment.PerfCost-db86: Processed 7190 samples out of 10000, 0 errors
21:52:01,35 INFO Experiment.PerfCost-db86: Processed 7200 samples out of 10000, 0 errors
21:52:11,231 INFO Experiment.PerfCost-db86: Processed 7210 samples out of 10000, 0 errors
21:52:21,409 INFO Experiment.PerfCost-db86: Processed 7220 samples out of 10000, 0 errors
21:52:31,609 INFO Experiment.PerfCost-db86: Processed 7230 samples out of 10000, 0 errors
21:52:41,788 INFO Experiment.PerfCost-db86: Processed 7240 samples out of 10000, 0 errors
21:52:51,999 INFO Experiment.PerfCost-db86: Processed 7250 samples out of 10000, 0 errors
21:53:02,207 INFO Experiment.PerfCost-db86: Processed 7260 samples out of 10000, 0 errors
21:53:12,404 INFO Experiment.PerfCost-db86: Processed 7270 samples out of 10000, 0 errors
21:53:22,619 INFO Experiment.PerfCost-db86: Processed 7280 samples out of 10000, 0 errors
21:53:32,827 INFO Experiment.PerfCost-db86: Processed 7290 samples out of 10000, 0 errors
21:53:43,31 INFO Experiment.PerfCost-db86: Processed 7300 samples out of 10000, 0 errors
21:53:53,246 INFO Experiment.PerfCost-db86: Processed 7310 samples out of 10000, 0 errors
21:54:03,480 INFO Experiment.PerfCost-db86: Processed 7320 samples out of 10000, 0 errors
21:54:13,704 INFO Experiment.PerfCost-db86: Processed 7330 samples out of 10000, 0 errors
21:54:23,915 INFO Experiment.PerfCost-db86: Processed 7340 samples out of 10000, 0 errors
21:54:34,137 INFO Experiment.PerfCost-db86: Processed 7350 samples out of 10000, 0 errors
21:54:44,379 INFO Experiment.PerfCost-db86: Processed 7360 samples out of 10000, 0 errors
21:54:54,593 INFO Experiment.PerfCost-db86: Processed 7370 samples out of 10000, 0 errors
21:55:04,871 INFO Experiment.PerfCost-db86: Processed 7380 samples out of 10000, 0 errors
21:55:15,103 INFO Experiment.PerfCost-db86: Processed 7390 samples out of 10000, 0 errors
21:55:25,349 INFO Experiment.PerfCost-db86: Processed 7400 samples out of 10000, 0 errors
21:55:35,530 INFO Experiment.PerfCost-db86: Processed 7410 samples out of 10000, 0 errors
21:55:45,872 INFO Experiment.PerfCost-db86: Processed 7420 samples out of 10000, 0 errors
21:55:56,67 INFO Experiment.PerfCost-db86: Processed 7430 samples out of 10000, 0 errors
21:56:06,270 INFO Experiment.PerfCost-db86: Processed 7440 samples out of 10000, 0 errors
21:56:16,454 INFO Experiment.PerfCost-db86: Processed 7450 samples out of 10000, 0 errors
21:56:26,675 INFO Experiment.PerfCost-db86: Processed 7460 samples out of 10000, 0 errors
21:56:36,894 INFO Experiment.PerfCost-db86: Processed 7470 samples out of 10000, 0 errors
21:56:47,87 INFO Experiment.PerfCost-db86: Processed 7480 samples out of 10000, 0 errors
21:56:57,301 INFO Experiment.PerfCost-db86: Processed 7490 samples out of 10000, 0 errors
21:57:07,520 INFO Experiment.PerfCost-db86: Processed 7500 samples out of 10000, 0 errors
21:57:17,766 INFO Experiment.PerfCost-db86: Processed 7510 samples out of 10000, 0 errors
21:57:27,966 INFO Experiment.PerfCost-db86: Processed 7520 samples out of 10000, 0 errors
21:57:38,183 INFO Experiment.PerfCost-db86: Processed 7530 samples out of 10000, 0 errors
21:57:48,381 INFO Experiment.PerfCost-db86: Processed 7540 samples out of 10000, 0 errors
21:57:58,572 INFO Experiment.PerfCost-db86: Processed 7550 samples out of 10000, 0 errors
21:58:08,773 INFO Experiment.PerfCost-db86: Processed 7560 samples out of 10000, 0 errors
21:58:18,966 INFO Experiment.PerfCost-db86: Processed 7570 samples out of 10000, 0 errors
21:58:29,163 INFO Experiment.PerfCost-db86: Processed 7580 samples out of 10000, 0 errors
21:58:39,381 INFO Experiment.PerfCost-db86: Processed 7590 samples out of 10000, 0 errors
21:58:49,569 INFO Experiment.PerfCost-db86: Processed 7600 samples out of 10000, 0 errors
21:58:59,783 INFO Experiment.PerfCost-db86: Processed 7610 samples out of 10000, 0 errors
21:59:10,15 INFO Experiment.PerfCost-db86: Processed 7620 samples out of 10000, 0 errors
21:59:20,255 INFO Experiment.PerfCost-db86: Processed 7630 samples out of 10000, 0 errors
21:59:30,473 INFO Experiment.PerfCost-db86: Processed 7640 samples out of 10000, 0 errors
21:59:40,680 INFO Experiment.PerfCost-db86: Processed 7650 samples out of 10000, 0 errors
21:59:50,883 INFO Experiment.PerfCost-db86: Processed 7660 samples out of 10000, 0 errors
22:00:01,95 INFO Experiment.PerfCost-db86: Processed 7670 samples out of 10000, 0 errors
22:00:11,387 INFO Experiment.PerfCost-db86: Processed 7680 samples out of 10000, 0 errors
22:00:21,605 INFO Experiment.PerfCost-db86: Processed 7690 samples out of 10000, 0 errors
22:00:31,820 INFO Experiment.PerfCost-db86: Processed 7700 samples out of 10000, 0 errors
22:00:42,44 INFO Experiment.PerfCost-db86: Processed 7710 samples out of 10000, 0 errors
22:00:52,270 INFO Experiment.PerfCost-db86: Processed 7720 samples out of 10000, 0 errors
22:01:02,486 INFO Experiment.PerfCost-db86: Processed 7730 samples out of 10000, 0 errors
22:01:12,691 INFO Experiment.PerfCost-db86: Processed 7740 samples out of 10000, 0 errors
22:01:22,908 INFO Experiment.PerfCost-db86: Processed 7750 samples out of 10000, 0 errors
22:01:33,125 INFO Experiment.PerfCost-db86: Processed 7760 samples out of 10000, 0 errors
22:01:43,337 INFO Experiment.PerfCost-db86: Processed 7770 samples out of 10000, 0 errors
22:01:53,556 INFO Experiment.PerfCost-db86: Processed 7780 samples out of 10000, 0 errors
22:02:03,781 INFO Experiment.PerfCost-db86: Processed 7790 samples out of 10000, 0 errors
22:02:14,270 INFO Experiment.PerfCost-db86: Processed 7800 samples out of 10000, 0 errors
22:02:24,500 INFO Experiment.PerfCost-db86: Processed 7810 samples out of 10000, 0 errors
22:02:34,725 INFO Experiment.PerfCost-db86: Processed 7820 samples out of 10000, 0 errors
22:02:44,937 INFO Experiment.PerfCost-db86: Processed 7830 samples out of 10000, 0 errors
22:02:55,159 INFO Experiment.PerfCost-db86: Processed 7840 samples out of 10000, 0 errors
22:03:05,390 INFO Experiment.PerfCost-db86: Processed 7850 samples out of 10000, 0 errors
22:03:15,616 INFO Experiment.PerfCost-db86: Processed 7860 samples out of 10000, 0 errors
22:03:25,819 INFO Experiment.PerfCost-db86: Processed 7870 samples out of 10000, 0 errors
22:03:36,43 INFO Experiment.PerfCost-db86: Processed 7880 samples out of 10000, 0 errors
22:03:46,267 INFO Experiment.PerfCost-db86: Processed 7890 samples out of 10000, 0 errors
22:03:56,492 INFO Experiment.PerfCost-db86: Processed 7900 samples out of 10000, 0 errors
22:04:06,699 INFO Experiment.PerfCost-db86: Processed 7910 samples out of 10000, 0 errors
22:04:16,915 INFO Experiment.PerfCost-db86: Processed 7920 samples out of 10000, 0 errors
22:04:27,129 INFO Experiment.PerfCost-db86: Processed 7930 samples out of 10000, 0 errors
22:04:37,334 INFO Experiment.PerfCost-db86: Processed 7940 samples out of 10000, 0 errors
22:04:47,532 INFO Experiment.PerfCost-db86: Processed 7950 samples out of 10000, 0 errors
22:04:57,753 INFO Experiment.PerfCost-db86: Processed 7960 samples out of 10000, 0 errors
22:05:07,971 INFO Experiment.PerfCost-db86: Processed 7970 samples out of 10000, 0 errors
22:05:18,220 INFO Experiment.PerfCost-db86: Processed 7980 samples out of 10000, 0 errors
22:05:28,436 INFO Experiment.PerfCost-db86: Processed 7990 samples out of 10000, 0 errors
22:05:38,649 INFO Experiment.PerfCost-db86: Processed 8000 samples out of 10000, 0 errors
22:05:48,871 INFO Experiment.PerfCost-db86: Processed 8010 samples out of 10000, 0 errors
22:05:59,83 INFO Experiment.PerfCost-db86: Processed 8020 samples out of 10000, 0 errors
22:06:09,310 INFO Experiment.PerfCost-db86: Processed 8030 samples out of 10000, 0 errors
22:06:19,516 INFO Experiment.PerfCost-db86: Processed 8040 samples out of 10000, 0 errors
22:06:29,745 INFO Experiment.PerfCost-db86: Processed 8050 samples out of 10000, 0 errors
22:06:39,964 INFO Experiment.PerfCost-db86: Processed 8060 samples out of 10000, 0 errors
22:06:50,196 INFO Experiment.PerfCost-db86: Processed 8070 samples out of 10000, 0 errors
22:07:00,406 INFO Experiment.PerfCost-db86: Processed 8080 samples out of 10000, 0 errors
22:07:10,614 INFO Experiment.PerfCost-db86: Processed 8090 samples out of 10000, 0 errors
22:07:20,840 INFO Experiment.PerfCost-db86: Processed 8100 samples out of 10000, 0 errors
22:07:31,170 INFO Experiment.PerfCost-db86: Processed 8110 samples out of 10000, 0 errors
22:07:41,389 INFO Experiment.PerfCost-db86: Processed 8120 samples out of 10000, 0 errors
22:07:51,617 INFO Experiment.PerfCost-db86: Processed 8130 samples out of 10000, 0 errors
22:08:01,917 INFO Experiment.PerfCost-db86: Processed 8140 samples out of 10000, 0 errors
22:08:12,141 INFO Experiment.PerfCost-db86: Processed 8150 samples out of 10000, 0 errors
22:08:22,365 INFO Experiment.PerfCost-db86: Processed 8160 samples out of 10000, 0 errors
22:08:32,571 INFO Experiment.PerfCost-db86: Processed 8170 samples out of 10000, 0 errors
22:08:42,817 INFO Experiment.PerfCost-db86: Processed 8180 samples out of 10000, 0 errors
22:08:53,46 INFO Experiment.PerfCost-db86: Processed 8190 samples out of 10000, 0 errors
22:09:03,252 INFO Experiment.PerfCost-db86: Processed 8200 samples out of 10000, 0 errors
22:09:13,501 INFO Experiment.PerfCost-db86: Processed 8210 samples out of 10000, 0 errors
22:09:23,722 INFO Experiment.PerfCost-db86: Processed 8220 samples out of 10000, 0 errors
22:09:33,937 INFO Experiment.PerfCost-db86: Processed 8230 samples out of 10000, 0 errors
22:09:44,148 INFO Experiment.PerfCost-db86: Processed 8240 samples out of 10000, 0 errors
22:09:54,364 INFO Experiment.PerfCost-db86: Processed 8250 samples out of 10000, 0 errors
22:10:04,600 INFO Experiment.PerfCost-db86: Processed 8260 samples out of 10000, 0 errors
22:10:14,830 INFO Experiment.PerfCost-db86: Processed 8270 samples out of 10000, 0 errors
22:10:25,93 INFO Experiment.PerfCost-db86: Processed 8280 samples out of 10000, 0 errors
22:10:35,318 INFO Experiment.PerfCost-db86: Processed 8290 samples out of 10000, 0 errors
22:10:45,537 INFO Experiment.PerfCost-db86: Processed 8300 samples out of 10000, 0 errors
22:10:55,751 INFO Experiment.PerfCost-db86: Processed 8310 samples out of 10000, 0 errors
22:11:05,973 INFO Experiment.PerfCost-db86: Processed 8320 samples out of 10000, 0 errors
22:11:16,183 INFO Experiment.PerfCost-db86: Processed 8330 samples out of 10000, 0 errors
22:11:26,409 INFO Experiment.PerfCost-db86: Processed 8340 samples out of 10000, 0 errors
22:11:36,661 INFO Experiment.PerfCost-db86: Processed 8350 samples out of 10000, 0 errors
22:11:46,873 INFO Experiment.PerfCost-db86: Processed 8360 samples out of 10000, 0 errors
22:11:57,106 INFO Experiment.PerfCost-db86: Processed 8370 samples out of 10000, 0 errors
22:12:07,329 INFO Experiment.PerfCost-db86: Processed 8380 samples out of 10000, 0 errors
22:12:17,555 INFO Experiment.PerfCost-db86: Processed 8390 samples out of 10000, 0 errors
22:12:27,793 INFO Experiment.PerfCost-db86: Processed 8400 samples out of 10000, 0 errors
22:12:38,17 INFO Experiment.PerfCost-db86: Processed 8410 samples out of 10000, 0 errors
22:12:48,228 INFO Experiment.PerfCost-db86: Processed 8420 samples out of 10000, 0 errors
22:12:58,472 INFO Experiment.PerfCost-db86: Processed 8430 samples out of 10000, 0 errors
22:13:08,684 INFO Experiment.PerfCost-db86: Processed 8440 samples out of 10000, 0 errors
22:13:18,886 INFO Experiment.PerfCost-db86: Processed 8450 samples out of 10000, 0 errors
22:13:29,95 INFO Experiment.PerfCost-db86: Processed 8460 samples out of 10000, 0 errors
22:13:39,295 INFO Experiment.PerfCost-db86: Processed 8470 samples out of 10000, 0 errors
22:13:49,504 INFO Experiment.PerfCost-db86: Processed 8480 samples out of 10000, 0 errors
22:13:59,719 INFO Experiment.PerfCost-db86: Processed 8490 samples out of 10000, 0 errors
22:14:09,950 INFO Experiment.PerfCost-db86: Processed 8500 samples out of 10000, 0 errors
22:14:20,169 INFO Experiment.PerfCost-db86: Processed 8510 samples out of 10000, 0 errors
22:14:30,363 INFO Experiment.PerfCost-db86: Processed 8520 samples out of 10000, 0 errors
22:14:40,577 INFO Experiment.PerfCost-db86: Processed 8530 samples out of 10000, 0 errors
22:14:50,789 INFO Experiment.PerfCost-db86: Processed 8540 samples out of 10000, 0 errors
22:15:01,1 INFO Experiment.PerfCost-db86: Processed 8550 samples out of 10000, 0 errors
22:15:11,216 INFO Experiment.PerfCost-db86: Processed 8560 samples out of 10000, 0 errors
22:15:21,435 INFO Experiment.PerfCost-db86: Processed 8570 samples out of 10000, 0 errors
22:15:31,701 INFO Experiment.PerfCost-db86: Processed 8580 samples out of 10000, 0 errors
22:15:41,926 INFO Experiment.PerfCost-db86: Processed 8590 samples out of 10000, 0 errors
22:15:52,143 INFO Experiment.PerfCost-db86: Processed 8600 samples out of 10000, 0 errors
22:16:02,429 INFO Experiment.PerfCost-db86: Processed 8610 samples out of 10000, 0 errors
22:16:12,651 INFO Experiment.PerfCost-db86: Processed 8620 samples out of 10000, 0 errors
22:16:22,879 INFO Experiment.PerfCost-db86: Processed 8630 samples out of 10000, 0 errors
22:16:33,115 INFO Experiment.PerfCost-db86: Processed 8640 samples out of 10000, 0 errors
22:16:43,350 INFO Experiment.PerfCost-db86: Processed 8650 samples out of 10000, 0 errors
22:16:53,582 INFO Experiment.PerfCost-db86: Processed 8660 samples out of 10000, 0 errors
22:17:03,814 INFO Experiment.PerfCost-db86: Processed 8670 samples out of 10000, 0 errors
22:17:14,31 INFO Experiment.PerfCost-db86: Processed 8680 samples out of 10000, 0 errors
22:17:24,253 INFO Experiment.PerfCost-db86: Processed 8690 samples out of 10000, 0 errors
22:17:34,779 INFO Experiment.PerfCost-db86: Processed 8700 samples out of 10000, 0 errors
22:17:44,996 INFO Experiment.PerfCost-db86: Processed 8710 samples out of 10000, 0 errors
22:17:55,214 INFO Experiment.PerfCost-db86: Processed 8720 samples out of 10000, 0 errors
22:18:05,436 INFO Experiment.PerfCost-db86: Processed 8730 samples out of 10000, 0 errors
22:18:15,660 INFO Experiment.PerfCost-db86: Processed 8740 samples out of 10000, 0 errors
22:18:25,880 INFO Experiment.PerfCost-db86: Processed 8750 samples out of 10000, 0 errors
22:18:36,111 INFO Experiment.PerfCost-db86: Processed 8760 samples out of 10000, 0 errors
22:18:46,323 INFO Experiment.PerfCost-db86: Processed 8770 samples out of 10000, 0 errors
22:18:56,554 INFO Experiment.PerfCost-db86: Processed 8780 samples out of 10000, 0 errors
22:19:06,792 INFO Experiment.PerfCost-db86: Processed 8790 samples out of 10000, 0 errors
22:19:17,8 INFO Experiment.PerfCost-db86: Processed 8800 samples out of 10000, 0 errors
22:19:27,223 INFO Experiment.PerfCost-db86: Processed 8810 samples out of 10000, 0 errors
22:19:37,445 INFO Experiment.PerfCost-db86: Processed 8820 samples out of 10000, 0 errors
22:19:47,670 INFO Experiment.PerfCost-db86: Processed 8830 samples out of 10000, 0 errors
22:19:57,909 INFO Experiment.PerfCost-db86: Processed 8840 samples out of 10000, 0 errors
22:20:08,124 INFO Experiment.PerfCost-db86: Processed 8850 samples out of 10000, 0 errors
22:20:18,343 INFO Experiment.PerfCost-db86: Processed 8860 samples out of 10000, 0 errors
22:20:28,555 INFO Experiment.PerfCost-db86: Processed 8870 samples out of 10000, 0 errors
22:20:38,812 INFO Experiment.PerfCost-db86: Processed 8880 samples out of 10000, 0 errors
22:20:49,30 INFO Experiment.PerfCost-db86: Processed 8890 samples out of 10000, 0 errors
22:20:59,252 INFO Experiment.PerfCost-db86: Processed 8900 samples out of 10000, 0 errors
22:21:09,467 INFO Experiment.PerfCost-db86: Processed 8910 samples out of 10000, 0 errors
22:21:19,695 INFO Experiment.PerfCost-db86: Processed 8920 samples out of 10000, 0 errors
22:21:29,903 INFO Experiment.PerfCost-db86: Processed 8930 samples out of 10000, 0 errors
22:21:40,133 INFO Experiment.PerfCost-db86: Processed 8940 samples out of 10000, 0 errors
22:21:50,345 INFO Experiment.PerfCost-db86: Processed 8950 samples out of 10000, 0 errors
22:22:00,562 INFO Experiment.PerfCost-db86: Processed 8960 samples out of 10000, 0 errors
22:22:10,792 INFO Experiment.PerfCost-db86: Processed 8970 samples out of 10000, 0 errors
22:22:21,12 INFO Experiment.PerfCost-db86: Processed 8980 samples out of 10000, 0 errors
22:22:31,241 INFO Experiment.PerfCost-db86: Processed 8990 samples out of 10000, 0 errors
22:22:41,483 INFO Experiment.PerfCost-db86: Processed 9000 samples out of 10000, 0 errors
22:22:51,695 INFO Experiment.PerfCost-db86: Processed 9010 samples out of 10000, 0 errors
22:23:01,928 INFO Experiment.PerfCost-db86: Processed 9020 samples out of 10000, 0 errors
22:23:12,154 INFO Experiment.PerfCost-db86: Processed 9030 samples out of 10000, 0 errors
22:23:22,386 INFO Experiment.PerfCost-db86: Processed 9040 samples out of 10000, 0 errors
22:23:32,622 INFO Experiment.PerfCost-db86: Processed 9050 samples out of 10000, 0 errors
22:23:42,849 INFO Experiment.PerfCost-db86: Processed 9060 samples out of 10000, 0 errors
22:23:53,70 INFO Experiment.PerfCost-db86: Processed 9070 samples out of 10000, 0 errors
22:24:03,302 INFO Experiment.PerfCost-db86: Processed 9080 samples out of 10000, 0 errors
22:24:13,534 INFO Experiment.PerfCost-db86: Processed 9090 samples out of 10000, 0 errors
22:24:23,755 INFO Experiment.PerfCost-db86: Processed 9100 samples out of 10000, 0 errors
22:24:33,969 INFO Experiment.PerfCost-db86: Processed 9110 samples out of 10000, 0 errors
22:24:44,213 INFO Experiment.PerfCost-db86: Processed 9120 samples out of 10000, 0 errors
22:24:54,442 INFO Experiment.PerfCost-db86: Processed 9130 samples out of 10000, 0 errors
22:25:04,683 INFO Experiment.PerfCost-db86: Processed 9140 samples out of 10000, 0 errors
22:25:14,925 INFO Experiment.PerfCost-db86: Processed 9150 samples out of 10000, 0 errors
22:25:25,161 INFO Experiment.PerfCost-db86: Processed 9160 samples out of 10000, 0 errors
22:25:35,374 INFO Experiment.PerfCost-db86: Processed 9170 samples out of 10000, 0 errors
22:25:45,637 INFO Experiment.PerfCost-db86: Processed 9180 samples out of 10000, 0 errors
22:25:55,863 INFO Experiment.PerfCost-db86: Processed 9190 samples out of 10000, 0 errors
22:26:06,85 INFO Experiment.PerfCost-db86: Processed 9200 samples out of 10000, 0 errors
22:26:16,304 INFO Experiment.PerfCost-db86: Processed 9210 samples out of 10000, 0 errors
22:26:26,525 INFO Experiment.PerfCost-db86: Processed 9220 samples out of 10000, 0 errors
22:26:36,727 INFO Experiment.PerfCost-db86: Processed 9230 samples out of 10000, 0 errors
22:26:46,964 INFO Experiment.PerfCost-db86: Processed 9240 samples out of 10000, 0 errors
22:26:57,194 INFO Experiment.PerfCost-db86: Processed 9250 samples out of 10000, 0 errors
22:27:07,417 INFO Experiment.PerfCost-db86: Processed 9260 samples out of 10000, 0 errors
22:27:17,640 INFO Experiment.PerfCost-db86: Processed 9270 samples out of 10000, 0 errors
22:27:27,864 INFO Experiment.PerfCost-db86: Processed 9280 samples out of 10000, 0 errors
22:27:38,77 INFO Experiment.PerfCost-db86: Processed 9290 samples out of 10000, 0 errors
22:27:48,301 INFO Experiment.PerfCost-db86: Processed 9300 samples out of 10000, 0 errors
22:27:58,522 INFO Experiment.PerfCost-db86: Processed 9310 samples out of 10000, 0 errors
22:28:08,739 INFO Experiment.PerfCost-db86: Processed 9320 samples out of 10000, 0 errors
22:28:18,961 INFO Experiment.PerfCost-db86: Processed 9330 samples out of 10000, 0 errors
22:28:29,176 INFO Experiment.PerfCost-db86: Processed 9340 samples out of 10000, 0 errors
22:28:39,405 INFO Experiment.PerfCost-db86: Processed 9350 samples out of 10000, 0 errors
22:28:49,637 INFO Experiment.PerfCost-db86: Processed 9360 samples out of 10000, 0 errors
22:28:59,851 INFO Experiment.PerfCost-db86: Processed 9370 samples out of 10000, 0 errors
22:29:10,73 INFO Experiment.PerfCost-db86: Processed 9380 samples out of 10000, 0 errors
22:29:20,295 INFO Experiment.PerfCost-db86: Processed 9390 samples out of 10000, 0 errors
22:29:30,531 INFO Experiment.PerfCost-db86: Processed 9400 samples out of 10000, 0 errors
22:29:40,745 INFO Experiment.PerfCost-db86: Processed 9410 samples out of 10000, 0 errors
22:29:50,958 INFO Experiment.PerfCost-db86: Processed 9420 samples out of 10000, 0 errors
22:30:01,169 INFO Experiment.PerfCost-db86: Processed 9430 samples out of 10000, 0 errors
22:30:11,383 INFO Experiment.PerfCost-db86: Processed 9440 samples out of 10000, 0 errors
22:30:21,589 INFO Experiment.PerfCost-db86: Processed 9450 samples out of 10000, 0 errors
22:30:31,831 INFO Experiment.PerfCost-db86: Processed 9460 samples out of 10000, 0 errors
22:30:42,61 INFO Experiment.PerfCost-db86: Processed 9470 samples out of 10000, 0 errors
22:30:52,329 INFO Experiment.PerfCost-db86: Processed 9480 samples out of 10000, 0 errors
22:31:02,570 INFO Experiment.PerfCost-db86: Processed 9490 samples out of 10000, 0 errors
22:31:12,800 INFO Experiment.PerfCost-db86: Processed 9500 samples out of 10000, 0 errors
22:31:23,43 INFO Experiment.PerfCost-db86: Processed 9510 samples out of 10000, 0 errors
22:31:33,255 INFO Experiment.PerfCost-db86: Processed 9520 samples out of 10000, 0 errors
22:31:43,487 INFO Experiment.PerfCost-db86: Processed 9530 samples out of 10000, 0 errors
22:31:53,723 INFO Experiment.PerfCost-db86: Processed 9540 samples out of 10000, 0 errors
22:32:03,946 INFO Experiment.PerfCost-db86: Processed 9550 samples out of 10000, 0 errors
22:32:14,165 INFO Experiment.PerfCost-db86: Processed 9560 samples out of 10000, 0 errors
22:32:24,401 INFO Experiment.PerfCost-db86: Processed 9570 samples out of 10000, 0 errors
22:32:34,614 INFO Experiment.PerfCost-db86: Processed 9580 samples out of 10000, 0 errors
22:32:44,846 INFO Experiment.PerfCost-db86: Processed 9590 samples out of 10000, 0 errors
22:32:55,84 INFO Experiment.PerfCost-db86: Processed 9600 samples out of 10000, 0 errors
22:33:05,310 INFO Experiment.PerfCost-db86: Processed 9610 samples out of 10000, 0 errors
22:33:15,580 INFO Experiment.PerfCost-db86: Processed 9620 samples out of 10000, 0 errors
22:33:25,810 INFO Experiment.PerfCost-db86: Processed 9630 samples out of 10000, 0 errors
22:33:36,31 INFO Experiment.PerfCost-db86: Processed 9640 samples out of 10000, 0 errors
22:33:46,260 INFO Experiment.PerfCost-db86: Processed 9650 samples out of 10000, 0 errors
22:33:56,475 INFO Experiment.PerfCost-db86: Processed 9660 samples out of 10000, 0 errors
22:34:06,697 INFO Experiment.PerfCost-db86: Processed 9670 samples out of 10000, 0 errors
22:34:16,924 INFO Experiment.PerfCost-db86: Processed 9680 samples out of 10000, 0 errors
22:34:27,157 INFO Experiment.PerfCost-db86: Processed 9690 samples out of 10000, 0 errors
22:34:37,384 INFO Experiment.PerfCost-db86: Processed 9700 samples out of 10000, 0 errors
22:34:47,605 INFO Experiment.PerfCost-db86: Processed 9710 samples out of 10000, 0 errors
22:34:57,881 INFO Experiment.PerfCost-db86: Processed 9720 samples out of 10000, 0 errors
22:35:08,86 INFO Experiment.PerfCost-db86: Processed 9730 samples out of 10000, 0 errors
22:35:18,304 INFO Experiment.PerfCost-db86: Processed 9740 samples out of 10000, 0 errors
22:35:28,540 INFO Experiment.PerfCost-db86: Processed 9750 samples out of 10000, 0 errors
22:35:38,759 INFO Experiment.PerfCost-db86: Processed 9760 samples out of 10000, 0 errors
22:35:48,974 INFO Experiment.PerfCost-db86: Processed 9770 samples out of 10000, 0 errors
22:35:59,234 INFO Experiment.PerfCost-db86: Processed 9780 samples out of 10000, 0 errors
22:36:09,441 INFO Experiment.PerfCost-db86: Processed 9790 samples out of 10000, 0 errors
22:36:19,674 INFO Experiment.PerfCost-db86: Processed 9800 samples out of 10000, 0 errors
22:36:29,891 INFO Experiment.PerfCost-db86: Processed 9810 samples out of 10000, 0 errors
22:36:40,130 INFO Experiment.PerfCost-db86: Processed 9820 samples out of 10000, 0 errors
22:36:50,355 INFO Experiment.PerfCost-db86: Processed 9830 samples out of 10000, 0 errors
22:37:00,574 INFO Experiment.PerfCost-db86: Processed 9840 samples out of 10000, 0 errors
22:37:10,777 INFO Experiment.PerfCost-db86: Processed 9850 samples out of 10000, 0 errors
22:37:21,1 INFO Experiment.PerfCost-db86: Processed 9860 samples out of 10000, 0 errors
22:37:31,233 INFO Experiment.PerfCost-db86: Processed 9870 samples out of 10000, 0 errors
22:37:41,461 INFO Experiment.PerfCost-db86: Processed 9880 samples out of 10000, 0 errors
22:37:51,697 INFO Experiment.PerfCost-db86: Processed 9890 samples out of 10000, 0 errors
22:38:01,924 INFO Experiment.PerfCost-db86: Processed 9900 samples out of 10000, 0 errors
22:38:12,141 INFO Experiment.PerfCost-db86: Processed 9910 samples out of 10000, 0 errors
22:38:22,363 INFO Experiment.PerfCost-db86: Processed 9920 samples out of 10000, 0 errors
22:38:32,580 INFO Experiment.PerfCost-db86: Processed 9930 samples out of 10000, 0 errors
22:38:42,807 INFO Experiment.PerfCost-db86: Processed 9940 samples out of 10000, 0 errors
22:38:53,52 INFO Experiment.PerfCost-db86: Processed 9950 samples out of 10000, 0 errors
22:39:03,282 INFO Experiment.PerfCost-db86: Processed 9960 samples out of 10000, 0 errors
22:39:13,497 INFO Experiment.PerfCost-db86: Processed 9970 samples out of 10000, 0 errors
22:39:23,711 INFO Experiment.PerfCost-db86: Processed 9980 samples out of 10000, 0 errors
22:39:33,939 INFO Experiment.PerfCost-db86: Processed 9990 samples out of 10000, 0 errors
22:39:44,161 INFO Experiment.PerfCost-db86: Processed 10000 samples out of 10000, 0 errors
22:39:49,175 INFO Experiment.PerfCost-db86: Mean 131.6305706 [ms], median 134.97899999999998 [ms], std 48.964543772658764, CV 37.198458951798216
22:39:49,179 INFO Experiment.PerfCost-db86: Parametric CI (Student's t-distribution) 0.95 from 130.67071900046207 to 132.59042219953793, within 0.7292011233885264% of mean
22:39:49,183 INFO Experiment.PerfCost-db86: Non-parametric CI 0.95 from 134.317 to 135.93, within 0.5975003519065928% of median
22:39:49,186 INFO Experiment.PerfCost-db86: Parametric CI (Student's t-distribution) 0.99 from 130.36902365037056 to 132.89211754962943, within 0.9583996664901139% of mean
22:39:49,188 INFO Experiment.PerfCost-db86: Non-parametric CI 0.99 from 133.932 to 136.18, within 0.8327221271457113% of median
