14:00:01,978 INFO SeBS-6439: Created experiment output at /home/anou/msc-thesis/task-based-experiment/experiment-results/nodejs/instrumented/610.dynamic-html-otel
14:00:02,334 INFO OpenWhisk.Resources-d58d: Using user-provided configuration of storage for OpenWhisk.
14:00:02,334 INFO OpenWhisk-745f: Using existing resource name: 8504288e.
14:00:02,338 INFO Benchmark-3be0: Building benchmark 610.dynamic-html-otel. Reason: no cached code package.
14:00:02,360 INFO Benchmark-3be0: There is no Docker build image for openwhisk run in nodejs, thus skipping the Docker-based installation of dependencies.
14:00:02,361 INFO OpenWhisk-745f: Build the benchmark base image andersnou/msc-thesis:function.openwhisk.610.dynamic-html-otel.nodejs-12.
14:00:03,123 INFO OpenWhisk-745f: Push the benchmark base image andersnou/msc-thesis:function.openwhisk.610.dynamic-html-otel.nodejs-12 to registry: Docker Hub.
14:00:04,838 INFO OpenWhisk-745f: Created /home/anou/msc-thesis/task-based-experiment/experiment-results/nodejs/instrumented/610.dynamic-html-otel/610.dynamic-html-otel_code/nodejs/12/610.dynamic-html-otel.zip archive
14:00:04,839 INFO OpenWhisk-745f: Zip archive size 0.000621 MB
14:00:04,841 INFO Benchmark-3be0: Created code package (source hash: 7701f8b8ca373d836a24b29d7b76ce4b), for run on openwhisk with nodejs:12
14:00:04,844 INFO OpenWhisk-745f: Creating new function! Reason: function 610.dynamic-html-otel-nodejs-12 not found in cache.
14:00:04,844 INFO OpenWhisk-745f: Creating function as an action in OpenWhisk.
14:00:05,5 INFO OpenWhisk-745f: Creating new OpenWhisk action 610.dynamic-html-otel-nodejs-12
14:00:05,299 INFO Experiment.PerfCost-4ea6: Begin experiment on memory size 128
14:00:05,299 INFO OpenWhisk-745f: Update an existing OpenWhisk action 610.dynamic-html-otel-nodejs-12.
14:00:05,492 INFO Experiment.PerfCost-4ea6: Begin warm experiments
14:00:18,288 INFO Experiment.PerfCost-4ea6: Processed 0 warm-up samples, ignoring these results.
14:00:28,425 INFO Experiment.PerfCost-4ea6: Processed 10 samples out of 10000, 0 errors
14:00:38,563 INFO Experiment.PerfCost-4ea6: Processed 20 samples out of 10000, 0 errors
14:00:48,697 INFO Experiment.PerfCost-4ea6: Processed 30 samples out of 10000, 0 errors
14:00:58,829 INFO Experiment.PerfCost-4ea6: Processed 40 samples out of 10000, 0 errors
14:01:08,952 INFO Experiment.PerfCost-4ea6: Processed 50 samples out of 10000, 0 errors
14:01:19,91 INFO Experiment.PerfCost-4ea6: Processed 60 samples out of 10000, 0 errors
14:01:29,241 INFO Experiment.PerfCost-4ea6: Processed 70 samples out of 10000, 0 errors
14:01:39,369 INFO Experiment.PerfCost-4ea6: Processed 80 samples out of 10000, 0 errors
14:01:49,484 INFO Experiment.PerfCost-4ea6: Processed 90 samples out of 10000, 0 errors
14:01:59,619 INFO Experiment.PerfCost-4ea6: Processed 100 samples out of 10000, 0 errors
14:02:09,754 INFO Experiment.PerfCost-4ea6: Processed 110 samples out of 10000, 0 errors
14:02:19,879 INFO Experiment.PerfCost-4ea6: Processed 120 samples out of 10000, 0 errors
14:02:30,15 INFO Experiment.PerfCost-4ea6: Processed 130 samples out of 10000, 0 errors
14:02:40,160 INFO Experiment.PerfCost-4ea6: Processed 140 samples out of 10000, 0 errors
14:02:50,299 INFO Experiment.PerfCost-4ea6: Processed 150 samples out of 10000, 0 errors
14:03:00,441 INFO Experiment.PerfCost-4ea6: Processed 160 samples out of 10000, 0 errors
14:03:10,567 INFO Experiment.PerfCost-4ea6: Processed 170 samples out of 10000, 0 errors
14:03:20,695 INFO Experiment.PerfCost-4ea6: Processed 180 samples out of 10000, 0 errors
14:03:30,836 INFO Experiment.PerfCost-4ea6: Processed 190 samples out of 10000, 0 errors
14:03:40,957 INFO Experiment.PerfCost-4ea6: Processed 200 samples out of 10000, 0 errors
14:03:51,74 INFO Experiment.PerfCost-4ea6: Processed 210 samples out of 10000, 0 errors
14:04:01,218 INFO Experiment.PerfCost-4ea6: Processed 220 samples out of 10000, 0 errors
14:04:11,348 INFO Experiment.PerfCost-4ea6: Processed 230 samples out of 10000, 0 errors
14:04:21,467 INFO Experiment.PerfCost-4ea6: Processed 240 samples out of 10000, 0 errors
14:04:31,593 INFO Experiment.PerfCost-4ea6: Processed 250 samples out of 10000, 0 errors
14:04:41,732 INFO Experiment.PerfCost-4ea6: Processed 260 samples out of 10000, 0 errors
14:04:51,854 INFO Experiment.PerfCost-4ea6: Processed 270 samples out of 10000, 0 errors
14:05:01,967 INFO Experiment.PerfCost-4ea6: Processed 280 samples out of 10000, 0 errors
14:05:12,139 INFO Experiment.PerfCost-4ea6: Processed 290 samples out of 10000, 0 errors
14:05:22,308 INFO Experiment.PerfCost-4ea6: Processed 300 samples out of 10000, 0 errors
14:05:32,426 INFO Experiment.PerfCost-4ea6: Processed 310 samples out of 10000, 0 errors
14:05:42,544 INFO Experiment.PerfCost-4ea6: Processed 320 samples out of 10000, 0 errors
14:05:52,667 INFO Experiment.PerfCost-4ea6: Processed 330 samples out of 10000, 0 errors
14:06:02,814 INFO Experiment.PerfCost-4ea6: Processed 340 samples out of 10000, 0 errors
14:06:12,940 INFO Experiment.PerfCost-4ea6: Processed 350 samples out of 10000, 0 errors
14:06:23,67 INFO Experiment.PerfCost-4ea6: Processed 360 samples out of 10000, 0 errors
14:06:33,188 INFO Experiment.PerfCost-4ea6: Processed 370 samples out of 10000, 0 errors
14:06:43,321 INFO Experiment.PerfCost-4ea6: Processed 380 samples out of 10000, 0 errors
14:06:53,452 INFO Experiment.PerfCost-4ea6: Processed 390 samples out of 10000, 0 errors
14:07:03,566 INFO Experiment.PerfCost-4ea6: Processed 400 samples out of 10000, 0 errors
14:07:13,693 INFO Experiment.PerfCost-4ea6: Processed 410 samples out of 10000, 0 errors
14:07:23,827 INFO Experiment.PerfCost-4ea6: Processed 420 samples out of 10000, 0 errors
14:07:33,948 INFO Experiment.PerfCost-4ea6: Processed 430 samples out of 10000, 0 errors
14:07:44,64 INFO Experiment.PerfCost-4ea6: Processed 440 samples out of 10000, 0 errors
14:07:54,187 INFO Experiment.PerfCost-4ea6: Processed 450 samples out of 10000, 0 errors
14:08:04,317 INFO Experiment.PerfCost-4ea6: Processed 460 samples out of 10000, 0 errors
14:08:14,433 INFO Experiment.PerfCost-4ea6: Processed 470 samples out of 10000, 0 errors
14:08:24,556 INFO Experiment.PerfCost-4ea6: Processed 480 samples out of 10000, 0 errors
14:08:34,680 INFO Experiment.PerfCost-4ea6: Processed 490 samples out of 10000, 0 errors
14:08:44,810 INFO Experiment.PerfCost-4ea6: Processed 500 samples out of 10000, 0 errors
14:08:54,932 INFO Experiment.PerfCost-4ea6: Processed 510 samples out of 10000, 0 errors
14:09:05,61 INFO Experiment.PerfCost-4ea6: Processed 520 samples out of 10000, 0 errors
14:09:15,183 INFO Experiment.PerfCost-4ea6: Processed 530 samples out of 10000, 0 errors
14:09:25,305 INFO Experiment.PerfCost-4ea6: Processed 540 samples out of 10000, 0 errors
14:09:35,419 INFO Experiment.PerfCost-4ea6: Processed 550 samples out of 10000, 0 errors
14:09:45,550 INFO Experiment.PerfCost-4ea6: Processed 560 samples out of 10000, 0 errors
14:09:55,662 INFO Experiment.PerfCost-4ea6: Processed 570 samples out of 10000, 0 errors
14:10:05,774 INFO Experiment.PerfCost-4ea6: Processed 580 samples out of 10000, 0 errors
14:10:15,924 INFO Experiment.PerfCost-4ea6: Processed 590 samples out of 10000, 0 errors
14:10:26,69 INFO Experiment.PerfCost-4ea6: Processed 600 samples out of 10000, 0 errors
14:10:36,209 INFO Experiment.PerfCost-4ea6: Processed 610 samples out of 10000, 0 errors
14:10:46,319 INFO Experiment.PerfCost-4ea6: Processed 620 samples out of 10000, 0 errors
14:10:56,438 INFO Experiment.PerfCost-4ea6: Processed 630 samples out of 10000, 0 errors
14:11:06,554 INFO Experiment.PerfCost-4ea6: Processed 640 samples out of 10000, 0 errors
14:11:16,679 INFO Experiment.PerfCost-4ea6: Processed 650 samples out of 10000, 0 errors
14:11:26,796 INFO Experiment.PerfCost-4ea6: Processed 660 samples out of 10000, 0 errors
14:11:36,927 INFO Experiment.PerfCost-4ea6: Processed 670 samples out of 10000, 0 errors
14:11:47,51 INFO Experiment.PerfCost-4ea6: Processed 680 samples out of 10000, 0 errors
14:11:57,179 INFO Experiment.PerfCost-4ea6: Processed 690 samples out of 10000, 0 errors
14:12:07,307 INFO Experiment.PerfCost-4ea6: Processed 700 samples out of 10000, 0 errors
14:12:17,428 INFO Experiment.PerfCost-4ea6: Processed 710 samples out of 10000, 0 errors
14:12:27,548 INFO Experiment.PerfCost-4ea6: Processed 720 samples out of 10000, 0 errors
14:12:37,671 INFO Experiment.PerfCost-4ea6: Processed 730 samples out of 10000, 0 errors
14:12:47,800 INFO Experiment.PerfCost-4ea6: Processed 740 samples out of 10000, 0 errors
14:12:57,908 INFO Experiment.PerfCost-4ea6: Processed 750 samples out of 10000, 0 errors
14:13:08,12 INFO Experiment.PerfCost-4ea6: Processed 760 samples out of 10000, 0 errors
14:13:18,136 INFO Experiment.PerfCost-4ea6: Processed 770 samples out of 10000, 0 errors
14:13:28,267 INFO Experiment.PerfCost-4ea6: Processed 780 samples out of 10000, 0 errors
14:13:38,382 INFO Experiment.PerfCost-4ea6: Processed 790 samples out of 10000, 0 errors
14:13:48,503 INFO Experiment.PerfCost-4ea6: Processed 800 samples out of 10000, 0 errors
14:13:58,622 INFO Experiment.PerfCost-4ea6: Processed 810 samples out of 10000, 0 errors
14:14:08,745 INFO Experiment.PerfCost-4ea6: Processed 820 samples out of 10000, 0 errors
14:14:18,870 INFO Experiment.PerfCost-4ea6: Processed 830 samples out of 10000, 0 errors
14:14:28,985 INFO Experiment.PerfCost-4ea6: Processed 840 samples out of 10000, 0 errors
14:14:39,112 INFO Experiment.PerfCost-4ea6: Processed 850 samples out of 10000, 0 errors
14:14:49,220 INFO Experiment.PerfCost-4ea6: Processed 860 samples out of 10000, 0 errors
14:14:59,347 INFO Experiment.PerfCost-4ea6: Processed 870 samples out of 10000, 0 errors
14:15:09,461 INFO Experiment.PerfCost-4ea6: Processed 880 samples out of 10000, 0 errors
14:15:19,620 INFO Experiment.PerfCost-4ea6: Processed 890 samples out of 10000, 0 errors
14:15:29,760 INFO Experiment.PerfCost-4ea6: Processed 900 samples out of 10000, 0 errors
14:15:39,882 INFO Experiment.PerfCost-4ea6: Processed 910 samples out of 10000, 0 errors
14:15:49,994 INFO Experiment.PerfCost-4ea6: Processed 920 samples out of 10000, 0 errors
14:16:00,118 INFO Experiment.PerfCost-4ea6: Processed 930 samples out of 10000, 0 errors
14:16:10,238 INFO Experiment.PerfCost-4ea6: Processed 940 samples out of 10000, 0 errors
14:16:20,349 INFO Experiment.PerfCost-4ea6: Processed 950 samples out of 10000, 0 errors
14:16:30,474 INFO Experiment.PerfCost-4ea6: Processed 960 samples out of 10000, 0 errors
14:16:40,605 INFO Experiment.PerfCost-4ea6: Processed 970 samples out of 10000, 0 errors
14:16:50,726 INFO Experiment.PerfCost-4ea6: Processed 980 samples out of 10000, 0 errors
14:17:00,842 INFO Experiment.PerfCost-4ea6: Processed 990 samples out of 10000, 0 errors
14:17:10,951 INFO Experiment.PerfCost-4ea6: Processed 1000 samples out of 10000, 0 errors
14:17:21,82 INFO Experiment.PerfCost-4ea6: Processed 1010 samples out of 10000, 0 errors
14:17:31,230 INFO Experiment.PerfCost-4ea6: Processed 1020 samples out of 10000, 0 errors
14:17:41,361 INFO Experiment.PerfCost-4ea6: Processed 1030 samples out of 10000, 0 errors
14:17:51,479 INFO Experiment.PerfCost-4ea6: Processed 1040 samples out of 10000, 0 errors
14:18:01,596 INFO Experiment.PerfCost-4ea6: Processed 1050 samples out of 10000, 0 errors
14:18:11,714 INFO Experiment.PerfCost-4ea6: Processed 1060 samples out of 10000, 0 errors
14:18:21,824 INFO Experiment.PerfCost-4ea6: Processed 1070 samples out of 10000, 0 errors
14:18:31,954 INFO Experiment.PerfCost-4ea6: Processed 1080 samples out of 10000, 0 errors
14:18:42,77 INFO Experiment.PerfCost-4ea6: Processed 1090 samples out of 10000, 0 errors
14:18:52,188 INFO Experiment.PerfCost-4ea6: Processed 1100 samples out of 10000, 0 errors
14:19:02,326 INFO Experiment.PerfCost-4ea6: Processed 1110 samples out of 10000, 0 errors
14:19:12,445 INFO Experiment.PerfCost-4ea6: Processed 1120 samples out of 10000, 0 errors
14:19:22,563 INFO Experiment.PerfCost-4ea6: Processed 1130 samples out of 10000, 0 errors
14:19:32,694 INFO Experiment.PerfCost-4ea6: Processed 1140 samples out of 10000, 0 errors
14:19:42,834 INFO Experiment.PerfCost-4ea6: Processed 1150 samples out of 10000, 0 errors
14:19:52,949 INFO Experiment.PerfCost-4ea6: Processed 1160 samples out of 10000, 0 errors
14:20:03,84 INFO Experiment.PerfCost-4ea6: Processed 1170 samples out of 10000, 0 errors
14:20:13,204 INFO Experiment.PerfCost-4ea6: Processed 1180 samples out of 10000, 0 errors
14:20:23,349 INFO Experiment.PerfCost-4ea6: Processed 1190 samples out of 10000, 0 errors
14:20:33,485 INFO Experiment.PerfCost-4ea6: Processed 1200 samples out of 10000, 0 errors
14:20:43,599 INFO Experiment.PerfCost-4ea6: Processed 1210 samples out of 10000, 0 errors
14:20:53,722 INFO Experiment.PerfCost-4ea6: Processed 1220 samples out of 10000, 0 errors
14:21:03,837 INFO Experiment.PerfCost-4ea6: Processed 1230 samples out of 10000, 0 errors
14:21:13,941 INFO Experiment.PerfCost-4ea6: Processed 1240 samples out of 10000, 0 errors
14:21:24,74 INFO Experiment.PerfCost-4ea6: Processed 1250 samples out of 10000, 0 errors
14:21:34,202 INFO Experiment.PerfCost-4ea6: Processed 1260 samples out of 10000, 0 errors
14:21:44,309 INFO Experiment.PerfCost-4ea6: Processed 1270 samples out of 10000, 0 errors
14:21:54,423 INFO Experiment.PerfCost-4ea6: Processed 1280 samples out of 10000, 0 errors
14:22:04,533 INFO Experiment.PerfCost-4ea6: Processed 1290 samples out of 10000, 0 errors
14:22:14,662 INFO Experiment.PerfCost-4ea6: Processed 1300 samples out of 10000, 0 errors
14:22:24,781 INFO Experiment.PerfCost-4ea6: Processed 1310 samples out of 10000, 0 errors
14:22:34,887 INFO Experiment.PerfCost-4ea6: Processed 1320 samples out of 10000, 0 errors
14:22:45,7 INFO Experiment.PerfCost-4ea6: Processed 1330 samples out of 10000, 0 errors
14:22:55,139 INFO Experiment.PerfCost-4ea6: Processed 1340 samples out of 10000, 0 errors
14:23:05,248 INFO Experiment.PerfCost-4ea6: Processed 1350 samples out of 10000, 0 errors
14:23:15,368 INFO Experiment.PerfCost-4ea6: Processed 1360 samples out of 10000, 0 errors
14:23:25,503 INFO Experiment.PerfCost-4ea6: Processed 1370 samples out of 10000, 0 errors
14:23:35,632 INFO Experiment.PerfCost-4ea6: Processed 1380 samples out of 10000, 0 errors
14:23:45,737 INFO Experiment.PerfCost-4ea6: Processed 1390 samples out of 10000, 0 errors
14:23:55,844 INFO Experiment.PerfCost-4ea6: Processed 1400 samples out of 10000, 0 errors
14:24:05,966 INFO Experiment.PerfCost-4ea6: Processed 1410 samples out of 10000, 0 errors
14:24:16,85 INFO Experiment.PerfCost-4ea6: Processed 1420 samples out of 10000, 0 errors
14:24:26,196 INFO Experiment.PerfCost-4ea6: Processed 1430 samples out of 10000, 0 errors
14:24:36,314 INFO Experiment.PerfCost-4ea6: Processed 1440 samples out of 10000, 0 errors
14:24:46,439 INFO Experiment.PerfCost-4ea6: Processed 1450 samples out of 10000, 0 errors
14:24:56,555 INFO Experiment.PerfCost-4ea6: Processed 1460 samples out of 10000, 0 errors
14:25:06,671 INFO Experiment.PerfCost-4ea6: Processed 1470 samples out of 10000, 0 errors
14:25:16,781 INFO Experiment.PerfCost-4ea6: Processed 1480 samples out of 10000, 0 errors
14:25:26,928 INFO Experiment.PerfCost-4ea6: Processed 1490 samples out of 10000, 0 errors
14:25:37,47 INFO Experiment.PerfCost-4ea6: Processed 1500 samples out of 10000, 0 errors
14:25:47,179 INFO Experiment.PerfCost-4ea6: Processed 1510 samples out of 10000, 0 errors
14:25:57,299 INFO Experiment.PerfCost-4ea6: Processed 1520 samples out of 10000, 0 errors
14:26:07,421 INFO Experiment.PerfCost-4ea6: Processed 1530 samples out of 10000, 0 errors
14:26:17,541 INFO Experiment.PerfCost-4ea6: Processed 1540 samples out of 10000, 0 errors
14:26:27,653 INFO Experiment.PerfCost-4ea6: Processed 1550 samples out of 10000, 0 errors
14:26:37,781 INFO Experiment.PerfCost-4ea6: Processed 1560 samples out of 10000, 0 errors
14:26:47,895 INFO Experiment.PerfCost-4ea6: Processed 1570 samples out of 10000, 0 errors
14:26:58,23 INFO Experiment.PerfCost-4ea6: Processed 1580 samples out of 10000, 0 errors
14:27:08,147 INFO Experiment.PerfCost-4ea6: Processed 1590 samples out of 10000, 0 errors
14:27:18,271 INFO Experiment.PerfCost-4ea6: Processed 1600 samples out of 10000, 0 errors
14:27:28,408 INFO Experiment.PerfCost-4ea6: Processed 1610 samples out of 10000, 0 errors
14:27:38,526 INFO Experiment.PerfCost-4ea6: Processed 1620 samples out of 10000, 0 errors
14:27:48,658 INFO Experiment.PerfCost-4ea6: Processed 1630 samples out of 10000, 0 errors
14:27:58,789 INFO Experiment.PerfCost-4ea6: Processed 1640 samples out of 10000, 0 errors
14:28:08,907 INFO Experiment.PerfCost-4ea6: Processed 1650 samples out of 10000, 0 errors
14:28:19,26 INFO Experiment.PerfCost-4ea6: Processed 1660 samples out of 10000, 0 errors
14:28:29,166 INFO Experiment.PerfCost-4ea6: Processed 1670 samples out of 10000, 0 errors
14:28:39,278 INFO Experiment.PerfCost-4ea6: Processed 1680 samples out of 10000, 0 errors
14:28:49,399 INFO Experiment.PerfCost-4ea6: Processed 1690 samples out of 10000, 0 errors
14:28:59,523 INFO Experiment.PerfCost-4ea6: Processed 1700 samples out of 10000, 0 errors
14:29:09,660 INFO Experiment.PerfCost-4ea6: Processed 1710 samples out of 10000, 0 errors
14:29:19,783 INFO Experiment.PerfCost-4ea6: Processed 1720 samples out of 10000, 0 errors
14:29:29,922 INFO Experiment.PerfCost-4ea6: Processed 1730 samples out of 10000, 0 errors
14:29:40,55 INFO Experiment.PerfCost-4ea6: Processed 1740 samples out of 10000, 0 errors
14:29:50,170 INFO Experiment.PerfCost-4ea6: Processed 1750 samples out of 10000, 0 errors
14:30:00,285 INFO Experiment.PerfCost-4ea6: Processed 1760 samples out of 10000, 0 errors
14:30:10,407 INFO Experiment.PerfCost-4ea6: Processed 1770 samples out of 10000, 0 errors
14:30:20,528 INFO Experiment.PerfCost-4ea6: Processed 1780 samples out of 10000, 0 errors
14:30:30,677 INFO Experiment.PerfCost-4ea6: Processed 1790 samples out of 10000, 0 errors
14:30:40,814 INFO Experiment.PerfCost-4ea6: Processed 1800 samples out of 10000, 0 errors
14:30:50,930 INFO Experiment.PerfCost-4ea6: Processed 1810 samples out of 10000, 0 errors
14:31:01,43 INFO Experiment.PerfCost-4ea6: Processed 1820 samples out of 10000, 0 errors
14:31:11,171 INFO Experiment.PerfCost-4ea6: Processed 1830 samples out of 10000, 0 errors
14:31:21,284 INFO Experiment.PerfCost-4ea6: Processed 1840 samples out of 10000, 0 errors
14:31:31,404 INFO Experiment.PerfCost-4ea6: Processed 1850 samples out of 10000, 0 errors
14:31:41,521 INFO Experiment.PerfCost-4ea6: Processed 1860 samples out of 10000, 0 errors
14:31:51,670 INFO Experiment.PerfCost-4ea6: Processed 1870 samples out of 10000, 0 errors
14:32:01,780 INFO Experiment.PerfCost-4ea6: Processed 1880 samples out of 10000, 0 errors
14:32:11,903 INFO Experiment.PerfCost-4ea6: Processed 1890 samples out of 10000, 0 errors
14:32:22,40 INFO Experiment.PerfCost-4ea6: Processed 1900 samples out of 10000, 0 errors
14:32:32,173 INFO Experiment.PerfCost-4ea6: Processed 1910 samples out of 10000, 0 errors
14:32:42,288 INFO Experiment.PerfCost-4ea6: Processed 1920 samples out of 10000, 0 errors
14:32:52,400 INFO Experiment.PerfCost-4ea6: Processed 1930 samples out of 10000, 0 errors
14:33:02,524 INFO Experiment.PerfCost-4ea6: Processed 1940 samples out of 10000, 0 errors
14:33:12,642 INFO Experiment.PerfCost-4ea6: Processed 1950 samples out of 10000, 0 errors
14:33:22,777 INFO Experiment.PerfCost-4ea6: Processed 1960 samples out of 10000, 0 errors
14:33:32,909 INFO Experiment.PerfCost-4ea6: Processed 1970 samples out of 10000, 0 errors
14:33:43,31 INFO Experiment.PerfCost-4ea6: Processed 1980 samples out of 10000, 0 errors
14:33:53,157 INFO Experiment.PerfCost-4ea6: Processed 1990 samples out of 10000, 0 errors
14:34:03,278 INFO Experiment.PerfCost-4ea6: Processed 2000 samples out of 10000, 0 errors
14:34:13,414 INFO Experiment.PerfCost-4ea6: Processed 2010 samples out of 10000, 0 errors
14:34:23,532 INFO Experiment.PerfCost-4ea6: Processed 2020 samples out of 10000, 0 errors
14:34:33,659 INFO Experiment.PerfCost-4ea6: Processed 2030 samples out of 10000, 0 errors
14:34:43,790 INFO Experiment.PerfCost-4ea6: Processed 2040 samples out of 10000, 0 errors
14:34:53,915 INFO Experiment.PerfCost-4ea6: Processed 2050 samples out of 10000, 0 errors
14:35:04,33 INFO Experiment.PerfCost-4ea6: Processed 2060 samples out of 10000, 0 errors
14:35:14,156 INFO Experiment.PerfCost-4ea6: Processed 2070 samples out of 10000, 0 errors
14:35:24,278 INFO Experiment.PerfCost-4ea6: Processed 2080 samples out of 10000, 0 errors
14:35:34,433 INFO Experiment.PerfCost-4ea6: Processed 2090 samples out of 10000, 0 errors
14:35:44,564 INFO Experiment.PerfCost-4ea6: Processed 2100 samples out of 10000, 0 errors
14:35:54,704 INFO Experiment.PerfCost-4ea6: Processed 2110 samples out of 10000, 0 errors
14:36:04,831 INFO Experiment.PerfCost-4ea6: Processed 2120 samples out of 10000, 0 errors
14:36:14,954 INFO Experiment.PerfCost-4ea6: Processed 2130 samples out of 10000, 0 errors
14:36:25,89 INFO Experiment.PerfCost-4ea6: Processed 2140 samples out of 10000, 0 errors
14:36:35,218 INFO Experiment.PerfCost-4ea6: Processed 2150 samples out of 10000, 0 errors
14:36:45,329 INFO Experiment.PerfCost-4ea6: Processed 2160 samples out of 10000, 0 errors
14:36:55,453 INFO Experiment.PerfCost-4ea6: Processed 2170 samples out of 10000, 0 errors
14:37:05,591 INFO Experiment.PerfCost-4ea6: Processed 2180 samples out of 10000, 0 errors
14:37:15,710 INFO Experiment.PerfCost-4ea6: Processed 2190 samples out of 10000, 0 errors
14:37:25,833 INFO Experiment.PerfCost-4ea6: Processed 2200 samples out of 10000, 0 errors
14:37:35,950 INFO Experiment.PerfCost-4ea6: Processed 2210 samples out of 10000, 0 errors
14:37:46,77 INFO Experiment.PerfCost-4ea6: Processed 2220 samples out of 10000, 0 errors
14:37:56,205 INFO Experiment.PerfCost-4ea6: Processed 2230 samples out of 10000, 0 errors
14:38:06,328 INFO Experiment.PerfCost-4ea6: Processed 2240 samples out of 10000, 0 errors
14:38:16,450 INFO Experiment.PerfCost-4ea6: Processed 2250 samples out of 10000, 0 errors
14:38:26,574 INFO Experiment.PerfCost-4ea6: Processed 2260 samples out of 10000, 0 errors
14:38:36,704 INFO Experiment.PerfCost-4ea6: Processed 2270 samples out of 10000, 0 errors
14:38:46,829 INFO Experiment.PerfCost-4ea6: Processed 2280 samples out of 10000, 0 errors
14:38:56,944 INFO Experiment.PerfCost-4ea6: Processed 2290 samples out of 10000, 0 errors
14:39:07,72 INFO Experiment.PerfCost-4ea6: Processed 2300 samples out of 10000, 0 errors
14:39:17,207 INFO Experiment.PerfCost-4ea6: Processed 2310 samples out of 10000, 0 errors
14:39:27,341 INFO Experiment.PerfCost-4ea6: Processed 2320 samples out of 10000, 0 errors
14:39:37,476 INFO Experiment.PerfCost-4ea6: Processed 2330 samples out of 10000, 0 errors
14:39:47,591 INFO Experiment.PerfCost-4ea6: Processed 2340 samples out of 10000, 0 errors
14:39:57,715 INFO Experiment.PerfCost-4ea6: Processed 2350 samples out of 10000, 0 errors
14:40:07,859 INFO Experiment.PerfCost-4ea6: Processed 2360 samples out of 10000, 0 errors
14:40:17,978 INFO Experiment.PerfCost-4ea6: Processed 2370 samples out of 10000, 0 errors
14:40:28,99 INFO Experiment.PerfCost-4ea6: Processed 2380 samples out of 10000, 0 errors
14:40:38,255 INFO Experiment.PerfCost-4ea6: Processed 2390 samples out of 10000, 0 errors
14:40:48,407 INFO Experiment.PerfCost-4ea6: Processed 2400 samples out of 10000, 0 errors
14:40:58,537 INFO Experiment.PerfCost-4ea6: Processed 2410 samples out of 10000, 0 errors
14:41:08,672 INFO Experiment.PerfCost-4ea6: Processed 2420 samples out of 10000, 0 errors
14:41:18,795 INFO Experiment.PerfCost-4ea6: Processed 2430 samples out of 10000, 0 errors
14:41:28,917 INFO Experiment.PerfCost-4ea6: Processed 2440 samples out of 10000, 0 errors
14:41:39,61 INFO Experiment.PerfCost-4ea6: Processed 2450 samples out of 10000, 0 errors
14:41:49,247 INFO Experiment.PerfCost-4ea6: Processed 2460 samples out of 10000, 0 errors
14:41:59,384 INFO Experiment.PerfCost-4ea6: Processed 2470 samples out of 10000, 0 errors
14:42:09,516 INFO Experiment.PerfCost-4ea6: Processed 2480 samples out of 10000, 0 errors
14:42:19,639 INFO Experiment.PerfCost-4ea6: Processed 2490 samples out of 10000, 0 errors
14:42:29,779 INFO Experiment.PerfCost-4ea6: Processed 2500 samples out of 10000, 0 errors
14:42:39,910 INFO Experiment.PerfCost-4ea6: Processed 2510 samples out of 10000, 0 errors
14:42:50,37 INFO Experiment.PerfCost-4ea6: Processed 2520 samples out of 10000, 0 errors
14:43:00,150 INFO Experiment.PerfCost-4ea6: Processed 2530 samples out of 10000, 0 errors
14:43:10,286 INFO Experiment.PerfCost-4ea6: Processed 2540 samples out of 10000, 0 errors
14:43:20,414 INFO Experiment.PerfCost-4ea6: Processed 2550 samples out of 10000, 0 errors
14:43:30,546 INFO Experiment.PerfCost-4ea6: Processed 2560 samples out of 10000, 0 errors
14:43:40,677 INFO Experiment.PerfCost-4ea6: Processed 2570 samples out of 10000, 0 errors
14:43:50,796 INFO Experiment.PerfCost-4ea6: Processed 2580 samples out of 10000, 0 errors
14:44:00,923 INFO Experiment.PerfCost-4ea6: Processed 2590 samples out of 10000, 0 errors
14:44:11,50 INFO Experiment.PerfCost-4ea6: Processed 2600 samples out of 10000, 0 errors
14:44:21,195 INFO Experiment.PerfCost-4ea6: Processed 2610 samples out of 10000, 0 errors
14:44:31,320 INFO Experiment.PerfCost-4ea6: Processed 2620 samples out of 10000, 0 errors
14:44:41,447 INFO Experiment.PerfCost-4ea6: Processed 2630 samples out of 10000, 0 errors
14:44:51,567 INFO Experiment.PerfCost-4ea6: Processed 2640 samples out of 10000, 0 errors
14:45:01,693 INFO Experiment.PerfCost-4ea6: Processed 2650 samples out of 10000, 0 errors
14:45:11,824 INFO Experiment.PerfCost-4ea6: Processed 2660 samples out of 10000, 0 errors
14:45:21,966 INFO Experiment.PerfCost-4ea6: Processed 2670 samples out of 10000, 0 errors
14:45:32,90 INFO Experiment.PerfCost-4ea6: Processed 2680 samples out of 10000, 0 errors
14:45:42,248 INFO Experiment.PerfCost-4ea6: Processed 2690 samples out of 10000, 0 errors
14:45:52,385 INFO Experiment.PerfCost-4ea6: Processed 2700 samples out of 10000, 0 errors
14:46:02,506 INFO Experiment.PerfCost-4ea6: Processed 2710 samples out of 10000, 0 errors
14:46:12,653 INFO Experiment.PerfCost-4ea6: Processed 2720 samples out of 10000, 0 errors
14:46:22,767 INFO Experiment.PerfCost-4ea6: Processed 2730 samples out of 10000, 0 errors
14:46:32,902 INFO Experiment.PerfCost-4ea6: Processed 2740 samples out of 10000, 0 errors
14:46:43,9 INFO Experiment.PerfCost-4ea6: Processed 2750 samples out of 10000, 0 errors
14:46:53,147 INFO Experiment.PerfCost-4ea6: Processed 2760 samples out of 10000, 0 errors
14:47:03,280 INFO Experiment.PerfCost-4ea6: Processed 2770 samples out of 10000, 0 errors
14:47:13,402 INFO Experiment.PerfCost-4ea6: Processed 2780 samples out of 10000, 0 errors
14:47:23,545 INFO Experiment.PerfCost-4ea6: Processed 2790 samples out of 10000, 0 errors
14:47:33,669 INFO Experiment.PerfCost-4ea6: Processed 2800 samples out of 10000, 0 errors
14:47:43,820 INFO Experiment.PerfCost-4ea6: Processed 2810 samples out of 10000, 0 errors
14:47:53,938 INFO Experiment.PerfCost-4ea6: Processed 2820 samples out of 10000, 0 errors
14:48:04,100 INFO Experiment.PerfCost-4ea6: Processed 2830 samples out of 10000, 0 errors
14:48:14,228 INFO Experiment.PerfCost-4ea6: Processed 2840 samples out of 10000, 0 errors
14:48:24,373 INFO Experiment.PerfCost-4ea6: Processed 2850 samples out of 10000, 0 errors
14:48:34,484 INFO Experiment.PerfCost-4ea6: Processed 2860 samples out of 10000, 0 errors
14:48:44,600 INFO Experiment.PerfCost-4ea6: Processed 2870 samples out of 10000, 0 errors
14:48:54,740 INFO Experiment.PerfCost-4ea6: Processed 2880 samples out of 10000, 0 errors
14:49:04,859 INFO Experiment.PerfCost-4ea6: Processed 2890 samples out of 10000, 0 errors
14:49:14,975 INFO Experiment.PerfCost-4ea6: Processed 2900 samples out of 10000, 0 errors
14:49:25,118 INFO Experiment.PerfCost-4ea6: Processed 2910 samples out of 10000, 0 errors
14:49:35,237 INFO Experiment.PerfCost-4ea6: Processed 2920 samples out of 10000, 0 errors
14:49:45,348 INFO Experiment.PerfCost-4ea6: Processed 2930 samples out of 10000, 0 errors
14:49:55,479 INFO Experiment.PerfCost-4ea6: Processed 2940 samples out of 10000, 0 errors
14:50:05,609 INFO Experiment.PerfCost-4ea6: Processed 2950 samples out of 10000, 0 errors
14:50:15,739 INFO Experiment.PerfCost-4ea6: Processed 2960 samples out of 10000, 0 errors
14:50:25,877 INFO Experiment.PerfCost-4ea6: Processed 2970 samples out of 10000, 0 errors
14:50:36,2 INFO Experiment.PerfCost-4ea6: Processed 2980 samples out of 10000, 0 errors
14:50:46,159 INFO Experiment.PerfCost-4ea6: Processed 2990 samples out of 10000, 0 errors
14:50:56,309 INFO Experiment.PerfCost-4ea6: Processed 3000 samples out of 10000, 0 errors
14:51:06,440 INFO Experiment.PerfCost-4ea6: Processed 3010 samples out of 10000, 0 errors
14:51:16,563 INFO Experiment.PerfCost-4ea6: Processed 3020 samples out of 10000, 0 errors
14:51:26,681 INFO Experiment.PerfCost-4ea6: Processed 3030 samples out of 10000, 0 errors
14:51:36,814 INFO Experiment.PerfCost-4ea6: Processed 3040 samples out of 10000, 0 errors
14:51:46,930 INFO Experiment.PerfCost-4ea6: Processed 3050 samples out of 10000, 0 errors
14:51:57,49 INFO Experiment.PerfCost-4ea6: Processed 3060 samples out of 10000, 0 errors
14:52:07,182 INFO Experiment.PerfCost-4ea6: Processed 3070 samples out of 10000, 0 errors
14:52:17,330 INFO Experiment.PerfCost-4ea6: Processed 3080 samples out of 10000, 0 errors
14:52:27,450 INFO Experiment.PerfCost-4ea6: Processed 3090 samples out of 10000, 0 errors
14:52:37,572 INFO Experiment.PerfCost-4ea6: Processed 3100 samples out of 10000, 0 errors
14:52:47,708 INFO Experiment.PerfCost-4ea6: Processed 3110 samples out of 10000, 0 errors
14:52:57,834 INFO Experiment.PerfCost-4ea6: Processed 3120 samples out of 10000, 0 errors
14:53:07,951 INFO Experiment.PerfCost-4ea6: Processed 3130 samples out of 10000, 0 errors
14:53:18,89 INFO Experiment.PerfCost-4ea6: Processed 3140 samples out of 10000, 0 errors
14:53:28,213 INFO Experiment.PerfCost-4ea6: Processed 3150 samples out of 10000, 0 errors
14:53:38,349 INFO Experiment.PerfCost-4ea6: Processed 3160 samples out of 10000, 0 errors
14:53:48,478 INFO Experiment.PerfCost-4ea6: Processed 3170 samples out of 10000, 0 errors
14:53:58,607 INFO Experiment.PerfCost-4ea6: Processed 3180 samples out of 10000, 0 errors
14:54:08,741 INFO Experiment.PerfCost-4ea6: Processed 3190 samples out of 10000, 0 errors
14:54:18,876 INFO Experiment.PerfCost-4ea6: Processed 3200 samples out of 10000, 0 errors
14:54:29,4 INFO Experiment.PerfCost-4ea6: Processed 3210 samples out of 10000, 0 errors
14:54:39,129 INFO Experiment.PerfCost-4ea6: Processed 3220 samples out of 10000, 0 errors
14:54:49,245 INFO Experiment.PerfCost-4ea6: Processed 3230 samples out of 10000, 0 errors
14:54:59,369 INFO Experiment.PerfCost-4ea6: Processed 3240 samples out of 10000, 0 errors
14:55:09,496 INFO Experiment.PerfCost-4ea6: Processed 3250 samples out of 10000, 0 errors
14:55:19,630 INFO Experiment.PerfCost-4ea6: Processed 3260 samples out of 10000, 0 errors
14:55:29,776 INFO Experiment.PerfCost-4ea6: Processed 3270 samples out of 10000, 0 errors
14:55:39,906 INFO Experiment.PerfCost-4ea6: Processed 3280 samples out of 10000, 0 errors
14:55:50,53 INFO Experiment.PerfCost-4ea6: Processed 3290 samples out of 10000, 0 errors
14:56:00,196 INFO Experiment.PerfCost-4ea6: Processed 3300 samples out of 10000, 0 errors
14:56:10,327 INFO Experiment.PerfCost-4ea6: Processed 3310 samples out of 10000, 0 errors
14:56:20,452 INFO Experiment.PerfCost-4ea6: Processed 3320 samples out of 10000, 0 errors
14:56:30,584 INFO Experiment.PerfCost-4ea6: Processed 3330 samples out of 10000, 0 errors
14:56:40,712 INFO Experiment.PerfCost-4ea6: Processed 3340 samples out of 10000, 0 errors
14:56:50,837 INFO Experiment.PerfCost-4ea6: Processed 3350 samples out of 10000, 0 errors
14:57:00,966 INFO Experiment.PerfCost-4ea6: Processed 3360 samples out of 10000, 0 errors
14:57:11,89 INFO Experiment.PerfCost-4ea6: Processed 3370 samples out of 10000, 0 errors
14:57:21,216 INFO Experiment.PerfCost-4ea6: Processed 3380 samples out of 10000, 0 errors
14:57:31,338 INFO Experiment.PerfCost-4ea6: Processed 3390 samples out of 10000, 0 errors
14:57:41,469 INFO Experiment.PerfCost-4ea6: Processed 3400 samples out of 10000, 0 errors
14:57:51,596 INFO Experiment.PerfCost-4ea6: Processed 3410 samples out of 10000, 0 errors
14:58:01,726 INFO Experiment.PerfCost-4ea6: Processed 3420 samples out of 10000, 0 errors
14:58:11,850 INFO Experiment.PerfCost-4ea6: Processed 3430 samples out of 10000, 0 errors
14:58:21,976 INFO Experiment.PerfCost-4ea6: Processed 3440 samples out of 10000, 0 errors
14:58:32,101 INFO Experiment.PerfCost-4ea6: Processed 3450 samples out of 10000, 0 errors
14:58:42,227 INFO Experiment.PerfCost-4ea6: Processed 3460 samples out of 10000, 0 errors
14:58:52,375 INFO Experiment.PerfCost-4ea6: Processed 3470 samples out of 10000, 0 errors
14:59:02,505 INFO Experiment.PerfCost-4ea6: Processed 3480 samples out of 10000, 0 errors
14:59:12,639 INFO Experiment.PerfCost-4ea6: Processed 3490 samples out of 10000, 0 errors
14:59:22,775 INFO Experiment.PerfCost-4ea6: Processed 3500 samples out of 10000, 0 errors
14:59:32,898 INFO Experiment.PerfCost-4ea6: Processed 3510 samples out of 10000, 0 errors
14:59:43,36 INFO Experiment.PerfCost-4ea6: Processed 3520 samples out of 10000, 0 errors
14:59:53,171 INFO Experiment.PerfCost-4ea6: Processed 3530 samples out of 10000, 0 errors
15:00:03,293 INFO Experiment.PerfCost-4ea6: Processed 3540 samples out of 10000, 0 errors
15:00:13,436 INFO Experiment.PerfCost-4ea6: Processed 3550 samples out of 10000, 0 errors
15:00:23,573 INFO Experiment.PerfCost-4ea6: Processed 3560 samples out of 10000, 0 errors
15:00:33,711 INFO Experiment.PerfCost-4ea6: Processed 3570 samples out of 10000, 0 errors
15:00:43,834 INFO Experiment.PerfCost-4ea6: Processed 3580 samples out of 10000, 0 errors
15:00:53,992 INFO Experiment.PerfCost-4ea6: Processed 3590 samples out of 10000, 0 errors
15:01:04,145 INFO Experiment.PerfCost-4ea6: Processed 3600 samples out of 10000, 0 errors
15:01:14,266 INFO Experiment.PerfCost-4ea6: Processed 3610 samples out of 10000, 0 errors
15:01:24,397 INFO Experiment.PerfCost-4ea6: Processed 3620 samples out of 10000, 0 errors
15:01:34,529 INFO Experiment.PerfCost-4ea6: Processed 3630 samples out of 10000, 0 errors
15:01:44,668 INFO Experiment.PerfCost-4ea6: Processed 3640 samples out of 10000, 0 errors
15:01:54,794 INFO Experiment.PerfCost-4ea6: Processed 3650 samples out of 10000, 0 errors
15:02:04,914 INFO Experiment.PerfCost-4ea6: Processed 3660 samples out of 10000, 0 errors
15:02:15,27 INFO Experiment.PerfCost-4ea6: Processed 3670 samples out of 10000, 0 errors
15:02:25,175 INFO Experiment.PerfCost-4ea6: Processed 3680 samples out of 10000, 0 errors
15:02:35,330 INFO Experiment.PerfCost-4ea6: Processed 3690 samples out of 10000, 0 errors
15:02:45,468 INFO Experiment.PerfCost-4ea6: Processed 3700 samples out of 10000, 0 errors
15:02:55,599 INFO Experiment.PerfCost-4ea6: Processed 3710 samples out of 10000, 0 errors
15:03:05,750 INFO Experiment.PerfCost-4ea6: Processed 3720 samples out of 10000, 0 errors
15:03:15,870 INFO Experiment.PerfCost-4ea6: Processed 3730 samples out of 10000, 0 errors
15:03:25,990 INFO Experiment.PerfCost-4ea6: Processed 3740 samples out of 10000, 0 errors
15:03:36,127 INFO Experiment.PerfCost-4ea6: Processed 3750 samples out of 10000, 0 errors
15:03:46,258 INFO Experiment.PerfCost-4ea6: Processed 3760 samples out of 10000, 0 errors
15:03:56,393 INFO Experiment.PerfCost-4ea6: Processed 3770 samples out of 10000, 0 errors
15:04:06,519 INFO Experiment.PerfCost-4ea6: Processed 3780 samples out of 10000, 0 errors
15:04:16,668 INFO Experiment.PerfCost-4ea6: Processed 3790 samples out of 10000, 0 errors
15:04:26,797 INFO Experiment.PerfCost-4ea6: Processed 3800 samples out of 10000, 0 errors
15:04:36,933 INFO Experiment.PerfCost-4ea6: Processed 3810 samples out of 10000, 0 errors
15:04:47,71 INFO Experiment.PerfCost-4ea6: Processed 3820 samples out of 10000, 0 errors
15:04:57,209 INFO Experiment.PerfCost-4ea6: Processed 3830 samples out of 10000, 0 errors
15:05:07,337 INFO Experiment.PerfCost-4ea6: Processed 3840 samples out of 10000, 0 errors
15:05:17,469 INFO Experiment.PerfCost-4ea6: Processed 3850 samples out of 10000, 0 errors
15:05:27,605 INFO Experiment.PerfCost-4ea6: Processed 3860 samples out of 10000, 0 errors
15:05:37,744 INFO Experiment.PerfCost-4ea6: Processed 3870 samples out of 10000, 0 errors
15:05:47,880 INFO Experiment.PerfCost-4ea6: Processed 3880 samples out of 10000, 0 errors
15:05:58,38 INFO Experiment.PerfCost-4ea6: Processed 3890 samples out of 10000, 0 errors
15:06:08,177 INFO Experiment.PerfCost-4ea6: Processed 3900 samples out of 10000, 0 errors
15:06:18,298 INFO Experiment.PerfCost-4ea6: Processed 3910 samples out of 10000, 0 errors
15:06:28,434 INFO Experiment.PerfCost-4ea6: Processed 3920 samples out of 10000, 0 errors
15:06:38,560 INFO Experiment.PerfCost-4ea6: Processed 3930 samples out of 10000, 0 errors
15:06:48,702 INFO Experiment.PerfCost-4ea6: Processed 3940 samples out of 10000, 0 errors
15:06:58,828 INFO Experiment.PerfCost-4ea6: Processed 3950 samples out of 10000, 0 errors
15:07:08,971 INFO Experiment.PerfCost-4ea6: Processed 3960 samples out of 10000, 0 errors
15:07:19,103 INFO Experiment.PerfCost-4ea6: Processed 3970 samples out of 10000, 0 errors
15:07:29,231 INFO Experiment.PerfCost-4ea6: Processed 3980 samples out of 10000, 0 errors
15:07:39,356 INFO Experiment.PerfCost-4ea6: Processed 3990 samples out of 10000, 0 errors
15:07:49,496 INFO Experiment.PerfCost-4ea6: Processed 4000 samples out of 10000, 0 errors
15:07:59,618 INFO Experiment.PerfCost-4ea6: Processed 4010 samples out of 10000, 0 errors
15:08:09,746 INFO Experiment.PerfCost-4ea6: Processed 4020 samples out of 10000, 0 errors
15:08:19,875 INFO Experiment.PerfCost-4ea6: Processed 4030 samples out of 10000, 0 errors
15:08:30,5 INFO Experiment.PerfCost-4ea6: Processed 4040 samples out of 10000, 0 errors
15:08:40,139 INFO Experiment.PerfCost-4ea6: Processed 4050 samples out of 10000, 0 errors
15:08:50,252 INFO Experiment.PerfCost-4ea6: Processed 4060 samples out of 10000, 0 errors
15:09:00,387 INFO Experiment.PerfCost-4ea6: Processed 4070 samples out of 10000, 0 errors
15:09:10,524 INFO Experiment.PerfCost-4ea6: Processed 4080 samples out of 10000, 0 errors
15:09:20,651 INFO Experiment.PerfCost-4ea6: Processed 4090 samples out of 10000, 0 errors
15:09:30,789 INFO Experiment.PerfCost-4ea6: Processed 4100 samples out of 10000, 0 errors
15:09:40,914 INFO Experiment.PerfCost-4ea6: Processed 4110 samples out of 10000, 0 errors
15:09:51,38 INFO Experiment.PerfCost-4ea6: Processed 4120 samples out of 10000, 0 errors
15:10:01,179 INFO Experiment.PerfCost-4ea6: Processed 4130 samples out of 10000, 0 errors
15:10:11,310 INFO Experiment.PerfCost-4ea6: Processed 4140 samples out of 10000, 0 errors
15:10:21,442 INFO Experiment.PerfCost-4ea6: Processed 4150 samples out of 10000, 0 errors
15:10:31,576 INFO Experiment.PerfCost-4ea6: Processed 4160 samples out of 10000, 0 errors
15:10:41,700 INFO Experiment.PerfCost-4ea6: Processed 4170 samples out of 10000, 0 errors
15:10:51,825 INFO Experiment.PerfCost-4ea6: Processed 4180 samples out of 10000, 0 errors
15:11:01,975 INFO Experiment.PerfCost-4ea6: Processed 4190 samples out of 10000, 0 errors
15:11:12,153 INFO Experiment.PerfCost-4ea6: Processed 4200 samples out of 10000, 0 errors
15:11:22,275 INFO Experiment.PerfCost-4ea6: Processed 4210 samples out of 10000, 0 errors
15:11:32,391 INFO Experiment.PerfCost-4ea6: Processed 4220 samples out of 10000, 0 errors
15:11:42,510 INFO Experiment.PerfCost-4ea6: Processed 4230 samples out of 10000, 0 errors
15:11:52,664 INFO Experiment.PerfCost-4ea6: Processed 4240 samples out of 10000, 0 errors
15:12:02,801 INFO Experiment.PerfCost-4ea6: Processed 4250 samples out of 10000, 0 errors
15:12:12,931 INFO Experiment.PerfCost-4ea6: Processed 4260 samples out of 10000, 0 errors
15:12:23,57 INFO Experiment.PerfCost-4ea6: Processed 4270 samples out of 10000, 0 errors
15:12:33,215 INFO Experiment.PerfCost-4ea6: Processed 4280 samples out of 10000, 0 errors
15:12:43,360 INFO Experiment.PerfCost-4ea6: Processed 4290 samples out of 10000, 0 errors
15:12:53,486 INFO Experiment.PerfCost-4ea6: Processed 4300 samples out of 10000, 0 errors
15:13:03,607 INFO Experiment.PerfCost-4ea6: Processed 4310 samples out of 10000, 0 errors
15:13:13,754 INFO Experiment.PerfCost-4ea6: Processed 4320 samples out of 10000, 0 errors
15:13:23,883 INFO Experiment.PerfCost-4ea6: Processed 4330 samples out of 10000, 0 errors
15:13:34,22 INFO Experiment.PerfCost-4ea6: Processed 4340 samples out of 10000, 0 errors
15:13:44,168 INFO Experiment.PerfCost-4ea6: Processed 4350 samples out of 10000, 0 errors
15:13:54,289 INFO Experiment.PerfCost-4ea6: Processed 4360 samples out of 10000, 0 errors
15:14:04,422 INFO Experiment.PerfCost-4ea6: Processed 4370 samples out of 10000, 0 errors
15:14:14,543 INFO Experiment.PerfCost-4ea6: Processed 4380 samples out of 10000, 0 errors
15:14:24,690 INFO Experiment.PerfCost-4ea6: Processed 4390 samples out of 10000, 0 errors
15:14:34,821 INFO Experiment.PerfCost-4ea6: Processed 4400 samples out of 10000, 0 errors
15:14:44,992 INFO Experiment.PerfCost-4ea6: Processed 4410 samples out of 10000, 0 errors
15:14:55,124 INFO Experiment.PerfCost-4ea6: Processed 4420 samples out of 10000, 0 errors
15:15:05,243 INFO Experiment.PerfCost-4ea6: Processed 4430 samples out of 10000, 0 errors
15:15:15,368 INFO Experiment.PerfCost-4ea6: Processed 4440 samples out of 10000, 0 errors
15:15:25,501 INFO Experiment.PerfCost-4ea6: Processed 4450 samples out of 10000, 0 errors
15:15:35,631 INFO Experiment.PerfCost-4ea6: Processed 4460 samples out of 10000, 0 errors
15:15:45,766 INFO Experiment.PerfCost-4ea6: Processed 4470 samples out of 10000, 0 errors
15:15:55,897 INFO Experiment.PerfCost-4ea6: Processed 4480 samples out of 10000, 0 errors
15:16:06,62 INFO Experiment.PerfCost-4ea6: Processed 4490 samples out of 10000, 0 errors
15:16:16,246 INFO Experiment.PerfCost-4ea6: Processed 4500 samples out of 10000, 0 errors
15:16:26,365 INFO Experiment.PerfCost-4ea6: Processed 4510 samples out of 10000, 0 errors
15:16:36,498 INFO Experiment.PerfCost-4ea6: Processed 4520 samples out of 10000, 0 errors
15:16:46,673 INFO Experiment.PerfCost-4ea6: Processed 4530 samples out of 10000, 0 errors
15:16:56,818 INFO Experiment.PerfCost-4ea6: Processed 4540 samples out of 10000, 0 errors
15:17:06,937 INFO Experiment.PerfCost-4ea6: Processed 4550 samples out of 10000, 0 errors
15:17:17,81 INFO Experiment.PerfCost-4ea6: Processed 4560 samples out of 10000, 0 errors
15:17:27,228 INFO Experiment.PerfCost-4ea6: Processed 4570 samples out of 10000, 0 errors
15:17:37,370 INFO Experiment.PerfCost-4ea6: Processed 4580 samples out of 10000, 0 errors
15:17:47,493 INFO Experiment.PerfCost-4ea6: Processed 4590 samples out of 10000, 0 errors
15:17:57,625 INFO Experiment.PerfCost-4ea6: Processed 4600 samples out of 10000, 0 errors
15:18:07,757 INFO Experiment.PerfCost-4ea6: Processed 4610 samples out of 10000, 0 errors
15:18:17,892 INFO Experiment.PerfCost-4ea6: Processed 4620 samples out of 10000, 0 errors
15:18:28,36 INFO Experiment.PerfCost-4ea6: Processed 4630 samples out of 10000, 0 errors
15:18:38,172 INFO Experiment.PerfCost-4ea6: Processed 4640 samples out of 10000, 0 errors
15:18:48,312 INFO Experiment.PerfCost-4ea6: Processed 4650 samples out of 10000, 0 errors
15:18:58,440 INFO Experiment.PerfCost-4ea6: Processed 4660 samples out of 10000, 0 errors
15:19:08,568 INFO Experiment.PerfCost-4ea6: Processed 4670 samples out of 10000, 0 errors
15:19:18,702 INFO Experiment.PerfCost-4ea6: Processed 4680 samples out of 10000, 0 errors
15:19:28,839 INFO Experiment.PerfCost-4ea6: Processed 4690 samples out of 10000, 0 errors
15:19:38,971 INFO Experiment.PerfCost-4ea6: Processed 4700 samples out of 10000, 0 errors
15:19:49,108 INFO Experiment.PerfCost-4ea6: Processed 4710 samples out of 10000, 0 errors
15:19:59,246 INFO Experiment.PerfCost-4ea6: Processed 4720 samples out of 10000, 0 errors
15:20:09,383 INFO Experiment.PerfCost-4ea6: Processed 4730 samples out of 10000, 0 errors
15:20:19,524 INFO Experiment.PerfCost-4ea6: Processed 4740 samples out of 10000, 0 errors
15:20:29,662 INFO Experiment.PerfCost-4ea6: Processed 4750 samples out of 10000, 0 errors
15:20:39,789 INFO Experiment.PerfCost-4ea6: Processed 4760 samples out of 10000, 0 errors
15:20:49,922 INFO Experiment.PerfCost-4ea6: Processed 4770 samples out of 10000, 0 errors
15:21:00,55 INFO Experiment.PerfCost-4ea6: Processed 4780 samples out of 10000, 0 errors
15:21:10,238 INFO Experiment.PerfCost-4ea6: Processed 4790 samples out of 10000, 0 errors
15:21:20,368 INFO Experiment.PerfCost-4ea6: Processed 4800 samples out of 10000, 0 errors
15:21:30,494 INFO Experiment.PerfCost-4ea6: Processed 4810 samples out of 10000, 0 errors
15:21:40,622 INFO Experiment.PerfCost-4ea6: Processed 4820 samples out of 10000, 0 errors
15:21:50,757 INFO Experiment.PerfCost-4ea6: Processed 4830 samples out of 10000, 0 errors
15:22:00,878 INFO Experiment.PerfCost-4ea6: Processed 4840 samples out of 10000, 0 errors
15:22:11,2 INFO Experiment.PerfCost-4ea6: Processed 4850 samples out of 10000, 0 errors
15:22:21,146 INFO Experiment.PerfCost-4ea6: Processed 4860 samples out of 10000, 0 errors
15:22:31,287 INFO Experiment.PerfCost-4ea6: Processed 4870 samples out of 10000, 0 errors
15:22:41,429 INFO Experiment.PerfCost-4ea6: Processed 4880 samples out of 10000, 0 errors
15:22:51,574 INFO Experiment.PerfCost-4ea6: Processed 4890 samples out of 10000, 0 errors
15:23:01,706 INFO Experiment.PerfCost-4ea6: Processed 4900 samples out of 10000, 0 errors
15:23:11,842 INFO Experiment.PerfCost-4ea6: Processed 4910 samples out of 10000, 0 errors
15:23:21,972 INFO Experiment.PerfCost-4ea6: Processed 4920 samples out of 10000, 0 errors
15:23:32,88 INFO Experiment.PerfCost-4ea6: Processed 4930 samples out of 10000, 0 errors
15:23:42,214 INFO Experiment.PerfCost-4ea6: Processed 4940 samples out of 10000, 0 errors
15:23:52,360 INFO Experiment.PerfCost-4ea6: Processed 4950 samples out of 10000, 0 errors
15:24:02,492 INFO Experiment.PerfCost-4ea6: Processed 4960 samples out of 10000, 0 errors
15:24:12,627 INFO Experiment.PerfCost-4ea6: Processed 4970 samples out of 10000, 0 errors
15:24:22,762 INFO Experiment.PerfCost-4ea6: Processed 4980 samples out of 10000, 0 errors
15:24:32,905 INFO Experiment.PerfCost-4ea6: Processed 4990 samples out of 10000, 0 errors
15:24:43,43 INFO Experiment.PerfCost-4ea6: Processed 5000 samples out of 10000, 0 errors
15:24:53,178 INFO Experiment.PerfCost-4ea6: Processed 5010 samples out of 10000, 0 errors
15:25:03,327 INFO Experiment.PerfCost-4ea6: Processed 5020 samples out of 10000, 0 errors
15:25:13,480 INFO Experiment.PerfCost-4ea6: Processed 5030 samples out of 10000, 0 errors
15:25:23,615 INFO Experiment.PerfCost-4ea6: Processed 5040 samples out of 10000, 0 errors
15:25:33,776 INFO Experiment.PerfCost-4ea6: Processed 5050 samples out of 10000, 0 errors
15:25:43,907 INFO Experiment.PerfCost-4ea6: Processed 5060 samples out of 10000, 0 errors
15:25:54,43 INFO Experiment.PerfCost-4ea6: Processed 5070 samples out of 10000, 0 errors
15:26:04,170 INFO Experiment.PerfCost-4ea6: Processed 5080 samples out of 10000, 0 errors
15:26:14,331 INFO Experiment.PerfCost-4ea6: Processed 5090 samples out of 10000, 0 errors
15:26:24,469 INFO Experiment.PerfCost-4ea6: Processed 5100 samples out of 10000, 0 errors
15:26:34,619 INFO Experiment.PerfCost-4ea6: Processed 5110 samples out of 10000, 0 errors
15:26:44,759 INFO Experiment.PerfCost-4ea6: Processed 5120 samples out of 10000, 0 errors
15:26:54,905 INFO Experiment.PerfCost-4ea6: Processed 5130 samples out of 10000, 0 errors
15:27:05,42 INFO Experiment.PerfCost-4ea6: Processed 5140 samples out of 10000, 0 errors
15:27:15,185 INFO Experiment.PerfCost-4ea6: Processed 5150 samples out of 10000, 0 errors
15:27:25,328 INFO Experiment.PerfCost-4ea6: Processed 5160 samples out of 10000, 0 errors
15:27:35,463 INFO Experiment.PerfCost-4ea6: Processed 5170 samples out of 10000, 0 errors
15:27:45,600 INFO Experiment.PerfCost-4ea6: Processed 5180 samples out of 10000, 0 errors
15:27:55,748 INFO Experiment.PerfCost-4ea6: Processed 5190 samples out of 10000, 0 errors
15:28:05,865 INFO Experiment.PerfCost-4ea6: Processed 5200 samples out of 10000, 0 errors
15:28:16,4 INFO Experiment.PerfCost-4ea6: Processed 5210 samples out of 10000, 0 errors
15:28:26,141 INFO Experiment.PerfCost-4ea6: Processed 5220 samples out of 10000, 0 errors
15:28:36,284 INFO Experiment.PerfCost-4ea6: Processed 5230 samples out of 10000, 0 errors
15:28:46,410 INFO Experiment.PerfCost-4ea6: Processed 5240 samples out of 10000, 0 errors
15:28:56,538 INFO Experiment.PerfCost-4ea6: Processed 5250 samples out of 10000, 0 errors
15:29:06,666 INFO Experiment.PerfCost-4ea6: Processed 5260 samples out of 10000, 0 errors
15:29:16,817 INFO Experiment.PerfCost-4ea6: Processed 5270 samples out of 10000, 0 errors
15:29:26,958 INFO Experiment.PerfCost-4ea6: Processed 5280 samples out of 10000, 0 errors
15:29:37,104 INFO Experiment.PerfCost-4ea6: Processed 5290 samples out of 10000, 0 errors
15:29:47,240 INFO Experiment.PerfCost-4ea6: Processed 5300 samples out of 10000, 0 errors
15:29:57,373 INFO Experiment.PerfCost-4ea6: Processed 5310 samples out of 10000, 0 errors
15:30:07,519 INFO Experiment.PerfCost-4ea6: Processed 5320 samples out of 10000, 0 errors
15:30:17,661 INFO Experiment.PerfCost-4ea6: Processed 5330 samples out of 10000, 0 errors
15:30:27,803 INFO Experiment.PerfCost-4ea6: Processed 5340 samples out of 10000, 0 errors
15:30:37,930 INFO Experiment.PerfCost-4ea6: Processed 5350 samples out of 10000, 0 errors
15:30:48,80 INFO Experiment.PerfCost-4ea6: Processed 5360 samples out of 10000, 0 errors
15:30:58,229 INFO Experiment.PerfCost-4ea6: Processed 5370 samples out of 10000, 0 errors
15:31:08,375 INFO Experiment.PerfCost-4ea6: Processed 5380 samples out of 10000, 0 errors
15:31:18,542 INFO Experiment.PerfCost-4ea6: Processed 5390 samples out of 10000, 0 errors
15:31:28,705 INFO Experiment.PerfCost-4ea6: Processed 5400 samples out of 10000, 0 errors
15:31:38,851 INFO Experiment.PerfCost-4ea6: Processed 5410 samples out of 10000, 0 errors
15:31:48,974 INFO Experiment.PerfCost-4ea6: Processed 5420 samples out of 10000, 0 errors
15:31:59,120 INFO Experiment.PerfCost-4ea6: Processed 5430 samples out of 10000, 0 errors
15:32:09,255 INFO Experiment.PerfCost-4ea6: Processed 5440 samples out of 10000, 0 errors
15:32:19,383 INFO Experiment.PerfCost-4ea6: Processed 5450 samples out of 10000, 0 errors
15:32:29,518 INFO Experiment.PerfCost-4ea6: Processed 5460 samples out of 10000, 0 errors
15:32:39,656 INFO Experiment.PerfCost-4ea6: Processed 5470 samples out of 10000, 0 errors
15:32:49,800 INFO Experiment.PerfCost-4ea6: Processed 5480 samples out of 10000, 0 errors
15:32:59,933 INFO Experiment.PerfCost-4ea6: Processed 5490 samples out of 10000, 0 errors
15:33:10,73 INFO Experiment.PerfCost-4ea6: Processed 5500 samples out of 10000, 0 errors
15:33:20,212 INFO Experiment.PerfCost-4ea6: Processed 5510 samples out of 10000, 0 errors
15:33:30,358 INFO Experiment.PerfCost-4ea6: Processed 5520 samples out of 10000, 0 errors
15:33:40,498 INFO Experiment.PerfCost-4ea6: Processed 5530 samples out of 10000, 0 errors
15:33:50,633 INFO Experiment.PerfCost-4ea6: Processed 5540 samples out of 10000, 0 errors
15:34:00,788 INFO Experiment.PerfCost-4ea6: Processed 5550 samples out of 10000, 0 errors
15:34:10,927 INFO Experiment.PerfCost-4ea6: Processed 5560 samples out of 10000, 0 errors
15:34:21,105 INFO Experiment.PerfCost-4ea6: Processed 5570 samples out of 10000, 0 errors
15:34:31,242 INFO Experiment.PerfCost-4ea6: Processed 5580 samples out of 10000, 0 errors
15:34:41,374 INFO Experiment.PerfCost-4ea6: Processed 5590 samples out of 10000, 0 errors
15:34:51,514 INFO Experiment.PerfCost-4ea6: Processed 5600 samples out of 10000, 0 errors
15:35:01,642 INFO Experiment.PerfCost-4ea6: Processed 5610 samples out of 10000, 0 errors
15:35:11,795 INFO Experiment.PerfCost-4ea6: Processed 5620 samples out of 10000, 0 errors
15:35:21,935 INFO Experiment.PerfCost-4ea6: Processed 5630 samples out of 10000, 0 errors
15:35:32,68 INFO Experiment.PerfCost-4ea6: Processed 5640 samples out of 10000, 0 errors
15:35:42,207 INFO Experiment.PerfCost-4ea6: Processed 5650 samples out of 10000, 0 errors
15:35:52,343 INFO Experiment.PerfCost-4ea6: Processed 5660 samples out of 10000, 0 errors
15:36:02,478 INFO Experiment.PerfCost-4ea6: Processed 5670 samples out of 10000, 0 errors
15:36:12,614 INFO Experiment.PerfCost-4ea6: Processed 5680 samples out of 10000, 0 errors
15:36:22,766 INFO Experiment.PerfCost-4ea6: Processed 5690 samples out of 10000, 0 errors
15:36:32,917 INFO Experiment.PerfCost-4ea6: Processed 5700 samples out of 10000, 0 errors
15:36:43,86 INFO Experiment.PerfCost-4ea6: Processed 5710 samples out of 10000, 0 errors
15:36:53,227 INFO Experiment.PerfCost-4ea6: Processed 5720 samples out of 10000, 0 errors
15:37:03,368 INFO Experiment.PerfCost-4ea6: Processed 5730 samples out of 10000, 0 errors
15:37:13,484 INFO Experiment.PerfCost-4ea6: Processed 5740 samples out of 10000, 0 errors
15:37:23,609 INFO Experiment.PerfCost-4ea6: Processed 5750 samples out of 10000, 0 errors
15:37:33,764 INFO Experiment.PerfCost-4ea6: Processed 5760 samples out of 10000, 0 errors
15:37:43,900 INFO Experiment.PerfCost-4ea6: Processed 5770 samples out of 10000, 0 errors
15:37:54,39 INFO Experiment.PerfCost-4ea6: Processed 5780 samples out of 10000, 0 errors
15:38:04,184 INFO Experiment.PerfCost-4ea6: Processed 5790 samples out of 10000, 0 errors
15:38:14,320 INFO Experiment.PerfCost-4ea6: Processed 5800 samples out of 10000, 0 errors
15:38:24,446 INFO Experiment.PerfCost-4ea6: Processed 5810 samples out of 10000, 0 errors
15:38:34,578 INFO Experiment.PerfCost-4ea6: Processed 5820 samples out of 10000, 0 errors
15:38:44,728 INFO Experiment.PerfCost-4ea6: Processed 5830 samples out of 10000, 0 errors
15:38:54,852 INFO Experiment.PerfCost-4ea6: Processed 5840 samples out of 10000, 0 errors
15:39:04,999 INFO Experiment.PerfCost-4ea6: Processed 5850 samples out of 10000, 0 errors
15:39:15,176 INFO Experiment.PerfCost-4ea6: Processed 5860 samples out of 10000, 0 errors
15:39:25,323 INFO Experiment.PerfCost-4ea6: Processed 5870 samples out of 10000, 0 errors
15:39:35,458 INFO Experiment.PerfCost-4ea6: Processed 5880 samples out of 10000, 0 errors
15:39:45,593 INFO Experiment.PerfCost-4ea6: Processed 5890 samples out of 10000, 0 errors
15:39:55,728 INFO Experiment.PerfCost-4ea6: Processed 5900 samples out of 10000, 0 errors
15:40:05,875 INFO Experiment.PerfCost-4ea6: Processed 5910 samples out of 10000, 0 errors
15:40:16,17 INFO Experiment.PerfCost-4ea6: Processed 5920 samples out of 10000, 0 errors
15:40:26,151 INFO Experiment.PerfCost-4ea6: Processed 5930 samples out of 10000, 0 errors
15:40:36,297 INFO Experiment.PerfCost-4ea6: Processed 5940 samples out of 10000, 0 errors
15:40:46,421 INFO Experiment.PerfCost-4ea6: Processed 5950 samples out of 10000, 0 errors
15:40:56,559 INFO Experiment.PerfCost-4ea6: Processed 5960 samples out of 10000, 0 errors
15:41:06,699 INFO Experiment.PerfCost-4ea6: Processed 5970 samples out of 10000, 0 errors
15:41:16,828 INFO Experiment.PerfCost-4ea6: Processed 5980 samples out of 10000, 0 errors
15:41:26,996 INFO Experiment.PerfCost-4ea6: Processed 5990 samples out of 10000, 0 errors
15:41:37,133 INFO Experiment.PerfCost-4ea6: Processed 6000 samples out of 10000, 0 errors
15:41:47,266 INFO Experiment.PerfCost-4ea6: Processed 6010 samples out of 10000, 0 errors
15:41:57,391 INFO Experiment.PerfCost-4ea6: Processed 6020 samples out of 10000, 0 errors
15:42:07,537 INFO Experiment.PerfCost-4ea6: Processed 6030 samples out of 10000, 0 errors
15:42:17,676 INFO Experiment.PerfCost-4ea6: Processed 6040 samples out of 10000, 0 errors
15:42:27,806 INFO Experiment.PerfCost-4ea6: Processed 6050 samples out of 10000, 0 errors
15:42:37,970 INFO Experiment.PerfCost-4ea6: Processed 6060 samples out of 10000, 0 errors
15:42:48,118 INFO Experiment.PerfCost-4ea6: Processed 6070 samples out of 10000, 0 errors
15:42:58,252 INFO Experiment.PerfCost-4ea6: Processed 6080 samples out of 10000, 0 errors
15:43:08,393 INFO Experiment.PerfCost-4ea6: Processed 6090 samples out of 10000, 0 errors
15:43:18,529 INFO Experiment.PerfCost-4ea6: Processed 6100 samples out of 10000, 0 errors
15:43:28,666 INFO Experiment.PerfCost-4ea6: Processed 6110 samples out of 10000, 0 errors
15:43:38,804 INFO Experiment.PerfCost-4ea6: Processed 6120 samples out of 10000, 0 errors
15:43:48,932 INFO Experiment.PerfCost-4ea6: Processed 6130 samples out of 10000, 0 errors
15:43:59,57 INFO Experiment.PerfCost-4ea6: Processed 6140 samples out of 10000, 0 errors
15:44:09,198 INFO Experiment.PerfCost-4ea6: Processed 6150 samples out of 10000, 0 errors
15:44:19,326 INFO Experiment.PerfCost-4ea6: Processed 6160 samples out of 10000, 0 errors
15:44:29,461 INFO Experiment.PerfCost-4ea6: Processed 6170 samples out of 10000, 0 errors
15:44:39,601 INFO Experiment.PerfCost-4ea6: Processed 6180 samples out of 10000, 0 errors
15:44:49,742 INFO Experiment.PerfCost-4ea6: Processed 6190 samples out of 10000, 0 errors
15:44:59,883 INFO Experiment.PerfCost-4ea6: Processed 6200 samples out of 10000, 0 errors
15:45:10,63 INFO Experiment.PerfCost-4ea6: Processed 6210 samples out of 10000, 0 errors
15:45:20,220 INFO Experiment.PerfCost-4ea6: Processed 6220 samples out of 10000, 0 errors
15:45:30,364 INFO Experiment.PerfCost-4ea6: Processed 6230 samples out of 10000, 0 errors
15:45:40,510 INFO Experiment.PerfCost-4ea6: Processed 6240 samples out of 10000, 0 errors
15:45:50,659 INFO Experiment.PerfCost-4ea6: Processed 6250 samples out of 10000, 0 errors
15:46:00,802 INFO Experiment.PerfCost-4ea6: Processed 6260 samples out of 10000, 0 errors
15:46:10,945 INFO Experiment.PerfCost-4ea6: Processed 6270 samples out of 10000, 0 errors
15:46:21,87 INFO Experiment.PerfCost-4ea6: Processed 6280 samples out of 10000, 0 errors
15:46:31,269 INFO Experiment.PerfCost-4ea6: Processed 6290 samples out of 10000, 0 errors
15:46:41,421 INFO Experiment.PerfCost-4ea6: Processed 6300 samples out of 10000, 0 errors
15:46:51,563 INFO Experiment.PerfCost-4ea6: Processed 6310 samples out of 10000, 0 errors
15:47:01,696 INFO Experiment.PerfCost-4ea6: Processed 6320 samples out of 10000, 0 errors
15:47:11,843 INFO Experiment.PerfCost-4ea6: Processed 6330 samples out of 10000, 0 errors
15:47:21,979 INFO Experiment.PerfCost-4ea6: Processed 6340 samples out of 10000, 0 errors
15:47:32,113 INFO Experiment.PerfCost-4ea6: Processed 6350 samples out of 10000, 0 errors
15:47:42,246 INFO Experiment.PerfCost-4ea6: Processed 6360 samples out of 10000, 0 errors
15:47:52,393 INFO Experiment.PerfCost-4ea6: Processed 6370 samples out of 10000, 0 errors
15:48:02,534 INFO Experiment.PerfCost-4ea6: Processed 6380 samples out of 10000, 0 errors
15:48:12,679 INFO Experiment.PerfCost-4ea6: Processed 6390 samples out of 10000, 0 errors
15:48:22,819 INFO Experiment.PerfCost-4ea6: Processed 6400 samples out of 10000, 0 errors
15:48:32,956 INFO Experiment.PerfCost-4ea6: Processed 6410 samples out of 10000, 0 errors
15:48:43,97 INFO Experiment.PerfCost-4ea6: Processed 6420 samples out of 10000, 0 errors
15:48:53,252 INFO Experiment.PerfCost-4ea6: Processed 6430 samples out of 10000, 0 errors
15:49:03,379 INFO Experiment.PerfCost-4ea6: Processed 6440 samples out of 10000, 0 errors
15:49:13,517 INFO Experiment.PerfCost-4ea6: Processed 6450 samples out of 10000, 0 errors
15:49:23,668 INFO Experiment.PerfCost-4ea6: Processed 6460 samples out of 10000, 0 errors
15:49:33,844 INFO Experiment.PerfCost-4ea6: Processed 6470 samples out of 10000, 0 errors
15:49:43,972 INFO Experiment.PerfCost-4ea6: Processed 6480 samples out of 10000, 0 errors
15:49:54,123 INFO Experiment.PerfCost-4ea6: Processed 6490 samples out of 10000, 0 errors
15:50:04,266 INFO Experiment.PerfCost-4ea6: Processed 6500 samples out of 10000, 0 errors
15:50:14,407 INFO Experiment.PerfCost-4ea6: Processed 6510 samples out of 10000, 0 errors
15:50:24,537 INFO Experiment.PerfCost-4ea6: Processed 6520 samples out of 10000, 0 errors
15:50:34,682 INFO Experiment.PerfCost-4ea6: Processed 6530 samples out of 10000, 0 errors
15:50:44,837 INFO Experiment.PerfCost-4ea6: Processed 6540 samples out of 10000, 0 errors
15:50:54,980 INFO Experiment.PerfCost-4ea6: Processed 6550 samples out of 10000, 0 errors
15:51:05,118 INFO Experiment.PerfCost-4ea6: Processed 6560 samples out of 10000, 0 errors
15:51:15,276 INFO Experiment.PerfCost-4ea6: Processed 6570 samples out of 10000, 0 errors
15:51:25,417 INFO Experiment.PerfCost-4ea6: Processed 6580 samples out of 10000, 0 errors
15:51:35,590 INFO Experiment.PerfCost-4ea6: Processed 6590 samples out of 10000, 0 errors
15:51:45,763 INFO Experiment.PerfCost-4ea6: Processed 6600 samples out of 10000, 0 errors
15:51:55,914 INFO Experiment.PerfCost-4ea6: Processed 6610 samples out of 10000, 0 errors
15:52:06,165 INFO Experiment.PerfCost-4ea6: Processed 6620 samples out of 10000, 0 errors
15:52:16,312 INFO Experiment.PerfCost-4ea6: Processed 6630 samples out of 10000, 0 errors
15:52:26,438 INFO Experiment.PerfCost-4ea6: Processed 6640 samples out of 10000, 0 errors
15:52:36,579 INFO Experiment.PerfCost-4ea6: Processed 6650 samples out of 10000, 0 errors
15:52:46,726 INFO Experiment.PerfCost-4ea6: Processed 6660 samples out of 10000, 0 errors
15:52:56,866 INFO Experiment.PerfCost-4ea6: Processed 6670 samples out of 10000, 0 errors
15:53:07,3 INFO Experiment.PerfCost-4ea6: Processed 6680 samples out of 10000, 0 errors
15:53:17,140 INFO Experiment.PerfCost-4ea6: Processed 6690 samples out of 10000, 0 errors
15:53:27,281 INFO Experiment.PerfCost-4ea6: Processed 6700 samples out of 10000, 0 errors
15:53:37,429 INFO Experiment.PerfCost-4ea6: Processed 6710 samples out of 10000, 0 errors
15:53:47,556 INFO Experiment.PerfCost-4ea6: Processed 6720 samples out of 10000, 0 errors
15:53:57,693 INFO Experiment.PerfCost-4ea6: Processed 6730 samples out of 10000, 0 errors
15:54:07,829 INFO Experiment.PerfCost-4ea6: Processed 6740 samples out of 10000, 0 errors
15:54:17,976 INFO Experiment.PerfCost-4ea6: Processed 6750 samples out of 10000, 0 errors
15:54:28,111 INFO Experiment.PerfCost-4ea6: Processed 6760 samples out of 10000, 0 errors
15:54:38,241 INFO Experiment.PerfCost-4ea6: Processed 6770 samples out of 10000, 0 errors
15:54:48,379 INFO Experiment.PerfCost-4ea6: Processed 6780 samples out of 10000, 0 errors
15:54:58,516 INFO Experiment.PerfCost-4ea6: Processed 6790 samples out of 10000, 0 errors
15:55:08,647 INFO Experiment.PerfCost-4ea6: Processed 6800 samples out of 10000, 0 errors
15:55:18,803 INFO Experiment.PerfCost-4ea6: Processed 6810 samples out of 10000, 0 errors
15:55:28,949 INFO Experiment.PerfCost-4ea6: Processed 6820 samples out of 10000, 0 errors
15:55:39,105 INFO Experiment.PerfCost-4ea6: Processed 6830 samples out of 10000, 0 errors
15:55:49,257 INFO Experiment.PerfCost-4ea6: Processed 6840 samples out of 10000, 0 errors
15:55:59,403 INFO Experiment.PerfCost-4ea6: Processed 6850 samples out of 10000, 0 errors
15:56:09,544 INFO Experiment.PerfCost-4ea6: Processed 6860 samples out of 10000, 0 errors
15:56:19,696 INFO Experiment.PerfCost-4ea6: Processed 6870 samples out of 10000, 0 errors
15:56:29,847 INFO Experiment.PerfCost-4ea6: Processed 6880 samples out of 10000, 0 errors
15:56:40,40 INFO Experiment.PerfCost-4ea6: Processed 6890 samples out of 10000, 0 errors
15:56:50,212 INFO Experiment.PerfCost-4ea6: Processed 6900 samples out of 10000, 0 errors
15:57:00,364 INFO Experiment.PerfCost-4ea6: Processed 6910 samples out of 10000, 0 errors
15:57:10,511 INFO Experiment.PerfCost-4ea6: Processed 6920 samples out of 10000, 0 errors
15:57:20,655 INFO Experiment.PerfCost-4ea6: Processed 6930 samples out of 10000, 0 errors
15:57:30,809 INFO Experiment.PerfCost-4ea6: Processed 6940 samples out of 10000, 0 errors
15:57:40,950 INFO Experiment.PerfCost-4ea6: Processed 6950 samples out of 10000, 0 errors
15:57:51,102 INFO Experiment.PerfCost-4ea6: Processed 6960 samples out of 10000, 0 errors
15:58:01,238 INFO Experiment.PerfCost-4ea6: Processed 6970 samples out of 10000, 0 errors
15:58:11,368 INFO Experiment.PerfCost-4ea6: Processed 6980 samples out of 10000, 0 errors
15:58:21,518 INFO Experiment.PerfCost-4ea6: Processed 6990 samples out of 10000, 0 errors
15:58:31,667 INFO Experiment.PerfCost-4ea6: Processed 7000 samples out of 10000, 0 errors
15:58:41,808 INFO Experiment.PerfCost-4ea6: Processed 7010 samples out of 10000, 0 errors
15:58:51,955 INFO Experiment.PerfCost-4ea6: Processed 7020 samples out of 10000, 0 errors
15:59:02,107 INFO Experiment.PerfCost-4ea6: Processed 7030 samples out of 10000, 0 errors
15:59:12,253 INFO Experiment.PerfCost-4ea6: Processed 7040 samples out of 10000, 0 errors
15:59:22,396 INFO Experiment.PerfCost-4ea6: Processed 7050 samples out of 10000, 0 errors
15:59:32,544 INFO Experiment.PerfCost-4ea6: Processed 7060 samples out of 10000, 0 errors
15:59:42,688 INFO Experiment.PerfCost-4ea6: Processed 7070 samples out of 10000, 0 errors
15:59:52,814 INFO Experiment.PerfCost-4ea6: Processed 7080 samples out of 10000, 0 errors
16:00:02,954 INFO Experiment.PerfCost-4ea6: Processed 7090 samples out of 10000, 0 errors
16:00:13,85 INFO Experiment.PerfCost-4ea6: Processed 7100 samples out of 10000, 0 errors
16:00:23,222 INFO Experiment.PerfCost-4ea6: Processed 7110 samples out of 10000, 0 errors
16:00:33,363 INFO Experiment.PerfCost-4ea6: Processed 7120 samples out of 10000, 0 errors
16:00:43,510 INFO Experiment.PerfCost-4ea6: Processed 7130 samples out of 10000, 0 errors
16:00:53,645 INFO Experiment.PerfCost-4ea6: Processed 7140 samples out of 10000, 0 errors
16:01:03,797 INFO Experiment.PerfCost-4ea6: Processed 7150 samples out of 10000, 0 errors
16:01:13,926 INFO Experiment.PerfCost-4ea6: Processed 7160 samples out of 10000, 0 errors
16:01:24,54 INFO Experiment.PerfCost-4ea6: Processed 7170 samples out of 10000, 0 errors
16:01:34,176 INFO Experiment.PerfCost-4ea6: Processed 7180 samples out of 10000, 0 errors
16:01:44,340 INFO Experiment.PerfCost-4ea6: Processed 7190 samples out of 10000, 0 errors
16:01:54,486 INFO Experiment.PerfCost-4ea6: Processed 7200 samples out of 10000, 0 errors
16:02:04,630 INFO Experiment.PerfCost-4ea6: Processed 7210 samples out of 10000, 0 errors
16:02:14,761 INFO Experiment.PerfCost-4ea6: Processed 7220 samples out of 10000, 0 errors
16:02:24,905 INFO Experiment.PerfCost-4ea6: Processed 7230 samples out of 10000, 0 errors
16:02:35,38 INFO Experiment.PerfCost-4ea6: Processed 7240 samples out of 10000, 0 errors
16:02:45,172 INFO Experiment.PerfCost-4ea6: Processed 7250 samples out of 10000, 0 errors
16:02:55,305 INFO Experiment.PerfCost-4ea6: Processed 7260 samples out of 10000, 0 errors
16:03:05,449 INFO Experiment.PerfCost-4ea6: Processed 7270 samples out of 10000, 0 errors
16:03:15,571 INFO Experiment.PerfCost-4ea6: Processed 7280 samples out of 10000, 0 errors
16:03:25,712 INFO Experiment.PerfCost-4ea6: Processed 7290 samples out of 10000, 0 errors
16:03:35,853 INFO Experiment.PerfCost-4ea6: Processed 7300 samples out of 10000, 0 errors
16:03:45,989 INFO Experiment.PerfCost-4ea6: Processed 7310 samples out of 10000, 0 errors
16:03:56,138 INFO Experiment.PerfCost-4ea6: Processed 7320 samples out of 10000, 0 errors
16:04:06,290 INFO Experiment.PerfCost-4ea6: Processed 7330 samples out of 10000, 0 errors
16:04:16,431 INFO Experiment.PerfCost-4ea6: Processed 7340 samples out of 10000, 0 errors
16:04:26,555 INFO Experiment.PerfCost-4ea6: Processed 7350 samples out of 10000, 0 errors
16:04:36,692 INFO Experiment.PerfCost-4ea6: Processed 7360 samples out of 10000, 0 errors
16:04:46,842 INFO Experiment.PerfCost-4ea6: Processed 7370 samples out of 10000, 0 errors
16:04:56,995 INFO Experiment.PerfCost-4ea6: Processed 7380 samples out of 10000, 0 errors
16:05:07,128 INFO Experiment.PerfCost-4ea6: Processed 7390 samples out of 10000, 0 errors
16:05:17,261 INFO Experiment.PerfCost-4ea6: Processed 7400 samples out of 10000, 0 errors
16:05:27,401 INFO Experiment.PerfCost-4ea6: Processed 7410 samples out of 10000, 0 errors
16:05:37,534 INFO Experiment.PerfCost-4ea6: Processed 7420 samples out of 10000, 0 errors
16:05:47,716 INFO Experiment.PerfCost-4ea6: Processed 7430 samples out of 10000, 0 errors
16:05:57,858 INFO Experiment.PerfCost-4ea6: Processed 7440 samples out of 10000, 0 errors
16:06:08,14 INFO Experiment.PerfCost-4ea6: Processed 7450 samples out of 10000, 0 errors
16:06:18,153 INFO Experiment.PerfCost-4ea6: Processed 7460 samples out of 10000, 0 errors
16:06:28,292 INFO Experiment.PerfCost-4ea6: Processed 7470 samples out of 10000, 0 errors
16:06:38,430 INFO Experiment.PerfCost-4ea6: Processed 7480 samples out of 10000, 0 errors
16:06:48,617 INFO Experiment.PerfCost-4ea6: Processed 7490 samples out of 10000, 0 errors
16:06:58,774 INFO Experiment.PerfCost-4ea6: Processed 7500 samples out of 10000, 0 errors
16:07:08,910 INFO Experiment.PerfCost-4ea6: Processed 7510 samples out of 10000, 0 errors
16:07:19,49 INFO Experiment.PerfCost-4ea6: Processed 7520 samples out of 10000, 0 errors
16:07:29,185 INFO Experiment.PerfCost-4ea6: Processed 7530 samples out of 10000, 0 errors
16:07:39,316 INFO Experiment.PerfCost-4ea6: Processed 7540 samples out of 10000, 0 errors
16:07:49,458 INFO Experiment.PerfCost-4ea6: Processed 7550 samples out of 10000, 0 errors
16:07:59,589 INFO Experiment.PerfCost-4ea6: Processed 7560 samples out of 10000, 0 errors
16:08:09,726 INFO Experiment.PerfCost-4ea6: Processed 7570 samples out of 10000, 0 errors
16:08:19,874 INFO Experiment.PerfCost-4ea6: Processed 7580 samples out of 10000, 0 errors
16:08:30,37 INFO Experiment.PerfCost-4ea6: Processed 7590 samples out of 10000, 0 errors
16:08:40,167 INFO Experiment.PerfCost-4ea6: Processed 7600 samples out of 10000, 0 errors
16:08:50,325 INFO Experiment.PerfCost-4ea6: Processed 7610 samples out of 10000, 0 errors
16:09:00,469 INFO Experiment.PerfCost-4ea6: Processed 7620 samples out of 10000, 0 errors
16:09:10,617 INFO Experiment.PerfCost-4ea6: Processed 7630 samples out of 10000, 0 errors
16:09:20,748 INFO Experiment.PerfCost-4ea6: Processed 7640 samples out of 10000, 0 errors
16:09:30,894 INFO Experiment.PerfCost-4ea6: Processed 7650 samples out of 10000, 0 errors
16:09:41,29 INFO Experiment.PerfCost-4ea6: Processed 7660 samples out of 10000, 0 errors
16:09:51,189 INFO Experiment.PerfCost-4ea6: Processed 7670 samples out of 10000, 0 errors
16:10:01,319 INFO Experiment.PerfCost-4ea6: Processed 7680 samples out of 10000, 0 errors
16:10:11,465 INFO Experiment.PerfCost-4ea6: Processed 7690 samples out of 10000, 0 errors
16:10:21,598 INFO Experiment.PerfCost-4ea6: Processed 7700 samples out of 10000, 0 errors
16:10:31,737 INFO Experiment.PerfCost-4ea6: Processed 7710 samples out of 10000, 0 errors
16:10:41,889 INFO Experiment.PerfCost-4ea6: Processed 7720 samples out of 10000, 0 errors
16:10:52,26 INFO Experiment.PerfCost-4ea6: Processed 7730 samples out of 10000, 0 errors
16:11:02,160 INFO Experiment.PerfCost-4ea6: Processed 7740 samples out of 10000, 0 errors
16:11:12,304 INFO Experiment.PerfCost-4ea6: Processed 7750 samples out of 10000, 0 errors
16:11:22,458 INFO Experiment.PerfCost-4ea6: Processed 7760 samples out of 10000, 0 errors
16:11:32,606 INFO Experiment.PerfCost-4ea6: Processed 7770 samples out of 10000, 0 errors
16:11:42,745 INFO Experiment.PerfCost-4ea6: Processed 7780 samples out of 10000, 0 errors
16:11:52,931 INFO Experiment.PerfCost-4ea6: Processed 7790 samples out of 10000, 0 errors
16:12:03,92 INFO Experiment.PerfCost-4ea6: Processed 7800 samples out of 10000, 0 errors
16:12:13,235 INFO Experiment.PerfCost-4ea6: Processed 7810 samples out of 10000, 0 errors
16:12:23,376 INFO Experiment.PerfCost-4ea6: Processed 7820 samples out of 10000, 0 errors
16:12:33,515 INFO Experiment.PerfCost-4ea6: Processed 7830 samples out of 10000, 0 errors
16:12:43,647 INFO Experiment.PerfCost-4ea6: Processed 7840 samples out of 10000, 0 errors
16:12:53,789 INFO Experiment.PerfCost-4ea6: Processed 7850 samples out of 10000, 0 errors
16:13:03,928 INFO Experiment.PerfCost-4ea6: Processed 7860 samples out of 10000, 0 errors
16:13:14,77 INFO Experiment.PerfCost-4ea6: Processed 7870 samples out of 10000, 0 errors
16:13:24,222 INFO Experiment.PerfCost-4ea6: Processed 7880 samples out of 10000, 0 errors
16:13:34,339 INFO Experiment.PerfCost-4ea6: Processed 7890 samples out of 10000, 0 errors
16:13:44,483 INFO Experiment.PerfCost-4ea6: Processed 7900 samples out of 10000, 0 errors
16:13:54,627 INFO Experiment.PerfCost-4ea6: Processed 7910 samples out of 10000, 0 errors
16:14:04,783 INFO Experiment.PerfCost-4ea6: Processed 7920 samples out of 10000, 0 errors
16:14:14,928 INFO Experiment.PerfCost-4ea6: Processed 7930 samples out of 10000, 0 errors
16:14:25,54 INFO Experiment.PerfCost-4ea6: Processed 7940 samples out of 10000, 0 errors
16:14:35,200 INFO Experiment.PerfCost-4ea6: Processed 7950 samples out of 10000, 0 errors
16:14:45,351 INFO Experiment.PerfCost-4ea6: Processed 7960 samples out of 10000, 0 errors
16:14:55,508 INFO Experiment.PerfCost-4ea6: Processed 7970 samples out of 10000, 0 errors
16:15:05,645 INFO Experiment.PerfCost-4ea6: Processed 7980 samples out of 10000, 0 errors
16:15:15,798 INFO Experiment.PerfCost-4ea6: Processed 7990 samples out of 10000, 0 errors
16:15:25,940 INFO Experiment.PerfCost-4ea6: Processed 8000 samples out of 10000, 0 errors
16:15:36,78 INFO Experiment.PerfCost-4ea6: Processed 8010 samples out of 10000, 0 errors
16:15:46,209 INFO Experiment.PerfCost-4ea6: Processed 8020 samples out of 10000, 0 errors
16:15:56,329 INFO Experiment.PerfCost-4ea6: Processed 8030 samples out of 10000, 0 errors
16:16:06,484 INFO Experiment.PerfCost-4ea6: Processed 8040 samples out of 10000, 0 errors
16:16:16,635 INFO Experiment.PerfCost-4ea6: Processed 8050 samples out of 10000, 0 errors
16:16:26,769 INFO Experiment.PerfCost-4ea6: Processed 8060 samples out of 10000, 0 errors
16:16:36,915 INFO Experiment.PerfCost-4ea6: Processed 8070 samples out of 10000, 0 errors
16:16:47,71 INFO Experiment.PerfCost-4ea6: Processed 8080 samples out of 10000, 0 errors
16:16:57,245 INFO Experiment.PerfCost-4ea6: Processed 8090 samples out of 10000, 0 errors
16:17:07,433 INFO Experiment.PerfCost-4ea6: Processed 8100 samples out of 10000, 0 errors
16:17:17,583 INFO Experiment.PerfCost-4ea6: Processed 8110 samples out of 10000, 0 errors
16:17:27,743 INFO Experiment.PerfCost-4ea6: Processed 8120 samples out of 10000, 0 errors
16:17:37,892 INFO Experiment.PerfCost-4ea6: Processed 8130 samples out of 10000, 0 errors
16:17:48,36 INFO Experiment.PerfCost-4ea6: Processed 8140 samples out of 10000, 0 errors
16:17:58,187 INFO Experiment.PerfCost-4ea6: Processed 8150 samples out of 10000, 0 errors
16:18:08,328 INFO Experiment.PerfCost-4ea6: Processed 8160 samples out of 10000, 0 errors
16:18:18,478 INFO Experiment.PerfCost-4ea6: Processed 8170 samples out of 10000, 0 errors
16:18:28,627 INFO Experiment.PerfCost-4ea6: Processed 8180 samples out of 10000, 0 errors
16:18:38,793 INFO Experiment.PerfCost-4ea6: Processed 8190 samples out of 10000, 0 errors
16:18:48,935 INFO Experiment.PerfCost-4ea6: Processed 8200 samples out of 10000, 0 errors
16:18:59,72 INFO Experiment.PerfCost-4ea6: Processed 8210 samples out of 10000, 0 errors
16:19:09,224 INFO Experiment.PerfCost-4ea6: Processed 8220 samples out of 10000, 0 errors
16:19:19,359 INFO Experiment.PerfCost-4ea6: Processed 8230 samples out of 10000, 0 errors
16:19:29,508 INFO Experiment.PerfCost-4ea6: Processed 8240 samples out of 10000, 0 errors
16:19:39,670 INFO Experiment.PerfCost-4ea6: Processed 8250 samples out of 10000, 0 errors
16:19:49,825 INFO Experiment.PerfCost-4ea6: Processed 8260 samples out of 10000, 0 errors
16:19:59,975 INFO Experiment.PerfCost-4ea6: Processed 8270 samples out of 10000, 0 errors
16:20:10,108 INFO Experiment.PerfCost-4ea6: Processed 8280 samples out of 10000, 0 errors
16:20:20,257 INFO Experiment.PerfCost-4ea6: Processed 8290 samples out of 10000, 0 errors
16:20:30,405 INFO Experiment.PerfCost-4ea6: Processed 8300 samples out of 10000, 0 errors
16:20:40,533 INFO Experiment.PerfCost-4ea6: Processed 8310 samples out of 10000, 0 errors
16:20:50,683 INFO Experiment.PerfCost-4ea6: Processed 8320 samples out of 10000, 0 errors
16:21:00,846 INFO Experiment.PerfCost-4ea6: Processed 8330 samples out of 10000, 0 errors
16:21:10,977 INFO Experiment.PerfCost-4ea6: Processed 8340 samples out of 10000, 0 errors
16:21:21,114 INFO Experiment.PerfCost-4ea6: Processed 8350 samples out of 10000, 0 errors
16:21:31,267 INFO Experiment.PerfCost-4ea6: Processed 8360 samples out of 10000, 0 errors
16:21:41,410 INFO Experiment.PerfCost-4ea6: Processed 8370 samples out of 10000, 0 errors
16:21:51,571 INFO Experiment.PerfCost-4ea6: Processed 8380 samples out of 10000, 0 errors
16:22:01,752 INFO Experiment.PerfCost-4ea6: Processed 8390 samples out of 10000, 0 errors
16:22:11,913 INFO Experiment.PerfCost-4ea6: Processed 8400 samples out of 10000, 0 errors
16:22:22,68 INFO Experiment.PerfCost-4ea6: Processed 8410 samples out of 10000, 0 errors
16:22:32,211 INFO Experiment.PerfCost-4ea6: Processed 8420 samples out of 10000, 0 errors
16:22:42,359 INFO Experiment.PerfCost-4ea6: Processed 8430 samples out of 10000, 0 errors
16:22:52,501 INFO Experiment.PerfCost-4ea6: Processed 8440 samples out of 10000, 0 errors
16:23:02,655 INFO Experiment.PerfCost-4ea6: Processed 8450 samples out of 10000, 0 errors
16:23:12,805 INFO Experiment.PerfCost-4ea6: Processed 8460 samples out of 10000, 0 errors
16:23:22,936 INFO Experiment.PerfCost-4ea6: Processed 8470 samples out of 10000, 0 errors
16:23:33,82 INFO Experiment.PerfCost-4ea6: Processed 8480 samples out of 10000, 0 errors
16:23:43,222 INFO Experiment.PerfCost-4ea6: Processed 8490 samples out of 10000, 0 errors
16:23:53,372 INFO Experiment.PerfCost-4ea6: Processed 8500 samples out of 10000, 0 errors
16:24:03,528 INFO Experiment.PerfCost-4ea6: Processed 8510 samples out of 10000, 0 errors
16:24:13,672 INFO Experiment.PerfCost-4ea6: Processed 8520 samples out of 10000, 0 errors
16:24:23,841 INFO Experiment.PerfCost-4ea6: Processed 8530 samples out of 10000, 0 errors
16:24:33,984 INFO Experiment.PerfCost-4ea6: Processed 8540 samples out of 10000, 0 errors
16:24:44,133 INFO Experiment.PerfCost-4ea6: Processed 8550 samples out of 10000, 0 errors
16:24:54,256 INFO Experiment.PerfCost-4ea6: Processed 8560 samples out of 10000, 0 errors
16:25:04,413 INFO Experiment.PerfCost-4ea6: Processed 8570 samples out of 10000, 0 errors
16:25:14,565 INFO Experiment.PerfCost-4ea6: Processed 8580 samples out of 10000, 0 errors
16:25:24,696 INFO Experiment.PerfCost-4ea6: Processed 8590 samples out of 10000, 0 errors
16:25:34,842 INFO Experiment.PerfCost-4ea6: Processed 8600 samples out of 10000, 0 errors
16:25:45,1 INFO Experiment.PerfCost-4ea6: Processed 8610 samples out of 10000, 0 errors
16:25:55,157 INFO Experiment.PerfCost-4ea6: Processed 8620 samples out of 10000, 0 errors
16:26:05,308 INFO Experiment.PerfCost-4ea6: Processed 8630 samples out of 10000, 0 errors
16:26:15,467 INFO Experiment.PerfCost-4ea6: Processed 8640 samples out of 10000, 0 errors
16:26:25,631 INFO Experiment.PerfCost-4ea6: Processed 8650 samples out of 10000, 0 errors
16:26:35,788 INFO Experiment.PerfCost-4ea6: Processed 8660 samples out of 10000, 0 errors
16:26:45,932 INFO Experiment.PerfCost-4ea6: Processed 8670 samples out of 10000, 0 errors
16:26:56,84 INFO Experiment.PerfCost-4ea6: Processed 8680 samples out of 10000, 0 errors
16:27:06,262 INFO Experiment.PerfCost-4ea6: Processed 8690 samples out of 10000, 0 errors
16:27:16,425 INFO Experiment.PerfCost-4ea6: Processed 8700 samples out of 10000, 0 errors
16:27:26,571 INFO Experiment.PerfCost-4ea6: Processed 8710 samples out of 10000, 0 errors
16:27:36,721 INFO Experiment.PerfCost-4ea6: Processed 8720 samples out of 10000, 0 errors
16:27:46,865 INFO Experiment.PerfCost-4ea6: Processed 8730 samples out of 10000, 0 errors
16:27:57,15 INFO Experiment.PerfCost-4ea6: Processed 8740 samples out of 10000, 0 errors
16:28:07,166 INFO Experiment.PerfCost-4ea6: Processed 8750 samples out of 10000, 0 errors
16:28:17,316 INFO Experiment.PerfCost-4ea6: Processed 8760 samples out of 10000, 0 errors
16:28:27,458 INFO Experiment.PerfCost-4ea6: Processed 8770 samples out of 10000, 0 errors
16:28:37,600 INFO Experiment.PerfCost-4ea6: Processed 8780 samples out of 10000, 0 errors
16:28:47,748 INFO Experiment.PerfCost-4ea6: Processed 8790 samples out of 10000, 0 errors
16:28:57,898 INFO Experiment.PerfCost-4ea6: Processed 8800 samples out of 10000, 0 errors
16:29:08,40 INFO Experiment.PerfCost-4ea6: Processed 8810 samples out of 10000, 0 errors
16:29:18,201 INFO Experiment.PerfCost-4ea6: Processed 8820 samples out of 10000, 0 errors
16:29:28,340 INFO Experiment.PerfCost-4ea6: Processed 8830 samples out of 10000, 0 errors
16:29:38,488 INFO Experiment.PerfCost-4ea6: Processed 8840 samples out of 10000, 0 errors
16:29:48,630 INFO Experiment.PerfCost-4ea6: Processed 8850 samples out of 10000, 0 errors
16:29:58,772 INFO Experiment.PerfCost-4ea6: Processed 8860 samples out of 10000, 0 errors
16:30:08,917 INFO Experiment.PerfCost-4ea6: Processed 8870 samples out of 10000, 0 errors
16:30:19,72 INFO Experiment.PerfCost-4ea6: Processed 8880 samples out of 10000, 0 errors
16:30:29,232 INFO Experiment.PerfCost-4ea6: Processed 8890 samples out of 10000, 0 errors
16:30:39,367 INFO Experiment.PerfCost-4ea6: Processed 8900 samples out of 10000, 0 errors
16:30:49,516 INFO Experiment.PerfCost-4ea6: Processed 8910 samples out of 10000, 0 errors
16:30:59,672 INFO Experiment.PerfCost-4ea6: Processed 8920 samples out of 10000, 0 errors
16:31:09,833 INFO Experiment.PerfCost-4ea6: Processed 8930 samples out of 10000, 0 errors
16:31:19,980 INFO Experiment.PerfCost-4ea6: Processed 8940 samples out of 10000, 0 errors
16:31:30,113 INFO Experiment.PerfCost-4ea6: Processed 8950 samples out of 10000, 0 errors
16:31:40,269 INFO Experiment.PerfCost-4ea6: Processed 8960 samples out of 10000, 0 errors
16:31:50,391 INFO Experiment.PerfCost-4ea6: Processed 8970 samples out of 10000, 0 errors
16:32:00,553 INFO Experiment.PerfCost-4ea6: Processed 8980 samples out of 10000, 0 errors
16:32:10,735 INFO Experiment.PerfCost-4ea6: Processed 8990 samples out of 10000, 0 errors
16:32:20,902 INFO Experiment.PerfCost-4ea6: Processed 9000 samples out of 10000, 0 errors
16:32:31,48 INFO Experiment.PerfCost-4ea6: Processed 9010 samples out of 10000, 0 errors
16:32:41,195 INFO Experiment.PerfCost-4ea6: Processed 9020 samples out of 10000, 0 errors
16:32:51,357 INFO Experiment.PerfCost-4ea6: Processed 9030 samples out of 10000, 0 errors
16:33:01,498 INFO Experiment.PerfCost-4ea6: Processed 9040 samples out of 10000, 0 errors
16:33:11,653 INFO Experiment.PerfCost-4ea6: Processed 9050 samples out of 10000, 0 errors
16:33:21,792 INFO Experiment.PerfCost-4ea6: Processed 9060 samples out of 10000, 0 errors
16:33:31,949 INFO Experiment.PerfCost-4ea6: Processed 9070 samples out of 10000, 0 errors
16:33:42,102 INFO Experiment.PerfCost-4ea6: Processed 9080 samples out of 10000, 0 errors
16:33:52,256 INFO Experiment.PerfCost-4ea6: Processed 9090 samples out of 10000, 0 errors
16:34:02,414 INFO Experiment.PerfCost-4ea6: Processed 9100 samples out of 10000, 0 errors
16:34:12,565 INFO Experiment.PerfCost-4ea6: Processed 9110 samples out of 10000, 0 errors
16:34:22,714 INFO Experiment.PerfCost-4ea6: Processed 9120 samples out of 10000, 0 errors
16:34:32,865 INFO Experiment.PerfCost-4ea6: Processed 9130 samples out of 10000, 0 errors
16:34:43,29 INFO Experiment.PerfCost-4ea6: Processed 9140 samples out of 10000, 0 errors
16:34:53,190 INFO Experiment.PerfCost-4ea6: Processed 9150 samples out of 10000, 0 errors
16:35:03,331 INFO Experiment.PerfCost-4ea6: Processed 9160 samples out of 10000, 0 errors
16:35:13,472 INFO Experiment.PerfCost-4ea6: Processed 9170 samples out of 10000, 0 errors
16:35:23,632 INFO Experiment.PerfCost-4ea6: Processed 9180 samples out of 10000, 0 errors
16:35:33,821 INFO Experiment.PerfCost-4ea6: Processed 9190 samples out of 10000, 0 errors
16:35:43,967 INFO Experiment.PerfCost-4ea6: Processed 9200 samples out of 10000, 0 errors
16:35:54,123 INFO Experiment.PerfCost-4ea6: Processed 9210 samples out of 10000, 0 errors
16:36:04,273 INFO Experiment.PerfCost-4ea6: Processed 9220 samples out of 10000, 0 errors
16:36:14,421 INFO Experiment.PerfCost-4ea6: Processed 9230 samples out of 10000, 0 errors
16:36:24,571 INFO Experiment.PerfCost-4ea6: Processed 9240 samples out of 10000, 0 errors
16:36:34,732 INFO Experiment.PerfCost-4ea6: Processed 9250 samples out of 10000, 0 errors
16:36:44,875 INFO Experiment.PerfCost-4ea6: Processed 9260 samples out of 10000, 0 errors
16:36:55,18 INFO Experiment.PerfCost-4ea6: Processed 9270 samples out of 10000, 0 errors
16:37:05,163 INFO Experiment.PerfCost-4ea6: Processed 9280 samples out of 10000, 0 errors
16:37:15,314 INFO Experiment.PerfCost-4ea6: Processed 9290 samples out of 10000, 0 errors
16:37:25,480 INFO Experiment.PerfCost-4ea6: Processed 9300 samples out of 10000, 0 errors
16:37:35,620 INFO Experiment.PerfCost-4ea6: Processed 9310 samples out of 10000, 0 errors
16:37:45,778 INFO Experiment.PerfCost-4ea6: Processed 9320 samples out of 10000, 0 errors
16:37:55,932 INFO Experiment.PerfCost-4ea6: Processed 9330 samples out of 10000, 0 errors
16:38:06,61 INFO Experiment.PerfCost-4ea6: Processed 9340 samples out of 10000, 0 errors
16:38:16,203 INFO Experiment.PerfCost-4ea6: Processed 9350 samples out of 10000, 0 errors
16:38:26,357 INFO Experiment.PerfCost-4ea6: Processed 9360 samples out of 10000, 0 errors
16:38:36,512 INFO Experiment.PerfCost-4ea6: Processed 9370 samples out of 10000, 0 errors
16:38:46,663 INFO Experiment.PerfCost-4ea6: Processed 9380 samples out of 10000, 0 errors
16:38:56,818 INFO Experiment.PerfCost-4ea6: Processed 9390 samples out of 10000, 0 errors
16:39:06,972 INFO Experiment.PerfCost-4ea6: Processed 9400 samples out of 10000, 0 errors
16:39:17,110 INFO Experiment.PerfCost-4ea6: Processed 9410 samples out of 10000, 0 errors
16:39:27,251 INFO Experiment.PerfCost-4ea6: Processed 9420 samples out of 10000, 0 errors
16:39:37,397 INFO Experiment.PerfCost-4ea6: Processed 9430 samples out of 10000, 0 errors
16:39:47,548 INFO Experiment.PerfCost-4ea6: Processed 9440 samples out of 10000, 0 errors
16:39:57,706 INFO Experiment.PerfCost-4ea6: Processed 9450 samples out of 10000, 0 errors
16:40:07,844 INFO Experiment.PerfCost-4ea6: Processed 9460 samples out of 10000, 0 errors
16:40:17,993 INFO Experiment.PerfCost-4ea6: Processed 9470 samples out of 10000, 0 errors
16:40:28,149 INFO Experiment.PerfCost-4ea6: Processed 9480 samples out of 10000, 0 errors
16:40:38,289 INFO Experiment.PerfCost-4ea6: Processed 9490 samples out of 10000, 0 errors
16:40:48,434 INFO Experiment.PerfCost-4ea6: Processed 9500 samples out of 10000, 0 errors
16:40:58,584 INFO Experiment.PerfCost-4ea6: Processed 9510 samples out of 10000, 0 errors
16:41:08,737 INFO Experiment.PerfCost-4ea6: Processed 9520 samples out of 10000, 0 errors
16:41:18,896 INFO Experiment.PerfCost-4ea6: Processed 9530 samples out of 10000, 0 errors
16:41:29,48 INFO Experiment.PerfCost-4ea6: Processed 9540 samples out of 10000, 0 errors
16:41:39,189 INFO Experiment.PerfCost-4ea6: Processed 9550 samples out of 10000, 0 errors
16:41:49,336 INFO Experiment.PerfCost-4ea6: Processed 9560 samples out of 10000, 0 errors
16:41:59,464 INFO Experiment.PerfCost-4ea6: Processed 9570 samples out of 10000, 0 errors
16:42:09,610 INFO Experiment.PerfCost-4ea6: Processed 9580 samples out of 10000, 0 errors
16:42:19,824 INFO Experiment.PerfCost-4ea6: Processed 9590 samples out of 10000, 0 errors
16:42:30,23 INFO Experiment.PerfCost-4ea6: Processed 9600 samples out of 10000, 0 errors
16:42:40,164 INFO Experiment.PerfCost-4ea6: Processed 9610 samples out of 10000, 0 errors
16:42:50,317 INFO Experiment.PerfCost-4ea6: Processed 9620 samples out of 10000, 0 errors
16:43:00,468 INFO Experiment.PerfCost-4ea6: Processed 9630 samples out of 10000, 0 errors
16:43:10,618 INFO Experiment.PerfCost-4ea6: Processed 9640 samples out of 10000, 0 errors
16:43:20,774 INFO Experiment.PerfCost-4ea6: Processed 9650 samples out of 10000, 0 errors
16:43:30,910 INFO Experiment.PerfCost-4ea6: Processed 9660 samples out of 10000, 0 errors
16:43:41,51 INFO Experiment.PerfCost-4ea6: Processed 9670 samples out of 10000, 0 errors
16:43:51,214 INFO Experiment.PerfCost-4ea6: Processed 9680 samples out of 10000, 0 errors
16:44:01,361 INFO Experiment.PerfCost-4ea6: Processed 9690 samples out of 10000, 0 errors
16:44:11,515 INFO Experiment.PerfCost-4ea6: Processed 9700 samples out of 10000, 0 errors
16:44:21,658 INFO Experiment.PerfCost-4ea6: Processed 9710 samples out of 10000, 0 errors
16:44:31,805 INFO Experiment.PerfCost-4ea6: Processed 9720 samples out of 10000, 0 errors
16:44:41,956 INFO Experiment.PerfCost-4ea6: Processed 9730 samples out of 10000, 0 errors
16:44:52,97 INFO Experiment.PerfCost-4ea6: Processed 9740 samples out of 10000, 0 errors
16:45:02,259 INFO Experiment.PerfCost-4ea6: Processed 9750 samples out of 10000, 0 errors
16:45:12,395 INFO Experiment.PerfCost-4ea6: Processed 9760 samples out of 10000, 0 errors
16:45:22,557 INFO Experiment.PerfCost-4ea6: Processed 9770 samples out of 10000, 0 errors
16:45:32,722 INFO Experiment.PerfCost-4ea6: Processed 9780 samples out of 10000, 0 errors
16:45:42,860 INFO Experiment.PerfCost-4ea6: Processed 9790 samples out of 10000, 0 errors
16:45:53,13 INFO Experiment.PerfCost-4ea6: Processed 9800 samples out of 10000, 0 errors
16:46:03,158 INFO Experiment.PerfCost-4ea6: Processed 9810 samples out of 10000, 0 errors
16:46:13,299 INFO Experiment.PerfCost-4ea6: Processed 9820 samples out of 10000, 0 errors
16:46:23,446 INFO Experiment.PerfCost-4ea6: Processed 9830 samples out of 10000, 0 errors
16:46:33,589 INFO Experiment.PerfCost-4ea6: Processed 9840 samples out of 10000, 0 errors
16:46:43,757 INFO Experiment.PerfCost-4ea6: Processed 9850 samples out of 10000, 0 errors
16:46:53,910 INFO Experiment.PerfCost-4ea6: Processed 9860 samples out of 10000, 0 errors
16:47:04,43 INFO Experiment.PerfCost-4ea6: Processed 9870 samples out of 10000, 0 errors
16:47:14,199 INFO Experiment.PerfCost-4ea6: Processed 9880 samples out of 10000, 0 errors
16:47:24,385 INFO Experiment.PerfCost-4ea6: Processed 9890 samples out of 10000, 0 errors
16:47:34,538 INFO Experiment.PerfCost-4ea6: Processed 9900 samples out of 10000, 0 errors
16:47:44,690 INFO Experiment.PerfCost-4ea6: Processed 9910 samples out of 10000, 0 errors
16:47:54,854 INFO Experiment.PerfCost-4ea6: Processed 9920 samples out of 10000, 0 errors
16:48:04,999 INFO Experiment.PerfCost-4ea6: Processed 9930 samples out of 10000, 0 errors
16:48:15,136 INFO Experiment.PerfCost-4ea6: Processed 9940 samples out of 10000, 0 errors
16:48:25,298 INFO Experiment.PerfCost-4ea6: Processed 9950 samples out of 10000, 0 errors
16:48:35,457 INFO Experiment.PerfCost-4ea6: Processed 9960 samples out of 10000, 0 errors
16:48:45,604 INFO Experiment.PerfCost-4ea6: Processed 9970 samples out of 10000, 0 errors
16:48:55,745 INFO Experiment.PerfCost-4ea6: Processed 9980 samples out of 10000, 0 errors
16:49:05,908 INFO Experiment.PerfCost-4ea6: Processed 9990 samples out of 10000, 0 errors
16:49:16,67 INFO Experiment.PerfCost-4ea6: Processed 10000 samples out of 10000, 0 errors
16:49:21,84 INFO Experiment.PerfCost-4ea6: Mean 87.2778138 [ms], median 87.535 [ms], std 28.491977838443045, CV 32.64515527821693
16:49:21,88 INFO Experiment.PerfCost-4ea6: Parametric CI (Student's t-distribution) 0.95 from 86.7192857632801 to 87.83634183671991, within 0.6399427442119386% of mean
16:49:21,92 INFO Experiment.PerfCost-4ea6: Non-parametric CI 0.95 from 86.745 to 88.383, within 0.9356257497001148% of median
16:49:21,95 INFO Experiment.PerfCost-4ea6: Parametric CI (Student's t-distribution) 0.99 from 86.54373225932673 to 88.01189534067328, within 0.8410860775631309% of mean
16:49:21,97 INFO Experiment.PerfCost-4ea6: Non-parametric CI 0.99 from 86.483 to 88.602, within 1.210372993659679% of median
