22:39:52,480 INFO SeBS-1771: Created experiment output at /home/anou/msc-thesis/task-based-experiment/experiment-results/python/instrumented/630.thumbnailer-otel
22:39:52,835 INFO OpenWhisk.Resources-c972: Using user-provided configuration of storage for OpenWhisk.
22:39:52,836 INFO OpenWhisk-685d: Using existing resource name: fd5e1ae0.
22:39:52,838 INFO Benchmark-27df: Building benchmark 630.thumbnailer-opentelemetry. Reason: no cached code package.
22:39:52,844 INFO Benchmark-27df: There is no Docker build image for openwhisk run in python, thus skipping the Docker-based installation of dependencies.
22:39:52,845 INFO OpenWhisk-685d: Build the benchmark base image andersnou/msc-thesis:function.openwhisk.630.thumbnailer-opentelemetry.python-3.7.
22:39:53,194 INFO OpenWhisk-685d: Push the benchmark base image andersnou/msc-thesis:function.openwhisk.630.thumbnailer-opentelemetry.python-3.7 to registry: Docker Hub.
22:39:54,488 INFO OpenWhisk-685d: Created /home/anou/msc-thesis/task-based-experiment/experiment-results/python/instrumented/630.thumbnailer-otel/630.thumbnailer-opentelemetry_code/python/3.7/630.thumbnailer-opentelemetry.zip archive
22:39:54,489 INFO OpenWhisk-685d: Zip archive size 0.000734 MB
22:39:54,491 INFO Benchmark-27df: Created code package (source hash: 818f21be97cb7823351191ca71b62588), for run on openwhisk with python:3.7
22:39:54,494 INFO OpenWhisk-685d: Creating new function! Reason: function 630.thumbnailer-opentelemetry-python-3.7 not found in cache.
22:39:54,494 INFO OpenWhisk-685d: Creating function as an action in OpenWhisk.
22:39:54,676 INFO OpenWhisk-685d: Retrieved existing OpenWhisk action 630.thumbnailer-opentelemetry-python-3.7.
22:39:54,677 INFO OpenWhisk-685d: Update an existing OpenWhisk action 630.thumbnailer-opentelemetry-python-3.7.
22:39:55,711 INFO Experiment.PerfCost-3e8c: Begin experiment on memory size 256
22:39:55,711 INFO OpenWhisk-685d: Update an existing OpenWhisk action 630.thumbnailer-opentelemetry-python-3.7.
22:39:55,876 INFO Experiment.PerfCost-3e8c: Begin warm experiments
22:40:07,7 INFO Experiment.PerfCost-3e8c: Processed 0 warm-up samples, ignoring these results.
22:40:17,343 INFO Experiment.PerfCost-3e8c: Processed 10 samples out of 10000, 0 errors
22:40:27,690 INFO Experiment.PerfCost-3e8c: Processed 20 samples out of 10000, 0 errors
22:40:38,28 INFO Experiment.PerfCost-3e8c: Processed 30 samples out of 10000, 0 errors
22:40:48,345 INFO Experiment.PerfCost-3e8c: Processed 40 samples out of 10000, 0 errors
22:40:58,677 INFO Experiment.PerfCost-3e8c: Processed 50 samples out of 10000, 0 errors
22:41:09,58 INFO Experiment.PerfCost-3e8c: Processed 60 samples out of 10000, 0 errors
22:41:19,402 INFO Experiment.PerfCost-3e8c: Processed 70 samples out of 10000, 0 errors
22:41:29,721 INFO Experiment.PerfCost-3e8c: Processed 80 samples out of 10000, 0 errors
22:41:40,40 INFO Experiment.PerfCost-3e8c: Processed 90 samples out of 10000, 0 errors
22:41:50,376 INFO Experiment.PerfCost-3e8c: Processed 100 samples out of 10000, 0 errors
22:42:00,702 INFO Experiment.PerfCost-3e8c: Processed 110 samples out of 10000, 0 errors
22:42:11,36 INFO Experiment.PerfCost-3e8c: Processed 120 samples out of 10000, 0 errors
22:42:21,362 INFO Experiment.PerfCost-3e8c: Processed 130 samples out of 10000, 0 errors
22:42:31,703 INFO Experiment.PerfCost-3e8c: Processed 140 samples out of 10000, 0 errors
22:42:42,39 INFO Experiment.PerfCost-3e8c: Processed 150 samples out of 10000, 0 errors
22:42:52,366 INFO Experiment.PerfCost-3e8c: Processed 160 samples out of 10000, 0 errors
22:43:02,688 INFO Experiment.PerfCost-3e8c: Processed 170 samples out of 10000, 0 errors
22:43:13,10 INFO Experiment.PerfCost-3e8c: Processed 180 samples out of 10000, 0 errors
22:43:23,342 INFO Experiment.PerfCost-3e8c: Processed 190 samples out of 10000, 0 errors
22:43:33,659 INFO Experiment.PerfCost-3e8c: Processed 200 samples out of 10000, 0 errors
22:43:43,978 INFO Experiment.PerfCost-3e8c: Processed 210 samples out of 10000, 0 errors
22:43:54,326 INFO Experiment.PerfCost-3e8c: Processed 220 samples out of 10000, 0 errors
22:44:04,651 INFO Experiment.PerfCost-3e8c: Processed 230 samples out of 10000, 0 errors
22:44:14,974 INFO Experiment.PerfCost-3e8c: Processed 240 samples out of 10000, 0 errors
22:44:25,303 INFO Experiment.PerfCost-3e8c: Processed 250 samples out of 10000, 0 errors
22:44:35,624 INFO Experiment.PerfCost-3e8c: Processed 260 samples out of 10000, 0 errors
22:44:45,946 INFO Experiment.PerfCost-3e8c: Processed 270 samples out of 10000, 0 errors
22:44:56,267 INFO Experiment.PerfCost-3e8c: Processed 280 samples out of 10000, 0 errors
22:45:06,601 INFO Experiment.PerfCost-3e8c: Processed 290 samples out of 10000, 0 errors
22:45:16,990 INFO Experiment.PerfCost-3e8c: Processed 300 samples out of 10000, 0 errors
22:45:27,311 INFO Experiment.PerfCost-3e8c: Processed 310 samples out of 10000, 0 errors
22:45:37,647 INFO Experiment.PerfCost-3e8c: Processed 320 samples out of 10000, 0 errors
22:45:47,982 INFO Experiment.PerfCost-3e8c: Processed 330 samples out of 10000, 0 errors
22:45:58,309 INFO Experiment.PerfCost-3e8c: Processed 340 samples out of 10000, 0 errors
22:46:08,640 INFO Experiment.PerfCost-3e8c: Processed 350 samples out of 10000, 0 errors
22:46:19,12 INFO Experiment.PerfCost-3e8c: Processed 360 samples out of 10000, 0 errors
22:46:29,345 INFO Experiment.PerfCost-3e8c: Processed 370 samples out of 10000, 0 errors
22:46:39,691 INFO Experiment.PerfCost-3e8c: Processed 380 samples out of 10000, 0 errors
22:46:50,21 INFO Experiment.PerfCost-3e8c: Processed 390 samples out of 10000, 0 errors
22:47:00,358 INFO Experiment.PerfCost-3e8c: Processed 400 samples out of 10000, 0 errors
22:47:10,692 INFO Experiment.PerfCost-3e8c: Processed 410 samples out of 10000, 0 errors
22:47:21,21 INFO Experiment.PerfCost-3e8c: Processed 420 samples out of 10000, 0 errors
22:47:31,343 INFO Experiment.PerfCost-3e8c: Processed 430 samples out of 10000, 0 errors
22:47:41,683 INFO Experiment.PerfCost-3e8c: Processed 440 samples out of 10000, 0 errors
22:47:52,6 INFO Experiment.PerfCost-3e8c: Processed 450 samples out of 10000, 0 errors
22:48:02,326 INFO Experiment.PerfCost-3e8c: Processed 460 samples out of 10000, 0 errors
22:48:12,664 INFO Experiment.PerfCost-3e8c: Processed 470 samples out of 10000, 0 errors
22:48:22,992 INFO Experiment.PerfCost-3e8c: Processed 480 samples out of 10000, 0 errors
22:48:33,310 INFO Experiment.PerfCost-3e8c: Processed 490 samples out of 10000, 0 errors
22:48:43,661 INFO Experiment.PerfCost-3e8c: Processed 500 samples out of 10000, 0 errors
22:48:53,985 INFO Experiment.PerfCost-3e8c: Processed 510 samples out of 10000, 0 errors
22:49:04,321 INFO Experiment.PerfCost-3e8c: Processed 520 samples out of 10000, 0 errors
22:49:14,653 INFO Experiment.PerfCost-3e8c: Processed 530 samples out of 10000, 0 errors
22:49:24,987 INFO Experiment.PerfCost-3e8c: Processed 540 samples out of 10000, 0 errors
22:49:35,305 INFO Experiment.PerfCost-3e8c: Processed 550 samples out of 10000, 0 errors
22:49:45,624 INFO Experiment.PerfCost-3e8c: Processed 560 samples out of 10000, 0 errors
22:49:55,951 INFO Experiment.PerfCost-3e8c: Processed 570 samples out of 10000, 0 errors
22:50:06,268 INFO Experiment.PerfCost-3e8c: Processed 580 samples out of 10000, 0 errors
22:50:16,590 INFO Experiment.PerfCost-3e8c: Processed 590 samples out of 10000, 0 errors
22:50:26,913 INFO Experiment.PerfCost-3e8c: Processed 600 samples out of 10000, 0 errors
22:50:37,222 INFO Experiment.PerfCost-3e8c: Processed 610 samples out of 10000, 0 errors
22:50:47,536 INFO Experiment.PerfCost-3e8c: Processed 620 samples out of 10000, 0 errors
22:50:57,843 INFO Experiment.PerfCost-3e8c: Processed 630 samples out of 10000, 0 errors
22:51:08,165 INFO Experiment.PerfCost-3e8c: Processed 640 samples out of 10000, 0 errors
22:51:18,502 INFO Experiment.PerfCost-3e8c: Processed 650 samples out of 10000, 0 errors
22:51:28,869 INFO Experiment.PerfCost-3e8c: Processed 660 samples out of 10000, 0 errors
22:51:39,187 INFO Experiment.PerfCost-3e8c: Processed 670 samples out of 10000, 0 errors
22:51:49,497 INFO Experiment.PerfCost-3e8c: Processed 680 samples out of 10000, 0 errors
22:51:59,819 INFO Experiment.PerfCost-3e8c: Processed 690 samples out of 10000, 0 errors
22:52:10,149 INFO Experiment.PerfCost-3e8c: Processed 700 samples out of 10000, 0 errors
22:52:20,479 INFO Experiment.PerfCost-3e8c: Processed 710 samples out of 10000, 0 errors
22:52:30,804 INFO Experiment.PerfCost-3e8c: Processed 720 samples out of 10000, 0 errors
22:52:41,131 INFO Experiment.PerfCost-3e8c: Processed 730 samples out of 10000, 0 errors
22:52:51,456 INFO Experiment.PerfCost-3e8c: Processed 740 samples out of 10000, 0 errors
22:53:01,776 INFO Experiment.PerfCost-3e8c: Processed 750 samples out of 10000, 0 errors
22:53:12,97 INFO Experiment.PerfCost-3e8c: Processed 760 samples out of 10000, 0 errors
22:53:22,425 INFO Experiment.PerfCost-3e8c: Processed 770 samples out of 10000, 0 errors
22:53:32,756 INFO Experiment.PerfCost-3e8c: Processed 780 samples out of 10000, 0 errors
22:53:43,94 INFO Experiment.PerfCost-3e8c: Processed 790 samples out of 10000, 0 errors
22:53:53,415 INFO Experiment.PerfCost-3e8c: Processed 800 samples out of 10000, 0 errors
22:54:03,735 INFO Experiment.PerfCost-3e8c: Processed 810 samples out of 10000, 0 errors
22:54:14,67 INFO Experiment.PerfCost-3e8c: Processed 820 samples out of 10000, 0 errors
22:54:24,378 INFO Experiment.PerfCost-3e8c: Processed 830 samples out of 10000, 0 errors
22:54:34,764 INFO Experiment.PerfCost-3e8c: Processed 840 samples out of 10000, 0 errors
22:54:45,82 INFO Experiment.PerfCost-3e8c: Processed 850 samples out of 10000, 0 errors
22:54:55,408 INFO Experiment.PerfCost-3e8c: Processed 860 samples out of 10000, 0 errors
22:55:05,741 INFO Experiment.PerfCost-3e8c: Processed 870 samples out of 10000, 0 errors
22:55:16,84 INFO Experiment.PerfCost-3e8c: Processed 880 samples out of 10000, 0 errors
22:55:26,406 INFO Experiment.PerfCost-3e8c: Processed 890 samples out of 10000, 0 errors
22:55:36,722 INFO Experiment.PerfCost-3e8c: Processed 900 samples out of 10000, 0 errors
22:55:47,44 INFO Experiment.PerfCost-3e8c: Processed 910 samples out of 10000, 0 errors
22:55:57,381 INFO Experiment.PerfCost-3e8c: Processed 920 samples out of 10000, 0 errors
22:56:07,693 INFO Experiment.PerfCost-3e8c: Processed 930 samples out of 10000, 0 errors
22:56:18,12 INFO Experiment.PerfCost-3e8c: Processed 940 samples out of 10000, 0 errors
22:56:28,346 INFO Experiment.PerfCost-3e8c: Processed 950 samples out of 10000, 0 errors
22:56:38,711 INFO Experiment.PerfCost-3e8c: Processed 960 samples out of 10000, 0 errors
22:56:49,35 INFO Experiment.PerfCost-3e8c: Processed 970 samples out of 10000, 0 errors
22:56:59,362 INFO Experiment.PerfCost-3e8c: Processed 980 samples out of 10000, 0 errors
22:57:09,690 INFO Experiment.PerfCost-3e8c: Processed 990 samples out of 10000, 0 errors
22:57:20,18 INFO Experiment.PerfCost-3e8c: Processed 1000 samples out of 10000, 0 errors
22:57:30,341 INFO Experiment.PerfCost-3e8c: Processed 1010 samples out of 10000, 0 errors
22:57:40,682 INFO Experiment.PerfCost-3e8c: Processed 1020 samples out of 10000, 0 errors
22:57:50,995 INFO Experiment.PerfCost-3e8c: Processed 1030 samples out of 10000, 0 errors
22:58:01,337 INFO Experiment.PerfCost-3e8c: Processed 1040 samples out of 10000, 0 errors
22:58:11,670 INFO Experiment.PerfCost-3e8c: Processed 1050 samples out of 10000, 0 errors
22:58:22,9 INFO Experiment.PerfCost-3e8c: Processed 1060 samples out of 10000, 0 errors
22:58:32,335 INFO Experiment.PerfCost-3e8c: Processed 1070 samples out of 10000, 0 errors
22:58:42,660 INFO Experiment.PerfCost-3e8c: Processed 1080 samples out of 10000, 0 errors
22:58:52,998 INFO Experiment.PerfCost-3e8c: Processed 1090 samples out of 10000, 0 errors
22:59:03,326 INFO Experiment.PerfCost-3e8c: Processed 1100 samples out of 10000, 0 errors
22:59:13,645 INFO Experiment.PerfCost-3e8c: Processed 1110 samples out of 10000, 0 errors
22:59:23,972 INFO Experiment.PerfCost-3e8c: Processed 1120 samples out of 10000, 0 errors
22:59:34,297 INFO Experiment.PerfCost-3e8c: Processed 1130 samples out of 10000, 0 errors
22:59:44,626 INFO Experiment.PerfCost-3e8c: Processed 1140 samples out of 10000, 0 errors
22:59:54,962 INFO Experiment.PerfCost-3e8c: Processed 1150 samples out of 10000, 0 errors
23:00:05,293 INFO Experiment.PerfCost-3e8c: Processed 1160 samples out of 10000, 0 errors
23:00:15,641 INFO Experiment.PerfCost-3e8c: Processed 1170 samples out of 10000, 0 errors
23:00:25,973 INFO Experiment.PerfCost-3e8c: Processed 1180 samples out of 10000, 0 errors
23:00:36,323 INFO Experiment.PerfCost-3e8c: Processed 1190 samples out of 10000, 0 errors
23:00:46,649 INFO Experiment.PerfCost-3e8c: Processed 1200 samples out of 10000, 0 errors
23:00:56,996 INFO Experiment.PerfCost-3e8c: Processed 1210 samples out of 10000, 0 errors
23:01:07,318 INFO Experiment.PerfCost-3e8c: Processed 1220 samples out of 10000, 0 errors
23:01:17,650 INFO Experiment.PerfCost-3e8c: Processed 1230 samples out of 10000, 0 errors
23:01:27,992 INFO Experiment.PerfCost-3e8c: Processed 1240 samples out of 10000, 0 errors
23:01:38,341 INFO Experiment.PerfCost-3e8c: Processed 1250 samples out of 10000, 0 errors
23:01:48,710 INFO Experiment.PerfCost-3e8c: Processed 1260 samples out of 10000, 0 errors
23:01:59,48 INFO Experiment.PerfCost-3e8c: Processed 1270 samples out of 10000, 0 errors
23:02:09,385 INFO Experiment.PerfCost-3e8c: Processed 1280 samples out of 10000, 0 errors
23:02:19,709 INFO Experiment.PerfCost-3e8c: Processed 1290 samples out of 10000, 0 errors
23:02:30,36 INFO Experiment.PerfCost-3e8c: Processed 1300 samples out of 10000, 0 errors
23:02:40,370 INFO Experiment.PerfCost-3e8c: Processed 1310 samples out of 10000, 0 errors
23:02:50,706 INFO Experiment.PerfCost-3e8c: Processed 1320 samples out of 10000, 0 errors
23:03:01,49 INFO Experiment.PerfCost-3e8c: Processed 1330 samples out of 10000, 0 errors
23:03:11,379 INFO Experiment.PerfCost-3e8c: Processed 1340 samples out of 10000, 0 errors
23:03:21,708 INFO Experiment.PerfCost-3e8c: Processed 1350 samples out of 10000, 0 errors
23:03:32,64 INFO Experiment.PerfCost-3e8c: Processed 1360 samples out of 10000, 0 errors
23:03:42,396 INFO Experiment.PerfCost-3e8c: Processed 1370 samples out of 10000, 0 errors
23:03:52,730 INFO Experiment.PerfCost-3e8c: Processed 1380 samples out of 10000, 0 errors
23:04:03,64 INFO Experiment.PerfCost-3e8c: Processed 1390 samples out of 10000, 0 errors
23:04:13,389 INFO Experiment.PerfCost-3e8c: Processed 1400 samples out of 10000, 0 errors
23:04:23,733 INFO Experiment.PerfCost-3e8c: Processed 1410 samples out of 10000, 0 errors
23:04:34,76 INFO Experiment.PerfCost-3e8c: Processed 1420 samples out of 10000, 0 errors
23:04:44,401 INFO Experiment.PerfCost-3e8c: Processed 1430 samples out of 10000, 0 errors
23:04:54,740 INFO Experiment.PerfCost-3e8c: Processed 1440 samples out of 10000, 0 errors
23:05:05,67 INFO Experiment.PerfCost-3e8c: Processed 1450 samples out of 10000, 0 errors
23:05:15,400 INFO Experiment.PerfCost-3e8c: Processed 1460 samples out of 10000, 0 errors
23:05:25,731 INFO Experiment.PerfCost-3e8c: Processed 1470 samples out of 10000, 0 errors
23:05:36,63 INFO Experiment.PerfCost-3e8c: Processed 1480 samples out of 10000, 0 errors
23:05:46,393 INFO Experiment.PerfCost-3e8c: Processed 1490 samples out of 10000, 0 errors
23:05:56,758 INFO Experiment.PerfCost-3e8c: Processed 1500 samples out of 10000, 0 errors
23:06:07,91 INFO Experiment.PerfCost-3e8c: Processed 1510 samples out of 10000, 0 errors
23:06:17,430 INFO Experiment.PerfCost-3e8c: Processed 1520 samples out of 10000, 0 errors
23:06:27,752 INFO Experiment.PerfCost-3e8c: Processed 1530 samples out of 10000, 0 errors
23:06:38,80 INFO Experiment.PerfCost-3e8c: Processed 1540 samples out of 10000, 0 errors
23:06:48,407 INFO Experiment.PerfCost-3e8c: Processed 1550 samples out of 10000, 0 errors
23:06:58,796 INFO Experiment.PerfCost-3e8c: Processed 1560 samples out of 10000, 0 errors
23:07:09,129 INFO Experiment.PerfCost-3e8c: Processed 1570 samples out of 10000, 0 errors
23:07:19,470 INFO Experiment.PerfCost-3e8c: Processed 1580 samples out of 10000, 0 errors
23:07:29,794 INFO Experiment.PerfCost-3e8c: Processed 1590 samples out of 10000, 0 errors
23:07:40,124 INFO Experiment.PerfCost-3e8c: Processed 1600 samples out of 10000, 0 errors
23:07:50,460 INFO Experiment.PerfCost-3e8c: Processed 1610 samples out of 10000, 0 errors
23:08:00,814 INFO Experiment.PerfCost-3e8c: Processed 1620 samples out of 10000, 0 errors
23:08:11,191 INFO Experiment.PerfCost-3e8c: Processed 1630 samples out of 10000, 0 errors
23:08:21,529 INFO Experiment.PerfCost-3e8c: Processed 1640 samples out of 10000, 0 errors
23:08:31,854 INFO Experiment.PerfCost-3e8c: Processed 1650 samples out of 10000, 0 errors
23:08:42,201 INFO Experiment.PerfCost-3e8c: Processed 1660 samples out of 10000, 0 errors
23:08:52,553 INFO Experiment.PerfCost-3e8c: Processed 1670 samples out of 10000, 0 errors
23:09:02,870 INFO Experiment.PerfCost-3e8c: Processed 1680 samples out of 10000, 0 errors
23:09:13,195 INFO Experiment.PerfCost-3e8c: Processed 1690 samples out of 10000, 0 errors
23:09:23,524 INFO Experiment.PerfCost-3e8c: Processed 1700 samples out of 10000, 0 errors
23:09:33,842 INFO Experiment.PerfCost-3e8c: Processed 1710 samples out of 10000, 0 errors
23:09:44,155 INFO Experiment.PerfCost-3e8c: Processed 1720 samples out of 10000, 0 errors
23:09:54,477 INFO Experiment.PerfCost-3e8c: Processed 1730 samples out of 10000, 0 errors
23:10:04,847 INFO Experiment.PerfCost-3e8c: Processed 1740 samples out of 10000, 0 errors
23:10:15,177 INFO Experiment.PerfCost-3e8c: Processed 1750 samples out of 10000, 0 errors
23:10:25,497 INFO Experiment.PerfCost-3e8c: Processed 1760 samples out of 10000, 0 errors
23:10:35,832 INFO Experiment.PerfCost-3e8c: Processed 1770 samples out of 10000, 0 errors
23:10:46,159 INFO Experiment.PerfCost-3e8c: Processed 1780 samples out of 10000, 0 errors
23:10:56,514 INFO Experiment.PerfCost-3e8c: Processed 1790 samples out of 10000, 0 errors
23:11:06,832 INFO Experiment.PerfCost-3e8c: Processed 1800 samples out of 10000, 0 errors
23:11:17,145 INFO Experiment.PerfCost-3e8c: Processed 1810 samples out of 10000, 0 errors
23:11:27,467 INFO Experiment.PerfCost-3e8c: Processed 1820 samples out of 10000, 0 errors
23:11:37,792 INFO Experiment.PerfCost-3e8c: Processed 1830 samples out of 10000, 0 errors
23:11:48,122 INFO Experiment.PerfCost-3e8c: Processed 1840 samples out of 10000, 0 errors
23:11:58,460 INFO Experiment.PerfCost-3e8c: Processed 1850 samples out of 10000, 0 errors
23:12:08,852 INFO Experiment.PerfCost-3e8c: Processed 1860 samples out of 10000, 0 errors
23:12:19,183 INFO Experiment.PerfCost-3e8c: Processed 1870 samples out of 10000, 0 errors
23:12:29,522 INFO Experiment.PerfCost-3e8c: Processed 1880 samples out of 10000, 0 errors
23:12:39,849 INFO Experiment.PerfCost-3e8c: Processed 1890 samples out of 10000, 0 errors
23:12:50,189 INFO Experiment.PerfCost-3e8c: Processed 1900 samples out of 10000, 0 errors
23:13:00,528 INFO Experiment.PerfCost-3e8c: Processed 1910 samples out of 10000, 0 errors
23:13:10,860 INFO Experiment.PerfCost-3e8c: Processed 1920 samples out of 10000, 0 errors
23:13:21,187 INFO Experiment.PerfCost-3e8c: Processed 1930 samples out of 10000, 0 errors
23:13:31,517 INFO Experiment.PerfCost-3e8c: Processed 1940 samples out of 10000, 0 errors
23:13:41,882 INFO Experiment.PerfCost-3e8c: Processed 1950 samples out of 10000, 0 errors
23:13:52,215 INFO Experiment.PerfCost-3e8c: Processed 1960 samples out of 10000, 0 errors
23:14:02,563 INFO Experiment.PerfCost-3e8c: Processed 1970 samples out of 10000, 0 errors
23:14:12,889 INFO Experiment.PerfCost-3e8c: Processed 1980 samples out of 10000, 0 errors
23:14:23,220 INFO Experiment.PerfCost-3e8c: Processed 1990 samples out of 10000, 0 errors
23:14:33,530 INFO Experiment.PerfCost-3e8c: Processed 2000 samples out of 10000, 0 errors
23:14:43,896 INFO Experiment.PerfCost-3e8c: Processed 2010 samples out of 10000, 0 errors
23:14:54,226 INFO Experiment.PerfCost-3e8c: Processed 2020 samples out of 10000, 0 errors
23:15:04,575 INFO Experiment.PerfCost-3e8c: Processed 2030 samples out of 10000, 0 errors
23:15:14,940 INFO Experiment.PerfCost-3e8c: Processed 2040 samples out of 10000, 0 errors
23:15:25,267 INFO Experiment.PerfCost-3e8c: Processed 2050 samples out of 10000, 0 errors
23:15:35,592 INFO Experiment.PerfCost-3e8c: Processed 2060 samples out of 10000, 0 errors
23:15:45,918 INFO Experiment.PerfCost-3e8c: Processed 2070 samples out of 10000, 0 errors
23:15:56,253 INFO Experiment.PerfCost-3e8c: Processed 2080 samples out of 10000, 0 errors
23:16:06,577 INFO Experiment.PerfCost-3e8c: Processed 2090 samples out of 10000, 0 errors
23:16:16,889 INFO Experiment.PerfCost-3e8c: Processed 2100 samples out of 10000, 0 errors
23:16:27,218 INFO Experiment.PerfCost-3e8c: Processed 2110 samples out of 10000, 0 errors
23:16:37,571 INFO Experiment.PerfCost-3e8c: Processed 2120 samples out of 10000, 0 errors
23:16:47,905 INFO Experiment.PerfCost-3e8c: Processed 2130 samples out of 10000, 0 errors
23:16:58,263 INFO Experiment.PerfCost-3e8c: Processed 2140 samples out of 10000, 0 errors
23:17:08,623 INFO Experiment.PerfCost-3e8c: Processed 2150 samples out of 10000, 0 errors
23:17:19,10 INFO Experiment.PerfCost-3e8c: Processed 2160 samples out of 10000, 0 errors
23:17:29,368 INFO Experiment.PerfCost-3e8c: Processed 2170 samples out of 10000, 0 errors
23:17:39,695 INFO Experiment.PerfCost-3e8c: Processed 2180 samples out of 10000, 0 errors
23:17:50,6 INFO Experiment.PerfCost-3e8c: Processed 2190 samples out of 10000, 0 errors
23:18:00,314 INFO Experiment.PerfCost-3e8c: Processed 2200 samples out of 10000, 0 errors
23:18:10,623 INFO Experiment.PerfCost-3e8c: Processed 2210 samples out of 10000, 0 errors
23:18:20,963 INFO Experiment.PerfCost-3e8c: Processed 2220 samples out of 10000, 0 errors
23:18:31,304 INFO Experiment.PerfCost-3e8c: Processed 2230 samples out of 10000, 0 errors
23:18:41,638 INFO Experiment.PerfCost-3e8c: Processed 2240 samples out of 10000, 0 errors
23:18:51,962 INFO Experiment.PerfCost-3e8c: Processed 2250 samples out of 10000, 0 errors
23:19:02,296 INFO Experiment.PerfCost-3e8c: Processed 2260 samples out of 10000, 0 errors
23:19:12,644 INFO Experiment.PerfCost-3e8c: Processed 2270 samples out of 10000, 0 errors
23:19:22,962 INFO Experiment.PerfCost-3e8c: Processed 2280 samples out of 10000, 0 errors
23:19:33,278 INFO Experiment.PerfCost-3e8c: Processed 2290 samples out of 10000, 0 errors
23:19:43,602 INFO Experiment.PerfCost-3e8c: Processed 2300 samples out of 10000, 0 errors
23:19:53,926 INFO Experiment.PerfCost-3e8c: Processed 2310 samples out of 10000, 0 errors
23:20:04,259 INFO Experiment.PerfCost-3e8c: Processed 2320 samples out of 10000, 0 errors
23:20:14,604 INFO Experiment.PerfCost-3e8c: Processed 2330 samples out of 10000, 0 errors
23:20:24,949 INFO Experiment.PerfCost-3e8c: Processed 2340 samples out of 10000, 0 errors
23:20:35,269 INFO Experiment.PerfCost-3e8c: Processed 2350 samples out of 10000, 0 errors
23:20:45,602 INFO Experiment.PerfCost-3e8c: Processed 2360 samples out of 10000, 0 errors
23:20:55,966 INFO Experiment.PerfCost-3e8c: Processed 2370 samples out of 10000, 0 errors
23:21:06,299 INFO Experiment.PerfCost-3e8c: Processed 2380 samples out of 10000, 0 errors
23:21:16,628 INFO Experiment.PerfCost-3e8c: Processed 2390 samples out of 10000, 0 errors
23:21:26,958 INFO Experiment.PerfCost-3e8c: Processed 2400 samples out of 10000, 0 errors
23:21:37,274 INFO Experiment.PerfCost-3e8c: Processed 2410 samples out of 10000, 0 errors
23:21:47,626 INFO Experiment.PerfCost-3e8c: Processed 2420 samples out of 10000, 0 errors
23:21:57,966 INFO Experiment.PerfCost-3e8c: Processed 2430 samples out of 10000, 0 errors
23:22:08,297 INFO Experiment.PerfCost-3e8c: Processed 2440 samples out of 10000, 0 errors
23:22:18,625 INFO Experiment.PerfCost-3e8c: Processed 2450 samples out of 10000, 0 errors
23:22:28,996 INFO Experiment.PerfCost-3e8c: Processed 2460 samples out of 10000, 0 errors
23:22:39,334 INFO Experiment.PerfCost-3e8c: Processed 2470 samples out of 10000, 0 errors
23:22:49,682 INFO Experiment.PerfCost-3e8c: Processed 2480 samples out of 10000, 0 errors
23:23:00,17 INFO Experiment.PerfCost-3e8c: Processed 2490 samples out of 10000, 0 errors
23:23:10,353 INFO Experiment.PerfCost-3e8c: Processed 2500 samples out of 10000, 0 errors
23:23:20,682 INFO Experiment.PerfCost-3e8c: Processed 2510 samples out of 10000, 0 errors
23:23:31,33 INFO Experiment.PerfCost-3e8c: Processed 2520 samples out of 10000, 0 errors
23:23:41,379 INFO Experiment.PerfCost-3e8c: Processed 2530 samples out of 10000, 0 errors
23:23:51,718 INFO Experiment.PerfCost-3e8c: Processed 2540 samples out of 10000, 0 errors
23:24:02,53 INFO Experiment.PerfCost-3e8c: Processed 2550 samples out of 10000, 0 errors
23:24:12,389 INFO Experiment.PerfCost-3e8c: Processed 2560 samples out of 10000, 0 errors
23:24:22,731 INFO Experiment.PerfCost-3e8c: Processed 2570 samples out of 10000, 0 errors
23:24:33,59 INFO Experiment.PerfCost-3e8c: Processed 2580 samples out of 10000, 0 errors
23:24:43,377 INFO Experiment.PerfCost-3e8c: Processed 2590 samples out of 10000, 0 errors
23:24:53,701 INFO Experiment.PerfCost-3e8c: Processed 2600 samples out of 10000, 0 errors
23:25:04,54 INFO Experiment.PerfCost-3e8c: Processed 2610 samples out of 10000, 0 errors
23:25:14,386 INFO Experiment.PerfCost-3e8c: Processed 2620 samples out of 10000, 0 errors
23:25:24,754 INFO Experiment.PerfCost-3e8c: Processed 2630 samples out of 10000, 0 errors
23:25:35,99 INFO Experiment.PerfCost-3e8c: Processed 2640 samples out of 10000, 0 errors
23:25:45,432 INFO Experiment.PerfCost-3e8c: Processed 2650 samples out of 10000, 0 errors
23:25:55,763 INFO Experiment.PerfCost-3e8c: Processed 2660 samples out of 10000, 0 errors
23:26:06,89 INFO Experiment.PerfCost-3e8c: Processed 2670 samples out of 10000, 0 errors
23:26:16,418 INFO Experiment.PerfCost-3e8c: Processed 2680 samples out of 10000, 0 errors
23:26:26,743 INFO Experiment.PerfCost-3e8c: Processed 2690 samples out of 10000, 0 errors
23:26:37,74 INFO Experiment.PerfCost-3e8c: Processed 2700 samples out of 10000, 0 errors
23:26:47,400 INFO Experiment.PerfCost-3e8c: Processed 2710 samples out of 10000, 0 errors
23:26:57,742 INFO Experiment.PerfCost-3e8c: Processed 2720 samples out of 10000, 0 errors
23:27:08,75 INFO Experiment.PerfCost-3e8c: Processed 2730 samples out of 10000, 0 errors
23:27:18,407 INFO Experiment.PerfCost-3e8c: Processed 2740 samples out of 10000, 0 errors
23:27:28,745 INFO Experiment.PerfCost-3e8c: Processed 2750 samples out of 10000, 0 errors
23:27:39,182 INFO Experiment.PerfCost-3e8c: Processed 2760 samples out of 10000, 0 errors
23:27:49,529 INFO Experiment.PerfCost-3e8c: Processed 2770 samples out of 10000, 0 errors
23:27:59,855 INFO Experiment.PerfCost-3e8c: Processed 2780 samples out of 10000, 0 errors
23:28:10,194 INFO Experiment.PerfCost-3e8c: Processed 2790 samples out of 10000, 0 errors
23:28:20,537 INFO Experiment.PerfCost-3e8c: Processed 2800 samples out of 10000, 0 errors
23:28:30,851 INFO Experiment.PerfCost-3e8c: Processed 2810 samples out of 10000, 0 errors
23:28:41,194 INFO Experiment.PerfCost-3e8c: Processed 2820 samples out of 10000, 0 errors
23:28:51,523 INFO Experiment.PerfCost-3e8c: Processed 2830 samples out of 10000, 0 errors
23:29:01,855 INFO Experiment.PerfCost-3e8c: Processed 2840 samples out of 10000, 0 errors
23:29:12,196 INFO Experiment.PerfCost-3e8c: Processed 2850 samples out of 10000, 0 errors
23:29:22,607 INFO Experiment.PerfCost-3e8c: Processed 2860 samples out of 10000, 0 errors
23:29:32,956 INFO Experiment.PerfCost-3e8c: Processed 2870 samples out of 10000, 0 errors
23:29:43,331 INFO Experiment.PerfCost-3e8c: Processed 2880 samples out of 10000, 0 errors
23:29:53,669 INFO Experiment.PerfCost-3e8c: Processed 2890 samples out of 10000, 0 errors
23:30:04,14 INFO Experiment.PerfCost-3e8c: Processed 2900 samples out of 10000, 0 errors
23:30:14,357 INFO Experiment.PerfCost-3e8c: Processed 2910 samples out of 10000, 0 errors
23:30:24,689 INFO Experiment.PerfCost-3e8c: Processed 2920 samples out of 10000, 0 errors
23:30:35,17 INFO Experiment.PerfCost-3e8c: Processed 2930 samples out of 10000, 0 errors
23:30:45,338 INFO Experiment.PerfCost-3e8c: Processed 2940 samples out of 10000, 0 errors
23:30:55,671 INFO Experiment.PerfCost-3e8c: Processed 2950 samples out of 10000, 0 errors
23:31:06,2 INFO Experiment.PerfCost-3e8c: Processed 2960 samples out of 10000, 0 errors
23:31:16,346 INFO Experiment.PerfCost-3e8c: Processed 2970 samples out of 10000, 0 errors
23:31:26,681 INFO Experiment.PerfCost-3e8c: Processed 2980 samples out of 10000, 0 errors
23:31:37,15 INFO Experiment.PerfCost-3e8c: Processed 2990 samples out of 10000, 0 errors
23:31:47,360 INFO Experiment.PerfCost-3e8c: Processed 3000 samples out of 10000, 0 errors
23:31:57,698 INFO Experiment.PerfCost-3e8c: Processed 3010 samples out of 10000, 0 errors
23:32:08,61 INFO Experiment.PerfCost-3e8c: Processed 3020 samples out of 10000, 0 errors
23:32:18,395 INFO Experiment.PerfCost-3e8c: Processed 3030 samples out of 10000, 0 errors
23:32:28,760 INFO Experiment.PerfCost-3e8c: Processed 3040 samples out of 10000, 0 errors
23:32:39,131 INFO Experiment.PerfCost-3e8c: Processed 3050 samples out of 10000, 0 errors
23:32:49,473 INFO Experiment.PerfCost-3e8c: Processed 3060 samples out of 10000, 0 errors
23:32:59,805 INFO Experiment.PerfCost-3e8c: Processed 3070 samples out of 10000, 0 errors
23:33:10,142 INFO Experiment.PerfCost-3e8c: Processed 3080 samples out of 10000, 0 errors
23:33:20,470 INFO Experiment.PerfCost-3e8c: Processed 3090 samples out of 10000, 0 errors
23:33:30,790 INFO Experiment.PerfCost-3e8c: Processed 3100 samples out of 10000, 0 errors
23:33:41,119 INFO Experiment.PerfCost-3e8c: Processed 3110 samples out of 10000, 0 errors
23:33:51,451 INFO Experiment.PerfCost-3e8c: Processed 3120 samples out of 10000, 0 errors
23:34:01,774 INFO Experiment.PerfCost-3e8c: Processed 3130 samples out of 10000, 0 errors
23:34:12,109 INFO Experiment.PerfCost-3e8c: Processed 3140 samples out of 10000, 0 errors
23:34:22,439 INFO Experiment.PerfCost-3e8c: Processed 3150 samples out of 10000, 0 errors
23:34:32,771 INFO Experiment.PerfCost-3e8c: Processed 3160 samples out of 10000, 0 errors
23:34:43,106 INFO Experiment.PerfCost-3e8c: Processed 3170 samples out of 10000, 0 errors
23:34:53,433 INFO Experiment.PerfCost-3e8c: Processed 3180 samples out of 10000, 0 errors
23:35:03,767 INFO Experiment.PerfCost-3e8c: Processed 3190 samples out of 10000, 0 errors
23:35:14,103 INFO Experiment.PerfCost-3e8c: Processed 3200 samples out of 10000, 0 errors
23:35:24,433 INFO Experiment.PerfCost-3e8c: Processed 3210 samples out of 10000, 0 errors
23:35:34,779 INFO Experiment.PerfCost-3e8c: Processed 3220 samples out of 10000, 0 errors
23:35:45,117 INFO Experiment.PerfCost-3e8c: Processed 3230 samples out of 10000, 0 errors
23:35:55,460 INFO Experiment.PerfCost-3e8c: Processed 3240 samples out of 10000, 0 errors
23:36:05,795 INFO Experiment.PerfCost-3e8c: Processed 3250 samples out of 10000, 0 errors
23:36:16,143 INFO Experiment.PerfCost-3e8c: Processed 3260 samples out of 10000, 0 errors
23:36:26,476 INFO Experiment.PerfCost-3e8c: Processed 3270 samples out of 10000, 0 errors
23:36:36,805 INFO Experiment.PerfCost-3e8c: Processed 3280 samples out of 10000, 0 errors
23:36:47,144 INFO Experiment.PerfCost-3e8c: Processed 3290 samples out of 10000, 0 errors
23:36:57,481 INFO Experiment.PerfCost-3e8c: Processed 3300 samples out of 10000, 0 errors
23:37:07,804 INFO Experiment.PerfCost-3e8c: Processed 3310 samples out of 10000, 0 errors
23:37:18,133 INFO Experiment.PerfCost-3e8c: Processed 3320 samples out of 10000, 0 errors
23:37:28,462 INFO Experiment.PerfCost-3e8c: Processed 3330 samples out of 10000, 0 errors
23:37:38,797 INFO Experiment.PerfCost-3e8c: Processed 3340 samples out of 10000, 0 errors
23:37:49,167 INFO Experiment.PerfCost-3e8c: Processed 3350 samples out of 10000, 0 errors
23:37:59,520 INFO Experiment.PerfCost-3e8c: Processed 3360 samples out of 10000, 0 errors
23:38:09,849 INFO Experiment.PerfCost-3e8c: Processed 3370 samples out of 10000, 0 errors
23:38:20,188 INFO Experiment.PerfCost-3e8c: Processed 3380 samples out of 10000, 0 errors
23:38:30,540 INFO Experiment.PerfCost-3e8c: Processed 3390 samples out of 10000, 0 errors
23:38:40,876 INFO Experiment.PerfCost-3e8c: Processed 3400 samples out of 10000, 0 errors
23:38:51,233 INFO Experiment.PerfCost-3e8c: Processed 3410 samples out of 10000, 0 errors
23:39:01,560 INFO Experiment.PerfCost-3e8c: Processed 3420 samples out of 10000, 0 errors
23:39:11,904 INFO Experiment.PerfCost-3e8c: Processed 3430 samples out of 10000, 0 errors
23:39:22,238 INFO Experiment.PerfCost-3e8c: Processed 3440 samples out of 10000, 0 errors
23:39:32,574 INFO Experiment.PerfCost-3e8c: Processed 3450 samples out of 10000, 0 errors
23:39:42,928 INFO Experiment.PerfCost-3e8c: Processed 3460 samples out of 10000, 0 errors
23:39:53,258 INFO Experiment.PerfCost-3e8c: Processed 3470 samples out of 10000, 0 errors
23:40:03,610 INFO Experiment.PerfCost-3e8c: Processed 3480 samples out of 10000, 0 errors
23:40:13,944 INFO Experiment.PerfCost-3e8c: Processed 3490 samples out of 10000, 0 errors
23:40:24,269 INFO Experiment.PerfCost-3e8c: Processed 3500 samples out of 10000, 0 errors
23:40:34,605 INFO Experiment.PerfCost-3e8c: Processed 3510 samples out of 10000, 0 errors
23:40:44,988 INFO Experiment.PerfCost-3e8c: Processed 3520 samples out of 10000, 0 errors
23:40:55,320 INFO Experiment.PerfCost-3e8c: Processed 3530 samples out of 10000, 0 errors
23:41:05,660 INFO Experiment.PerfCost-3e8c: Processed 3540 samples out of 10000, 0 errors
23:41:15,987 INFO Experiment.PerfCost-3e8c: Processed 3550 samples out of 10000, 0 errors
23:41:26,322 INFO Experiment.PerfCost-3e8c: Processed 3560 samples out of 10000, 0 errors
23:41:36,653 INFO Experiment.PerfCost-3e8c: Processed 3570 samples out of 10000, 0 errors
23:41:47,23 INFO Experiment.PerfCost-3e8c: Processed 3580 samples out of 10000, 0 errors
23:41:57,371 INFO Experiment.PerfCost-3e8c: Processed 3590 samples out of 10000, 0 errors
23:42:07,719 INFO Experiment.PerfCost-3e8c: Processed 3600 samples out of 10000, 0 errors
23:42:18,60 INFO Experiment.PerfCost-3e8c: Processed 3610 samples out of 10000, 0 errors
23:42:28,400 INFO Experiment.PerfCost-3e8c: Processed 3620 samples out of 10000, 0 errors
23:42:38,758 INFO Experiment.PerfCost-3e8c: Processed 3630 samples out of 10000, 0 errors
23:42:49,124 INFO Experiment.PerfCost-3e8c: Processed 3640 samples out of 10000, 0 errors
23:42:59,502 INFO Experiment.PerfCost-3e8c: Processed 3650 samples out of 10000, 0 errors
23:43:09,835 INFO Experiment.PerfCost-3e8c: Processed 3660 samples out of 10000, 0 errors
23:43:20,169 INFO Experiment.PerfCost-3e8c: Processed 3670 samples out of 10000, 0 errors
23:43:30,497 INFO Experiment.PerfCost-3e8c: Processed 3680 samples out of 10000, 0 errors
23:43:40,850 INFO Experiment.PerfCost-3e8c: Processed 3690 samples out of 10000, 0 errors
23:43:51,211 INFO Experiment.PerfCost-3e8c: Processed 3700 samples out of 10000, 0 errors
23:44:01,545 INFO Experiment.PerfCost-3e8c: Processed 3710 samples out of 10000, 0 errors
23:44:11,880 INFO Experiment.PerfCost-3e8c: Processed 3720 samples out of 10000, 0 errors
23:44:22,207 INFO Experiment.PerfCost-3e8c: Processed 3730 samples out of 10000, 0 errors
23:44:32,551 INFO Experiment.PerfCost-3e8c: Processed 3740 samples out of 10000, 0 errors
23:44:42,885 INFO Experiment.PerfCost-3e8c: Processed 3750 samples out of 10000, 0 errors
23:44:53,211 INFO Experiment.PerfCost-3e8c: Processed 3760 samples out of 10000, 0 errors
23:45:03,550 INFO Experiment.PerfCost-3e8c: Processed 3770 samples out of 10000, 0 errors
23:45:13,895 INFO Experiment.PerfCost-3e8c: Processed 3780 samples out of 10000, 0 errors
23:45:24,224 INFO Experiment.PerfCost-3e8c: Processed 3790 samples out of 10000, 0 errors
23:45:34,574 INFO Experiment.PerfCost-3e8c: Processed 3800 samples out of 10000, 0 errors
23:45:44,905 INFO Experiment.PerfCost-3e8c: Processed 3810 samples out of 10000, 0 errors
23:45:55,247 INFO Experiment.PerfCost-3e8c: Processed 3820 samples out of 10000, 0 errors
23:46:05,579 INFO Experiment.PerfCost-3e8c: Processed 3830 samples out of 10000, 0 errors
23:46:15,942 INFO Experiment.PerfCost-3e8c: Processed 3840 samples out of 10000, 0 errors
23:46:26,307 INFO Experiment.PerfCost-3e8c: Processed 3850 samples out of 10000, 0 errors
23:46:36,651 INFO Experiment.PerfCost-3e8c: Processed 3860 samples out of 10000, 0 errors
23:46:46,982 INFO Experiment.PerfCost-3e8c: Processed 3870 samples out of 10000, 0 errors
23:46:57,326 INFO Experiment.PerfCost-3e8c: Processed 3880 samples out of 10000, 0 errors
23:47:07,664 INFO Experiment.PerfCost-3e8c: Processed 3890 samples out of 10000, 0 errors
23:47:18,16 INFO Experiment.PerfCost-3e8c: Processed 3900 samples out of 10000, 0 errors
23:47:28,346 INFO Experiment.PerfCost-3e8c: Processed 3910 samples out of 10000, 0 errors
23:47:38,676 INFO Experiment.PerfCost-3e8c: Processed 3920 samples out of 10000, 0 errors
23:47:48,998 INFO Experiment.PerfCost-3e8c: Processed 3930 samples out of 10000, 0 errors
23:47:59,349 INFO Experiment.PerfCost-3e8c: Processed 3940 samples out of 10000, 0 errors
23:48:09,700 INFO Experiment.PerfCost-3e8c: Processed 3950 samples out of 10000, 0 errors
23:48:20,46 INFO Experiment.PerfCost-3e8c: Processed 3960 samples out of 10000, 0 errors
23:48:30,383 INFO Experiment.PerfCost-3e8c: Processed 3970 samples out of 10000, 0 errors
23:48:40,750 INFO Experiment.PerfCost-3e8c: Processed 3980 samples out of 10000, 0 errors
23:48:51,92 INFO Experiment.PerfCost-3e8c: Processed 3990 samples out of 10000, 0 errors
23:49:01,437 INFO Experiment.PerfCost-3e8c: Processed 4000 samples out of 10000, 0 errors
23:49:11,771 INFO Experiment.PerfCost-3e8c: Processed 4010 samples out of 10000, 0 errors
23:49:22,110 INFO Experiment.PerfCost-3e8c: Processed 4020 samples out of 10000, 0 errors
23:49:32,454 INFO Experiment.PerfCost-3e8c: Processed 4030 samples out of 10000, 0 errors
23:49:42,793 INFO Experiment.PerfCost-3e8c: Processed 4040 samples out of 10000, 0 errors
23:49:53,130 INFO Experiment.PerfCost-3e8c: Processed 4050 samples out of 10000, 0 errors
23:50:03,464 INFO Experiment.PerfCost-3e8c: Processed 4060 samples out of 10000, 0 errors
23:50:13,800 INFO Experiment.PerfCost-3e8c: Processed 4070 samples out of 10000, 0 errors
23:50:24,131 INFO Experiment.PerfCost-3e8c: Processed 4080 samples out of 10000, 0 errors
23:50:34,466 INFO Experiment.PerfCost-3e8c: Processed 4090 samples out of 10000, 0 errors
23:50:44,786 INFO Experiment.PerfCost-3e8c: Processed 4100 samples out of 10000, 0 errors
23:50:55,124 INFO Experiment.PerfCost-3e8c: Processed 4110 samples out of 10000, 0 errors
23:51:05,463 INFO Experiment.PerfCost-3e8c: Processed 4120 samples out of 10000, 0 errors
23:51:15,842 INFO Experiment.PerfCost-3e8c: Processed 4130 samples out of 10000, 0 errors
23:51:26,198 INFO Experiment.PerfCost-3e8c: Processed 4140 samples out of 10000, 0 errors
23:51:36,534 INFO Experiment.PerfCost-3e8c: Processed 4150 samples out of 10000, 0 errors
23:51:46,856 INFO Experiment.PerfCost-3e8c: Processed 4160 samples out of 10000, 0 errors
23:51:57,188 INFO Experiment.PerfCost-3e8c: Processed 4170 samples out of 10000, 0 errors
23:52:07,540 INFO Experiment.PerfCost-3e8c: Processed 4180 samples out of 10000, 0 errors
23:52:17,866 INFO Experiment.PerfCost-3e8c: Processed 4190 samples out of 10000, 0 errors
23:52:28,221 INFO Experiment.PerfCost-3e8c: Processed 4200 samples out of 10000, 0 errors
23:52:38,550 INFO Experiment.PerfCost-3e8c: Processed 4210 samples out of 10000, 0 errors
23:52:48,873 INFO Experiment.PerfCost-3e8c: Processed 4220 samples out of 10000, 0 errors
23:52:59,214 INFO Experiment.PerfCost-3e8c: Processed 4230 samples out of 10000, 0 errors
23:53:09,547 INFO Experiment.PerfCost-3e8c: Processed 4240 samples out of 10000, 0 errors
23:53:19,921 INFO Experiment.PerfCost-3e8c: Processed 4250 samples out of 10000, 0 errors
23:53:30,255 INFO Experiment.PerfCost-3e8c: Processed 4260 samples out of 10000, 0 errors
23:53:40,603 INFO Experiment.PerfCost-3e8c: Processed 4270 samples out of 10000, 0 errors
23:53:50,940 INFO Experiment.PerfCost-3e8c: Processed 4280 samples out of 10000, 0 errors
23:54:01,280 INFO Experiment.PerfCost-3e8c: Processed 4290 samples out of 10000, 0 errors
23:54:11,602 INFO Experiment.PerfCost-3e8c: Processed 4300 samples out of 10000, 0 errors
23:54:21,943 INFO Experiment.PerfCost-3e8c: Processed 4310 samples out of 10000, 0 errors
23:54:32,300 INFO Experiment.PerfCost-3e8c: Processed 4320 samples out of 10000, 0 errors
23:54:42,638 INFO Experiment.PerfCost-3e8c: Processed 4330 samples out of 10000, 0 errors
23:54:52,969 INFO Experiment.PerfCost-3e8c: Processed 4340 samples out of 10000, 0 errors
23:55:03,306 INFO Experiment.PerfCost-3e8c: Processed 4350 samples out of 10000, 0 errors
23:55:13,645 INFO Experiment.PerfCost-3e8c: Processed 4360 samples out of 10000, 0 errors
23:55:23,997 INFO Experiment.PerfCost-3e8c: Processed 4370 samples out of 10000, 0 errors
23:55:34,339 INFO Experiment.PerfCost-3e8c: Processed 4380 samples out of 10000, 0 errors
23:55:44,687 INFO Experiment.PerfCost-3e8c: Processed 4390 samples out of 10000, 0 errors
23:55:55,30 INFO Experiment.PerfCost-3e8c: Processed 4400 samples out of 10000, 0 errors
23:56:05,363 INFO Experiment.PerfCost-3e8c: Processed 4410 samples out of 10000, 0 errors
23:56:15,694 INFO Experiment.PerfCost-3e8c: Processed 4420 samples out of 10000, 0 errors
23:56:26,37 INFO Experiment.PerfCost-3e8c: Processed 4430 samples out of 10000, 0 errors
23:56:36,381 INFO Experiment.PerfCost-3e8c: Processed 4440 samples out of 10000, 0 errors
23:56:46,728 INFO Experiment.PerfCost-3e8c: Processed 4450 samples out of 10000, 0 errors
23:56:57,70 INFO Experiment.PerfCost-3e8c: Processed 4460 samples out of 10000, 0 errors
23:57:07,402 INFO Experiment.PerfCost-3e8c: Processed 4470 samples out of 10000, 0 errors
23:57:17,733 INFO Experiment.PerfCost-3e8c: Processed 4480 samples out of 10000, 0 errors
23:57:28,74 INFO Experiment.PerfCost-3e8c: Processed 4490 samples out of 10000, 0 errors
23:57:38,443 INFO Experiment.PerfCost-3e8c: Processed 4500 samples out of 10000, 0 errors
23:57:48,787 INFO Experiment.PerfCost-3e8c: Processed 4510 samples out of 10000, 0 errors
23:57:59,134 INFO Experiment.PerfCost-3e8c: Processed 4520 samples out of 10000, 0 errors
23:58:09,497 INFO Experiment.PerfCost-3e8c: Processed 4530 samples out of 10000, 0 errors
23:58:19,842 INFO Experiment.PerfCost-3e8c: Processed 4540 samples out of 10000, 0 errors
23:58:30,253 INFO Experiment.PerfCost-3e8c: Processed 4550 samples out of 10000, 0 errors
23:58:40,621 INFO Experiment.PerfCost-3e8c: Processed 4560 samples out of 10000, 0 errors
23:58:50,954 INFO Experiment.PerfCost-3e8c: Processed 4570 samples out of 10000, 0 errors
23:59:01,297 INFO Experiment.PerfCost-3e8c: Processed 4580 samples out of 10000, 0 errors
23:59:11,643 INFO Experiment.PerfCost-3e8c: Processed 4590 samples out of 10000, 0 errors
23:59:21,974 INFO Experiment.PerfCost-3e8c: Processed 4600 samples out of 10000, 0 errors
23:59:32,305 INFO Experiment.PerfCost-3e8c: Processed 4610 samples out of 10000, 0 errors
23:59:42,642 INFO Experiment.PerfCost-3e8c: Processed 4620 samples out of 10000, 0 errors
23:59:52,979 INFO Experiment.PerfCost-3e8c: Processed 4630 samples out of 10000, 0 errors
00:00:03,327 INFO Experiment.PerfCost-3e8c: Processed 4640 samples out of 10000, 0 errors
00:00:13,683 INFO Experiment.PerfCost-3e8c: Processed 4650 samples out of 10000, 0 errors
00:00:24,16 INFO Experiment.PerfCost-3e8c: Processed 4660 samples out of 10000, 0 errors
00:00:34,354 INFO Experiment.PerfCost-3e8c: Processed 4670 samples out of 10000, 0 errors
00:00:44,724 INFO Experiment.PerfCost-3e8c: Processed 4680 samples out of 10000, 0 errors
00:00:55,58 INFO Experiment.PerfCost-3e8c: Processed 4690 samples out of 10000, 0 errors
00:01:05,400 INFO Experiment.PerfCost-3e8c: Processed 4700 samples out of 10000, 0 errors
00:01:15,762 INFO Experiment.PerfCost-3e8c: Processed 4710 samples out of 10000, 0 errors
00:01:26,88 INFO Experiment.PerfCost-3e8c: Processed 4720 samples out of 10000, 0 errors
00:01:36,442 INFO Experiment.PerfCost-3e8c: Processed 4730 samples out of 10000, 0 errors
00:01:46,791 INFO Experiment.PerfCost-3e8c: Processed 4740 samples out of 10000, 0 errors
00:01:57,118 INFO Experiment.PerfCost-3e8c: Processed 4750 samples out of 10000, 0 errors
00:02:07,463 INFO Experiment.PerfCost-3e8c: Processed 4760 samples out of 10000, 0 errors
00:02:17,807 INFO Experiment.PerfCost-3e8c: Processed 4770 samples out of 10000, 0 errors
00:02:28,140 INFO Experiment.PerfCost-3e8c: Processed 4780 samples out of 10000, 0 errors
00:02:38,504 INFO Experiment.PerfCost-3e8c: Processed 4790 samples out of 10000, 0 errors
00:02:48,860 INFO Experiment.PerfCost-3e8c: Processed 4800 samples out of 10000, 0 errors
00:02:59,221 INFO Experiment.PerfCost-3e8c: Processed 4810 samples out of 10000, 0 errors
00:03:09,560 INFO Experiment.PerfCost-3e8c: Processed 4820 samples out of 10000, 0 errors
00:03:19,920 INFO Experiment.PerfCost-3e8c: Processed 4830 samples out of 10000, 0 errors
00:03:30,308 INFO Experiment.PerfCost-3e8c: Processed 4840 samples out of 10000, 0 errors
00:03:40,654 INFO Experiment.PerfCost-3e8c: Processed 4850 samples out of 10000, 0 errors
00:03:50,990 INFO Experiment.PerfCost-3e8c: Processed 4860 samples out of 10000, 0 errors
00:04:01,325 INFO Experiment.PerfCost-3e8c: Processed 4870 samples out of 10000, 0 errors
00:04:11,659 INFO Experiment.PerfCost-3e8c: Processed 4880 samples out of 10000, 0 errors
00:04:22,8 INFO Experiment.PerfCost-3e8c: Processed 4890 samples out of 10000, 0 errors
00:04:32,365 INFO Experiment.PerfCost-3e8c: Processed 4900 samples out of 10000, 0 errors
00:04:42,718 INFO Experiment.PerfCost-3e8c: Processed 4910 samples out of 10000, 0 errors
00:04:53,72 INFO Experiment.PerfCost-3e8c: Processed 4920 samples out of 10000, 0 errors
00:05:03,395 INFO Experiment.PerfCost-3e8c: Processed 4930 samples out of 10000, 0 errors
00:05:13,738 INFO Experiment.PerfCost-3e8c: Processed 4940 samples out of 10000, 0 errors
00:05:24,81 INFO Experiment.PerfCost-3e8c: Processed 4950 samples out of 10000, 0 errors
00:05:34,435 INFO Experiment.PerfCost-3e8c: Processed 4960 samples out of 10000, 0 errors
00:05:44,768 INFO Experiment.PerfCost-3e8c: Processed 4970 samples out of 10000, 0 errors
00:05:55,108 INFO Experiment.PerfCost-3e8c: Processed 4980 samples out of 10000, 0 errors
00:06:05,447 INFO Experiment.PerfCost-3e8c: Processed 4990 samples out of 10000, 0 errors
00:06:15,772 INFO Experiment.PerfCost-3e8c: Processed 5000 samples out of 10000, 0 errors
00:06:26,119 INFO Experiment.PerfCost-3e8c: Processed 5010 samples out of 10000, 0 errors
00:06:36,463 INFO Experiment.PerfCost-3e8c: Processed 5020 samples out of 10000, 0 errors
00:06:46,810 INFO Experiment.PerfCost-3e8c: Processed 5030 samples out of 10000, 0 errors
00:06:57,147 INFO Experiment.PerfCost-3e8c: Processed 5040 samples out of 10000, 0 errors
00:07:07,486 INFO Experiment.PerfCost-3e8c: Processed 5050 samples out of 10000, 0 errors
00:07:17,811 INFO Experiment.PerfCost-3e8c: Processed 5060 samples out of 10000, 0 errors
00:07:28,157 INFO Experiment.PerfCost-3e8c: Processed 5070 samples out of 10000, 0 errors
00:07:38,493 INFO Experiment.PerfCost-3e8c: Processed 5080 samples out of 10000, 0 errors
00:07:48,835 INFO Experiment.PerfCost-3e8c: Processed 5090 samples out of 10000, 0 errors
00:07:59,221 INFO Experiment.PerfCost-3e8c: Processed 5100 samples out of 10000, 0 errors
00:08:09,555 INFO Experiment.PerfCost-3e8c: Processed 5110 samples out of 10000, 0 errors
00:08:19,881 INFO Experiment.PerfCost-3e8c: Processed 5120 samples out of 10000, 0 errors
00:08:30,232 INFO Experiment.PerfCost-3e8c: Processed 5130 samples out of 10000, 0 errors
00:08:40,605 INFO Experiment.PerfCost-3e8c: Processed 5140 samples out of 10000, 0 errors
00:08:50,949 INFO Experiment.PerfCost-3e8c: Processed 5150 samples out of 10000, 0 errors
00:09:01,301 INFO Experiment.PerfCost-3e8c: Processed 5160 samples out of 10000, 0 errors
00:09:11,640 INFO Experiment.PerfCost-3e8c: Processed 5170 samples out of 10000, 0 errors
00:09:21,982 INFO Experiment.PerfCost-3e8c: Processed 5180 samples out of 10000, 0 errors
00:09:32,312 INFO Experiment.PerfCost-3e8c: Processed 5190 samples out of 10000, 0 errors
00:09:42,663 INFO Experiment.PerfCost-3e8c: Processed 5200 samples out of 10000, 0 errors
00:09:53,14 INFO Experiment.PerfCost-3e8c: Processed 5210 samples out of 10000, 0 errors
00:10:03,392 INFO Experiment.PerfCost-3e8c: Processed 5220 samples out of 10000, 0 errors
00:10:13,720 INFO Experiment.PerfCost-3e8c: Processed 5230 samples out of 10000, 0 errors
00:10:24,63 INFO Experiment.PerfCost-3e8c: Processed 5240 samples out of 10000, 0 errors
00:10:34,398 INFO Experiment.PerfCost-3e8c: Processed 5250 samples out of 10000, 0 errors
00:10:44,730 INFO Experiment.PerfCost-3e8c: Processed 5260 samples out of 10000, 0 errors
00:10:55,70 INFO Experiment.PerfCost-3e8c: Processed 5270 samples out of 10000, 0 errors
00:11:05,433 INFO Experiment.PerfCost-3e8c: Processed 5280 samples out of 10000, 0 errors
00:11:15,768 INFO Experiment.PerfCost-3e8c: Processed 5290 samples out of 10000, 0 errors
00:11:26,116 INFO Experiment.PerfCost-3e8c: Processed 5300 samples out of 10000, 0 errors
00:11:36,462 INFO Experiment.PerfCost-3e8c: Processed 5310 samples out of 10000, 0 errors
00:11:46,811 INFO Experiment.PerfCost-3e8c: Processed 5320 samples out of 10000, 0 errors
00:11:57,148 INFO Experiment.PerfCost-3e8c: Processed 5330 samples out of 10000, 0 errors
00:12:07,518 INFO Experiment.PerfCost-3e8c: Processed 5340 samples out of 10000, 0 errors
00:12:17,859 INFO Experiment.PerfCost-3e8c: Processed 5350 samples out of 10000, 0 errors
00:12:28,198 INFO Experiment.PerfCost-3e8c: Processed 5360 samples out of 10000, 0 errors
00:12:38,554 INFO Experiment.PerfCost-3e8c: Processed 5370 samples out of 10000, 0 errors
00:12:48,881 INFO Experiment.PerfCost-3e8c: Processed 5380 samples out of 10000, 0 errors
00:12:59,242 INFO Experiment.PerfCost-3e8c: Processed 5390 samples out of 10000, 0 errors
00:13:09,600 INFO Experiment.PerfCost-3e8c: Processed 5400 samples out of 10000, 0 errors
00:13:19,936 INFO Experiment.PerfCost-3e8c: Processed 5410 samples out of 10000, 0 errors
00:13:30,278 INFO Experiment.PerfCost-3e8c: Processed 5420 samples out of 10000, 0 errors
00:13:40,660 INFO Experiment.PerfCost-3e8c: Processed 5430 samples out of 10000, 0 errors
00:13:50,996 INFO Experiment.PerfCost-3e8c: Processed 5440 samples out of 10000, 0 errors
00:14:01,324 INFO Experiment.PerfCost-3e8c: Processed 5450 samples out of 10000, 0 errors
00:14:11,673 INFO Experiment.PerfCost-3e8c: Processed 5460 samples out of 10000, 0 errors
00:14:22,9 INFO Experiment.PerfCost-3e8c: Processed 5470 samples out of 10000, 0 errors
00:14:32,341 INFO Experiment.PerfCost-3e8c: Processed 5480 samples out of 10000, 0 errors
00:14:42,713 INFO Experiment.PerfCost-3e8c: Processed 5490 samples out of 10000, 0 errors
00:14:53,54 INFO Experiment.PerfCost-3e8c: Processed 5500 samples out of 10000, 0 errors
00:15:03,385 INFO Experiment.PerfCost-3e8c: Processed 5510 samples out of 10000, 0 errors
00:15:13,764 INFO Experiment.PerfCost-3e8c: Processed 5520 samples out of 10000, 0 errors
00:15:24,104 INFO Experiment.PerfCost-3e8c: Processed 5530 samples out of 10000, 0 errors
00:15:34,463 INFO Experiment.PerfCost-3e8c: Processed 5540 samples out of 10000, 0 errors
00:15:44,801 INFO Experiment.PerfCost-3e8c: Processed 5550 samples out of 10000, 0 errors
00:15:55,136 INFO Experiment.PerfCost-3e8c: Processed 5560 samples out of 10000, 0 errors
00:16:05,469 INFO Experiment.PerfCost-3e8c: Processed 5570 samples out of 10000, 0 errors
00:16:15,804 INFO Experiment.PerfCost-3e8c: Processed 5580 samples out of 10000, 0 errors
00:16:26,152 INFO Experiment.PerfCost-3e8c: Processed 5590 samples out of 10000, 0 errors
00:16:36,482 INFO Experiment.PerfCost-3e8c: Processed 5600 samples out of 10000, 0 errors
00:16:46,812 INFO Experiment.PerfCost-3e8c: Processed 5610 samples out of 10000, 0 errors
00:16:57,154 INFO Experiment.PerfCost-3e8c: Processed 5620 samples out of 10000, 0 errors
00:17:07,500 INFO Experiment.PerfCost-3e8c: Processed 5630 samples out of 10000, 0 errors
00:17:17,851 INFO Experiment.PerfCost-3e8c: Processed 5640 samples out of 10000, 0 errors
00:17:28,198 INFO Experiment.PerfCost-3e8c: Processed 5650 samples out of 10000, 0 errors
00:17:38,556 INFO Experiment.PerfCost-3e8c: Processed 5660 samples out of 10000, 0 errors
00:17:48,894 INFO Experiment.PerfCost-3e8c: Processed 5670 samples out of 10000, 0 errors
00:17:59,228 INFO Experiment.PerfCost-3e8c: Processed 5680 samples out of 10000, 0 errors
00:18:09,614 INFO Experiment.PerfCost-3e8c: Processed 5690 samples out of 10000, 0 errors
00:18:19,971 INFO Experiment.PerfCost-3e8c: Processed 5700 samples out of 10000, 0 errors
00:18:30,309 INFO Experiment.PerfCost-3e8c: Processed 5710 samples out of 10000, 0 errors
00:18:40,673 INFO Experiment.PerfCost-3e8c: Processed 5720 samples out of 10000, 0 errors
00:18:51,27 INFO Experiment.PerfCost-3e8c: Processed 5730 samples out of 10000, 0 errors
00:19:01,374 INFO Experiment.PerfCost-3e8c: Processed 5740 samples out of 10000, 0 errors
00:19:11,732 INFO Experiment.PerfCost-3e8c: Processed 5750 samples out of 10000, 0 errors
00:19:22,71 INFO Experiment.PerfCost-3e8c: Processed 5760 samples out of 10000, 0 errors
00:19:32,415 INFO Experiment.PerfCost-3e8c: Processed 5770 samples out of 10000, 0 errors
00:19:42,764 INFO Experiment.PerfCost-3e8c: Processed 5780 samples out of 10000, 0 errors
00:19:53,115 INFO Experiment.PerfCost-3e8c: Processed 5790 samples out of 10000, 0 errors
00:20:03,446 INFO Experiment.PerfCost-3e8c: Processed 5800 samples out of 10000, 0 errors
00:20:13,792 INFO Experiment.PerfCost-3e8c: Processed 5810 samples out of 10000, 0 errors
00:20:24,144 INFO Experiment.PerfCost-3e8c: Processed 5820 samples out of 10000, 0 errors
00:20:34,503 INFO Experiment.PerfCost-3e8c: Processed 5830 samples out of 10000, 0 errors
00:20:44,846 INFO Experiment.PerfCost-3e8c: Processed 5840 samples out of 10000, 0 errors
00:20:55,233 INFO Experiment.PerfCost-3e8c: Processed 5850 samples out of 10000, 0 errors
00:21:05,588 INFO Experiment.PerfCost-3e8c: Processed 5860 samples out of 10000, 0 errors
00:21:15,952 INFO Experiment.PerfCost-3e8c: Processed 5870 samples out of 10000, 0 errors
00:21:26,291 INFO Experiment.PerfCost-3e8c: Processed 5880 samples out of 10000, 0 errors
00:21:36,628 INFO Experiment.PerfCost-3e8c: Processed 5890 samples out of 10000, 0 errors
00:21:46,976 INFO Experiment.PerfCost-3e8c: Processed 5900 samples out of 10000, 0 errors
00:21:57,328 INFO Experiment.PerfCost-3e8c: Processed 5910 samples out of 10000, 0 errors
00:22:07,674 INFO Experiment.PerfCost-3e8c: Processed 5920 samples out of 10000, 0 errors
00:22:18,16 INFO Experiment.PerfCost-3e8c: Processed 5930 samples out of 10000, 0 errors
00:22:28,376 INFO Experiment.PerfCost-3e8c: Processed 5940 samples out of 10000, 0 errors
00:22:38,733 INFO Experiment.PerfCost-3e8c: Processed 5950 samples out of 10000, 0 errors
00:22:49,88 INFO Experiment.PerfCost-3e8c: Processed 5960 samples out of 10000, 0 errors
00:22:59,437 INFO Experiment.PerfCost-3e8c: Processed 5970 samples out of 10000, 0 errors
00:23:09,816 INFO Experiment.PerfCost-3e8c: Processed 5980 samples out of 10000, 0 errors
00:23:20,160 INFO Experiment.PerfCost-3e8c: Processed 5990 samples out of 10000, 0 errors
00:23:30,492 INFO Experiment.PerfCost-3e8c: Processed 6000 samples out of 10000, 0 errors
00:23:40,857 INFO Experiment.PerfCost-3e8c: Processed 6010 samples out of 10000, 0 errors
00:23:51,183 INFO Experiment.PerfCost-3e8c: Processed 6020 samples out of 10000, 0 errors
00:24:01,544 INFO Experiment.PerfCost-3e8c: Processed 6030 samples out of 10000, 0 errors
00:24:11,894 INFO Experiment.PerfCost-3e8c: Processed 6040 samples out of 10000, 0 errors
00:24:22,245 INFO Experiment.PerfCost-3e8c: Processed 6050 samples out of 10000, 0 errors
00:24:32,592 INFO Experiment.PerfCost-3e8c: Processed 6060 samples out of 10000, 0 errors
00:24:42,951 INFO Experiment.PerfCost-3e8c: Processed 6070 samples out of 10000, 0 errors
00:24:53,313 INFO Experiment.PerfCost-3e8c: Processed 6080 samples out of 10000, 0 errors
00:25:03,662 INFO Experiment.PerfCost-3e8c: Processed 6090 samples out of 10000, 0 errors
00:25:14,13 INFO Experiment.PerfCost-3e8c: Processed 6100 samples out of 10000, 0 errors
00:25:24,361 INFO Experiment.PerfCost-3e8c: Processed 6110 samples out of 10000, 0 errors
00:25:34,739 INFO Experiment.PerfCost-3e8c: Processed 6120 samples out of 10000, 0 errors
00:25:45,93 INFO Experiment.PerfCost-3e8c: Processed 6130 samples out of 10000, 0 errors
00:25:55,433 INFO Experiment.PerfCost-3e8c: Processed 6140 samples out of 10000, 0 errors
00:26:05,770 INFO Experiment.PerfCost-3e8c: Processed 6150 samples out of 10000, 0 errors
00:26:16,112 INFO Experiment.PerfCost-3e8c: Processed 6160 samples out of 10000, 0 errors
00:26:26,452 INFO Experiment.PerfCost-3e8c: Processed 6170 samples out of 10000, 0 errors
00:26:36,817 INFO Experiment.PerfCost-3e8c: Processed 6180 samples out of 10000, 0 errors
00:26:47,171 INFO Experiment.PerfCost-3e8c: Processed 6190 samples out of 10000, 0 errors
00:26:57,533 INFO Experiment.PerfCost-3e8c: Processed 6200 samples out of 10000, 0 errors
00:27:07,873 INFO Experiment.PerfCost-3e8c: Processed 6210 samples out of 10000, 0 errors
00:27:18,218 INFO Experiment.PerfCost-3e8c: Processed 6220 samples out of 10000, 0 errors
00:27:28,576 INFO Experiment.PerfCost-3e8c: Processed 6230 samples out of 10000, 0 errors
00:27:38,923 INFO Experiment.PerfCost-3e8c: Processed 6240 samples out of 10000, 0 errors
00:27:49,282 INFO Experiment.PerfCost-3e8c: Processed 6250 samples out of 10000, 0 errors
00:27:59,636 INFO Experiment.PerfCost-3e8c: Processed 6260 samples out of 10000, 0 errors
00:28:10,13 INFO Experiment.PerfCost-3e8c: Processed 6270 samples out of 10000, 0 errors
00:28:20,353 INFO Experiment.PerfCost-3e8c: Processed 6280 samples out of 10000, 0 errors
00:28:30,697 INFO Experiment.PerfCost-3e8c: Processed 6290 samples out of 10000, 0 errors
00:28:41,64 INFO Experiment.PerfCost-3e8c: Processed 6300 samples out of 10000, 0 errors
00:28:51,407 INFO Experiment.PerfCost-3e8c: Processed 6310 samples out of 10000, 0 errors
00:29:01,745 INFO Experiment.PerfCost-3e8c: Processed 6320 samples out of 10000, 0 errors
00:29:12,101 INFO Experiment.PerfCost-3e8c: Processed 6330 samples out of 10000, 0 errors
00:29:22,436 INFO Experiment.PerfCost-3e8c: Processed 6340 samples out of 10000, 0 errors
00:29:32,792 INFO Experiment.PerfCost-3e8c: Processed 6350 samples out of 10000, 0 errors
00:29:43,133 INFO Experiment.PerfCost-3e8c: Processed 6360 samples out of 10000, 0 errors
00:29:53,475 INFO Experiment.PerfCost-3e8c: Processed 6370 samples out of 10000, 0 errors
00:30:03,817 INFO Experiment.PerfCost-3e8c: Processed 6380 samples out of 10000, 0 errors
00:30:14,165 INFO Experiment.PerfCost-3e8c: Processed 6390 samples out of 10000, 0 errors
00:30:24,525 INFO Experiment.PerfCost-3e8c: Processed 6400 samples out of 10000, 0 errors
00:30:34,861 INFO Experiment.PerfCost-3e8c: Processed 6410 samples out of 10000, 0 errors
00:30:45,187 INFO Experiment.PerfCost-3e8c: Processed 6420 samples out of 10000, 0 errors
00:30:55,555 INFO Experiment.PerfCost-3e8c: Processed 6430 samples out of 10000, 0 errors
00:31:05,898 INFO Experiment.PerfCost-3e8c: Processed 6440 samples out of 10000, 0 errors
00:31:16,247 INFO Experiment.PerfCost-3e8c: Processed 6450 samples out of 10000, 0 errors
00:31:26,608 INFO Experiment.PerfCost-3e8c: Processed 6460 samples out of 10000, 0 errors
00:31:36,942 INFO Experiment.PerfCost-3e8c: Processed 6470 samples out of 10000, 0 errors
00:31:47,292 INFO Experiment.PerfCost-3e8c: Processed 6480 samples out of 10000, 0 errors
00:31:57,633 INFO Experiment.PerfCost-3e8c: Processed 6490 samples out of 10000, 0 errors
00:32:07,981 INFO Experiment.PerfCost-3e8c: Processed 6500 samples out of 10000, 0 errors
00:32:18,321 INFO Experiment.PerfCost-3e8c: Processed 6510 samples out of 10000, 0 errors
00:32:28,673 INFO Experiment.PerfCost-3e8c: Processed 6520 samples out of 10000, 0 errors
00:32:39,16 INFO Experiment.PerfCost-3e8c: Processed 6530 samples out of 10000, 0 errors
00:32:49,374 INFO Experiment.PerfCost-3e8c: Processed 6540 samples out of 10000, 0 errors
00:32:59,704 INFO Experiment.PerfCost-3e8c: Processed 6550 samples out of 10000, 0 errors
00:33:10,85 INFO Experiment.PerfCost-3e8c: Processed 6560 samples out of 10000, 0 errors
00:33:20,454 INFO Experiment.PerfCost-3e8c: Processed 6570 samples out of 10000, 0 errors
00:33:30,800 INFO Experiment.PerfCost-3e8c: Processed 6580 samples out of 10000, 0 errors
00:33:41,170 INFO Experiment.PerfCost-3e8c: Processed 6590 samples out of 10000, 0 errors
00:33:51,530 INFO Experiment.PerfCost-3e8c: Processed 6600 samples out of 10000, 0 errors
00:34:01,880 INFO Experiment.PerfCost-3e8c: Processed 6610 samples out of 10000, 0 errors
00:34:12,229 INFO Experiment.PerfCost-3e8c: Processed 6620 samples out of 10000, 0 errors
00:34:22,591 INFO Experiment.PerfCost-3e8c: Processed 6630 samples out of 10000, 0 errors
00:34:32,949 INFO Experiment.PerfCost-3e8c: Processed 6640 samples out of 10000, 0 errors
00:34:43,307 INFO Experiment.PerfCost-3e8c: Processed 6650 samples out of 10000, 0 errors
00:34:53,658 INFO Experiment.PerfCost-3e8c: Processed 6660 samples out of 10000, 0 errors
00:35:04,24 INFO Experiment.PerfCost-3e8c: Processed 6670 samples out of 10000, 0 errors
00:35:14,373 INFO Experiment.PerfCost-3e8c: Processed 6680 samples out of 10000, 0 errors
00:35:24,737 INFO Experiment.PerfCost-3e8c: Processed 6690 samples out of 10000, 0 errors
00:35:35,76 INFO Experiment.PerfCost-3e8c: Processed 6700 samples out of 10000, 0 errors
00:35:45,421 INFO Experiment.PerfCost-3e8c: Processed 6710 samples out of 10000, 0 errors
00:35:55,767 INFO Experiment.PerfCost-3e8c: Processed 6720 samples out of 10000, 0 errors
00:36:06,114 INFO Experiment.PerfCost-3e8c: Processed 6730 samples out of 10000, 0 errors
00:36:16,451 INFO Experiment.PerfCost-3e8c: Processed 6740 samples out of 10000, 0 errors
00:36:26,775 INFO Experiment.PerfCost-3e8c: Processed 6750 samples out of 10000, 0 errors
00:36:37,110 INFO Experiment.PerfCost-3e8c: Processed 6760 samples out of 10000, 0 errors
00:36:47,459 INFO Experiment.PerfCost-3e8c: Processed 6770 samples out of 10000, 0 errors
00:36:57,824 INFO Experiment.PerfCost-3e8c: Processed 6780 samples out of 10000, 0 errors
00:37:08,170 INFO Experiment.PerfCost-3e8c: Processed 6790 samples out of 10000, 0 errors
00:37:18,520 INFO Experiment.PerfCost-3e8c: Processed 6800 samples out of 10000, 0 errors
00:37:28,878 INFO Experiment.PerfCost-3e8c: Processed 6810 samples out of 10000, 0 errors
00:37:39,220 INFO Experiment.PerfCost-3e8c: Processed 6820 samples out of 10000, 0 errors
00:37:49,582 INFO Experiment.PerfCost-3e8c: Processed 6830 samples out of 10000, 0 errors
00:37:59,926 INFO Experiment.PerfCost-3e8c: Processed 6840 samples out of 10000, 0 errors
00:38:10,292 INFO Experiment.PerfCost-3e8c: Processed 6850 samples out of 10000, 0 errors
00:38:20,643 INFO Experiment.PerfCost-3e8c: Processed 6860 samples out of 10000, 0 errors
00:38:30,991 INFO Experiment.PerfCost-3e8c: Processed 6870 samples out of 10000, 0 errors
00:38:41,364 INFO Experiment.PerfCost-3e8c: Processed 6880 samples out of 10000, 0 errors
00:38:51,711 INFO Experiment.PerfCost-3e8c: Processed 6890 samples out of 10000, 0 errors
00:39:02,57 INFO Experiment.PerfCost-3e8c: Processed 6900 samples out of 10000, 0 errors
00:39:12,399 INFO Experiment.PerfCost-3e8c: Processed 6910 samples out of 10000, 0 errors
00:39:22,741 INFO Experiment.PerfCost-3e8c: Processed 6920 samples out of 10000, 0 errors
00:39:33,128 INFO Experiment.PerfCost-3e8c: Processed 6930 samples out of 10000, 0 errors
00:39:43,513 INFO Experiment.PerfCost-3e8c: Processed 6940 samples out of 10000, 0 errors
00:39:53,883 INFO Experiment.PerfCost-3e8c: Processed 6950 samples out of 10000, 0 errors
00:40:04,232 INFO Experiment.PerfCost-3e8c: Processed 6960 samples out of 10000, 0 errors
00:40:14,588 INFO Experiment.PerfCost-3e8c: Processed 6970 samples out of 10000, 0 errors
00:40:24,958 INFO Experiment.PerfCost-3e8c: Processed 6980 samples out of 10000, 0 errors
00:40:35,305 INFO Experiment.PerfCost-3e8c: Processed 6990 samples out of 10000, 0 errors
00:40:45,656 INFO Experiment.PerfCost-3e8c: Processed 7000 samples out of 10000, 0 errors
00:40:56,8 INFO Experiment.PerfCost-3e8c: Processed 7010 samples out of 10000, 0 errors
00:41:06,354 INFO Experiment.PerfCost-3e8c: Processed 7020 samples out of 10000, 0 errors
00:41:16,718 INFO Experiment.PerfCost-3e8c: Processed 7030 samples out of 10000, 0 errors
00:41:27,69 INFO Experiment.PerfCost-3e8c: Processed 7040 samples out of 10000, 0 errors
00:41:37,425 INFO Experiment.PerfCost-3e8c: Processed 7050 samples out of 10000, 0 errors
00:41:47,769 INFO Experiment.PerfCost-3e8c: Processed 7060 samples out of 10000, 0 errors
00:41:58,112 INFO Experiment.PerfCost-3e8c: Processed 7070 samples out of 10000, 0 errors
00:42:08,465 INFO Experiment.PerfCost-3e8c: Processed 7080 samples out of 10000, 0 errors
00:42:18,812 INFO Experiment.PerfCost-3e8c: Processed 7090 samples out of 10000, 0 errors
00:42:29,188 INFO Experiment.PerfCost-3e8c: Processed 7100 samples out of 10000, 0 errors
00:42:39,551 INFO Experiment.PerfCost-3e8c: Processed 7110 samples out of 10000, 0 errors
00:42:49,927 INFO Experiment.PerfCost-3e8c: Processed 7120 samples out of 10000, 0 errors
00:43:00,287 INFO Experiment.PerfCost-3e8c: Processed 7130 samples out of 10000, 0 errors
00:43:10,651 INFO Experiment.PerfCost-3e8c: Processed 7140 samples out of 10000, 0 errors
00:43:21,10 INFO Experiment.PerfCost-3e8c: Processed 7150 samples out of 10000, 0 errors
00:43:31,363 INFO Experiment.PerfCost-3e8c: Processed 7160 samples out of 10000, 0 errors
00:43:41,734 INFO Experiment.PerfCost-3e8c: Processed 7170 samples out of 10000, 0 errors
00:43:52,81 INFO Experiment.PerfCost-3e8c: Processed 7180 samples out of 10000, 0 errors
00:44:02,448 INFO Experiment.PerfCost-3e8c: Processed 7190 samples out of 10000, 0 errors
00:44:12,807 INFO Experiment.PerfCost-3e8c: Processed 7200 samples out of 10000, 0 errors
00:44:23,162 INFO Experiment.PerfCost-3e8c: Processed 7210 samples out of 10000, 0 errors
00:44:33,515 INFO Experiment.PerfCost-3e8c: Processed 7220 samples out of 10000, 0 errors
00:44:43,868 INFO Experiment.PerfCost-3e8c: Processed 7230 samples out of 10000, 0 errors
00:44:54,213 INFO Experiment.PerfCost-3e8c: Processed 7240 samples out of 10000, 0 errors
00:45:04,575 INFO Experiment.PerfCost-3e8c: Processed 7250 samples out of 10000, 0 errors
00:45:14,966 INFO Experiment.PerfCost-3e8c: Processed 7260 samples out of 10000, 0 errors
00:45:25,317 INFO Experiment.PerfCost-3e8c: Processed 7270 samples out of 10000, 0 errors
00:45:35,654 INFO Experiment.PerfCost-3e8c: Processed 7280 samples out of 10000, 0 errors
00:45:46,11 INFO Experiment.PerfCost-3e8c: Processed 7290 samples out of 10000, 0 errors
00:45:56,360 INFO Experiment.PerfCost-3e8c: Processed 7300 samples out of 10000, 0 errors
00:46:06,706 INFO Experiment.PerfCost-3e8c: Processed 7310 samples out of 10000, 0 errors
00:46:17,61 INFO Experiment.PerfCost-3e8c: Processed 7320 samples out of 10000, 0 errors
00:46:27,417 INFO Experiment.PerfCost-3e8c: Processed 7330 samples out of 10000, 0 errors
00:46:37,758 INFO Experiment.PerfCost-3e8c: Processed 7340 samples out of 10000, 0 errors
00:46:48,119 INFO Experiment.PerfCost-3e8c: Processed 7350 samples out of 10000, 0 errors
00:46:58,464 INFO Experiment.PerfCost-3e8c: Processed 7360 samples out of 10000, 0 errors
00:47:08,817 INFO Experiment.PerfCost-3e8c: Processed 7370 samples out of 10000, 0 errors
00:47:19,173 INFO Experiment.PerfCost-3e8c: Processed 7380 samples out of 10000, 0 errors
00:47:29,544 INFO Experiment.PerfCost-3e8c: Processed 7390 samples out of 10000, 0 errors
00:47:39,882 INFO Experiment.PerfCost-3e8c: Processed 7400 samples out of 10000, 0 errors
00:47:50,229 INFO Experiment.PerfCost-3e8c: Processed 7410 samples out of 10000, 0 errors
00:48:00,579 INFO Experiment.PerfCost-3e8c: Processed 7420 samples out of 10000, 0 errors
00:48:10,947 INFO Experiment.PerfCost-3e8c: Processed 7430 samples out of 10000, 0 errors
00:48:21,310 INFO Experiment.PerfCost-3e8c: Processed 7440 samples out of 10000, 0 errors
00:48:31,658 INFO Experiment.PerfCost-3e8c: Processed 7450 samples out of 10000, 0 errors
00:48:42,38 INFO Experiment.PerfCost-3e8c: Processed 7460 samples out of 10000, 0 errors
00:48:52,404 INFO Experiment.PerfCost-3e8c: Processed 7470 samples out of 10000, 0 errors
00:49:02,774 INFO Experiment.PerfCost-3e8c: Processed 7480 samples out of 10000, 0 errors
00:49:13,131 INFO Experiment.PerfCost-3e8c: Processed 7490 samples out of 10000, 0 errors
00:49:23,482 INFO Experiment.PerfCost-3e8c: Processed 7500 samples out of 10000, 0 errors
00:49:33,815 INFO Experiment.PerfCost-3e8c: Processed 7510 samples out of 10000, 0 errors
00:49:44,185 INFO Experiment.PerfCost-3e8c: Processed 7520 samples out of 10000, 0 errors
00:49:54,539 INFO Experiment.PerfCost-3e8c: Processed 7530 samples out of 10000, 0 errors
00:50:04,884 INFO Experiment.PerfCost-3e8c: Processed 7540 samples out of 10000, 0 errors
00:50:15,228 INFO Experiment.PerfCost-3e8c: Processed 7550 samples out of 10000, 0 errors
00:50:25,599 INFO Experiment.PerfCost-3e8c: Processed 7560 samples out of 10000, 0 errors
00:50:35,947 INFO Experiment.PerfCost-3e8c: Processed 7570 samples out of 10000, 0 errors
00:50:46,304 INFO Experiment.PerfCost-3e8c: Processed 7580 samples out of 10000, 0 errors
00:50:56,656 INFO Experiment.PerfCost-3e8c: Processed 7590 samples out of 10000, 0 errors
00:51:06,994 INFO Experiment.PerfCost-3e8c: Processed 7600 samples out of 10000, 0 errors
00:51:17,340 INFO Experiment.PerfCost-3e8c: Processed 7610 samples out of 10000, 0 errors
00:51:27,698 INFO Experiment.PerfCost-3e8c: Processed 7620 samples out of 10000, 0 errors
00:51:38,43 INFO Experiment.PerfCost-3e8c: Processed 7630 samples out of 10000, 0 errors
00:51:48,400 INFO Experiment.PerfCost-3e8c: Processed 7640 samples out of 10000, 0 errors
00:51:58,746 INFO Experiment.PerfCost-3e8c: Processed 7650 samples out of 10000, 0 errors
00:52:09,87 INFO Experiment.PerfCost-3e8c: Processed 7660 samples out of 10000, 0 errors
00:52:19,442 INFO Experiment.PerfCost-3e8c: Processed 7670 samples out of 10000, 0 errors
00:52:29,794 INFO Experiment.PerfCost-3e8c: Processed 7680 samples out of 10000, 0 errors
00:52:40,129 INFO Experiment.PerfCost-3e8c: Processed 7690 samples out of 10000, 0 errors
00:52:50,460 INFO Experiment.PerfCost-3e8c: Processed 7700 samples out of 10000, 0 errors
00:53:00,823 INFO Experiment.PerfCost-3e8c: Processed 7710 samples out of 10000, 0 errors
00:53:11,205 INFO Experiment.PerfCost-3e8c: Processed 7720 samples out of 10000, 0 errors
00:53:21,553 INFO Experiment.PerfCost-3e8c: Processed 7730 samples out of 10000, 0 errors
00:53:31,928 INFO Experiment.PerfCost-3e8c: Processed 7740 samples out of 10000, 0 errors
00:53:42,302 INFO Experiment.PerfCost-3e8c: Processed 7750 samples out of 10000, 0 errors
00:53:52,667 INFO Experiment.PerfCost-3e8c: Processed 7760 samples out of 10000, 0 errors
00:54:03,16 INFO Experiment.PerfCost-3e8c: Processed 7770 samples out of 10000, 0 errors
00:54:13,357 INFO Experiment.PerfCost-3e8c: Processed 7780 samples out of 10000, 0 errors
00:54:23,724 INFO Experiment.PerfCost-3e8c: Processed 7790 samples out of 10000, 0 errors
00:54:34,72 INFO Experiment.PerfCost-3e8c: Processed 7800 samples out of 10000, 0 errors
00:54:44,428 INFO Experiment.PerfCost-3e8c: Processed 7810 samples out of 10000, 0 errors
00:54:54,773 INFO Experiment.PerfCost-3e8c: Processed 7820 samples out of 10000, 0 errors
00:55:05,124 INFO Experiment.PerfCost-3e8c: Processed 7830 samples out of 10000, 0 errors
00:55:15,458 INFO Experiment.PerfCost-3e8c: Processed 7840 samples out of 10000, 0 errors
00:55:25,840 INFO Experiment.PerfCost-3e8c: Processed 7850 samples out of 10000, 0 errors
00:55:36,213 INFO Experiment.PerfCost-3e8c: Processed 7860 samples out of 10000, 0 errors
00:55:46,565 INFO Experiment.PerfCost-3e8c: Processed 7870 samples out of 10000, 0 errors
00:55:56,921 INFO Experiment.PerfCost-3e8c: Processed 7880 samples out of 10000, 0 errors
00:56:07,281 INFO Experiment.PerfCost-3e8c: Processed 7890 samples out of 10000, 0 errors
00:56:17,639 INFO Experiment.PerfCost-3e8c: Processed 7900 samples out of 10000, 0 errors
00:56:27,999 INFO Experiment.PerfCost-3e8c: Processed 7910 samples out of 10000, 0 errors
00:56:38,348 INFO Experiment.PerfCost-3e8c: Processed 7920 samples out of 10000, 0 errors
00:56:48,682 INFO Experiment.PerfCost-3e8c: Processed 7930 samples out of 10000, 0 errors
00:56:59,35 INFO Experiment.PerfCost-3e8c: Processed 7940 samples out of 10000, 0 errors
00:57:09,397 INFO Experiment.PerfCost-3e8c: Processed 7950 samples out of 10000, 0 errors
00:57:19,744 INFO Experiment.PerfCost-3e8c: Processed 7960 samples out of 10000, 0 errors
00:57:30,82 INFO Experiment.PerfCost-3e8c: Processed 7970 samples out of 10000, 0 errors
00:57:40,431 INFO Experiment.PerfCost-3e8c: Processed 7980 samples out of 10000, 0 errors
00:57:50,775 INFO Experiment.PerfCost-3e8c: Processed 7990 samples out of 10000, 0 errors
00:58:01,122 INFO Experiment.PerfCost-3e8c: Processed 8000 samples out of 10000, 0 errors
00:58:11,503 INFO Experiment.PerfCost-3e8c: Processed 8010 samples out of 10000, 0 errors
00:58:21,853 INFO Experiment.PerfCost-3e8c: Processed 8020 samples out of 10000, 0 errors
00:58:32,195 INFO Experiment.PerfCost-3e8c: Processed 8030 samples out of 10000, 0 errors
00:58:42,595 INFO Experiment.PerfCost-3e8c: Processed 8040 samples out of 10000, 0 errors
00:58:52,960 INFO Experiment.PerfCost-3e8c: Processed 8050 samples out of 10000, 0 errors
00:59:03,310 INFO Experiment.PerfCost-3e8c: Processed 8060 samples out of 10000, 0 errors
00:59:13,668 INFO Experiment.PerfCost-3e8c: Processed 8070 samples out of 10000, 0 errors
00:59:24,18 INFO Experiment.PerfCost-3e8c: Processed 8080 samples out of 10000, 0 errors
00:59:34,357 INFO Experiment.PerfCost-3e8c: Processed 8090 samples out of 10000, 0 errors
00:59:44,727 INFO Experiment.PerfCost-3e8c: Processed 8100 samples out of 10000, 0 errors
00:59:55,84 INFO Experiment.PerfCost-3e8c: Processed 8110 samples out of 10000, 0 errors
01:00:05,445 INFO Experiment.PerfCost-3e8c: Processed 8120 samples out of 10000, 0 errors
01:00:15,802 INFO Experiment.PerfCost-3e8c: Processed 8130 samples out of 10000, 0 errors
01:00:26,142 INFO Experiment.PerfCost-3e8c: Processed 8140 samples out of 10000, 0 errors
01:00:36,512 INFO Experiment.PerfCost-3e8c: Processed 8150 samples out of 10000, 0 errors
01:00:46,867 INFO Experiment.PerfCost-3e8c: Processed 8160 samples out of 10000, 0 errors
01:00:57,220 INFO Experiment.PerfCost-3e8c: Processed 8170 samples out of 10000, 0 errors
01:01:07,580 INFO Experiment.PerfCost-3e8c: Processed 8180 samples out of 10000, 0 errors
01:01:17,929 INFO Experiment.PerfCost-3e8c: Processed 8190 samples out of 10000, 0 errors
01:01:28,294 INFO Experiment.PerfCost-3e8c: Processed 8200 samples out of 10000, 0 errors
01:01:38,644 INFO Experiment.PerfCost-3e8c: Processed 8210 samples out of 10000, 0 errors
01:01:48,975 INFO Experiment.PerfCost-3e8c: Processed 8220 samples out of 10000, 0 errors
01:01:59,327 INFO Experiment.PerfCost-3e8c: Processed 8230 samples out of 10000, 0 errors
01:02:09,677 INFO Experiment.PerfCost-3e8c: Processed 8240 samples out of 10000, 0 errors
01:02:20,29 INFO Experiment.PerfCost-3e8c: Processed 8250 samples out of 10000, 0 errors
01:02:30,382 INFO Experiment.PerfCost-3e8c: Processed 8260 samples out of 10000, 0 errors
01:02:40,729 INFO Experiment.PerfCost-3e8c: Processed 8270 samples out of 10000, 0 errors
01:02:51,98 INFO Experiment.PerfCost-3e8c: Processed 8280 samples out of 10000, 0 errors
01:03:01,430 INFO Experiment.PerfCost-3e8c: Processed 8290 samples out of 10000, 0 errors
01:03:11,787 INFO Experiment.PerfCost-3e8c: Processed 8300 samples out of 10000, 0 errors
01:03:22,153 INFO Experiment.PerfCost-3e8c: Processed 8310 samples out of 10000, 0 errors
01:03:32,506 INFO Experiment.PerfCost-3e8c: Processed 8320 samples out of 10000, 0 errors
01:03:42,860 INFO Experiment.PerfCost-3e8c: Processed 8330 samples out of 10000, 0 errors
01:03:53,205 INFO Experiment.PerfCost-3e8c: Processed 8340 samples out of 10000, 0 errors
01:04:03,592 INFO Experiment.PerfCost-3e8c: Processed 8350 samples out of 10000, 0 errors
01:04:13,938 INFO Experiment.PerfCost-3e8c: Processed 8360 samples out of 10000, 0 errors
01:04:24,295 INFO Experiment.PerfCost-3e8c: Processed 8370 samples out of 10000, 0 errors
01:04:34,669 INFO Experiment.PerfCost-3e8c: Processed 8380 samples out of 10000, 0 errors
01:04:45,24 INFO Experiment.PerfCost-3e8c: Processed 8390 samples out of 10000, 0 errors
01:04:55,389 INFO Experiment.PerfCost-3e8c: Processed 8400 samples out of 10000, 0 errors
01:05:05,733 INFO Experiment.PerfCost-3e8c: Processed 8410 samples out of 10000, 0 errors
01:05:16,93 INFO Experiment.PerfCost-3e8c: Processed 8420 samples out of 10000, 0 errors
01:05:26,432 INFO Experiment.PerfCost-3e8c: Processed 8430 samples out of 10000, 0 errors
01:05:36,773 INFO Experiment.PerfCost-3e8c: Processed 8440 samples out of 10000, 0 errors
01:05:47,113 INFO Experiment.PerfCost-3e8c: Processed 8450 samples out of 10000, 0 errors
01:05:57,504 INFO Experiment.PerfCost-3e8c: Processed 8460 samples out of 10000, 0 errors
01:06:07,868 INFO Experiment.PerfCost-3e8c: Processed 8470 samples out of 10000, 0 errors
01:06:18,199 INFO Experiment.PerfCost-3e8c: Processed 8480 samples out of 10000, 0 errors
01:06:28,556 INFO Experiment.PerfCost-3e8c: Processed 8490 samples out of 10000, 0 errors
01:06:38,909 INFO Experiment.PerfCost-3e8c: Processed 8500 samples out of 10000, 0 errors
01:06:49,263 INFO Experiment.PerfCost-3e8c: Processed 8510 samples out of 10000, 0 errors
01:06:59,632 INFO Experiment.PerfCost-3e8c: Processed 8520 samples out of 10000, 0 errors
01:07:09,991 INFO Experiment.PerfCost-3e8c: Processed 8530 samples out of 10000, 0 errors
01:07:20,344 INFO Experiment.PerfCost-3e8c: Processed 8540 samples out of 10000, 0 errors
01:07:30,708 INFO Experiment.PerfCost-3e8c: Processed 8550 samples out of 10000, 0 errors
01:07:41,71 INFO Experiment.PerfCost-3e8c: Processed 8560 samples out of 10000, 0 errors
01:07:51,429 INFO Experiment.PerfCost-3e8c: Processed 8570 samples out of 10000, 0 errors
01:08:01,788 INFO Experiment.PerfCost-3e8c: Processed 8580 samples out of 10000, 0 errors
01:08:12,149 INFO Experiment.PerfCost-3e8c: Processed 8590 samples out of 10000, 0 errors
01:08:22,498 INFO Experiment.PerfCost-3e8c: Processed 8600 samples out of 10000, 0 errors
01:08:32,845 INFO Experiment.PerfCost-3e8c: Processed 8610 samples out of 10000, 0 errors
01:08:43,214 INFO Experiment.PerfCost-3e8c: Processed 8620 samples out of 10000, 0 errors
01:08:53,573 INFO Experiment.PerfCost-3e8c: Processed 8630 samples out of 10000, 0 errors
01:09:03,947 INFO Experiment.PerfCost-3e8c: Processed 8640 samples out of 10000, 0 errors
01:09:14,314 INFO Experiment.PerfCost-3e8c: Processed 8650 samples out of 10000, 0 errors
01:09:24,653 INFO Experiment.PerfCost-3e8c: Processed 8660 samples out of 10000, 0 errors
01:09:35,13 INFO Experiment.PerfCost-3e8c: Processed 8670 samples out of 10000, 0 errors
01:09:45,367 INFO Experiment.PerfCost-3e8c: Processed 8680 samples out of 10000, 0 errors
01:09:55,712 INFO Experiment.PerfCost-3e8c: Processed 8690 samples out of 10000, 0 errors
01:10:06,70 INFO Experiment.PerfCost-3e8c: Processed 8700 samples out of 10000, 0 errors
01:10:16,431 INFO Experiment.PerfCost-3e8c: Processed 8710 samples out of 10000, 0 errors
01:10:26,798 INFO Experiment.PerfCost-3e8c: Processed 8720 samples out of 10000, 0 errors
01:10:37,173 INFO Experiment.PerfCost-3e8c: Processed 8730 samples out of 10000, 0 errors
01:10:47,515 INFO Experiment.PerfCost-3e8c: Processed 8740 samples out of 10000, 0 errors
01:10:57,877 INFO Experiment.PerfCost-3e8c: Processed 8750 samples out of 10000, 0 errors
01:11:08,242 INFO Experiment.PerfCost-3e8c: Processed 8760 samples out of 10000, 0 errors
01:11:18,592 INFO Experiment.PerfCost-3e8c: Processed 8770 samples out of 10000, 0 errors
01:11:28,952 INFO Experiment.PerfCost-3e8c: Processed 8780 samples out of 10000, 0 errors
01:11:39,325 INFO Experiment.PerfCost-3e8c: Processed 8790 samples out of 10000, 0 errors
01:11:49,682 INFO Experiment.PerfCost-3e8c: Processed 8800 samples out of 10000, 0 errors
01:12:00,46 INFO Experiment.PerfCost-3e8c: Processed 8810 samples out of 10000, 0 errors
01:12:10,390 INFO Experiment.PerfCost-3e8c: Processed 8820 samples out of 10000, 0 errors
01:12:20,738 INFO Experiment.PerfCost-3e8c: Processed 8830 samples out of 10000, 0 errors
01:12:31,92 INFO Experiment.PerfCost-3e8c: Processed 8840 samples out of 10000, 0 errors
01:12:41,432 INFO Experiment.PerfCost-3e8c: Processed 8850 samples out of 10000, 0 errors
01:12:51,778 INFO Experiment.PerfCost-3e8c: Processed 8860 samples out of 10000, 0 errors
01:13:02,114 INFO Experiment.PerfCost-3e8c: Processed 8870 samples out of 10000, 0 errors
01:13:12,492 INFO Experiment.PerfCost-3e8c: Processed 8880 samples out of 10000, 0 errors
01:13:22,856 INFO Experiment.PerfCost-3e8c: Processed 8890 samples out of 10000, 0 errors
01:13:33,220 INFO Experiment.PerfCost-3e8c: Processed 8900 samples out of 10000, 0 errors
01:13:43,585 INFO Experiment.PerfCost-3e8c: Processed 8910 samples out of 10000, 0 errors
01:13:53,940 INFO Experiment.PerfCost-3e8c: Processed 8920 samples out of 10000, 0 errors
01:14:04,299 INFO Experiment.PerfCost-3e8c: Processed 8930 samples out of 10000, 0 errors
01:14:14,650 INFO Experiment.PerfCost-3e8c: Processed 8940 samples out of 10000, 0 errors
01:14:25,1 INFO Experiment.PerfCost-3e8c: Processed 8950 samples out of 10000, 0 errors
01:14:35,363 INFO Experiment.PerfCost-3e8c: Processed 8960 samples out of 10000, 0 errors
01:14:45,709 INFO Experiment.PerfCost-3e8c: Processed 8970 samples out of 10000, 0 errors
01:14:56,55 INFO Experiment.PerfCost-3e8c: Processed 8980 samples out of 10000, 0 errors
01:15:06,388 INFO Experiment.PerfCost-3e8c: Processed 8990 samples out of 10000, 0 errors
01:15:16,743 INFO Experiment.PerfCost-3e8c: Processed 9000 samples out of 10000, 0 errors
01:15:27,95 INFO Experiment.PerfCost-3e8c: Processed 9010 samples out of 10000, 0 errors
01:15:37,447 INFO Experiment.PerfCost-3e8c: Processed 9020 samples out of 10000, 0 errors
01:15:47,837 INFO Experiment.PerfCost-3e8c: Processed 9030 samples out of 10000, 0 errors
01:15:58,182 INFO Experiment.PerfCost-3e8c: Processed 9040 samples out of 10000, 0 errors
01:16:08,546 INFO Experiment.PerfCost-3e8c: Processed 9050 samples out of 10000, 0 errors
01:16:18,899 INFO Experiment.PerfCost-3e8c: Processed 9060 samples out of 10000, 0 errors
01:16:29,252 INFO Experiment.PerfCost-3e8c: Processed 9070 samples out of 10000, 0 errors
01:16:39,605 INFO Experiment.PerfCost-3e8c: Processed 9080 samples out of 10000, 0 errors
01:16:49,968 INFO Experiment.PerfCost-3e8c: Processed 9090 samples out of 10000, 0 errors
01:17:00,334 INFO Experiment.PerfCost-3e8c: Processed 9100 samples out of 10000, 0 errors
01:17:10,681 INFO Experiment.PerfCost-3e8c: Processed 9110 samples out of 10000, 0 errors
01:17:21,22 INFO Experiment.PerfCost-3e8c: Processed 9120 samples out of 10000, 0 errors
01:17:31,369 INFO Experiment.PerfCost-3e8c: Processed 9130 samples out of 10000, 0 errors
01:17:41,716 INFO Experiment.PerfCost-3e8c: Processed 9140 samples out of 10000, 0 errors
01:17:52,56 INFO Experiment.PerfCost-3e8c: Processed 9150 samples out of 10000, 0 errors
01:18:02,425 INFO Experiment.PerfCost-3e8c: Processed 9160 samples out of 10000, 0 errors
01:18:12,814 INFO Experiment.PerfCost-3e8c: Processed 9170 samples out of 10000, 0 errors
01:18:23,160 INFO Experiment.PerfCost-3e8c: Processed 9180 samples out of 10000, 0 errors
01:18:33,501 INFO Experiment.PerfCost-3e8c: Processed 9190 samples out of 10000, 0 errors
01:18:43,872 INFO Experiment.PerfCost-3e8c: Processed 9200 samples out of 10000, 0 errors
01:18:54,219 INFO Experiment.PerfCost-3e8c: Processed 9210 samples out of 10000, 0 errors
01:19:04,578 INFO Experiment.PerfCost-3e8c: Processed 9220 samples out of 10000, 0 errors
01:19:14,984 INFO Experiment.PerfCost-3e8c: Processed 9230 samples out of 10000, 0 errors
01:19:25,323 INFO Experiment.PerfCost-3e8c: Processed 9240 samples out of 10000, 0 errors
01:19:35,676 INFO Experiment.PerfCost-3e8c: Processed 9250 samples out of 10000, 0 errors
01:19:46,23 INFO Experiment.PerfCost-3e8c: Processed 9260 samples out of 10000, 0 errors
01:19:56,386 INFO Experiment.PerfCost-3e8c: Processed 9270 samples out of 10000, 0 errors
01:20:06,729 INFO Experiment.PerfCost-3e8c: Processed 9280 samples out of 10000, 0 errors
01:20:17,86 INFO Experiment.PerfCost-3e8c: Processed 9290 samples out of 10000, 0 errors
01:20:27,440 INFO Experiment.PerfCost-3e8c: Processed 9300 samples out of 10000, 0 errors
01:20:37,793 INFO Experiment.PerfCost-3e8c: Processed 9310 samples out of 10000, 0 errors
01:20:48,147 INFO Experiment.PerfCost-3e8c: Processed 9320 samples out of 10000, 0 errors
01:20:58,509 INFO Experiment.PerfCost-3e8c: Processed 9330 samples out of 10000, 0 errors
01:21:08,866 INFO Experiment.PerfCost-3e8c: Processed 9340 samples out of 10000, 0 errors
01:21:19,224 INFO Experiment.PerfCost-3e8c: Processed 9350 samples out of 10000, 0 errors
01:21:29,591 INFO Experiment.PerfCost-3e8c: Processed 9360 samples out of 10000, 0 errors
01:21:39,958 INFO Experiment.PerfCost-3e8c: Processed 9370 samples out of 10000, 0 errors
01:21:50,310 INFO Experiment.PerfCost-3e8c: Processed 9380 samples out of 10000, 0 errors
01:22:00,690 INFO Experiment.PerfCost-3e8c: Processed 9390 samples out of 10000, 0 errors
01:22:11,32 INFO Experiment.PerfCost-3e8c: Processed 9400 samples out of 10000, 0 errors
01:22:21,380 INFO Experiment.PerfCost-3e8c: Processed 9410 samples out of 10000, 0 errors
01:22:31,739 INFO Experiment.PerfCost-3e8c: Processed 9420 samples out of 10000, 0 errors
01:22:42,87 INFO Experiment.PerfCost-3e8c: Processed 9430 samples out of 10000, 0 errors
01:22:52,447 INFO Experiment.PerfCost-3e8c: Processed 9440 samples out of 10000, 0 errors
01:23:02,811 INFO Experiment.PerfCost-3e8c: Processed 9450 samples out of 10000, 0 errors
01:23:13,190 INFO Experiment.PerfCost-3e8c: Processed 9460 samples out of 10000, 0 errors
01:23:23,541 INFO Experiment.PerfCost-3e8c: Processed 9470 samples out of 10000, 0 errors
01:23:33,889 INFO Experiment.PerfCost-3e8c: Processed 9480 samples out of 10000, 0 errors
01:23:44,285 INFO Experiment.PerfCost-3e8c: Processed 9490 samples out of 10000, 0 errors
01:23:54,644 INFO Experiment.PerfCost-3e8c: Processed 9500 samples out of 10000, 0 errors
01:24:05,21 INFO Experiment.PerfCost-3e8c: Processed 9510 samples out of 10000, 0 errors
01:24:15,382 INFO Experiment.PerfCost-3e8c: Processed 9520 samples out of 10000, 0 errors
01:24:25,751 INFO Experiment.PerfCost-3e8c: Processed 9530 samples out of 10000, 0 errors
01:24:36,139 INFO Experiment.PerfCost-3e8c: Processed 9540 samples out of 10000, 0 errors
01:24:46,497 INFO Experiment.PerfCost-3e8c: Processed 9550 samples out of 10000, 0 errors
01:24:56,847 INFO Experiment.PerfCost-3e8c: Processed 9560 samples out of 10000, 0 errors
01:25:07,192 INFO Experiment.PerfCost-3e8c: Processed 9570 samples out of 10000, 0 errors
01:25:17,543 INFO Experiment.PerfCost-3e8c: Processed 9580 samples out of 10000, 0 errors
01:25:27,891 INFO Experiment.PerfCost-3e8c: Processed 9590 samples out of 10000, 0 errors
01:25:38,241 INFO Experiment.PerfCost-3e8c: Processed 9600 samples out of 10000, 0 errors
01:25:48,605 INFO Experiment.PerfCost-3e8c: Processed 9610 samples out of 10000, 0 errors
01:25:58,941 INFO Experiment.PerfCost-3e8c: Processed 9620 samples out of 10000, 0 errors
01:26:09,312 INFO Experiment.PerfCost-3e8c: Processed 9630 samples out of 10000, 0 errors
01:26:19,668 INFO Experiment.PerfCost-3e8c: Processed 9640 samples out of 10000, 0 errors
01:26:30,3 INFO Experiment.PerfCost-3e8c: Processed 9650 samples out of 10000, 0 errors
01:26:40,372 INFO Experiment.PerfCost-3e8c: Processed 9660 samples out of 10000, 0 errors
01:26:50,749 INFO Experiment.PerfCost-3e8c: Processed 9670 samples out of 10000, 0 errors
01:27:01,88 INFO Experiment.PerfCost-3e8c: Processed 9680 samples out of 10000, 0 errors
01:27:11,434 INFO Experiment.PerfCost-3e8c: Processed 9690 samples out of 10000, 0 errors
01:27:21,782 INFO Experiment.PerfCost-3e8c: Processed 9700 samples out of 10000, 0 errors
01:27:32,155 INFO Experiment.PerfCost-3e8c: Processed 9710 samples out of 10000, 0 errors
01:27:42,527 INFO Experiment.PerfCost-3e8c: Processed 9720 samples out of 10000, 0 errors
01:27:52,890 INFO Experiment.PerfCost-3e8c: Processed 9730 samples out of 10000, 0 errors
01:28:03,255 INFO Experiment.PerfCost-3e8c: Processed 9740 samples out of 10000, 0 errors
01:28:13,635 INFO Experiment.PerfCost-3e8c: Processed 9750 samples out of 10000, 0 errors
01:28:23,995 INFO Experiment.PerfCost-3e8c: Processed 9760 samples out of 10000, 0 errors
01:28:34,353 INFO Experiment.PerfCost-3e8c: Processed 9770 samples out of 10000, 0 errors
01:28:44,746 INFO Experiment.PerfCost-3e8c: Processed 9780 samples out of 10000, 0 errors
01:28:55,81 INFO Experiment.PerfCost-3e8c: Processed 9790 samples out of 10000, 0 errors
01:29:05,461 INFO Experiment.PerfCost-3e8c: Processed 9800 samples out of 10000, 0 errors
01:29:15,817 INFO Experiment.PerfCost-3e8c: Processed 9810 samples out of 10000, 0 errors
01:29:26,184 INFO Experiment.PerfCost-3e8c: Processed 9820 samples out of 10000, 0 errors
01:29:36,546 INFO Experiment.PerfCost-3e8c: Processed 9830 samples out of 10000, 0 errors
01:29:46,931 INFO Experiment.PerfCost-3e8c: Processed 9840 samples out of 10000, 0 errors
01:29:57,287 INFO Experiment.PerfCost-3e8c: Processed 9850 samples out of 10000, 0 errors
01:30:07,643 INFO Experiment.PerfCost-3e8c: Processed 9860 samples out of 10000, 0 errors
01:30:17,987 INFO Experiment.PerfCost-3e8c: Processed 9870 samples out of 10000, 0 errors
01:30:28,361 INFO Experiment.PerfCost-3e8c: Processed 9880 samples out of 10000, 0 errors
01:30:38,717 INFO Experiment.PerfCost-3e8c: Processed 9890 samples out of 10000, 0 errors
01:30:49,76 INFO Experiment.PerfCost-3e8c: Processed 9900 samples out of 10000, 0 errors
01:30:59,440 INFO Experiment.PerfCost-3e8c: Processed 9910 samples out of 10000, 0 errors
01:31:09,798 INFO Experiment.PerfCost-3e8c: Processed 9920 samples out of 10000, 0 errors
01:31:20,167 INFO Experiment.PerfCost-3e8c: Processed 9930 samples out of 10000, 0 errors
01:31:30,521 INFO Experiment.PerfCost-3e8c: Processed 9940 samples out of 10000, 0 errors
01:31:40,872 INFO Experiment.PerfCost-3e8c: Processed 9950 samples out of 10000, 0 errors
01:31:51,226 INFO Experiment.PerfCost-3e8c: Processed 9960 samples out of 10000, 0 errors
01:32:01,596 INFO Experiment.PerfCost-3e8c: Processed 9970 samples out of 10000, 0 errors
01:32:11,955 INFO Experiment.PerfCost-3e8c: Processed 9980 samples out of 10000, 0 errors
01:32:22,306 INFO Experiment.PerfCost-3e8c: Processed 9990 samples out of 10000, 0 errors
01:32:32,641 INFO Experiment.PerfCost-3e8c: Processed 10000 samples out of 10000, 0 errors
01:32:37,654 INFO Experiment.PerfCost-3e8c: Mean 211.0500716 [ms], median 223.933 [ms], std 77.07169546702781, CV 36.51820389480873
01:32:37,659 INFO Experiment.PerfCost-3e8c: Parametric CI (Student's t-distribution) 0.95 from 209.53923570787768 to 212.5609074921223, within 0.7158660883971554% of mean
01:32:37,662 INFO Experiment.PerfCost-3e8c: Non-parametric CI 0.95 from 223.03 to 224.616, within 0.3541237780943436% of median
01:32:37,665 INFO Experiment.PerfCost-3e8c: Parametric CI (Student's t-distribution) 0.99 from 209.06435796258447 to 213.03578523741552, within 0.9408732356078143% of mean
01:32:37,668 INFO Experiment.PerfCost-3e8c: Non-parametric CI 0.99 from 222.712 to 224.83, within 0.4729093076947175% of median
