09:38:56,591 INFO SeBS-5b25: Created experiment output at /home/anou/msc-thesis/task-based-experiment/experiment-results/python/instrumented/650.compression-otel
09:38:56,909 INFO OpenWhisk.Resources-b432: Using user-provided configuration of storage for OpenWhisk.
09:38:56,909 INFO OpenWhisk.Resources-b432: User-provided configuration is different from cached storage, we will update existing OpenWhisk actions.
09:38:56,935 WARNING OpenWhisk-b5b8: We found 1 existing deployments! If you want to use any of them, please abort, and provide the resource id in your input config.
09:38:56,936 WARNING OpenWhisk-b5b8: Deployment resource IDs in the cloud: ['25103d68']
09:38:56,936 INFO OpenWhisk-b5b8: Generating unique resource name 4e198d2c
09:38:56,940 INFO minio.Minio-0b4a: Initialize a new bucket for benchmarks
09:38:56,945 INFO minio.Minio-0b4a: Created bucket sebs-benchmarks-4e198d2c
09:38:56,950 INFO Benchmark-b84b: Using cached benchmark 650.compression-opentelemetry at /home/anou/msc-thesis/task-based-experiment/cache/650.compression-opentelemetry/openwhisk/python/3.7/650.compression-opentelemetry.zip
09:38:56,951 INFO OpenWhisk-b5b8: Using cached function 650.compression-opentelemetry-python-3.7 in /home/anou/msc-thesis/task-based-experiment/cache/650.compression-opentelemetry/openwhisk/python/3.7/650.compression-opentelemetry.zip
09:38:56,952 INFO OpenWhisk-b5b8: Cached function 650.compression-opentelemetry-python-3.7 is up to date.
09:38:57,425 INFO Experiment.PerfCost-5d88: Begin experiment on memory size 256
09:38:57,426 INFO OpenWhisk-b5b8: Update an existing OpenWhisk action 650.compression-opentelemetry-python-3.7.
09:38:57,629 INFO Experiment.PerfCost-5d88: Begin warm experiments
09:39:07,219 INFO Experiment.PerfCost-5d88: Processed 0 warm-up samples, ignoring these results.
09:39:19,227 INFO Experiment.PerfCost-5d88: Processed 10 samples out of 10000, 0 errors
09:39:31,145 INFO Experiment.PerfCost-5d88: Processed 20 samples out of 10000, 0 errors
09:39:43,101 INFO Experiment.PerfCost-5d88: Processed 30 samples out of 10000, 0 errors
09:39:54,971 INFO Experiment.PerfCost-5d88: Processed 40 samples out of 10000, 0 errors
09:40:06,889 INFO Experiment.PerfCost-5d88: Processed 50 samples out of 10000, 0 errors
09:40:18,886 INFO Experiment.PerfCost-5d88: Processed 60 samples out of 10000, 0 errors
09:40:30,819 INFO Experiment.PerfCost-5d88: Processed 70 samples out of 10000, 0 errors
09:40:42,722 INFO Experiment.PerfCost-5d88: Processed 80 samples out of 10000, 0 errors
09:40:54,665 INFO Experiment.PerfCost-5d88: Processed 90 samples out of 10000, 0 errors
09:41:06,605 INFO Experiment.PerfCost-5d88: Processed 100 samples out of 10000, 0 errors
09:41:18,778 INFO Experiment.PerfCost-5d88: Processed 110 samples out of 10000, 0 errors
09:41:30,752 INFO Experiment.PerfCost-5d88: Processed 120 samples out of 10000, 0 errors
09:41:42,703 INFO Experiment.PerfCost-5d88: Processed 130 samples out of 10000, 0 errors
09:41:54,679 INFO Experiment.PerfCost-5d88: Processed 140 samples out of 10000, 0 errors
09:42:06,600 INFO Experiment.PerfCost-5d88: Processed 150 samples out of 10000, 0 errors
09:42:18,560 INFO Experiment.PerfCost-5d88: Processed 160 samples out of 10000, 0 errors
09:42:30,545 INFO Experiment.PerfCost-5d88: Processed 170 samples out of 10000, 0 errors
09:42:42,471 INFO Experiment.PerfCost-5d88: Processed 180 samples out of 10000, 0 errors
09:42:54,368 INFO Experiment.PerfCost-5d88: Processed 190 samples out of 10000, 0 errors
09:43:06,368 INFO Experiment.PerfCost-5d88: Processed 200 samples out of 10000, 0 errors
09:43:18,330 INFO Experiment.PerfCost-5d88: Processed 210 samples out of 10000, 0 errors
09:43:30,268 INFO Experiment.PerfCost-5d88: Processed 220 samples out of 10000, 0 errors
09:43:42,281 INFO Experiment.PerfCost-5d88: Processed 230 samples out of 10000, 0 errors
09:43:54,159 INFO Experiment.PerfCost-5d88: Processed 240 samples out of 10000, 0 errors
09:44:06,85 INFO Experiment.PerfCost-5d88: Processed 250 samples out of 10000, 0 errors
09:44:18,56 INFO Experiment.PerfCost-5d88: Processed 260 samples out of 10000, 0 errors
09:44:30,14 INFO Experiment.PerfCost-5d88: Processed 270 samples out of 10000, 0 errors
09:44:41,965 INFO Experiment.PerfCost-5d88: Processed 280 samples out of 10000, 0 errors
09:44:53,928 INFO Experiment.PerfCost-5d88: Processed 290 samples out of 10000, 0 errors
09:45:05,912 INFO Experiment.PerfCost-5d88: Processed 300 samples out of 10000, 0 errors
09:45:17,913 INFO Experiment.PerfCost-5d88: Processed 310 samples out of 10000, 0 errors
09:45:29,874 INFO Experiment.PerfCost-5d88: Processed 320 samples out of 10000, 0 errors
09:45:41,827 INFO Experiment.PerfCost-5d88: Processed 330 samples out of 10000, 0 errors
09:45:53,805 INFO Experiment.PerfCost-5d88: Processed 340 samples out of 10000, 0 errors
09:46:05,754 INFO Experiment.PerfCost-5d88: Processed 350 samples out of 10000, 0 errors
09:46:17,720 INFO Experiment.PerfCost-5d88: Processed 360 samples out of 10000, 0 errors
09:46:29,690 INFO Experiment.PerfCost-5d88: Processed 370 samples out of 10000, 0 errors
09:46:41,663 INFO Experiment.PerfCost-5d88: Processed 380 samples out of 10000, 0 errors
09:46:53,638 INFO Experiment.PerfCost-5d88: Processed 390 samples out of 10000, 0 errors
09:47:05,600 INFO Experiment.PerfCost-5d88: Processed 400 samples out of 10000, 0 errors
09:47:17,556 INFO Experiment.PerfCost-5d88: Processed 410 samples out of 10000, 0 errors
09:47:29,444 INFO Experiment.PerfCost-5d88: Processed 420 samples out of 10000, 0 errors
09:47:41,412 INFO Experiment.PerfCost-5d88: Processed 430 samples out of 10000, 0 errors
09:47:53,357 INFO Experiment.PerfCost-5d88: Processed 440 samples out of 10000, 0 errors
09:48:05,323 INFO Experiment.PerfCost-5d88: Processed 450 samples out of 10000, 0 errors
09:48:17,314 INFO Experiment.PerfCost-5d88: Processed 460 samples out of 10000, 0 errors
09:48:29,315 INFO Experiment.PerfCost-5d88: Processed 470 samples out of 10000, 0 errors
09:48:41,263 INFO Experiment.PerfCost-5d88: Processed 480 samples out of 10000, 0 errors
09:48:53,196 INFO Experiment.PerfCost-5d88: Processed 490 samples out of 10000, 0 errors
09:49:05,136 INFO Experiment.PerfCost-5d88: Processed 500 samples out of 10000, 0 errors
09:49:17,86 INFO Experiment.PerfCost-5d88: Processed 510 samples out of 10000, 0 errors
09:49:29,17 INFO Experiment.PerfCost-5d88: Processed 520 samples out of 10000, 0 errors
09:49:41,11 INFO Experiment.PerfCost-5d88: Processed 530 samples out of 10000, 0 errors
09:49:52,925 INFO Experiment.PerfCost-5d88: Processed 540 samples out of 10000, 0 errors
09:50:04,937 INFO Experiment.PerfCost-5d88: Processed 550 samples out of 10000, 0 errors
09:50:16,844 INFO Experiment.PerfCost-5d88: Processed 560 samples out of 10000, 0 errors
09:50:28,785 INFO Experiment.PerfCost-5d88: Processed 570 samples out of 10000, 0 errors
09:50:40,647 INFO Experiment.PerfCost-5d88: Processed 580 samples out of 10000, 0 errors
09:50:52,586 INFO Experiment.PerfCost-5d88: Processed 590 samples out of 10000, 0 errors
09:51:04,541 INFO Experiment.PerfCost-5d88: Processed 600 samples out of 10000, 0 errors
09:51:16,470 INFO Experiment.PerfCost-5d88: Processed 610 samples out of 10000, 0 errors
09:51:28,465 INFO Experiment.PerfCost-5d88: Processed 620 samples out of 10000, 0 errors
09:51:40,420 INFO Experiment.PerfCost-5d88: Processed 630 samples out of 10000, 0 errors
09:51:52,426 INFO Experiment.PerfCost-5d88: Processed 640 samples out of 10000, 0 errors
09:52:04,368 INFO Experiment.PerfCost-5d88: Processed 650 samples out of 10000, 0 errors
09:52:16,313 INFO Experiment.PerfCost-5d88: Processed 660 samples out of 10000, 0 errors
09:52:28,288 INFO Experiment.PerfCost-5d88: Processed 670 samples out of 10000, 0 errors
09:52:40,288 INFO Experiment.PerfCost-5d88: Processed 680 samples out of 10000, 0 errors
09:52:52,230 INFO Experiment.PerfCost-5d88: Processed 690 samples out of 10000, 0 errors
09:53:04,212 INFO Experiment.PerfCost-5d88: Processed 700 samples out of 10000, 0 errors
09:53:16,184 INFO Experiment.PerfCost-5d88: Processed 710 samples out of 10000, 0 errors
09:53:28,140 INFO Experiment.PerfCost-5d88: Processed 720 samples out of 10000, 0 errors
09:53:40,77 INFO Experiment.PerfCost-5d88: Processed 730 samples out of 10000, 0 errors
09:53:52,15 INFO Experiment.PerfCost-5d88: Processed 740 samples out of 10000, 0 errors
09:54:03,988 INFO Experiment.PerfCost-5d88: Processed 750 samples out of 10000, 0 errors
09:54:15,968 INFO Experiment.PerfCost-5d88: Processed 760 samples out of 10000, 0 errors
09:54:28,14 INFO Experiment.PerfCost-5d88: Processed 770 samples out of 10000, 0 errors
09:54:39,990 INFO Experiment.PerfCost-5d88: Processed 780 samples out of 10000, 0 errors
09:54:51,964 INFO Experiment.PerfCost-5d88: Processed 790 samples out of 10000, 0 errors
09:55:03,955 INFO Experiment.PerfCost-5d88: Processed 800 samples out of 10000, 0 errors
09:55:15,935 INFO Experiment.PerfCost-5d88: Processed 810 samples out of 10000, 0 errors
09:55:27,898 INFO Experiment.PerfCost-5d88: Processed 820 samples out of 10000, 0 errors
09:55:39,838 INFO Experiment.PerfCost-5d88: Processed 830 samples out of 10000, 0 errors
09:55:51,765 INFO Experiment.PerfCost-5d88: Processed 840 samples out of 10000, 0 errors
09:56:03,683 INFO Experiment.PerfCost-5d88: Processed 850 samples out of 10000, 0 errors
09:56:15,555 INFO Experiment.PerfCost-5d88: Processed 860 samples out of 10000, 0 errors
09:56:27,472 INFO Experiment.PerfCost-5d88: Processed 870 samples out of 10000, 0 errors
09:56:39,412 INFO Experiment.PerfCost-5d88: Processed 880 samples out of 10000, 0 errors
09:56:51,379 INFO Experiment.PerfCost-5d88: Processed 890 samples out of 10000, 0 errors
09:57:03,376 INFO Experiment.PerfCost-5d88: Processed 900 samples out of 10000, 0 errors
09:57:15,320 INFO Experiment.PerfCost-5d88: Processed 910 samples out of 10000, 0 errors
09:57:27,268 INFO Experiment.PerfCost-5d88: Processed 920 samples out of 10000, 0 errors
09:57:39,258 INFO Experiment.PerfCost-5d88: Processed 930 samples out of 10000, 0 errors
09:57:51,167 INFO Experiment.PerfCost-5d88: Processed 940 samples out of 10000, 0 errors
09:58:03,149 INFO Experiment.PerfCost-5d88: Processed 950 samples out of 10000, 0 errors
09:58:15,70 INFO Experiment.PerfCost-5d88: Processed 960 samples out of 10000, 0 errors
09:58:26,984 INFO Experiment.PerfCost-5d88: Processed 970 samples out of 10000, 0 errors
09:58:38,898 INFO Experiment.PerfCost-5d88: Processed 980 samples out of 10000, 0 errors
09:58:50,806 INFO Experiment.PerfCost-5d88: Processed 990 samples out of 10000, 0 errors
09:59:02,714 INFO Experiment.PerfCost-5d88: Processed 1000 samples out of 10000, 0 errors
09:59:14,643 INFO Experiment.PerfCost-5d88: Processed 1010 samples out of 10000, 0 errors
09:59:26,573 INFO Experiment.PerfCost-5d88: Processed 1020 samples out of 10000, 0 errors
09:59:38,573 INFO Experiment.PerfCost-5d88: Processed 1030 samples out of 10000, 0 errors
09:59:50,487 INFO Experiment.PerfCost-5d88: Processed 1040 samples out of 10000, 0 errors
10:00:02,410 INFO Experiment.PerfCost-5d88: Processed 1050 samples out of 10000, 0 errors
10:00:14,397 INFO Experiment.PerfCost-5d88: Processed 1060 samples out of 10000, 0 errors
10:00:26,397 INFO Experiment.PerfCost-5d88: Processed 1070 samples out of 10000, 0 errors
10:00:38,406 INFO Experiment.PerfCost-5d88: Processed 1080 samples out of 10000, 0 errors
10:00:50,393 INFO Experiment.PerfCost-5d88: Processed 1090 samples out of 10000, 0 errors
10:01:02,358 INFO Experiment.PerfCost-5d88: Processed 1100 samples out of 10000, 0 errors
10:01:14,339 INFO Experiment.PerfCost-5d88: Processed 1110 samples out of 10000, 0 errors
10:01:26,270 INFO Experiment.PerfCost-5d88: Processed 1120 samples out of 10000, 0 errors
10:01:38,271 INFO Experiment.PerfCost-5d88: Processed 1130 samples out of 10000, 0 errors
10:01:50,279 INFO Experiment.PerfCost-5d88: Processed 1140 samples out of 10000, 0 errors
10:02:02,256 INFO Experiment.PerfCost-5d88: Processed 1150 samples out of 10000, 0 errors
10:02:14,180 INFO Experiment.PerfCost-5d88: Processed 1160 samples out of 10000, 0 errors
10:02:26,142 INFO Experiment.PerfCost-5d88: Processed 1170 samples out of 10000, 0 errors
10:02:38,95 INFO Experiment.PerfCost-5d88: Processed 1180 samples out of 10000, 0 errors
10:02:50,83 INFO Experiment.PerfCost-5d88: Processed 1190 samples out of 10000, 0 errors
10:03:02,83 INFO Experiment.PerfCost-5d88: Processed 1200 samples out of 10000, 0 errors
10:03:14,47 INFO Experiment.PerfCost-5d88: Processed 1210 samples out of 10000, 0 errors
10:03:26,19 INFO Experiment.PerfCost-5d88: Processed 1220 samples out of 10000, 0 errors
10:03:37,963 INFO Experiment.PerfCost-5d88: Processed 1230 samples out of 10000, 0 errors
10:03:49,953 INFO Experiment.PerfCost-5d88: Processed 1240 samples out of 10000, 0 errors
10:04:01,899 INFO Experiment.PerfCost-5d88: Processed 1250 samples out of 10000, 0 errors
10:04:13,827 INFO Experiment.PerfCost-5d88: Processed 1260 samples out of 10000, 0 errors
10:04:25,765 INFO Experiment.PerfCost-5d88: Processed 1270 samples out of 10000, 0 errors
10:04:37,701 INFO Experiment.PerfCost-5d88: Processed 1280 samples out of 10000, 0 errors
10:04:49,527 INFO Experiment.PerfCost-5d88: Processed 1290 samples out of 10000, 0 errors
10:05:01,445 INFO Experiment.PerfCost-5d88: Processed 1300 samples out of 10000, 0 errors
10:05:13,387 INFO Experiment.PerfCost-5d88: Processed 1310 samples out of 10000, 0 errors
10:05:25,289 INFO Experiment.PerfCost-5d88: Processed 1320 samples out of 10000, 0 errors
10:05:37,230 INFO Experiment.PerfCost-5d88: Processed 1330 samples out of 10000, 0 errors
10:05:50,810 INFO Experiment.PerfCost-5d88: Invocation 2c796adcfa7f4801b96adcfa7f4801cc is cold!
10:05:50,811 INFO Experiment.PerfCost-5d88: Processed 1339 samples out of 10000, 0 errors
10:06:02,717 INFO Experiment.PerfCost-5d88: Processed 1349 samples out of 10000, 0 errors
10:06:14,651 INFO Experiment.PerfCost-5d88: Processed 1359 samples out of 10000, 0 errors
10:06:26,607 INFO Experiment.PerfCost-5d88: Processed 1369 samples out of 10000, 0 errors
10:06:40,208 INFO Experiment.PerfCost-5d88: Invocation 3447746b097e45f887746b097e35f8e8 is cold!
10:06:40,209 INFO Experiment.PerfCost-5d88: Processed 1378 samples out of 10000, 0 errors
10:06:52,132 INFO Experiment.PerfCost-5d88: Processed 1388 samples out of 10000, 0 errors
10:07:04,106 INFO Experiment.PerfCost-5d88: Processed 1398 samples out of 10000, 0 errors
10:07:16,14 INFO Experiment.PerfCost-5d88: Processed 1408 samples out of 10000, 0 errors
10:07:27,975 INFO Experiment.PerfCost-5d88: Processed 1418 samples out of 10000, 0 errors
10:07:39,963 INFO Experiment.PerfCost-5d88: Processed 1428 samples out of 10000, 0 errors
10:07:51,954 INFO Experiment.PerfCost-5d88: Processed 1438 samples out of 10000, 0 errors
10:08:03,892 INFO Experiment.PerfCost-5d88: Processed 1448 samples out of 10000, 0 errors
10:08:15,938 INFO Experiment.PerfCost-5d88: Processed 1458 samples out of 10000, 0 errors
10:08:27,929 INFO Experiment.PerfCost-5d88: Processed 1468 samples out of 10000, 0 errors
10:08:39,861 INFO Experiment.PerfCost-5d88: Processed 1478 samples out of 10000, 0 errors
10:08:51,813 INFO Experiment.PerfCost-5d88: Processed 1488 samples out of 10000, 0 errors
10:09:03,814 INFO Experiment.PerfCost-5d88: Processed 1498 samples out of 10000, 0 errors
10:09:15,806 INFO Experiment.PerfCost-5d88: Processed 1508 samples out of 10000, 0 errors
10:09:27,780 INFO Experiment.PerfCost-5d88: Processed 1518 samples out of 10000, 0 errors
10:09:39,776 INFO Experiment.PerfCost-5d88: Processed 1528 samples out of 10000, 0 errors
10:09:51,706 INFO Experiment.PerfCost-5d88: Processed 1538 samples out of 10000, 0 errors
10:10:03,670 INFO Experiment.PerfCost-5d88: Processed 1548 samples out of 10000, 0 errors
10:10:15,648 INFO Experiment.PerfCost-5d88: Processed 1558 samples out of 10000, 0 errors
10:10:27,631 INFO Experiment.PerfCost-5d88: Processed 1568 samples out of 10000, 0 errors
10:10:39,614 INFO Experiment.PerfCost-5d88: Processed 1578 samples out of 10000, 0 errors
10:10:51,568 INFO Experiment.PerfCost-5d88: Processed 1588 samples out of 10000, 0 errors
10:11:03,543 INFO Experiment.PerfCost-5d88: Processed 1598 samples out of 10000, 0 errors
10:11:15,550 INFO Experiment.PerfCost-5d88: Processed 1608 samples out of 10000, 0 errors
10:11:27,540 INFO Experiment.PerfCost-5d88: Processed 1618 samples out of 10000, 0 errors
10:11:39,531 INFO Experiment.PerfCost-5d88: Processed 1628 samples out of 10000, 0 errors
10:11:51,510 INFO Experiment.PerfCost-5d88: Processed 1638 samples out of 10000, 0 errors
10:12:03,493 INFO Experiment.PerfCost-5d88: Processed 1648 samples out of 10000, 0 errors
10:12:15,503 INFO Experiment.PerfCost-5d88: Processed 1658 samples out of 10000, 0 errors
10:12:27,444 INFO Experiment.PerfCost-5d88: Processed 1668 samples out of 10000, 0 errors
10:12:39,412 INFO Experiment.PerfCost-5d88: Processed 1678 samples out of 10000, 0 errors
10:12:51,371 INFO Experiment.PerfCost-5d88: Processed 1688 samples out of 10000, 0 errors
10:13:03,328 INFO Experiment.PerfCost-5d88: Processed 1698 samples out of 10000, 0 errors
10:13:15,262 INFO Experiment.PerfCost-5d88: Processed 1708 samples out of 10000, 0 errors
10:13:27,202 INFO Experiment.PerfCost-5d88: Processed 1718 samples out of 10000, 0 errors
10:13:39,180 INFO Experiment.PerfCost-5d88: Processed 1728 samples out of 10000, 0 errors
10:13:51,105 INFO Experiment.PerfCost-5d88: Processed 1738 samples out of 10000, 0 errors
10:14:03,35 INFO Experiment.PerfCost-5d88: Processed 1748 samples out of 10000, 0 errors
10:14:15,33 INFO Experiment.PerfCost-5d88: Processed 1758 samples out of 10000, 0 errors
10:14:26,948 INFO Experiment.PerfCost-5d88: Processed 1768 samples out of 10000, 0 errors
10:14:38,930 INFO Experiment.PerfCost-5d88: Processed 1778 samples out of 10000, 0 errors
10:14:50,900 INFO Experiment.PerfCost-5d88: Processed 1788 samples out of 10000, 0 errors
10:15:02,860 INFO Experiment.PerfCost-5d88: Processed 1798 samples out of 10000, 0 errors
10:15:14,829 INFO Experiment.PerfCost-5d88: Processed 1808 samples out of 10000, 0 errors
10:15:26,786 INFO Experiment.PerfCost-5d88: Processed 1818 samples out of 10000, 0 errors
10:15:38,750 INFO Experiment.PerfCost-5d88: Processed 1828 samples out of 10000, 0 errors
10:15:50,735 INFO Experiment.PerfCost-5d88: Processed 1838 samples out of 10000, 0 errors
10:16:02,660 INFO Experiment.PerfCost-5d88: Processed 1848 samples out of 10000, 0 errors
10:16:14,624 INFO Experiment.PerfCost-5d88: Processed 1858 samples out of 10000, 0 errors
10:16:26,578 INFO Experiment.PerfCost-5d88: Processed 1868 samples out of 10000, 0 errors
10:16:38,544 INFO Experiment.PerfCost-5d88: Processed 1878 samples out of 10000, 0 errors
10:16:50,500 INFO Experiment.PerfCost-5d88: Processed 1888 samples out of 10000, 0 errors
10:17:02,489 INFO Experiment.PerfCost-5d88: Processed 1898 samples out of 10000, 0 errors
10:17:14,490 INFO Experiment.PerfCost-5d88: Processed 1908 samples out of 10000, 0 errors
10:17:26,445 INFO Experiment.PerfCost-5d88: Processed 1918 samples out of 10000, 0 errors
10:17:38,415 INFO Experiment.PerfCost-5d88: Processed 1928 samples out of 10000, 0 errors
10:17:50,399 INFO Experiment.PerfCost-5d88: Processed 1938 samples out of 10000, 0 errors
10:18:02,343 INFO Experiment.PerfCost-5d88: Processed 1948 samples out of 10000, 0 errors
10:18:14,295 INFO Experiment.PerfCost-5d88: Processed 1958 samples out of 10000, 0 errors
10:18:26,250 INFO Experiment.PerfCost-5d88: Processed 1968 samples out of 10000, 0 errors
10:18:38,186 INFO Experiment.PerfCost-5d88: Processed 1978 samples out of 10000, 0 errors
10:18:50,115 INFO Experiment.PerfCost-5d88: Processed 1988 samples out of 10000, 0 errors
10:19:02,62 INFO Experiment.PerfCost-5d88: Processed 1998 samples out of 10000, 0 errors
10:19:14,34 INFO Experiment.PerfCost-5d88: Processed 2008 samples out of 10000, 0 errors
10:19:25,993 INFO Experiment.PerfCost-5d88: Processed 2018 samples out of 10000, 0 errors
10:19:37,954 INFO Experiment.PerfCost-5d88: Processed 2028 samples out of 10000, 0 errors
10:19:49,868 INFO Experiment.PerfCost-5d88: Processed 2038 samples out of 10000, 0 errors
10:20:01,825 INFO Experiment.PerfCost-5d88: Processed 2048 samples out of 10000, 0 errors
10:20:13,763 INFO Experiment.PerfCost-5d88: Processed 2058 samples out of 10000, 0 errors
10:20:25,715 INFO Experiment.PerfCost-5d88: Processed 2068 samples out of 10000, 0 errors
10:20:37,728 INFO Experiment.PerfCost-5d88: Processed 2078 samples out of 10000, 0 errors
10:20:49,695 INFO Experiment.PerfCost-5d88: Processed 2088 samples out of 10000, 0 errors
10:21:01,658 INFO Experiment.PerfCost-5d88: Processed 2098 samples out of 10000, 0 errors
10:21:13,612 INFO Experiment.PerfCost-5d88: Processed 2108 samples out of 10000, 0 errors
10:21:25,565 INFO Experiment.PerfCost-5d88: Processed 2118 samples out of 10000, 0 errors
10:21:37,526 INFO Experiment.PerfCost-5d88: Processed 2128 samples out of 10000, 0 errors
10:21:49,481 INFO Experiment.PerfCost-5d88: Processed 2138 samples out of 10000, 0 errors
10:22:01,421 INFO Experiment.PerfCost-5d88: Processed 2148 samples out of 10000, 0 errors
10:22:13,372 INFO Experiment.PerfCost-5d88: Processed 2158 samples out of 10000, 0 errors
10:22:25,323 INFO Experiment.PerfCost-5d88: Processed 2168 samples out of 10000, 0 errors
10:22:37,283 INFO Experiment.PerfCost-5d88: Processed 2178 samples out of 10000, 0 errors
10:22:49,219 INFO Experiment.PerfCost-5d88: Processed 2188 samples out of 10000, 0 errors
10:23:01,251 INFO Experiment.PerfCost-5d88: Processed 2198 samples out of 10000, 0 errors
10:23:13,214 INFO Experiment.PerfCost-5d88: Processed 2208 samples out of 10000, 0 errors
10:23:25,124 INFO Experiment.PerfCost-5d88: Processed 2218 samples out of 10000, 0 errors
10:23:37,54 INFO Experiment.PerfCost-5d88: Processed 2228 samples out of 10000, 0 errors
10:23:49,29 INFO Experiment.PerfCost-5d88: Processed 2238 samples out of 10000, 0 errors
10:24:01,26 INFO Experiment.PerfCost-5d88: Processed 2248 samples out of 10000, 0 errors
10:24:12,952 INFO Experiment.PerfCost-5d88: Processed 2258 samples out of 10000, 0 errors
10:24:24,890 INFO Experiment.PerfCost-5d88: Processed 2268 samples out of 10000, 0 errors
10:24:36,898 INFO Experiment.PerfCost-5d88: Processed 2278 samples out of 10000, 0 errors
10:24:48,854 INFO Experiment.PerfCost-5d88: Processed 2288 samples out of 10000, 0 errors
10:25:00,803 INFO Experiment.PerfCost-5d88: Processed 2298 samples out of 10000, 0 errors
10:25:12,699 INFO Experiment.PerfCost-5d88: Processed 2308 samples out of 10000, 0 errors
10:25:24,641 INFO Experiment.PerfCost-5d88: Processed 2318 samples out of 10000, 0 errors
10:25:36,633 INFO Experiment.PerfCost-5d88: Processed 2328 samples out of 10000, 0 errors
10:25:48,566 INFO Experiment.PerfCost-5d88: Processed 2338 samples out of 10000, 0 errors
10:26:00,537 INFO Experiment.PerfCost-5d88: Processed 2348 samples out of 10000, 0 errors
10:26:12,485 INFO Experiment.PerfCost-5d88: Processed 2358 samples out of 10000, 0 errors
10:26:24,431 INFO Experiment.PerfCost-5d88: Processed 2368 samples out of 10000, 0 errors
10:26:36,405 INFO Experiment.PerfCost-5d88: Processed 2378 samples out of 10000, 0 errors
10:26:48,343 INFO Experiment.PerfCost-5d88: Processed 2388 samples out of 10000, 0 errors
10:27:00,293 INFO Experiment.PerfCost-5d88: Processed 2398 samples out of 10000, 0 errors
10:27:12,221 INFO Experiment.PerfCost-5d88: Processed 2408 samples out of 10000, 0 errors
10:27:24,120 INFO Experiment.PerfCost-5d88: Processed 2418 samples out of 10000, 0 errors
10:27:36,88 INFO Experiment.PerfCost-5d88: Processed 2428 samples out of 10000, 0 errors
10:27:48,19 INFO Experiment.PerfCost-5d88: Processed 2438 samples out of 10000, 0 errors
10:27:59,973 INFO Experiment.PerfCost-5d88: Processed 2448 samples out of 10000, 0 errors
10:28:11,946 INFO Experiment.PerfCost-5d88: Processed 2458 samples out of 10000, 0 errors
10:28:23,947 INFO Experiment.PerfCost-5d88: Processed 2468 samples out of 10000, 0 errors
10:28:35,926 INFO Experiment.PerfCost-5d88: Processed 2478 samples out of 10000, 0 errors
10:28:47,914 INFO Experiment.PerfCost-5d88: Processed 2488 samples out of 10000, 0 errors
10:28:59,873 INFO Experiment.PerfCost-5d88: Processed 2498 samples out of 10000, 0 errors
10:29:11,844 INFO Experiment.PerfCost-5d88: Processed 2508 samples out of 10000, 0 errors
10:29:23,821 INFO Experiment.PerfCost-5d88: Processed 2518 samples out of 10000, 0 errors
10:29:35,829 INFO Experiment.PerfCost-5d88: Processed 2528 samples out of 10000, 0 errors
10:29:47,775 INFO Experiment.PerfCost-5d88: Processed 2538 samples out of 10000, 0 errors
10:29:59,703 INFO Experiment.PerfCost-5d88: Processed 2548 samples out of 10000, 0 errors
10:30:11,658 INFO Experiment.PerfCost-5d88: Processed 2558 samples out of 10000, 0 errors
10:30:23,599 INFO Experiment.PerfCost-5d88: Processed 2568 samples out of 10000, 0 errors
10:30:35,571 INFO Experiment.PerfCost-5d88: Processed 2578 samples out of 10000, 0 errors
10:30:47,503 INFO Experiment.PerfCost-5d88: Processed 2588 samples out of 10000, 0 errors
10:30:59,408 INFO Experiment.PerfCost-5d88: Processed 2598 samples out of 10000, 0 errors
10:31:11,327 INFO Experiment.PerfCost-5d88: Processed 2608 samples out of 10000, 0 errors
10:31:23,263 INFO Experiment.PerfCost-5d88: Processed 2618 samples out of 10000, 0 errors
10:31:35,193 INFO Experiment.PerfCost-5d88: Processed 2628 samples out of 10000, 0 errors
10:31:47,116 INFO Experiment.PerfCost-5d88: Processed 2638 samples out of 10000, 0 errors
10:31:59,55 INFO Experiment.PerfCost-5d88: Processed 2648 samples out of 10000, 0 errors
10:32:11,17 INFO Experiment.PerfCost-5d88: Processed 2658 samples out of 10000, 0 errors
10:32:22,912 INFO Experiment.PerfCost-5d88: Processed 2668 samples out of 10000, 0 errors
10:32:34,904 INFO Experiment.PerfCost-5d88: Processed 2678 samples out of 10000, 0 errors
10:32:46,914 INFO Experiment.PerfCost-5d88: Processed 2688 samples out of 10000, 0 errors
10:32:58,920 INFO Experiment.PerfCost-5d88: Processed 2698 samples out of 10000, 0 errors
10:33:10,885 INFO Experiment.PerfCost-5d88: Processed 2708 samples out of 10000, 0 errors
10:33:22,769 INFO Experiment.PerfCost-5d88: Processed 2718 samples out of 10000, 0 errors
10:33:34,767 INFO Experiment.PerfCost-5d88: Processed 2728 samples out of 10000, 0 errors
10:33:46,717 INFO Experiment.PerfCost-5d88: Processed 2738 samples out of 10000, 0 errors
10:33:58,690 INFO Experiment.PerfCost-5d88: Processed 2748 samples out of 10000, 0 errors
10:34:10,706 INFO Experiment.PerfCost-5d88: Processed 2758 samples out of 10000, 0 errors
10:34:22,652 INFO Experiment.PerfCost-5d88: Processed 2768 samples out of 10000, 0 errors
10:34:34,800 INFO Experiment.PerfCost-5d88: Processed 2778 samples out of 10000, 0 errors
10:34:46,823 INFO Experiment.PerfCost-5d88: Processed 2788 samples out of 10000, 0 errors
10:34:58,779 INFO Experiment.PerfCost-5d88: Processed 2798 samples out of 10000, 0 errors
10:35:10,717 INFO Experiment.PerfCost-5d88: Processed 2808 samples out of 10000, 0 errors
10:35:22,626 INFO Experiment.PerfCost-5d88: Processed 2818 samples out of 10000, 0 errors
10:35:34,623 INFO Experiment.PerfCost-5d88: Processed 2828 samples out of 10000, 0 errors
10:35:46,592 INFO Experiment.PerfCost-5d88: Processed 2838 samples out of 10000, 0 errors
10:35:58,521 INFO Experiment.PerfCost-5d88: Processed 2848 samples out of 10000, 0 errors
10:36:10,511 INFO Experiment.PerfCost-5d88: Processed 2858 samples out of 10000, 0 errors
10:36:22,454 INFO Experiment.PerfCost-5d88: Processed 2868 samples out of 10000, 0 errors
10:36:34,395 INFO Experiment.PerfCost-5d88: Processed 2878 samples out of 10000, 0 errors
10:36:46,352 INFO Experiment.PerfCost-5d88: Processed 2888 samples out of 10000, 0 errors
10:36:58,350 INFO Experiment.PerfCost-5d88: Processed 2898 samples out of 10000, 0 errors
10:37:10,261 INFO Experiment.PerfCost-5d88: Processed 2908 samples out of 10000, 0 errors
10:37:22,181 INFO Experiment.PerfCost-5d88: Processed 2918 samples out of 10000, 0 errors
10:37:34,180 INFO Experiment.PerfCost-5d88: Processed 2928 samples out of 10000, 0 errors
10:37:46,145 INFO Experiment.PerfCost-5d88: Processed 2938 samples out of 10000, 0 errors
10:37:58,74 INFO Experiment.PerfCost-5d88: Processed 2948 samples out of 10000, 0 errors
10:38:10,16 INFO Experiment.PerfCost-5d88: Processed 2958 samples out of 10000, 0 errors
10:38:21,916 INFO Experiment.PerfCost-5d88: Processed 2968 samples out of 10000, 0 errors
10:38:33,904 INFO Experiment.PerfCost-5d88: Processed 2978 samples out of 10000, 0 errors
10:38:45,866 INFO Experiment.PerfCost-5d88: Processed 2988 samples out of 10000, 0 errors
10:38:57,819 INFO Experiment.PerfCost-5d88: Processed 2998 samples out of 10000, 0 errors
10:39:09,802 INFO Experiment.PerfCost-5d88: Processed 3008 samples out of 10000, 0 errors
10:39:21,732 INFO Experiment.PerfCost-5d88: Processed 3018 samples out of 10000, 0 errors
10:39:33,685 INFO Experiment.PerfCost-5d88: Processed 3028 samples out of 10000, 0 errors
10:39:45,618 INFO Experiment.PerfCost-5d88: Processed 3038 samples out of 10000, 0 errors
10:39:57,608 INFO Experiment.PerfCost-5d88: Processed 3048 samples out of 10000, 0 errors
10:40:09,585 INFO Experiment.PerfCost-5d88: Processed 3058 samples out of 10000, 0 errors
10:40:21,544 INFO Experiment.PerfCost-5d88: Processed 3068 samples out of 10000, 0 errors
10:40:33,460 INFO Experiment.PerfCost-5d88: Processed 3078 samples out of 10000, 0 errors
10:40:45,425 INFO Experiment.PerfCost-5d88: Processed 3088 samples out of 10000, 0 errors
10:40:57,365 INFO Experiment.PerfCost-5d88: Processed 3098 samples out of 10000, 0 errors
10:41:09,315 INFO Experiment.PerfCost-5d88: Processed 3108 samples out of 10000, 0 errors
10:41:21,326 INFO Experiment.PerfCost-5d88: Processed 3118 samples out of 10000, 0 errors
10:41:33,288 INFO Experiment.PerfCost-5d88: Processed 3128 samples out of 10000, 0 errors
10:41:45,241 INFO Experiment.PerfCost-5d88: Processed 3138 samples out of 10000, 0 errors
10:41:57,218 INFO Experiment.PerfCost-5d88: Processed 3148 samples out of 10000, 0 errors
10:42:09,138 INFO Experiment.PerfCost-5d88: Processed 3158 samples out of 10000, 0 errors
10:42:21,66 INFO Experiment.PerfCost-5d88: Processed 3168 samples out of 10000, 0 errors
10:42:32,934 INFO Experiment.PerfCost-5d88: Processed 3178 samples out of 10000, 0 errors
10:42:44,901 INFO Experiment.PerfCost-5d88: Processed 3188 samples out of 10000, 0 errors
10:42:56,906 INFO Experiment.PerfCost-5d88: Processed 3198 samples out of 10000, 0 errors
10:43:08,879 INFO Experiment.PerfCost-5d88: Processed 3208 samples out of 10000, 0 errors
10:43:20,853 INFO Experiment.PerfCost-5d88: Processed 3218 samples out of 10000, 0 errors
10:43:32,732 INFO Experiment.PerfCost-5d88: Processed 3228 samples out of 10000, 0 errors
10:43:44,695 INFO Experiment.PerfCost-5d88: Processed 3238 samples out of 10000, 0 errors
10:43:56,629 INFO Experiment.PerfCost-5d88: Processed 3248 samples out of 10000, 0 errors
10:44:08,594 INFO Experiment.PerfCost-5d88: Processed 3258 samples out of 10000, 0 errors
10:44:20,532 INFO Experiment.PerfCost-5d88: Processed 3268 samples out of 10000, 0 errors
10:44:32,513 INFO Experiment.PerfCost-5d88: Processed 3278 samples out of 10000, 0 errors
10:44:44,469 INFO Experiment.PerfCost-5d88: Processed 3288 samples out of 10000, 0 errors
10:44:56,417 INFO Experiment.PerfCost-5d88: Processed 3298 samples out of 10000, 0 errors
10:45:08,453 INFO Experiment.PerfCost-5d88: Processed 3308 samples out of 10000, 0 errors
10:45:20,399 INFO Experiment.PerfCost-5d88: Processed 3318 samples out of 10000, 0 errors
10:45:32,340 INFO Experiment.PerfCost-5d88: Processed 3328 samples out of 10000, 0 errors
10:45:44,247 INFO Experiment.PerfCost-5d88: Processed 3338 samples out of 10000, 0 errors
10:45:56,225 INFO Experiment.PerfCost-5d88: Processed 3348 samples out of 10000, 0 errors
10:46:08,200 INFO Experiment.PerfCost-5d88: Processed 3358 samples out of 10000, 0 errors
10:46:20,170 INFO Experiment.PerfCost-5d88: Processed 3368 samples out of 10000, 0 errors
10:46:32,137 INFO Experiment.PerfCost-5d88: Processed 3378 samples out of 10000, 0 errors
10:46:44,92 INFO Experiment.PerfCost-5d88: Processed 3388 samples out of 10000, 0 errors
10:46:56,68 INFO Experiment.PerfCost-5d88: Processed 3398 samples out of 10000, 0 errors
10:47:08,47 INFO Experiment.PerfCost-5d88: Processed 3408 samples out of 10000, 0 errors
10:47:19,957 INFO Experiment.PerfCost-5d88: Processed 3418 samples out of 10000, 0 errors
10:47:31,924 INFO Experiment.PerfCost-5d88: Processed 3428 samples out of 10000, 0 errors
10:47:43,938 INFO Experiment.PerfCost-5d88: Processed 3438 samples out of 10000, 0 errors
10:47:55,874 INFO Experiment.PerfCost-5d88: Processed 3448 samples out of 10000, 0 errors
10:48:07,828 INFO Experiment.PerfCost-5d88: Processed 3458 samples out of 10000, 0 errors
10:48:19,797 INFO Experiment.PerfCost-5d88: Processed 3468 samples out of 10000, 0 errors
10:48:31,731 INFO Experiment.PerfCost-5d88: Processed 3478 samples out of 10000, 0 errors
10:48:43,709 INFO Experiment.PerfCost-5d88: Processed 3488 samples out of 10000, 0 errors
10:48:55,701 INFO Experiment.PerfCost-5d88: Processed 3498 samples out of 10000, 0 errors
10:49:07,660 INFO Experiment.PerfCost-5d88: Processed 3508 samples out of 10000, 0 errors
10:49:19,592 INFO Experiment.PerfCost-5d88: Processed 3518 samples out of 10000, 0 errors
10:49:31,540 INFO Experiment.PerfCost-5d88: Processed 3528 samples out of 10000, 0 errors
10:49:43,505 INFO Experiment.PerfCost-5d88: Processed 3538 samples out of 10000, 0 errors
10:49:55,471 INFO Experiment.PerfCost-5d88: Processed 3548 samples out of 10000, 0 errors
10:50:07,416 INFO Experiment.PerfCost-5d88: Processed 3558 samples out of 10000, 0 errors
10:50:19,376 INFO Experiment.PerfCost-5d88: Processed 3568 samples out of 10000, 0 errors
10:50:31,370 INFO Experiment.PerfCost-5d88: Processed 3578 samples out of 10000, 0 errors
10:50:43,290 INFO Experiment.PerfCost-5d88: Processed 3588 samples out of 10000, 0 errors
10:50:55,252 INFO Experiment.PerfCost-5d88: Processed 3598 samples out of 10000, 0 errors
10:51:07,145 INFO Experiment.PerfCost-5d88: Processed 3608 samples out of 10000, 0 errors
10:51:19,134 INFO Experiment.PerfCost-5d88: Processed 3618 samples out of 10000, 0 errors
10:51:31,66 INFO Experiment.PerfCost-5d88: Processed 3628 samples out of 10000, 0 errors
10:51:42,976 INFO Experiment.PerfCost-5d88: Processed 3638 samples out of 10000, 0 errors
10:51:54,935 INFO Experiment.PerfCost-5d88: Processed 3648 samples out of 10000, 0 errors
10:52:07,87 INFO Experiment.PerfCost-5d88: Processed 3658 samples out of 10000, 0 errors
10:52:19,74 INFO Experiment.PerfCost-5d88: Processed 3668 samples out of 10000, 0 errors
10:52:31,64 INFO Experiment.PerfCost-5d88: Processed 3678 samples out of 10000, 0 errors
10:52:42,990 INFO Experiment.PerfCost-5d88: Processed 3688 samples out of 10000, 0 errors
10:52:54,966 INFO Experiment.PerfCost-5d88: Processed 3698 samples out of 10000, 0 errors
10:53:06,918 INFO Experiment.PerfCost-5d88: Processed 3708 samples out of 10000, 0 errors
10:53:18,910 INFO Experiment.PerfCost-5d88: Processed 3718 samples out of 10000, 0 errors
10:53:30,848 INFO Experiment.PerfCost-5d88: Processed 3728 samples out of 10000, 0 errors
10:53:42,776 INFO Experiment.PerfCost-5d88: Processed 3738 samples out of 10000, 0 errors
10:53:54,715 INFO Experiment.PerfCost-5d88: Processed 3748 samples out of 10000, 0 errors
10:54:06,662 INFO Experiment.PerfCost-5d88: Processed 3758 samples out of 10000, 0 errors
10:54:18,640 INFO Experiment.PerfCost-5d88: Processed 3768 samples out of 10000, 0 errors
10:54:30,639 INFO Experiment.PerfCost-5d88: Processed 3778 samples out of 10000, 0 errors
10:54:42,597 INFO Experiment.PerfCost-5d88: Processed 3788 samples out of 10000, 0 errors
10:54:54,554 INFO Experiment.PerfCost-5d88: Processed 3798 samples out of 10000, 0 errors
10:55:06,548 INFO Experiment.PerfCost-5d88: Processed 3808 samples out of 10000, 0 errors
10:55:18,506 INFO Experiment.PerfCost-5d88: Processed 3818 samples out of 10000, 0 errors
10:55:30,462 INFO Experiment.PerfCost-5d88: Processed 3828 samples out of 10000, 0 errors
10:55:42,434 INFO Experiment.PerfCost-5d88: Processed 3838 samples out of 10000, 0 errors
10:55:54,394 INFO Experiment.PerfCost-5d88: Processed 3848 samples out of 10000, 0 errors
10:56:06,340 INFO Experiment.PerfCost-5d88: Processed 3858 samples out of 10000, 0 errors
10:56:18,358 INFO Experiment.PerfCost-5d88: Processed 3868 samples out of 10000, 0 errors
10:56:30,301 INFO Experiment.PerfCost-5d88: Processed 3878 samples out of 10000, 0 errors
10:56:42,250 INFO Experiment.PerfCost-5d88: Processed 3888 samples out of 10000, 0 errors
10:56:54,203 INFO Experiment.PerfCost-5d88: Processed 3898 samples out of 10000, 0 errors
10:57:06,122 INFO Experiment.PerfCost-5d88: Processed 3908 samples out of 10000, 0 errors
10:57:18,88 INFO Experiment.PerfCost-5d88: Processed 3918 samples out of 10000, 0 errors
10:57:30,23 INFO Experiment.PerfCost-5d88: Processed 3928 samples out of 10000, 0 errors
10:57:41,963 INFO Experiment.PerfCost-5d88: Processed 3938 samples out of 10000, 0 errors
10:57:54,2 INFO Experiment.PerfCost-5d88: Processed 3948 samples out of 10000, 0 errors
10:58:05,984 INFO Experiment.PerfCost-5d88: Processed 3958 samples out of 10000, 0 errors
10:58:17,969 INFO Experiment.PerfCost-5d88: Processed 3968 samples out of 10000, 0 errors
10:58:29,924 INFO Experiment.PerfCost-5d88: Processed 3978 samples out of 10000, 0 errors
10:58:41,869 INFO Experiment.PerfCost-5d88: Processed 3988 samples out of 10000, 0 errors
10:58:53,847 INFO Experiment.PerfCost-5d88: Processed 3998 samples out of 10000, 0 errors
10:59:05,807 INFO Experiment.PerfCost-5d88: Processed 4008 samples out of 10000, 0 errors
10:59:17,779 INFO Experiment.PerfCost-5d88: Processed 4018 samples out of 10000, 0 errors
10:59:29,738 INFO Experiment.PerfCost-5d88: Processed 4028 samples out of 10000, 0 errors
10:59:41,690 INFO Experiment.PerfCost-5d88: Processed 4038 samples out of 10000, 0 errors
10:59:53,616 INFO Experiment.PerfCost-5d88: Processed 4048 samples out of 10000, 0 errors
11:00:05,566 INFO Experiment.PerfCost-5d88: Processed 4058 samples out of 10000, 0 errors
11:00:17,503 INFO Experiment.PerfCost-5d88: Processed 4068 samples out of 10000, 0 errors
11:00:29,425 INFO Experiment.PerfCost-5d88: Processed 4078 samples out of 10000, 0 errors
11:00:41,377 INFO Experiment.PerfCost-5d88: Processed 4088 samples out of 10000, 0 errors
11:00:53,350 INFO Experiment.PerfCost-5d88: Processed 4098 samples out of 10000, 0 errors
11:01:05,309 INFO Experiment.PerfCost-5d88: Processed 4108 samples out of 10000, 0 errors
11:01:17,266 INFO Experiment.PerfCost-5d88: Processed 4118 samples out of 10000, 0 errors
11:01:29,248 INFO Experiment.PerfCost-5d88: Processed 4128 samples out of 10000, 0 errors
11:01:41,197 INFO Experiment.PerfCost-5d88: Processed 4138 samples out of 10000, 0 errors
11:01:53,120 INFO Experiment.PerfCost-5d88: Processed 4148 samples out of 10000, 0 errors
11:02:05,88 INFO Experiment.PerfCost-5d88: Processed 4158 samples out of 10000, 0 errors
11:02:17,37 INFO Experiment.PerfCost-5d88: Processed 4168 samples out of 10000, 0 errors
11:02:28,985 INFO Experiment.PerfCost-5d88: Processed 4178 samples out of 10000, 0 errors
11:02:40,855 INFO Experiment.PerfCost-5d88: Processed 4188 samples out of 10000, 0 errors
11:02:52,730 INFO Experiment.PerfCost-5d88: Processed 4198 samples out of 10000, 0 errors
11:03:04,738 INFO Experiment.PerfCost-5d88: Processed 4208 samples out of 10000, 0 errors
11:03:16,691 INFO Experiment.PerfCost-5d88: Processed 4218 samples out of 10000, 0 errors
11:03:28,633 INFO Experiment.PerfCost-5d88: Processed 4228 samples out of 10000, 0 errors
11:03:40,578 INFO Experiment.PerfCost-5d88: Processed 4238 samples out of 10000, 0 errors
11:03:52,535 INFO Experiment.PerfCost-5d88: Processed 4248 samples out of 10000, 0 errors
11:04:04,492 INFO Experiment.PerfCost-5d88: Processed 4258 samples out of 10000, 0 errors
11:04:16,450 INFO Experiment.PerfCost-5d88: Processed 4268 samples out of 10000, 0 errors
11:04:28,612 INFO Experiment.PerfCost-5d88: Processed 4278 samples out of 10000, 0 errors
11:04:40,641 INFO Experiment.PerfCost-5d88: Processed 4288 samples out of 10000, 0 errors
11:04:52,546 INFO Experiment.PerfCost-5d88: Processed 4298 samples out of 10000, 0 errors
11:05:04,528 INFO Experiment.PerfCost-5d88: Processed 4308 samples out of 10000, 0 errors
11:05:16,519 INFO Experiment.PerfCost-5d88: Processed 4318 samples out of 10000, 0 errors
11:05:28,471 INFO Experiment.PerfCost-5d88: Processed 4328 samples out of 10000, 0 errors
11:05:40,400 INFO Experiment.PerfCost-5d88: Processed 4338 samples out of 10000, 0 errors
11:05:52,322 INFO Experiment.PerfCost-5d88: Processed 4348 samples out of 10000, 0 errors
11:06:04,277 INFO Experiment.PerfCost-5d88: Processed 4358 samples out of 10000, 0 errors
11:06:16,228 INFO Experiment.PerfCost-5d88: Processed 4368 samples out of 10000, 0 errors
11:06:28,159 INFO Experiment.PerfCost-5d88: Processed 4378 samples out of 10000, 0 errors
11:06:40,162 INFO Experiment.PerfCost-5d88: Processed 4388 samples out of 10000, 0 errors
11:06:52,68 INFO Experiment.PerfCost-5d88: Processed 4398 samples out of 10000, 0 errors
11:07:04,6 INFO Experiment.PerfCost-5d88: Processed 4408 samples out of 10000, 0 errors
11:07:15,956 INFO Experiment.PerfCost-5d88: Processed 4418 samples out of 10000, 0 errors
11:07:27,918 INFO Experiment.PerfCost-5d88: Processed 4428 samples out of 10000, 0 errors
11:07:39,912 INFO Experiment.PerfCost-5d88: Processed 4438 samples out of 10000, 0 errors
11:07:52,11 INFO Experiment.PerfCost-5d88: Processed 4448 samples out of 10000, 0 errors
11:08:03,936 INFO Experiment.PerfCost-5d88: Processed 4458 samples out of 10000, 0 errors
11:08:15,864 INFO Experiment.PerfCost-5d88: Processed 4468 samples out of 10000, 0 errors
11:08:27,828 INFO Experiment.PerfCost-5d88: Processed 4478 samples out of 10000, 0 errors
11:08:39,797 INFO Experiment.PerfCost-5d88: Processed 4488 samples out of 10000, 0 errors
11:08:51,759 INFO Experiment.PerfCost-5d88: Processed 4498 samples out of 10000, 0 errors
11:09:03,715 INFO Experiment.PerfCost-5d88: Processed 4508 samples out of 10000, 0 errors
11:09:15,689 INFO Experiment.PerfCost-5d88: Processed 4518 samples out of 10000, 0 errors
11:09:27,729 INFO Experiment.PerfCost-5d88: Processed 4528 samples out of 10000, 0 errors
11:09:39,660 INFO Experiment.PerfCost-5d88: Processed 4538 samples out of 10000, 0 errors
11:09:51,596 INFO Experiment.PerfCost-5d88: Processed 4548 samples out of 10000, 0 errors
11:10:03,527 INFO Experiment.PerfCost-5d88: Processed 4558 samples out of 10000, 0 errors
11:10:15,450 INFO Experiment.PerfCost-5d88: Processed 4568 samples out of 10000, 0 errors
11:10:27,427 INFO Experiment.PerfCost-5d88: Processed 4578 samples out of 10000, 0 errors
11:10:39,345 INFO Experiment.PerfCost-5d88: Processed 4588 samples out of 10000, 0 errors
11:10:51,286 INFO Experiment.PerfCost-5d88: Processed 4598 samples out of 10000, 0 errors
11:11:03,230 INFO Experiment.PerfCost-5d88: Processed 4608 samples out of 10000, 0 errors
11:11:15,147 INFO Experiment.PerfCost-5d88: Processed 4618 samples out of 10000, 0 errors
11:11:27,128 INFO Experiment.PerfCost-5d88: Processed 4628 samples out of 10000, 0 errors
11:11:39,96 INFO Experiment.PerfCost-5d88: Processed 4638 samples out of 10000, 0 errors
11:11:51,32 INFO Experiment.PerfCost-5d88: Processed 4648 samples out of 10000, 0 errors
11:12:02,872 INFO Experiment.PerfCost-5d88: Processed 4658 samples out of 10000, 0 errors
11:12:14,830 INFO Experiment.PerfCost-5d88: Processed 4668 samples out of 10000, 0 errors
11:12:26,729 INFO Experiment.PerfCost-5d88: Processed 4678 samples out of 10000, 0 errors
11:12:38,715 INFO Experiment.PerfCost-5d88: Processed 4688 samples out of 10000, 0 errors
11:12:50,667 INFO Experiment.PerfCost-5d88: Processed 4698 samples out of 10000, 0 errors
11:13:02,631 INFO Experiment.PerfCost-5d88: Processed 4708 samples out of 10000, 0 errors
11:13:14,602 INFO Experiment.PerfCost-5d88: Processed 4718 samples out of 10000, 0 errors
11:13:26,561 INFO Experiment.PerfCost-5d88: Processed 4728 samples out of 10000, 0 errors
11:13:38,492 INFO Experiment.PerfCost-5d88: Processed 4738 samples out of 10000, 0 errors
11:13:50,461 INFO Experiment.PerfCost-5d88: Processed 4748 samples out of 10000, 0 errors
11:14:02,410 INFO Experiment.PerfCost-5d88: Processed 4758 samples out of 10000, 0 errors
11:14:14,377 INFO Experiment.PerfCost-5d88: Processed 4768 samples out of 10000, 0 errors
11:14:26,346 INFO Experiment.PerfCost-5d88: Processed 4778 samples out of 10000, 0 errors
11:14:38,302 INFO Experiment.PerfCost-5d88: Processed 4788 samples out of 10000, 0 errors
11:14:50,284 INFO Experiment.PerfCost-5d88: Processed 4798 samples out of 10000, 0 errors
11:15:02,207 INFO Experiment.PerfCost-5d88: Processed 4808 samples out of 10000, 0 errors
11:15:14,181 INFO Experiment.PerfCost-5d88: Processed 4818 samples out of 10000, 0 errors
11:15:26,152 INFO Experiment.PerfCost-5d88: Processed 4828 samples out of 10000, 0 errors
11:15:38,90 INFO Experiment.PerfCost-5d88: Processed 4838 samples out of 10000, 0 errors
11:15:50,91 INFO Experiment.PerfCost-5d88: Processed 4848 samples out of 10000, 0 errors
11:16:02,48 INFO Experiment.PerfCost-5d88: Processed 4858 samples out of 10000, 0 errors
11:16:14,47 INFO Experiment.PerfCost-5d88: Processed 4868 samples out of 10000, 0 errors
11:16:26,16 INFO Experiment.PerfCost-5d88: Processed 4878 samples out of 10000, 0 errors
11:16:37,973 INFO Experiment.PerfCost-5d88: Processed 4888 samples out of 10000, 0 errors
11:16:49,917 INFO Experiment.PerfCost-5d88: Processed 4898 samples out of 10000, 0 errors
11:17:01,869 INFO Experiment.PerfCost-5d88: Processed 4908 samples out of 10000, 0 errors
11:17:13,812 INFO Experiment.PerfCost-5d88: Processed 4918 samples out of 10000, 0 errors
11:17:25,810 INFO Experiment.PerfCost-5d88: Processed 4928 samples out of 10000, 0 errors
11:17:37,787 INFO Experiment.PerfCost-5d88: Processed 4938 samples out of 10000, 0 errors
11:17:49,748 INFO Experiment.PerfCost-5d88: Processed 4948 samples out of 10000, 0 errors
11:18:01,711 INFO Experiment.PerfCost-5d88: Processed 4958 samples out of 10000, 0 errors
11:18:13,694 INFO Experiment.PerfCost-5d88: Processed 4968 samples out of 10000, 0 errors
11:18:25,676 INFO Experiment.PerfCost-5d88: Processed 4978 samples out of 10000, 0 errors
11:18:37,630 INFO Experiment.PerfCost-5d88: Processed 4988 samples out of 10000, 0 errors
11:18:49,561 INFO Experiment.PerfCost-5d88: Processed 4998 samples out of 10000, 0 errors
11:19:01,465 INFO Experiment.PerfCost-5d88: Processed 5008 samples out of 10000, 0 errors
11:19:13,390 INFO Experiment.PerfCost-5d88: Processed 5018 samples out of 10000, 0 errors
11:19:25,285 INFO Experiment.PerfCost-5d88: Processed 5028 samples out of 10000, 0 errors
11:19:37,236 INFO Experiment.PerfCost-5d88: Processed 5038 samples out of 10000, 0 errors
11:19:49,208 INFO Experiment.PerfCost-5d88: Processed 5048 samples out of 10000, 0 errors
11:20:01,140 INFO Experiment.PerfCost-5d88: Processed 5058 samples out of 10000, 0 errors
11:20:13,56 INFO Experiment.PerfCost-5d88: Processed 5068 samples out of 10000, 0 errors
11:20:25,34 INFO Experiment.PerfCost-5d88: Processed 5078 samples out of 10000, 0 errors
11:20:37,58 INFO Experiment.PerfCost-5d88: Processed 5088 samples out of 10000, 0 errors
11:20:49,135 INFO Experiment.PerfCost-5d88: Processed 5098 samples out of 10000, 0 errors
11:21:01,104 INFO Experiment.PerfCost-5d88: Processed 5108 samples out of 10000, 0 errors
11:21:13,16 INFO Experiment.PerfCost-5d88: Processed 5118 samples out of 10000, 0 errors
11:21:25,10 INFO Experiment.PerfCost-5d88: Processed 5128 samples out of 10000, 0 errors
11:21:36,937 INFO Experiment.PerfCost-5d88: Processed 5138 samples out of 10000, 0 errors
11:21:48,921 INFO Experiment.PerfCost-5d88: Processed 5148 samples out of 10000, 0 errors
11:22:00,855 INFO Experiment.PerfCost-5d88: Processed 5158 samples out of 10000, 0 errors
11:22:12,733 INFO Experiment.PerfCost-5d88: Processed 5168 samples out of 10000, 0 errors
11:22:24,941 INFO Experiment.PerfCost-5d88: Processed 5178 samples out of 10000, 0 errors
11:22:36,914 INFO Experiment.PerfCost-5d88: Processed 5188 samples out of 10000, 0 errors
11:22:48,922 INFO Experiment.PerfCost-5d88: Processed 5198 samples out of 10000, 0 errors
11:23:00,911 INFO Experiment.PerfCost-5d88: Processed 5208 samples out of 10000, 0 errors
11:23:12,742 INFO Experiment.PerfCost-5d88: Processed 5218 samples out of 10000, 0 errors
11:23:24,715 INFO Experiment.PerfCost-5d88: Processed 5228 samples out of 10000, 0 errors
11:23:36,685 INFO Experiment.PerfCost-5d88: Processed 5238 samples out of 10000, 0 errors
11:23:48,631 INFO Experiment.PerfCost-5d88: Processed 5248 samples out of 10000, 0 errors
11:24:00,710 INFO Experiment.PerfCost-5d88: Processed 5258 samples out of 10000, 0 errors
11:24:12,628 INFO Experiment.PerfCost-5d88: Processed 5268 samples out of 10000, 0 errors
11:24:24,617 INFO Experiment.PerfCost-5d88: Processed 5278 samples out of 10000, 0 errors
11:24:36,550 INFO Experiment.PerfCost-5d88: Processed 5288 samples out of 10000, 0 errors
11:24:48,492 INFO Experiment.PerfCost-5d88: Processed 5298 samples out of 10000, 0 errors
11:25:00,338 INFO Experiment.PerfCost-5d88: Processed 5308 samples out of 10000, 0 errors
11:25:12,293 INFO Experiment.PerfCost-5d88: Processed 5318 samples out of 10000, 0 errors
11:25:24,215 INFO Experiment.PerfCost-5d88: Processed 5328 samples out of 10000, 0 errors
11:25:36,225 INFO Experiment.PerfCost-5d88: Processed 5338 samples out of 10000, 0 errors
11:25:48,158 INFO Experiment.PerfCost-5d88: Processed 5348 samples out of 10000, 0 errors
11:26:00,96 INFO Experiment.PerfCost-5d88: Processed 5358 samples out of 10000, 0 errors
11:26:12,50 INFO Experiment.PerfCost-5d88: Processed 5368 samples out of 10000, 0 errors
11:26:24,8 INFO Experiment.PerfCost-5d88: Processed 5378 samples out of 10000, 0 errors
11:26:36,57 INFO Experiment.PerfCost-5d88: Processed 5388 samples out of 10000, 0 errors
11:26:48,57 INFO Experiment.PerfCost-5d88: Processed 5398 samples out of 10000, 0 errors
11:27:00,191 INFO Experiment.PerfCost-5d88: Processed 5408 samples out of 10000, 0 errors
11:27:12,170 INFO Experiment.PerfCost-5d88: Processed 5418 samples out of 10000, 0 errors
11:27:24,173 INFO Experiment.PerfCost-5d88: Processed 5428 samples out of 10000, 0 errors
11:27:36,123 INFO Experiment.PerfCost-5d88: Processed 5438 samples out of 10000, 0 errors
11:27:48,92 INFO Experiment.PerfCost-5d88: Processed 5448 samples out of 10000, 0 errors
11:28:00,79 INFO Experiment.PerfCost-5d88: Processed 5458 samples out of 10000, 0 errors
11:28:11,970 INFO Experiment.PerfCost-5d88: Processed 5468 samples out of 10000, 0 errors
11:28:23,940 INFO Experiment.PerfCost-5d88: Processed 5478 samples out of 10000, 0 errors
11:28:35,887 INFO Experiment.PerfCost-5d88: Processed 5488 samples out of 10000, 0 errors
11:28:47,849 INFO Experiment.PerfCost-5d88: Processed 5498 samples out of 10000, 0 errors
11:28:59,789 INFO Experiment.PerfCost-5d88: Processed 5508 samples out of 10000, 0 errors
11:29:11,739 INFO Experiment.PerfCost-5d88: Processed 5518 samples out of 10000, 0 errors
11:29:23,685 INFO Experiment.PerfCost-5d88: Processed 5528 samples out of 10000, 0 errors
11:29:35,716 INFO Experiment.PerfCost-5d88: Processed 5538 samples out of 10000, 0 errors
11:29:47,686 INFO Experiment.PerfCost-5d88: Processed 5548 samples out of 10000, 0 errors
11:29:59,672 INFO Experiment.PerfCost-5d88: Processed 5558 samples out of 10000, 0 errors
11:30:11,608 INFO Experiment.PerfCost-5d88: Processed 5568 samples out of 10000, 0 errors
11:30:23,489 INFO Experiment.PerfCost-5d88: Processed 5578 samples out of 10000, 0 errors
11:30:35,501 INFO Experiment.PerfCost-5d88: Processed 5588 samples out of 10000, 0 errors
11:30:47,464 INFO Experiment.PerfCost-5d88: Processed 5598 samples out of 10000, 0 errors
11:30:59,448 INFO Experiment.PerfCost-5d88: Processed 5608 samples out of 10000, 0 errors
11:31:11,375 INFO Experiment.PerfCost-5d88: Processed 5618 samples out of 10000, 0 errors
11:31:23,351 INFO Experiment.PerfCost-5d88: Processed 5628 samples out of 10000, 0 errors
11:31:35,316 INFO Experiment.PerfCost-5d88: Processed 5638 samples out of 10000, 0 errors
11:31:47,283 INFO Experiment.PerfCost-5d88: Processed 5648 samples out of 10000, 0 errors
11:31:59,180 INFO Experiment.PerfCost-5d88: Processed 5658 samples out of 10000, 0 errors
11:32:11,154 INFO Experiment.PerfCost-5d88: Processed 5668 samples out of 10000, 0 errors
11:32:23,78 INFO Experiment.PerfCost-5d88: Processed 5678 samples out of 10000, 0 errors
11:32:35,16 INFO Experiment.PerfCost-5d88: Processed 5688 samples out of 10000, 0 errors
11:32:47,7 INFO Experiment.PerfCost-5d88: Processed 5698 samples out of 10000, 0 errors
11:32:58,982 INFO Experiment.PerfCost-5d88: Processed 5708 samples out of 10000, 0 errors
11:33:10,963 INFO Experiment.PerfCost-5d88: Processed 5718 samples out of 10000, 0 errors
11:33:22,840 INFO Experiment.PerfCost-5d88: Processed 5728 samples out of 10000, 0 errors
11:33:34,755 INFO Experiment.PerfCost-5d88: Processed 5738 samples out of 10000, 0 errors
11:33:46,956 INFO Experiment.PerfCost-5d88: Processed 5748 samples out of 10000, 0 errors
11:33:58,927 INFO Experiment.PerfCost-5d88: Processed 5758 samples out of 10000, 0 errors
11:34:10,842 INFO Experiment.PerfCost-5d88: Processed 5768 samples out of 10000, 0 errors
11:34:22,748 INFO Experiment.PerfCost-5d88: Processed 5778 samples out of 10000, 0 errors
11:34:34,706 INFO Experiment.PerfCost-5d88: Processed 5788 samples out of 10000, 0 errors
11:34:46,637 INFO Experiment.PerfCost-5d88: Processed 5798 samples out of 10000, 0 errors
11:34:58,588 INFO Experiment.PerfCost-5d88: Processed 5808 samples out of 10000, 0 errors
11:35:10,538 INFO Experiment.PerfCost-5d88: Processed 5818 samples out of 10000, 0 errors
11:35:22,500 INFO Experiment.PerfCost-5d88: Processed 5828 samples out of 10000, 0 errors
11:35:34,446 INFO Experiment.PerfCost-5d88: Processed 5838 samples out of 10000, 0 errors
11:35:46,444 INFO Experiment.PerfCost-5d88: Processed 5848 samples out of 10000, 0 errors
11:35:58,399 INFO Experiment.PerfCost-5d88: Processed 5858 samples out of 10000, 0 errors
11:36:10,416 INFO Experiment.PerfCost-5d88: Processed 5868 samples out of 10000, 0 errors
11:36:22,329 INFO Experiment.PerfCost-5d88: Processed 5878 samples out of 10000, 0 errors
11:36:34,273 INFO Experiment.PerfCost-5d88: Processed 5888 samples out of 10000, 0 errors
11:36:46,247 INFO Experiment.PerfCost-5d88: Processed 5898 samples out of 10000, 0 errors
11:36:58,250 INFO Experiment.PerfCost-5d88: Processed 5908 samples out of 10000, 0 errors
11:37:10,239 INFO Experiment.PerfCost-5d88: Processed 5918 samples out of 10000, 0 errors
11:37:22,156 INFO Experiment.PerfCost-5d88: Processed 5928 samples out of 10000, 0 errors
11:37:34,112 INFO Experiment.PerfCost-5d88: Processed 5938 samples out of 10000, 0 errors
11:37:46,90 INFO Experiment.PerfCost-5d88: Processed 5948 samples out of 10000, 0 errors
11:37:58,85 INFO Experiment.PerfCost-5d88: Processed 5958 samples out of 10000, 0 errors
11:38:10,41 INFO Experiment.PerfCost-5d88: Processed 5968 samples out of 10000, 0 errors
11:38:21,989 INFO Experiment.PerfCost-5d88: Processed 5978 samples out of 10000, 0 errors
11:38:33,935 INFO Experiment.PerfCost-5d88: Processed 5988 samples out of 10000, 0 errors
11:38:45,922 INFO Experiment.PerfCost-5d88: Processed 5998 samples out of 10000, 0 errors
11:38:57,855 INFO Experiment.PerfCost-5d88: Processed 6008 samples out of 10000, 0 errors
11:39:09,756 INFO Experiment.PerfCost-5d88: Processed 6018 samples out of 10000, 0 errors
11:39:21,699 INFO Experiment.PerfCost-5d88: Processed 6028 samples out of 10000, 0 errors
11:39:33,614 INFO Experiment.PerfCost-5d88: Processed 6038 samples out of 10000, 0 errors
11:39:45,720 INFO Experiment.PerfCost-5d88: Processed 6048 samples out of 10000, 0 errors
11:39:57,704 INFO Experiment.PerfCost-5d88: Processed 6058 samples out of 10000, 0 errors
11:40:09,639 INFO Experiment.PerfCost-5d88: Processed 6068 samples out of 10000, 0 errors
11:40:21,576 INFO Experiment.PerfCost-5d88: Processed 6078 samples out of 10000, 0 errors
11:40:33,481 INFO Experiment.PerfCost-5d88: Processed 6088 samples out of 10000, 0 errors
11:40:45,426 INFO Experiment.PerfCost-5d88: Processed 6098 samples out of 10000, 0 errors
11:40:57,395 INFO Experiment.PerfCost-5d88: Processed 6108 samples out of 10000, 0 errors
11:41:09,307 INFO Experiment.PerfCost-5d88: Processed 6118 samples out of 10000, 0 errors
11:41:21,297 INFO Experiment.PerfCost-5d88: Processed 6128 samples out of 10000, 0 errors
11:41:33,316 INFO Experiment.PerfCost-5d88: Processed 6138 samples out of 10000, 0 errors
11:41:45,293 INFO Experiment.PerfCost-5d88: Processed 6148 samples out of 10000, 0 errors
11:41:57,245 INFO Experiment.PerfCost-5d88: Processed 6158 samples out of 10000, 0 errors
11:42:09,214 INFO Experiment.PerfCost-5d88: Processed 6168 samples out of 10000, 0 errors
11:42:21,155 INFO Experiment.PerfCost-5d88: Processed 6178 samples out of 10000, 0 errors
11:42:33,36 INFO Experiment.PerfCost-5d88: Processed 6188 samples out of 10000, 0 errors
11:42:45,42 INFO Experiment.PerfCost-5d88: Processed 6198 samples out of 10000, 0 errors
11:42:57,6 INFO Experiment.PerfCost-5d88: Processed 6208 samples out of 10000, 0 errors
11:43:08,979 INFO Experiment.PerfCost-5d88: Processed 6218 samples out of 10000, 0 errors
11:43:20,965 INFO Experiment.PerfCost-5d88: Processed 6228 samples out of 10000, 0 errors
11:43:33,41 INFO Experiment.PerfCost-5d88: Processed 6238 samples out of 10000, 0 errors
11:43:45,6 INFO Experiment.PerfCost-5d88: Processed 6248 samples out of 10000, 0 errors
11:43:56,952 INFO Experiment.PerfCost-5d88: Processed 6258 samples out of 10000, 0 errors
11:44:08,935 INFO Experiment.PerfCost-5d88: Processed 6268 samples out of 10000, 0 errors
11:44:20,964 INFO Experiment.PerfCost-5d88: Processed 6278 samples out of 10000, 0 errors
11:44:32,830 INFO Experiment.PerfCost-5d88: Processed 6288 samples out of 10000, 0 errors
11:44:44,822 INFO Experiment.PerfCost-5d88: Processed 6298 samples out of 10000, 0 errors
11:44:56,787 INFO Experiment.PerfCost-5d88: Processed 6308 samples out of 10000, 0 errors
11:45:08,788 INFO Experiment.PerfCost-5d88: Processed 6318 samples out of 10000, 0 errors
11:45:20,782 INFO Experiment.PerfCost-5d88: Processed 6328 samples out of 10000, 0 errors
11:45:32,654 INFO Experiment.PerfCost-5d88: Processed 6338 samples out of 10000, 0 errors
11:45:44,645 INFO Experiment.PerfCost-5d88: Processed 6348 samples out of 10000, 0 errors
11:45:56,597 INFO Experiment.PerfCost-5d88: Processed 6358 samples out of 10000, 0 errors
11:46:08,528 INFO Experiment.PerfCost-5d88: Processed 6368 samples out of 10000, 0 errors
11:46:20,525 INFO Experiment.PerfCost-5d88: Processed 6378 samples out of 10000, 0 errors
11:46:32,426 INFO Experiment.PerfCost-5d88: Processed 6388 samples out of 10000, 0 errors
11:46:44,400 INFO Experiment.PerfCost-5d88: Processed 6398 samples out of 10000, 0 errors
11:46:56,358 INFO Experiment.PerfCost-5d88: Processed 6408 samples out of 10000, 0 errors
11:47:08,303 INFO Experiment.PerfCost-5d88: Processed 6418 samples out of 10000, 0 errors
11:47:20,343 INFO Experiment.PerfCost-5d88: Processed 6428 samples out of 10000, 0 errors
11:47:32,320 INFO Experiment.PerfCost-5d88: Processed 6438 samples out of 10000, 0 errors
11:47:44,211 INFO Experiment.PerfCost-5d88: Processed 6448 samples out of 10000, 0 errors
11:47:56,142 INFO Experiment.PerfCost-5d88: Processed 6458 samples out of 10000, 0 errors
11:48:08,204 INFO Experiment.PerfCost-5d88: Processed 6468 samples out of 10000, 0 errors
11:48:20,160 INFO Experiment.PerfCost-5d88: Processed 6478 samples out of 10000, 0 errors
11:48:32,131 INFO Experiment.PerfCost-5d88: Processed 6488 samples out of 10000, 0 errors
11:48:44,112 INFO Experiment.PerfCost-5d88: Processed 6498 samples out of 10000, 0 errors
11:48:56,102 INFO Experiment.PerfCost-5d88: Processed 6508 samples out of 10000, 0 errors
11:49:08,96 INFO Experiment.PerfCost-5d88: Processed 6518 samples out of 10000, 0 errors
11:49:20,39 INFO Experiment.PerfCost-5d88: Processed 6528 samples out of 10000, 0 errors
11:49:31,965 INFO Experiment.PerfCost-5d88: Processed 6538 samples out of 10000, 0 errors
11:49:43,869 INFO Experiment.PerfCost-5d88: Processed 6548 samples out of 10000, 0 errors
11:49:55,853 INFO Experiment.PerfCost-5d88: Processed 6558 samples out of 10000, 0 errors
11:50:07,788 INFO Experiment.PerfCost-5d88: Processed 6568 samples out of 10000, 0 errors
11:50:19,829 INFO Experiment.PerfCost-5d88: Processed 6578 samples out of 10000, 0 errors
11:50:31,777 INFO Experiment.PerfCost-5d88: Processed 6588 samples out of 10000, 0 errors
11:50:43,669 INFO Experiment.PerfCost-5d88: Processed 6598 samples out of 10000, 0 errors
11:50:55,613 INFO Experiment.PerfCost-5d88: Processed 6608 samples out of 10000, 0 errors
11:51:07,598 INFO Experiment.PerfCost-5d88: Processed 6618 samples out of 10000, 0 errors
11:51:19,528 INFO Experiment.PerfCost-5d88: Processed 6628 samples out of 10000, 0 errors
11:51:31,464 INFO Experiment.PerfCost-5d88: Processed 6638 samples out of 10000, 0 errors
11:51:43,370 INFO Experiment.PerfCost-5d88: Processed 6648 samples out of 10000, 0 errors
11:51:55,330 INFO Experiment.PerfCost-5d88: Processed 6658 samples out of 10000, 0 errors
11:52:07,317 INFO Experiment.PerfCost-5d88: Processed 6668 samples out of 10000, 0 errors
11:52:19,310 INFO Experiment.PerfCost-5d88: Processed 6678 samples out of 10000, 0 errors
11:52:31,315 INFO Experiment.PerfCost-5d88: Processed 6688 samples out of 10000, 0 errors
11:52:43,173 INFO Experiment.PerfCost-5d88: Processed 6698 samples out of 10000, 0 errors
11:52:55,131 INFO Experiment.PerfCost-5d88: Processed 6708 samples out of 10000, 0 errors
11:53:07,80 INFO Experiment.PerfCost-5d88: Processed 6718 samples out of 10000, 0 errors
11:53:19,101 INFO Experiment.PerfCost-5d88: Processed 6728 samples out of 10000, 0 errors
11:53:31,94 INFO Experiment.PerfCost-5d88: Processed 6738 samples out of 10000, 0 errors
11:53:42,969 INFO Experiment.PerfCost-5d88: Processed 6748 samples out of 10000, 0 errors
11:53:54,925 INFO Experiment.PerfCost-5d88: Processed 6758 samples out of 10000, 0 errors
11:54:06,884 INFO Experiment.PerfCost-5d88: Processed 6768 samples out of 10000, 0 errors
11:54:18,826 INFO Experiment.PerfCost-5d88: Processed 6778 samples out of 10000, 0 errors
11:54:30,810 INFO Experiment.PerfCost-5d88: Processed 6788 samples out of 10000, 0 errors
11:54:42,664 INFO Experiment.PerfCost-5d88: Processed 6798 samples out of 10000, 0 errors
11:54:54,636 INFO Experiment.PerfCost-5d88: Processed 6808 samples out of 10000, 0 errors
11:55:06,688 INFO Experiment.PerfCost-5d88: Processed 6818 samples out of 10000, 0 errors
11:55:18,745 INFO Experiment.PerfCost-5d88: Processed 6828 samples out of 10000, 0 errors
11:55:30,730 INFO Experiment.PerfCost-5d88: Processed 6838 samples out of 10000, 0 errors
11:55:42,597 INFO Experiment.PerfCost-5d88: Processed 6848 samples out of 10000, 0 errors
11:55:54,599 INFO Experiment.PerfCost-5d88: Processed 6858 samples out of 10000, 0 errors
11:56:06,595 INFO Experiment.PerfCost-5d88: Processed 6868 samples out of 10000, 0 errors
11:56:18,558 INFO Experiment.PerfCost-5d88: Processed 6878 samples out of 10000, 0 errors
11:56:30,518 INFO Experiment.PerfCost-5d88: Processed 6888 samples out of 10000, 0 errors
11:56:42,454 INFO Experiment.PerfCost-5d88: Processed 6898 samples out of 10000, 0 errors
11:56:54,397 INFO Experiment.PerfCost-5d88: Processed 6908 samples out of 10000, 0 errors
11:57:06,358 INFO Experiment.PerfCost-5d88: Processed 6918 samples out of 10000, 0 errors
11:57:18,307 INFO Experiment.PerfCost-5d88: Processed 6928 samples out of 10000, 0 errors
11:57:30,237 INFO Experiment.PerfCost-5d88: Processed 6938 samples out of 10000, 0 errors
11:57:42,265 INFO Experiment.PerfCost-5d88: Processed 6948 samples out of 10000, 0 errors
11:57:54,233 INFO Experiment.PerfCost-5d88: Processed 6958 samples out of 10000, 0 errors
11:58:06,163 INFO Experiment.PerfCost-5d88: Processed 6968 samples out of 10000, 0 errors
11:58:18,154 INFO Experiment.PerfCost-5d88: Processed 6978 samples out of 10000, 0 errors
11:58:30,81 INFO Experiment.PerfCost-5d88: Processed 6988 samples out of 10000, 0 errors
11:58:42,15 INFO Experiment.PerfCost-5d88: Processed 6998 samples out of 10000, 0 errors
11:58:53,918 INFO Experiment.PerfCost-5d88: Processed 7008 samples out of 10000, 0 errors
11:59:05,893 INFO Experiment.PerfCost-5d88: Processed 7018 samples out of 10000, 0 errors
11:59:17,834 INFO Experiment.PerfCost-5d88: Processed 7028 samples out of 10000, 0 errors
11:59:29,830 INFO Experiment.PerfCost-5d88: Processed 7038 samples out of 10000, 0 errors
11:59:41,796 INFO Experiment.PerfCost-5d88: Processed 7048 samples out of 10000, 0 errors
11:59:53,705 INFO Experiment.PerfCost-5d88: Processed 7058 samples out of 10000, 0 errors
12:00:05,677 INFO Experiment.PerfCost-5d88: Processed 7068 samples out of 10000, 0 errors
12:00:17,603 INFO Experiment.PerfCost-5d88: Processed 7078 samples out of 10000, 0 errors
12:00:29,600 INFO Experiment.PerfCost-5d88: Processed 7088 samples out of 10000, 0 errors
12:00:41,578 INFO Experiment.PerfCost-5d88: Processed 7098 samples out of 10000, 0 errors
12:00:53,468 INFO Experiment.PerfCost-5d88: Processed 7108 samples out of 10000, 0 errors
12:01:05,415 INFO Experiment.PerfCost-5d88: Processed 7118 samples out of 10000, 0 errors
12:01:17,405 INFO Experiment.PerfCost-5d88: Processed 7128 samples out of 10000, 0 errors
12:01:29,415 INFO Experiment.PerfCost-5d88: Processed 7138 samples out of 10000, 0 errors
12:01:41,383 INFO Experiment.PerfCost-5d88: Processed 7148 samples out of 10000, 0 errors
12:01:53,279 INFO Experiment.PerfCost-5d88: Processed 7158 samples out of 10000, 0 errors
12:02:05,296 INFO Experiment.PerfCost-5d88: Processed 7168 samples out of 10000, 0 errors
12:02:17,299 INFO Experiment.PerfCost-5d88: Processed 7178 samples out of 10000, 0 errors
12:02:29,248 INFO Experiment.PerfCost-5d88: Processed 7188 samples out of 10000, 0 errors
12:02:41,206 INFO Experiment.PerfCost-5d88: Processed 7198 samples out of 10000, 0 errors
12:02:53,134 INFO Experiment.PerfCost-5d88: Processed 7208 samples out of 10000, 0 errors
12:03:05,110 INFO Experiment.PerfCost-5d88: Processed 7218 samples out of 10000, 0 errors
12:03:17,68 INFO Experiment.PerfCost-5d88: Processed 7228 samples out of 10000, 0 errors
12:03:29,5 INFO Experiment.PerfCost-5d88: Processed 7238 samples out of 10000, 0 errors
12:03:40,967 INFO Experiment.PerfCost-5d88: Processed 7248 samples out of 10000, 0 errors
12:03:52,872 INFO Experiment.PerfCost-5d88: Processed 7258 samples out of 10000, 0 errors
12:04:04,840 INFO Experiment.PerfCost-5d88: Processed 7268 samples out of 10000, 0 errors
12:04:16,785 INFO Experiment.PerfCost-5d88: Processed 7278 samples out of 10000, 0 errors
12:04:28,749 INFO Experiment.PerfCost-5d88: Processed 7288 samples out of 10000, 0 errors
12:04:40,693 INFO Experiment.PerfCost-5d88: Processed 7298 samples out of 10000, 0 errors
12:04:52,577 INFO Experiment.PerfCost-5d88: Processed 7308 samples out of 10000, 0 errors
12:05:04,569 INFO Experiment.PerfCost-5d88: Processed 7318 samples out of 10000, 0 errors
12:05:16,496 INFO Experiment.PerfCost-5d88: Processed 7328 samples out of 10000, 0 errors
12:05:28,439 INFO Experiment.PerfCost-5d88: Processed 7338 samples out of 10000, 0 errors
12:05:40,402 INFO Experiment.PerfCost-5d88: Processed 7348 samples out of 10000, 0 errors
12:05:52,344 INFO Experiment.PerfCost-5d88: Processed 7358 samples out of 10000, 0 errors
12:06:04,290 INFO Experiment.PerfCost-5d88: Processed 7368 samples out of 10000, 0 errors
12:06:16,200 INFO Experiment.PerfCost-5d88: Processed 7378 samples out of 10000, 0 errors
12:06:28,158 INFO Experiment.PerfCost-5d88: Processed 7388 samples out of 10000, 0 errors
12:06:40,69 INFO Experiment.PerfCost-5d88: Processed 7398 samples out of 10000, 0 errors
12:06:52,69 INFO Experiment.PerfCost-5d88: Processed 7408 samples out of 10000, 0 errors
12:07:05,726 INFO Experiment.PerfCost-5d88: Invocation f67db3315bbc4a35bdb3315bbc8a35bc is cold!
12:07:05,726 INFO Experiment.PerfCost-5d88: Processed 7417 samples out of 10000, 0 errors
12:07:17,676 INFO Experiment.PerfCost-5d88: Processed 7427 samples out of 10000, 0 errors
12:07:29,674 INFO Experiment.PerfCost-5d88: Processed 7437 samples out of 10000, 0 errors
12:07:41,672 INFO Experiment.PerfCost-5d88: Processed 7447 samples out of 10000, 0 errors
12:07:53,581 INFO Experiment.PerfCost-5d88: Processed 7457 samples out of 10000, 0 errors
12:08:05,566 INFO Experiment.PerfCost-5d88: Processed 7467 samples out of 10000, 0 errors
12:08:17,465 INFO Experiment.PerfCost-5d88: Processed 7477 samples out of 10000, 0 errors
12:08:29,436 INFO Experiment.PerfCost-5d88: Processed 7487 samples out of 10000, 0 errors
12:08:41,415 INFO Experiment.PerfCost-5d88: Processed 7497 samples out of 10000, 0 errors
12:08:53,329 INFO Experiment.PerfCost-5d88: Processed 7507 samples out of 10000, 0 errors
12:09:05,263 INFO Experiment.PerfCost-5d88: Processed 7517 samples out of 10000, 0 errors
12:09:17,222 INFO Experiment.PerfCost-5d88: Processed 7527 samples out of 10000, 0 errors
12:09:29,204 INFO Experiment.PerfCost-5d88: Processed 7537 samples out of 10000, 0 errors
12:09:41,132 INFO Experiment.PerfCost-5d88: Processed 7547 samples out of 10000, 0 errors
12:09:52,988 INFO Experiment.PerfCost-5d88: Processed 7557 samples out of 10000, 0 errors
12:10:04,930 INFO Experiment.PerfCost-5d88: Processed 7567 samples out of 10000, 0 errors
12:10:16,928 INFO Experiment.PerfCost-5d88: Processed 7577 samples out of 10000, 0 errors
12:10:28,928 INFO Experiment.PerfCost-5d88: Processed 7587 samples out of 10000, 0 errors
12:10:40,956 INFO Experiment.PerfCost-5d88: Processed 7597 samples out of 10000, 0 errors
12:10:52,818 INFO Experiment.PerfCost-5d88: Processed 7607 samples out of 10000, 0 errors
12:11:04,782 INFO Experiment.PerfCost-5d88: Processed 7617 samples out of 10000, 0 errors
12:11:18,614 INFO Experiment.PerfCost-5d88: Invocation 55844afbab0c4b3b844afbab0cfb3b07 is cold!
12:11:18,614 INFO Experiment.PerfCost-5d88: Processed 7626 samples out of 10000, 0 errors
12:11:30,587 INFO Experiment.PerfCost-5d88: Processed 7636 samples out of 10000, 0 errors
12:11:42,501 INFO Experiment.PerfCost-5d88: Processed 7646 samples out of 10000, 0 errors
12:11:54,415 INFO Experiment.PerfCost-5d88: Processed 7656 samples out of 10000, 0 errors
12:12:06,330 INFO Experiment.PerfCost-5d88: Processed 7666 samples out of 10000, 0 errors
12:12:18,261 INFO Experiment.PerfCost-5d88: Processed 7676 samples out of 10000, 0 errors
12:12:30,187 INFO Experiment.PerfCost-5d88: Processed 7686 samples out of 10000, 0 errors
12:12:42,161 INFO Experiment.PerfCost-5d88: Processed 7696 samples out of 10000, 0 errors
12:12:54,103 INFO Experiment.PerfCost-5d88: Processed 7706 samples out of 10000, 0 errors
12:13:06,60 INFO Experiment.PerfCost-5d88: Processed 7716 samples out of 10000, 0 errors
12:13:18,30 INFO Experiment.PerfCost-5d88: Processed 7726 samples out of 10000, 0 errors
12:13:29,977 INFO Experiment.PerfCost-5d88: Processed 7736 samples out of 10000, 0 errors
12:13:41,926 INFO Experiment.PerfCost-5d88: Processed 7746 samples out of 10000, 0 errors
12:13:53,777 INFO Experiment.PerfCost-5d88: Processed 7756 samples out of 10000, 0 errors
12:14:05,721 INFO Experiment.PerfCost-5d88: Processed 7766 samples out of 10000, 0 errors
12:14:19,332 INFO Experiment.PerfCost-5d88: Invocation e8e71660d9544694a71660d954e6940b is cold!
12:14:19,333 INFO Experiment.PerfCost-5d88: Processed 7775 samples out of 10000, 0 errors
12:14:31,223 INFO Experiment.PerfCost-5d88: Processed 7785 samples out of 10000, 0 errors
12:14:43,114 INFO Experiment.PerfCost-5d88: Processed 7795 samples out of 10000, 0 errors
12:14:57,617 INFO Experiment.PerfCost-5d88: Invocation 71e2f877c1094db6a2f877c1090db660 is cold!
12:14:57,618 INFO Experiment.PerfCost-5d88: Processed 7804 samples out of 10000, 0 errors
12:15:09,560 INFO Experiment.PerfCost-5d88: Processed 7814 samples out of 10000, 0 errors
12:15:21,527 INFO Experiment.PerfCost-5d88: Processed 7824 samples out of 10000, 0 errors
12:15:33,425 INFO Experiment.PerfCost-5d88: Processed 7834 samples out of 10000, 0 errors
12:15:45,316 INFO Experiment.PerfCost-5d88: Processed 7844 samples out of 10000, 0 errors
12:15:57,309 INFO Experiment.PerfCost-5d88: Processed 7854 samples out of 10000, 0 errors
12:16:09,202 INFO Experiment.PerfCost-5d88: Processed 7864 samples out of 10000, 0 errors
12:16:22,833 INFO Experiment.PerfCost-5d88: Invocation bfe7a86cbdeb4a7aa7a86cbdeb8a7a00 is cold!
12:16:22,834 INFO Experiment.PerfCost-5d88: Processed 7873 samples out of 10000, 0 errors
12:16:34,855 INFO Experiment.PerfCost-5d88: Processed 7883 samples out of 10000, 0 errors
12:16:46,740 INFO Experiment.PerfCost-5d88: Processed 7893 samples out of 10000, 0 errors
12:16:58,751 INFO Experiment.PerfCost-5d88: Processed 7903 samples out of 10000, 0 errors
12:17:10,709 INFO Experiment.PerfCost-5d88: Processed 7913 samples out of 10000, 0 errors
12:17:22,579 INFO Experiment.PerfCost-5d88: Processed 7923 samples out of 10000, 0 errors
12:17:34,492 INFO Experiment.PerfCost-5d88: Processed 7933 samples out of 10000, 0 errors
12:17:46,484 INFO Experiment.PerfCost-5d88: Processed 7943 samples out of 10000, 0 errors
12:17:58,505 INFO Experiment.PerfCost-5d88: Processed 7953 samples out of 10000, 0 errors
12:18:10,474 INFO Experiment.PerfCost-5d88: Processed 7963 samples out of 10000, 0 errors
12:18:22,431 INFO Experiment.PerfCost-5d88: Processed 7973 samples out of 10000, 0 errors
12:18:34,373 INFO Experiment.PerfCost-5d88: Processed 7983 samples out of 10000, 0 errors
12:18:46,312 INFO Experiment.PerfCost-5d88: Processed 7993 samples out of 10000, 0 errors
12:18:58,240 INFO Experiment.PerfCost-5d88: Processed 8003 samples out of 10000, 0 errors
12:19:10,161 INFO Experiment.PerfCost-5d88: Processed 8013 samples out of 10000, 0 errors
12:19:22,101 INFO Experiment.PerfCost-5d88: Processed 8023 samples out of 10000, 0 errors
12:19:34,45 INFO Experiment.PerfCost-5d88: Processed 8033 samples out of 10000, 0 errors
12:19:45,997 INFO Experiment.PerfCost-5d88: Processed 8043 samples out of 10000, 0 errors
12:19:57,928 INFO Experiment.PerfCost-5d88: Processed 8053 samples out of 10000, 0 errors
12:20:09,878 INFO Experiment.PerfCost-5d88: Processed 8063 samples out of 10000, 0 errors
12:20:21,792 INFO Experiment.PerfCost-5d88: Processed 8073 samples out of 10000, 0 errors
12:20:33,678 INFO Experiment.PerfCost-5d88: Processed 8083 samples out of 10000, 0 errors
12:20:45,666 INFO Experiment.PerfCost-5d88: Processed 8093 samples out of 10000, 0 errors
12:20:57,618 INFO Experiment.PerfCost-5d88: Processed 8103 samples out of 10000, 0 errors
12:21:09,550 INFO Experiment.PerfCost-5d88: Processed 8113 samples out of 10000, 0 errors
12:21:21,476 INFO Experiment.PerfCost-5d88: Processed 8123 samples out of 10000, 0 errors
12:21:33,383 INFO Experiment.PerfCost-5d88: Processed 8133 samples out of 10000, 0 errors
12:21:45,340 INFO Experiment.PerfCost-5d88: Processed 8143 samples out of 10000, 0 errors
12:21:57,275 INFO Experiment.PerfCost-5d88: Processed 8153 samples out of 10000, 0 errors
12:22:09,185 INFO Experiment.PerfCost-5d88: Processed 8163 samples out of 10000, 0 errors
12:22:21,126 INFO Experiment.PerfCost-5d88: Processed 8173 samples out of 10000, 0 errors
12:22:33,52 INFO Experiment.PerfCost-5d88: Processed 8183 samples out of 10000, 0 errors
12:22:45,10 INFO Experiment.PerfCost-5d88: Processed 8193 samples out of 10000, 0 errors
12:22:56,967 INFO Experiment.PerfCost-5d88: Processed 8203 samples out of 10000, 0 errors
12:23:08,974 INFO Experiment.PerfCost-5d88: Processed 8213 samples out of 10000, 0 errors
12:23:20,859 INFO Experiment.PerfCost-5d88: Processed 8223 samples out of 10000, 0 errors
12:23:32,757 INFO Experiment.PerfCost-5d88: Processed 8233 samples out of 10000, 0 errors
12:23:44,775 INFO Experiment.PerfCost-5d88: Processed 8243 samples out of 10000, 0 errors
12:23:56,691 INFO Experiment.PerfCost-5d88: Processed 8253 samples out of 10000, 0 errors
12:24:08,643 INFO Experiment.PerfCost-5d88: Processed 8263 samples out of 10000, 0 errors
12:24:20,606 INFO Experiment.PerfCost-5d88: Processed 8273 samples out of 10000, 0 errors
12:24:32,511 INFO Experiment.PerfCost-5d88: Processed 8283 samples out of 10000, 0 errors
12:24:44,474 INFO Experiment.PerfCost-5d88: Processed 8293 samples out of 10000, 0 errors
12:24:56,405 INFO Experiment.PerfCost-5d88: Processed 8303 samples out of 10000, 0 errors
12:25:08,338 INFO Experiment.PerfCost-5d88: Processed 8313 samples out of 10000, 0 errors
12:25:20,269 INFO Experiment.PerfCost-5d88: Processed 8323 samples out of 10000, 0 errors
12:25:32,201 INFO Experiment.PerfCost-5d88: Processed 8333 samples out of 10000, 0 errors
12:25:44,82 INFO Experiment.PerfCost-5d88: Processed 8343 samples out of 10000, 0 errors
12:25:56,4 INFO Experiment.PerfCost-5d88: Processed 8353 samples out of 10000, 0 errors
12:26:10,613 INFO Experiment.PerfCost-5d88: Invocation 002ae85e3b4b4809aae85e3b4bd80927 is cold!
12:26:10,613 INFO Experiment.PerfCost-5d88: Processed 8362 samples out of 10000, 0 errors
12:26:22,545 INFO Experiment.PerfCost-5d88: Processed 8372 samples out of 10000, 0 errors
12:26:34,501 INFO Experiment.PerfCost-5d88: Processed 8382 samples out of 10000, 0 errors
12:26:46,444 INFO Experiment.PerfCost-5d88: Processed 8392 samples out of 10000, 0 errors
12:26:58,420 INFO Experiment.PerfCost-5d88: Processed 8402 samples out of 10000, 0 errors
12:27:10,407 INFO Experiment.PerfCost-5d88: Processed 8412 samples out of 10000, 0 errors
12:27:22,309 INFO Experiment.PerfCost-5d88: Processed 8422 samples out of 10000, 0 errors
12:27:34,244 INFO Experiment.PerfCost-5d88: Processed 8432 samples out of 10000, 0 errors
12:27:46,209 INFO Experiment.PerfCost-5d88: Processed 8442 samples out of 10000, 0 errors
12:27:58,221 INFO Experiment.PerfCost-5d88: Processed 8452 samples out of 10000, 0 errors
12:28:10,187 INFO Experiment.PerfCost-5d88: Processed 8462 samples out of 10000, 0 errors
12:28:22,121 INFO Experiment.PerfCost-5d88: Processed 8472 samples out of 10000, 0 errors
12:28:34,80 INFO Experiment.PerfCost-5d88: Processed 8482 samples out of 10000, 0 errors
12:28:46,43 INFO Experiment.PerfCost-5d88: Processed 8492 samples out of 10000, 0 errors
12:28:57,960 INFO Experiment.PerfCost-5d88: Processed 8502 samples out of 10000, 0 errors
12:29:09,939 INFO Experiment.PerfCost-5d88: Processed 8512 samples out of 10000, 0 errors
12:29:21,887 INFO Experiment.PerfCost-5d88: Processed 8522 samples out of 10000, 0 errors
12:29:33,801 INFO Experiment.PerfCost-5d88: Processed 8532 samples out of 10000, 0 errors
12:29:45,783 INFO Experiment.PerfCost-5d88: Processed 8542 samples out of 10000, 0 errors
12:29:57,729 INFO Experiment.PerfCost-5d88: Processed 8552 samples out of 10000, 0 errors
12:30:09,709 INFO Experiment.PerfCost-5d88: Processed 8562 samples out of 10000, 0 errors
12:30:21,646 INFO Experiment.PerfCost-5d88: Processed 8572 samples out of 10000, 0 errors
12:30:33,555 INFO Experiment.PerfCost-5d88: Processed 8582 samples out of 10000, 0 errors
12:30:45,505 INFO Experiment.PerfCost-5d88: Processed 8592 samples out of 10000, 0 errors
12:30:57,455 INFO Experiment.PerfCost-5d88: Processed 8602 samples out of 10000, 0 errors
12:31:09,384 INFO Experiment.PerfCost-5d88: Processed 8612 samples out of 10000, 0 errors
12:31:21,311 INFO Experiment.PerfCost-5d88: Processed 8622 samples out of 10000, 0 errors
12:31:33,201 INFO Experiment.PerfCost-5d88: Processed 8632 samples out of 10000, 0 errors
12:31:45,169 INFO Experiment.PerfCost-5d88: Processed 8642 samples out of 10000, 0 errors
12:31:57,135 INFO Experiment.PerfCost-5d88: Processed 8652 samples out of 10000, 0 errors
12:32:09,63 INFO Experiment.PerfCost-5d88: Processed 8662 samples out of 10000, 0 errors
12:32:21,40 INFO Experiment.PerfCost-5d88: Processed 8672 samples out of 10000, 0 errors
12:32:32,934 INFO Experiment.PerfCost-5d88: Processed 8682 samples out of 10000, 0 errors
12:32:44,919 INFO Experiment.PerfCost-5d88: Processed 8692 samples out of 10000, 0 errors
12:32:56,918 INFO Experiment.PerfCost-5d88: Processed 8702 samples out of 10000, 0 errors
12:33:08,883 INFO Experiment.PerfCost-5d88: Processed 8712 samples out of 10000, 0 errors
12:33:20,868 INFO Experiment.PerfCost-5d88: Processed 8722 samples out of 10000, 0 errors
12:33:32,731 INFO Experiment.PerfCost-5d88: Processed 8732 samples out of 10000, 0 errors
12:33:44,625 INFO Experiment.PerfCost-5d88: Processed 8742 samples out of 10000, 0 errors
12:33:56,596 INFO Experiment.PerfCost-5d88: Processed 8752 samples out of 10000, 0 errors
12:34:08,560 INFO Experiment.PerfCost-5d88: Processed 8762 samples out of 10000, 0 errors
12:34:20,529 INFO Experiment.PerfCost-5d88: Processed 8772 samples out of 10000, 0 errors
12:34:32,445 INFO Experiment.PerfCost-5d88: Processed 8782 samples out of 10000, 0 errors
12:34:44,468 INFO Experiment.PerfCost-5d88: Processed 8792 samples out of 10000, 0 errors
12:34:56,394 INFO Experiment.PerfCost-5d88: Processed 8802 samples out of 10000, 0 errors
12:35:08,341 INFO Experiment.PerfCost-5d88: Processed 8812 samples out of 10000, 0 errors
12:35:20,301 INFO Experiment.PerfCost-5d88: Processed 8822 samples out of 10000, 0 errors
12:35:32,149 INFO Experiment.PerfCost-5d88: Processed 8832 samples out of 10000, 0 errors
12:35:44,69 INFO Experiment.PerfCost-5d88: Processed 8842 samples out of 10000, 0 errors
12:35:55,966 INFO Experiment.PerfCost-5d88: Processed 8852 samples out of 10000, 0 errors
12:36:10,600 INFO Experiment.PerfCost-5d88: Invocation 36226e4976284a01a26e4976285a01db is cold!
12:36:10,600 INFO Experiment.PerfCost-5d88: Processed 8861 samples out of 10000, 0 errors
12:36:22,508 INFO Experiment.PerfCost-5d88: Processed 8871 samples out of 10000, 0 errors
12:36:34,447 INFO Experiment.PerfCost-5d88: Processed 8881 samples out of 10000, 0 errors
12:36:46,401 INFO Experiment.PerfCost-5d88: Processed 8891 samples out of 10000, 0 errors
12:36:58,356 INFO Experiment.PerfCost-5d88: Processed 8901 samples out of 10000, 0 errors
12:37:10,329 INFO Experiment.PerfCost-5d88: Processed 8911 samples out of 10000, 0 errors
12:37:22,287 INFO Experiment.PerfCost-5d88: Processed 8921 samples out of 10000, 0 errors
12:37:34,214 INFO Experiment.PerfCost-5d88: Processed 8931 samples out of 10000, 0 errors
12:37:46,157 INFO Experiment.PerfCost-5d88: Processed 8941 samples out of 10000, 0 errors
12:37:58,129 INFO Experiment.PerfCost-5d88: Processed 8951 samples out of 10000, 0 errors
12:38:10,90 INFO Experiment.PerfCost-5d88: Processed 8961 samples out of 10000, 0 errors
12:38:22,35 INFO Experiment.PerfCost-5d88: Processed 8971 samples out of 10000, 0 errors
12:38:33,987 INFO Experiment.PerfCost-5d88: Processed 8981 samples out of 10000, 0 errors
12:38:45,987 INFO Experiment.PerfCost-5d88: Processed 8991 samples out of 10000, 0 errors
12:38:57,940 INFO Experiment.PerfCost-5d88: Processed 9001 samples out of 10000, 0 errors
12:39:09,869 INFO Experiment.PerfCost-5d88: Processed 9011 samples out of 10000, 0 errors
12:39:21,911 INFO Experiment.PerfCost-5d88: Processed 9021 samples out of 10000, 0 errors
12:39:33,836 INFO Experiment.PerfCost-5d88: Processed 9031 samples out of 10000, 0 errors
12:39:45,794 INFO Experiment.PerfCost-5d88: Processed 9041 samples out of 10000, 0 errors
12:39:57,712 INFO Experiment.PerfCost-5d88: Processed 9051 samples out of 10000, 0 errors
12:40:09,774 INFO Experiment.PerfCost-5d88: Processed 9061 samples out of 10000, 0 errors
12:40:23,418 INFO Experiment.PerfCost-5d88: Invocation a37d590f72d4475abd590f72d4b75a3a is cold!
12:40:23,418 INFO Experiment.PerfCost-5d88: Processed 9070 samples out of 10000, 0 errors
12:40:35,353 INFO Experiment.PerfCost-5d88: Processed 9080 samples out of 10000, 0 errors
12:40:47,318 INFO Experiment.PerfCost-5d88: Processed 9090 samples out of 10000, 0 errors
12:40:59,299 INFO Experiment.PerfCost-5d88: Processed 9100 samples out of 10000, 0 errors
12:41:11,219 INFO Experiment.PerfCost-5d88: Processed 9110 samples out of 10000, 0 errors
12:41:23,151 INFO Experiment.PerfCost-5d88: Processed 9120 samples out of 10000, 0 errors
12:41:35,115 INFO Experiment.PerfCost-5d88: Processed 9130 samples out of 10000, 0 errors
12:41:47,97 INFO Experiment.PerfCost-5d88: Processed 9140 samples out of 10000, 0 errors
12:41:59,2 INFO Experiment.PerfCost-5d88: Processed 9150 samples out of 10000, 0 errors
12:42:10,959 INFO Experiment.PerfCost-5d88: Processed 9160 samples out of 10000, 0 errors
12:42:22,877 INFO Experiment.PerfCost-5d88: Processed 9170 samples out of 10000, 0 errors
12:42:34,806 INFO Experiment.PerfCost-5d88: Processed 9180 samples out of 10000, 0 errors
12:42:46,749 INFO Experiment.PerfCost-5d88: Processed 9190 samples out of 10000, 0 errors
12:42:58,746 INFO Experiment.PerfCost-5d88: Processed 9200 samples out of 10000, 0 errors
12:43:10,668 INFO Experiment.PerfCost-5d88: Processed 9210 samples out of 10000, 0 errors
12:43:22,534 INFO Experiment.PerfCost-5d88: Processed 9220 samples out of 10000, 0 errors
12:43:34,505 INFO Experiment.PerfCost-5d88: Processed 9230 samples out of 10000, 0 errors
12:43:46,477 INFO Experiment.PerfCost-5d88: Processed 9240 samples out of 10000, 0 errors
12:43:58,503 INFO Experiment.PerfCost-5d88: Processed 9250 samples out of 10000, 0 errors
12:44:10,493 INFO Experiment.PerfCost-5d88: Processed 9260 samples out of 10000, 0 errors
12:44:22,437 INFO Experiment.PerfCost-5d88: Processed 9270 samples out of 10000, 0 errors
12:44:34,387 INFO Experiment.PerfCost-5d88: Processed 9280 samples out of 10000, 0 errors
12:44:46,285 INFO Experiment.PerfCost-5d88: Processed 9290 samples out of 10000, 0 errors
12:44:58,237 INFO Experiment.PerfCost-5d88: Processed 9300 samples out of 10000, 0 errors
12:45:10,146 INFO Experiment.PerfCost-5d88: Processed 9310 samples out of 10000, 0 errors
12:45:22,42 INFO Experiment.PerfCost-5d88: Processed 9320 samples out of 10000, 0 errors
12:45:33,932 INFO Experiment.PerfCost-5d88: Processed 9330 samples out of 10000, 0 errors
12:45:45,861 INFO Experiment.PerfCost-5d88: Processed 9340 samples out of 10000, 0 errors
12:45:57,832 INFO Experiment.PerfCost-5d88: Processed 9350 samples out of 10000, 0 errors
12:46:09,805 INFO Experiment.PerfCost-5d88: Processed 9360 samples out of 10000, 0 errors
12:46:21,762 INFO Experiment.PerfCost-5d88: Processed 9370 samples out of 10000, 0 errors
12:46:33,713 INFO Experiment.PerfCost-5d88: Processed 9380 samples out of 10000, 0 errors
12:46:45,683 INFO Experiment.PerfCost-5d88: Processed 9390 samples out of 10000, 0 errors
12:46:57,681 INFO Experiment.PerfCost-5d88: Processed 9400 samples out of 10000, 0 errors
12:47:09,654 INFO Experiment.PerfCost-5d88: Processed 9410 samples out of 10000, 0 errors
12:47:21,615 INFO Experiment.PerfCost-5d88: Processed 9420 samples out of 10000, 0 errors
12:47:33,519 INFO Experiment.PerfCost-5d88: Processed 9430 samples out of 10000, 0 errors
12:47:45,441 INFO Experiment.PerfCost-5d88: Processed 9440 samples out of 10000, 0 errors
12:47:57,512 INFO Experiment.PerfCost-5d88: Processed 9450 samples out of 10000, 0 errors
12:48:09,493 INFO Experiment.PerfCost-5d88: Processed 9460 samples out of 10000, 0 errors
12:48:21,570 INFO Experiment.PerfCost-5d88: Processed 9470 samples out of 10000, 0 errors
12:48:33,450 INFO Experiment.PerfCost-5d88: Processed 9480 samples out of 10000, 0 errors
12:48:45,455 INFO Experiment.PerfCost-5d88: Processed 9490 samples out of 10000, 0 errors
12:48:57,384 INFO Experiment.PerfCost-5d88: Processed 9500 samples out of 10000, 0 errors
12:49:09,301 INFO Experiment.PerfCost-5d88: Processed 9510 samples out of 10000, 0 errors
12:49:21,252 INFO Experiment.PerfCost-5d88: Processed 9520 samples out of 10000, 0 errors
12:49:33,151 INFO Experiment.PerfCost-5d88: Processed 9530 samples out of 10000, 0 errors
12:49:45,111 INFO Experiment.PerfCost-5d88: Processed 9540 samples out of 10000, 0 errors
12:49:57,66 INFO Experiment.PerfCost-5d88: Processed 9550 samples out of 10000, 0 errors
12:50:09,31 INFO Experiment.PerfCost-5d88: Processed 9560 samples out of 10000, 0 errors
12:50:21,59 INFO Experiment.PerfCost-5d88: Processed 9570 samples out of 10000, 0 errors
12:50:32,965 INFO Experiment.PerfCost-5d88: Processed 9580 samples out of 10000, 0 errors
12:50:44,932 INFO Experiment.PerfCost-5d88: Processed 9590 samples out of 10000, 0 errors
12:50:56,857 INFO Experiment.PerfCost-5d88: Processed 9600 samples out of 10000, 0 errors
12:51:08,840 INFO Experiment.PerfCost-5d88: Processed 9610 samples out of 10000, 0 errors
12:51:20,779 INFO Experiment.PerfCost-5d88: Processed 9620 samples out of 10000, 0 errors
12:51:32,786 INFO Experiment.PerfCost-5d88: Processed 9630 samples out of 10000, 0 errors
12:51:44,714 INFO Experiment.PerfCost-5d88: Processed 9640 samples out of 10000, 0 errors
12:51:56,668 INFO Experiment.PerfCost-5d88: Processed 9650 samples out of 10000, 0 errors
12:52:08,583 INFO Experiment.PerfCost-5d88: Processed 9660 samples out of 10000, 0 errors
12:52:20,534 INFO Experiment.PerfCost-5d88: Processed 9670 samples out of 10000, 0 errors
12:52:32,447 INFO Experiment.PerfCost-5d88: Processed 9680 samples out of 10000, 0 errors
12:52:44,397 INFO Experiment.PerfCost-5d88: Processed 9690 samples out of 10000, 0 errors
12:52:56,331 INFO Experiment.PerfCost-5d88: Processed 9700 samples out of 10000, 0 errors
12:53:08,293 INFO Experiment.PerfCost-5d88: Processed 9710 samples out of 10000, 0 errors
12:53:20,318 INFO Experiment.PerfCost-5d88: Processed 9720 samples out of 10000, 0 errors
12:53:32,264 INFO Experiment.PerfCost-5d88: Processed 9730 samples out of 10000, 0 errors
12:53:44,283 INFO Experiment.PerfCost-5d88: Processed 9740 samples out of 10000, 0 errors
12:53:56,207 INFO Experiment.PerfCost-5d88: Processed 9750 samples out of 10000, 0 errors
12:54:08,157 INFO Experiment.PerfCost-5d88: Processed 9760 samples out of 10000, 0 errors
12:54:20,106 INFO Experiment.PerfCost-5d88: Processed 9770 samples out of 10000, 0 errors
12:54:32,189 INFO Experiment.PerfCost-5d88: Processed 9780 samples out of 10000, 0 errors
12:54:44,140 INFO Experiment.PerfCost-5d88: Processed 9790 samples out of 10000, 0 errors
12:54:56,118 INFO Experiment.PerfCost-5d88: Processed 9800 samples out of 10000, 0 errors
12:55:08,63 INFO Experiment.PerfCost-5d88: Processed 9810 samples out of 10000, 0 errors
12:55:19,920 INFO Experiment.PerfCost-5d88: Processed 9820 samples out of 10000, 0 errors
12:55:31,777 INFO Experiment.PerfCost-5d88: Processed 9830 samples out of 10000, 0 errors
12:55:43,614 INFO Experiment.PerfCost-5d88: Processed 9840 samples out of 10000, 0 errors
12:55:55,471 INFO Experiment.PerfCost-5d88: Processed 9850 samples out of 10000, 0 errors
12:56:07,408 INFO Experiment.PerfCost-5d88: Processed 9860 samples out of 10000, 0 errors
12:56:19,380 INFO Experiment.PerfCost-5d88: Processed 9870 samples out of 10000, 0 errors
12:56:31,401 INFO Experiment.PerfCost-5d88: Processed 9880 samples out of 10000, 0 errors
12:56:43,288 INFO Experiment.PerfCost-5d88: Processed 9890 samples out of 10000, 0 errors
12:56:55,260 INFO Experiment.PerfCost-5d88: Processed 9900 samples out of 10000, 0 errors
12:57:07,232 INFO Experiment.PerfCost-5d88: Processed 9910 samples out of 10000, 0 errors
12:57:19,246 INFO Experiment.PerfCost-5d88: Processed 9920 samples out of 10000, 0 errors
12:57:31,134 INFO Experiment.PerfCost-5d88: Processed 9930 samples out of 10000, 0 errors
12:57:42,928 INFO Experiment.PerfCost-5d88: Processed 9940 samples out of 10000, 0 errors
12:57:54,845 INFO Experiment.PerfCost-5d88: Processed 9950 samples out of 10000, 0 errors
12:58:09,352 INFO Experiment.PerfCost-5d88: Invocation 6a227ad37cc34b30a27ad37cc3ab300f is cold!
12:58:09,352 INFO Experiment.PerfCost-5d88: Processed 9959 samples out of 10000, 0 errors
12:58:21,327 INFO Experiment.PerfCost-5d88: Processed 9969 samples out of 10000, 0 errors
12:58:33,348 INFO Experiment.PerfCost-5d88: Processed 9979 samples out of 10000, 0 errors
12:58:45,353 INFO Experiment.PerfCost-5d88: Processed 9989 samples out of 10000, 0 errors
12:58:57,304 INFO Experiment.PerfCost-5d88: Processed 9999 samples out of 10000, 0 errors
12:59:09,227 INFO Experiment.PerfCost-5d88: Processed 10009 samples out of 10000, 0 errors
12:59:14,247 INFO Experiment.PerfCost-5d88: Mean 1226.115516035568 [ms], median 1055.328 [ms], std 358.45659810266005, CV 29.23514085048588
12:59:14,252 INFO Experiment.PerfCost-5d88: Parametric CI (Student's t-distribution) 0.95 from 1219.0918549377636 to 1233.1391771333722, within 0.572838448412599% of mean
12:59:14,254 INFO Experiment.PerfCost-5d88: Non-parametric CI 0.95 from 1054.798 to 1055.985, within 0.056238439613082294% of median
12:59:14,256 INFO Experiment.PerfCost-5d88: Parametric CI (Student's t-distribution) 0.99 from 1216.8842164463783 to 1235.3468156247575, within 0.7528898760728013% of mean
12:59:14,259 INFO Experiment.PerfCost-5d88: Non-parametric CI 0.99 from 1054.672 to 1056.176, within 0.071257466872854% of median
