00:50:29,207 INFO SeBS-4606: Created experiment output at /home/anou/msc-thesis/task-based-experiment/experiment-results/nodejs/non-instrumented/221.video-processing
00:50:29,553 INFO OpenWhisk.Resources-ca32: Using user-provided configuration of storage for OpenWhisk.
00:50:29,553 INFO OpenWhisk-d0ba: Using existing resource name: 91d37410.
00:50:29,646 INFO Benchmark-6d75: Building benchmark 221.video-processing. Reason: no cached code package.
00:50:36,808 INFO Benchmark-6d75: There is no Docker build image for openwhisk run in nodejs, thus skipping the Docker-based installation of dependencies.
00:50:36,810 INFO OpenWhisk-d0ba: Build the benchmark base image andersnou/msc-thesis:function.openwhisk.221.video-processing.nodejs-12.
00:50:38,1 INFO OpenWhisk-d0ba: Push the benchmark base image andersnou/msc-thesis:function.openwhisk.221.video-processing.nodejs-12 to registry: Docker Hub.
00:50:39,479 INFO OpenWhisk-d0ba: Created /home/anou/msc-thesis/task-based-experiment/experiment-results/nodejs/non-instrumented/221.video-processing/221.video-processing_code/nodejs/12/221.video-processing.zip archive
00:50:39,480 INFO OpenWhisk-d0ba: Zip archive size 0.000621 MB
00:50:39,482 INFO Benchmark-6d75: Created code package (source hash: f6f382b1f92a62352e0c314b0b1c0229), for run on openwhisk with nodejs:12
00:50:39,485 INFO OpenWhisk-d0ba: Creating new function! Reason: function 221.video-processing-nodejs-12 not found in cache.
00:50:39,485 INFO OpenWhisk-d0ba: Creating function as an action in OpenWhisk.
00:50:39,655 INFO OpenWhisk-d0ba: Creating new OpenWhisk action 221.video-processing-nodejs-12
00:50:40,87 INFO Experiment.PerfCost-bfba: Begin experiment on memory size 512
00:50:40,87 INFO OpenWhisk-d0ba: Update an existing OpenWhisk action 221.video-processing-nodejs-12.
00:50:40,263 INFO Experiment.PerfCost-bfba: Begin warm experiments
00:50:54,736 INFO Experiment.PerfCost-bfba: Processed 0 warm-up samples, ignoring these results.
00:51:07,149 INFO Experiment.PerfCost-bfba: Processed 10 samples out of 10000, 0 errors
00:51:19,582 INFO Experiment.PerfCost-bfba: Processed 20 samples out of 10000, 0 errors
00:51:31,994 INFO Experiment.PerfCost-bfba: Processed 30 samples out of 10000, 0 errors
00:51:44,418 INFO Experiment.PerfCost-bfba: Processed 40 samples out of 10000, 0 errors
00:51:56,848 INFO Experiment.PerfCost-bfba: Processed 50 samples out of 10000, 0 errors
00:52:09,249 INFO Experiment.PerfCost-bfba: Processed 60 samples out of 10000, 0 errors
00:52:21,627 INFO Experiment.PerfCost-bfba: Processed 70 samples out of 10000, 0 errors
00:52:34,91 INFO Experiment.PerfCost-bfba: Processed 80 samples out of 10000, 0 errors
00:52:46,510 INFO Experiment.PerfCost-bfba: Processed 90 samples out of 10000, 0 errors
00:52:58,971 INFO Experiment.PerfCost-bfba: Processed 100 samples out of 10000, 0 errors
00:53:11,342 INFO Experiment.PerfCost-bfba: Processed 110 samples out of 10000, 0 errors
00:53:23,629 INFO Experiment.PerfCost-bfba: Processed 120 samples out of 10000, 0 errors
00:53:36,42 INFO Experiment.PerfCost-bfba: Processed 130 samples out of 10000, 0 errors
00:53:48,564 INFO Experiment.PerfCost-bfba: Processed 140 samples out of 10000, 0 errors
00:54:01,11 INFO Experiment.PerfCost-bfba: Processed 150 samples out of 10000, 0 errors
00:54:13,378 INFO Experiment.PerfCost-bfba: Processed 160 samples out of 10000, 0 errors
00:54:25,809 INFO Experiment.PerfCost-bfba: Processed 170 samples out of 10000, 0 errors
00:54:38,227 INFO Experiment.PerfCost-bfba: Processed 180 samples out of 10000, 0 errors
00:54:50,603 INFO Experiment.PerfCost-bfba: Processed 190 samples out of 10000, 0 errors
00:55:03,66 INFO Experiment.PerfCost-bfba: Processed 200 samples out of 10000, 0 errors
00:55:15,539 INFO Experiment.PerfCost-bfba: Processed 210 samples out of 10000, 0 errors
00:55:28,41 INFO Experiment.PerfCost-bfba: Processed 220 samples out of 10000, 0 errors
00:55:40,475 INFO Experiment.PerfCost-bfba: Processed 230 samples out of 10000, 0 errors
00:55:52,807 INFO Experiment.PerfCost-bfba: Processed 240 samples out of 10000, 0 errors
00:56:05,270 INFO Experiment.PerfCost-bfba: Processed 250 samples out of 10000, 0 errors
00:56:17,731 INFO Experiment.PerfCost-bfba: Processed 260 samples out of 10000, 0 errors
00:56:30,215 INFO Experiment.PerfCost-bfba: Processed 270 samples out of 10000, 0 errors
00:56:42,680 INFO Experiment.PerfCost-bfba: Processed 280 samples out of 10000, 0 errors
00:56:55,83 INFO Experiment.PerfCost-bfba: Processed 290 samples out of 10000, 0 errors
00:57:07,580 INFO Experiment.PerfCost-bfba: Processed 300 samples out of 10000, 0 errors
00:57:19,888 INFO Experiment.PerfCost-bfba: Processed 310 samples out of 10000, 0 errors
00:57:32,409 INFO Experiment.PerfCost-bfba: Processed 320 samples out of 10000, 0 errors
00:57:44,805 INFO Experiment.PerfCost-bfba: Processed 330 samples out of 10000, 0 errors
00:57:57,165 INFO Experiment.PerfCost-bfba: Processed 340 samples out of 10000, 0 errors
00:58:09,466 INFO Experiment.PerfCost-bfba: Processed 350 samples out of 10000, 0 errors
00:58:21,766 INFO Experiment.PerfCost-bfba: Processed 360 samples out of 10000, 0 errors
00:58:34,185 INFO Experiment.PerfCost-bfba: Processed 370 samples out of 10000, 0 errors
00:58:46,655 INFO Experiment.PerfCost-bfba: Processed 380 samples out of 10000, 0 errors
00:58:58,987 INFO Experiment.PerfCost-bfba: Processed 390 samples out of 10000, 0 errors
00:59:11,399 INFO Experiment.PerfCost-bfba: Processed 400 samples out of 10000, 0 errors
00:59:23,855 INFO Experiment.PerfCost-bfba: Processed 410 samples out of 10000, 0 errors
00:59:36,340 INFO Experiment.PerfCost-bfba: Processed 420 samples out of 10000, 0 errors
00:59:48,752 INFO Experiment.PerfCost-bfba: Processed 430 samples out of 10000, 0 errors
01:00:01,110 INFO Experiment.PerfCost-bfba: Processed 440 samples out of 10000, 0 errors
01:00:13,481 INFO Experiment.PerfCost-bfba: Processed 450 samples out of 10000, 0 errors
01:00:25,904 INFO Experiment.PerfCost-bfba: Processed 460 samples out of 10000, 0 errors
01:00:38,391 INFO Experiment.PerfCost-bfba: Processed 470 samples out of 10000, 0 errors
01:00:50,834 INFO Experiment.PerfCost-bfba: Processed 480 samples out of 10000, 0 errors
01:01:03,163 INFO Experiment.PerfCost-bfba: Processed 490 samples out of 10000, 0 errors
01:01:15,663 INFO Experiment.PerfCost-bfba: Processed 500 samples out of 10000, 0 errors
01:01:27,994 INFO Experiment.PerfCost-bfba: Processed 510 samples out of 10000, 0 errors
01:01:40,389 INFO Experiment.PerfCost-bfba: Processed 520 samples out of 10000, 0 errors
01:01:52,718 INFO Experiment.PerfCost-bfba: Processed 530 samples out of 10000, 0 errors
01:02:05,117 INFO Experiment.PerfCost-bfba: Processed 540 samples out of 10000, 0 errors
01:02:17,471 INFO Experiment.PerfCost-bfba: Processed 550 samples out of 10000, 0 errors
01:02:29,845 INFO Experiment.PerfCost-bfba: Processed 560 samples out of 10000, 0 errors
01:02:42,182 INFO Experiment.PerfCost-bfba: Processed 570 samples out of 10000, 0 errors
01:02:54,592 INFO Experiment.PerfCost-bfba: Processed 580 samples out of 10000, 0 errors
01:03:06,985 INFO Experiment.PerfCost-bfba: Processed 590 samples out of 10000, 0 errors
01:03:19,369 INFO Experiment.PerfCost-bfba: Processed 600 samples out of 10000, 0 errors
01:03:31,809 INFO Experiment.PerfCost-bfba: Processed 610 samples out of 10000, 0 errors
01:03:44,182 INFO Experiment.PerfCost-bfba: Processed 620 samples out of 10000, 0 errors
01:03:56,563 INFO Experiment.PerfCost-bfba: Processed 630 samples out of 10000, 0 errors
01:04:09,14 INFO Experiment.PerfCost-bfba: Processed 640 samples out of 10000, 0 errors
01:04:21,533 INFO Experiment.PerfCost-bfba: Processed 650 samples out of 10000, 0 errors
01:04:33,885 INFO Experiment.PerfCost-bfba: Processed 660 samples out of 10000, 0 errors
01:04:46,180 INFO Experiment.PerfCost-bfba: Processed 670 samples out of 10000, 0 errors
01:04:58,626 INFO Experiment.PerfCost-bfba: Processed 680 samples out of 10000, 0 errors
01:05:11,111 INFO Experiment.PerfCost-bfba: Processed 690 samples out of 10000, 0 errors
01:05:23,581 INFO Experiment.PerfCost-bfba: Processed 700 samples out of 10000, 0 errors
01:05:35,978 INFO Experiment.PerfCost-bfba: Processed 710 samples out of 10000, 0 errors
01:05:48,366 INFO Experiment.PerfCost-bfba: Processed 720 samples out of 10000, 0 errors
01:06:00,853 INFO Experiment.PerfCost-bfba: Processed 730 samples out of 10000, 0 errors
01:06:13,217 INFO Experiment.PerfCost-bfba: Processed 740 samples out of 10000, 0 errors
01:06:25,679 INFO Experiment.PerfCost-bfba: Processed 750 samples out of 10000, 0 errors
01:06:38,159 INFO Experiment.PerfCost-bfba: Processed 760 samples out of 10000, 0 errors
01:06:50,590 INFO Experiment.PerfCost-bfba: Processed 770 samples out of 10000, 0 errors
01:07:03,123 INFO Experiment.PerfCost-bfba: Processed 780 samples out of 10000, 0 errors
01:07:15,499 INFO Experiment.PerfCost-bfba: Processed 790 samples out of 10000, 0 errors
01:07:27,921 INFO Experiment.PerfCost-bfba: Processed 800 samples out of 10000, 0 errors
01:07:40,325 INFO Experiment.PerfCost-bfba: Processed 810 samples out of 10000, 0 errors
01:07:52,686 INFO Experiment.PerfCost-bfba: Processed 820 samples out of 10000, 0 errors
01:08:05,120 INFO Experiment.PerfCost-bfba: Processed 830 samples out of 10000, 0 errors
01:08:17,513 INFO Experiment.PerfCost-bfba: Processed 840 samples out of 10000, 0 errors
01:08:29,926 INFO Experiment.PerfCost-bfba: Processed 850 samples out of 10000, 0 errors
01:08:42,384 INFO Experiment.PerfCost-bfba: Processed 860 samples out of 10000, 0 errors
01:08:54,856 INFO Experiment.PerfCost-bfba: Processed 870 samples out of 10000, 0 errors
01:09:07,235 INFO Experiment.PerfCost-bfba: Processed 880 samples out of 10000, 0 errors
01:09:19,624 INFO Experiment.PerfCost-bfba: Processed 890 samples out of 10000, 0 errors
01:09:32,4 INFO Experiment.PerfCost-bfba: Processed 900 samples out of 10000, 0 errors
01:09:44,390 INFO Experiment.PerfCost-bfba: Processed 910 samples out of 10000, 0 errors
01:09:56,836 INFO Experiment.PerfCost-bfba: Processed 920 samples out of 10000, 0 errors
01:10:09,232 INFO Experiment.PerfCost-bfba: Processed 930 samples out of 10000, 0 errors
01:10:21,590 INFO Experiment.PerfCost-bfba: Processed 940 samples out of 10000, 0 errors
01:10:33,983 INFO Experiment.PerfCost-bfba: Processed 950 samples out of 10000, 0 errors
01:10:46,377 INFO Experiment.PerfCost-bfba: Processed 960 samples out of 10000, 0 errors
01:10:58,773 INFO Experiment.PerfCost-bfba: Processed 970 samples out of 10000, 0 errors
01:11:11,154 INFO Experiment.PerfCost-bfba: Processed 980 samples out of 10000, 0 errors
01:11:23,525 INFO Experiment.PerfCost-bfba: Processed 990 samples out of 10000, 0 errors
01:11:35,880 INFO Experiment.PerfCost-bfba: Processed 1000 samples out of 10000, 0 errors
01:11:48,177 INFO Experiment.PerfCost-bfba: Processed 1010 samples out of 10000, 0 errors
01:12:00,651 INFO Experiment.PerfCost-bfba: Processed 1020 samples out of 10000, 0 errors
01:12:12,967 INFO Experiment.PerfCost-bfba: Processed 1030 samples out of 10000, 0 errors
01:12:25,491 INFO Experiment.PerfCost-bfba: Processed 1040 samples out of 10000, 0 errors
01:12:37,800 INFO Experiment.PerfCost-bfba: Processed 1050 samples out of 10000, 0 errors
01:12:50,139 INFO Experiment.PerfCost-bfba: Processed 1060 samples out of 10000, 0 errors
01:13:02,606 INFO Experiment.PerfCost-bfba: Processed 1070 samples out of 10000, 0 errors
01:13:15,70 INFO Experiment.PerfCost-bfba: Processed 1080 samples out of 10000, 0 errors
01:13:27,514 INFO Experiment.PerfCost-bfba: Processed 1090 samples out of 10000, 0 errors
01:13:39,840 INFO Experiment.PerfCost-bfba: Processed 1100 samples out of 10000, 0 errors
01:13:52,275 INFO Experiment.PerfCost-bfba: Processed 1110 samples out of 10000, 0 errors
01:14:04,654 INFO Experiment.PerfCost-bfba: Processed 1120 samples out of 10000, 0 errors
01:14:17,60 INFO Experiment.PerfCost-bfba: Processed 1130 samples out of 10000, 0 errors
01:14:29,490 INFO Experiment.PerfCost-bfba: Processed 1140 samples out of 10000, 0 errors
01:14:41,859 INFO Experiment.PerfCost-bfba: Processed 1150 samples out of 10000, 0 errors
01:14:54,306 INFO Experiment.PerfCost-bfba: Processed 1160 samples out of 10000, 0 errors
01:15:06,750 INFO Experiment.PerfCost-bfba: Processed 1170 samples out of 10000, 0 errors
01:15:19,150 INFO Experiment.PerfCost-bfba: Processed 1180 samples out of 10000, 0 errors
01:15:31,692 INFO Experiment.PerfCost-bfba: Processed 1190 samples out of 10000, 0 errors
01:15:44,106 INFO Experiment.PerfCost-bfba: Processed 1200 samples out of 10000, 0 errors
01:15:56,401 INFO Experiment.PerfCost-bfba: Processed 1210 samples out of 10000, 0 errors
01:16:08,818 INFO Experiment.PerfCost-bfba: Processed 1220 samples out of 10000, 0 errors
01:16:21,267 INFO Experiment.PerfCost-bfba: Processed 1230 samples out of 10000, 0 errors
01:16:33,713 INFO Experiment.PerfCost-bfba: Processed 1240 samples out of 10000, 0 errors
01:16:46,154 INFO Experiment.PerfCost-bfba: Processed 1250 samples out of 10000, 0 errors
01:16:58,483 INFO Experiment.PerfCost-bfba: Processed 1260 samples out of 10000, 0 errors
01:17:10,986 INFO Experiment.PerfCost-bfba: Processed 1270 samples out of 10000, 0 errors
01:17:23,401 INFO Experiment.PerfCost-bfba: Processed 1280 samples out of 10000, 0 errors
01:17:35,820 INFO Experiment.PerfCost-bfba: Processed 1290 samples out of 10000, 0 errors
01:17:48,249 INFO Experiment.PerfCost-bfba: Processed 1300 samples out of 10000, 0 errors
01:18:00,748 INFO Experiment.PerfCost-bfba: Processed 1310 samples out of 10000, 0 errors
01:18:13,192 INFO Experiment.PerfCost-bfba: Processed 1320 samples out of 10000, 0 errors
01:18:25,568 INFO Experiment.PerfCost-bfba: Processed 1330 samples out of 10000, 0 errors
01:18:37,921 INFO Experiment.PerfCost-bfba: Processed 1340 samples out of 10000, 0 errors
01:18:50,336 INFO Experiment.PerfCost-bfba: Processed 1350 samples out of 10000, 0 errors
01:19:02,785 INFO Experiment.PerfCost-bfba: Processed 1360 samples out of 10000, 0 errors
01:19:15,181 INFO Experiment.PerfCost-bfba: Processed 1370 samples out of 10000, 0 errors
01:19:27,534 INFO Experiment.PerfCost-bfba: Processed 1380 samples out of 10000, 0 errors
01:19:39,882 INFO Experiment.PerfCost-bfba: Processed 1390 samples out of 10000, 0 errors
01:19:52,442 INFO Experiment.PerfCost-bfba: Processed 1400 samples out of 10000, 0 errors
01:20:04,881 INFO Experiment.PerfCost-bfba: Processed 1410 samples out of 10000, 0 errors
01:20:17,265 INFO Experiment.PerfCost-bfba: Processed 1420 samples out of 10000, 0 errors
01:20:29,682 INFO Experiment.PerfCost-bfba: Processed 1430 samples out of 10000, 0 errors
01:20:42,205 INFO Experiment.PerfCost-bfba: Processed 1440 samples out of 10000, 0 errors
01:20:54,629 INFO Experiment.PerfCost-bfba: Processed 1450 samples out of 10000, 0 errors
01:21:07,55 INFO Experiment.PerfCost-bfba: Processed 1460 samples out of 10000, 0 errors
01:21:19,467 INFO Experiment.PerfCost-bfba: Processed 1470 samples out of 10000, 0 errors
01:21:31,894 INFO Experiment.PerfCost-bfba: Processed 1480 samples out of 10000, 0 errors
01:21:44,395 INFO Experiment.PerfCost-bfba: Processed 1490 samples out of 10000, 0 errors
01:21:56,841 INFO Experiment.PerfCost-bfba: Processed 1500 samples out of 10000, 0 errors
01:22:09,220 INFO Experiment.PerfCost-bfba: Processed 1510 samples out of 10000, 0 errors
01:22:21,623 INFO Experiment.PerfCost-bfba: Processed 1520 samples out of 10000, 0 errors
01:22:33,927 INFO Experiment.PerfCost-bfba: Processed 1530 samples out of 10000, 0 errors
01:22:46,317 INFO Experiment.PerfCost-bfba: Processed 1540 samples out of 10000, 0 errors
01:22:58,718 INFO Experiment.PerfCost-bfba: Processed 1550 samples out of 10000, 0 errors
01:23:11,162 INFO Experiment.PerfCost-bfba: Processed 1560 samples out of 10000, 0 errors
01:23:23,558 INFO Experiment.PerfCost-bfba: Processed 1570 samples out of 10000, 0 errors
01:23:35,976 INFO Experiment.PerfCost-bfba: Processed 1580 samples out of 10000, 0 errors
01:23:48,293 INFO Experiment.PerfCost-bfba: Processed 1590 samples out of 10000, 0 errors
01:24:00,657 INFO Experiment.PerfCost-bfba: Processed 1600 samples out of 10000, 0 errors
01:24:13,63 INFO Experiment.PerfCost-bfba: Processed 1610 samples out of 10000, 0 errors
01:24:25,403 INFO Experiment.PerfCost-bfba: Processed 1620 samples out of 10000, 0 errors
01:24:37,797 INFO Experiment.PerfCost-bfba: Processed 1630 samples out of 10000, 0 errors
01:24:50,215 INFO Experiment.PerfCost-bfba: Processed 1640 samples out of 10000, 0 errors
01:25:02,681 INFO Experiment.PerfCost-bfba: Processed 1650 samples out of 10000, 0 errors
01:25:15,112 INFO Experiment.PerfCost-bfba: Processed 1660 samples out of 10000, 0 errors
01:25:27,596 INFO Experiment.PerfCost-bfba: Processed 1670 samples out of 10000, 0 errors
01:25:40,80 INFO Experiment.PerfCost-bfba: Processed 1680 samples out of 10000, 0 errors
01:25:52,386 INFO Experiment.PerfCost-bfba: Processed 1690 samples out of 10000, 0 errors
01:26:04,766 INFO Experiment.PerfCost-bfba: Processed 1700 samples out of 10000, 0 errors
01:26:17,113 INFO Experiment.PerfCost-bfba: Processed 1710 samples out of 10000, 0 errors
01:26:29,501 INFO Experiment.PerfCost-bfba: Processed 1720 samples out of 10000, 0 errors
01:26:41,904 INFO Experiment.PerfCost-bfba: Processed 1730 samples out of 10000, 0 errors
01:26:54,338 INFO Experiment.PerfCost-bfba: Processed 1740 samples out of 10000, 0 errors
01:27:06,832 INFO Experiment.PerfCost-bfba: Processed 1750 samples out of 10000, 0 errors
01:27:19,365 INFO Experiment.PerfCost-bfba: Processed 1760 samples out of 10000, 0 errors
01:27:31,827 INFO Experiment.PerfCost-bfba: Processed 1770 samples out of 10000, 0 errors
01:27:44,129 INFO Experiment.PerfCost-bfba: Processed 1780 samples out of 10000, 0 errors
01:27:56,462 INFO Experiment.PerfCost-bfba: Processed 1790 samples out of 10000, 0 errors
01:28:08,933 INFO Experiment.PerfCost-bfba: Processed 1800 samples out of 10000, 0 errors
01:28:21,284 INFO Experiment.PerfCost-bfba: Processed 1810 samples out of 10000, 0 errors
01:28:33,763 INFO Experiment.PerfCost-bfba: Processed 1820 samples out of 10000, 0 errors
01:28:46,229 INFO Experiment.PerfCost-bfba: Processed 1830 samples out of 10000, 0 errors
01:28:58,594 INFO Experiment.PerfCost-bfba: Processed 1840 samples out of 10000, 0 errors
01:29:11,16 INFO Experiment.PerfCost-bfba: Processed 1850 samples out of 10000, 0 errors
01:29:23,406 INFO Experiment.PerfCost-bfba: Processed 1860 samples out of 10000, 0 errors
01:29:35,867 INFO Experiment.PerfCost-bfba: Processed 1870 samples out of 10000, 0 errors
01:29:48,330 INFO Experiment.PerfCost-bfba: Processed 1880 samples out of 10000, 0 errors
01:30:00,824 INFO Experiment.PerfCost-bfba: Processed 1890 samples out of 10000, 0 errors
01:30:13,324 INFO Experiment.PerfCost-bfba: Processed 1900 samples out of 10000, 0 errors
01:30:25,683 INFO Experiment.PerfCost-bfba: Processed 1910 samples out of 10000, 0 errors
01:30:38,124 INFO Experiment.PerfCost-bfba: Processed 1920 samples out of 10000, 0 errors
01:30:50,491 INFO Experiment.PerfCost-bfba: Processed 1930 samples out of 10000, 0 errors
01:31:02,849 INFO Experiment.PerfCost-bfba: Processed 1940 samples out of 10000, 0 errors
01:31:15,290 INFO Experiment.PerfCost-bfba: Processed 1950 samples out of 10000, 0 errors
01:31:27,553 INFO Experiment.PerfCost-bfba: Processed 1960 samples out of 10000, 0 errors
01:31:40,20 INFO Experiment.PerfCost-bfba: Processed 1970 samples out of 10000, 0 errors
01:31:52,470 INFO Experiment.PerfCost-bfba: Processed 1980 samples out of 10000, 0 errors
01:32:04,943 INFO Experiment.PerfCost-bfba: Processed 1990 samples out of 10000, 0 errors
01:32:17,415 INFO Experiment.PerfCost-bfba: Processed 2000 samples out of 10000, 0 errors
01:32:29,812 INFO Experiment.PerfCost-bfba: Processed 2010 samples out of 10000, 0 errors
01:32:42,249 INFO Experiment.PerfCost-bfba: Processed 2020 samples out of 10000, 0 errors
01:32:54,686 INFO Experiment.PerfCost-bfba: Processed 2030 samples out of 10000, 0 errors
01:33:07,83 INFO Experiment.PerfCost-bfba: Processed 2040 samples out of 10000, 0 errors
01:33:19,549 INFO Experiment.PerfCost-bfba: Processed 2050 samples out of 10000, 0 errors
01:33:31,922 INFO Experiment.PerfCost-bfba: Processed 2060 samples out of 10000, 0 errors
01:33:44,358 INFO Experiment.PerfCost-bfba: Processed 2070 samples out of 10000, 0 errors
01:33:56,777 INFO Experiment.PerfCost-bfba: Processed 2080 samples out of 10000, 0 errors
01:34:09,238 INFO Experiment.PerfCost-bfba: Processed 2090 samples out of 10000, 0 errors
01:34:21,671 INFO Experiment.PerfCost-bfba: Processed 2100 samples out of 10000, 0 errors
01:34:34,99 INFO Experiment.PerfCost-bfba: Processed 2110 samples out of 10000, 0 errors
01:34:46,479 INFO Experiment.PerfCost-bfba: Processed 2120 samples out of 10000, 0 errors
01:34:58,912 INFO Experiment.PerfCost-bfba: Processed 2130 samples out of 10000, 0 errors
01:35:11,467 INFO Experiment.PerfCost-bfba: Processed 2140 samples out of 10000, 0 errors
01:35:23,922 INFO Experiment.PerfCost-bfba: Processed 2150 samples out of 10000, 0 errors
01:35:36,341 INFO Experiment.PerfCost-bfba: Processed 2160 samples out of 10000, 0 errors
01:35:48,748 INFO Experiment.PerfCost-bfba: Processed 2170 samples out of 10000, 0 errors
01:36:01,204 INFO Experiment.PerfCost-bfba: Processed 2180 samples out of 10000, 0 errors
01:36:13,627 INFO Experiment.PerfCost-bfba: Processed 2190 samples out of 10000, 0 errors
01:36:26,69 INFO Experiment.PerfCost-bfba: Processed 2200 samples out of 10000, 0 errors
01:36:38,526 INFO Experiment.PerfCost-bfba: Processed 2210 samples out of 10000, 0 errors
01:36:50,936 INFO Experiment.PerfCost-bfba: Processed 2220 samples out of 10000, 0 errors
01:37:03,401 INFO Experiment.PerfCost-bfba: Processed 2230 samples out of 10000, 0 errors
01:37:15,899 INFO Experiment.PerfCost-bfba: Processed 2240 samples out of 10000, 0 errors
01:37:28,305 INFO Experiment.PerfCost-bfba: Processed 2250 samples out of 10000, 0 errors
01:37:40,792 INFO Experiment.PerfCost-bfba: Processed 2260 samples out of 10000, 0 errors
01:37:53,220 INFO Experiment.PerfCost-bfba: Processed 2270 samples out of 10000, 0 errors
01:38:05,539 INFO Experiment.PerfCost-bfba: Processed 2280 samples out of 10000, 0 errors
01:38:17,931 INFO Experiment.PerfCost-bfba: Processed 2290 samples out of 10000, 0 errors
01:38:30,365 INFO Experiment.PerfCost-bfba: Processed 2300 samples out of 10000, 0 errors
01:38:42,737 INFO Experiment.PerfCost-bfba: Processed 2310 samples out of 10000, 0 errors
01:38:55,123 INFO Experiment.PerfCost-bfba: Processed 2320 samples out of 10000, 0 errors
01:39:07,580 INFO Experiment.PerfCost-bfba: Processed 2330 samples out of 10000, 0 errors
01:39:19,939 INFO Experiment.PerfCost-bfba: Processed 2340 samples out of 10000, 0 errors
01:39:32,358 INFO Experiment.PerfCost-bfba: Processed 2350 samples out of 10000, 0 errors
01:39:44,763 INFO Experiment.PerfCost-bfba: Processed 2360 samples out of 10000, 0 errors
01:39:57,248 INFO Experiment.PerfCost-bfba: Processed 2370 samples out of 10000, 0 errors
01:40:09,696 INFO Experiment.PerfCost-bfba: Processed 2380 samples out of 10000, 0 errors
01:40:22,61 INFO Experiment.PerfCost-bfba: Processed 2390 samples out of 10000, 0 errors
01:40:34,463 INFO Experiment.PerfCost-bfba: Processed 2400 samples out of 10000, 0 errors
01:40:46,824 INFO Experiment.PerfCost-bfba: Processed 2410 samples out of 10000, 0 errors
01:40:59,249 INFO Experiment.PerfCost-bfba: Processed 2420 samples out of 10000, 0 errors
01:41:11,537 INFO Experiment.PerfCost-bfba: Processed 2430 samples out of 10000, 0 errors
01:41:23,928 INFO Experiment.PerfCost-bfba: Processed 2440 samples out of 10000, 0 errors
01:41:36,372 INFO Experiment.PerfCost-bfba: Processed 2450 samples out of 10000, 0 errors
01:41:48,717 INFO Experiment.PerfCost-bfba: Processed 2460 samples out of 10000, 0 errors
01:42:01,124 INFO Experiment.PerfCost-bfba: Processed 2470 samples out of 10000, 0 errors
01:42:13,600 INFO Experiment.PerfCost-bfba: Processed 2480 samples out of 10000, 0 errors
01:42:25,960 INFO Experiment.PerfCost-bfba: Processed 2490 samples out of 10000, 0 errors
01:42:38,364 INFO Experiment.PerfCost-bfba: Processed 2500 samples out of 10000, 0 errors
01:42:50,829 INFO Experiment.PerfCost-bfba: Processed 2510 samples out of 10000, 0 errors
01:43:03,227 INFO Experiment.PerfCost-bfba: Processed 2520 samples out of 10000, 0 errors
01:43:15,548 INFO Experiment.PerfCost-bfba: Processed 2530 samples out of 10000, 0 errors
01:43:28,86 INFO Experiment.PerfCost-bfba: Processed 2540 samples out of 10000, 0 errors
01:43:40,545 INFO Experiment.PerfCost-bfba: Processed 2550 samples out of 10000, 0 errors
01:43:52,880 INFO Experiment.PerfCost-bfba: Processed 2560 samples out of 10000, 0 errors
01:44:05,338 INFO Experiment.PerfCost-bfba: Processed 2570 samples out of 10000, 0 errors
01:44:17,708 INFO Experiment.PerfCost-bfba: Processed 2580 samples out of 10000, 0 errors
01:44:30,134 INFO Experiment.PerfCost-bfba: Processed 2590 samples out of 10000, 0 errors
01:44:42,630 INFO Experiment.PerfCost-bfba: Processed 2600 samples out of 10000, 0 errors
01:44:55,72 INFO Experiment.PerfCost-bfba: Processed 2610 samples out of 10000, 0 errors
01:45:07,519 INFO Experiment.PerfCost-bfba: Processed 2620 samples out of 10000, 0 errors
01:45:19,924 INFO Experiment.PerfCost-bfba: Processed 2630 samples out of 10000, 0 errors
01:45:32,477 INFO Experiment.PerfCost-bfba: Processed 2640 samples out of 10000, 0 errors
01:45:44,895 INFO Experiment.PerfCost-bfba: Processed 2650 samples out of 10000, 0 errors
01:45:57,356 INFO Experiment.PerfCost-bfba: Processed 2660 samples out of 10000, 0 errors
01:46:09,647 INFO Experiment.PerfCost-bfba: Processed 2670 samples out of 10000, 0 errors
01:46:22,57 INFO Experiment.PerfCost-bfba: Processed 2680 samples out of 10000, 0 errors
01:46:34,483 INFO Experiment.PerfCost-bfba: Processed 2690 samples out of 10000, 0 errors
01:46:46,882 INFO Experiment.PerfCost-bfba: Processed 2700 samples out of 10000, 0 errors
01:46:59,420 INFO Experiment.PerfCost-bfba: Processed 2710 samples out of 10000, 0 errors
01:47:11,921 INFO Experiment.PerfCost-bfba: Processed 2720 samples out of 10000, 0 errors
01:47:24,362 INFO Experiment.PerfCost-bfba: Processed 2730 samples out of 10000, 0 errors
01:47:36,822 INFO Experiment.PerfCost-bfba: Processed 2740 samples out of 10000, 0 errors
01:47:49,240 INFO Experiment.PerfCost-bfba: Processed 2750 samples out of 10000, 0 errors
01:48:01,646 INFO Experiment.PerfCost-bfba: Processed 2760 samples out of 10000, 0 errors
01:48:14,83 INFO Experiment.PerfCost-bfba: Processed 2770 samples out of 10000, 0 errors
01:48:26,538 INFO Experiment.PerfCost-bfba: Processed 2780 samples out of 10000, 0 errors
01:48:38,989 INFO Experiment.PerfCost-bfba: Processed 2790 samples out of 10000, 0 errors
01:48:51,300 INFO Experiment.PerfCost-bfba: Processed 2800 samples out of 10000, 0 errors
01:49:03,781 INFO Experiment.PerfCost-bfba: Processed 2810 samples out of 10000, 0 errors
01:49:16,250 INFO Experiment.PerfCost-bfba: Processed 2820 samples out of 10000, 0 errors
01:49:28,651 INFO Experiment.PerfCost-bfba: Processed 2830 samples out of 10000, 0 errors
01:49:41,146 INFO Experiment.PerfCost-bfba: Processed 2840 samples out of 10000, 0 errors
01:49:53,340 INFO Experiment.PerfCost-bfba: Processed 2850 samples out of 10000, 0 errors
01:50:05,725 INFO Experiment.PerfCost-bfba: Processed 2860 samples out of 10000, 0 errors
01:50:18,248 INFO Experiment.PerfCost-bfba: Processed 2870 samples out of 10000, 0 errors
01:50:30,634 INFO Experiment.PerfCost-bfba: Processed 2880 samples out of 10000, 0 errors
01:50:43,66 INFO Experiment.PerfCost-bfba: Processed 2890 samples out of 10000, 0 errors
01:50:55,475 INFO Experiment.PerfCost-bfba: Processed 2900 samples out of 10000, 0 errors
01:51:07,852 INFO Experiment.PerfCost-bfba: Processed 2910 samples out of 10000, 0 errors
01:51:20,182 INFO Experiment.PerfCost-bfba: Processed 2920 samples out of 10000, 0 errors
01:51:32,709 INFO Experiment.PerfCost-bfba: Processed 2930 samples out of 10000, 0 errors
01:51:45,87 INFO Experiment.PerfCost-bfba: Processed 2940 samples out of 10000, 0 errors
01:51:57,570 INFO Experiment.PerfCost-bfba: Processed 2950 samples out of 10000, 0 errors
01:52:10,52 INFO Experiment.PerfCost-bfba: Processed 2960 samples out of 10000, 0 errors
01:52:22,437 INFO Experiment.PerfCost-bfba: Processed 2970 samples out of 10000, 0 errors
01:52:34,825 INFO Experiment.PerfCost-bfba: Processed 2980 samples out of 10000, 0 errors
01:52:47,173 INFO Experiment.PerfCost-bfba: Processed 2990 samples out of 10000, 0 errors
01:52:59,594 INFO Experiment.PerfCost-bfba: Processed 3000 samples out of 10000, 0 errors
01:53:11,986 INFO Experiment.PerfCost-bfba: Processed 3010 samples out of 10000, 0 errors
01:53:24,396 INFO Experiment.PerfCost-bfba: Processed 3020 samples out of 10000, 0 errors
01:53:36,855 INFO Experiment.PerfCost-bfba: Processed 3030 samples out of 10000, 0 errors
01:53:49,375 INFO Experiment.PerfCost-bfba: Processed 3040 samples out of 10000, 0 errors
01:54:01,772 INFO Experiment.PerfCost-bfba: Processed 3050 samples out of 10000, 0 errors
01:54:14,224 INFO Experiment.PerfCost-bfba: Processed 3060 samples out of 10000, 0 errors
01:54:26,651 INFO Experiment.PerfCost-bfba: Processed 3070 samples out of 10000, 0 errors
01:54:38,984 INFO Experiment.PerfCost-bfba: Processed 3080 samples out of 10000, 0 errors
01:54:51,393 INFO Experiment.PerfCost-bfba: Processed 3090 samples out of 10000, 0 errors
01:55:03,811 INFO Experiment.PerfCost-bfba: Processed 3100 samples out of 10000, 0 errors
01:55:16,291 INFO Experiment.PerfCost-bfba: Processed 3110 samples out of 10000, 0 errors
01:55:28,802 INFO Experiment.PerfCost-bfba: Processed 3120 samples out of 10000, 0 errors
01:55:41,261 INFO Experiment.PerfCost-bfba: Processed 3130 samples out of 10000, 0 errors
01:55:53,612 INFO Experiment.PerfCost-bfba: Processed 3140 samples out of 10000, 0 errors
01:56:06,61 INFO Experiment.PerfCost-bfba: Processed 3150 samples out of 10000, 0 errors
01:56:18,537 INFO Experiment.PerfCost-bfba: Processed 3160 samples out of 10000, 0 errors
01:56:30,976 INFO Experiment.PerfCost-bfba: Processed 3170 samples out of 10000, 0 errors
01:56:43,436 INFO Experiment.PerfCost-bfba: Processed 3180 samples out of 10000, 0 errors
01:56:55,854 INFO Experiment.PerfCost-bfba: Processed 3190 samples out of 10000, 0 errors
01:57:08,319 INFO Experiment.PerfCost-bfba: Processed 3200 samples out of 10000, 0 errors
01:57:20,758 INFO Experiment.PerfCost-bfba: Processed 3210 samples out of 10000, 0 errors
01:57:33,169 INFO Experiment.PerfCost-bfba: Processed 3220 samples out of 10000, 0 errors
01:57:45,586 INFO Experiment.PerfCost-bfba: Processed 3230 samples out of 10000, 0 errors
01:57:58,28 INFO Experiment.PerfCost-bfba: Processed 3240 samples out of 10000, 0 errors
01:58:10,423 INFO Experiment.PerfCost-bfba: Processed 3250 samples out of 10000, 0 errors
01:58:22,934 INFO Experiment.PerfCost-bfba: Processed 3260 samples out of 10000, 0 errors
01:58:35,363 INFO Experiment.PerfCost-bfba: Processed 3270 samples out of 10000, 0 errors
01:58:47,741 INFO Experiment.PerfCost-bfba: Processed 3280 samples out of 10000, 0 errors
01:59:00,203 INFO Experiment.PerfCost-bfba: Processed 3290 samples out of 10000, 0 errors
01:59:12,635 INFO Experiment.PerfCost-bfba: Processed 3300 samples out of 10000, 0 errors
01:59:25,201 INFO Experiment.PerfCost-bfba: Processed 3310 samples out of 10000, 0 errors
01:59:37,592 INFO Experiment.PerfCost-bfba: Processed 3320 samples out of 10000, 0 errors
01:59:50,41 INFO Experiment.PerfCost-bfba: Processed 3330 samples out of 10000, 0 errors
02:00:02,517 INFO Experiment.PerfCost-bfba: Processed 3340 samples out of 10000, 0 errors
02:00:15,16 INFO Experiment.PerfCost-bfba: Processed 3350 samples out of 10000, 0 errors
02:00:27,330 INFO Experiment.PerfCost-bfba: Processed 3360 samples out of 10000, 0 errors
02:00:39,595 INFO Experiment.PerfCost-bfba: Processed 3370 samples out of 10000, 0 errors
02:00:51,936 INFO Experiment.PerfCost-bfba: Processed 3380 samples out of 10000, 0 errors
02:01:04,392 INFO Experiment.PerfCost-bfba: Processed 3390 samples out of 10000, 0 errors
02:01:16,732 INFO Experiment.PerfCost-bfba: Processed 3400 samples out of 10000, 0 errors
02:01:29,171 INFO Experiment.PerfCost-bfba: Processed 3410 samples out of 10000, 0 errors
02:01:41,621 INFO Experiment.PerfCost-bfba: Processed 3420 samples out of 10000, 0 errors
02:01:53,988 INFO Experiment.PerfCost-bfba: Processed 3430 samples out of 10000, 0 errors
02:02:06,472 INFO Experiment.PerfCost-bfba: Processed 3440 samples out of 10000, 0 errors
02:02:18,962 INFO Experiment.PerfCost-bfba: Processed 3450 samples out of 10000, 0 errors
02:02:31,329 INFO Experiment.PerfCost-bfba: Processed 3460 samples out of 10000, 0 errors
02:02:43,815 INFO Experiment.PerfCost-bfba: Processed 3470 samples out of 10000, 0 errors
02:02:56,382 INFO Experiment.PerfCost-bfba: Processed 3480 samples out of 10000, 0 errors
02:03:08,747 INFO Experiment.PerfCost-bfba: Processed 3490 samples out of 10000, 0 errors
02:03:21,228 INFO Experiment.PerfCost-bfba: Processed 3500 samples out of 10000, 0 errors
02:03:33,587 INFO Experiment.PerfCost-bfba: Processed 3510 samples out of 10000, 0 errors
02:03:46,87 INFO Experiment.PerfCost-bfba: Processed 3520 samples out of 10000, 0 errors
02:03:58,536 INFO Experiment.PerfCost-bfba: Processed 3530 samples out of 10000, 0 errors
02:04:10,771 INFO Experiment.PerfCost-bfba: Processed 3540 samples out of 10000, 0 errors
02:04:23,278 INFO Experiment.PerfCost-bfba: Processed 3550 samples out of 10000, 0 errors
02:04:35,803 INFO Experiment.PerfCost-bfba: Processed 3560 samples out of 10000, 0 errors
02:04:48,261 INFO Experiment.PerfCost-bfba: Processed 3570 samples out of 10000, 0 errors
02:05:00,600 INFO Experiment.PerfCost-bfba: Processed 3580 samples out of 10000, 0 errors
02:05:12,854 INFO Experiment.PerfCost-bfba: Processed 3590 samples out of 10000, 0 errors
02:05:25,284 INFO Experiment.PerfCost-bfba: Processed 3600 samples out of 10000, 0 errors
02:05:37,779 INFO Experiment.PerfCost-bfba: Processed 3610 samples out of 10000, 0 errors
02:05:50,245 INFO Experiment.PerfCost-bfba: Processed 3620 samples out of 10000, 0 errors
02:06:02,638 INFO Experiment.PerfCost-bfba: Processed 3630 samples out of 10000, 0 errors
02:06:15,194 INFO Experiment.PerfCost-bfba: Processed 3640 samples out of 10000, 0 errors
02:06:27,626 INFO Experiment.PerfCost-bfba: Processed 3650 samples out of 10000, 0 errors
02:06:40,60 INFO Experiment.PerfCost-bfba: Processed 3660 samples out of 10000, 0 errors
02:06:52,557 INFO Experiment.PerfCost-bfba: Processed 3670 samples out of 10000, 0 errors
02:07:05,29 INFO Experiment.PerfCost-bfba: Processed 3680 samples out of 10000, 0 errors
02:07:17,437 INFO Experiment.PerfCost-bfba: Processed 3690 samples out of 10000, 0 errors
02:07:29,838 INFO Experiment.PerfCost-bfba: Processed 3700 samples out of 10000, 0 errors
02:07:42,305 INFO Experiment.PerfCost-bfba: Processed 3710 samples out of 10000, 0 errors
02:07:54,706 INFO Experiment.PerfCost-bfba: Processed 3720 samples out of 10000, 0 errors
02:08:07,164 INFO Experiment.PerfCost-bfba: Processed 3730 samples out of 10000, 0 errors
02:08:19,481 INFO Experiment.PerfCost-bfba: Processed 3740 samples out of 10000, 0 errors
02:08:31,920 INFO Experiment.PerfCost-bfba: Processed 3750 samples out of 10000, 0 errors
02:08:44,385 INFO Experiment.PerfCost-bfba: Processed 3760 samples out of 10000, 0 errors
02:08:56,838 INFO Experiment.PerfCost-bfba: Processed 3770 samples out of 10000, 0 errors
02:09:09,328 INFO Experiment.PerfCost-bfba: Processed 3780 samples out of 10000, 0 errors
02:09:21,836 INFO Experiment.PerfCost-bfba: Processed 3790 samples out of 10000, 0 errors
02:09:34,286 INFO Experiment.PerfCost-bfba: Processed 3800 samples out of 10000, 0 errors
02:09:46,762 INFO Experiment.PerfCost-bfba: Processed 3810 samples out of 10000, 0 errors
02:09:59,238 INFO Experiment.PerfCost-bfba: Processed 3820 samples out of 10000, 0 errors
02:10:11,596 INFO Experiment.PerfCost-bfba: Processed 3830 samples out of 10000, 0 errors
02:10:23,975 INFO Experiment.PerfCost-bfba: Processed 3840 samples out of 10000, 0 errors
02:10:36,410 INFO Experiment.PerfCost-bfba: Processed 3850 samples out of 10000, 0 errors
02:10:48,859 INFO Experiment.PerfCost-bfba: Processed 3860 samples out of 10000, 0 errors
02:11:01,273 INFO Experiment.PerfCost-bfba: Processed 3870 samples out of 10000, 0 errors
02:11:13,773 INFO Experiment.PerfCost-bfba: Processed 3880 samples out of 10000, 0 errors
02:11:26,186 INFO Experiment.PerfCost-bfba: Processed 3890 samples out of 10000, 0 errors
02:11:38,633 INFO Experiment.PerfCost-bfba: Processed 3900 samples out of 10000, 0 errors
02:11:51,9 INFO Experiment.PerfCost-bfba: Processed 3910 samples out of 10000, 0 errors
02:12:03,444 INFO Experiment.PerfCost-bfba: Processed 3920 samples out of 10000, 0 errors
02:12:15,854 INFO Experiment.PerfCost-bfba: Processed 3930 samples out of 10000, 0 errors
02:12:28,440 INFO Experiment.PerfCost-bfba: Processed 3940 samples out of 10000, 0 errors
02:12:40,773 INFO Experiment.PerfCost-bfba: Processed 3950 samples out of 10000, 0 errors
02:12:53,224 INFO Experiment.PerfCost-bfba: Processed 3960 samples out of 10000, 0 errors
02:13:05,599 INFO Experiment.PerfCost-bfba: Processed 3970 samples out of 10000, 0 errors
02:13:18,55 INFO Experiment.PerfCost-bfba: Processed 3980 samples out of 10000, 0 errors
02:13:30,493 INFO Experiment.PerfCost-bfba: Processed 3990 samples out of 10000, 0 errors
02:13:42,821 INFO Experiment.PerfCost-bfba: Processed 4000 samples out of 10000, 0 errors
02:13:55,211 INFO Experiment.PerfCost-bfba: Processed 4010 samples out of 10000, 0 errors
02:14:07,571 INFO Experiment.PerfCost-bfba: Processed 4020 samples out of 10000, 0 errors
02:14:19,949 INFO Experiment.PerfCost-bfba: Processed 4030 samples out of 10000, 0 errors
02:14:32,391 INFO Experiment.PerfCost-bfba: Processed 4040 samples out of 10000, 0 errors
02:14:44,850 INFO Experiment.PerfCost-bfba: Processed 4050 samples out of 10000, 0 errors
02:14:57,252 INFO Experiment.PerfCost-bfba: Processed 4060 samples out of 10000, 0 errors
02:15:09,680 INFO Experiment.PerfCost-bfba: Processed 4070 samples out of 10000, 0 errors
02:15:22,144 INFO Experiment.PerfCost-bfba: Processed 4080 samples out of 10000, 0 errors
02:15:34,418 INFO Experiment.PerfCost-bfba: Processed 4090 samples out of 10000, 0 errors
02:15:46,900 INFO Experiment.PerfCost-bfba: Processed 4100 samples out of 10000, 0 errors
02:15:59,255 INFO Experiment.PerfCost-bfba: Processed 4110 samples out of 10000, 0 errors
02:16:11,733 INFO Experiment.PerfCost-bfba: Processed 4120 samples out of 10000, 0 errors
02:16:24,216 INFO Experiment.PerfCost-bfba: Processed 4130 samples out of 10000, 0 errors
02:16:36,776 INFO Experiment.PerfCost-bfba: Processed 4140 samples out of 10000, 0 errors
02:16:49,163 INFO Experiment.PerfCost-bfba: Processed 4150 samples out of 10000, 0 errors
02:17:01,619 INFO Experiment.PerfCost-bfba: Processed 4160 samples out of 10000, 0 errors
02:17:14,126 INFO Experiment.PerfCost-bfba: Processed 4170 samples out of 10000, 0 errors
02:17:26,579 INFO Experiment.PerfCost-bfba: Processed 4180 samples out of 10000, 0 errors
02:17:39,1 INFO Experiment.PerfCost-bfba: Processed 4190 samples out of 10000, 0 errors
02:17:51,424 INFO Experiment.PerfCost-bfba: Processed 4200 samples out of 10000, 0 errors
02:18:03,732 INFO Experiment.PerfCost-bfba: Processed 4210 samples out of 10000, 0 errors
02:18:16,191 INFO Experiment.PerfCost-bfba: Processed 4220 samples out of 10000, 0 errors
02:18:28,697 INFO Experiment.PerfCost-bfba: Processed 4230 samples out of 10000, 0 errors
02:18:41,93 INFO Experiment.PerfCost-bfba: Processed 4240 samples out of 10000, 0 errors
02:18:53,451 INFO Experiment.PerfCost-bfba: Processed 4250 samples out of 10000, 0 errors
02:19:05,821 INFO Experiment.PerfCost-bfba: Processed 4260 samples out of 10000, 0 errors
02:19:18,413 INFO Experiment.PerfCost-bfba: Processed 4270 samples out of 10000, 0 errors
02:19:30,814 INFO Experiment.PerfCost-bfba: Processed 4280 samples out of 10000, 0 errors
02:19:43,228 INFO Experiment.PerfCost-bfba: Processed 4290 samples out of 10000, 0 errors
02:19:55,607 INFO Experiment.PerfCost-bfba: Processed 4300 samples out of 10000, 0 errors
02:20:08,136 INFO Experiment.PerfCost-bfba: Processed 4310 samples out of 10000, 0 errors
02:20:20,512 INFO Experiment.PerfCost-bfba: Processed 4320 samples out of 10000, 0 errors
02:20:32,984 INFO Experiment.PerfCost-bfba: Processed 4330 samples out of 10000, 0 errors
02:20:45,367 INFO Experiment.PerfCost-bfba: Processed 4340 samples out of 10000, 0 errors
02:20:57,741 INFO Experiment.PerfCost-bfba: Processed 4350 samples out of 10000, 0 errors
02:21:10,204 INFO Experiment.PerfCost-bfba: Processed 4360 samples out of 10000, 0 errors
02:21:22,677 INFO Experiment.PerfCost-bfba: Processed 4370 samples out of 10000, 0 errors
02:21:35,109 INFO Experiment.PerfCost-bfba: Processed 4380 samples out of 10000, 0 errors
02:21:47,549 INFO Experiment.PerfCost-bfba: Processed 4390 samples out of 10000, 0 errors
02:22:00,30 INFO Experiment.PerfCost-bfba: Processed 4400 samples out of 10000, 0 errors
02:22:12,456 INFO Experiment.PerfCost-bfba: Processed 4410 samples out of 10000, 0 errors
02:22:24,919 INFO Experiment.PerfCost-bfba: Processed 4420 samples out of 10000, 0 errors
02:22:37,394 INFO Experiment.PerfCost-bfba: Processed 4430 samples out of 10000, 0 errors
02:22:49,724 INFO Experiment.PerfCost-bfba: Processed 4440 samples out of 10000, 0 errors
02:23:02,102 INFO Experiment.PerfCost-bfba: Processed 4450 samples out of 10000, 0 errors
02:23:14,522 INFO Experiment.PerfCost-bfba: Processed 4460 samples out of 10000, 0 errors
02:23:26,940 INFO Experiment.PerfCost-bfba: Processed 4470 samples out of 10000, 0 errors
02:23:39,402 INFO Experiment.PerfCost-bfba: Processed 4480 samples out of 10000, 0 errors
02:23:51,881 INFO Experiment.PerfCost-bfba: Processed 4490 samples out of 10000, 0 errors
02:24:04,166 INFO Experiment.PerfCost-bfba: Processed 4500 samples out of 10000, 0 errors
02:24:16,532 INFO Experiment.PerfCost-bfba: Processed 4510 samples out of 10000, 0 errors
02:24:28,956 INFO Experiment.PerfCost-bfba: Processed 4520 samples out of 10000, 0 errors
02:24:41,400 INFO Experiment.PerfCost-bfba: Processed 4530 samples out of 10000, 0 errors
02:24:53,889 INFO Experiment.PerfCost-bfba: Processed 4540 samples out of 10000, 0 errors
02:25:06,342 INFO Experiment.PerfCost-bfba: Processed 4550 samples out of 10000, 0 errors
02:25:18,754 INFO Experiment.PerfCost-bfba: Processed 4560 samples out of 10000, 0 errors
02:25:31,199 INFO Experiment.PerfCost-bfba: Processed 4570 samples out of 10000, 0 errors
02:25:43,543 INFO Experiment.PerfCost-bfba: Processed 4580 samples out of 10000, 0 errors
02:25:55,986 INFO Experiment.PerfCost-bfba: Processed 4590 samples out of 10000, 0 errors
02:26:08,400 INFO Experiment.PerfCost-bfba: Processed 4600 samples out of 10000, 0 errors
02:26:21,53 INFO Experiment.PerfCost-bfba: Processed 4610 samples out of 10000, 0 errors
02:26:33,586 INFO Experiment.PerfCost-bfba: Processed 4620 samples out of 10000, 0 errors
02:26:45,963 INFO Experiment.PerfCost-bfba: Processed 4630 samples out of 10000, 0 errors
02:26:58,378 INFO Experiment.PerfCost-bfba: Processed 4640 samples out of 10000, 0 errors
02:27:10,794 INFO Experiment.PerfCost-bfba: Processed 4650 samples out of 10000, 0 errors
02:27:23,189 INFO Experiment.PerfCost-bfba: Processed 4660 samples out of 10000, 0 errors
02:27:35,665 INFO Experiment.PerfCost-bfba: Processed 4670 samples out of 10000, 0 errors
02:27:47,934 INFO Experiment.PerfCost-bfba: Processed 4680 samples out of 10000, 0 errors
02:28:00,438 INFO Experiment.PerfCost-bfba: Processed 4690 samples out of 10000, 0 errors
02:28:12,884 INFO Experiment.PerfCost-bfba: Processed 4700 samples out of 10000, 0 errors
02:28:25,436 INFO Experiment.PerfCost-bfba: Processed 4710 samples out of 10000, 0 errors
02:28:37,983 INFO Experiment.PerfCost-bfba: Processed 4720 samples out of 10000, 0 errors
02:28:50,469 INFO Experiment.PerfCost-bfba: Processed 4730 samples out of 10000, 0 errors
02:29:02,789 INFO Experiment.PerfCost-bfba: Processed 4740 samples out of 10000, 0 errors
02:29:15,170 INFO Experiment.PerfCost-bfba: Processed 4750 samples out of 10000, 0 errors
02:29:27,675 INFO Experiment.PerfCost-bfba: Processed 4760 samples out of 10000, 0 errors
02:29:40,48 INFO Experiment.PerfCost-bfba: Processed 4770 samples out of 10000, 0 errors
02:29:52,400 INFO Experiment.PerfCost-bfba: Processed 4780 samples out of 10000, 0 errors
02:30:04,763 INFO Experiment.PerfCost-bfba: Processed 4790 samples out of 10000, 0 errors
02:30:17,136 INFO Experiment.PerfCost-bfba: Processed 4800 samples out of 10000, 0 errors
02:30:29,581 INFO Experiment.PerfCost-bfba: Processed 4810 samples out of 10000, 0 errors
02:30:41,951 INFO Experiment.PerfCost-bfba: Processed 4820 samples out of 10000, 0 errors
02:30:54,262 INFO Experiment.PerfCost-bfba: Processed 4830 samples out of 10000, 0 errors
02:31:06,765 INFO Experiment.PerfCost-bfba: Processed 4840 samples out of 10000, 0 errors
02:31:19,215 INFO Experiment.PerfCost-bfba: Processed 4850 samples out of 10000, 0 errors
02:31:31,717 INFO Experiment.PerfCost-bfba: Processed 4860 samples out of 10000, 0 errors
02:31:44,81 INFO Experiment.PerfCost-bfba: Processed 4870 samples out of 10000, 0 errors
02:31:56,520 INFO Experiment.PerfCost-bfba: Processed 4880 samples out of 10000, 0 errors
02:32:08,929 INFO Experiment.PerfCost-bfba: Processed 4890 samples out of 10000, 0 errors
02:32:21,363 INFO Experiment.PerfCost-bfba: Processed 4900 samples out of 10000, 0 errors
02:32:33,787 INFO Experiment.PerfCost-bfba: Processed 4910 samples out of 10000, 0 errors
02:32:46,296 INFO Experiment.PerfCost-bfba: Processed 4920 samples out of 10000, 0 errors
02:32:58,680 INFO Experiment.PerfCost-bfba: Processed 4930 samples out of 10000, 0 errors
02:33:11,91 INFO Experiment.PerfCost-bfba: Processed 4940 samples out of 10000, 0 errors
02:33:23,528 INFO Experiment.PerfCost-bfba: Processed 4950 samples out of 10000, 0 errors
02:33:35,952 INFO Experiment.PerfCost-bfba: Processed 4960 samples out of 10000, 0 errors
02:33:48,435 INFO Experiment.PerfCost-bfba: Processed 4970 samples out of 10000, 0 errors
02:34:00,799 INFO Experiment.PerfCost-bfba: Processed 4980 samples out of 10000, 0 errors
02:34:13,277 INFO Experiment.PerfCost-bfba: Processed 4990 samples out of 10000, 0 errors
02:34:25,686 INFO Experiment.PerfCost-bfba: Processed 5000 samples out of 10000, 0 errors
02:34:38,140 INFO Experiment.PerfCost-bfba: Processed 5010 samples out of 10000, 0 errors
02:34:50,585 INFO Experiment.PerfCost-bfba: Processed 5020 samples out of 10000, 0 errors
02:35:03,13 INFO Experiment.PerfCost-bfba: Processed 5030 samples out of 10000, 0 errors
02:35:15,376 INFO Experiment.PerfCost-bfba: Processed 5040 samples out of 10000, 0 errors
02:35:27,820 INFO Experiment.PerfCost-bfba: Processed 5050 samples out of 10000, 0 errors
02:35:40,236 INFO Experiment.PerfCost-bfba: Processed 5060 samples out of 10000, 0 errors
02:35:52,573 INFO Experiment.PerfCost-bfba: Processed 5070 samples out of 10000, 0 errors
02:36:04,948 INFO Experiment.PerfCost-bfba: Processed 5080 samples out of 10000, 0 errors
02:36:17,426 INFO Experiment.PerfCost-bfba: Processed 5090 samples out of 10000, 0 errors
02:36:29,888 INFO Experiment.PerfCost-bfba: Processed 5100 samples out of 10000, 0 errors
02:36:42,334 INFO Experiment.PerfCost-bfba: Processed 5110 samples out of 10000, 0 errors
02:36:54,847 INFO Experiment.PerfCost-bfba: Processed 5120 samples out of 10000, 0 errors
02:37:07,223 INFO Experiment.PerfCost-bfba: Processed 5130 samples out of 10000, 0 errors
02:37:19,604 INFO Experiment.PerfCost-bfba: Processed 5140 samples out of 10000, 0 errors
02:37:32,80 INFO Experiment.PerfCost-bfba: Processed 5150 samples out of 10000, 0 errors
02:37:44,371 INFO Experiment.PerfCost-bfba: Processed 5160 samples out of 10000, 0 errors
02:37:56,661 INFO Experiment.PerfCost-bfba: Processed 5170 samples out of 10000, 0 errors
02:38:09,68 INFO Experiment.PerfCost-bfba: Processed 5180 samples out of 10000, 0 errors
02:38:21,420 INFO Experiment.PerfCost-bfba: Processed 5190 samples out of 10000, 0 errors
02:38:33,931 INFO Experiment.PerfCost-bfba: Processed 5200 samples out of 10000, 0 errors
02:38:46,378 INFO Experiment.PerfCost-bfba: Processed 5210 samples out of 10000, 0 errors
02:38:58,818 INFO Experiment.PerfCost-bfba: Processed 5220 samples out of 10000, 0 errors
02:39:11,217 INFO Experiment.PerfCost-bfba: Processed 5230 samples out of 10000, 0 errors
02:39:23,547 INFO Experiment.PerfCost-bfba: Processed 5240 samples out of 10000, 0 errors
02:39:35,875 INFO Experiment.PerfCost-bfba: Processed 5250 samples out of 10000, 0 errors
02:39:48,296 INFO Experiment.PerfCost-bfba: Processed 5260 samples out of 10000, 0 errors
02:40:00,713 INFO Experiment.PerfCost-bfba: Processed 5270 samples out of 10000, 0 errors
02:40:13,275 INFO Experiment.PerfCost-bfba: Processed 5280 samples out of 10000, 0 errors
02:40:25,705 INFO Experiment.PerfCost-bfba: Processed 5290 samples out of 10000, 0 errors
02:40:38,137 INFO Experiment.PerfCost-bfba: Processed 5300 samples out of 10000, 0 errors
02:40:50,597 INFO Experiment.PerfCost-bfba: Processed 5310 samples out of 10000, 0 errors
02:41:03,79 INFO Experiment.PerfCost-bfba: Processed 5320 samples out of 10000, 0 errors
02:41:15,584 INFO Experiment.PerfCost-bfba: Processed 5330 samples out of 10000, 0 errors
02:41:28,54 INFO Experiment.PerfCost-bfba: Processed 5340 samples out of 10000, 0 errors
02:41:40,431 INFO Experiment.PerfCost-bfba: Processed 5350 samples out of 10000, 0 errors
02:41:52,836 INFO Experiment.PerfCost-bfba: Processed 5360 samples out of 10000, 0 errors
02:42:05,209 INFO Experiment.PerfCost-bfba: Processed 5370 samples out of 10000, 0 errors
02:42:17,646 INFO Experiment.PerfCost-bfba: Processed 5380 samples out of 10000, 0 errors
02:42:30,84 INFO Experiment.PerfCost-bfba: Processed 5390 samples out of 10000, 0 errors
02:42:42,566 INFO Experiment.PerfCost-bfba: Processed 5400 samples out of 10000, 0 errors
02:42:55,2 INFO Experiment.PerfCost-bfba: Processed 5410 samples out of 10000, 0 errors
02:43:07,470 INFO Experiment.PerfCost-bfba: Processed 5420 samples out of 10000, 0 errors
02:43:19,925 INFO Experiment.PerfCost-bfba: Processed 5430 samples out of 10000, 0 errors
02:43:32,309 INFO Experiment.PerfCost-bfba: Processed 5440 samples out of 10000, 0 errors
02:43:44,833 INFO Experiment.PerfCost-bfba: Processed 5450 samples out of 10000, 0 errors
02:43:57,113 INFO Experiment.PerfCost-bfba: Processed 5460 samples out of 10000, 0 errors
02:44:09,502 INFO Experiment.PerfCost-bfba: Processed 5470 samples out of 10000, 0 errors
02:44:21,974 INFO Experiment.PerfCost-bfba: Processed 5480 samples out of 10000, 0 errors
02:44:34,474 INFO Experiment.PerfCost-bfba: Processed 5490 samples out of 10000, 0 errors
02:44:46,868 INFO Experiment.PerfCost-bfba: Processed 5500 samples out of 10000, 0 errors
02:44:59,312 INFO Experiment.PerfCost-bfba: Processed 5510 samples out of 10000, 0 errors
02:45:11,764 INFO Experiment.PerfCost-bfba: Processed 5520 samples out of 10000, 0 errors
02:45:24,206 INFO Experiment.PerfCost-bfba: Processed 5530 samples out of 10000, 0 errors
02:45:36,579 INFO Experiment.PerfCost-bfba: Processed 5540 samples out of 10000, 0 errors
02:45:49,128 INFO Experiment.PerfCost-bfba: Processed 5550 samples out of 10000, 0 errors
02:46:01,510 INFO Experiment.PerfCost-bfba: Processed 5560 samples out of 10000, 0 errors
02:46:13,966 INFO Experiment.PerfCost-bfba: Processed 5570 samples out of 10000, 0 errors
02:46:26,299 INFO Experiment.PerfCost-bfba: Processed 5580 samples out of 10000, 0 errors
02:46:38,719 INFO Experiment.PerfCost-bfba: Processed 5590 samples out of 10000, 0 errors
02:46:51,112 INFO Experiment.PerfCost-bfba: Processed 5600 samples out of 10000, 0 errors
02:47:03,469 INFO Experiment.PerfCost-bfba: Processed 5610 samples out of 10000, 0 errors
02:47:15,886 INFO Experiment.PerfCost-bfba: Processed 5620 samples out of 10000, 0 errors
02:47:28,476 INFO Experiment.PerfCost-bfba: Processed 5630 samples out of 10000, 0 errors
02:47:41,20 INFO Experiment.PerfCost-bfba: Processed 5640 samples out of 10000, 0 errors
02:47:53,469 INFO Experiment.PerfCost-bfba: Processed 5650 samples out of 10000, 0 errors
02:48:05,881 INFO Experiment.PerfCost-bfba: Processed 5660 samples out of 10000, 0 errors
02:48:18,224 INFO Experiment.PerfCost-bfba: Processed 5670 samples out of 10000, 0 errors
02:48:30,707 INFO Experiment.PerfCost-bfba: Processed 5680 samples out of 10000, 0 errors
02:48:43,172 INFO Experiment.PerfCost-bfba: Processed 5690 samples out of 10000, 0 errors
02:48:55,673 INFO Experiment.PerfCost-bfba: Processed 5700 samples out of 10000, 0 errors
02:49:07,988 INFO Experiment.PerfCost-bfba: Processed 5710 samples out of 10000, 0 errors
02:49:20,268 INFO Experiment.PerfCost-bfba: Processed 5720 samples out of 10000, 0 errors
02:49:32,688 INFO Experiment.PerfCost-bfba: Processed 5730 samples out of 10000, 0 errors
02:49:45,90 INFO Experiment.PerfCost-bfba: Processed 5740 samples out of 10000, 0 errors
02:49:57,439 INFO Experiment.PerfCost-bfba: Processed 5750 samples out of 10000, 0 errors
02:50:09,916 INFO Experiment.PerfCost-bfba: Processed 5760 samples out of 10000, 0 errors
02:50:22,412 INFO Experiment.PerfCost-bfba: Processed 5770 samples out of 10000, 0 errors
02:50:34,874 INFO Experiment.PerfCost-bfba: Processed 5780 samples out of 10000, 0 errors
02:50:47,296 INFO Experiment.PerfCost-bfba: Processed 5790 samples out of 10000, 0 errors
02:50:59,612 INFO Experiment.PerfCost-bfba: Processed 5800 samples out of 10000, 0 errors
02:51:12,60 INFO Experiment.PerfCost-bfba: Processed 5810 samples out of 10000, 0 errors
02:51:24,623 INFO Experiment.PerfCost-bfba: Processed 5820 samples out of 10000, 0 errors
02:51:37,173 INFO Experiment.PerfCost-bfba: Processed 5830 samples out of 10000, 0 errors
02:51:49,613 INFO Experiment.PerfCost-bfba: Processed 5840 samples out of 10000, 0 errors
02:52:02,125 INFO Experiment.PerfCost-bfba: Processed 5850 samples out of 10000, 0 errors
02:52:14,508 INFO Experiment.PerfCost-bfba: Processed 5860 samples out of 10000, 0 errors
02:52:27,54 INFO Experiment.PerfCost-bfba: Processed 5870 samples out of 10000, 0 errors
02:52:39,369 INFO Experiment.PerfCost-bfba: Processed 5880 samples out of 10000, 0 errors
02:52:51,747 INFO Experiment.PerfCost-bfba: Processed 5890 samples out of 10000, 0 errors
02:53:04,276 INFO Experiment.PerfCost-bfba: Processed 5900 samples out of 10000, 0 errors
02:53:16,681 INFO Experiment.PerfCost-bfba: Processed 5910 samples out of 10000, 0 errors
02:53:29,268 INFO Experiment.PerfCost-bfba: Processed 5920 samples out of 10000, 0 errors
02:53:41,650 INFO Experiment.PerfCost-bfba: Processed 5930 samples out of 10000, 0 errors
02:53:54,49 INFO Experiment.PerfCost-bfba: Processed 5940 samples out of 10000, 0 errors
02:54:06,365 INFO Experiment.PerfCost-bfba: Processed 5950 samples out of 10000, 0 errors
02:54:18,730 INFO Experiment.PerfCost-bfba: Processed 5960 samples out of 10000, 0 errors
02:54:31,242 INFO Experiment.PerfCost-bfba: Processed 5970 samples out of 10000, 0 errors
02:54:43,602 INFO Experiment.PerfCost-bfba: Processed 5980 samples out of 10000, 0 errors
02:54:56,26 INFO Experiment.PerfCost-bfba: Processed 5990 samples out of 10000, 0 errors
02:55:08,437 INFO Experiment.PerfCost-bfba: Processed 6000 samples out of 10000, 0 errors
02:55:20,739 INFO Experiment.PerfCost-bfba: Processed 6010 samples out of 10000, 0 errors
02:55:33,174 INFO Experiment.PerfCost-bfba: Processed 6020 samples out of 10000, 0 errors
02:55:45,475 INFO Experiment.PerfCost-bfba: Processed 6030 samples out of 10000, 0 errors
02:55:57,864 INFO Experiment.PerfCost-bfba: Processed 6040 samples out of 10000, 0 errors
02:56:10,290 INFO Experiment.PerfCost-bfba: Processed 6050 samples out of 10000, 0 errors
02:56:22,795 INFO Experiment.PerfCost-bfba: Processed 6060 samples out of 10000, 0 errors
02:56:35,292 INFO Experiment.PerfCost-bfba: Processed 6070 samples out of 10000, 0 errors
02:56:47,764 INFO Experiment.PerfCost-bfba: Processed 6080 samples out of 10000, 0 errors
02:57:00,289 INFO Experiment.PerfCost-bfba: Processed 6090 samples out of 10000, 0 errors
02:57:12,770 INFO Experiment.PerfCost-bfba: Processed 6100 samples out of 10000, 0 errors
02:57:25,274 INFO Experiment.PerfCost-bfba: Processed 6110 samples out of 10000, 0 errors
02:57:37,852 INFO Experiment.PerfCost-bfba: Processed 6120 samples out of 10000, 0 errors
02:57:50,228 INFO Experiment.PerfCost-bfba: Processed 6130 samples out of 10000, 0 errors
02:58:02,639 INFO Experiment.PerfCost-bfba: Processed 6140 samples out of 10000, 0 errors
02:58:15,109 INFO Experiment.PerfCost-bfba: Processed 6150 samples out of 10000, 0 errors
02:58:27,558 INFO Experiment.PerfCost-bfba: Processed 6160 samples out of 10000, 0 errors
02:58:40,14 INFO Experiment.PerfCost-bfba: Processed 6170 samples out of 10000, 0 errors
02:58:52,472 INFO Experiment.PerfCost-bfba: Processed 6180 samples out of 10000, 0 errors
02:59:04,890 INFO Experiment.PerfCost-bfba: Processed 6190 samples out of 10000, 0 errors
02:59:17,326 INFO Experiment.PerfCost-bfba: Processed 6200 samples out of 10000, 0 errors
02:59:29,790 INFO Experiment.PerfCost-bfba: Processed 6210 samples out of 10000, 0 errors
02:59:42,237 INFO Experiment.PerfCost-bfba: Processed 6220 samples out of 10000, 0 errors
02:59:54,710 INFO Experiment.PerfCost-bfba: Processed 6230 samples out of 10000, 0 errors
03:00:07,237 INFO Experiment.PerfCost-bfba: Processed 6240 samples out of 10000, 0 errors
03:00:19,625 INFO Experiment.PerfCost-bfba: Processed 6250 samples out of 10000, 0 errors
03:00:31,883 INFO Experiment.PerfCost-bfba: Processed 6260 samples out of 10000, 0 errors
03:00:44,373 INFO Experiment.PerfCost-bfba: Processed 6270 samples out of 10000, 0 errors
03:00:56,720 INFO Experiment.PerfCost-bfba: Processed 6280 samples out of 10000, 0 errors
03:01:09,164 INFO Experiment.PerfCost-bfba: Processed 6290 samples out of 10000, 0 errors
03:01:21,556 INFO Experiment.PerfCost-bfba: Processed 6300 samples out of 10000, 0 errors
03:01:34,69 INFO Experiment.PerfCost-bfba: Processed 6310 samples out of 10000, 0 errors
03:01:46,488 INFO Experiment.PerfCost-bfba: Processed 6320 samples out of 10000, 0 errors
03:01:58,898 INFO Experiment.PerfCost-bfba: Processed 6330 samples out of 10000, 0 errors
03:02:11,320 INFO Experiment.PerfCost-bfba: Processed 6340 samples out of 10000, 0 errors
03:02:23,866 INFO Experiment.PerfCost-bfba: Processed 6350 samples out of 10000, 0 errors
03:02:36,321 INFO Experiment.PerfCost-bfba: Processed 6360 samples out of 10000, 0 errors
03:02:48,742 INFO Experiment.PerfCost-bfba: Processed 6370 samples out of 10000, 0 errors
03:03:01,216 INFO Experiment.PerfCost-bfba: Processed 6380 samples out of 10000, 0 errors
03:03:13,605 INFO Experiment.PerfCost-bfba: Processed 6390 samples out of 10000, 0 errors
03:03:26,169 INFO Experiment.PerfCost-bfba: Processed 6400 samples out of 10000, 0 errors
03:03:38,648 INFO Experiment.PerfCost-bfba: Processed 6410 samples out of 10000, 0 errors
03:03:50,974 INFO Experiment.PerfCost-bfba: Processed 6420 samples out of 10000, 0 errors
03:04:03,503 INFO Experiment.PerfCost-bfba: Processed 6430 samples out of 10000, 0 errors
03:04:15,926 INFO Experiment.PerfCost-bfba: Processed 6440 samples out of 10000, 0 errors
03:04:28,415 INFO Experiment.PerfCost-bfba: Processed 6450 samples out of 10000, 0 errors
03:04:40,893 INFO Experiment.PerfCost-bfba: Processed 6460 samples out of 10000, 0 errors
03:04:53,354 INFO Experiment.PerfCost-bfba: Processed 6470 samples out of 10000, 0 errors
03:05:05,603 INFO Experiment.PerfCost-bfba: Processed 6480 samples out of 10000, 0 errors
03:05:18,90 INFO Experiment.PerfCost-bfba: Processed 6490 samples out of 10000, 0 errors
03:05:30,602 INFO Experiment.PerfCost-bfba: Processed 6500 samples out of 10000, 0 errors
03:05:43,106 INFO Experiment.PerfCost-bfba: Processed 6510 samples out of 10000, 0 errors
03:05:55,564 INFO Experiment.PerfCost-bfba: Processed 6520 samples out of 10000, 0 errors
03:06:07,927 INFO Experiment.PerfCost-bfba: Processed 6530 samples out of 10000, 0 errors
03:06:20,336 INFO Experiment.PerfCost-bfba: Processed 6540 samples out of 10000, 0 errors
03:06:32,761 INFO Experiment.PerfCost-bfba: Processed 6550 samples out of 10000, 0 errors
03:06:45,176 INFO Experiment.PerfCost-bfba: Processed 6560 samples out of 10000, 0 errors
03:06:57,659 INFO Experiment.PerfCost-bfba: Processed 6570 samples out of 10000, 0 errors
03:07:10,151 INFO Experiment.PerfCost-bfba: Processed 6580 samples out of 10000, 0 errors
03:07:22,585 INFO Experiment.PerfCost-bfba: Processed 6590 samples out of 10000, 0 errors
03:07:34,978 INFO Experiment.PerfCost-bfba: Processed 6600 samples out of 10000, 0 errors
03:07:47,270 INFO Experiment.PerfCost-bfba: Processed 6610 samples out of 10000, 0 errors
03:07:59,687 INFO Experiment.PerfCost-bfba: Processed 6620 samples out of 10000, 0 errors
03:08:12,149 INFO Experiment.PerfCost-bfba: Processed 6630 samples out of 10000, 0 errors
03:08:24,611 INFO Experiment.PerfCost-bfba: Processed 6640 samples out of 10000, 0 errors
03:08:37,145 INFO Experiment.PerfCost-bfba: Processed 6650 samples out of 10000, 0 errors
03:08:49,417 INFO Experiment.PerfCost-bfba: Processed 6660 samples out of 10000, 0 errors
03:09:01,828 INFO Experiment.PerfCost-bfba: Processed 6670 samples out of 10000, 0 errors
03:09:14,287 INFO Experiment.PerfCost-bfba: Processed 6680 samples out of 10000, 0 errors
03:09:26,816 INFO Experiment.PerfCost-bfba: Processed 6690 samples out of 10000, 0 errors
03:09:39,389 INFO Experiment.PerfCost-bfba: Processed 6700 samples out of 10000, 0 errors
03:09:51,775 INFO Experiment.PerfCost-bfba: Processed 6710 samples out of 10000, 0 errors
03:10:04,186 INFO Experiment.PerfCost-bfba: Processed 6720 samples out of 10000, 0 errors
03:10:16,622 INFO Experiment.PerfCost-bfba: Processed 6730 samples out of 10000, 0 errors
03:10:29,33 INFO Experiment.PerfCost-bfba: Processed 6740 samples out of 10000, 0 errors
03:10:41,516 INFO Experiment.PerfCost-bfba: Processed 6750 samples out of 10000, 0 errors
03:10:54,25 INFO Experiment.PerfCost-bfba: Processed 6760 samples out of 10000, 0 errors
03:11:06,417 INFO Experiment.PerfCost-bfba: Processed 6770 samples out of 10000, 0 errors
03:11:18,759 INFO Experiment.PerfCost-bfba: Processed 6780 samples out of 10000, 0 errors
03:11:31,247 INFO Experiment.PerfCost-bfba: Processed 6790 samples out of 10000, 0 errors
03:11:43,653 INFO Experiment.PerfCost-bfba: Processed 6800 samples out of 10000, 0 errors
03:11:56,59 INFO Experiment.PerfCost-bfba: Processed 6810 samples out of 10000, 0 errors
03:12:08,548 INFO Experiment.PerfCost-bfba: Processed 6820 samples out of 10000, 0 errors
03:12:20,948 INFO Experiment.PerfCost-bfba: Processed 6830 samples out of 10000, 0 errors
03:12:33,408 INFO Experiment.PerfCost-bfba: Processed 6840 samples out of 10000, 0 errors
03:12:45,818 INFO Experiment.PerfCost-bfba: Processed 6850 samples out of 10000, 0 errors
03:12:58,164 INFO Experiment.PerfCost-bfba: Processed 6860 samples out of 10000, 0 errors
03:13:10,524 INFO Experiment.PerfCost-bfba: Processed 6870 samples out of 10000, 0 errors
03:13:22,990 INFO Experiment.PerfCost-bfba: Processed 6880 samples out of 10000, 0 errors
03:13:35,522 INFO Experiment.PerfCost-bfba: Processed 6890 samples out of 10000, 0 errors
03:13:47,990 INFO Experiment.PerfCost-bfba: Processed 6900 samples out of 10000, 0 errors
03:14:00,466 INFO Experiment.PerfCost-bfba: Processed 6910 samples out of 10000, 0 errors
03:14:12,919 INFO Experiment.PerfCost-bfba: Processed 6920 samples out of 10000, 0 errors
03:14:25,386 INFO Experiment.PerfCost-bfba: Processed 6930 samples out of 10000, 0 errors
03:14:37,859 INFO Experiment.PerfCost-bfba: Processed 6940 samples out of 10000, 0 errors
03:14:50,345 INFO Experiment.PerfCost-bfba: Processed 6950 samples out of 10000, 0 errors
03:15:02,714 INFO Experiment.PerfCost-bfba: Processed 6960 samples out of 10000, 0 errors
03:15:15,101 INFO Experiment.PerfCost-bfba: Processed 6970 samples out of 10000, 0 errors
03:15:27,573 INFO Experiment.PerfCost-bfba: Processed 6980 samples out of 10000, 0 errors
03:15:40,56 INFO Experiment.PerfCost-bfba: Processed 6990 samples out of 10000, 0 errors
03:15:52,620 INFO Experiment.PerfCost-bfba: Processed 7000 samples out of 10000, 0 errors
03:16:04,999 INFO Experiment.PerfCost-bfba: Processed 7010 samples out of 10000, 0 errors
03:16:17,376 INFO Experiment.PerfCost-bfba: Processed 7020 samples out of 10000, 0 errors
03:16:29,758 INFO Experiment.PerfCost-bfba: Processed 7030 samples out of 10000, 0 errors
03:16:42,302 INFO Experiment.PerfCost-bfba: Processed 7040 samples out of 10000, 0 errors
03:16:54,704 INFO Experiment.PerfCost-bfba: Processed 7050 samples out of 10000, 0 errors
03:17:07,45 INFO Experiment.PerfCost-bfba: Processed 7060 samples out of 10000, 0 errors
03:17:19,471 INFO Experiment.PerfCost-bfba: Processed 7070 samples out of 10000, 0 errors
03:17:31,988 INFO Experiment.PerfCost-bfba: Processed 7080 samples out of 10000, 0 errors
03:17:44,416 INFO Experiment.PerfCost-bfba: Processed 7090 samples out of 10000, 0 errors
03:17:56,877 INFO Experiment.PerfCost-bfba: Processed 7100 samples out of 10000, 0 errors
03:18:09,303 INFO Experiment.PerfCost-bfba: Processed 7110 samples out of 10000, 0 errors
03:18:21,715 INFO Experiment.PerfCost-bfba: Processed 7120 samples out of 10000, 0 errors
03:18:34,298 INFO Experiment.PerfCost-bfba: Processed 7130 samples out of 10000, 0 errors
03:18:46,721 INFO Experiment.PerfCost-bfba: Processed 7140 samples out of 10000, 0 errors
03:18:59,237 INFO Experiment.PerfCost-bfba: Processed 7150 samples out of 10000, 0 errors
03:19:11,624 INFO Experiment.PerfCost-bfba: Processed 7160 samples out of 10000, 0 errors
03:19:24,47 INFO Experiment.PerfCost-bfba: Processed 7170 samples out of 10000, 0 errors
03:19:36,342 INFO Experiment.PerfCost-bfba: Processed 7180 samples out of 10000, 0 errors
03:19:48,787 INFO Experiment.PerfCost-bfba: Processed 7190 samples out of 10000, 0 errors
03:20:01,244 INFO Experiment.PerfCost-bfba: Processed 7200 samples out of 10000, 0 errors
03:20:13,699 INFO Experiment.PerfCost-bfba: Processed 7210 samples out of 10000, 0 errors
03:20:26,190 INFO Experiment.PerfCost-bfba: Processed 7220 samples out of 10000, 0 errors
03:20:38,526 INFO Experiment.PerfCost-bfba: Processed 7230 samples out of 10000, 0 errors
03:20:50,954 INFO Experiment.PerfCost-bfba: Processed 7240 samples out of 10000, 0 errors
03:21:03,378 INFO Experiment.PerfCost-bfba: Processed 7250 samples out of 10000, 0 errors
03:21:15,823 INFO Experiment.PerfCost-bfba: Processed 7260 samples out of 10000, 0 errors
03:21:28,222 INFO Experiment.PerfCost-bfba: Processed 7270 samples out of 10000, 0 errors
03:21:40,775 INFO Experiment.PerfCost-bfba: Processed 7280 samples out of 10000, 0 errors
03:21:53,266 INFO Experiment.PerfCost-bfba: Processed 7290 samples out of 10000, 0 errors
03:22:05,666 INFO Experiment.PerfCost-bfba: Processed 7300 samples out of 10000, 0 errors
03:22:18,1 INFO Experiment.PerfCost-bfba: Processed 7310 samples out of 10000, 0 errors
03:22:30,462 INFO Experiment.PerfCost-bfba: Processed 7320 samples out of 10000, 0 errors
03:22:42,793 INFO Experiment.PerfCost-bfba: Processed 7330 samples out of 10000, 0 errors
03:22:55,229 INFO Experiment.PerfCost-bfba: Processed 7340 samples out of 10000, 0 errors
03:23:07,713 INFO Experiment.PerfCost-bfba: Processed 7350 samples out of 10000, 0 errors
03:23:20,151 INFO Experiment.PerfCost-bfba: Processed 7360 samples out of 10000, 0 errors
03:23:32,639 INFO Experiment.PerfCost-bfba: Processed 7370 samples out of 10000, 0 errors
03:23:45,77 INFO Experiment.PerfCost-bfba: Processed 7380 samples out of 10000, 0 errors
03:23:57,573 INFO Experiment.PerfCost-bfba: Processed 7390 samples out of 10000, 0 errors
03:24:10,41 INFO Experiment.PerfCost-bfba: Processed 7400 samples out of 10000, 0 errors
03:24:22,432 INFO Experiment.PerfCost-bfba: Processed 7410 samples out of 10000, 0 errors
03:24:34,897 INFO Experiment.PerfCost-bfba: Processed 7420 samples out of 10000, 0 errors
03:24:47,333 INFO Experiment.PerfCost-bfba: Processed 7430 samples out of 10000, 0 errors
03:24:59,897 INFO Experiment.PerfCost-bfba: Processed 7440 samples out of 10000, 0 errors
03:25:12,359 INFO Experiment.PerfCost-bfba: Processed 7450 samples out of 10000, 0 errors
03:25:24,757 INFO Experiment.PerfCost-bfba: Processed 7460 samples out of 10000, 0 errors
03:25:37,59 INFO Experiment.PerfCost-bfba: Processed 7470 samples out of 10000, 0 errors
03:25:49,533 INFO Experiment.PerfCost-bfba: Processed 7480 samples out of 10000, 0 errors
03:26:02,15 INFO Experiment.PerfCost-bfba: Processed 7490 samples out of 10000, 0 errors
03:26:14,533 INFO Experiment.PerfCost-bfba: Processed 7500 samples out of 10000, 0 errors
03:26:26,839 INFO Experiment.PerfCost-bfba: Processed 7510 samples out of 10000, 0 errors
03:26:39,292 INFO Experiment.PerfCost-bfba: Processed 7520 samples out of 10000, 0 errors
03:26:51,797 INFO Experiment.PerfCost-bfba: Processed 7530 samples out of 10000, 0 errors
03:27:04,321 INFO Experiment.PerfCost-bfba: Processed 7540 samples out of 10000, 0 errors
03:27:16,721 INFO Experiment.PerfCost-bfba: Processed 7550 samples out of 10000, 0 errors
03:27:29,305 INFO Experiment.PerfCost-bfba: Processed 7560 samples out of 10000, 0 errors
03:27:41,762 INFO Experiment.PerfCost-bfba: Processed 7570 samples out of 10000, 0 errors
03:27:54,190 INFO Experiment.PerfCost-bfba: Processed 7580 samples out of 10000, 0 errors
03:28:06,607 INFO Experiment.PerfCost-bfba: Processed 7590 samples out of 10000, 0 errors
03:28:19,37 INFO Experiment.PerfCost-bfba: Processed 7600 samples out of 10000, 0 errors
03:28:31,396 INFO Experiment.PerfCost-bfba: Processed 7610 samples out of 10000, 0 errors
03:28:43,825 INFO Experiment.PerfCost-bfba: Processed 7620 samples out of 10000, 0 errors
03:28:56,194 INFO Experiment.PerfCost-bfba: Processed 7630 samples out of 10000, 0 errors
03:29:08,626 INFO Experiment.PerfCost-bfba: Processed 7640 samples out of 10000, 0 errors
03:29:21,138 INFO Experiment.PerfCost-bfba: Processed 7650 samples out of 10000, 0 errors
03:29:33,526 INFO Experiment.PerfCost-bfba: Processed 7660 samples out of 10000, 0 errors
03:29:45,961 INFO Experiment.PerfCost-bfba: Processed 7670 samples out of 10000, 0 errors
03:29:58,378 INFO Experiment.PerfCost-bfba: Processed 7680 samples out of 10000, 0 errors
03:30:10,780 INFO Experiment.PerfCost-bfba: Processed 7690 samples out of 10000, 0 errors
03:30:23,355 INFO Experiment.PerfCost-bfba: Processed 7700 samples out of 10000, 0 errors
03:30:35,877 INFO Experiment.PerfCost-bfba: Processed 7710 samples out of 10000, 0 errors
03:30:48,286 INFO Experiment.PerfCost-bfba: Processed 7720 samples out of 10000, 0 errors
03:31:00,729 INFO Experiment.PerfCost-bfba: Processed 7730 samples out of 10000, 0 errors
03:31:13,278 INFO Experiment.PerfCost-bfba: Processed 7740 samples out of 10000, 0 errors
03:31:25,837 INFO Experiment.PerfCost-bfba: Processed 7750 samples out of 10000, 0 errors
03:31:38,323 INFO Experiment.PerfCost-bfba: Processed 7760 samples out of 10000, 0 errors
03:31:50,712 INFO Experiment.PerfCost-bfba: Processed 7770 samples out of 10000, 0 errors
03:32:03,131 INFO Experiment.PerfCost-bfba: Processed 7780 samples out of 10000, 0 errors
03:32:15,698 INFO Experiment.PerfCost-bfba: Processed 7790 samples out of 10000, 0 errors
03:32:28,147 INFO Experiment.PerfCost-bfba: Processed 7800 samples out of 10000, 0 errors
03:32:40,518 INFO Experiment.PerfCost-bfba: Processed 7810 samples out of 10000, 0 errors
03:32:52,961 INFO Experiment.PerfCost-bfba: Processed 7820 samples out of 10000, 0 errors
03:33:05,283 INFO Experiment.PerfCost-bfba: Processed 7830 samples out of 10000, 0 errors
03:33:17,744 INFO Experiment.PerfCost-bfba: Processed 7840 samples out of 10000, 0 errors
03:33:30,118 INFO Experiment.PerfCost-bfba: Processed 7850 samples out of 10000, 0 errors
03:33:42,538 INFO Experiment.PerfCost-bfba: Processed 7860 samples out of 10000, 0 errors
03:33:55,14 INFO Experiment.PerfCost-bfba: Processed 7870 samples out of 10000, 0 errors
03:34:07,599 INFO Experiment.PerfCost-bfba: Processed 7880 samples out of 10000, 0 errors
03:34:20,111 INFO Experiment.PerfCost-bfba: Processed 7890 samples out of 10000, 0 errors
03:34:32,643 INFO Experiment.PerfCost-bfba: Processed 7900 samples out of 10000, 0 errors
03:34:44,970 INFO Experiment.PerfCost-bfba: Processed 7910 samples out of 10000, 0 errors
03:34:57,543 INFO Experiment.PerfCost-bfba: Processed 7920 samples out of 10000, 0 errors
03:35:10,23 INFO Experiment.PerfCost-bfba: Processed 7930 samples out of 10000, 0 errors
03:35:22,512 INFO Experiment.PerfCost-bfba: Processed 7940 samples out of 10000, 0 errors
03:35:35,58 INFO Experiment.PerfCost-bfba: Processed 7950 samples out of 10000, 0 errors
03:35:47,531 INFO Experiment.PerfCost-bfba: Processed 7960 samples out of 10000, 0 errors
03:35:59,937 INFO Experiment.PerfCost-bfba: Processed 7970 samples out of 10000, 0 errors
03:36:12,325 INFO Experiment.PerfCost-bfba: Processed 7980 samples out of 10000, 0 errors
03:36:24,773 INFO Experiment.PerfCost-bfba: Processed 7990 samples out of 10000, 0 errors
03:36:37,202 INFO Experiment.PerfCost-bfba: Processed 8000 samples out of 10000, 0 errors
03:36:49,631 INFO Experiment.PerfCost-bfba: Processed 8010 samples out of 10000, 0 errors
03:37:02,140 INFO Experiment.PerfCost-bfba: Processed 8020 samples out of 10000, 0 errors
03:37:14,592 INFO Experiment.PerfCost-bfba: Processed 8030 samples out of 10000, 0 errors
03:37:27,84 INFO Experiment.PerfCost-bfba: Processed 8040 samples out of 10000, 0 errors
03:37:39,489 INFO Experiment.PerfCost-bfba: Processed 8050 samples out of 10000, 0 errors
03:37:51,881 INFO Experiment.PerfCost-bfba: Processed 8060 samples out of 10000, 0 errors
03:38:04,270 INFO Experiment.PerfCost-bfba: Processed 8070 samples out of 10000, 0 errors
03:38:16,736 INFO Experiment.PerfCost-bfba: Processed 8080 samples out of 10000, 0 errors
03:38:29,226 INFO Experiment.PerfCost-bfba: Processed 8090 samples out of 10000, 0 errors
03:38:41,756 INFO Experiment.PerfCost-bfba: Processed 8100 samples out of 10000, 0 errors
03:38:54,154 INFO Experiment.PerfCost-bfba: Processed 8110 samples out of 10000, 0 errors
03:39:06,562 INFO Experiment.PerfCost-bfba: Processed 8120 samples out of 10000, 0 errors
03:39:19,65 INFO Experiment.PerfCost-bfba: Processed 8130 samples out of 10000, 0 errors
03:39:31,487 INFO Experiment.PerfCost-bfba: Processed 8140 samples out of 10000, 0 errors
03:39:43,939 INFO Experiment.PerfCost-bfba: Processed 8150 samples out of 10000, 0 errors
03:39:56,223 INFO Experiment.PerfCost-bfba: Processed 8160 samples out of 10000, 0 errors
03:40:08,595 INFO Experiment.PerfCost-bfba: Processed 8170 samples out of 10000, 0 errors
03:40:21,111 INFO Experiment.PerfCost-bfba: Processed 8180 samples out of 10000, 0 errors
03:40:33,559 INFO Experiment.PerfCost-bfba: Processed 8190 samples out of 10000, 0 errors
03:40:46,31 INFO Experiment.PerfCost-bfba: Processed 8200 samples out of 10000, 0 errors
03:40:58,406 INFO Experiment.PerfCost-bfba: Processed 8210 samples out of 10000, 0 errors
03:41:10,791 INFO Experiment.PerfCost-bfba: Processed 8220 samples out of 10000, 0 errors
03:41:23,227 INFO Experiment.PerfCost-bfba: Processed 8230 samples out of 10000, 0 errors
03:41:35,637 INFO Experiment.PerfCost-bfba: Processed 8240 samples out of 10000, 0 errors
03:41:48,90 INFO Experiment.PerfCost-bfba: Processed 8250 samples out of 10000, 0 errors
03:42:00,523 INFO Experiment.PerfCost-bfba: Processed 8260 samples out of 10000, 0 errors
03:42:13,84 INFO Experiment.PerfCost-bfba: Processed 8270 samples out of 10000, 0 errors
03:42:25,514 INFO Experiment.PerfCost-bfba: Processed 8280 samples out of 10000, 0 errors
03:42:37,943 INFO Experiment.PerfCost-bfba: Processed 8290 samples out of 10000, 0 errors
03:42:50,307 INFO Experiment.PerfCost-bfba: Processed 8300 samples out of 10000, 0 errors
03:43:02,756 INFO Experiment.PerfCost-bfba: Processed 8310 samples out of 10000, 0 errors
03:43:15,177 INFO Experiment.PerfCost-bfba: Processed 8320 samples out of 10000, 0 errors
03:43:27,643 INFO Experiment.PerfCost-bfba: Processed 8330 samples out of 10000, 0 errors
03:43:40,13 INFO Experiment.PerfCost-bfba: Processed 8340 samples out of 10000, 0 errors
03:43:52,479 INFO Experiment.PerfCost-bfba: Processed 8350 samples out of 10000, 0 errors
03:44:04,907 INFO Experiment.PerfCost-bfba: Processed 8360 samples out of 10000, 0 errors
03:44:17,372 INFO Experiment.PerfCost-bfba: Processed 8370 samples out of 10000, 0 errors
03:44:29,809 INFO Experiment.PerfCost-bfba: Processed 8380 samples out of 10000, 0 errors
03:44:42,191 INFO Experiment.PerfCost-bfba: Processed 8390 samples out of 10000, 0 errors
03:44:54,710 INFO Experiment.PerfCost-bfba: Processed 8400 samples out of 10000, 0 errors
03:45:07,152 INFO Experiment.PerfCost-bfba: Processed 8410 samples out of 10000, 0 errors
03:45:19,602 INFO Experiment.PerfCost-bfba: Processed 8420 samples out of 10000, 0 errors
03:45:32,15 INFO Experiment.PerfCost-bfba: Processed 8430 samples out of 10000, 0 errors
03:45:44,458 INFO Experiment.PerfCost-bfba: Processed 8440 samples out of 10000, 0 errors
03:45:56,863 INFO Experiment.PerfCost-bfba: Processed 8450 samples out of 10000, 0 errors
03:46:09,289 INFO Experiment.PerfCost-bfba: Processed 8460 samples out of 10000, 0 errors
03:46:21,644 INFO Experiment.PerfCost-bfba: Processed 8470 samples out of 10000, 0 errors
03:46:34,195 INFO Experiment.PerfCost-bfba: Processed 8480 samples out of 10000, 0 errors
03:46:46,694 INFO Experiment.PerfCost-bfba: Processed 8490 samples out of 10000, 0 errors
03:46:59,127 INFO Experiment.PerfCost-bfba: Processed 8500 samples out of 10000, 0 errors
03:47:11,517 INFO Experiment.PerfCost-bfba: Processed 8510 samples out of 10000, 0 errors
03:47:24,42 INFO Experiment.PerfCost-bfba: Processed 8520 samples out of 10000, 0 errors
03:47:36,470 INFO Experiment.PerfCost-bfba: Processed 8530 samples out of 10000, 0 errors
03:47:48,983 INFO Experiment.PerfCost-bfba: Processed 8540 samples out of 10000, 0 errors
03:48:01,376 INFO Experiment.PerfCost-bfba: Processed 8550 samples out of 10000, 0 errors
03:48:13,806 INFO Experiment.PerfCost-bfba: Processed 8560 samples out of 10000, 0 errors
03:48:26,318 INFO Experiment.PerfCost-bfba: Processed 8570 samples out of 10000, 0 errors
03:48:38,789 INFO Experiment.PerfCost-bfba: Processed 8580 samples out of 10000, 0 errors
03:48:51,149 INFO Experiment.PerfCost-bfba: Processed 8590 samples out of 10000, 0 errors
03:49:03,650 INFO Experiment.PerfCost-bfba: Processed 8600 samples out of 10000, 0 errors
03:49:16,20 INFO Experiment.PerfCost-bfba: Processed 8610 samples out of 10000, 0 errors
03:49:28,577 INFO Experiment.PerfCost-bfba: Processed 8620 samples out of 10000, 0 errors
03:49:40,928 INFO Experiment.PerfCost-bfba: Processed 8630 samples out of 10000, 0 errors
03:49:53,441 INFO Experiment.PerfCost-bfba: Processed 8640 samples out of 10000, 0 errors
03:50:05,925 INFO Experiment.PerfCost-bfba: Processed 8650 samples out of 10000, 0 errors
03:50:18,387 INFO Experiment.PerfCost-bfba: Processed 8660 samples out of 10000, 0 errors
03:50:30,784 INFO Experiment.PerfCost-bfba: Processed 8670 samples out of 10000, 0 errors
03:50:43,234 INFO Experiment.PerfCost-bfba: Processed 8680 samples out of 10000, 0 errors
03:50:55,700 INFO Experiment.PerfCost-bfba: Processed 8690 samples out of 10000, 0 errors
03:51:08,187 INFO Experiment.PerfCost-bfba: Processed 8700 samples out of 10000, 0 errors
03:51:20,818 INFO Experiment.PerfCost-bfba: Processed 8710 samples out of 10000, 0 errors
03:51:33,298 INFO Experiment.PerfCost-bfba: Processed 8720 samples out of 10000, 0 errors
03:51:45,747 INFO Experiment.PerfCost-bfba: Processed 8730 samples out of 10000, 0 errors
03:51:58,206 INFO Experiment.PerfCost-bfba: Processed 8740 samples out of 10000, 0 errors
03:52:10,773 INFO Experiment.PerfCost-bfba: Processed 8750 samples out of 10000, 0 errors
03:52:23,326 INFO Experiment.PerfCost-bfba: Processed 8760 samples out of 10000, 0 errors
03:52:35,800 INFO Experiment.PerfCost-bfba: Processed 8770 samples out of 10000, 0 errors
03:52:48,99 INFO Experiment.PerfCost-bfba: Processed 8780 samples out of 10000, 0 errors
03:53:00,520 INFO Experiment.PerfCost-bfba: Processed 8790 samples out of 10000, 0 errors
03:53:12,884 INFO Experiment.PerfCost-bfba: Processed 8800 samples out of 10000, 0 errors
03:53:25,245 INFO Experiment.PerfCost-bfba: Processed 8810 samples out of 10000, 0 errors
03:53:37,686 INFO Experiment.PerfCost-bfba: Processed 8820 samples out of 10000, 0 errors
03:53:50,126 INFO Experiment.PerfCost-bfba: Processed 8830 samples out of 10000, 0 errors
03:54:02,488 INFO Experiment.PerfCost-bfba: Processed 8840 samples out of 10000, 0 errors
03:54:14,919 INFO Experiment.PerfCost-bfba: Processed 8850 samples out of 10000, 0 errors
03:54:27,345 INFO Experiment.PerfCost-bfba: Processed 8860 samples out of 10000, 0 errors
03:54:39,630 INFO Experiment.PerfCost-bfba: Processed 8870 samples out of 10000, 0 errors
03:54:52,77 INFO Experiment.PerfCost-bfba: Processed 8880 samples out of 10000, 0 errors
03:55:04,585 INFO Experiment.PerfCost-bfba: Processed 8890 samples out of 10000, 0 errors
03:55:16,987 INFO Experiment.PerfCost-bfba: Processed 8900 samples out of 10000, 0 errors
03:55:29,485 INFO Experiment.PerfCost-bfba: Processed 8910 samples out of 10000, 0 errors
03:55:41,820 INFO Experiment.PerfCost-bfba: Processed 8920 samples out of 10000, 0 errors
03:55:54,220 INFO Experiment.PerfCost-bfba: Processed 8930 samples out of 10000, 0 errors
03:56:06,661 INFO Experiment.PerfCost-bfba: Processed 8940 samples out of 10000, 0 errors
03:56:19,81 INFO Experiment.PerfCost-bfba: Processed 8950 samples out of 10000, 0 errors
03:56:31,547 INFO Experiment.PerfCost-bfba: Processed 8960 samples out of 10000, 0 errors
03:56:44,50 INFO Experiment.PerfCost-bfba: Processed 8970 samples out of 10000, 0 errors
03:56:56,422 INFO Experiment.PerfCost-bfba: Processed 8980 samples out of 10000, 0 errors
03:57:08,843 INFO Experiment.PerfCost-bfba: Processed 8990 samples out of 10000, 0 errors
03:57:21,231 INFO Experiment.PerfCost-bfba: Processed 9000 samples out of 10000, 0 errors
03:57:33,743 INFO Experiment.PerfCost-bfba: Processed 9010 samples out of 10000, 0 errors
03:57:46,176 INFO Experiment.PerfCost-bfba: Processed 9020 samples out of 10000, 0 errors
03:57:58,581 INFO Experiment.PerfCost-bfba: Processed 9030 samples out of 10000, 0 errors
03:58:10,960 INFO Experiment.PerfCost-bfba: Processed 9040 samples out of 10000, 0 errors
03:58:23,379 INFO Experiment.PerfCost-bfba: Processed 9050 samples out of 10000, 0 errors
03:58:35,827 INFO Experiment.PerfCost-bfba: Processed 9060 samples out of 10000, 0 errors
03:58:48,392 INFO Experiment.PerfCost-bfba: Processed 9070 samples out of 10000, 0 errors
03:59:00,832 INFO Experiment.PerfCost-bfba: Processed 9080 samples out of 10000, 0 errors
03:59:13,238 INFO Experiment.PerfCost-bfba: Processed 9090 samples out of 10000, 0 errors
03:59:25,689 INFO Experiment.PerfCost-bfba: Processed 9100 samples out of 10000, 0 errors
03:59:38,136 INFO Experiment.PerfCost-bfba: Processed 9110 samples out of 10000, 0 errors
03:59:50,558 INFO Experiment.PerfCost-bfba: Processed 9120 samples out of 10000, 0 errors
04:00:02,896 INFO Experiment.PerfCost-bfba: Processed 9130 samples out of 10000, 0 errors
04:00:15,344 INFO Experiment.PerfCost-bfba: Processed 9140 samples out of 10000, 0 errors
04:00:27,871 INFO Experiment.PerfCost-bfba: Processed 9150 samples out of 10000, 0 errors
04:00:40,221 INFO Experiment.PerfCost-bfba: Processed 9160 samples out of 10000, 0 errors
04:00:52,641 INFO Experiment.PerfCost-bfba: Processed 9170 samples out of 10000, 0 errors
04:01:04,952 INFO Experiment.PerfCost-bfba: Processed 9180 samples out of 10000, 0 errors
04:01:17,386 INFO Experiment.PerfCost-bfba: Processed 9190 samples out of 10000, 0 errors
04:01:29,828 INFO Experiment.PerfCost-bfba: Processed 9200 samples out of 10000, 0 errors
04:01:42,187 INFO Experiment.PerfCost-bfba: Processed 9210 samples out of 10000, 0 errors
04:01:54,624 INFO Experiment.PerfCost-bfba: Processed 9220 samples out of 10000, 0 errors
04:02:06,985 INFO Experiment.PerfCost-bfba: Processed 9230 samples out of 10000, 0 errors
04:02:19,466 INFO Experiment.PerfCost-bfba: Processed 9240 samples out of 10000, 0 errors
04:02:31,957 INFO Experiment.PerfCost-bfba: Processed 9250 samples out of 10000, 0 errors
04:02:44,380 INFO Experiment.PerfCost-bfba: Processed 9260 samples out of 10000, 0 errors
04:02:56,850 INFO Experiment.PerfCost-bfba: Processed 9270 samples out of 10000, 0 errors
04:03:09,424 INFO Experiment.PerfCost-bfba: Processed 9280 samples out of 10000, 0 errors
04:03:22,3 INFO Experiment.PerfCost-bfba: Processed 9290 samples out of 10000, 0 errors
04:03:34,455 INFO Experiment.PerfCost-bfba: Processed 9300 samples out of 10000, 0 errors
04:03:46,810 INFO Experiment.PerfCost-bfba: Processed 9310 samples out of 10000, 0 errors
04:03:59,219 INFO Experiment.PerfCost-bfba: Processed 9320 samples out of 10000, 0 errors
04:04:11,661 INFO Experiment.PerfCost-bfba: Processed 9330 samples out of 10000, 0 errors
04:04:24,103 INFO Experiment.PerfCost-bfba: Processed 9340 samples out of 10000, 0 errors
04:04:36,511 INFO Experiment.PerfCost-bfba: Processed 9350 samples out of 10000, 0 errors
04:04:48,975 INFO Experiment.PerfCost-bfba: Processed 9360 samples out of 10000, 0 errors
04:05:01,493 INFO Experiment.PerfCost-bfba: Processed 9370 samples out of 10000, 0 errors
04:05:13,945 INFO Experiment.PerfCost-bfba: Processed 9380 samples out of 10000, 0 errors
04:05:26,452 INFO Experiment.PerfCost-bfba: Processed 9390 samples out of 10000, 0 errors
04:05:38,939 INFO Experiment.PerfCost-bfba: Processed 9400 samples out of 10000, 0 errors
04:05:51,399 INFO Experiment.PerfCost-bfba: Processed 9410 samples out of 10000, 0 errors
04:06:03,916 INFO Experiment.PerfCost-bfba: Processed 9420 samples out of 10000, 0 errors
04:06:16,264 INFO Experiment.PerfCost-bfba: Processed 9430 samples out of 10000, 0 errors
04:06:28,720 INFO Experiment.PerfCost-bfba: Processed 9440 samples out of 10000, 0 errors
04:06:41,150 INFO Experiment.PerfCost-bfba: Processed 9450 samples out of 10000, 0 errors
04:06:53,502 INFO Experiment.PerfCost-bfba: Processed 9460 samples out of 10000, 0 errors
04:07:05,879 INFO Experiment.PerfCost-bfba: Processed 9470 samples out of 10000, 0 errors
04:07:18,392 INFO Experiment.PerfCost-bfba: Processed 9480 samples out of 10000, 0 errors
04:07:30,912 INFO Experiment.PerfCost-bfba: Processed 9490 samples out of 10000, 0 errors
04:07:43,421 INFO Experiment.PerfCost-bfba: Processed 9500 samples out of 10000, 0 errors
04:07:55,915 INFO Experiment.PerfCost-bfba: Processed 9510 samples out of 10000, 0 errors
04:08:08,320 INFO Experiment.PerfCost-bfba: Processed 9520 samples out of 10000, 0 errors
04:08:20,697 INFO Experiment.PerfCost-bfba: Processed 9530 samples out of 10000, 0 errors
04:08:33,218 INFO Experiment.PerfCost-bfba: Processed 9540 samples out of 10000, 0 errors
04:08:45,697 INFO Experiment.PerfCost-bfba: Processed 9550 samples out of 10000, 0 errors
04:08:58,219 INFO Experiment.PerfCost-bfba: Processed 9560 samples out of 10000, 0 errors
04:09:10,640 INFO Experiment.PerfCost-bfba: Processed 9570 samples out of 10000, 0 errors
04:09:23,109 INFO Experiment.PerfCost-bfba: Processed 9580 samples out of 10000, 0 errors
04:09:35,616 INFO Experiment.PerfCost-bfba: Processed 9590 samples out of 10000, 0 errors
04:09:48,144 INFO Experiment.PerfCost-bfba: Processed 9600 samples out of 10000, 0 errors
04:10:00,553 INFO Experiment.PerfCost-bfba: Processed 9610 samples out of 10000, 0 errors
04:10:13,22 INFO Experiment.PerfCost-bfba: Processed 9620 samples out of 10000, 0 errors
04:10:25,553 INFO Experiment.PerfCost-bfba: Processed 9630 samples out of 10000, 0 errors
04:10:38,48 INFO Experiment.PerfCost-bfba: Processed 9640 samples out of 10000, 0 errors
04:10:50,502 INFO Experiment.PerfCost-bfba: Processed 9650 samples out of 10000, 0 errors
04:11:02,952 INFO Experiment.PerfCost-bfba: Processed 9660 samples out of 10000, 0 errors
04:11:15,448 INFO Experiment.PerfCost-bfba: Processed 9670 samples out of 10000, 0 errors
04:11:27,879 INFO Experiment.PerfCost-bfba: Processed 9680 samples out of 10000, 0 errors
04:11:40,227 INFO Experiment.PerfCost-bfba: Processed 9690 samples out of 10000, 0 errors
04:11:52,691 INFO Experiment.PerfCost-bfba: Processed 9700 samples out of 10000, 0 errors
04:12:05,181 INFO Experiment.PerfCost-bfba: Processed 9710 samples out of 10000, 0 errors
04:12:17,596 INFO Experiment.PerfCost-bfba: Processed 9720 samples out of 10000, 0 errors
04:12:30,62 INFO Experiment.PerfCost-bfba: Processed 9730 samples out of 10000, 0 errors
04:12:42,543 INFO Experiment.PerfCost-bfba: Processed 9740 samples out of 10000, 0 errors
04:12:54,995 INFO Experiment.PerfCost-bfba: Processed 9750 samples out of 10000, 0 errors
04:13:07,472 INFO Experiment.PerfCost-bfba: Processed 9760 samples out of 10000, 0 errors
04:13:19,911 INFO Experiment.PerfCost-bfba: Processed 9770 samples out of 10000, 0 errors
04:13:32,245 INFO Experiment.PerfCost-bfba: Processed 9780 samples out of 10000, 0 errors
04:13:44,680 INFO Experiment.PerfCost-bfba: Processed 9790 samples out of 10000, 0 errors
04:13:57,195 INFO Experiment.PerfCost-bfba: Processed 9800 samples out of 10000, 0 errors
04:14:09,631 INFO Experiment.PerfCost-bfba: Processed 9810 samples out of 10000, 0 errors
04:14:22,79 INFO Experiment.PerfCost-bfba: Processed 9820 samples out of 10000, 0 errors
04:14:34,536 INFO Experiment.PerfCost-bfba: Processed 9830 samples out of 10000, 0 errors
04:14:46,925 INFO Experiment.PerfCost-bfba: Processed 9840 samples out of 10000, 0 errors
04:14:59,420 INFO Experiment.PerfCost-bfba: Processed 9850 samples out of 10000, 0 errors
04:15:11,928 INFO Experiment.PerfCost-bfba: Processed 9860 samples out of 10000, 0 errors
04:15:24,278 INFO Experiment.PerfCost-bfba: Processed 9870 samples out of 10000, 0 errors
04:15:36,697 INFO Experiment.PerfCost-bfba: Processed 9880 samples out of 10000, 0 errors
04:15:49,201 INFO Experiment.PerfCost-bfba: Processed 9890 samples out of 10000, 0 errors
04:16:01,705 INFO Experiment.PerfCost-bfba: Processed 9900 samples out of 10000, 0 errors
04:16:14,232 INFO Experiment.PerfCost-bfba: Processed 9910 samples out of 10000, 0 errors
04:16:26,714 INFO Experiment.PerfCost-bfba: Processed 9920 samples out of 10000, 0 errors
04:16:39,80 INFO Experiment.PerfCost-bfba: Processed 9930 samples out of 10000, 0 errors
04:16:51,542 INFO Experiment.PerfCost-bfba: Processed 9940 samples out of 10000, 0 errors
04:17:03,960 INFO Experiment.PerfCost-bfba: Processed 9950 samples out of 10000, 0 errors
04:17:16,446 INFO Experiment.PerfCost-bfba: Processed 9960 samples out of 10000, 0 errors
04:17:28,897 INFO Experiment.PerfCost-bfba: Processed 9970 samples out of 10000, 0 errors
04:17:41,362 INFO Experiment.PerfCost-bfba: Processed 9980 samples out of 10000, 0 errors
04:17:53,815 INFO Experiment.PerfCost-bfba: Processed 9990 samples out of 10000, 0 errors
04:18:06,110 INFO Experiment.PerfCost-bfba: Processed 10000 samples out of 10000, 0 errors
04:18:11,131 INFO Experiment.PerfCost-bfba: Mean 1537.1320821 [ms], median 1656.0439999999999 [ms], std 542.1074681763426, CV 35.26746168980651
04:18:11,136 INFO Experiment.PerfCost-bfba: Parametric CI (Student's t-distribution) 0.95 from 1526.505153298897 to 1547.7590109011028, within 0.691347797944894% of mean
04:18:11,139 INFO Experiment.PerfCost-bfba: Non-parametric CI 0.95 from 1643.499 to 1670.181, within 0.8055945373432113% of median
04:18:11,141 INFO Experiment.PerfCost-bfba: Parametric CI (Student's t-distribution) 0.99 from 1523.164954661327 to 1551.0992095386728, within 0.9086484890479428% of mean
04:18:11,144 INFO Experiment.PerfCost-bfba: Non-parametric CI 0.99 from 1636.916 to 1674.393, within 1.131521867776463% of median
