19:08:21,358 INFO SeBS-15e8: Created experiment output at /home/anou/msc-thesis/task-based-experiment/experiment-results/nodejs/non-instrumented/120.uploader
19:08:21,702 INFO OpenWhisk.Resources-e0da: Using user-provided configuration of storage for OpenWhisk.
19:08:21,702 INFO OpenWhisk-b0a6: Using existing resource name: 91d37410.
19:08:21,794 INFO Benchmark-96ee: Using cached benchmark 120.uploader at /home/anou/msc-thesis/task-based-experiment/cache/120.uploader/openwhisk/nodejs/12/120.uploader.zip
19:08:21,794 INFO OpenWhisk-b0a6: Using cached function 120.uploader-nodejs-12 in /home/anou/msc-thesis/task-based-experiment/cache/120.uploader/openwhisk/nodejs/12/120.uploader.zip
19:08:21,810 INFO OpenWhisk-b0a6: Cached function 120.uploader-nodejs-12 is up to date.
19:08:21,812 INFO Experiment.PerfCost-1be2: Begin experiment on memory size 128
19:08:21,812 INFO OpenWhisk-b0a6: Update an existing OpenWhisk action 120.uploader-nodejs-12.
19:08:22,43 INFO Experiment.PerfCost-1be2: Begin warm experiments
19:08:29,768 INFO Experiment.PerfCost-1be2: Processed 0 warm-up samples, ignoring these results.
19:08:39,883 INFO Experiment.PerfCost-1be2: Processed 10 samples out of 10000, 0 errors
19:08:49,993 INFO Experiment.PerfCost-1be2: Processed 20 samples out of 10000, 0 errors
19:09:00,132 INFO Experiment.PerfCost-1be2: Processed 30 samples out of 10000, 0 errors
19:09:10,229 INFO Experiment.PerfCost-1be2: Processed 40 samples out of 10000, 0 errors
19:09:20,348 INFO Experiment.PerfCost-1be2: Processed 50 samples out of 10000, 0 errors
19:09:30,458 INFO Experiment.PerfCost-1be2: Processed 60 samples out of 10000, 0 errors
19:09:40,554 INFO Experiment.PerfCost-1be2: Processed 70 samples out of 10000, 0 errors
19:09:50,661 INFO Experiment.PerfCost-1be2: Processed 80 samples out of 10000, 0 errors
19:10:00,765 INFO Experiment.PerfCost-1be2: Processed 90 samples out of 10000, 0 errors
19:10:10,869 INFO Experiment.PerfCost-1be2: Processed 100 samples out of 10000, 0 errors
19:10:20,974 INFO Experiment.PerfCost-1be2: Processed 110 samples out of 10000, 0 errors
19:10:31,88 INFO Experiment.PerfCost-1be2: Processed 120 samples out of 10000, 0 errors
19:10:41,184 INFO Experiment.PerfCost-1be2: Processed 130 samples out of 10000, 0 errors
19:10:51,284 INFO Experiment.PerfCost-1be2: Processed 140 samples out of 10000, 0 errors
19:11:01,380 INFO Experiment.PerfCost-1be2: Processed 150 samples out of 10000, 0 errors
19:11:11,482 INFO Experiment.PerfCost-1be2: Processed 160 samples out of 10000, 0 errors
19:11:21,586 INFO Experiment.PerfCost-1be2: Processed 170 samples out of 10000, 0 errors
19:11:31,685 INFO Experiment.PerfCost-1be2: Processed 180 samples out of 10000, 0 errors
19:11:41,815 INFO Experiment.PerfCost-1be2: Processed 190 samples out of 10000, 0 errors
19:11:51,917 INFO Experiment.PerfCost-1be2: Processed 200 samples out of 10000, 0 errors
19:12:02,31 INFO Experiment.PerfCost-1be2: Processed 210 samples out of 10000, 0 errors
19:12:12,138 INFO Experiment.PerfCost-1be2: Processed 220 samples out of 10000, 0 errors
19:12:22,248 INFO Experiment.PerfCost-1be2: Processed 230 samples out of 10000, 0 errors
19:12:32,351 INFO Experiment.PerfCost-1be2: Processed 240 samples out of 10000, 0 errors
19:12:42,460 INFO Experiment.PerfCost-1be2: Processed 250 samples out of 10000, 0 errors
19:12:52,561 INFO Experiment.PerfCost-1be2: Processed 260 samples out of 10000, 0 errors
19:13:02,676 INFO Experiment.PerfCost-1be2: Processed 270 samples out of 10000, 0 errors
19:13:12,777 INFO Experiment.PerfCost-1be2: Processed 280 samples out of 10000, 0 errors
19:13:22,874 INFO Experiment.PerfCost-1be2: Processed 290 samples out of 10000, 0 errors
19:13:32,996 INFO Experiment.PerfCost-1be2: Processed 300 samples out of 10000, 0 errors
19:13:43,105 INFO Experiment.PerfCost-1be2: Processed 310 samples out of 10000, 0 errors
19:13:53,225 INFO Experiment.PerfCost-1be2: Processed 320 samples out of 10000, 0 errors
19:14:03,316 INFO Experiment.PerfCost-1be2: Processed 330 samples out of 10000, 0 errors
19:14:13,410 INFO Experiment.PerfCost-1be2: Processed 340 samples out of 10000, 0 errors
19:14:23,512 INFO Experiment.PerfCost-1be2: Processed 350 samples out of 10000, 0 errors
19:14:33,618 INFO Experiment.PerfCost-1be2: Processed 360 samples out of 10000, 0 errors
19:14:43,726 INFO Experiment.PerfCost-1be2: Processed 370 samples out of 10000, 0 errors
19:14:53,822 INFO Experiment.PerfCost-1be2: Processed 380 samples out of 10000, 0 errors
19:15:03,922 INFO Experiment.PerfCost-1be2: Processed 390 samples out of 10000, 0 errors
19:15:14,19 INFO Experiment.PerfCost-1be2: Processed 400 samples out of 10000, 0 errors
19:15:24,117 INFO Experiment.PerfCost-1be2: Processed 410 samples out of 10000, 0 errors
19:15:34,231 INFO Experiment.PerfCost-1be2: Processed 420 samples out of 10000, 0 errors
19:15:44,331 INFO Experiment.PerfCost-1be2: Processed 430 samples out of 10000, 0 errors
19:15:54,430 INFO Experiment.PerfCost-1be2: Processed 440 samples out of 10000, 0 errors
19:16:04,527 INFO Experiment.PerfCost-1be2: Processed 450 samples out of 10000, 0 errors
19:16:14,639 INFO Experiment.PerfCost-1be2: Processed 460 samples out of 10000, 0 errors
19:16:24,742 INFO Experiment.PerfCost-1be2: Processed 470 samples out of 10000, 0 errors
19:16:34,843 INFO Experiment.PerfCost-1be2: Processed 480 samples out of 10000, 0 errors
19:16:44,975 INFO Experiment.PerfCost-1be2: Processed 490 samples out of 10000, 0 errors
19:16:55,82 INFO Experiment.PerfCost-1be2: Processed 500 samples out of 10000, 0 errors
19:17:05,181 INFO Experiment.PerfCost-1be2: Processed 510 samples out of 10000, 0 errors
19:17:15,286 INFO Experiment.PerfCost-1be2: Processed 520 samples out of 10000, 0 errors
19:17:25,381 INFO Experiment.PerfCost-1be2: Processed 530 samples out of 10000, 0 errors
19:17:35,487 INFO Experiment.PerfCost-1be2: Processed 540 samples out of 10000, 0 errors
19:17:45,599 INFO Experiment.PerfCost-1be2: Processed 550 samples out of 10000, 0 errors
19:17:55,705 INFO Experiment.PerfCost-1be2: Processed 560 samples out of 10000, 0 errors
19:18:05,809 INFO Experiment.PerfCost-1be2: Processed 570 samples out of 10000, 0 errors
19:18:15,899 INFO Experiment.PerfCost-1be2: Processed 580 samples out of 10000, 0 errors
19:18:26,0 INFO Experiment.PerfCost-1be2: Processed 590 samples out of 10000, 0 errors
19:18:36,201 INFO Experiment.PerfCost-1be2: Processed 600 samples out of 10000, 0 errors
19:18:46,314 INFO Experiment.PerfCost-1be2: Processed 610 samples out of 10000, 0 errors
19:18:56,429 INFO Experiment.PerfCost-1be2: Processed 620 samples out of 10000, 0 errors
19:19:06,534 INFO Experiment.PerfCost-1be2: Processed 630 samples out of 10000, 0 errors
19:19:16,632 INFO Experiment.PerfCost-1be2: Processed 640 samples out of 10000, 0 errors
19:19:26,747 INFO Experiment.PerfCost-1be2: Processed 650 samples out of 10000, 0 errors
19:19:36,867 INFO Experiment.PerfCost-1be2: Processed 660 samples out of 10000, 0 errors
19:19:46,969 INFO Experiment.PerfCost-1be2: Processed 670 samples out of 10000, 0 errors
19:19:57,71 INFO Experiment.PerfCost-1be2: Processed 680 samples out of 10000, 0 errors
19:20:07,171 INFO Experiment.PerfCost-1be2: Processed 690 samples out of 10000, 0 errors
19:20:17,274 INFO Experiment.PerfCost-1be2: Processed 700 samples out of 10000, 0 errors
19:20:27,376 INFO Experiment.PerfCost-1be2: Processed 710 samples out of 10000, 0 errors
19:20:37,487 INFO Experiment.PerfCost-1be2: Processed 720 samples out of 10000, 0 errors
19:20:47,585 INFO Experiment.PerfCost-1be2: Processed 730 samples out of 10000, 0 errors
19:20:57,681 INFO Experiment.PerfCost-1be2: Processed 740 samples out of 10000, 0 errors
19:21:07,786 INFO Experiment.PerfCost-1be2: Processed 750 samples out of 10000, 0 errors
19:21:17,882 INFO Experiment.PerfCost-1be2: Processed 760 samples out of 10000, 0 errors
19:21:27,976 INFO Experiment.PerfCost-1be2: Processed 770 samples out of 10000, 0 errors
19:21:38,80 INFO Experiment.PerfCost-1be2: Processed 780 samples out of 10000, 0 errors
19:21:48,208 INFO Experiment.PerfCost-1be2: Processed 790 samples out of 10000, 0 errors
19:21:58,299 INFO Experiment.PerfCost-1be2: Processed 800 samples out of 10000, 0 errors
19:22:08,397 INFO Experiment.PerfCost-1be2: Processed 810 samples out of 10000, 0 errors
19:22:18,509 INFO Experiment.PerfCost-1be2: Processed 820 samples out of 10000, 0 errors
19:22:28,622 INFO Experiment.PerfCost-1be2: Processed 830 samples out of 10000, 0 errors
19:22:38,727 INFO Experiment.PerfCost-1be2: Processed 840 samples out of 10000, 0 errors
19:22:48,828 INFO Experiment.PerfCost-1be2: Processed 850 samples out of 10000, 0 errors
19:22:58,940 INFO Experiment.PerfCost-1be2: Processed 860 samples out of 10000, 0 errors
19:23:09,42 INFO Experiment.PerfCost-1be2: Processed 870 samples out of 10000, 0 errors
19:23:19,142 INFO Experiment.PerfCost-1be2: Processed 880 samples out of 10000, 0 errors
19:23:29,241 INFO Experiment.PerfCost-1be2: Processed 890 samples out of 10000, 0 errors
19:23:39,377 INFO Experiment.PerfCost-1be2: Processed 900 samples out of 10000, 0 errors
19:23:49,482 INFO Experiment.PerfCost-1be2: Processed 910 samples out of 10000, 0 errors
19:23:59,613 INFO Experiment.PerfCost-1be2: Processed 920 samples out of 10000, 0 errors
19:24:09,718 INFO Experiment.PerfCost-1be2: Processed 930 samples out of 10000, 0 errors
19:24:19,824 INFO Experiment.PerfCost-1be2: Processed 940 samples out of 10000, 0 errors
19:24:29,933 INFO Experiment.PerfCost-1be2: Processed 950 samples out of 10000, 0 errors
19:24:40,41 INFO Experiment.PerfCost-1be2: Processed 960 samples out of 10000, 0 errors
19:24:50,142 INFO Experiment.PerfCost-1be2: Processed 970 samples out of 10000, 0 errors
19:25:00,233 INFO Experiment.PerfCost-1be2: Processed 980 samples out of 10000, 0 errors
19:25:10,338 INFO Experiment.PerfCost-1be2: Processed 990 samples out of 10000, 0 errors
19:25:20,439 INFO Experiment.PerfCost-1be2: Processed 1000 samples out of 10000, 0 errors
19:25:30,552 INFO Experiment.PerfCost-1be2: Processed 1010 samples out of 10000, 0 errors
19:25:40,662 INFO Experiment.PerfCost-1be2: Processed 1020 samples out of 10000, 0 errors
19:25:50,755 INFO Experiment.PerfCost-1be2: Processed 1030 samples out of 10000, 0 errors
19:26:00,855 INFO Experiment.PerfCost-1be2: Processed 1040 samples out of 10000, 0 errors
19:26:10,955 INFO Experiment.PerfCost-1be2: Processed 1050 samples out of 10000, 0 errors
19:26:21,58 INFO Experiment.PerfCost-1be2: Processed 1060 samples out of 10000, 0 errors
19:26:31,153 INFO Experiment.PerfCost-1be2: Processed 1070 samples out of 10000, 0 errors
19:26:41,263 INFO Experiment.PerfCost-1be2: Processed 1080 samples out of 10000, 0 errors
19:26:51,391 INFO Experiment.PerfCost-1be2: Processed 1090 samples out of 10000, 0 errors
19:27:01,505 INFO Experiment.PerfCost-1be2: Processed 1100 samples out of 10000, 0 errors
19:27:11,613 INFO Experiment.PerfCost-1be2: Processed 1110 samples out of 10000, 0 errors
19:27:21,719 INFO Experiment.PerfCost-1be2: Processed 1120 samples out of 10000, 0 errors
19:27:31,827 INFO Experiment.PerfCost-1be2: Processed 1130 samples out of 10000, 0 errors
19:27:41,936 INFO Experiment.PerfCost-1be2: Processed 1140 samples out of 10000, 0 errors
19:27:52,38 INFO Experiment.PerfCost-1be2: Processed 1150 samples out of 10000, 0 errors
19:28:02,153 INFO Experiment.PerfCost-1be2: Processed 1160 samples out of 10000, 0 errors
19:28:12,255 INFO Experiment.PerfCost-1be2: Processed 1170 samples out of 10000, 0 errors
19:28:22,356 INFO Experiment.PerfCost-1be2: Processed 1180 samples out of 10000, 0 errors
19:28:32,455 INFO Experiment.PerfCost-1be2: Processed 1190 samples out of 10000, 0 errors
19:28:42,582 INFO Experiment.PerfCost-1be2: Processed 1200 samples out of 10000, 0 errors
19:28:52,682 INFO Experiment.PerfCost-1be2: Processed 1210 samples out of 10000, 0 errors
19:29:02,809 INFO Experiment.PerfCost-1be2: Processed 1220 samples out of 10000, 0 errors
19:29:12,917 INFO Experiment.PerfCost-1be2: Processed 1230 samples out of 10000, 0 errors
19:29:23,23 INFO Experiment.PerfCost-1be2: Processed 1240 samples out of 10000, 0 errors
19:29:33,135 INFO Experiment.PerfCost-1be2: Processed 1250 samples out of 10000, 0 errors
19:29:43,237 INFO Experiment.PerfCost-1be2: Processed 1260 samples out of 10000, 0 errors
19:29:53,351 INFO Experiment.PerfCost-1be2: Processed 1270 samples out of 10000, 0 errors
19:30:03,450 INFO Experiment.PerfCost-1be2: Processed 1280 samples out of 10000, 0 errors
19:30:13,549 INFO Experiment.PerfCost-1be2: Processed 1290 samples out of 10000, 0 errors
19:30:23,682 INFO Experiment.PerfCost-1be2: Processed 1300 samples out of 10000, 0 errors
19:30:33,786 INFO Experiment.PerfCost-1be2: Processed 1310 samples out of 10000, 0 errors
19:30:43,889 INFO Experiment.PerfCost-1be2: Processed 1320 samples out of 10000, 0 errors
19:30:53,987 INFO Experiment.PerfCost-1be2: Processed 1330 samples out of 10000, 0 errors
19:31:04,107 INFO Experiment.PerfCost-1be2: Processed 1340 samples out of 10000, 0 errors
19:31:14,213 INFO Experiment.PerfCost-1be2: Processed 1350 samples out of 10000, 0 errors
19:31:24,314 INFO Experiment.PerfCost-1be2: Processed 1360 samples out of 10000, 0 errors
19:31:34,413 INFO Experiment.PerfCost-1be2: Processed 1370 samples out of 10000, 0 errors
19:31:44,527 INFO Experiment.PerfCost-1be2: Processed 1380 samples out of 10000, 0 errors
19:31:54,647 INFO Experiment.PerfCost-1be2: Processed 1390 samples out of 10000, 0 errors
19:32:04,751 INFO Experiment.PerfCost-1be2: Processed 1400 samples out of 10000, 0 errors
19:32:14,851 INFO Experiment.PerfCost-1be2: Processed 1410 samples out of 10000, 0 errors
19:32:24,957 INFO Experiment.PerfCost-1be2: Processed 1420 samples out of 10000, 0 errors
19:32:35,70 INFO Experiment.PerfCost-1be2: Processed 1430 samples out of 10000, 0 errors
19:32:45,178 INFO Experiment.PerfCost-1be2: Processed 1440 samples out of 10000, 0 errors
19:32:55,288 INFO Experiment.PerfCost-1be2: Processed 1450 samples out of 10000, 0 errors
19:33:05,389 INFO Experiment.PerfCost-1be2: Processed 1460 samples out of 10000, 0 errors
19:33:15,505 INFO Experiment.PerfCost-1be2: Processed 1470 samples out of 10000, 0 errors
19:33:25,602 INFO Experiment.PerfCost-1be2: Processed 1480 samples out of 10000, 0 errors
19:33:35,714 INFO Experiment.PerfCost-1be2: Processed 1490 samples out of 10000, 0 errors
19:33:45,825 INFO Experiment.PerfCost-1be2: Processed 1500 samples out of 10000, 0 errors
19:33:55,931 INFO Experiment.PerfCost-1be2: Processed 1510 samples out of 10000, 0 errors
19:34:06,71 INFO Experiment.PerfCost-1be2: Processed 1520 samples out of 10000, 0 errors
19:34:16,181 INFO Experiment.PerfCost-1be2: Processed 1530 samples out of 10000, 0 errors
19:34:26,280 INFO Experiment.PerfCost-1be2: Processed 1540 samples out of 10000, 0 errors
19:34:36,385 INFO Experiment.PerfCost-1be2: Processed 1550 samples out of 10000, 0 errors
19:34:46,504 INFO Experiment.PerfCost-1be2: Processed 1560 samples out of 10000, 0 errors
19:34:56,621 INFO Experiment.PerfCost-1be2: Processed 1570 samples out of 10000, 0 errors
19:35:06,714 INFO Experiment.PerfCost-1be2: Processed 1580 samples out of 10000, 0 errors
19:35:16,831 INFO Experiment.PerfCost-1be2: Processed 1590 samples out of 10000, 0 errors
19:35:26,945 INFO Experiment.PerfCost-1be2: Processed 1600 samples out of 10000, 0 errors
19:35:37,58 INFO Experiment.PerfCost-1be2: Processed 1610 samples out of 10000, 0 errors
19:35:47,158 INFO Experiment.PerfCost-1be2: Processed 1620 samples out of 10000, 0 errors
19:35:57,261 INFO Experiment.PerfCost-1be2: Processed 1630 samples out of 10000, 0 errors
19:36:07,369 INFO Experiment.PerfCost-1be2: Processed 1640 samples out of 10000, 0 errors
19:36:17,467 INFO Experiment.PerfCost-1be2: Processed 1650 samples out of 10000, 0 errors
19:36:27,567 INFO Experiment.PerfCost-1be2: Processed 1660 samples out of 10000, 0 errors
19:36:37,668 INFO Experiment.PerfCost-1be2: Processed 1670 samples out of 10000, 0 errors
19:36:47,776 INFO Experiment.PerfCost-1be2: Processed 1680 samples out of 10000, 0 errors
19:36:57,901 INFO Experiment.PerfCost-1be2: Processed 1690 samples out of 10000, 0 errors
19:37:07,996 INFO Experiment.PerfCost-1be2: Processed 1700 samples out of 10000, 0 errors
19:37:18,102 INFO Experiment.PerfCost-1be2: Processed 1710 samples out of 10000, 0 errors
19:37:28,203 INFO Experiment.PerfCost-1be2: Processed 1720 samples out of 10000, 0 errors
19:37:38,322 INFO Experiment.PerfCost-1be2: Processed 1730 samples out of 10000, 0 errors
19:37:48,421 INFO Experiment.PerfCost-1be2: Processed 1740 samples out of 10000, 0 errors
19:37:58,527 INFO Experiment.PerfCost-1be2: Processed 1750 samples out of 10000, 0 errors
19:38:08,631 INFO Experiment.PerfCost-1be2: Processed 1760 samples out of 10000, 0 errors
19:38:18,738 INFO Experiment.PerfCost-1be2: Processed 1770 samples out of 10000, 0 errors
19:38:28,839 INFO Experiment.PerfCost-1be2: Processed 1780 samples out of 10000, 0 errors
19:38:38,948 INFO Experiment.PerfCost-1be2: Processed 1790 samples out of 10000, 0 errors
19:38:49,68 INFO Experiment.PerfCost-1be2: Processed 1800 samples out of 10000, 0 errors
19:38:59,166 INFO Experiment.PerfCost-1be2: Processed 1810 samples out of 10000, 0 errors
19:39:09,290 INFO Experiment.PerfCost-1be2: Processed 1820 samples out of 10000, 0 errors
19:39:19,392 INFO Experiment.PerfCost-1be2: Processed 1830 samples out of 10000, 0 errors
19:39:29,486 INFO Experiment.PerfCost-1be2: Processed 1840 samples out of 10000, 0 errors
19:39:39,600 INFO Experiment.PerfCost-1be2: Processed 1850 samples out of 10000, 0 errors
19:39:49,718 INFO Experiment.PerfCost-1be2: Processed 1860 samples out of 10000, 0 errors
19:39:59,836 INFO Experiment.PerfCost-1be2: Processed 1870 samples out of 10000, 0 errors
19:40:09,939 INFO Experiment.PerfCost-1be2: Processed 1880 samples out of 10000, 0 errors
19:40:20,44 INFO Experiment.PerfCost-1be2: Processed 1890 samples out of 10000, 0 errors
19:40:30,151 INFO Experiment.PerfCost-1be2: Processed 1900 samples out of 10000, 0 errors
19:40:40,247 INFO Experiment.PerfCost-1be2: Processed 1910 samples out of 10000, 0 errors
19:40:50,356 INFO Experiment.PerfCost-1be2: Processed 1920 samples out of 10000, 0 errors
19:41:00,481 INFO Experiment.PerfCost-1be2: Processed 1930 samples out of 10000, 0 errors
19:41:10,572 INFO Experiment.PerfCost-1be2: Processed 1940 samples out of 10000, 0 errors
19:41:20,676 INFO Experiment.PerfCost-1be2: Processed 1950 samples out of 10000, 0 errors
19:41:30,775 INFO Experiment.PerfCost-1be2: Processed 1960 samples out of 10000, 0 errors
19:41:40,881 INFO Experiment.PerfCost-1be2: Processed 1970 samples out of 10000, 0 errors
19:41:50,988 INFO Experiment.PerfCost-1be2: Processed 1980 samples out of 10000, 0 errors
19:42:01,123 INFO Experiment.PerfCost-1be2: Processed 1990 samples out of 10000, 0 errors
19:42:11,238 INFO Experiment.PerfCost-1be2: Processed 2000 samples out of 10000, 0 errors
19:42:21,342 INFO Experiment.PerfCost-1be2: Processed 2010 samples out of 10000, 0 errors
19:42:31,432 INFO Experiment.PerfCost-1be2: Processed 2020 samples out of 10000, 0 errors
19:42:41,533 INFO Experiment.PerfCost-1be2: Processed 2030 samples out of 10000, 0 errors
19:42:51,639 INFO Experiment.PerfCost-1be2: Processed 2040 samples out of 10000, 0 errors
19:43:01,748 INFO Experiment.PerfCost-1be2: Processed 2050 samples out of 10000, 0 errors
19:43:11,852 INFO Experiment.PerfCost-1be2: Processed 2060 samples out of 10000, 0 errors
19:43:21,960 INFO Experiment.PerfCost-1be2: Processed 2070 samples out of 10000, 0 errors
19:43:32,56 INFO Experiment.PerfCost-1be2: Processed 2080 samples out of 10000, 0 errors
19:43:42,154 INFO Experiment.PerfCost-1be2: Processed 2090 samples out of 10000, 0 errors
19:43:52,260 INFO Experiment.PerfCost-1be2: Processed 2100 samples out of 10000, 0 errors
19:44:02,361 INFO Experiment.PerfCost-1be2: Processed 2110 samples out of 10000, 0 errors
19:44:12,479 INFO Experiment.PerfCost-1be2: Processed 2120 samples out of 10000, 0 errors
19:44:22,587 INFO Experiment.PerfCost-1be2: Processed 2130 samples out of 10000, 0 errors
19:44:32,688 INFO Experiment.PerfCost-1be2: Processed 2140 samples out of 10000, 0 errors
19:44:42,803 INFO Experiment.PerfCost-1be2: Processed 2150 samples out of 10000, 0 errors
19:44:52,924 INFO Experiment.PerfCost-1be2: Processed 2160 samples out of 10000, 0 errors
19:45:03,25 INFO Experiment.PerfCost-1be2: Processed 2170 samples out of 10000, 0 errors
19:45:13,156 INFO Experiment.PerfCost-1be2: Processed 2180 samples out of 10000, 0 errors
19:45:23,276 INFO Experiment.PerfCost-1be2: Processed 2190 samples out of 10000, 0 errors
19:45:33,378 INFO Experiment.PerfCost-1be2: Processed 2200 samples out of 10000, 0 errors
19:45:43,473 INFO Experiment.PerfCost-1be2: Processed 2210 samples out of 10000, 0 errors
19:45:53,569 INFO Experiment.PerfCost-1be2: Processed 2220 samples out of 10000, 0 errors
19:46:03,677 INFO Experiment.PerfCost-1be2: Processed 2230 samples out of 10000, 0 errors
19:46:13,785 INFO Experiment.PerfCost-1be2: Processed 2240 samples out of 10000, 0 errors
19:46:23,886 INFO Experiment.PerfCost-1be2: Processed 2250 samples out of 10000, 0 errors
19:46:33,995 INFO Experiment.PerfCost-1be2: Processed 2260 samples out of 10000, 0 errors
19:46:44,106 INFO Experiment.PerfCost-1be2: Processed 2270 samples out of 10000, 0 errors
19:46:54,212 INFO Experiment.PerfCost-1be2: Processed 2280 samples out of 10000, 0 errors
19:47:04,338 INFO Experiment.PerfCost-1be2: Processed 2290 samples out of 10000, 0 errors
19:47:14,447 INFO Experiment.PerfCost-1be2: Processed 2300 samples out of 10000, 0 errors
19:47:24,555 INFO Experiment.PerfCost-1be2: Processed 2310 samples out of 10000, 0 errors
19:47:34,653 INFO Experiment.PerfCost-1be2: Processed 2320 samples out of 10000, 0 errors
19:47:44,749 INFO Experiment.PerfCost-1be2: Processed 2330 samples out of 10000, 0 errors
19:47:54,851 INFO Experiment.PerfCost-1be2: Processed 2340 samples out of 10000, 0 errors
19:48:04,967 INFO Experiment.PerfCost-1be2: Processed 2350 samples out of 10000, 0 errors
19:48:15,83 INFO Experiment.PerfCost-1be2: Processed 2360 samples out of 10000, 0 errors
19:48:25,195 INFO Experiment.PerfCost-1be2: Processed 2370 samples out of 10000, 0 errors
19:48:35,299 INFO Experiment.PerfCost-1be2: Processed 2380 samples out of 10000, 0 errors
19:48:45,410 INFO Experiment.PerfCost-1be2: Processed 2390 samples out of 10000, 0 errors
19:48:55,524 INFO Experiment.PerfCost-1be2: Processed 2400 samples out of 10000, 0 errors
19:49:05,625 INFO Experiment.PerfCost-1be2: Processed 2410 samples out of 10000, 0 errors
19:49:15,750 INFO Experiment.PerfCost-1be2: Processed 2420 samples out of 10000, 0 errors
19:49:25,902 INFO Experiment.PerfCost-1be2: Processed 2430 samples out of 10000, 0 errors
19:49:36,7 INFO Experiment.PerfCost-1be2: Processed 2440 samples out of 10000, 0 errors
19:49:46,125 INFO Experiment.PerfCost-1be2: Processed 2450 samples out of 10000, 0 errors
19:49:56,225 INFO Experiment.PerfCost-1be2: Processed 2460 samples out of 10000, 0 errors
19:50:06,323 INFO Experiment.PerfCost-1be2: Processed 2470 samples out of 10000, 0 errors
19:50:16,424 INFO Experiment.PerfCost-1be2: Processed 2480 samples out of 10000, 0 errors
19:50:26,530 INFO Experiment.PerfCost-1be2: Processed 2490 samples out of 10000, 0 errors
19:50:36,637 INFO Experiment.PerfCost-1be2: Processed 2500 samples out of 10000, 0 errors
19:50:46,739 INFO Experiment.PerfCost-1be2: Processed 2510 samples out of 10000, 0 errors
19:50:56,885 INFO Experiment.PerfCost-1be2: Processed 2520 samples out of 10000, 0 errors
19:51:06,997 INFO Experiment.PerfCost-1be2: Processed 2530 samples out of 10000, 0 errors
19:51:17,107 INFO Experiment.PerfCost-1be2: Processed 2540 samples out of 10000, 0 errors
19:51:27,219 INFO Experiment.PerfCost-1be2: Processed 2550 samples out of 10000, 0 errors
19:51:37,330 INFO Experiment.PerfCost-1be2: Processed 2560 samples out of 10000, 0 errors
19:51:47,435 INFO Experiment.PerfCost-1be2: Processed 2570 samples out of 10000, 0 errors
19:51:57,534 INFO Experiment.PerfCost-1be2: Processed 2580 samples out of 10000, 0 errors
19:52:07,658 INFO Experiment.PerfCost-1be2: Processed 2590 samples out of 10000, 0 errors
19:52:17,758 INFO Experiment.PerfCost-1be2: Processed 2600 samples out of 10000, 0 errors
19:52:27,860 INFO Experiment.PerfCost-1be2: Processed 2610 samples out of 10000, 0 errors
19:52:37,969 INFO Experiment.PerfCost-1be2: Processed 2620 samples out of 10000, 0 errors
19:52:48,65 INFO Experiment.PerfCost-1be2: Processed 2630 samples out of 10000, 0 errors
19:52:58,171 INFO Experiment.PerfCost-1be2: Processed 2640 samples out of 10000, 0 errors
19:53:08,272 INFO Experiment.PerfCost-1be2: Processed 2650 samples out of 10000, 0 errors
19:53:18,380 INFO Experiment.PerfCost-1be2: Processed 2660 samples out of 10000, 0 errors
19:53:28,483 INFO Experiment.PerfCost-1be2: Processed 2670 samples out of 10000, 0 errors
19:53:38,635 INFO Experiment.PerfCost-1be2: Processed 2680 samples out of 10000, 0 errors
19:53:48,732 INFO Experiment.PerfCost-1be2: Processed 2690 samples out of 10000, 0 errors
19:53:58,841 INFO Experiment.PerfCost-1be2: Processed 2700 samples out of 10000, 0 errors
19:54:08,957 INFO Experiment.PerfCost-1be2: Processed 2710 samples out of 10000, 0 errors
19:54:19,73 INFO Experiment.PerfCost-1be2: Processed 2720 samples out of 10000, 0 errors
19:54:29,173 INFO Experiment.PerfCost-1be2: Processed 2730 samples out of 10000, 0 errors
19:54:39,279 INFO Experiment.PerfCost-1be2: Processed 2740 samples out of 10000, 0 errors
19:54:49,376 INFO Experiment.PerfCost-1be2: Processed 2750 samples out of 10000, 0 errors
19:54:59,483 INFO Experiment.PerfCost-1be2: Processed 2760 samples out of 10000, 0 errors
19:55:09,585 INFO Experiment.PerfCost-1be2: Processed 2770 samples out of 10000, 0 errors
19:55:19,687 INFO Experiment.PerfCost-1be2: Processed 2780 samples out of 10000, 0 errors
19:55:29,785 INFO Experiment.PerfCost-1be2: Processed 2790 samples out of 10000, 0 errors
19:55:39,890 INFO Experiment.PerfCost-1be2: Processed 2800 samples out of 10000, 0 errors
19:55:49,991 INFO Experiment.PerfCost-1be2: Processed 2810 samples out of 10000, 0 errors
19:56:00,95 INFO Experiment.PerfCost-1be2: Processed 2820 samples out of 10000, 0 errors
19:56:10,186 INFO Experiment.PerfCost-1be2: Processed 2830 samples out of 10000, 0 errors
19:56:20,278 INFO Experiment.PerfCost-1be2: Processed 2840 samples out of 10000, 0 errors
19:56:30,401 INFO Experiment.PerfCost-1be2: Processed 2850 samples out of 10000, 0 errors
19:56:40,512 INFO Experiment.PerfCost-1be2: Processed 2860 samples out of 10000, 0 errors
19:56:50,613 INFO Experiment.PerfCost-1be2: Processed 2870 samples out of 10000, 0 errors
19:57:00,713 INFO Experiment.PerfCost-1be2: Processed 2880 samples out of 10000, 0 errors
19:57:10,840 INFO Experiment.PerfCost-1be2: Processed 2890 samples out of 10000, 0 errors
19:57:20,944 INFO Experiment.PerfCost-1be2: Processed 2900 samples out of 10000, 0 errors
19:57:31,44 INFO Experiment.PerfCost-1be2: Processed 2910 samples out of 10000, 0 errors
19:57:41,155 INFO Experiment.PerfCost-1be2: Processed 2920 samples out of 10000, 0 errors
19:57:51,299 INFO Experiment.PerfCost-1be2: Processed 2930 samples out of 10000, 0 errors
19:58:01,402 INFO Experiment.PerfCost-1be2: Processed 2940 samples out of 10000, 0 errors
19:58:11,512 INFO Experiment.PerfCost-1be2: Processed 2950 samples out of 10000, 0 errors
19:58:21,609 INFO Experiment.PerfCost-1be2: Processed 2960 samples out of 10000, 0 errors
19:58:31,717 INFO Experiment.PerfCost-1be2: Processed 2970 samples out of 10000, 0 errors
19:58:41,836 INFO Experiment.PerfCost-1be2: Processed 2980 samples out of 10000, 0 errors
19:58:51,935 INFO Experiment.PerfCost-1be2: Processed 2990 samples out of 10000, 0 errors
19:59:02,47 INFO Experiment.PerfCost-1be2: Processed 3000 samples out of 10000, 0 errors
19:59:12,155 INFO Experiment.PerfCost-1be2: Processed 3010 samples out of 10000, 0 errors
19:59:22,275 INFO Experiment.PerfCost-1be2: Processed 3020 samples out of 10000, 0 errors
19:59:32,378 INFO Experiment.PerfCost-1be2: Processed 3030 samples out of 10000, 0 errors
19:59:42,476 INFO Experiment.PerfCost-1be2: Processed 3040 samples out of 10000, 0 errors
19:59:52,580 INFO Experiment.PerfCost-1be2: Processed 3050 samples out of 10000, 0 errors
20:00:02,679 INFO Experiment.PerfCost-1be2: Processed 3060 samples out of 10000, 0 errors
20:00:12,780 INFO Experiment.PerfCost-1be2: Processed 3070 samples out of 10000, 0 errors
20:00:22,896 INFO Experiment.PerfCost-1be2: Processed 3080 samples out of 10000, 0 errors
20:00:32,997 INFO Experiment.PerfCost-1be2: Processed 3090 samples out of 10000, 0 errors
20:00:43,97 INFO Experiment.PerfCost-1be2: Processed 3100 samples out of 10000, 0 errors
20:00:53,197 INFO Experiment.PerfCost-1be2: Processed 3110 samples out of 10000, 0 errors
20:01:03,314 INFO Experiment.PerfCost-1be2: Processed 3120 samples out of 10000, 0 errors
20:01:13,406 INFO Experiment.PerfCost-1be2: Processed 3130 samples out of 10000, 0 errors
20:01:23,510 INFO Experiment.PerfCost-1be2: Processed 3140 samples out of 10000, 0 errors
20:01:33,617 INFO Experiment.PerfCost-1be2: Processed 3150 samples out of 10000, 0 errors
20:01:43,728 INFO Experiment.PerfCost-1be2: Processed 3160 samples out of 10000, 0 errors
20:01:53,840 INFO Experiment.PerfCost-1be2: Processed 3170 samples out of 10000, 0 errors
20:02:03,965 INFO Experiment.PerfCost-1be2: Processed 3180 samples out of 10000, 0 errors
20:02:14,86 INFO Experiment.PerfCost-1be2: Processed 3190 samples out of 10000, 0 errors
20:02:24,199 INFO Experiment.PerfCost-1be2: Processed 3200 samples out of 10000, 0 errors
20:02:34,306 INFO Experiment.PerfCost-1be2: Processed 3210 samples out of 10000, 0 errors
20:02:44,416 INFO Experiment.PerfCost-1be2: Processed 3220 samples out of 10000, 0 errors
20:02:54,510 INFO Experiment.PerfCost-1be2: Processed 3230 samples out of 10000, 0 errors
20:03:04,615 INFO Experiment.PerfCost-1be2: Processed 3240 samples out of 10000, 0 errors
20:03:14,717 INFO Experiment.PerfCost-1be2: Processed 3250 samples out of 10000, 0 errors
20:03:24,818 INFO Experiment.PerfCost-1be2: Processed 3260 samples out of 10000, 0 errors
20:03:34,926 INFO Experiment.PerfCost-1be2: Processed 3270 samples out of 10000, 0 errors
20:03:45,37 INFO Experiment.PerfCost-1be2: Processed 3280 samples out of 10000, 0 errors
20:03:55,140 INFO Experiment.PerfCost-1be2: Processed 3290 samples out of 10000, 0 errors
20:04:05,245 INFO Experiment.PerfCost-1be2: Processed 3300 samples out of 10000, 0 errors
20:04:15,377 INFO Experiment.PerfCost-1be2: Processed 3310 samples out of 10000, 0 errors
20:04:25,531 INFO Experiment.PerfCost-1be2: Processed 3320 samples out of 10000, 0 errors
20:04:35,642 INFO Experiment.PerfCost-1be2: Processed 3330 samples out of 10000, 0 errors
20:04:45,746 INFO Experiment.PerfCost-1be2: Processed 3340 samples out of 10000, 0 errors
20:04:55,890 INFO Experiment.PerfCost-1be2: Processed 3350 samples out of 10000, 0 errors
20:05:06,15 INFO Experiment.PerfCost-1be2: Processed 3360 samples out of 10000, 0 errors
20:05:16,155 INFO Experiment.PerfCost-1be2: Processed 3370 samples out of 10000, 0 errors
20:05:26,276 INFO Experiment.PerfCost-1be2: Processed 3380 samples out of 10000, 0 errors
20:05:36,424 INFO Experiment.PerfCost-1be2: Processed 3390 samples out of 10000, 0 errors
20:05:46,567 INFO Experiment.PerfCost-1be2: Processed 3400 samples out of 10000, 0 errors
20:05:56,715 INFO Experiment.PerfCost-1be2: Processed 3410 samples out of 10000, 0 errors
20:06:06,837 INFO Experiment.PerfCost-1be2: Processed 3420 samples out of 10000, 0 errors
20:06:16,922 INFO Experiment.PerfCost-1be2: Processed 3430 samples out of 10000, 0 errors
20:06:27,69 INFO Experiment.PerfCost-1be2: Processed 3440 samples out of 10000, 0 errors
20:06:37,184 INFO Experiment.PerfCost-1be2: Processed 3450 samples out of 10000, 0 errors
20:06:47,326 INFO Experiment.PerfCost-1be2: Processed 3460 samples out of 10000, 0 errors
20:06:57,450 INFO Experiment.PerfCost-1be2: Processed 3470 samples out of 10000, 0 errors
20:07:07,584 INFO Experiment.PerfCost-1be2: Processed 3480 samples out of 10000, 0 errors
20:07:17,746 INFO Experiment.PerfCost-1be2: Processed 3490 samples out of 10000, 0 errors
20:07:27,856 INFO Experiment.PerfCost-1be2: Processed 3500 samples out of 10000, 0 errors
20:07:37,980 INFO Experiment.PerfCost-1be2: Processed 3510 samples out of 10000, 0 errors
20:07:48,106 INFO Experiment.PerfCost-1be2: Processed 3520 samples out of 10000, 0 errors
20:07:58,213 INFO Experiment.PerfCost-1be2: Processed 3530 samples out of 10000, 0 errors
20:08:08,352 INFO Experiment.PerfCost-1be2: Processed 3540 samples out of 10000, 0 errors
20:08:18,471 INFO Experiment.PerfCost-1be2: Processed 3550 samples out of 10000, 0 errors
20:08:28,621 INFO Experiment.PerfCost-1be2: Processed 3560 samples out of 10000, 0 errors
20:08:38,730 INFO Experiment.PerfCost-1be2: Processed 3570 samples out of 10000, 0 errors
20:08:48,867 INFO Experiment.PerfCost-1be2: Processed 3580 samples out of 10000, 0 errors
20:08:58,983 INFO Experiment.PerfCost-1be2: Processed 3590 samples out of 10000, 0 errors
20:09:09,136 INFO Experiment.PerfCost-1be2: Processed 3600 samples out of 10000, 0 errors
20:09:19,262 INFO Experiment.PerfCost-1be2: Processed 3610 samples out of 10000, 0 errors
20:09:29,421 INFO Experiment.PerfCost-1be2: Processed 3620 samples out of 10000, 0 errors
20:09:39,533 INFO Experiment.PerfCost-1be2: Processed 3630 samples out of 10000, 0 errors
20:09:49,664 INFO Experiment.PerfCost-1be2: Processed 3640 samples out of 10000, 0 errors
20:09:59,778 INFO Experiment.PerfCost-1be2: Processed 3650 samples out of 10000, 0 errors
20:10:09,886 INFO Experiment.PerfCost-1be2: Processed 3660 samples out of 10000, 0 errors
20:10:20,46 INFO Experiment.PerfCost-1be2: Processed 3670 samples out of 10000, 0 errors
20:10:30,198 INFO Experiment.PerfCost-1be2: Processed 3680 samples out of 10000, 0 errors
20:10:40,305 INFO Experiment.PerfCost-1be2: Processed 3690 samples out of 10000, 0 errors
20:10:50,433 INFO Experiment.PerfCost-1be2: Processed 3700 samples out of 10000, 0 errors
20:11:00,578 INFO Experiment.PerfCost-1be2: Processed 3710 samples out of 10000, 0 errors
20:11:10,708 INFO Experiment.PerfCost-1be2: Processed 3720 samples out of 10000, 0 errors
20:11:20,852 INFO Experiment.PerfCost-1be2: Processed 3730 samples out of 10000, 0 errors
20:11:30,967 INFO Experiment.PerfCost-1be2: Processed 3740 samples out of 10000, 0 errors
20:11:41,91 INFO Experiment.PerfCost-1be2: Processed 3750 samples out of 10000, 0 errors
20:11:51,231 INFO Experiment.PerfCost-1be2: Processed 3760 samples out of 10000, 0 errors
20:12:01,364 INFO Experiment.PerfCost-1be2: Processed 3770 samples out of 10000, 0 errors
20:12:11,496 INFO Experiment.PerfCost-1be2: Processed 3780 samples out of 10000, 0 errors
20:12:21,647 INFO Experiment.PerfCost-1be2: Processed 3790 samples out of 10000, 0 errors
20:12:31,765 INFO Experiment.PerfCost-1be2: Processed 3800 samples out of 10000, 0 errors
20:12:41,911 INFO Experiment.PerfCost-1be2: Processed 3810 samples out of 10000, 0 errors
20:12:52,32 INFO Experiment.PerfCost-1be2: Processed 3820 samples out of 10000, 0 errors
20:13:02,156 INFO Experiment.PerfCost-1be2: Processed 3830 samples out of 10000, 0 errors
20:13:12,302 INFO Experiment.PerfCost-1be2: Processed 3840 samples out of 10000, 0 errors
20:13:22,423 INFO Experiment.PerfCost-1be2: Processed 3850 samples out of 10000, 0 errors
20:13:32,576 INFO Experiment.PerfCost-1be2: Processed 3860 samples out of 10000, 0 errors
20:13:42,676 INFO Experiment.PerfCost-1be2: Processed 3870 samples out of 10000, 0 errors
20:13:52,789 INFO Experiment.PerfCost-1be2: Processed 3880 samples out of 10000, 0 errors
20:14:02,904 INFO Experiment.PerfCost-1be2: Processed 3890 samples out of 10000, 0 errors
20:14:13,58 INFO Experiment.PerfCost-1be2: Processed 3900 samples out of 10000, 0 errors
20:14:23,154 INFO Experiment.PerfCost-1be2: Processed 3910 samples out of 10000, 0 errors
20:14:33,293 INFO Experiment.PerfCost-1be2: Processed 3920 samples out of 10000, 0 errors
20:14:43,412 INFO Experiment.PerfCost-1be2: Processed 3930 samples out of 10000, 0 errors
20:14:53,563 INFO Experiment.PerfCost-1be2: Processed 3940 samples out of 10000, 0 errors
20:15:03,695 INFO Experiment.PerfCost-1be2: Processed 3950 samples out of 10000, 0 errors
20:15:13,841 INFO Experiment.PerfCost-1be2: Processed 3960 samples out of 10000, 0 errors
20:15:23,962 INFO Experiment.PerfCost-1be2: Processed 3970 samples out of 10000, 0 errors
20:15:34,75 INFO Experiment.PerfCost-1be2: Processed 3980 samples out of 10000, 0 errors
20:15:44,211 INFO Experiment.PerfCost-1be2: Processed 3990 samples out of 10000, 0 errors
20:15:54,332 INFO Experiment.PerfCost-1be2: Processed 4000 samples out of 10000, 0 errors
20:16:04,454 INFO Experiment.PerfCost-1be2: Processed 4010 samples out of 10000, 0 errors
20:16:14,599 INFO Experiment.PerfCost-1be2: Processed 4020 samples out of 10000, 0 errors
20:16:24,742 INFO Experiment.PerfCost-1be2: Processed 4030 samples out of 10000, 0 errors
20:16:34,853 INFO Experiment.PerfCost-1be2: Processed 4040 samples out of 10000, 0 errors
20:16:44,985 INFO Experiment.PerfCost-1be2: Processed 4050 samples out of 10000, 0 errors
20:16:55,121 INFO Experiment.PerfCost-1be2: Processed 4060 samples out of 10000, 0 errors
20:17:05,233 INFO Experiment.PerfCost-1be2: Processed 4070 samples out of 10000, 0 errors
20:17:15,368 INFO Experiment.PerfCost-1be2: Processed 4080 samples out of 10000, 0 errors
20:17:25,510 INFO Experiment.PerfCost-1be2: Processed 4090 samples out of 10000, 0 errors
20:17:35,628 INFO Experiment.PerfCost-1be2: Processed 4100 samples out of 10000, 0 errors
20:17:45,715 INFO Experiment.PerfCost-1be2: Processed 4110 samples out of 10000, 0 errors
20:17:55,857 INFO Experiment.PerfCost-1be2: Processed 4120 samples out of 10000, 0 errors
20:18:05,997 INFO Experiment.PerfCost-1be2: Processed 4130 samples out of 10000, 0 errors
20:18:16,125 INFO Experiment.PerfCost-1be2: Processed 4140 samples out of 10000, 0 errors
20:18:26,287 INFO Experiment.PerfCost-1be2: Processed 4150 samples out of 10000, 0 errors
20:18:36,398 INFO Experiment.PerfCost-1be2: Processed 4160 samples out of 10000, 0 errors
20:18:46,536 INFO Experiment.PerfCost-1be2: Processed 4170 samples out of 10000, 0 errors
20:18:56,680 INFO Experiment.PerfCost-1be2: Processed 4180 samples out of 10000, 0 errors
20:19:06,795 INFO Experiment.PerfCost-1be2: Processed 4190 samples out of 10000, 0 errors
20:19:16,906 INFO Experiment.PerfCost-1be2: Processed 4200 samples out of 10000, 0 errors
20:19:27,39 INFO Experiment.PerfCost-1be2: Processed 4210 samples out of 10000, 0 errors
20:19:37,209 INFO Experiment.PerfCost-1be2: Processed 4220 samples out of 10000, 0 errors
20:19:47,318 INFO Experiment.PerfCost-1be2: Processed 4230 samples out of 10000, 0 errors
20:19:57,458 INFO Experiment.PerfCost-1be2: Processed 4240 samples out of 10000, 0 errors
20:20:07,597 INFO Experiment.PerfCost-1be2: Processed 4250 samples out of 10000, 0 errors
20:20:17,714 INFO Experiment.PerfCost-1be2: Processed 4260 samples out of 10000, 0 errors
20:20:27,839 INFO Experiment.PerfCost-1be2: Processed 4270 samples out of 10000, 0 errors
20:20:37,966 INFO Experiment.PerfCost-1be2: Processed 4280 samples out of 10000, 0 errors
20:20:48,103 INFO Experiment.PerfCost-1be2: Processed 4290 samples out of 10000, 0 errors
20:20:58,239 INFO Experiment.PerfCost-1be2: Processed 4300 samples out of 10000, 0 errors
20:21:08,357 INFO Experiment.PerfCost-1be2: Processed 4310 samples out of 10000, 0 errors
20:21:18,466 INFO Experiment.PerfCost-1be2: Processed 4320 samples out of 10000, 0 errors
20:21:28,598 INFO Experiment.PerfCost-1be2: Processed 4330 samples out of 10000, 0 errors
20:21:38,732 INFO Experiment.PerfCost-1be2: Processed 4340 samples out of 10000, 0 errors
20:21:48,863 INFO Experiment.PerfCost-1be2: Processed 4350 samples out of 10000, 0 errors
20:21:59,6 INFO Experiment.PerfCost-1be2: Processed 4360 samples out of 10000, 0 errors
20:22:09,135 INFO Experiment.PerfCost-1be2: Processed 4370 samples out of 10000, 0 errors
20:22:19,239 INFO Experiment.PerfCost-1be2: Processed 4380 samples out of 10000, 0 errors
20:22:29,417 INFO Experiment.PerfCost-1be2: Processed 4390 samples out of 10000, 0 errors
20:22:39,524 INFO Experiment.PerfCost-1be2: Processed 4400 samples out of 10000, 0 errors
20:22:49,648 INFO Experiment.PerfCost-1be2: Processed 4410 samples out of 10000, 0 errors
20:22:59,772 INFO Experiment.PerfCost-1be2: Processed 4420 samples out of 10000, 0 errors
20:23:09,902 INFO Experiment.PerfCost-1be2: Processed 4430 samples out of 10000, 0 errors
20:23:20,37 INFO Experiment.PerfCost-1be2: Processed 4440 samples out of 10000, 0 errors
20:23:30,165 INFO Experiment.PerfCost-1be2: Processed 4450 samples out of 10000, 0 errors
20:23:40,296 INFO Experiment.PerfCost-1be2: Processed 4460 samples out of 10000, 0 errors
20:23:50,416 INFO Experiment.PerfCost-1be2: Processed 4470 samples out of 10000, 0 errors
20:24:00,536 INFO Experiment.PerfCost-1be2: Processed 4480 samples out of 10000, 0 errors
20:24:10,677 INFO Experiment.PerfCost-1be2: Processed 4490 samples out of 10000, 0 errors
20:24:20,819 INFO Experiment.PerfCost-1be2: Processed 4500 samples out of 10000, 0 errors
20:24:30,974 INFO Experiment.PerfCost-1be2: Processed 4510 samples out of 10000, 0 errors
20:24:41,135 INFO Experiment.PerfCost-1be2: Processed 4520 samples out of 10000, 0 errors
20:24:51,231 INFO Experiment.PerfCost-1be2: Processed 4530 samples out of 10000, 0 errors
20:25:01,390 INFO Experiment.PerfCost-1be2: Processed 4540 samples out of 10000, 0 errors
20:25:11,522 INFO Experiment.PerfCost-1be2: Processed 4550 samples out of 10000, 0 errors
20:25:21,651 INFO Experiment.PerfCost-1be2: Processed 4560 samples out of 10000, 0 errors
20:25:31,775 INFO Experiment.PerfCost-1be2: Processed 4570 samples out of 10000, 0 errors
20:25:41,937 INFO Experiment.PerfCost-1be2: Processed 4580 samples out of 10000, 0 errors
20:25:52,36 INFO Experiment.PerfCost-1be2: Processed 4590 samples out of 10000, 0 errors
20:26:02,161 INFO Experiment.PerfCost-1be2: Processed 4600 samples out of 10000, 0 errors
20:26:12,309 INFO Experiment.PerfCost-1be2: Processed 4610 samples out of 10000, 0 errors
20:26:22,446 INFO Experiment.PerfCost-1be2: Processed 4620 samples out of 10000, 0 errors
20:26:32,567 INFO Experiment.PerfCost-1be2: Processed 4630 samples out of 10000, 0 errors
20:26:42,706 INFO Experiment.PerfCost-1be2: Processed 4640 samples out of 10000, 0 errors
20:26:52,844 INFO Experiment.PerfCost-1be2: Processed 4650 samples out of 10000, 0 errors
20:27:02,974 INFO Experiment.PerfCost-1be2: Processed 4660 samples out of 10000, 0 errors
20:27:13,104 INFO Experiment.PerfCost-1be2: Processed 4670 samples out of 10000, 0 errors
20:27:23,230 INFO Experiment.PerfCost-1be2: Processed 4680 samples out of 10000, 0 errors
20:27:33,383 INFO Experiment.PerfCost-1be2: Processed 4690 samples out of 10000, 0 errors
20:27:43,498 INFO Experiment.PerfCost-1be2: Processed 4700 samples out of 10000, 0 errors
20:27:53,623 INFO Experiment.PerfCost-1be2: Processed 4710 samples out of 10000, 0 errors
20:28:03,767 INFO Experiment.PerfCost-1be2: Processed 4720 samples out of 10000, 0 errors
20:28:13,897 INFO Experiment.PerfCost-1be2: Processed 4730 samples out of 10000, 0 errors
20:28:24,28 INFO Experiment.PerfCost-1be2: Processed 4740 samples out of 10000, 0 errors
20:28:34,147 INFO Experiment.PerfCost-1be2: Processed 4750 samples out of 10000, 0 errors
20:28:44,302 INFO Experiment.PerfCost-1be2: Processed 4760 samples out of 10000, 0 errors
20:28:54,430 INFO Experiment.PerfCost-1be2: Processed 4770 samples out of 10000, 0 errors
20:29:04,551 INFO Experiment.PerfCost-1be2: Processed 4780 samples out of 10000, 0 errors
20:29:14,670 INFO Experiment.PerfCost-1be2: Processed 4790 samples out of 10000, 0 errors
20:29:24,811 INFO Experiment.PerfCost-1be2: Processed 4800 samples out of 10000, 0 errors
20:29:34,943 INFO Experiment.PerfCost-1be2: Processed 4810 samples out of 10000, 0 errors
20:29:45,99 INFO Experiment.PerfCost-1be2: Processed 4820 samples out of 10000, 0 errors
20:29:55,218 INFO Experiment.PerfCost-1be2: Processed 4830 samples out of 10000, 0 errors
20:30:05,331 INFO Experiment.PerfCost-1be2: Processed 4840 samples out of 10000, 0 errors
20:30:15,482 INFO Experiment.PerfCost-1be2: Processed 4850 samples out of 10000, 0 errors
20:30:25,592 INFO Experiment.PerfCost-1be2: Processed 4860 samples out of 10000, 0 errors
20:30:35,722 INFO Experiment.PerfCost-1be2: Processed 4870 samples out of 10000, 0 errors
20:30:45,848 INFO Experiment.PerfCost-1be2: Processed 4880 samples out of 10000, 0 errors
20:30:55,992 INFO Experiment.PerfCost-1be2: Processed 4890 samples out of 10000, 0 errors
20:31:06,122 INFO Experiment.PerfCost-1be2: Processed 4900 samples out of 10000, 0 errors
20:31:16,238 INFO Experiment.PerfCost-1be2: Processed 4910 samples out of 10000, 0 errors
20:31:26,377 INFO Experiment.PerfCost-1be2: Processed 4920 samples out of 10000, 0 errors
20:31:36,495 INFO Experiment.PerfCost-1be2: Processed 4930 samples out of 10000, 0 errors
20:31:46,639 INFO Experiment.PerfCost-1be2: Processed 4940 samples out of 10000, 0 errors
20:31:56,745 INFO Experiment.PerfCost-1be2: Processed 4950 samples out of 10000, 0 errors
20:32:06,897 INFO Experiment.PerfCost-1be2: Processed 4960 samples out of 10000, 0 errors
20:32:17,33 INFO Experiment.PerfCost-1be2: Processed 4970 samples out of 10000, 0 errors
20:32:27,180 INFO Experiment.PerfCost-1be2: Processed 4980 samples out of 10000, 0 errors
20:32:37,323 INFO Experiment.PerfCost-1be2: Processed 4990 samples out of 10000, 0 errors
20:32:47,421 INFO Experiment.PerfCost-1be2: Processed 5000 samples out of 10000, 0 errors
20:32:57,554 INFO Experiment.PerfCost-1be2: Processed 5010 samples out of 10000, 0 errors
20:33:07,701 INFO Experiment.PerfCost-1be2: Processed 5020 samples out of 10000, 0 errors
20:33:17,828 INFO Experiment.PerfCost-1be2: Processed 5030 samples out of 10000, 0 errors
20:33:27,966 INFO Experiment.PerfCost-1be2: Processed 5040 samples out of 10000, 0 errors
20:33:38,89 INFO Experiment.PerfCost-1be2: Processed 5050 samples out of 10000, 0 errors
20:33:48,222 INFO Experiment.PerfCost-1be2: Processed 5060 samples out of 10000, 0 errors
20:33:58,380 INFO Experiment.PerfCost-1be2: Processed 5070 samples out of 10000, 0 errors
20:34:08,509 INFO Experiment.PerfCost-1be2: Processed 5080 samples out of 10000, 0 errors
20:34:18,633 INFO Experiment.PerfCost-1be2: Processed 5090 samples out of 10000, 0 errors
20:34:28,758 INFO Experiment.PerfCost-1be2: Processed 5100 samples out of 10000, 0 errors
20:34:38,878 INFO Experiment.PerfCost-1be2: Processed 5110 samples out of 10000, 0 errors
20:34:49,27 INFO Experiment.PerfCost-1be2: Processed 5120 samples out of 10000, 0 errors
20:34:59,173 INFO Experiment.PerfCost-1be2: Processed 5130 samples out of 10000, 0 errors
20:35:09,298 INFO Experiment.PerfCost-1be2: Processed 5140 samples out of 10000, 0 errors
20:35:19,421 INFO Experiment.PerfCost-1be2: Processed 5150 samples out of 10000, 0 errors
20:35:29,564 INFO Experiment.PerfCost-1be2: Processed 5160 samples out of 10000, 0 errors
20:35:39,701 INFO Experiment.PerfCost-1be2: Processed 5170 samples out of 10000, 0 errors
20:35:49,840 INFO Experiment.PerfCost-1be2: Processed 5180 samples out of 10000, 0 errors
20:35:59,972 INFO Experiment.PerfCost-1be2: Processed 5190 samples out of 10000, 0 errors
20:36:10,85 INFO Experiment.PerfCost-1be2: Processed 5200 samples out of 10000, 0 errors
20:36:20,246 INFO Experiment.PerfCost-1be2: Processed 5210 samples out of 10000, 0 errors
20:36:30,357 INFO Experiment.PerfCost-1be2: Processed 5220 samples out of 10000, 0 errors
20:36:40,465 INFO Experiment.PerfCost-1be2: Processed 5230 samples out of 10000, 0 errors
20:36:50,609 INFO Experiment.PerfCost-1be2: Processed 5240 samples out of 10000, 0 errors
20:37:00,744 INFO Experiment.PerfCost-1be2: Processed 5250 samples out of 10000, 0 errors
20:37:10,869 INFO Experiment.PerfCost-1be2: Processed 5260 samples out of 10000, 0 errors
20:37:21,2 INFO Experiment.PerfCost-1be2: Processed 5270 samples out of 10000, 0 errors
20:37:31,116 INFO Experiment.PerfCost-1be2: Processed 5280 samples out of 10000, 0 errors
20:37:41,263 INFO Experiment.PerfCost-1be2: Processed 5290 samples out of 10000, 0 errors
20:37:51,377 INFO Experiment.PerfCost-1be2: Processed 5300 samples out of 10000, 0 errors
20:38:01,502 INFO Experiment.PerfCost-1be2: Processed 5310 samples out of 10000, 0 errors
20:38:11,638 INFO Experiment.PerfCost-1be2: Processed 5320 samples out of 10000, 0 errors
20:38:21,753 INFO Experiment.PerfCost-1be2: Processed 5330 samples out of 10000, 0 errors
20:38:31,889 INFO Experiment.PerfCost-1be2: Processed 5340 samples out of 10000, 0 errors
20:38:42,11 INFO Experiment.PerfCost-1be2: Processed 5350 samples out of 10000, 0 errors
20:38:52,146 INFO Experiment.PerfCost-1be2: Processed 5360 samples out of 10000, 0 errors
20:39:02,286 INFO Experiment.PerfCost-1be2: Processed 5370 samples out of 10000, 0 errors
20:39:12,391 INFO Experiment.PerfCost-1be2: Processed 5380 samples out of 10000, 0 errors
20:39:22,516 INFO Experiment.PerfCost-1be2: Processed 5390 samples out of 10000, 0 errors
20:39:32,661 INFO Experiment.PerfCost-1be2: Processed 5400 samples out of 10000, 0 errors
20:39:42,808 INFO Experiment.PerfCost-1be2: Processed 5410 samples out of 10000, 0 errors
20:39:52,945 INFO Experiment.PerfCost-1be2: Processed 5420 samples out of 10000, 0 errors
20:40:03,52 INFO Experiment.PerfCost-1be2: Processed 5430 samples out of 10000, 0 errors
20:40:13,197 INFO Experiment.PerfCost-1be2: Processed 5440 samples out of 10000, 0 errors
20:40:23,333 INFO Experiment.PerfCost-1be2: Processed 5450 samples out of 10000, 0 errors
20:40:33,495 INFO Experiment.PerfCost-1be2: Processed 5460 samples out of 10000, 0 errors
20:40:43,601 INFO Experiment.PerfCost-1be2: Processed 5470 samples out of 10000, 0 errors
20:40:53,704 INFO Experiment.PerfCost-1be2: Processed 5480 samples out of 10000, 0 errors
20:41:03,828 INFO Experiment.PerfCost-1be2: Processed 5490 samples out of 10000, 0 errors
20:41:13,952 INFO Experiment.PerfCost-1be2: Processed 5500 samples out of 10000, 0 errors
20:41:24,84 INFO Experiment.PerfCost-1be2: Processed 5510 samples out of 10000, 0 errors
20:41:34,215 INFO Experiment.PerfCost-1be2: Processed 5520 samples out of 10000, 0 errors
20:41:44,353 INFO Experiment.PerfCost-1be2: Processed 5530 samples out of 10000, 0 errors
20:41:54,495 INFO Experiment.PerfCost-1be2: Processed 5540 samples out of 10000, 0 errors
20:42:04,628 INFO Experiment.PerfCost-1be2: Processed 5550 samples out of 10000, 0 errors
20:42:14,747 INFO Experiment.PerfCost-1be2: Processed 5560 samples out of 10000, 0 errors
20:42:24,891 INFO Experiment.PerfCost-1be2: Processed 5570 samples out of 10000, 0 errors
20:42:35,17 INFO Experiment.PerfCost-1be2: Processed 5580 samples out of 10000, 0 errors
20:42:45,185 INFO Experiment.PerfCost-1be2: Processed 5590 samples out of 10000, 0 errors
20:42:55,293 INFO Experiment.PerfCost-1be2: Processed 5600 samples out of 10000, 0 errors
20:43:05,414 INFO Experiment.PerfCost-1be2: Processed 5610 samples out of 10000, 0 errors
20:43:15,531 INFO Experiment.PerfCost-1be2: Processed 5620 samples out of 10000, 0 errors
20:43:25,648 INFO Experiment.PerfCost-1be2: Processed 5630 samples out of 10000, 0 errors
20:43:35,770 INFO Experiment.PerfCost-1be2: Processed 5640 samples out of 10000, 0 errors
20:43:45,904 INFO Experiment.PerfCost-1be2: Processed 5650 samples out of 10000, 0 errors
20:43:56,27 INFO Experiment.PerfCost-1be2: Processed 5660 samples out of 10000, 0 errors
20:44:06,156 INFO Experiment.PerfCost-1be2: Processed 5670 samples out of 10000, 0 errors
20:44:16,274 INFO Experiment.PerfCost-1be2: Processed 5680 samples out of 10000, 0 errors
20:44:26,395 INFO Experiment.PerfCost-1be2: Processed 5690 samples out of 10000, 0 errors
20:44:36,557 INFO Experiment.PerfCost-1be2: Processed 5700 samples out of 10000, 0 errors
20:44:46,694 INFO Experiment.PerfCost-1be2: Processed 5710 samples out of 10000, 0 errors
20:44:56,834 INFO Experiment.PerfCost-1be2: Processed 5720 samples out of 10000, 0 errors
20:45:06,952 INFO Experiment.PerfCost-1be2: Processed 5730 samples out of 10000, 0 errors
20:45:17,104 INFO Experiment.PerfCost-1be2: Processed 5740 samples out of 10000, 0 errors
20:45:27,225 INFO Experiment.PerfCost-1be2: Processed 5750 samples out of 10000, 0 errors
20:45:37,373 INFO Experiment.PerfCost-1be2: Processed 5760 samples out of 10000, 0 errors
20:45:47,476 INFO Experiment.PerfCost-1be2: Processed 5770 samples out of 10000, 0 errors
20:45:57,609 INFO Experiment.PerfCost-1be2: Processed 5780 samples out of 10000, 0 errors
20:46:07,745 INFO Experiment.PerfCost-1be2: Processed 5790 samples out of 10000, 0 errors
20:46:17,879 INFO Experiment.PerfCost-1be2: Processed 5800 samples out of 10000, 0 errors
20:46:28,26 INFO Experiment.PerfCost-1be2: Processed 5810 samples out of 10000, 0 errors
20:46:38,152 INFO Experiment.PerfCost-1be2: Processed 5820 samples out of 10000, 0 errors
20:46:48,274 INFO Experiment.PerfCost-1be2: Processed 5830 samples out of 10000, 0 errors
20:46:58,410 INFO Experiment.PerfCost-1be2: Processed 5840 samples out of 10000, 0 errors
20:47:08,539 INFO Experiment.PerfCost-1be2: Processed 5850 samples out of 10000, 0 errors
20:47:18,645 INFO Experiment.PerfCost-1be2: Processed 5860 samples out of 10000, 0 errors
20:47:28,761 INFO Experiment.PerfCost-1be2: Processed 5870 samples out of 10000, 0 errors
20:47:38,898 INFO Experiment.PerfCost-1be2: Processed 5880 samples out of 10000, 0 errors
20:47:49,46 INFO Experiment.PerfCost-1be2: Processed 5890 samples out of 10000, 0 errors
20:47:59,158 INFO Experiment.PerfCost-1be2: Processed 5900 samples out of 10000, 0 errors
20:48:09,271 INFO Experiment.PerfCost-1be2: Processed 5910 samples out of 10000, 0 errors
20:48:19,427 INFO Experiment.PerfCost-1be2: Processed 5920 samples out of 10000, 0 errors
20:48:29,526 INFO Experiment.PerfCost-1be2: Processed 5930 samples out of 10000, 0 errors
20:48:39,685 INFO Experiment.PerfCost-1be2: Processed 5940 samples out of 10000, 0 errors
20:48:49,799 INFO Experiment.PerfCost-1be2: Processed 5950 samples out of 10000, 0 errors
20:48:59,929 INFO Experiment.PerfCost-1be2: Processed 5960 samples out of 10000, 0 errors
20:49:10,68 INFO Experiment.PerfCost-1be2: Processed 5970 samples out of 10000, 0 errors
20:49:20,197 INFO Experiment.PerfCost-1be2: Processed 5980 samples out of 10000, 0 errors
20:49:30,347 INFO Experiment.PerfCost-1be2: Processed 5990 samples out of 10000, 0 errors
20:49:40,500 INFO Experiment.PerfCost-1be2: Processed 6000 samples out of 10000, 0 errors
20:49:50,598 INFO Experiment.PerfCost-1be2: Processed 6010 samples out of 10000, 0 errors
20:50:00,729 INFO Experiment.PerfCost-1be2: Processed 6020 samples out of 10000, 0 errors
20:50:10,827 INFO Experiment.PerfCost-1be2: Processed 6030 samples out of 10000, 0 errors
20:50:20,961 INFO Experiment.PerfCost-1be2: Processed 6040 samples out of 10000, 0 errors
20:50:31,93 INFO Experiment.PerfCost-1be2: Processed 6050 samples out of 10000, 0 errors
20:50:41,210 INFO Experiment.PerfCost-1be2: Processed 6060 samples out of 10000, 0 errors
20:50:51,348 INFO Experiment.PerfCost-1be2: Processed 6070 samples out of 10000, 0 errors
20:51:01,488 INFO Experiment.PerfCost-1be2: Processed 6080 samples out of 10000, 0 errors
20:51:11,664 INFO Experiment.PerfCost-1be2: Processed 6090 samples out of 10000, 0 errors
20:51:21,758 INFO Experiment.PerfCost-1be2: Processed 6100 samples out of 10000, 0 errors
20:51:31,854 INFO Experiment.PerfCost-1be2: Processed 6110 samples out of 10000, 0 errors
20:51:41,988 INFO Experiment.PerfCost-1be2: Processed 6120 samples out of 10000, 0 errors
20:51:52,114 INFO Experiment.PerfCost-1be2: Processed 6130 samples out of 10000, 0 errors
20:52:02,224 INFO Experiment.PerfCost-1be2: Processed 6140 samples out of 10000, 0 errors
20:52:12,365 INFO Experiment.PerfCost-1be2: Processed 6150 samples out of 10000, 0 errors
20:52:22,482 INFO Experiment.PerfCost-1be2: Processed 6160 samples out of 10000, 0 errors
20:52:32,612 INFO Experiment.PerfCost-1be2: Processed 6170 samples out of 10000, 0 errors
20:52:42,737 INFO Experiment.PerfCost-1be2: Processed 6180 samples out of 10000, 0 errors
20:52:52,914 INFO Experiment.PerfCost-1be2: Processed 6190 samples out of 10000, 0 errors
20:53:03,14 INFO Experiment.PerfCost-1be2: Processed 6200 samples out of 10000, 0 errors
20:53:13,157 INFO Experiment.PerfCost-1be2: Processed 6210 samples out of 10000, 0 errors
20:53:23,289 INFO Experiment.PerfCost-1be2: Processed 6220 samples out of 10000, 0 errors
20:53:33,409 INFO Experiment.PerfCost-1be2: Processed 6230 samples out of 10000, 0 errors
20:53:43,525 INFO Experiment.PerfCost-1be2: Processed 6240 samples out of 10000, 0 errors
20:53:53,658 INFO Experiment.PerfCost-1be2: Processed 6250 samples out of 10000, 0 errors
20:54:03,780 INFO Experiment.PerfCost-1be2: Processed 6260 samples out of 10000, 0 errors
20:54:13,894 INFO Experiment.PerfCost-1be2: Processed 6270 samples out of 10000, 0 errors
20:54:24,4 INFO Experiment.PerfCost-1be2: Processed 6280 samples out of 10000, 0 errors
20:54:34,128 INFO Experiment.PerfCost-1be2: Processed 6290 samples out of 10000, 0 errors
20:54:44,302 INFO Experiment.PerfCost-1be2: Processed 6300 samples out of 10000, 0 errors
20:54:54,424 INFO Experiment.PerfCost-1be2: Processed 6310 samples out of 10000, 0 errors
20:55:04,572 INFO Experiment.PerfCost-1be2: Processed 6320 samples out of 10000, 0 errors
20:55:14,692 INFO Experiment.PerfCost-1be2: Processed 6330 samples out of 10000, 0 errors
20:55:24,821 INFO Experiment.PerfCost-1be2: Processed 6340 samples out of 10000, 0 errors
20:55:34,953 INFO Experiment.PerfCost-1be2: Processed 6350 samples out of 10000, 0 errors
20:55:45,80 INFO Experiment.PerfCost-1be2: Processed 6360 samples out of 10000, 0 errors
20:55:55,211 INFO Experiment.PerfCost-1be2: Processed 6370 samples out of 10000, 0 errors
20:56:05,349 INFO Experiment.PerfCost-1be2: Processed 6380 samples out of 10000, 0 errors
20:56:15,456 INFO Experiment.PerfCost-1be2: Processed 6390 samples out of 10000, 0 errors
20:56:25,584 INFO Experiment.PerfCost-1be2: Processed 6400 samples out of 10000, 0 errors
20:56:35,821 INFO Experiment.PerfCost-1be2: Processed 6410 samples out of 10000, 0 errors
20:56:45,931 INFO Experiment.PerfCost-1be2: Processed 6420 samples out of 10000, 0 errors
20:56:56,44 INFO Experiment.PerfCost-1be2: Processed 6430 samples out of 10000, 0 errors
20:57:06,161 INFO Experiment.PerfCost-1be2: Processed 6440 samples out of 10000, 0 errors
20:57:16,266 INFO Experiment.PerfCost-1be2: Processed 6450 samples out of 10000, 0 errors
20:57:26,360 INFO Experiment.PerfCost-1be2: Processed 6460 samples out of 10000, 0 errors
20:57:36,526 INFO Experiment.PerfCost-1be2: Processed 6470 samples out of 10000, 0 errors
20:57:46,639 INFO Experiment.PerfCost-1be2: Processed 6480 samples out of 10000, 0 errors
20:57:56,828 INFO Experiment.PerfCost-1be2: Processed 6490 samples out of 10000, 0 errors
20:58:06,935 INFO Experiment.PerfCost-1be2: Processed 6500 samples out of 10000, 0 errors
20:58:17,21 INFO Experiment.PerfCost-1be2: Processed 6510 samples out of 10000, 0 errors
20:58:27,148 INFO Experiment.PerfCost-1be2: Processed 6520 samples out of 10000, 0 errors
20:58:37,289 INFO Experiment.PerfCost-1be2: Processed 6530 samples out of 10000, 0 errors
20:58:47,421 INFO Experiment.PerfCost-1be2: Processed 6540 samples out of 10000, 0 errors
20:58:57,536 INFO Experiment.PerfCost-1be2: Processed 6550 samples out of 10000, 0 errors
20:59:07,670 INFO Experiment.PerfCost-1be2: Processed 6560 samples out of 10000, 0 errors
20:59:17,790 INFO Experiment.PerfCost-1be2: Processed 6570 samples out of 10000, 0 errors
20:59:27,939 INFO Experiment.PerfCost-1be2: Processed 6580 samples out of 10000, 0 errors
20:59:38,51 INFO Experiment.PerfCost-1be2: Processed 6590 samples out of 10000, 0 errors
20:59:48,208 INFO Experiment.PerfCost-1be2: Processed 6600 samples out of 10000, 0 errors
20:59:58,330 INFO Experiment.PerfCost-1be2: Processed 6610 samples out of 10000, 0 errors
21:00:08,508 INFO Experiment.PerfCost-1be2: Processed 6620 samples out of 10000, 0 errors
21:00:18,603 INFO Experiment.PerfCost-1be2: Processed 6630 samples out of 10000, 0 errors
21:00:28,742 INFO Experiment.PerfCost-1be2: Processed 6640 samples out of 10000, 0 errors
21:00:38,863 INFO Experiment.PerfCost-1be2: Processed 6650 samples out of 10000, 0 errors
21:00:48,987 INFO Experiment.PerfCost-1be2: Processed 6660 samples out of 10000, 0 errors
21:00:59,95 INFO Experiment.PerfCost-1be2: Processed 6670 samples out of 10000, 0 errors
21:01:09,223 INFO Experiment.PerfCost-1be2: Processed 6680 samples out of 10000, 0 errors
21:01:19,333 INFO Experiment.PerfCost-1be2: Processed 6690 samples out of 10000, 0 errors
21:01:29,463 INFO Experiment.PerfCost-1be2: Processed 6700 samples out of 10000, 0 errors
21:01:39,623 INFO Experiment.PerfCost-1be2: Processed 6710 samples out of 10000, 0 errors
21:01:49,726 INFO Experiment.PerfCost-1be2: Processed 6720 samples out of 10000, 0 errors
21:01:59,860 INFO Experiment.PerfCost-1be2: Processed 6730 samples out of 10000, 0 errors
21:02:09,978 INFO Experiment.PerfCost-1be2: Processed 6740 samples out of 10000, 0 errors
21:02:20,123 INFO Experiment.PerfCost-1be2: Processed 6750 samples out of 10000, 0 errors
21:02:30,239 INFO Experiment.PerfCost-1be2: Processed 6760 samples out of 10000, 0 errors
21:02:40,376 INFO Experiment.PerfCost-1be2: Processed 6770 samples out of 10000, 0 errors
21:02:50,494 INFO Experiment.PerfCost-1be2: Processed 6780 samples out of 10000, 0 errors
21:03:00,641 INFO Experiment.PerfCost-1be2: Processed 6790 samples out of 10000, 0 errors
21:03:10,760 INFO Experiment.PerfCost-1be2: Processed 6800 samples out of 10000, 0 errors
21:03:20,872 INFO Experiment.PerfCost-1be2: Processed 6810 samples out of 10000, 0 errors
21:03:30,995 INFO Experiment.PerfCost-1be2: Processed 6820 samples out of 10000, 0 errors
21:03:41,115 INFO Experiment.PerfCost-1be2: Processed 6830 samples out of 10000, 0 errors
21:03:51,254 INFO Experiment.PerfCost-1be2: Processed 6840 samples out of 10000, 0 errors
21:04:01,376 INFO Experiment.PerfCost-1be2: Processed 6850 samples out of 10000, 0 errors
21:04:11,511 INFO Experiment.PerfCost-1be2: Processed 6860 samples out of 10000, 0 errors
21:04:21,657 INFO Experiment.PerfCost-1be2: Processed 6870 samples out of 10000, 0 errors
21:04:31,801 INFO Experiment.PerfCost-1be2: Processed 6880 samples out of 10000, 0 errors
21:04:41,915 INFO Experiment.PerfCost-1be2: Processed 6890 samples out of 10000, 0 errors
21:04:52,96 INFO Experiment.PerfCost-1be2: Processed 6900 samples out of 10000, 0 errors
21:05:02,203 INFO Experiment.PerfCost-1be2: Processed 6910 samples out of 10000, 0 errors
21:05:12,363 INFO Experiment.PerfCost-1be2: Processed 6920 samples out of 10000, 0 errors
21:05:22,474 INFO Experiment.PerfCost-1be2: Processed 6930 samples out of 10000, 0 errors
21:05:32,595 INFO Experiment.PerfCost-1be2: Processed 6940 samples out of 10000, 0 errors
21:05:42,746 INFO Experiment.PerfCost-1be2: Processed 6950 samples out of 10000, 0 errors
21:05:52,849 INFO Experiment.PerfCost-1be2: Processed 6960 samples out of 10000, 0 errors
21:06:03,4 INFO Experiment.PerfCost-1be2: Processed 6970 samples out of 10000, 0 errors
21:06:13,151 INFO Experiment.PerfCost-1be2: Processed 6980 samples out of 10000, 0 errors
21:06:23,268 INFO Experiment.PerfCost-1be2: Processed 6990 samples out of 10000, 0 errors
21:06:33,403 INFO Experiment.PerfCost-1be2: Processed 7000 samples out of 10000, 0 errors
21:06:43,556 INFO Experiment.PerfCost-1be2: Processed 7010 samples out of 10000, 0 errors
21:06:53,693 INFO Experiment.PerfCost-1be2: Processed 7020 samples out of 10000, 0 errors
21:07:03,815 INFO Experiment.PerfCost-1be2: Processed 7030 samples out of 10000, 0 errors
21:07:13,957 INFO Experiment.PerfCost-1be2: Processed 7040 samples out of 10000, 0 errors
21:07:24,85 INFO Experiment.PerfCost-1be2: Processed 7050 samples out of 10000, 0 errors
21:07:34,216 INFO Experiment.PerfCost-1be2: Processed 7060 samples out of 10000, 0 errors
21:07:44,345 INFO Experiment.PerfCost-1be2: Processed 7070 samples out of 10000, 0 errors
21:07:54,480 INFO Experiment.PerfCost-1be2: Processed 7080 samples out of 10000, 0 errors
21:08:04,635 INFO Experiment.PerfCost-1be2: Processed 7090 samples out of 10000, 0 errors
21:08:14,782 INFO Experiment.PerfCost-1be2: Processed 7100 samples out of 10000, 0 errors
21:08:24,882 INFO Experiment.PerfCost-1be2: Processed 7110 samples out of 10000, 0 errors
21:08:35,14 INFO Experiment.PerfCost-1be2: Processed 7120 samples out of 10000, 0 errors
21:08:45,150 INFO Experiment.PerfCost-1be2: Processed 7130 samples out of 10000, 0 errors
21:08:55,290 INFO Experiment.PerfCost-1be2: Processed 7140 samples out of 10000, 0 errors
21:09:05,409 INFO Experiment.PerfCost-1be2: Processed 7150 samples out of 10000, 0 errors
21:09:15,546 INFO Experiment.PerfCost-1be2: Processed 7160 samples out of 10000, 0 errors
21:09:25,655 INFO Experiment.PerfCost-1be2: Processed 7170 samples out of 10000, 0 errors
21:09:35,782 INFO Experiment.PerfCost-1be2: Processed 7180 samples out of 10000, 0 errors
21:09:45,900 INFO Experiment.PerfCost-1be2: Processed 7190 samples out of 10000, 0 errors
21:09:56,52 INFO Experiment.PerfCost-1be2: Processed 7200 samples out of 10000, 0 errors
21:10:06,174 INFO Experiment.PerfCost-1be2: Processed 7210 samples out of 10000, 0 errors
21:10:16,292 INFO Experiment.PerfCost-1be2: Processed 7220 samples out of 10000, 0 errors
21:10:26,429 INFO Experiment.PerfCost-1be2: Processed 7230 samples out of 10000, 0 errors
21:10:36,549 INFO Experiment.PerfCost-1be2: Processed 7240 samples out of 10000, 0 errors
21:10:46,681 INFO Experiment.PerfCost-1be2: Processed 7250 samples out of 10000, 0 errors
21:10:56,827 INFO Experiment.PerfCost-1be2: Processed 7260 samples out of 10000, 0 errors
21:11:06,943 INFO Experiment.PerfCost-1be2: Processed 7270 samples out of 10000, 0 errors
21:11:17,57 INFO Experiment.PerfCost-1be2: Processed 7280 samples out of 10000, 0 errors
21:11:27,195 INFO Experiment.PerfCost-1be2: Processed 7290 samples out of 10000, 0 errors
21:11:37,330 INFO Experiment.PerfCost-1be2: Processed 7300 samples out of 10000, 0 errors
21:11:47,478 INFO Experiment.PerfCost-1be2: Processed 7310 samples out of 10000, 0 errors
21:11:57,597 INFO Experiment.PerfCost-1be2: Processed 7320 samples out of 10000, 0 errors
21:12:07,721 INFO Experiment.PerfCost-1be2: Processed 7330 samples out of 10000, 0 errors
21:12:17,849 INFO Experiment.PerfCost-1be2: Processed 7340 samples out of 10000, 0 errors
21:12:27,989 INFO Experiment.PerfCost-1be2: Processed 7350 samples out of 10000, 0 errors
21:12:38,117 INFO Experiment.PerfCost-1be2: Processed 7360 samples out of 10000, 0 errors
21:12:48,253 INFO Experiment.PerfCost-1be2: Processed 7370 samples out of 10000, 0 errors
21:12:58,392 INFO Experiment.PerfCost-1be2: Processed 7380 samples out of 10000, 0 errors
21:13:08,571 INFO Experiment.PerfCost-1be2: Processed 7390 samples out of 10000, 0 errors
21:13:18,686 INFO Experiment.PerfCost-1be2: Processed 7400 samples out of 10000, 0 errors
21:13:28,787 INFO Experiment.PerfCost-1be2: Processed 7410 samples out of 10000, 0 errors
21:13:38,924 INFO Experiment.PerfCost-1be2: Processed 7420 samples out of 10000, 0 errors
21:13:49,55 INFO Experiment.PerfCost-1be2: Processed 7430 samples out of 10000, 0 errors
21:13:59,186 INFO Experiment.PerfCost-1be2: Processed 7440 samples out of 10000, 0 errors
21:14:09,329 INFO Experiment.PerfCost-1be2: Processed 7450 samples out of 10000, 0 errors
21:14:19,444 INFO Experiment.PerfCost-1be2: Processed 7460 samples out of 10000, 0 errors
21:14:29,596 INFO Experiment.PerfCost-1be2: Processed 7470 samples out of 10000, 0 errors
21:14:39,738 INFO Experiment.PerfCost-1be2: Processed 7480 samples out of 10000, 0 errors
21:14:49,841 INFO Experiment.PerfCost-1be2: Processed 7490 samples out of 10000, 0 errors
21:14:59,982 INFO Experiment.PerfCost-1be2: Processed 7500 samples out of 10000, 0 errors
21:15:10,111 INFO Experiment.PerfCost-1be2: Processed 7510 samples out of 10000, 0 errors
21:15:20,224 INFO Experiment.PerfCost-1be2: Processed 7520 samples out of 10000, 0 errors
21:15:30,350 INFO Experiment.PerfCost-1be2: Processed 7530 samples out of 10000, 0 errors
21:15:40,455 INFO Experiment.PerfCost-1be2: Processed 7540 samples out of 10000, 0 errors
21:15:50,587 INFO Experiment.PerfCost-1be2: Processed 7550 samples out of 10000, 0 errors
21:16:00,725 INFO Experiment.PerfCost-1be2: Processed 7560 samples out of 10000, 0 errors
21:16:10,859 INFO Experiment.PerfCost-1be2: Processed 7570 samples out of 10000, 0 errors
21:16:21,9 INFO Experiment.PerfCost-1be2: Processed 7580 samples out of 10000, 0 errors
21:16:31,134 INFO Experiment.PerfCost-1be2: Processed 7590 samples out of 10000, 0 errors
21:16:41,292 INFO Experiment.PerfCost-1be2: Processed 7600 samples out of 10000, 0 errors
21:16:51,404 INFO Experiment.PerfCost-1be2: Processed 7610 samples out of 10000, 0 errors
21:17:01,525 INFO Experiment.PerfCost-1be2: Processed 7620 samples out of 10000, 0 errors
21:17:11,667 INFO Experiment.PerfCost-1be2: Processed 7630 samples out of 10000, 0 errors
21:17:21,760 INFO Experiment.PerfCost-1be2: Processed 7640 samples out of 10000, 0 errors
21:17:31,883 INFO Experiment.PerfCost-1be2: Processed 7650 samples out of 10000, 0 errors
21:17:42,14 INFO Experiment.PerfCost-1be2: Processed 7660 samples out of 10000, 0 errors
21:17:52,150 INFO Experiment.PerfCost-1be2: Processed 7670 samples out of 10000, 0 errors
21:18:02,287 INFO Experiment.PerfCost-1be2: Processed 7680 samples out of 10000, 0 errors
21:18:12,412 INFO Experiment.PerfCost-1be2: Processed 7690 samples out of 10000, 0 errors
21:18:22,517 INFO Experiment.PerfCost-1be2: Processed 7700 samples out of 10000, 0 errors
21:18:32,651 INFO Experiment.PerfCost-1be2: Processed 7710 samples out of 10000, 0 errors
21:18:42,779 INFO Experiment.PerfCost-1be2: Processed 7720 samples out of 10000, 0 errors
21:18:52,972 INFO Experiment.PerfCost-1be2: Processed 7730 samples out of 10000, 0 errors
21:19:03,71 INFO Experiment.PerfCost-1be2: Processed 7740 samples out of 10000, 0 errors
21:19:13,222 INFO Experiment.PerfCost-1be2: Processed 7750 samples out of 10000, 0 errors
21:19:23,371 INFO Experiment.PerfCost-1be2: Processed 7760 samples out of 10000, 0 errors
21:19:33,521 INFO Experiment.PerfCost-1be2: Processed 7770 samples out of 10000, 0 errors
21:19:43,652 INFO Experiment.PerfCost-1be2: Processed 7780 samples out of 10000, 0 errors
21:19:53,781 INFO Experiment.PerfCost-1be2: Processed 7790 samples out of 10000, 0 errors
21:20:03,908 INFO Experiment.PerfCost-1be2: Processed 7800 samples out of 10000, 0 errors
21:20:14,30 INFO Experiment.PerfCost-1be2: Processed 7810 samples out of 10000, 0 errors
21:20:24,163 INFO Experiment.PerfCost-1be2: Processed 7820 samples out of 10000, 0 errors
21:20:34,287 INFO Experiment.PerfCost-1be2: Processed 7830 samples out of 10000, 0 errors
21:20:44,415 INFO Experiment.PerfCost-1be2: Processed 7840 samples out of 10000, 0 errors
21:20:54,539 INFO Experiment.PerfCost-1be2: Processed 7850 samples out of 10000, 0 errors
21:21:04,661 INFO Experiment.PerfCost-1be2: Processed 7860 samples out of 10000, 0 errors
21:21:14,795 INFO Experiment.PerfCost-1be2: Processed 7870 samples out of 10000, 0 errors
21:21:24,948 INFO Experiment.PerfCost-1be2: Processed 7880 samples out of 10000, 0 errors
21:21:35,75 INFO Experiment.PerfCost-1be2: Processed 7890 samples out of 10000, 0 errors
21:21:45,223 INFO Experiment.PerfCost-1be2: Processed 7900 samples out of 10000, 0 errors
21:21:55,367 INFO Experiment.PerfCost-1be2: Processed 7910 samples out of 10000, 0 errors
21:22:05,474 INFO Experiment.PerfCost-1be2: Processed 7920 samples out of 10000, 0 errors
21:22:15,610 INFO Experiment.PerfCost-1be2: Processed 7930 samples out of 10000, 0 errors
21:22:25,718 INFO Experiment.PerfCost-1be2: Processed 7940 samples out of 10000, 0 errors
21:22:35,852 INFO Experiment.PerfCost-1be2: Processed 7950 samples out of 10000, 0 errors
21:22:46,17 INFO Experiment.PerfCost-1be2: Processed 7960 samples out of 10000, 0 errors
21:22:56,127 INFO Experiment.PerfCost-1be2: Processed 7970 samples out of 10000, 0 errors
21:23:06,231 INFO Experiment.PerfCost-1be2: Processed 7980 samples out of 10000, 0 errors
21:23:16,364 INFO Experiment.PerfCost-1be2: Processed 7990 samples out of 10000, 0 errors
21:23:26,493 INFO Experiment.PerfCost-1be2: Processed 8000 samples out of 10000, 0 errors
21:23:36,630 INFO Experiment.PerfCost-1be2: Processed 8010 samples out of 10000, 0 errors
21:23:46,722 INFO Experiment.PerfCost-1be2: Processed 8020 samples out of 10000, 0 errors
21:23:56,843 INFO Experiment.PerfCost-1be2: Processed 8030 samples out of 10000, 0 errors
21:24:07,11 INFO Experiment.PerfCost-1be2: Processed 8040 samples out of 10000, 0 errors
21:24:17,142 INFO Experiment.PerfCost-1be2: Processed 8050 samples out of 10000, 0 errors
21:24:27,253 INFO Experiment.PerfCost-1be2: Processed 8060 samples out of 10000, 0 errors
21:24:37,384 INFO Experiment.PerfCost-1be2: Processed 8070 samples out of 10000, 0 errors
21:24:47,514 INFO Experiment.PerfCost-1be2: Processed 8080 samples out of 10000, 0 errors
21:24:57,632 INFO Experiment.PerfCost-1be2: Processed 8090 samples out of 10000, 0 errors
21:25:07,796 INFO Experiment.PerfCost-1be2: Processed 8100 samples out of 10000, 0 errors
21:25:17,894 INFO Experiment.PerfCost-1be2: Processed 8110 samples out of 10000, 0 errors
21:25:28,23 INFO Experiment.PerfCost-1be2: Processed 8120 samples out of 10000, 0 errors
21:25:38,143 INFO Experiment.PerfCost-1be2: Processed 8130 samples out of 10000, 0 errors
21:25:48,268 INFO Experiment.PerfCost-1be2: Processed 8140 samples out of 10000, 0 errors
21:25:58,417 INFO Experiment.PerfCost-1be2: Processed 8150 samples out of 10000, 0 errors
21:26:08,530 INFO Experiment.PerfCost-1be2: Processed 8160 samples out of 10000, 0 errors
21:26:18,687 INFO Experiment.PerfCost-1be2: Processed 8170 samples out of 10000, 0 errors
21:26:28,808 INFO Experiment.PerfCost-1be2: Processed 8180 samples out of 10000, 0 errors
21:26:38,942 INFO Experiment.PerfCost-1be2: Processed 8190 samples out of 10000, 0 errors
21:26:49,79 INFO Experiment.PerfCost-1be2: Processed 8200 samples out of 10000, 0 errors
21:26:59,205 INFO Experiment.PerfCost-1be2: Processed 8210 samples out of 10000, 0 errors
21:27:09,337 INFO Experiment.PerfCost-1be2: Processed 8220 samples out of 10000, 0 errors
21:27:19,465 INFO Experiment.PerfCost-1be2: Processed 8230 samples out of 10000, 0 errors
21:27:29,595 INFO Experiment.PerfCost-1be2: Processed 8240 samples out of 10000, 0 errors
21:27:39,740 INFO Experiment.PerfCost-1be2: Processed 8250 samples out of 10000, 0 errors
21:27:49,877 INFO Experiment.PerfCost-1be2: Processed 8260 samples out of 10000, 0 errors
21:28:00,18 INFO Experiment.PerfCost-1be2: Processed 8270 samples out of 10000, 0 errors
21:28:10,143 INFO Experiment.PerfCost-1be2: Processed 8280 samples out of 10000, 0 errors
21:28:20,304 INFO Experiment.PerfCost-1be2: Processed 8290 samples out of 10000, 0 errors
21:28:30,439 INFO Experiment.PerfCost-1be2: Processed 8300 samples out of 10000, 0 errors
21:28:40,568 INFO Experiment.PerfCost-1be2: Processed 8310 samples out of 10000, 0 errors
21:28:50,702 INFO Experiment.PerfCost-1be2: Processed 8320 samples out of 10000, 0 errors
21:29:00,835 INFO Experiment.PerfCost-1be2: Processed 8330 samples out of 10000, 0 errors
21:29:10,980 INFO Experiment.PerfCost-1be2: Processed 8340 samples out of 10000, 0 errors
21:29:21,91 INFO Experiment.PerfCost-1be2: Processed 8350 samples out of 10000, 0 errors
21:29:31,226 INFO Experiment.PerfCost-1be2: Processed 8360 samples out of 10000, 0 errors
21:29:41,356 INFO Experiment.PerfCost-1be2: Processed 8370 samples out of 10000, 0 errors
21:29:51,494 INFO Experiment.PerfCost-1be2: Processed 8380 samples out of 10000, 0 errors
21:30:01,589 INFO Experiment.PerfCost-1be2: Processed 8390 samples out of 10000, 0 errors
21:30:11,730 INFO Experiment.PerfCost-1be2: Processed 8400 samples out of 10000, 0 errors
21:30:21,848 INFO Experiment.PerfCost-1be2: Processed 8410 samples out of 10000, 0 errors
21:30:31,974 INFO Experiment.PerfCost-1be2: Processed 8420 samples out of 10000, 0 errors
21:30:42,133 INFO Experiment.PerfCost-1be2: Processed 8430 samples out of 10000, 0 errors
21:30:52,235 INFO Experiment.PerfCost-1be2: Processed 8440 samples out of 10000, 0 errors
21:31:02,381 INFO Experiment.PerfCost-1be2: Processed 8450 samples out of 10000, 0 errors
21:31:12,520 INFO Experiment.PerfCost-1be2: Processed 8460 samples out of 10000, 0 errors
21:31:22,644 INFO Experiment.PerfCost-1be2: Processed 8470 samples out of 10000, 0 errors
21:31:32,755 INFO Experiment.PerfCost-1be2: Processed 8480 samples out of 10000, 0 errors
21:31:42,886 INFO Experiment.PerfCost-1be2: Processed 8490 samples out of 10000, 0 errors
21:31:52,991 INFO Experiment.PerfCost-1be2: Processed 8500 samples out of 10000, 0 errors
21:32:03,100 INFO Experiment.PerfCost-1be2: Processed 8510 samples out of 10000, 0 errors
21:32:13,215 INFO Experiment.PerfCost-1be2: Processed 8520 samples out of 10000, 0 errors
21:32:23,344 INFO Experiment.PerfCost-1be2: Processed 8530 samples out of 10000, 0 errors
21:32:33,476 INFO Experiment.PerfCost-1be2: Processed 8540 samples out of 10000, 0 errors
21:32:43,624 INFO Experiment.PerfCost-1be2: Processed 8550 samples out of 10000, 0 errors
21:32:53,768 INFO Experiment.PerfCost-1be2: Processed 8560 samples out of 10000, 0 errors
21:33:03,890 INFO Experiment.PerfCost-1be2: Processed 8570 samples out of 10000, 0 errors
21:33:14,35 INFO Experiment.PerfCost-1be2: Processed 8580 samples out of 10000, 0 errors
21:33:24,211 INFO Experiment.PerfCost-1be2: Processed 8590 samples out of 10000, 0 errors
21:33:34,316 INFO Experiment.PerfCost-1be2: Processed 8600 samples out of 10000, 0 errors
21:33:44,425 INFO Experiment.PerfCost-1be2: Processed 8610 samples out of 10000, 0 errors
21:33:54,564 INFO Experiment.PerfCost-1be2: Processed 8620 samples out of 10000, 0 errors
21:34:04,694 INFO Experiment.PerfCost-1be2: Processed 8630 samples out of 10000, 0 errors
21:34:14,799 INFO Experiment.PerfCost-1be2: Processed 8640 samples out of 10000, 0 errors
21:34:24,929 INFO Experiment.PerfCost-1be2: Processed 8650 samples out of 10000, 0 errors
21:34:35,60 INFO Experiment.PerfCost-1be2: Processed 8660 samples out of 10000, 0 errors
21:34:45,201 INFO Experiment.PerfCost-1be2: Processed 8670 samples out of 10000, 0 errors
21:34:55,315 INFO Experiment.PerfCost-1be2: Processed 8680 samples out of 10000, 0 errors
21:35:05,438 INFO Experiment.PerfCost-1be2: Processed 8690 samples out of 10000, 0 errors
21:35:15,581 INFO Experiment.PerfCost-1be2: Processed 8700 samples out of 10000, 0 errors
21:35:25,711 INFO Experiment.PerfCost-1be2: Processed 8710 samples out of 10000, 0 errors
21:35:35,842 INFO Experiment.PerfCost-1be2: Processed 8720 samples out of 10000, 0 errors
21:35:46,20 INFO Experiment.PerfCost-1be2: Processed 8730 samples out of 10000, 0 errors
21:35:56,127 INFO Experiment.PerfCost-1be2: Processed 8740 samples out of 10000, 0 errors
21:36:06,229 INFO Experiment.PerfCost-1be2: Processed 8750 samples out of 10000, 0 errors
21:36:16,345 INFO Experiment.PerfCost-1be2: Processed 8760 samples out of 10000, 0 errors
21:36:26,466 INFO Experiment.PerfCost-1be2: Processed 8770 samples out of 10000, 0 errors
21:36:36,588 INFO Experiment.PerfCost-1be2: Processed 8780 samples out of 10000, 0 errors
21:36:46,717 INFO Experiment.PerfCost-1be2: Processed 8790 samples out of 10000, 0 errors
21:36:56,840 INFO Experiment.PerfCost-1be2: Processed 8800 samples out of 10000, 0 errors
21:37:06,935 INFO Experiment.PerfCost-1be2: Processed 8810 samples out of 10000, 0 errors
21:37:17,47 INFO Experiment.PerfCost-1be2: Processed 8820 samples out of 10000, 0 errors
21:37:27,176 INFO Experiment.PerfCost-1be2: Processed 8830 samples out of 10000, 0 errors
21:37:37,326 INFO Experiment.PerfCost-1be2: Processed 8840 samples out of 10000, 0 errors
21:37:47,465 INFO Experiment.PerfCost-1be2: Processed 8850 samples out of 10000, 0 errors
21:37:57,574 INFO Experiment.PerfCost-1be2: Processed 8860 samples out of 10000, 0 errors
21:38:07,698 INFO Experiment.PerfCost-1be2: Processed 8870 samples out of 10000, 0 errors
21:38:17,834 INFO Experiment.PerfCost-1be2: Processed 8880 samples out of 10000, 0 errors
21:38:28,28 INFO Experiment.PerfCost-1be2: Processed 8890 samples out of 10000, 0 errors
21:38:38,138 INFO Experiment.PerfCost-1be2: Processed 8900 samples out of 10000, 0 errors
21:38:48,277 INFO Experiment.PerfCost-1be2: Processed 8910 samples out of 10000, 0 errors
21:38:58,416 INFO Experiment.PerfCost-1be2: Processed 8920 samples out of 10000, 0 errors
21:39:08,540 INFO Experiment.PerfCost-1be2: Processed 8930 samples out of 10000, 0 errors
21:39:18,671 INFO Experiment.PerfCost-1be2: Processed 8940 samples out of 10000, 0 errors
21:39:28,824 INFO Experiment.PerfCost-1be2: Processed 8950 samples out of 10000, 0 errors
21:39:38,968 INFO Experiment.PerfCost-1be2: Processed 8960 samples out of 10000, 0 errors
21:39:49,117 INFO Experiment.PerfCost-1be2: Processed 8970 samples out of 10000, 0 errors
21:39:59,254 INFO Experiment.PerfCost-1be2: Processed 8980 samples out of 10000, 0 errors
21:40:09,379 INFO Experiment.PerfCost-1be2: Processed 8990 samples out of 10000, 0 errors
21:40:19,534 INFO Experiment.PerfCost-1be2: Processed 9000 samples out of 10000, 0 errors
21:40:29,635 INFO Experiment.PerfCost-1be2: Processed 9010 samples out of 10000, 0 errors
21:40:39,774 INFO Experiment.PerfCost-1be2: Processed 9020 samples out of 10000, 0 errors
21:40:49,894 INFO Experiment.PerfCost-1be2: Processed 9030 samples out of 10000, 0 errors
21:41:00,15 INFO Experiment.PerfCost-1be2: Processed 9040 samples out of 10000, 0 errors
21:41:10,139 INFO Experiment.PerfCost-1be2: Processed 9050 samples out of 10000, 0 errors
21:41:20,281 INFO Experiment.PerfCost-1be2: Processed 9060 samples out of 10000, 0 errors
21:41:30,411 INFO Experiment.PerfCost-1be2: Processed 9070 samples out of 10000, 0 errors
21:41:40,548 INFO Experiment.PerfCost-1be2: Processed 9080 samples out of 10000, 0 errors
21:41:50,665 INFO Experiment.PerfCost-1be2: Processed 9090 samples out of 10000, 0 errors
21:42:00,833 INFO Experiment.PerfCost-1be2: Processed 9100 samples out of 10000, 0 errors
21:42:10,960 INFO Experiment.PerfCost-1be2: Processed 9110 samples out of 10000, 0 errors
21:42:21,119 INFO Experiment.PerfCost-1be2: Processed 9120 samples out of 10000, 0 errors
21:42:31,251 INFO Experiment.PerfCost-1be2: Processed 9130 samples out of 10000, 0 errors
21:42:41,349 INFO Experiment.PerfCost-1be2: Processed 9140 samples out of 10000, 0 errors
21:42:51,480 INFO Experiment.PerfCost-1be2: Processed 9150 samples out of 10000, 0 errors
21:43:01,631 INFO Experiment.PerfCost-1be2: Processed 9160 samples out of 10000, 0 errors
21:43:11,724 INFO Experiment.PerfCost-1be2: Processed 9170 samples out of 10000, 0 errors
21:43:21,855 INFO Experiment.PerfCost-1be2: Processed 9180 samples out of 10000, 0 errors
21:43:32,44 INFO Experiment.PerfCost-1be2: Processed 9190 samples out of 10000, 0 errors
21:43:42,162 INFO Experiment.PerfCost-1be2: Processed 9200 samples out of 10000, 0 errors
21:43:52,268 INFO Experiment.PerfCost-1be2: Processed 9210 samples out of 10000, 0 errors
21:44:02,379 INFO Experiment.PerfCost-1be2: Processed 9220 samples out of 10000, 0 errors
21:44:12,518 INFO Experiment.PerfCost-1be2: Processed 9230 samples out of 10000, 0 errors
21:44:22,683 INFO Experiment.PerfCost-1be2: Processed 9240 samples out of 10000, 0 errors
21:44:32,820 INFO Experiment.PerfCost-1be2: Processed 9250 samples out of 10000, 0 errors
21:44:42,950 INFO Experiment.PerfCost-1be2: Processed 9260 samples out of 10000, 0 errors
21:44:53,75 INFO Experiment.PerfCost-1be2: Processed 9270 samples out of 10000, 0 errors
21:45:03,216 INFO Experiment.PerfCost-1be2: Processed 9280 samples out of 10000, 0 errors
21:45:13,371 INFO Experiment.PerfCost-1be2: Processed 9290 samples out of 10000, 0 errors
21:45:23,511 INFO Experiment.PerfCost-1be2: Processed 9300 samples out of 10000, 0 errors
21:45:33,637 INFO Experiment.PerfCost-1be2: Processed 9310 samples out of 10000, 0 errors
21:45:43,771 INFO Experiment.PerfCost-1be2: Processed 9320 samples out of 10000, 0 errors
21:45:53,878 INFO Experiment.PerfCost-1be2: Processed 9330 samples out of 10000, 0 errors
21:46:04,1 INFO Experiment.PerfCost-1be2: Processed 9340 samples out of 10000, 0 errors
21:46:14,120 INFO Experiment.PerfCost-1be2: Processed 9350 samples out of 10000, 0 errors
21:46:24,235 INFO Experiment.PerfCost-1be2: Processed 9360 samples out of 10000, 0 errors
21:46:34,352 INFO Experiment.PerfCost-1be2: Processed 9370 samples out of 10000, 0 errors
21:46:44,470 INFO Experiment.PerfCost-1be2: Processed 9380 samples out of 10000, 0 errors
21:46:54,613 INFO Experiment.PerfCost-1be2: Processed 9390 samples out of 10000, 0 errors
21:47:04,751 INFO Experiment.PerfCost-1be2: Processed 9400 samples out of 10000, 0 errors
21:47:14,887 INFO Experiment.PerfCost-1be2: Processed 9410 samples out of 10000, 0 errors
21:47:25,4 INFO Experiment.PerfCost-1be2: Processed 9420 samples out of 10000, 0 errors
21:47:35,126 INFO Experiment.PerfCost-1be2: Processed 9430 samples out of 10000, 0 errors
21:47:45,252 INFO Experiment.PerfCost-1be2: Processed 9440 samples out of 10000, 0 errors
21:47:55,399 INFO Experiment.PerfCost-1be2: Processed 9450 samples out of 10000, 0 errors
21:48:05,532 INFO Experiment.PerfCost-1be2: Processed 9460 samples out of 10000, 0 errors
21:48:15,673 INFO Experiment.PerfCost-1be2: Processed 9470 samples out of 10000, 0 errors
21:48:25,822 INFO Experiment.PerfCost-1be2: Processed 9480 samples out of 10000, 0 errors
21:48:35,991 INFO Experiment.PerfCost-1be2: Processed 9490 samples out of 10000, 0 errors
21:48:46,100 INFO Experiment.PerfCost-1be2: Processed 9500 samples out of 10000, 0 errors
21:48:56,227 INFO Experiment.PerfCost-1be2: Processed 9510 samples out of 10000, 0 errors
21:49:06,356 INFO Experiment.PerfCost-1be2: Processed 9520 samples out of 10000, 0 errors
21:49:16,465 INFO Experiment.PerfCost-1be2: Processed 9530 samples out of 10000, 0 errors
21:49:26,603 INFO Experiment.PerfCost-1be2: Processed 9540 samples out of 10000, 0 errors
21:49:36,722 INFO Experiment.PerfCost-1be2: Processed 9550 samples out of 10000, 0 errors
21:49:46,843 INFO Experiment.PerfCost-1be2: Processed 9560 samples out of 10000, 0 errors
21:49:56,944 INFO Experiment.PerfCost-1be2: Processed 9570 samples out of 10000, 0 errors
21:50:07,47 INFO Experiment.PerfCost-1be2: Processed 9580 samples out of 10000, 0 errors
21:50:17,194 INFO Experiment.PerfCost-1be2: Processed 9590 samples out of 10000, 0 errors
21:50:27,331 INFO Experiment.PerfCost-1be2: Processed 9600 samples out of 10000, 0 errors
21:50:37,422 INFO Experiment.PerfCost-1be2: Processed 9610 samples out of 10000, 0 errors
21:50:47,596 INFO Experiment.PerfCost-1be2: Processed 9620 samples out of 10000, 0 errors
21:50:57,701 INFO Experiment.PerfCost-1be2: Processed 9630 samples out of 10000, 0 errors
21:51:07,830 INFO Experiment.PerfCost-1be2: Processed 9640 samples out of 10000, 0 errors
21:51:17,951 INFO Experiment.PerfCost-1be2: Processed 9650 samples out of 10000, 0 errors
21:51:28,71 INFO Experiment.PerfCost-1be2: Processed 9660 samples out of 10000, 0 errors
21:51:38,202 INFO Experiment.PerfCost-1be2: Processed 9670 samples out of 10000, 0 errors
21:51:48,329 INFO Experiment.PerfCost-1be2: Processed 9680 samples out of 10000, 0 errors
21:51:58,443 INFO Experiment.PerfCost-1be2: Processed 9690 samples out of 10000, 0 errors
21:52:08,563 INFO Experiment.PerfCost-1be2: Processed 9700 samples out of 10000, 0 errors
21:52:18,712 INFO Experiment.PerfCost-1be2: Processed 9710 samples out of 10000, 0 errors
21:52:28,851 INFO Experiment.PerfCost-1be2: Processed 9720 samples out of 10000, 0 errors
21:52:38,953 INFO Experiment.PerfCost-1be2: Processed 9730 samples out of 10000, 0 errors
21:52:49,80 INFO Experiment.PerfCost-1be2: Processed 9740 samples out of 10000, 0 errors
21:52:59,224 INFO Experiment.PerfCost-1be2: Processed 9750 samples out of 10000, 0 errors
21:53:09,379 INFO Experiment.PerfCost-1be2: Processed 9760 samples out of 10000, 0 errors
21:53:19,509 INFO Experiment.PerfCost-1be2: Processed 9770 samples out of 10000, 0 errors
21:53:29,632 INFO Experiment.PerfCost-1be2: Processed 9780 samples out of 10000, 0 errors
21:53:39,760 INFO Experiment.PerfCost-1be2: Processed 9790 samples out of 10000, 0 errors
21:53:49,876 INFO Experiment.PerfCost-1be2: Processed 9800 samples out of 10000, 0 errors
21:54:00,15 INFO Experiment.PerfCost-1be2: Processed 9810 samples out of 10000, 0 errors
21:54:10,146 INFO Experiment.PerfCost-1be2: Processed 9820 samples out of 10000, 0 errors
21:54:20,298 INFO Experiment.PerfCost-1be2: Processed 9830 samples out of 10000, 0 errors
21:54:30,436 INFO Experiment.PerfCost-1be2: Processed 9840 samples out of 10000, 0 errors
21:54:40,573 INFO Experiment.PerfCost-1be2: Processed 9850 samples out of 10000, 0 errors
21:54:50,708 INFO Experiment.PerfCost-1be2: Processed 9860 samples out of 10000, 0 errors
21:55:00,815 INFO Experiment.PerfCost-1be2: Processed 9870 samples out of 10000, 0 errors
21:55:10,939 INFO Experiment.PerfCost-1be2: Processed 9880 samples out of 10000, 0 errors
21:55:21,83 INFO Experiment.PerfCost-1be2: Processed 9890 samples out of 10000, 0 errors
21:55:31,227 INFO Experiment.PerfCost-1be2: Processed 9900 samples out of 10000, 0 errors
21:55:41,341 INFO Experiment.PerfCost-1be2: Processed 9910 samples out of 10000, 0 errors
21:55:51,496 INFO Experiment.PerfCost-1be2: Processed 9920 samples out of 10000, 0 errors
21:56:01,648 INFO Experiment.PerfCost-1be2: Processed 9930 samples out of 10000, 0 errors
21:56:11,739 INFO Experiment.PerfCost-1be2: Processed 9940 samples out of 10000, 0 errors
21:56:21,883 INFO Experiment.PerfCost-1be2: Processed 9950 samples out of 10000, 0 errors
21:56:32,22 INFO Experiment.PerfCost-1be2: Processed 9960 samples out of 10000, 0 errors
21:56:42,136 INFO Experiment.PerfCost-1be2: Processed 9970 samples out of 10000, 0 errors
21:56:52,275 INFO Experiment.PerfCost-1be2: Processed 9980 samples out of 10000, 0 errors
21:57:02,394 INFO Experiment.PerfCost-1be2: Processed 9990 samples out of 10000, 0 errors
21:57:12,531 INFO Experiment.PerfCost-1be2: Processed 10000 samples out of 10000, 0 errors
21:57:17,545 INFO Experiment.PerfCost-1be2: Mean 89.7329166 [ms], median 88.9495 [ms], std 22.65309047351916, CV 25.245017471681248
21:57:17,550 INFO Experiment.PerfCost-1be2: Parametric CI (Student's t-distribution) 0.95 from 89.28884823031518 to 90.17698496968481, within 0.49487789599476145% of mean
21:57:17,553 INFO Experiment.PerfCost-1be2: Non-parametric CI 0.95 from 88.26 to 89.406, within 0.6441857458445527% of median
21:57:17,557 INFO Experiment.PerfCost-1be2: Parametric CI (Student's t-distribution) 0.99 from 89.14927106826106 to 90.31656213173893, within 0.650425232850325% of mean
21:57:17,559 INFO Experiment.PerfCost-1be2: Non-parametric CI 0.99 from 88.107 to 89.573, within 0.8240630919791533% of median
